0.96, 2277
0.97, 2276
0.97, 2275
0.97, 2274
0.98, 2273
0.98, 2272
0.98, 2271
0.98, 2270
0.99, 2269
0.99, 2268
0.99, 2267
1.00, 2266
1.00, 2265
1.00, 2264
1.01, 2263
1.01, 2262
1.01, 2261
1.02, 2260
1.02, 2259
1.02, 2258
1.07, 2257
1.09, 2256
1.27, 2255
1.36, 2254
1.44, 2253
1.53, 2252
1.67, 2251
1.72, 2250
1.74, 2249
1.82, 2248
1.90, 2247
1.94, 2246
2.00, 2245
2.02, 2244
2.05, 2243
2.11, 2242
2.41, 2241
2.45, 2240
2.50, 2239
2.55, 2238
2.60, 2237
2.65, 2236
2.74, 2235
2.81, 2234
2.82, 2233
3.09, 2232
3.11, 2231
3.16, 2230
3.19, 2229
3.40, 2228
3.49, 2227
3.59, 2226
3.65, 2225
3.73, 2224
4.04, 2223
5.04, 2222
5.73, 2221
5.83, 2220
5.85, 2219
6.28, 2218
6.45, 2217
6.45, 2216
6.47, 2215
8.00, 2214
8.59, 2213
8.87, 2212
8.94, 2211
8.99, 2210
9.00, 2209
9.18, 2208
20.62, 2207
23.44, 2206
38.93, 2205
39.85, 2204
57.58, 2203
