1.12, 2277
1.12, 2276
1.13, 2275
1.13, 2274
1.13, 2273
1.13, 2272
1.14, 2271
1.14, 2270
1.14, 2269
1.14, 2268
1.14, 2267
1.15, 2266
1.15, 2265
1.15, 2264
1.16, 2263
1.16, 2262
1.16, 2261
1.16, 2260
1.17, 2259
1.17, 2258
1.22, 2257
1.22, 2256
1.45, 2255
1.53, 2254
1.73, 2253
1.89, 2252
2.03, 2251
2.07, 2250
2.10, 2249
2.13, 2248
2.28, 2247
2.35, 2246
2.42, 2245
2.44, 2244
2.47, 2243
2.53, 2242
2.81, 2241
2.91, 2240
2.96, 2239
3.02, 2238
3.05, 2237
3.13, 2236
3.15, 2235
3.23, 2234
3.24, 2233
3.55, 2232
3.57, 2231
3.66, 2230
3.67, 2229
3.71, 2228
3.77, 2227
4.04, 2226
4.14, 2225
4.17, 2224
5.99, 2223
6.04, 2222
6.10, 2221
6.22, 2220
6.80, 2219
6.90, 2218
7.25, 2217
7.34, 2216
7.62, 2215
7.63, 2214
7.65, 2213
9.64, 2212
9.73, 2211
9.82, 2210
9.87, 2209
9.88, 2208
10.03, 2207
10.23, 2206
50.76, 2205
80.05, 2204
111.58, 2203
