1.27, 2277
1.27, 2276
1.27, 2275
1.28, 2274
1.28, 2273
1.28, 2272
1.29, 2271
1.29, 2270
1.29, 2269
1.30, 2268
1.30, 2267
1.30, 2266
1.30, 2265
1.31, 2264
1.31, 2263
1.31, 2262
1.32, 2261
1.32, 2260
1.32, 2259
1.32, 2258
1.38, 2257
1.39, 2256
1.61, 2255
1.70, 2254
1.83, 2253
1.92, 2252
2.11, 2251
2.15, 2250
2.18, 2249
2.22, 2248
2.33, 2247
2.38, 2246
2.43, 2245
2.48, 2244
2.50, 2243
2.56, 2242
2.89, 2241
2.94, 2240
2.98, 2239
3.03, 2238
3.06, 2237
3.20, 2236
3.21, 2235
3.55, 2234
3.65, 2233
3.67, 2232
3.72, 2231
3.78, 2230
4.05, 2229
4.08, 2228
4.11, 2227
4.96, 2226
5.10, 2225
5.43, 2224
5.51, 2223
5.62, 2222
6.22, 2221
6.33, 2220
6.35, 2219
6.71, 2218
6.86, 2217
6.87, 2216
6.88, 2215
8.33, 2214
8.34, 2213
8.90, 2212
9.00, 2211
9.13, 2210
9.18, 2209
9.19, 2208
9.35, 2207
25.34, 2206
26.21, 2205
38.11, 2204
92.25, 2203
