1.33, 2277
1.34, 2276
1.34, 2275
1.34, 2274
1.35, 2273
1.35, 2272
1.35, 2271
1.36, 2270
1.36, 2269
1.36, 2268
1.36, 2267
1.37, 2266
1.37, 2265
1.37, 2264
1.37, 2263
1.38, 2262
1.38, 2261
1.38, 2260
1.38, 2259
1.39, 2258
1.43, 2257
1.43, 2256
1.68, 2255
1.88, 2254
1.96, 2253
2.07, 2252
2.35, 2251
2.40, 2250
2.44, 2249
2.47, 2248
2.50, 2247
2.54, 2246
2.58, 2245
2.63, 2244
2.70, 2243
2.70, 2242
2.77, 2241
3.21, 2240
3.26, 2239
3.29, 2238
3.37, 2237
3.40, 2236
3.52, 2235
3.57, 2234
3.66, 2233
4.03, 2232
4.07, 2231
4.09, 2230
4.12, 2229
4.16, 2228
4.52, 2227
4.57, 2226
5.82, 2225
5.90, 2224
5.99, 2223
6.78, 2222
7.08, 2221
7.14, 2220
7.30, 2219
7.56, 2218
7.56, 2217
7.57, 2216
7.65, 2215
10.46, 2214
10.58, 2213
10.66, 2212
10.67, 2211
10.85, 2210
11.13, 2209
21.76, 2208
23.52, 2207
33.43, 2206
33.55, 2205
41.90, 2204
115.67, 2203
