1.44, 2277
1.45, 2276
1.45, 2275
1.46, 2274
1.46, 2273
1.46, 2272
1.47, 2271
1.47, 2270
1.47, 2269
1.48, 2268
1.48, 2267
1.48, 2266
1.48, 2265
1.49, 2264
1.49, 2263
1.49, 2262
1.49, 2261
1.50, 2260
1.50, 2259
1.50, 2258
1.55, 2257
1.57, 2256
1.79, 2255
1.91, 2254
2.02, 2253
2.14, 2252
2.35, 2251
2.44, 2250
2.47, 2249
2.53, 2248
2.68, 2247
2.73, 2246
2.80, 2245
2.87, 2244
2.88, 2243
2.93, 2242
3.30, 2241
3.33, 2240
3.39, 2239
3.44, 2238
3.47, 2237
3.58, 2236
3.61, 2235
3.85, 2234
4.16, 2233
4.17, 2232
4.22, 2231
4.27, 2230
4.62, 2229
4.65, 2228
5.64, 2227
6.26, 2226
6.33, 2225
6.52, 2224
7.37, 2223
7.52, 2222
7.54, 2221
8.03, 2220
10.38, 2219
10.39, 2218
10.40, 2217
10.63, 2216
10.80, 2215
10.98, 2214
11.04, 2213
11.05, 2212
11.29, 2211
13.61, 2210
17.09, 2209
22.49, 2208
22.81, 2207
23.06, 2206
26.20, 2205
47.01, 2204
100.30, 2203
