1.27, 2277
1.27, 2276
1.28, 2275
1.28, 2274
1.28, 2273
1.28, 2272
1.29, 2271
1.29, 2270
1.29, 2269
1.30, 2268
1.30, 2267
1.31, 2266
1.31, 2265
1.31, 2264
1.31, 2263
1.32, 2262
1.32, 2261
1.32, 2260
1.33, 2259
1.33, 2258
1.38, 2257
1.40, 2256
1.64, 2255
1.72, 2254
1.83, 2253
1.94, 2252
2.07, 2251
2.16, 2250
2.23, 2249
2.28, 2248
2.38, 2247
2.42, 2246
2.47, 2245
2.54, 2244
2.56, 2243
2.66, 2242
2.98, 2241
3.04, 2240
3.10, 2239
3.17, 2238
3.20, 2237
3.29, 2236
3.32, 2235
3.47, 2234
3.54, 2233
3.82, 2232
3.85, 2231
3.87, 2230
3.91, 2229
3.98, 2228
4.17, 2227
4.23, 2226
5.83, 2225
5.85, 2224
5.88, 2223
6.03, 2222
6.86, 2221
6.97, 2220
7.15, 2219
7.48, 2218
9.81, 2217
9.83, 2216
9.88, 2215
9.97, 2214
10.22, 2213
10.37, 2212
10.44, 2211
10.44, 2210
10.66, 2209
13.42, 2208
21.21, 2207
29.93, 2206
43.37, 2205
48.56, 2204
90.95, 2203
