6.24, 4697
6.29, 4696
6.31, 4695
6.34, 4694
6.36, 4693
6.38, 4692
6.40, 4691
6.43, 4690
6.45, 4689
6.47, 4688
6.50, 4687
6.52, 4686
6.55, 4685
6.57, 4684
6.60, 4683
6.62, 4682
6.64, 4681
6.66, 4680
6.68, 4679
6.70, 4678
6.72, 4677
6.75, 4676
6.77, 4675
6.79, 4674
6.81, 4673
6.84, 4672
6.86, 4671
6.88, 4670
6.91, 4669
6.93, 4668
6.95, 4667
6.97, 4666
6.99, 4665
7.02, 4664
7.04, 4663
7.06, 4662
7.08, 4661
7.11, 4660
7.13, 4659
7.16, 4658
7.18, 4657
7.21, 4656
7.23, 4655
7.26, 4654
7.28, 4653
7.44, 4652
7.57, 4651
7.95, 4650
8.12, 4649
8.61, 4648
8.81, 4647
9.14, 4646
9.32, 4645
9.55, 4644
9.96, 4643
10.32, 4642
10.71, 4641
10.92, 4640
10.94, 4639
10.96, 4638
11.03, 4637
11.76, 4636
11.84, 4635
11.91, 4634
12.05, 4633
12.69, 4632
13.24, 4631
13.97, 4630
14.04, 4629
15.03, 4628
15.56, 4627
15.94, 4626
16.02, 4625
16.93, 4624
17.08, 4623
17.56, 4622
18.24, 4621
18.38, 4620
18.47, 4619
18.50, 4618
19.18, 4617
19.56, 4616
19.84, 4615
19.93, 4614
20.16, 4613
20.74, 4612
21.60, 4611
21.91, 4610
22.07, 4609
22.33, 4608
22.59, 4607
22.68, 4606
23.03, 4605
23.83, 4604
24.03, 4603
24.89, 4602
24.97, 4601
25.95, 4600
26.32, 4599
26.60, 4598
27.30, 4597
27.37, 4596
27.48, 4595
28.01, 4594
28.52, 4593
31.40, 4592
31.69, 4591
31.81, 4590
31.93, 4589
33.54, 4588
33.66, 4587
35.38, 4586
36.09, 4585
36.90, 4584
37.00, 4583
37.22, 4582
37.58, 4581
37.77, 4580
38.21, 4579
38.70, 4578
39.80, 4577
40.51, 4576
40.97, 4575
41.31, 4574
42.87, 4573
43.21, 4572
44.16, 4571
45.14, 4570
47.16, 4569
48.16, 4568
48.24, 4567
48.50, 4566
58.53, 4565
67.80, 4564
71.28, 4563
71.38, 4562
102.40, 4561
107.12, 4560
107.88, 4559
115.74, 4558
117.77, 4557
124.13, 4556
124.81, 4555
131.76, 4554
132.19, 4553
137.36, 4552
139.95, 4551
149.32, 4550
149.67, 4549
154.19, 4548
195.34, 4547
210.68, 4546
221.04, 4545
300.05, 4544
379.82, 4543
