5.53, 7374
5.57, 7373
5.59, 7372
5.61, 7371
5.64, 7370
5.65, 7369
5.67, 7368
5.68, 7367
5.69, 7366
5.71, 7365
5.74, 7364
5.76, 7363
5.77, 7362
5.79, 7361
5.81, 7360
5.84, 7359
5.86, 7358
5.88, 7357
5.91, 7356
5.93, 7355
5.94, 7354
5.96, 7353
5.98, 7352
6.01, 7351
6.03, 7350
6.05, 7349
6.08, 7348
6.10, 7347
6.12, 7346
9.19, 7345
13.65, 7344
14.24, 7343
14.31, 7342
15.82, 7341
24.40, 7340
26.41, 7339
28.48, 7338
28.52, 7337
28.63, 7336
28.67, 7335
28.80, 7334
28.84, 7333
28.93, 7332
28.99, 7331
29.01, 7330
29.20, 7329
29.25, 7328
29.36, 7327
29.42, 7326
29.55, 7325
29.62, 7324
29.94, 7323
30.00, 7322
30.10, 7321
30.17, 7320
30.33, 7319
30.37, 7318
30.48, 7317
30.55, 7316
30.58, 7315
30.70, 7314
30.84, 7313
30.90, 7312
31.04, 7311
31.08, 7310
31.19, 7309
31.26, 7308
31.27, 7307
31.29, 7306
31.31, 7305
31.48, 7304
31.52, 7303
31.63, 7302
31.70, 7301
31.72, 7300
31.87, 7299
31.92, 7298
32.09, 7297
32.19, 7296
32.23, 7295
32.33, 7294
32.37, 7293
32.39, 7292
32.40, 7291
32.63, 7290
32.79, 7289
32.85, 7288
32.95, 7287
33.07, 7286
33.14, 7285
33.21, 7284
33.23, 7283
33.35, 7282
33.39, 7281
33.49, 7280
33.56, 7279
33.71, 7278
33.76, 7277
33.85, 7276
33.89, 7275
33.91, 7274
33.92, 7273
33.93, 7272
33.95, 7271
34.09, 7270
34.13, 7269
34.26, 7268
34.30, 7267
34.40, 7266
34.46, 7265
34.56, 7264
34.61, 7263
34.63, 7262
34.74, 7261
34.78, 7260
34.89, 7259
34.93, 7258
35.03, 7257
35.10, 7256
35.25, 7255
35.29, 7254
35.30, 7253
35.32, 7252
35.55, 7251
35.60, 7250
35.75, 7249
35.80, 7248
35.90, 7247
35.97, 7246
36.07, 7245
36.11, 7244
36.12, 7243
36.22, 7242
36.27, 7241
36.38, 7240
36.45, 7239
36.55, 7238
36.59, 7237
36.70, 7236
36.74, 7235
36.76, 7234
36.77, 7233
36.79, 7232
37.02, 7231
37.08, 7230
37.17, 7229
37.23, 7228
37.35, 7227
37.39, 7226
37.50, 7225
37.55, 7224
37.57, 7223
37.80, 7222
37.87, 7221
37.91, 7220
38.01, 7219
38.08, 7218
38.21, 7217
38.23, 7216
38.25, 7215
38.34, 7214
38.45, 7213
38.51, 7212
38.61, 7211
38.65, 7210
38.75, 7209
38.79, 7208
38.89, 7207
38.93, 7206
38.94, 7205
39.04, 7204
39.11, 7203
39.25, 7202
39.32, 7201
39.43, 7200
39.47, 7199
39.57, 7198
39.61, 7197
39.62, 7196
39.63, 7195
39.65, 7194
39.67, 7193
39.85, 7192
39.93, 7191
40.26, 7190
40.39, 7189
40.43, 7188
40.53, 7187
40.60, 7186
40.63, 7185
40.76, 7184
40.80, 7183
40.90, 7182
40.97, 7181
41.07, 7180
41.11, 7179
41.31, 7178
41.32, 7177
41.34, 7176
41.39, 7175
41.51, 7174
41.65, 7173
41.69, 7172
41.78, 7171
41.81, 7170
41.85, 7169
41.94, 7168
42.01, 7167
42.03, 7166
42.16, 7165
42.20, 7164
42.36, 7163
42.41, 7162
42.56, 7161
42.67, 7160
42.73, 7159
42.76, 7158
42.77, 7157
42.95, 7156
43.00, 7155
43.14, 7154
43.19, 7153
43.21, 7152
43.32, 7151
43.36, 7150
43.46, 7149
43.50, 7148
43.60, 7147
43.66, 7146
43.78, 7145
43.83, 7144
43.84, 7143
43.87, 7142
44.02, 7141
44.10, 7140
44.23, 7139
44.27, 7138
44.36, 7137
44.41, 7136
44.51, 7135
44.55, 7134
44.57, 7133
44.67, 7132
44.71, 7131
44.82, 7130
44.86, 7129
44.96, 7128
45.00, 7127
45.10, 7126
45.15, 7125
45.16, 7124
45.18, 7123
45.19, 7122
45.21, 7121
45.41, 7120
45.45, 7119
45.57, 7118
45.62, 7117
45.74, 7116
45.79, 7115
45.94, 7114
46.00, 7113
46.01, 7112
46.14, 7111
46.18, 7110
46.31, 7109
46.43, 7108
46.47, 7107
46.57, 7106
46.61, 7105
46.63, 7104
46.65, 7103
46.84, 7102
46.88, 7101
46.98, 7100
47.04, 7099
47.18, 7098
47.22, 7097
47.33, 7096
47.37, 7095
47.39, 7094
47.52, 7093
47.56, 7092
47.69, 7091
47.73, 7090
47.83, 7089
47.90, 7088
48.04, 7087
48.09, 7086
48.10, 7085
48.11, 7084
48.13, 7083
48.29, 7082
48.36, 7081
48.53, 7080
48.57, 7079
48.74, 7078
48.81, 7077
48.85, 7076
48.87, 7075
48.97, 7074
49.01, 7073
49.11, 7072
49.15, 7071
49.26, 7070
49.30, 7069
49.43, 7068
49.47, 7067
49.48, 7066
49.50, 7065
49.65, 7064
49.69, 7063
49.82, 7062
49.89, 7061
50.05, 7060
50.10, 7059
50.20, 7058
50.26, 7057
50.27, 7056
50.37, 7055
50.41, 7054
50.51, 7053
50.55, 7052
50.65, 7051
50.72, 7050
50.85, 7049
50.89, 7048
50.91, 7047
50.93, 7046
50.96, 7045
50.98, 7044
51.00, 7043
51.02, 7042
51.03, 7041
51.05, 7040
51.06, 7039
51.09, 7038
51.11, 7037
51.14, 7036
51.16, 7035
51.18, 7034
51.20, 7033
56.96, 7032
57.00, 7031
57.14, 7030
57.27, 7029
57.36, 7028
57.58, 7027
58.06, 7026
58.15, 7025
58.26, 7024
58.39, 7023
58.40, 7022
58.52, 7021
58.60, 7020
58.80, 7019
59.35, 7018
59.48, 7017
59.91, 7016
60.02, 7015
60.04, 7014
60.12, 7013
60.28, 7012
60.74, 7011
61.23, 7010
61.53, 7009
62.03, 7008
63.03, 7007
63.40, 7006
63.45, 7005
63.81, 7004
63.87, 7003
66.44, 7002
68.02, 7001
69.17, 7000
69.79, 6999
70.33, 6998
71.73, 6997
71.95, 6996
71.97, 6995
72.02, 6994
72.04, 6993
72.16, 6992
72.19, 6991
72.34, 6990
72.44, 6989
72.47, 6988
72.75, 6987
72.78, 6986
72.99, 6985
73.17, 6984
73.19, 6983
73.29, 6982
73.82, 6981
74.37, 6980
74.40, 6979
74.43, 6978
75.61, 6977
76.75, 6976
76.77, 6975
76.90, 6974
77.51, 6973
77.95, 6972
78.01, 6971
78.18, 6970
78.68, 6969
78.83, 6968
79.08, 6967
79.86, 6966
79.91, 6965
80.59, 6964
80.90, 6963
80.98, 6962
82.86, 6961
82.96, 6960
84.23, 6959
84.69, 6958
85.68, 6957
93.91, 6956
93.98, 6955
94.59, 6954
94.66, 6953
96.75, 6952
97.94, 6951
98.85, 6950
99.07, 6949
99.71, 6948
100.26, 6947
100.27, 6946
100.31, 6945
100.51, 6944
100.69, 6943
104.02, 6942
120.62, 6941
120.67, 6940
120.68, 6939
125.24, 6938
126.73, 6937
126.81, 6936
126.87, 6935
131.22, 6934
131.53, 6933
131.55, 6932
134.95, 6931
135.24, 6930
138.35, 6929
140.87, 6928
142.68, 6927
203.11, 6926
204.82, 6925
234.63, 6924
234.78, 6923
236.47, 6922
239.39, 6921
277.26, 6920
290.84, 6919
339.29, 6918
360.11, 6917
360.46, 6916
360.48, 6915
419.76, 6914
453.85, 6913
454.07, 6912
515.82, 6911
