6.24, 4697
6.29, 4696
6.31, 4695
6.33, 4694
6.36, 4693
6.38, 4692
6.41, 4691
6.79, 4690
6.82, 4689
6.85, 4688
6.88, 4687
6.90, 4686
6.94, 4685
6.97, 4684
7.00, 4683
7.03, 4682
7.06, 4681
7.10, 4680
7.12, 4679
7.15, 4678
7.17, 4677
7.20, 4676
7.23, 4675
7.27, 4674
7.30, 4673
7.33, 4672
7.36, 4671
7.40, 4670
7.43, 4669
7.46, 4668
7.50, 4667
7.53, 4666
7.58, 4665
7.62, 4664
7.66, 4663
7.69, 4662
7.71, 4661
7.74, 4660
7.77, 4659
7.80, 4658
7.83, 4657
7.86, 4656
7.88, 4655
7.91, 4654
7.94, 4653
8.07, 4652
8.24, 4651
8.80, 4650
9.00, 4649
9.50, 4648
9.77, 4647
10.00, 4646
10.25, 4645
10.49, 4644
10.97, 4643
11.48, 4642
11.99, 4641
12.22, 4640
12.25, 4639
12.36, 4638
12.38, 4637
13.49, 4636
13.53, 4635
13.64, 4634
13.81, 4633
14.66, 4632
15.38, 4631
16.39, 4630
16.41, 4629
17.53, 4628
18.39, 4627
18.51, 4626
19.43, 4625
19.62, 4624
20.16, 4623
20.96, 4622
21.20, 4621
21.27, 4620
21.40, 4619
21.89, 4618
22.36, 4617
22.60, 4616
22.68, 4615
23.04, 4614
23.70, 4613
24.74, 4612
24.90, 4611
25.26, 4610
25.44, 4609
25.70, 4608
25.95, 4607
26.05, 4606
26.63, 4605
27.49, 4604
28.73, 4603
28.89, 4602
29.99, 4601
30.52, 4600
30.60, 4599
31.30, 4598
31.33, 4597
31.63, 4596
32.35, 4595
32.57, 4594
33.29, 4593
35.98, 4592
36.32, 4591
36.51, 4590
36.66, 4589
36.80, 4588
36.96, 4587
38.80, 4586
41.27, 4585
42.30, 4584
42.40, 4583
42.91, 4582
43.22, 4581
44.44, 4580
45.25, 4579
45.92, 4578
46.55, 4577
47.20, 4576
49.37, 4575
50.69, 4574
51.13, 4573
54.19, 4572
57.74, 4571
65.44, 4570
75.43, 4569
76.63, 4568
83.66, 4567
131.37, 4566
140.28, 4565
141.68, 4564
144.81, 4563
144.91, 4562
154.98, 4561
159.21, 4560
160.32, 4559
166.08, 4558
169.51, 4557
184.20, 4556
269.87, 4555
272.28, 4554
272.66, 4553
297.09, 4552
299.55, 4551
300.58, 4550
324.93, 4549
399.06, 4548
431.84, 4547
449.07, 4546
512.35, 4545
527.42, 4544
530.84, 4543
532.26, 4542
