5.55, 4697
5.60, 4696
5.63, 4695
5.68, 4694
5.70, 4693
5.72, 4692
5.74, 4691
5.77, 4690
5.79, 4689
5.81, 4688
5.84, 4687
5.86, 4686
5.88, 4685
5.90, 4684
5.94, 4683
5.96, 4682
5.99, 4681
6.01, 4680
6.03, 4679
6.05, 4678
6.08, 4677
6.10, 4676
6.12, 4675
6.15, 4674
6.17, 4673
6.19, 4672
6.21, 4671
6.23, 4670
6.26, 4669
6.28, 4668
6.31, 4667
6.33, 4666
6.35, 4665
6.38, 4664
6.40, 4663
6.42, 4662
6.45, 4661
6.47, 4660
6.49, 4659
6.51, 4658
6.54, 4657
6.56, 4656
6.59, 4655
6.61, 4654
6.63, 4653
6.77, 4652
6.88, 4651
7.27, 4650
7.43, 4649
7.88, 4648
8.09, 4647
8.27, 4646
8.50, 4645
8.83, 4644
9.25, 4643
9.59, 4642
10.00, 4641
10.18, 4640
10.20, 4639
10.22, 4638
10.30, 4637
11.14, 4636
11.16, 4635
11.25, 4634
11.41, 4633
12.08, 4632
12.51, 4631
13.26, 4630
13.38, 4629
14.18, 4628
14.73, 4627
14.95, 4626
15.04, 4625
15.71, 4624
15.88, 4623
16.36, 4622
16.88, 4621
17.04, 4620
17.11, 4619
17.18, 4618
17.62, 4617
17.96, 4616
18.16, 4615
18.23, 4614
18.56, 4613
19.10, 4612
19.92, 4611
20.26, 4610
20.38, 4609
20.64, 4608
20.98, 4607
21.00, 4606
21.43, 4605
22.04, 4604
22.55, 4603
23.45, 4602
23.47, 4601
24.67, 4600
24.81, 4599
25.38, 4598
25.54, 4597
25.56, 4596
26.05, 4595
26.24, 4594
26.96, 4593
28.58, 4592
28.96, 4591
29.13, 4590
29.20, 4589
30.69, 4588
32.29, 4587
32.85, 4586
33.46, 4585
33.52, 4584
33.77, 4583
34.40, 4582
34.86, 4581
35.29, 4580
36.41, 4579
37.82, 4578
39.51, 4577
40.28, 4576
41.34, 4575
41.77, 4574
42.20, 4573
42.46, 4572
42.69, 4571
43.80, 4570
44.29, 4569
44.73, 4568
44.95, 4567
48.00, 4566
51.42, 4565
53.19, 4564
86.82, 4563
91.82, 4562
93.71, 4561
93.94, 4560
99.60, 4559
101.85, 4558
108.93, 4557
109.73, 4556
113.00, 4555
115.07, 4554
118.38, 4553
119.11, 4552
124.09, 4551
127.03, 4550
137.17, 4549
139.05, 4548
179.92, 4547
182.09, 4546
182.17, 4545
269.56, 4544
270.59, 4543
325.31, 4542
