6.30, 7374
6.33, 7373
6.34, 7372
6.35, 7371
6.37, 7370
6.38, 7369
6.39, 7368
6.41, 7367
6.42, 7366
6.44, 7365
6.46, 7364
6.47, 7363
6.49, 7362
6.50, 7361
6.52, 7360
6.53, 7359
6.54, 7358
6.56, 7357
6.58, 7356
6.60, 7355
6.61, 7354
6.63, 7353
6.64, 7352
6.66, 7351
6.68, 7350
6.69, 7349
6.71, 7348
6.73, 7347
6.74, 7346
10.23, 7345
14.64, 7344
15.26, 7343
15.30, 7342
17.06, 7341
25.32, 7340
27.11, 7339
29.16, 7338
29.20, 7337
29.31, 7336
29.36, 7335
29.46, 7334
29.50, 7333
29.61, 7332
29.65, 7331
29.67, 7330
29.87, 7329
29.91, 7328
30.01, 7327
30.05, 7326
30.21, 7325
30.23, 7324
30.58, 7323
30.62, 7322
30.72, 7321
30.77, 7320
30.87, 7319
30.91, 7318
31.01, 7317
31.06, 7316
31.07, 7315
31.17, 7314
31.31, 7313
31.35, 7312
31.46, 7311
31.50, 7310
31.60, 7309
31.66, 7308
31.67, 7307
31.68, 7306
31.70, 7305
31.84, 7304
31.88, 7303
31.98, 7302
32.02, 7301
32.03, 7300
32.13, 7299
32.17, 7298
32.30, 7297
32.43, 7296
32.47, 7295
32.57, 7294
32.61, 7293
32.63, 7292
32.64, 7291
32.89, 7290
32.96, 7289
33.01, 7288
33.11, 7287
33.19, 7286
33.27, 7285
33.32, 7284
33.33, 7283
33.43, 7282
33.48, 7281
33.60, 7280
33.65, 7279
33.74, 7278
33.78, 7277
33.88, 7276
33.92, 7275
33.93, 7274
33.94, 7273
33.96, 7272
33.97, 7271
34.13, 7270
34.18, 7269
34.27, 7268
34.31, 7267
34.42, 7266
34.46, 7265
34.56, 7264
34.60, 7263
34.62, 7262
34.72, 7261
34.76, 7260
34.86, 7259
34.90, 7258
35.01, 7257
35.05, 7256
35.16, 7255
35.21, 7254
35.22, 7253
35.24, 7252
35.41, 7251
35.45, 7250
35.55, 7249
35.59, 7248
35.70, 7247
35.74, 7246
35.84, 7245
35.89, 7244
35.90, 7243
36.01, 7242
36.05, 7241
36.15, 7240
36.20, 7239
36.30, 7238
36.34, 7237
36.44, 7236
36.48, 7235
36.49, 7234
36.51, 7233
36.52, 7232
36.66, 7231
36.70, 7230
36.80, 7229
36.84, 7228
36.94, 7227
36.98, 7226
37.08, 7225
37.12, 7224
37.14, 7223
37.32, 7222
37.40, 7221
37.44, 7220
37.54, 7219
37.58, 7218
37.77, 7217
37.79, 7216
37.80, 7215
37.86, 7214
37.98, 7213
38.02, 7212
38.13, 7211
38.17, 7210
38.27, 7209
38.31, 7208
38.42, 7207
38.46, 7206
38.48, 7205
38.58, 7204
38.62, 7203
38.73, 7202
38.77, 7201
38.87, 7200
38.90, 7199
39.00, 7198
39.05, 7197
39.07, 7196
39.08, 7195
39.10, 7194
39.11, 7193
39.25, 7192
39.29, 7191
39.42, 7190
39.67, 7189
39.72, 7188
39.85, 7187
39.89, 7186
39.91, 7185
40.01, 7184
40.05, 7183
40.16, 7182
40.20, 7181
40.30, 7180
40.35, 7179
40.45, 7178
40.49, 7177
40.51, 7176
40.52, 7175
40.66, 7174
40.80, 7173
40.84, 7172
40.91, 7171
40.95, 7170
41.00, 7169
41.12, 7168
41.19, 7167
41.21, 7166
41.31, 7165
41.35, 7164
41.46, 7163
41.50, 7162
41.59, 7161
41.71, 7160
41.76, 7159
41.78, 7158
41.80, 7157
42.05, 7156
42.09, 7155
42.24, 7154
42.28, 7153
42.30, 7152
42.40, 7151
42.44, 7150
42.54, 7149
42.58, 7148
42.68, 7147
42.72, 7146
42.82, 7145
42.86, 7144
42.87, 7143
42.88, 7142
43.02, 7141
43.06, 7140
43.19, 7139
43.23, 7138
43.34, 7137
43.38, 7136
43.49, 7135
43.53, 7134
43.54, 7133
43.64, 7132
43.68, 7131
43.78, 7130
43.83, 7129
43.92, 7128
43.97, 7127
44.07, 7126
44.11, 7125
44.14, 7124
44.16, 7123
44.17, 7122
44.18, 7121
44.32, 7120
44.37, 7119
44.47, 7118
44.51, 7117
44.60, 7116
44.67, 7115
44.77, 7114
44.81, 7113
44.82, 7112
44.92, 7111
44.98, 7110
45.12, 7109
45.27, 7108
45.31, 7107
45.41, 7106
45.45, 7105
45.46, 7104
45.47, 7103
45.61, 7102
45.68, 7101
45.77, 7100
45.82, 7099
45.91, 7098
45.95, 7097
46.05, 7096
46.10, 7095
46.12, 7094
46.22, 7093
46.27, 7092
46.38, 7091
46.42, 7090
46.52, 7089
46.58, 7088
46.70, 7087
46.75, 7086
46.77, 7085
46.79, 7084
46.81, 7083
47.00, 7082
47.06, 7081
47.20, 7080
47.24, 7079
47.36, 7078
47.49, 7077
47.53, 7076
47.54, 7075
47.64, 7074
47.68, 7073
47.79, 7072
47.83, 7071
47.93, 7070
47.97, 7069
48.06, 7068
48.11, 7067
48.12, 7066
48.13, 7065
48.27, 7064
48.31, 7063
48.42, 7062
48.47, 7061
48.58, 7060
48.62, 7059
48.72, 7058
48.76, 7057
48.78, 7056
48.88, 7055
48.92, 7054
49.02, 7053
49.06, 7052
49.16, 7051
49.20, 7050
49.29, 7049
49.34, 7048
49.35, 7047
49.37, 7046
49.39, 7045
49.40, 7044
49.42, 7043
49.43, 7042
49.45, 7041
49.46, 7040
49.48, 7039
49.50, 7038
49.51, 7037
49.53, 7036
49.54, 7035
49.56, 7034
49.58, 7033
52.91, 7032
54.84, 7031
54.88, 7030
55.14, 7029
55.19, 7028
55.46, 7027
55.67, 7026
56.16, 7025
56.31, 7024
56.34, 7023
56.41, 7022
56.42, 7021
56.47, 7020
57.12, 7019
57.77, 7018
57.96, 7017
58.13, 7016
58.72, 7015
60.18, 7014
60.60, 7013
60.63, 7012
60.80, 7011
60.92, 7010
63.04, 7009
64.66, 7008
65.35, 7007
66.00, 7006
67.82, 7005
68.12, 7004
68.86, 7003
69.00, 7002
69.06, 7001
69.11, 7000
69.13, 6999
69.26, 6998
69.32, 6997
69.42, 6996
69.44, 6995
69.72, 6994
69.74, 6993
69.91, 6992
70.03, 6991
70.05, 6990
70.36, 6989
70.94, 6988
71.28, 6987
71.46, 6986
71.47, 6985
71.74, 6984
72.38, 6983
73.36, 6982
73.44, 6981
73.88, 6980
73.89, 6979
74.00, 6978
74.66, 6977
74.79, 6976
74.98, 6975
75.30, 6974
75.96, 6973
76.20, 6972
77.42, 6971
78.19, 6970
78.36, 6969
80.26, 6968
80.35, 6967
80.71, 6966
80.88, 6965
81.83, 6964
82.57, 6963
82.99, 6962
85.85, 6961
86.44, 6960
86.49, 6959
87.00, 6958
87.18, 6957
88.08, 6956
90.65, 6955
92.53, 6954
94.05, 6953
97.40, 6952
101.24, 6951
101.25, 6950
114.44, 6949
114.76, 6948
114.96, 6947
115.31, 6946
115.36, 6945
116.61, 6944
121.72, 6943
121.98, 6942
122.54, 6941
124.21, 6940
128.30, 6939
129.91, 6938
135.24, 6937
135.79, 6936
149.62, 6935
152.27, 6934
152.37, 6933
152.38, 6932
152.77, 6931
191.33, 6930
191.98, 6929
192.08, 6928
196.69, 6927
207.02, 6926
207.84, 6925
210.28, 6924
229.68, 6923
244.80, 6922
319.25, 6921
320.00, 6920
320.85, 6919
324.51, 6918
334.32, 6917
337.99, 6916
359.64, 6915
362.54, 6914
368.30, 6913
403.22, 6912
403.34, 6911
412.86, 6910
