6.30, 7374
6.32, 7373
6.34, 7372
6.35, 7371
6.36, 7370
6.38, 7369
6.39, 7368
6.41, 7367
6.42, 7366
6.44, 7365
6.45, 7364
6.47, 7363
6.48, 7362
6.50, 7361
6.51, 7360
6.53, 7359
6.55, 7358
6.56, 7357
6.58, 7356
6.59, 7355
6.60, 7354
6.62, 7353
6.64, 7352
6.65, 7351
6.67, 7350
6.68, 7349
6.70, 7348
6.71, 7347
6.73, 7346
10.06, 7345
15.35, 7344
15.93, 7343
15.97, 7342
17.54, 7341
26.29, 7340
28.54, 7339
30.70, 7338
30.74, 7337
30.88, 7336
30.95, 7335
31.13, 7334
31.17, 7333
31.28, 7332
31.34, 7331
31.35, 7330
31.56, 7329
31.60, 7328
31.72, 7327
31.80, 7326
31.94, 7325
31.99, 7324
32.39, 7323
32.45, 7322
32.59, 7321
32.63, 7320
32.73, 7319
32.78, 7318
32.96, 7317
33.03, 7316
33.05, 7315
33.15, 7314
33.38, 7313
33.45, 7312
33.63, 7311
33.71, 7310
33.83, 7309
33.88, 7308
33.89, 7307
33.90, 7306
33.91, 7305
34.05, 7304
34.10, 7303
34.20, 7302
34.26, 7301
34.27, 7300
34.42, 7299
34.50, 7298
34.72, 7297
34.86, 7296
34.90, 7295
35.06, 7294
35.11, 7293
35.12, 7292
35.13, 7291
35.32, 7290
35.45, 7289
35.50, 7288
35.59, 7287
35.66, 7286
35.79, 7285
35.86, 7284
35.87, 7283
35.97, 7282
36.01, 7281
36.12, 7280
36.17, 7279
36.33, 7278
36.40, 7277
36.50, 7276
36.55, 7275
36.56, 7274
36.57, 7273
36.59, 7272
36.60, 7271
36.83, 7270
37.02, 7269
37.12, 7268
37.17, 7267
37.29, 7266
37.33, 7265
37.43, 7264
37.48, 7263
37.49, 7262
37.59, 7261
37.64, 7260
37.74, 7259
37.79, 7258
37.89, 7257
37.94, 7256
38.04, 7255
38.09, 7254
38.10, 7253
38.11, 7252
38.26, 7251
38.30, 7250
38.40, 7249
38.44, 7248
38.58, 7247
38.63, 7246
38.73, 7245
38.77, 7244
38.78, 7243
38.89, 7242
38.93, 7241
39.03, 7240
39.07, 7239
39.19, 7238
39.23, 7237
39.34, 7236
39.39, 7235
39.41, 7234
39.42, 7233
39.44, 7232
39.59, 7231
39.64, 7230
39.74, 7229
39.79, 7228
39.90, 7227
39.94, 7226
40.05, 7225
40.09, 7224
40.10, 7223
40.27, 7222
40.37, 7221
40.42, 7220
40.52, 7219
40.56, 7218
40.71, 7217
40.73, 7216
40.74, 7215
40.76, 7214
40.91, 7213
40.95, 7212
41.06, 7211
41.10, 7210
41.21, 7209
41.25, 7208
41.36, 7207
41.40, 7206
41.42, 7205
41.53, 7204
41.58, 7203
41.68, 7202
41.72, 7201
41.82, 7200
41.86, 7199
41.96, 7198
42.00, 7197
42.01, 7196
42.03, 7195
42.04, 7194
42.05, 7193
42.19, 7192
42.24, 7191
42.42, 7190
42.63, 7189
42.71, 7188
42.83, 7187
42.87, 7186
42.88, 7185
42.99, 7184
43.03, 7183
43.14, 7182
43.19, 7181
43.29, 7180
43.34, 7179
43.45, 7178
43.49, 7177
43.50, 7176
43.52, 7175
43.68, 7174
43.92, 7173
43.96, 7172
44.04, 7171
44.08, 7170
44.13, 7169
44.25, 7168
44.31, 7167
44.32, 7166
44.42, 7165
44.46, 7164
44.57, 7163
44.61, 7162
44.78, 7161
44.89, 7160
44.93, 7159
44.96, 7158
44.97, 7157
45.20, 7156
45.24, 7155
45.34, 7154
45.38, 7153
45.39, 7152
45.50, 7151
45.54, 7150
45.64, 7149
45.68, 7148
45.83, 7147
45.90, 7146
46.00, 7145
46.05, 7144
46.06, 7143
46.08, 7142
46.23, 7141
46.27, 7140
46.38, 7139
46.43, 7138
46.53, 7137
46.58, 7136
46.69, 7135
46.73, 7134
46.75, 7133
46.85, 7132
46.89, 7131
47.04, 7130
47.08, 7129
47.18, 7128
47.23, 7127
47.33, 7126
47.37, 7125
47.38, 7124
47.40, 7123
47.41, 7122
47.43, 7121
47.57, 7120
47.61, 7119
47.73, 7118
47.77, 7117
47.88, 7116
47.92, 7115
48.06, 7114
48.11, 7113
48.13, 7112
48.22, 7111
48.27, 7110
48.45, 7109
48.59, 7108
48.66, 7107
48.76, 7106
48.81, 7105
48.82, 7104
48.84, 7103
48.98, 7102
49.02, 7101
49.18, 7100
49.24, 7099
49.34, 7098
49.38, 7097
49.50, 7096
49.55, 7095
49.56, 7094
49.66, 7093
49.71, 7092
49.82, 7091
49.86, 7090
49.97, 7089
50.02, 7088
50.12, 7087
50.17, 7086
50.18, 7085
50.20, 7084
50.21, 7083
50.37, 7082
50.41, 7081
50.52, 7080
50.59, 7079
50.76, 7078
50.87, 7077
50.91, 7076
50.93, 7075
51.03, 7074
51.08, 7073
51.17, 7072
51.22, 7071
51.32, 7070
51.36, 7069
51.47, 7068
51.51, 7067
51.52, 7066
51.54, 7065
51.68, 7064
51.73, 7063
51.84, 7062
51.88, 7061
51.98, 7060
52.02, 7059
52.13, 7058
52.20, 7057
52.21, 7056
52.34, 7055
52.38, 7054
52.48, 7053
52.53, 7052
52.64, 7051
52.68, 7050
52.79, 7049
52.84, 7048
52.86, 7047
52.88, 7046
52.90, 7045
52.91, 7044
52.93, 7043
52.95, 7042
52.96, 7041
52.99, 7040
53.02, 7039
53.04, 7038
53.06, 7037
53.08, 7036
53.10, 7035
53.11, 7034
53.13, 7033
59.19, 7032
59.21, 7031
59.35, 7030
59.45, 7029
59.55, 7028
59.72, 7027
59.89, 7026
59.91, 7025
60.08, 7024
60.49, 7023
60.54, 7022
60.72, 7021
60.73, 7020
60.75, 7019
60.88, 7018
61.78, 7017
61.83, 7016
61.85, 7015
61.93, 7014
62.48, 7013
62.53, 7012
62.67, 7011
62.73, 7010
62.97, 7009
63.14, 7008
63.95, 7007
64.21, 7006
64.91, 7005
65.57, 7004
66.26, 7003
66.27, 7002
66.52, 7001
68.65, 7000
71.73, 6999
73.22, 6998
74.37, 6997
74.62, 6996
74.91, 6995
75.05, 6994
75.27, 6993
75.37, 6992
75.54, 6991
75.55, 6990
75.83, 6989
75.84, 6988
76.00, 6987
76.21, 6986
76.23, 6985
76.38, 6984
76.61, 6983
77.74, 6982
77.82, 6981
77.84, 6980
78.57, 6979
79.14, 6978
80.00, 6977
80.49, 6976
80.51, 6975
80.61, 6974
81.07, 6973
81.17, 6972
81.39, 6971
82.39, 6970
83.45, 6969
83.59, 6968
84.21, 6967
84.69, 6966
84.78, 6965
86.81, 6964
87.25, 6963
87.27, 6962
87.50, 6961
87.67, 6960
87.83, 6959
88.85, 6958
90.96, 6957
96.07, 6956
97.05, 6955
97.94, 6954
97.96, 6953
97.98, 6952
99.83, 6951
99.93, 6950
100.10, 6949
100.16, 6948
100.28, 6947
101.51, 6946
123.13, 6945
123.25, 6944
123.49, 6943
123.51, 6942
125.04, 6941
125.07, 6940
125.63, 6939
126.63, 6938
128.55, 6937
130.86, 6936
134.32, 6935
134.86, 6934
136.06, 6933
138.05, 6932
139.49, 6931
139.54, 6930
144.24, 6929
144.28, 6928
144.30, 6927
144.37, 6926
154.97, 6925
158.38, 6924
189.25, 6923
197.60, 6922
207.43, 6921
243.35, 6920
295.19, 6919
308.13, 6918
387.08, 6917
392.24, 6916
443.03, 6915
471.69, 6914
476.14, 6913
542.39, 6912
