5.98, 4697
6.02, 4696
6.04, 4695
6.07, 4694
6.09, 4693
6.12, 4692
6.14, 4691
6.16, 4690
6.19, 4689
6.21, 4688
6.24, 4687
6.26, 4686
6.28, 4685
6.31, 4684
6.33, 4683
6.36, 4682
6.38, 4681
6.41, 4680
6.43, 4679
6.45, 4678
6.48, 4677
6.50, 4676
6.52, 4675
6.55, 4674
6.57, 4673
6.59, 4672
6.62, 4671
6.64, 4670
6.66, 4669
6.69, 4668
6.71, 4667
6.74, 4666
6.76, 4665
6.79, 4664
6.81, 4663
6.83, 4662
6.86, 4661
6.88, 4660
6.91, 4659
6.93, 4658
6.95, 4657
6.98, 4656
7.00, 4655
7.03, 4654
7.07, 4653
7.18, 4652
7.34, 4651
7.90, 4650
8.00, 4649
8.41, 4648
8.61, 4647
8.93, 4646
9.12, 4645
9.33, 4644
9.77, 4643
10.11, 4642
10.46, 4641
10.68, 4640
10.71, 4639
10.74, 4638
10.86, 4637
11.60, 4636
11.63, 4635
11.73, 4634
11.88, 4633
12.54, 4632
13.19, 4631
14.01, 4630
14.16, 4629
14.95, 4628
15.61, 4627
15.75, 4626
16.40, 4625
16.80, 4624
17.22, 4623
17.81, 4622
17.98, 4621
18.08, 4620
18.10, 4619
18.63, 4618
19.08, 4617
19.43, 4616
19.50, 4615
19.83, 4614
20.30, 4613
21.38, 4612
21.59, 4611
21.83, 4610
22.04, 4609
22.34, 4608
22.61, 4607
22.68, 4606
23.04, 4605
24.03, 4604
24.99, 4603
25.06, 4602
26.31, 4601
26.57, 4600
27.22, 4599
27.26, 4598
27.47, 4597
28.04, 4596
28.29, 4595
28.76, 4594
31.08, 4593
31.37, 4592
31.39, 4591
31.51, 4590
31.68, 4589
32.64, 4588
35.01, 4587
35.24, 4586
35.78, 4585
35.87, 4584
35.98, 4583
36.25, 4582
37.00, 4581
37.02, 4580
37.44, 4579
37.95, 4578
38.94, 4577
39.41, 4576
39.58, 4575
40.78, 4574
41.15, 4573
42.80, 4572
43.41, 4571
43.92, 4570
44.68, 4569
45.47, 4568
46.12, 4567
47.06, 4566
48.03, 4565
48.62, 4564
55.68, 4563
58.48, 4562
59.34, 4561
71.74, 4560
88.65, 4559
101.99, 4558
103.82, 4557
104.73, 4556
105.75, 4555
115.29, 4554
121.13, 4553
140.02, 4552
184.14, 4551
209.79, 4550
211.38, 4549
216.93, 4548
227.26, 4547
277.88, 4546
285.31, 4545
291.14, 4544
426.25, 4543
