5.51, 7374
5.53, 7373
5.55, 7372
5.56, 7371
5.57, 7370
5.59, 7369
5.60, 7368
5.62, 7367
5.63, 7366
5.65, 7365
5.66, 7364
5.67, 7363
5.69, 7362
5.70, 7361
5.72, 7360
5.73, 7359
5.75, 7358
5.77, 7357
5.80, 7356
5.82, 7355
5.85, 7354
5.88, 7353
5.89, 7352
5.91, 7351
5.92, 7350
5.94, 7349
5.95, 7348
5.97, 7347
6.00, 7346
9.18, 7345
13.34, 7344
13.91, 7343
13.95, 7342
15.52, 7341
23.78, 7340
25.69, 7339
27.79, 7338
27.84, 7337
27.96, 7336
28.02, 7335
28.15, 7334
28.21, 7333
28.32, 7332
28.36, 7331
28.38, 7330
28.58, 7329
28.62, 7328
28.73, 7327
28.81, 7326
28.95, 7325
29.00, 7324
29.28, 7323
29.32, 7322
29.42, 7321
29.53, 7320
29.59, 7319
29.63, 7318
29.72, 7317
29.76, 7316
29.77, 7315
29.87, 7314
30.02, 7313
30.06, 7312
30.16, 7311
30.20, 7310
30.32, 7309
30.39, 7308
30.41, 7307
30.42, 7306
30.44, 7305
30.57, 7304
30.62, 7303
30.72, 7302
30.77, 7301
30.78, 7300
30.91, 7299
30.96, 7298
31.11, 7297
31.21, 7296
31.40, 7295
31.50, 7294
31.54, 7293
31.55, 7292
31.57, 7291
31.77, 7290
31.93, 7289
31.97, 7288
32.07, 7287
32.14, 7286
32.22, 7285
32.26, 7284
32.27, 7283
32.38, 7282
32.42, 7281
32.53, 7280
32.61, 7279
32.70, 7278
32.76, 7277
32.88, 7276
32.92, 7275
32.93, 7274
32.94, 7273
32.96, 7272
32.97, 7271
33.14, 7270
33.21, 7269
33.32, 7268
33.36, 7267
33.48, 7266
33.55, 7265
33.73, 7264
33.80, 7263
33.82, 7262
33.92, 7261
33.96, 7260
34.06, 7259
34.10, 7258
34.20, 7257
34.24, 7256
34.40, 7255
34.44, 7254
34.46, 7253
34.47, 7252
34.61, 7251
34.65, 7250
34.75, 7249
34.79, 7248
34.95, 7247
35.03, 7246
35.19, 7245
35.26, 7244
35.29, 7243
35.44, 7242
35.52, 7241
35.66, 7240
35.70, 7239
35.79, 7238
35.84, 7237
35.98, 7236
36.05, 7235
36.07, 7234
36.08, 7233
36.10, 7232
36.27, 7231
36.34, 7230
36.51, 7229
36.56, 7228
36.68, 7227
36.73, 7226
36.83, 7225
36.87, 7224
36.88, 7223
37.02, 7222
37.22, 7221
37.29, 7220
37.44, 7219
37.48, 7218
37.61, 7217
37.63, 7216
37.65, 7215
37.78, 7214
37.89, 7213
37.93, 7212
38.03, 7211
38.07, 7210
38.21, 7209
38.29, 7208
38.39, 7207
38.43, 7206
38.46, 7205
38.58, 7204
38.63, 7203
38.74, 7202
38.79, 7201
38.90, 7200
38.94, 7199
39.10, 7198
39.17, 7197
39.19, 7196
39.22, 7195
39.24, 7194
39.25, 7193
39.39, 7192
39.44, 7191
39.79, 7190
39.81, 7189
39.97, 7188
40.07, 7187
40.11, 7186
40.13, 7185
40.23, 7184
40.28, 7183
40.40, 7182
40.47, 7181
40.59, 7180
40.63, 7179
40.76, 7178
40.82, 7177
40.84, 7176
40.87, 7175
41.12, 7174
41.35, 7173
41.39, 7172
41.49, 7171
41.54, 7170
41.61, 7169
41.71, 7168
41.76, 7167
41.77, 7166
41.87, 7165
41.91, 7164
42.01, 7163
42.08, 7162
42.18, 7161
42.30, 7160
42.34, 7159
42.37, 7158
42.38, 7157
42.58, 7156
42.63, 7155
42.77, 7154
42.85, 7153
42.87, 7152
43.02, 7151
43.07, 7150
43.17, 7149
43.24, 7148
43.42, 7147
43.49, 7146
43.59, 7145
43.64, 7144
43.65, 7143
43.67, 7142
43.81, 7141
43.85, 7140
43.95, 7139
43.99, 7138
44.15, 7137
44.22, 7136
44.40, 7135
44.48, 7134
44.50, 7133
44.61, 7132
44.65, 7131
44.79, 7130
44.86, 7129
45.00, 7128
45.05, 7127
45.22, 7126
45.29, 7125
45.31, 7124
45.34, 7123
45.36, 7122
45.38, 7121
45.63, 7120
45.69, 7119
45.79, 7118
45.84, 7117
45.93, 7116
45.97, 7115
46.07, 7114
46.11, 7113
46.12, 7112
46.26, 7111
46.30, 7110
46.46, 7109
46.66, 7108
46.71, 7107
46.83, 7106
46.90, 7105
46.92, 7104
46.94, 7103
47.19, 7102
47.26, 7101
47.43, 7100
47.51, 7099
47.63, 7098
47.69, 7097
47.84, 7096
47.88, 7095
47.90, 7094
48.00, 7093
48.04, 7092
48.14, 7091
48.18, 7090
48.28, 7089
48.34, 7088
48.51, 7087
48.55, 7086
48.56, 7085
48.58, 7084
48.59, 7083
48.79, 7082
48.86, 7081
49.00, 7080
49.05, 7079
49.25, 7078
49.41, 7077
49.45, 7076
49.47, 7075
49.56, 7074
49.61, 7073
49.71, 7072
49.75, 7071
49.85, 7070
49.90, 7069
49.99, 7068
50.03, 7067
50.05, 7066
50.06, 7065
50.25, 7064
50.32, 7063
50.42, 7062
50.49, 7061
50.65, 7060
50.71, 7059
50.81, 7058
50.86, 7057
50.87, 7056
50.97, 7055
51.01, 7054
51.14, 7053
51.17, 7052
51.30, 7051
51.36, 7050
51.46, 7049
51.52, 7048
51.53, 7047
51.55, 7046
51.56, 7045
51.58, 7044
51.59, 7043
51.61, 7042
51.64, 7041
51.67, 7040
51.70, 7039
51.72, 7038
51.75, 7037
51.78, 7036
51.81, 7035
51.84, 7034
51.86, 7033
55.94, 7032
58.14, 7031
58.46, 7030
58.48, 7029
58.77, 7028
58.92, 7027
59.58, 7026
60.05, 7025
60.19, 7024
60.26, 7023
60.48, 7022
60.51, 7021
60.60, 7020
61.16, 7019
61.48, 7018
61.78, 7017
63.34, 7016
63.50, 7015
63.68, 7014
63.76, 7013
64.07, 7012
65.12, 7011
67.30, 7010
68.19, 7009
70.62, 7008
72.50, 7007
73.84, 7006
74.46, 7005
76.87, 7004
77.11, 7003
77.28, 7002
77.35, 7001
77.38, 7000
77.60, 6999
77.62, 6998
78.08, 6997
78.11, 6996
78.44, 6995
78.59, 6994
78.60, 6993
78.81, 6992
79.30, 6991
80.03, 6990
80.18, 6989
80.19, 6988
80.28, 6987
80.35, 6986
80.38, 6985
80.40, 6984
80.83, 6983
81.26, 6982
82.90, 6981
82.92, 6980
82.96, 6979
83.16, 6978
83.82, 6977
84.02, 6976
84.05, 6975
84.40, 6974
84.53, 6973
84.63, 6972
84.64, 6971
85.59, 6970
85.66, 6969
86.41, 6968
87.12, 6967
88.56, 6966
88.96, 6965
89.08, 6964
91.58, 6963
92.59, 6962
94.43, 6961
94.65, 6960
94.67, 6959
94.82, 6958
96.08, 6957
97.36, 6956
97.55, 6955
97.71, 6954
97.81, 6953
98.13, 6952
100.04, 6951
101.28, 6950
101.95, 6949
107.26, 6948
108.36, 6947
109.63, 6946
113.12, 6945
113.21, 6944
113.81, 6943
129.04, 6942
131.14, 6941
131.35, 6940
131.52, 6939
133.12, 6938
138.19, 6937
139.92, 6936
139.93, 6935
140.01, 6934
141.16, 6933
141.61, 6932
143.70, 6931
143.79, 6930
151.85, 6929
161.68, 6928
174.04, 6927
174.21, 6926
176.65, 6925
187.44, 6924
188.61, 6923
189.02, 6922
190.98, 6921
191.73, 6920
218.45, 6919
222.71, 6918
226.49, 6917
273.49, 6916
286.90, 6915
290.17, 6914
342.13, 6913
344.37, 6912
423.61, 6911
598.25, 6910
