1.33, 2277
1.33, 2276
1.34, 2275
1.34, 2274
1.34, 2273
1.34, 2272
1.35, 2271
1.35, 2270
1.35, 2269
1.35, 2268
1.36, 2267
1.36, 2266
1.36, 2265
1.36, 2264
1.37, 2263
1.37, 2262
1.37, 2261
1.38, 2260
1.38, 2259
1.38, 2258
1.43, 2257
1.43, 2256
1.72, 2255
1.92, 2254
2.02, 2253
2.13, 2252
2.26, 2251
2.33, 2250
2.36, 2249
2.43, 2248
2.47, 2247
2.54, 2246
2.58, 2245
2.67, 2244
2.70, 2243
2.72, 2242
2.83, 2241
3.15, 2240
3.18, 2239
3.21, 2238
3.29, 2237
3.31, 2236
3.42, 2235
3.47, 2234
3.71, 2233
3.97, 2232
3.98, 2231
4.02, 2230
4.30, 2229
4.39, 2228
4.61, 2227
6.13, 2226
6.53, 2225
6.71, 2224
7.48, 2223
7.95, 2222
8.05, 2221
8.20, 2220
8.47, 2219
8.47, 2218
8.49, 2217
10.25, 2216
10.84, 2215
11.17, 2214
11.26, 2213
11.31, 2212
11.31, 2211
11.39, 2210
11.58, 2209
21.81, 2208
26.65, 2207
27.11, 2206
31.66, 2205
48.28, 2204
69.06, 2203
