0.96, 2277
0.96, 2276
0.97, 2275
0.97, 2274
0.97, 2273
0.97, 2272
0.98, 2271
0.98, 2270
0.98, 2269
0.98, 2268
0.99, 2267
0.99, 2266
0.99, 2265
0.99, 2264
1.00, 2263
1.00, 2262
1.00, 2261
1.01, 2260
1.01, 2259
1.02, 2258
1.06, 2257
1.08, 2256
1.27, 2255
1.37, 2254
1.46, 2253
1.55, 2252
1.69, 2251
1.74, 2250
1.76, 2249
1.83, 2248
1.94, 2247
1.98, 2246
2.04, 2245
2.07, 2244
2.09, 2243
2.15, 2242
2.42, 2241
2.46, 2240
2.50, 2239
2.55, 2238
2.61, 2237
2.65, 2236
2.73, 2235
2.80, 2234
2.81, 2233
3.14, 2232
3.16, 2231
3.20, 2230
3.24, 2229
3.46, 2228
3.55, 2227
3.65, 2226
3.71, 2225
3.77, 2224
4.09, 2223
5.03, 2222
5.70, 2221
5.78, 2220
5.80, 2219
6.29, 2218
6.46, 2217
6.47, 2216
6.49, 2215
7.97, 2214
8.54, 2213
8.81, 2212
8.87, 2211
8.92, 2210
8.93, 2209
9.10, 2208
20.86, 2207
23.67, 2206
38.94, 2205
39.87, 2204
57.54, 2203
