1.15, 2277
1.16, 2276
1.16, 2275
1.16, 2274
1.16, 2273
1.17, 2272
1.17, 2271
1.17, 2270
1.17, 2269
1.18, 2268
1.18, 2267
1.18, 2266
1.18, 2265
1.19, 2264
1.19, 2263
1.19, 2262
1.19, 2261
1.20, 2260
1.20, 2259
1.20, 2258
1.27, 2257
1.27, 2256
1.55, 2255
1.67, 2254
1.79, 2253
1.92, 2252
2.19, 2251
2.26, 2250
2.32, 2249
2.35, 2248
2.50, 2247
2.58, 2246
2.63, 2245
2.66, 2244
2.68, 2243
2.77, 2242
3.11, 2241
3.18, 2240
3.24, 2239
3.30, 2238
3.36, 2237
3.49, 2236
3.54, 2235
3.61, 2234
3.67, 2233
3.92, 2232
3.95, 2231
4.06, 2230
4.13, 2229
4.41, 2228
4.45, 2227
5.24, 2226
5.66, 2225
5.69, 2224
5.78, 2223
6.39, 2222
6.50, 2221
6.65, 2220
6.84, 2219
7.03, 2218
7.04, 2217
7.06, 2216
7.15, 2215
8.58, 2214
8.66, 2213
9.44, 2212
9.56, 2211
9.60, 2210
9.61, 2209
9.80, 2208
11.58, 2207
12.54, 2206
24.66, 2205
134.02, 2204
143.10, 2203
