1.35, 2277
1.36, 2276
1.36, 2275
1.37, 2274
1.37, 2273
1.37, 2272
1.37, 2271
1.38, 2270
1.38, 2269
1.38, 2268
1.39, 2267
1.39, 2266
1.39, 2265
1.40, 2264
1.40, 2263
1.40, 2262
1.41, 2261
1.41, 2260
1.42, 2259
1.42, 2258
1.48, 2257
1.50, 2256
1.70, 2255
1.88, 2254
1.97, 2253
2.07, 2252
2.27, 2251
2.33, 2250
2.36, 2249
2.42, 2248
2.56, 2247
2.63, 2246
2.70, 2245
2.75, 2244
2.76, 2243
2.80, 2242
3.34, 2241
3.41, 2240
3.49, 2239
3.54, 2238
3.57, 2237
3.69, 2236
3.71, 2235
3.89, 2234
4.21, 2233
4.22, 2232
4.26, 2231
4.33, 2230
4.67, 2229
4.70, 2228
5.76, 2227
6.28, 2226
6.35, 2225
6.55, 2224
7.37, 2223
7.46, 2222
7.48, 2221
7.91, 2220
10.28, 2219
10.29, 2218
10.30, 2217
10.52, 2216
10.64, 2215
10.77, 2214
10.81, 2213
10.81, 2212
11.03, 2211
13.59, 2210
16.87, 2209
22.54, 2208
22.92, 2207
23.14, 2206
26.11, 2205
46.46, 2204
100.90, 2203
