1.24, 2277
1.25, 2276
1.25, 2275
1.25, 2274
1.26, 2273
1.26, 2272
1.26, 2271
1.27, 2270
1.27, 2269
1.27, 2268
1.27, 2267
1.28, 2266
1.28, 2265
1.29, 2264
1.29, 2263
1.29, 2262
1.30, 2261
1.30, 2260
1.30, 2259
1.31, 2258
1.36, 2257
1.37, 2256
1.55, 2255
1.62, 2254
1.74, 2253
1.89, 2252
2.08, 2251
2.14, 2250
2.17, 2249
2.21, 2248
2.33, 2247
2.36, 2246
2.42, 2245
2.45, 2244
2.47, 2243
2.54, 2242
2.79, 2241
2.82, 2240
2.88, 2239
2.92, 2238
2.95, 2237
3.00, 2236
3.04, 2235
3.27, 2234
3.45, 2233
3.50, 2232
3.71, 2231
3.73, 2230
3.76, 2229
3.84, 2228
4.11, 2227
4.18, 2226
4.34, 2225
5.52, 2224
5.80, 2223
6.02, 2222
6.74, 2221
7.14, 2220
7.22, 2219
7.45, 2218
7.68, 2217
7.70, 2216
7.70, 2215
9.70, 2214
9.88, 2213
9.96, 2212
10.00, 2211
10.01, 2210
10.16, 2209
12.71, 2208
21.70, 2207
28.40, 2206
41.31, 2205
44.50, 2204
179.72, 2203
