1.22, 2277
1.22, 2276
1.22, 2275
1.22, 2274
1.23, 2273
1.23, 2272
1.23, 2271
1.23, 2270
1.24, 2269
1.24, 2268
1.24, 2267
1.25, 2266
1.25, 2265
1.25, 2264
1.25, 2263
1.26, 2262
1.26, 2261
1.26, 2260
1.27, 2259
1.27, 2258
1.31, 2257
1.32, 2256
1.51, 2255
1.67, 2254
1.76, 2253
1.85, 2252
2.17, 2251
2.23, 2250
2.26, 2249
2.29, 2248
2.33, 2247
2.38, 2246
2.43, 2245
2.47, 2244
2.54, 2243
2.55, 2242
2.61, 2241
3.17, 2240
3.21, 2239
3.24, 2238
3.28, 2237
3.33, 2236
3.41, 2235
3.48, 2234
3.57, 2233
3.96, 2232
4.00, 2231
4.01, 2230
4.06, 2229
4.10, 2228
4.30, 2227
4.35, 2226
5.85, 2225
5.92, 2224
6.08, 2223
7.02, 2222
7.37, 2221
7.41, 2220
7.65, 2219
7.95, 2218
7.95, 2217
7.96, 2216
8.04, 2215
11.07, 2214
11.19, 2213
11.26, 2212
11.26, 2211
11.48, 2210
11.70, 2209
21.64, 2208
23.55, 2207
33.22, 2206
33.40, 2205
42.72, 2204
114.08, 2203
