5.83, 7374
5.86, 7373
5.87, 7372
5.89, 7371
5.91, 7370
5.93, 7369
5.96, 7368
5.97, 7367
5.99, 7366
6.00, 7365
6.02, 7364
6.03, 7363
6.04, 7362
6.06, 7361
6.08, 7360
6.09, 7359
6.11, 7358
6.12, 7357
6.14, 7356
6.15, 7355
6.17, 7354
6.18, 7353
6.21, 7352
6.22, 7351
6.23, 7350
6.25, 7349
6.27, 7348
6.28, 7347
6.30, 7346
9.59, 7345
13.92, 7344
14.55, 7343
14.60, 7342
16.17, 7341
25.13, 7340
27.18, 7339
29.27, 7338
29.31, 7337
29.44, 7336
29.48, 7335
29.59, 7334
29.63, 7333
29.76, 7332
29.81, 7331
29.84, 7330
30.07, 7329
30.12, 7328
30.23, 7327
30.29, 7326
30.42, 7325
30.47, 7324
30.72, 7323
30.80, 7322
30.91, 7321
30.96, 7320
31.07, 7319
31.11, 7318
31.22, 7317
31.26, 7316
31.28, 7315
31.38, 7314
31.54, 7313
31.59, 7312
31.70, 7311
31.76, 7310
31.87, 7309
31.91, 7308
31.93, 7307
31.96, 7306
31.98, 7305
32.14, 7304
32.19, 7303
32.29, 7302
32.34, 7301
32.35, 7300
32.45, 7299
32.50, 7298
32.64, 7297
32.77, 7296
32.82, 7295
32.94, 7294
32.98, 7293
33.00, 7292
33.01, 7291
33.21, 7290
33.35, 7289
33.39, 7288
33.49, 7287
33.66, 7286
33.67, 7285
33.72, 7284
33.73, 7283
33.85, 7282
33.90, 7281
33.99, 7280
34.22, 7279
34.34, 7278
34.39, 7277
34.53, 7276
34.57, 7275
34.59, 7274
34.60, 7273
34.61, 7272
34.63, 7271
34.84, 7270
34.88, 7269
34.98, 7268
35.03, 7267
35.19, 7266
35.24, 7265
35.36, 7264
35.40, 7263
35.42, 7262
35.54, 7261
35.60, 7260
35.77, 7259
35.84, 7258
35.94, 7257
35.99, 7256
36.14, 7255
36.18, 7254
36.20, 7253
36.22, 7252
36.42, 7251
36.48, 7250
36.59, 7249
36.64, 7248
36.78, 7247
36.83, 7246
36.93, 7245
36.97, 7244
36.98, 7243
37.10, 7242
37.18, 7241
37.28, 7240
37.32, 7239
37.42, 7238
37.47, 7237
37.56, 7236
37.63, 7235
37.65, 7234
37.66, 7233
37.67, 7232
37.86, 7231
37.90, 7230
38.08, 7229
38.13, 7228
38.25, 7227
38.30, 7226
38.46, 7225
38.52, 7224
38.54, 7223
38.73, 7222
38.86, 7221
38.90, 7220
39.01, 7219
39.07, 7218
39.21, 7217
39.23, 7216
39.24, 7215
39.32, 7214
39.52, 7213
39.57, 7212
39.67, 7211
39.71, 7210
39.81, 7209
39.87, 7208
40.04, 7207
40.09, 7206
40.11, 7205
40.21, 7204
40.25, 7203
40.37, 7202
40.42, 7201
40.58, 7200
40.65, 7199
40.79, 7198
40.83, 7197
40.84, 7196
40.86, 7195
40.87, 7194
40.89, 7193
41.04, 7192
41.08, 7191
41.32, 7190
41.40, 7189
41.50, 7188
41.66, 7187
41.71, 7186
41.73, 7185
41.82, 7184
41.86, 7183
41.97, 7182
42.02, 7181
42.12, 7180
42.17, 7179
42.32, 7178
42.34, 7177
42.35, 7176
42.42, 7175
42.52, 7174
42.70, 7173
42.75, 7172
42.84, 7171
42.89, 7170
42.93, 7169
43.09, 7168
43.15, 7167
43.17, 7166
43.27, 7165
43.32, 7164
43.42, 7163
43.47, 7162
43.57, 7161
43.74, 7160
43.78, 7159
43.81, 7158
43.83, 7157
44.17, 7156
44.21, 7155
44.32, 7154
44.38, 7153
44.40, 7152
44.51, 7151
44.55, 7150
44.72, 7149
44.78, 7148
44.92, 7147
44.96, 7146
45.13, 7145
45.19, 7144
45.20, 7143
45.21, 7142
45.44, 7141
45.48, 7140
45.58, 7139
45.62, 7138
45.74, 7137
45.78, 7136
45.88, 7135
45.94, 7134
45.95, 7133
46.05, 7132
46.09, 7131
46.22, 7130
46.26, 7129
46.42, 7128
46.47, 7127
46.60, 7126
46.65, 7125
46.66, 7124
46.67, 7123
46.69, 7122
46.70, 7121
46.92, 7120
46.97, 7119
47.10, 7118
47.15, 7117
47.30, 7116
47.34, 7115
47.44, 7114
47.50, 7113
47.51, 7112
47.65, 7111
47.69, 7110
47.83, 7109
47.96, 7108
48.03, 7107
48.13, 7106
48.19, 7105
48.20, 7104
48.21, 7103
48.36, 7102
48.40, 7101
48.51, 7100
48.55, 7099
48.66, 7098
48.70, 7097
48.80, 7096
48.86, 7095
48.87, 7094
49.04, 7093
49.08, 7092
49.21, 7091
49.26, 7090
49.37, 7089
49.46, 7088
49.57, 7087
49.64, 7086
49.66, 7085
49.67, 7084
49.69, 7083
49.87, 7082
49.93, 7081
50.03, 7080
50.08, 7079
50.32, 7078
50.45, 7077
50.51, 7076
50.52, 7075
50.66, 7074
50.71, 7073
50.86, 7072
50.90, 7071
51.05, 7070
51.09, 7069
51.20, 7068
51.24, 7067
51.25, 7066
51.26, 7065
51.41, 7064
51.45, 7063
51.56, 7062
51.60, 7061
51.77, 7060
51.81, 7059
51.96, 7058
52.03, 7057
52.04, 7056
52.17, 7055
52.21, 7054
52.32, 7053
52.36, 7052
52.46, 7051
52.53, 7050
52.64, 7049
52.69, 7048
52.70, 7047
52.72, 7046
52.73, 7045
52.76, 7044
52.77, 7043
52.79, 7042
52.81, 7041
52.82, 7040
52.84, 7039
52.86, 7038
52.87, 7037
52.89, 7036
52.90, 7035
52.92, 7034
52.94, 7033
57.75, 7032
60.83, 7031
60.89, 7030
60.94, 7029
61.03, 7028
61.08, 7027
61.35, 7026
61.37, 7025
61.69, 7024
61.90, 7023
62.01, 7022
62.03, 7021
62.10, 7020
62.64, 7019
63.57, 7018
63.68, 7017
64.28, 7016
65.07, 7015
66.49, 7014
67.39, 7013
67.47, 7012
67.61, 7011
67.81, 7010
71.67, 7009
72.17, 7008
72.95, 7007
73.57, 7006
75.69, 7005
75.73, 7004
76.04, 7003
76.18, 7002
76.25, 7001
76.41, 7000
76.66, 6999
76.68, 6998
77.04, 6997
77.05, 6996
77.28, 6995
77.33, 6994
77.35, 6993
77.78, 6992
78.24, 6991
78.62, 6990
78.75, 6989
78.76, 6988
79.49, 6987
79.60, 6986
80.26, 6985
80.96, 6984
80.97, 6983
81.10, 6982
81.53, 6981
81.62, 6980
81.70, 6979
82.32, 6978
82.36, 6977
82.50, 6976
82.55, 6975
82.62, 6974
82.64, 6973
83.23, 6972
83.80, 6971
83.91, 6970
84.29, 6969
85.71, 6968
87.13, 6967
87.18, 6966
90.25, 6965
90.48, 6964
91.59, 6963
92.10, 6962
93.98, 6961
98.04, 6960
100.18, 6959
102.77, 6958
103.83, 6957
103.94, 6956
104.99, 6955
106.21, 6954
107.79, 6953
108.53, 6952
110.31, 6951
132.39, 6950
132.49, 6949
132.61, 6948
132.91, 6947
133.04, 6946
133.19, 6945
134.42, 6944
136.91, 6943
138.80, 6942
140.67, 6941
141.26, 6940
142.72, 6939
143.03, 6938
143.55, 6937
151.18, 6936
160.98, 6935
164.09, 6934
164.13, 6933
164.27, 6932
165.88, 6931
166.56, 6930
167.27, 6929
214.18, 6928
214.26, 6927
214.37, 6926
223.24, 6925
226.62, 6924
236.75, 6923
237.40, 6922
237.53, 6921
244.61, 6920
245.31, 6919
281.18, 6918
289.22, 6917
296.14, 6916
300.64, 6915
306.18, 6914
308.91, 6913
341.05, 6912
384.77, 6911
