5.72, 4697
5.76, 4696
5.78, 4695
5.81, 4694
5.83, 4693
5.85, 4692
5.88, 4691
5.90, 4690
5.92, 4689
5.95, 4688
5.97, 4687
5.99, 4686
6.02, 4685
6.04, 4684
6.06, 4683
6.09, 4682
6.11, 4681
6.13, 4680
6.16, 4679
6.18, 4678
6.20, 4677
6.23, 4676
6.25, 4675
6.27, 4674
6.30, 4673
6.32, 4672
6.35, 4671
6.37, 4670
6.39, 4669
6.41, 4668
6.44, 4667
6.46, 4666
6.48, 4665
6.51, 4664
6.53, 4663
6.55, 4662
6.58, 4661
6.60, 4660
6.63, 4659
6.66, 4658
6.69, 4657
6.71, 4656
6.74, 4655
6.76, 4654
6.78, 4653
6.89, 4652
7.03, 4651
7.64, 4650
7.74, 4649
8.14, 4648
8.32, 4647
8.65, 4646
8.86, 4645
9.02, 4644
9.46, 4643
9.80, 4642
10.13, 4641
10.36, 4640
10.38, 4639
10.41, 4638
10.53, 4637
11.22, 4636
11.24, 4635
11.34, 4634
11.49, 4633
12.10, 4632
12.71, 4631
13.43, 4630
13.56, 4629
14.34, 4628
14.98, 4627
15.11, 4626
15.75, 4625
16.13, 4624
16.53, 4623
17.08, 4622
17.26, 4621
17.36, 4620
17.38, 4619
17.88, 4618
18.32, 4617
18.65, 4616
18.72, 4615
19.03, 4614
19.53, 4613
20.58, 4612
20.77, 4611
21.00, 4610
21.19, 4609
21.46, 4608
21.74, 4607
21.81, 4606
22.16, 4605
23.14, 4604
24.06, 4603
24.14, 4602
25.36, 4601
25.61, 4600
26.25, 4599
26.27, 4598
26.47, 4597
27.07, 4596
27.33, 4595
27.77, 4594
30.08, 4593
30.34, 4592
30.36, 4591
30.49, 4590
30.67, 4589
31.60, 4588
33.83, 4587
34.02, 4586
34.52, 4585
34.62, 4584
34.72, 4583
35.00, 4582
35.82, 4581
35.84, 4580
36.24, 4579
36.65, 4578
37.70, 4577
38.16, 4576
38.31, 4575
39.51, 4574
39.91, 4573
41.50, 4572
42.07, 4571
42.55, 4570
43.29, 4569
44.10, 4568
44.72, 4567
45.64, 4566
46.56, 4565
47.20, 4564
54.21, 4563
56.97, 4562
57.87, 4561
69.66, 4560
86.36, 4559
98.38, 4558
100.17, 4557
101.03, 4556
101.98, 4555
111.20, 4554
116.90, 4553
135.52, 4552
178.91, 4551
203.57, 4550
205.11, 4549
210.54, 4548
220.66, 4547
267.05, 4546
273.32, 4545
277.58, 4544
379.64, 4543
