5.69, 7374
5.72, 7373
5.73, 7372
5.74, 7371
5.76, 7370
5.77, 7369
5.79, 7368
5.80, 7367
5.81, 7366
5.83, 7365
5.84, 7364
5.85, 7363
5.87, 7362
5.88, 7361
5.89, 7360
5.91, 7359
5.92, 7358
5.94, 7357
5.96, 7356
5.98, 7355
6.00, 7354
6.02, 7353
6.04, 7352
6.06, 7351
6.09, 7350
6.11, 7349
6.12, 7348
6.13, 7347
6.15, 7346
9.27, 7345
13.37, 7344
13.93, 7343
13.99, 7342
15.66, 7341
24.25, 7340
26.15, 7339
28.23, 7338
28.27, 7337
28.39, 7336
28.43, 7335
28.55, 7334
28.60, 7333
28.71, 7332
28.75, 7331
28.76, 7330
28.95, 7329
28.99, 7328
29.09, 7327
29.13, 7326
29.29, 7325
29.32, 7324
29.67, 7323
29.71, 7322
29.81, 7321
29.86, 7320
29.96, 7319
30.01, 7318
30.10, 7317
30.14, 7316
30.16, 7315
30.28, 7314
30.43, 7313
30.47, 7312
30.57, 7311
30.62, 7310
30.71, 7309
30.76, 7308
30.78, 7307
30.80, 7306
30.81, 7305
30.95, 7304
31.00, 7303
31.10, 7302
31.14, 7301
31.16, 7300
31.26, 7299
31.31, 7298
31.45, 7297
31.56, 7296
31.60, 7295
31.70, 7294
31.75, 7293
31.76, 7292
31.78, 7291
32.04, 7290
32.14, 7289
32.18, 7288
32.29, 7287
32.37, 7286
32.47, 7285
32.51, 7284
32.52, 7283
32.62, 7282
32.66, 7281
32.76, 7280
32.80, 7279
32.91, 7278
32.95, 7277
33.05, 7276
33.09, 7275
33.10, 7274
33.12, 7273
33.13, 7272
33.14, 7271
33.31, 7270
33.35, 7269
33.45, 7268
33.49, 7267
33.59, 7266
33.64, 7265
33.74, 7264
33.78, 7263
33.80, 7262
33.90, 7261
33.95, 7260
34.04, 7259
34.09, 7258
34.19, 7257
34.24, 7256
34.35, 7255
34.39, 7254
34.40, 7253
34.42, 7252
34.56, 7251
34.61, 7250
34.71, 7249
34.75, 7248
34.86, 7247
34.90, 7246
35.03, 7245
35.07, 7244
35.09, 7243
35.20, 7242
35.24, 7241
35.36, 7240
35.42, 7239
35.52, 7238
35.58, 7237
35.70, 7236
35.74, 7235
35.75, 7234
35.77, 7233
35.78, 7232
35.92, 7231
35.96, 7230
36.06, 7229
36.10, 7228
36.20, 7227
36.25, 7226
36.37, 7225
36.42, 7224
36.43, 7223
36.63, 7222
36.74, 7221
36.78, 7220
36.88, 7219
36.92, 7218
37.06, 7217
37.07, 7216
37.08, 7215
37.14, 7214
37.28, 7213
37.33, 7212
37.42, 7211
37.47, 7210
37.56, 7209
37.61, 7208
37.71, 7207
37.75, 7206
37.76, 7205
37.89, 7204
37.93, 7203
38.03, 7202
38.07, 7201
38.17, 7200
38.21, 7199
38.31, 7198
38.36, 7197
38.37, 7196
38.38, 7195
38.40, 7194
38.41, 7193
38.56, 7192
38.60, 7191
38.73, 7190
38.98, 7189
39.04, 7188
39.19, 7187
39.23, 7186
39.25, 7185
39.35, 7184
39.40, 7183
39.50, 7182
39.55, 7181
39.65, 7180
39.69, 7179
39.80, 7178
39.84, 7177
39.85, 7176
39.87, 7175
40.03, 7174
40.24, 7173
40.28, 7172
40.35, 7171
40.39, 7170
40.43, 7169
40.54, 7168
40.59, 7167
40.61, 7166
40.71, 7165
40.76, 7164
40.90, 7163
40.95, 7162
41.05, 7161
41.21, 7160
41.25, 7159
41.28, 7158
41.30, 7157
41.57, 7156
41.61, 7155
41.71, 7154
41.75, 7153
41.76, 7152
41.86, 7151
41.90, 7150
41.99, 7149
42.04, 7148
42.14, 7147
42.18, 7146
42.28, 7145
42.33, 7144
42.34, 7143
42.36, 7142
42.49, 7141
42.53, 7140
42.63, 7139
42.68, 7138
42.81, 7137
42.85, 7136
42.96, 7135
43.00, 7134
43.02, 7133
43.13, 7132
43.18, 7131
43.33, 7130
43.37, 7129
43.46, 7128
43.51, 7127
43.60, 7126
43.64, 7125
43.66, 7124
43.68, 7123
43.69, 7122
43.71, 7121
43.84, 7120
43.90, 7119
44.00, 7118
44.04, 7117
44.14, 7116
44.18, 7115
44.29, 7114
44.33, 7113
44.34, 7112
44.46, 7111
44.50, 7110
44.66, 7109
44.92, 7108
44.96, 7107
45.10, 7106
45.16, 7105
45.18, 7104
45.19, 7103
45.36, 7102
45.40, 7101
45.51, 7100
45.57, 7099
45.72, 7098
45.76, 7097
45.88, 7096
45.92, 7095
45.94, 7094
46.03, 7093
46.07, 7092
46.17, 7091
46.21, 7090
46.31, 7089
46.35, 7088
46.45, 7087
46.49, 7086
46.50, 7085
46.52, 7084
46.53, 7083
46.69, 7082
46.73, 7081
46.83, 7080
46.88, 7079
47.00, 7078
47.15, 7077
47.19, 7076
47.21, 7075
47.33, 7074
47.40, 7073
47.51, 7072
47.57, 7071
47.70, 7070
47.74, 7069
47.85, 7068
47.89, 7067
47.90, 7066
47.92, 7065
48.06, 7064
48.11, 7063
48.21, 7062
48.26, 7061
48.36, 7060
48.41, 7059
48.51, 7058
48.56, 7057
48.57, 7056
48.68, 7055
48.72, 7054
48.83, 7053
48.88, 7052
49.00, 7051
49.04, 7050
49.16, 7049
49.20, 7048
49.22, 7047
49.23, 7046
49.25, 7045
49.27, 7044
49.28, 7043
49.30, 7042
49.31, 7041
49.33, 7040
49.35, 7039
49.37, 7038
49.38, 7037
49.40, 7036
49.41, 7035
49.43, 7034
49.45, 7033
52.97, 7032
54.81, 7031
54.86, 7030
55.15, 7029
55.20, 7028
55.50, 7027
55.70, 7026
56.18, 7025
56.36, 7024
56.39, 7023
56.46, 7022
56.48, 7021
56.53, 7020
57.27, 7019
57.97, 7018
58.18, 7017
58.36, 7016
58.90, 7015
60.63, 7014
61.10, 7013
61.12, 7012
61.30, 7011
61.42, 7010
63.88, 7009
65.68, 7008
66.48, 7007
67.22, 7006
69.20, 7005
69.49, 7004
70.36, 7003
70.51, 7002
70.58, 7001
70.63, 7000
70.65, 6999
70.77, 6998
70.82, 6997
70.92, 6996
70.94, 6995
71.24, 6994
71.26, 6993
71.44, 6992
71.59, 6991
71.61, 6990
71.96, 6989
72.56, 6988
72.97, 6987
73.17, 6986
73.18, 6985
73.49, 6984
74.11, 6983
75.13, 6982
75.19, 6981
75.68, 6980
75.70, 6979
75.82, 6978
76.50, 6977
76.67, 6976
76.86, 6975
77.15, 6974
77.88, 6973
78.13, 6972
79.35, 6971
80.13, 6970
80.25, 6969
82.17, 6968
82.30, 6967
82.66, 6966
82.85, 6965
83.85, 6964
84.56, 6963
85.03, 6962
88.04, 6961
88.60, 6960
88.68, 6959
89.21, 6958
89.39, 6957
90.27, 6956
92.92, 6955
94.77, 6954
96.47, 6953
99.81, 6952
103.79, 6951
103.81, 6950
118.69, 6949
119.14, 6948
119.38, 6947
119.82, 6946
119.87, 6945
121.35, 6944
127.75, 6943
128.04, 6942
128.75, 6941
130.80, 6940
135.28, 6939
137.03, 6938
142.67, 6937
143.32, 6936
157.98, 6935
160.68, 6934
160.79, 6933
160.81, 6932
161.21, 6931
199.92, 6930
200.59, 6929
200.68, 6928
205.20, 6927
215.71, 6926
216.60, 6925
219.15, 6924
238.73, 6923
254.67, 6922
332.35, 6921
333.19, 6920
334.03, 6919
337.85, 6918
348.00, 6917
352.03, 6916
375.41, 6915
378.43, 6914
384.45, 6913
422.98, 6912
423.16, 6911
434.55, 6910
