7.94, 4697
8.00, 4696
8.03, 4695
8.05, 4694
8.07, 4693
8.11, 4692
8.14, 4691
8.18, 4690
8.21, 4689
8.24, 4688
8.28, 4687
8.31, 4686
8.33, 4685
8.36, 4684
8.39, 4683
8.42, 4682
8.46, 4681
8.49, 4680
8.51, 4679
8.54, 4678
8.57, 4677
8.59, 4676
8.62, 4675
8.65, 4674
8.68, 4673
8.70, 4672
8.73, 4671
8.76, 4670
8.79, 4669
8.83, 4668
8.86, 4667
8.90, 4666
8.93, 4665
8.96, 4664
8.99, 4663
9.02, 4662
9.06, 4661
9.09, 4660
9.12, 4659
9.15, 4658
9.20, 4657
9.23, 4656
9.26, 4655
9.30, 4654
9.34, 4653
9.53, 4652
9.68, 4651
10.20, 4650
10.44, 4649
11.03, 4648
11.29, 4647
11.70, 4646
11.90, 4645
12.19, 4644
12.70, 4643
13.12, 4642
13.53, 4641
13.83, 4640
13.86, 4639
13.89, 4638
13.98, 4637
14.86, 4636
14.96, 4635
15.04, 4634
15.25, 4633
16.08, 4632
16.69, 4631
17.66, 4630
17.76, 4629
19.01, 4628
19.66, 4627
20.11, 4626
20.22, 4625
21.27, 4624
21.40, 4623
22.00, 4622
22.94, 4621
23.14, 4620
23.25, 4619
23.28, 4618
24.23, 4617
24.65, 4616
25.01, 4615
25.13, 4614
25.48, 4613
26.23, 4612
27.31, 4611
27.62, 4610
27.76, 4609
28.07, 4608
28.37, 4607
28.47, 4606
28.83, 4605
29.84, 4604
30.09, 4603
31.08, 4602
31.16, 4601
32.35, 4600
32.78, 4599
33.09, 4598
33.86, 4597
33.94, 4596
34.04, 4595
34.58, 4594
35.16, 4593
38.16, 4592
38.45, 4591
38.61, 4590
38.75, 4589
40.36, 4588
40.43, 4587
42.25, 4586
42.96, 4585
43.89, 4584
44.01, 4583
44.30, 4582
44.72, 4581
44.94, 4580
45.36, 4579
45.93, 4578
47.25, 4577
48.11, 4576
48.58, 4575
49.00, 4574
50.63, 4573
51.01, 4572
51.99, 4571
53.13, 4570
55.18, 4569
56.20, 4568
56.28, 4567
56.49, 4566
66.71, 4565
75.64, 4564
78.85, 4563
78.92, 4562
110.08, 4561
114.90, 4560
115.67, 4559
123.50, 4558
125.51, 4557
131.94, 4556
132.62, 4555
140.14, 4554
140.61, 4553
146.48, 4552
149.41, 4551
159.34, 4550
159.68, 4549
164.24, 4548
206.11, 4547
221.33, 4546
231.95, 4545
310.24, 4544
388.23, 4543
