6.30, 4697
6.35, 4696
6.38, 4695
6.40, 4694
6.42, 4693
6.44, 4692
6.47, 4691
6.49, 4690
6.51, 4689
6.54, 4688
6.58, 4687
6.60, 4686
6.62, 4685
6.65, 4684
6.68, 4683
6.70, 4682
6.73, 4681
6.75, 4680
6.77, 4679
6.80, 4678
6.82, 4677
6.84, 4676
6.86, 4675
6.88, 4674
6.91, 4673
6.93, 4672
6.95, 4671
6.98, 4670
7.00, 4669
7.02, 4668
7.05, 4667
7.07, 4666
7.10, 4665
7.13, 4664
7.15, 4663
7.18, 4662
7.21, 4661
7.23, 4660
7.25, 4659
7.28, 4658
7.30, 4657
7.32, 4656
7.35, 4655
7.37, 4654
7.39, 4653
7.56, 4652
7.70, 4651
8.23, 4650
8.47, 4649
9.20, 4648
9.36, 4647
9.71, 4646
10.02, 4645
10.38, 4644
11.06, 4643
11.59, 4642
11.94, 4641
12.10, 4640
12.13, 4639
12.23, 4638
12.25, 4637
13.28, 4636
13.32, 4635
13.45, 4634
13.61, 4633
14.20, 4632
14.72, 4631
16.05, 4630
16.07, 4629
17.24, 4628
18.09, 4627
18.20, 4626
18.99, 4625
19.12, 4624
19.88, 4623
20.58, 4622
20.78, 4621
20.85, 4620
20.98, 4619
21.36, 4618
21.86, 4617
22.17, 4616
22.25, 4615
22.54, 4614
23.36, 4613
24.59, 4612
24.81, 4611
25.21, 4610
25.42, 4609
25.66, 4608
25.86, 4607
26.00, 4606
26.43, 4605
27.42, 4604
28.51, 4603
28.62, 4602
29.62, 4601
30.33, 4600
30.44, 4599
31.14, 4598
31.16, 4597
31.37, 4596
31.93, 4595
32.13, 4594
32.80, 4593
35.61, 4592
35.98, 4591
36.14, 4590
36.28, 4589
36.44, 4588
36.62, 4587
38.05, 4586
40.11, 4585
41.06, 4584
41.12, 4583
41.58, 4582
42.00, 4581
43.48, 4580
44.09, 4579
44.61, 4578
45.47, 4577
45.97, 4576
48.11, 4575
49.37, 4574
49.74, 4573
52.89, 4572
55.95, 4571
63.00, 4570
72.38, 4569
73.58, 4568
79.37, 4567
125.97, 4566
135.90, 4565
137.27, 4564
140.87, 4563
141.02, 4562
150.91, 4561
154.78, 4560
155.69, 4559
161.61, 4558
164.63, 4557
179.51, 4556
266.87, 4555
269.50, 4554
269.76, 4553
291.97, 4552
294.20, 4551
295.55, 4550
319.02, 4549
391.98, 4548
425.68, 4547
441.88, 4546
505.78, 4545
520.37, 4544
524.02, 4543
525.76, 4542
