5.47, 7374
5.50, 7373
5.51, 7372
5.53, 7371
5.54, 7370
5.56, 7369
5.57, 7368
5.59, 7367
5.60, 7366
5.62, 7365
5.63, 7364
5.65, 7363
5.66, 7362
5.68, 7361
5.69, 7360
5.70, 7359
5.72, 7358
5.73, 7357
5.75, 7356
5.76, 7355
5.78, 7354
5.80, 7353
5.82, 7352
5.85, 7351
5.87, 7350
5.89, 7349
5.92, 7348
5.94, 7347
5.96, 7346
9.37, 7345
13.41, 7344
13.98, 7343
14.06, 7342
15.72, 7341
24.37, 7340
26.62, 7339
28.68, 7338
28.73, 7337
28.84, 7336
28.88, 7335
28.99, 7334
29.03, 7333
29.15, 7332
29.20, 7331
29.21, 7330
29.41, 7329
29.46, 7328
29.57, 7327
29.62, 7326
29.77, 7325
29.80, 7324
30.06, 7323
30.10, 7322
30.20, 7321
30.25, 7320
30.38, 7319
30.42, 7318
30.53, 7317
30.57, 7316
30.59, 7315
30.72, 7314
30.87, 7313
30.93, 7312
31.03, 7311
31.08, 7310
31.18, 7309
31.24, 7308
31.25, 7307
31.27, 7306
31.28, 7305
31.43, 7304
31.47, 7303
31.62, 7302
31.69, 7301
31.72, 7300
31.82, 7299
31.87, 7298
31.99, 7297
32.11, 7296
32.16, 7295
32.25, 7294
32.31, 7293
32.34, 7292
32.35, 7291
32.53, 7290
32.66, 7289
32.70, 7288
32.80, 7287
32.87, 7286
32.95, 7285
33.00, 7284
33.01, 7283
33.12, 7282
33.16, 7281
33.26, 7280
33.31, 7279
33.41, 7278
33.45, 7277
33.57, 7276
33.60, 7275
33.62, 7274
33.63, 7273
33.65, 7272
33.66, 7271
33.82, 7270
33.86, 7269
33.96, 7268
34.01, 7267
34.11, 7266
34.16, 7265
34.26, 7264
34.31, 7263
34.32, 7262
34.43, 7261
34.49, 7260
34.59, 7259
34.64, 7258
34.74, 7257
34.80, 7256
34.90, 7255
34.94, 7254
34.95, 7253
34.97, 7252
35.11, 7251
35.16, 7250
35.26, 7249
35.30, 7248
35.40, 7247
35.45, 7246
35.58, 7245
35.65, 7244
35.68, 7243
35.78, 7242
35.82, 7241
35.93, 7240
36.00, 7239
36.12, 7238
36.17, 7237
36.27, 7236
36.31, 7235
36.32, 7234
36.34, 7233
36.35, 7232
36.51, 7231
36.55, 7230
36.66, 7229
36.71, 7228
36.82, 7227
36.86, 7226
36.96, 7225
37.01, 7224
37.03, 7223
37.21, 7222
37.30, 7221
37.35, 7220
37.45, 7219
37.49, 7218
37.65, 7217
37.66, 7216
37.68, 7215
37.69, 7214
37.83, 7213
37.88, 7212
38.01, 7211
38.05, 7210
38.15, 7209
38.19, 7208
38.30, 7207
38.34, 7206
38.35, 7205
38.45, 7204
38.50, 7203
38.62, 7202
38.66, 7201
38.77, 7200
38.81, 7199
38.92, 7198
38.96, 7197
38.97, 7196
38.99, 7195
39.00, 7194
39.02, 7193
39.16, 7192
39.21, 7191
39.49, 7190
39.68, 7189
39.72, 7188
39.83, 7187
39.87, 7186
39.89, 7185
40.01, 7184
40.06, 7183
40.17, 7182
40.22, 7181
40.34, 7180
40.38, 7179
40.48, 7178
40.54, 7177
40.55, 7176
40.56, 7175
40.71, 7174
40.89, 7173
40.94, 7172
41.02, 7171
41.06, 7170
41.11, 7169
41.22, 7168
41.26, 7167
41.27, 7166
41.37, 7165
41.41, 7164
41.52, 7163
41.56, 7162
41.66, 7161
41.78, 7160
41.82, 7159
41.85, 7158
41.86, 7157
42.09, 7156
42.15, 7155
42.26, 7154
42.33, 7153
42.35, 7152
42.45, 7151
42.50, 7150
42.60, 7149
42.65, 7148
42.76, 7147
42.80, 7146
42.93, 7145
42.97, 7144
42.99, 7143
43.01, 7142
43.16, 7141
43.22, 7140
43.41, 7139
43.46, 7138
43.57, 7137
43.61, 7136
43.72, 7135
43.77, 7134
43.79, 7133
43.89, 7132
43.93, 7131
44.04, 7130
44.09, 7129
44.19, 7128
44.24, 7127
44.35, 7126
44.39, 7125
44.40, 7124
44.42, 7123
44.43, 7122
44.45, 7121
44.60, 7120
44.64, 7119
44.75, 7118
44.80, 7117
44.91, 7116
44.95, 7115
45.05, 7114
45.12, 7113
45.14, 7112
45.25, 7111
45.29, 7110
45.43, 7109
45.55, 7108
45.60, 7107
45.70, 7106
45.74, 7105
45.76, 7104
45.77, 7103
45.92, 7102
45.98, 7101
46.08, 7100
46.12, 7099
46.29, 7098
46.36, 7097
46.51, 7096
46.55, 7095
46.56, 7094
46.67, 7093
46.71, 7092
46.81, 7091
46.85, 7090
46.96, 7089
47.01, 7088
47.11, 7087
47.16, 7086
47.17, 7085
47.18, 7084
47.20, 7083
47.39, 7082
47.45, 7081
47.58, 7080
47.62, 7079
47.76, 7078
47.87, 7077
47.91, 7076
47.93, 7075
48.09, 7074
48.14, 7073
48.25, 7072
48.29, 7071
48.39, 7070
48.44, 7069
48.58, 7068
48.63, 7067
48.64, 7066
48.65, 7065
48.86, 7064
48.90, 7063
49.01, 7062
49.05, 7061
49.16, 7060
49.21, 7059
49.31, 7058
49.36, 7057
49.37, 7056
49.48, 7055
49.53, 7054
49.64, 7053
49.68, 7052
49.82, 7051
49.88, 7050
49.98, 7049
50.03, 7048
50.04, 7047
50.06, 7046
50.07, 7045
50.09, 7044
50.10, 7043
50.12, 7042
50.13, 7041
50.15, 7040
50.17, 7039
50.18, 7038
50.20, 7037
50.22, 7036
50.23, 7035
50.25, 7034
50.27, 7033
55.86, 7032
55.88, 7031
56.03, 7030
56.14, 7029
56.25, 7028
56.41, 7027
56.58, 7026
56.60, 7025
56.78, 7024
57.30, 7023
57.38, 7022
57.62, 7021
57.64, 7020
57.66, 7019
57.76, 7018
58.74, 7017
58.79, 7016
58.80, 7015
58.89, 7014
59.40, 7013
59.45, 7012
59.58, 7011
59.65, 7010
59.90, 7009
60.06, 7008
60.90, 7007
61.13, 7006
61.82, 7005
62.43, 7004
63.22, 7003
63.23, 7002
63.45, 7001
65.56, 7000
68.72, 6999
70.05, 6998
71.06, 6997
71.39, 6996
71.67, 6995
71.81, 6994
72.05, 6993
72.12, 6992
72.30, 6991
72.32, 6990
72.66, 6989
72.69, 6988
72.87, 6987
73.07, 6986
73.08, 6985
73.19, 6984
73.38, 6983
74.50, 6982
74.59, 6981
74.61, 6980
75.44, 6979
75.96, 6978
76.55, 6977
77.06, 6976
77.08, 6975
77.18, 6974
77.65, 6973
77.77, 6972
77.98, 6971
78.94, 6970
80.06, 6969
80.20, 6968
80.89, 6967
81.38, 6966
81.47, 6965
83.46, 6964
84.01, 6963
84.04, 6962
84.28, 6961
84.40, 6960
84.56, 6959
85.72, 6958
87.89, 6957
93.06, 6956
94.05, 6955
94.91, 6954
94.92, 6953
94.94, 6952
96.90, 6951
97.01, 6950
97.20, 6949
97.27, 6948
97.41, 6947
98.88, 6946
120.08, 6945
120.19, 6944
120.48, 6943
120.50, 6942
121.89, 6941
121.91, 6940
122.43, 6939
123.23, 6938
125.03, 6937
127.58, 6936
130.97, 6935
131.56, 6934
132.65, 6933
134.73, 6932
136.42, 6931
136.47, 6930
141.05, 6929
141.10, 6928
141.11, 6927
141.18, 6926
151.99, 6925
155.34, 6924
186.85, 6923
195.31, 6922
205.31, 6921
242.40, 6920
296.70, 6919
310.36, 6918
395.19, 6917
400.73, 6916
454.13, 6915
484.43, 6914
489.61, 6913
560.85, 6912
