5.55, 7374
5.59, 7373
5.61, 7372
5.62, 7371
5.63, 7370
5.65, 7369
5.66, 7368
5.68, 7367
5.69, 7366
5.70, 7365
5.72, 7364
5.73, 7363
5.75, 7362
5.76, 7361
5.77, 7360
5.79, 7359
5.80, 7358
5.82, 7357
5.83, 7356
5.85, 7355
5.86, 7354
5.88, 7353
5.89, 7352
5.90, 7351
5.92, 7350
5.94, 7349
5.95, 7348
5.96, 7347
5.98, 7346
9.25, 7345
13.45, 7344
14.02, 7343
14.07, 7342
15.58, 7341
24.43, 7340
26.39, 7339
28.37, 7338
28.42, 7337
28.51, 7336
28.56, 7335
28.65, 7334
28.69, 7333
28.79, 7332
28.84, 7331
28.85, 7330
29.05, 7329
29.09, 7328
29.20, 7327
29.24, 7326
29.38, 7325
29.41, 7324
29.64, 7323
29.68, 7322
29.79, 7321
29.83, 7320
29.94, 7319
29.98, 7318
30.08, 7317
30.12, 7316
30.13, 7315
30.23, 7314
30.42, 7313
30.46, 7312
30.58, 7311
30.63, 7310
30.74, 7309
30.78, 7308
30.80, 7307
30.81, 7306
30.82, 7305
30.97, 7304
31.02, 7303
31.12, 7302
31.16, 7301
31.18, 7300
31.28, 7299
31.34, 7298
31.51, 7297
31.61, 7296
31.65, 7295
31.76, 7294
31.82, 7293
31.84, 7292
31.85, 7291
32.04, 7290
32.17, 7289
32.22, 7288
32.32, 7287
32.43, 7286
32.50, 7285
32.54, 7284
32.56, 7283
32.69, 7282
32.73, 7281
32.89, 7280
32.93, 7279
33.07, 7278
33.12, 7277
33.25, 7276
33.29, 7275
33.30, 7274
33.31, 7273
33.33, 7272
33.34, 7271
33.48, 7270
33.52, 7269
33.63, 7268
33.67, 7267
33.77, 7266
33.82, 7265
33.92, 7264
33.97, 7263
33.98, 7262
34.08, 7261
34.13, 7260
34.28, 7259
34.32, 7258
34.42, 7257
34.46, 7256
34.56, 7255
34.60, 7254
34.62, 7253
34.63, 7252
34.78, 7251
34.82, 7250
34.93, 7249
34.98, 7248
35.08, 7247
35.13, 7246
35.25, 7245
35.30, 7244
35.32, 7243
35.42, 7242
35.46, 7241
35.61, 7240
35.65, 7239
35.82, 7238
35.86, 7237
36.00, 7236
36.04, 7235
36.05, 7234
36.06, 7233
36.08, 7232
36.31, 7231
36.35, 7230
36.44, 7229
36.49, 7228
36.64, 7227
36.68, 7226
36.78, 7225
36.82, 7224
36.83, 7223
36.98, 7222
37.13, 7221
37.17, 7220
37.27, 7219
37.31, 7218
37.45, 7217
37.47, 7216
37.48, 7215
37.61, 7214
37.70, 7213
37.75, 7212
37.87, 7211
37.91, 7210
38.01, 7209
38.05, 7208
38.15, 7207
38.19, 7206
38.20, 7205
38.32, 7204
38.36, 7203
38.46, 7202
38.53, 7201
38.62, 7200
38.66, 7199
38.81, 7198
38.85, 7197
38.86, 7196
38.87, 7195
38.89, 7194
38.90, 7193
39.05, 7192
39.09, 7191
39.26, 7190
39.41, 7189
39.45, 7188
39.58, 7187
39.62, 7186
39.64, 7185
39.74, 7184
39.78, 7183
39.92, 7182
39.96, 7181
40.06, 7180
40.11, 7179
40.26, 7178
40.27, 7177
40.29, 7176
40.38, 7175
40.47, 7174
40.62, 7173
40.69, 7172
40.76, 7171
40.80, 7170
40.84, 7169
40.94, 7168
40.98, 7167
41.00, 7166
41.10, 7165
41.14, 7164
41.24, 7163
41.28, 7162
41.39, 7161
41.51, 7160
41.55, 7159
41.58, 7158
41.60, 7157
41.81, 7156
41.85, 7155
41.95, 7154
41.99, 7153
42.00, 7152
42.11, 7151
42.15, 7150
42.26, 7149
42.30, 7148
42.40, 7147
42.44, 7146
42.54, 7145
42.58, 7144
42.60, 7143
42.61, 7142
42.75, 7141
42.80, 7140
42.92, 7139
42.96, 7138
43.07, 7137
43.11, 7136
43.21, 7135
43.25, 7134
43.26, 7133
43.36, 7132
43.41, 7131
43.50, 7130
43.56, 7129
43.66, 7128
43.70, 7127
43.80, 7126
43.86, 7125
43.88, 7124
43.90, 7123
43.91, 7122
43.93, 7121
44.12, 7120
44.18, 7119
44.28, 7118
44.32, 7117
44.48, 7116
44.53, 7115
44.62, 7114
44.67, 7113
44.68, 7112
44.78, 7111
44.82, 7110
44.95, 7109
45.11, 7108
45.15, 7107
45.28, 7106
45.34, 7105
45.35, 7104
45.37, 7103
45.57, 7102
45.62, 7101
45.73, 7100
45.79, 7099
45.89, 7098
45.93, 7097
46.03, 7096
46.09, 7095
46.10, 7094
46.20, 7093
46.25, 7092
46.38, 7091
46.44, 7090
46.53, 7089
46.58, 7088
46.67, 7087
46.72, 7086
46.73, 7085
46.74, 7084
46.76, 7083
46.90, 7082
46.94, 7081
47.05, 7080
47.10, 7079
47.23, 7078
47.35, 7077
47.39, 7076
47.41, 7075
47.51, 7074
47.56, 7073
47.70, 7072
47.75, 7071
47.85, 7070
47.89, 7069
47.99, 7068
48.04, 7067
48.05, 7066
48.06, 7065
48.26, 7064
48.30, 7063
48.40, 7062
48.44, 7061
48.54, 7060
48.58, 7059
48.68, 7058
48.73, 7057
48.74, 7056
48.84, 7055
48.88, 7054
49.00, 7053
49.07, 7052
49.17, 7051
49.21, 7050
49.31, 7049
49.37, 7048
49.38, 7047
49.40, 7046
49.42, 7045
49.43, 7044
49.45, 7043
49.47, 7042
49.48, 7041
49.50, 7040
49.52, 7039
49.53, 7038
49.55, 7037
49.56, 7036
49.58, 7035
49.59, 7034
49.61, 7033
50.84, 7032
53.01, 7031
55.62, 7030
55.65, 7029
55.80, 7028
55.85, 7027
55.96, 7026
56.82, 7025
56.90, 7024
57.05, 7023
57.13, 7022
57.25, 7021
57.26, 7020
57.31, 7019
57.46, 7018
57.96, 7017
58.05, 7016
58.25, 7015
58.26, 7014
58.33, 7013
58.81, 7012
59.01, 7011
59.17, 7010
59.49, 7009
60.14, 7008
60.36, 7007
60.75, 7006
61.28, 7005
61.30, 7004
61.58, 7003
62.18, 7002
62.86, 7001
63.52, 7000
63.59, 6999
63.68, 6998
66.48, 6997
67.32, 6996
67.76, 6995
69.85, 6994
72.20, 6993
72.36, 6992
72.45, 6991
72.54, 6990
72.73, 6989
72.84, 6988
72.86, 6987
72.99, 6986
73.29, 6985
73.31, 6984
73.53, 6983
73.55, 6982
73.77, 6981
73.82, 6980
73.84, 6979
74.18, 6978
75.12, 6977
75.30, 6976
75.38, 6975
75.51, 6974
75.63, 6973
75.64, 6972
75.77, 6971
75.79, 6970
76.22, 6969
76.49, 6968
77.61, 6967
77.70, 6966
77.72, 6965
77.88, 6964
78.57, 6963
79.27, 6962
79.35, 6961
79.61, 6960
79.80, 6959
80.70, 6958
80.81, 6957
81.99, 6956
82.08, 6955
83.11, 6954
83.16, 6953
83.33, 6952
83.53, 6951
85.94, 6950
87.48, 6949
87.94, 6948
89.43, 6947
91.27, 6946
95.95, 6945
96.61, 6944
99.03, 6943
114.71, 6942
119.51, 6941
119.65, 6940
120.31, 6939
125.84, 6938
125.93, 6937
126.10, 6936
126.23, 6935
126.45, 6934
141.26, 6933
141.66, 6932
175.95, 6931
177.94, 6930
180.48, 6929
183.24, 6928
199.13, 6927
200.14, 6926
226.33, 6925
228.68, 6924
229.68, 6923
238.64, 6922
238.79, 6921
239.03, 6920
262.38, 6919
262.52, 6918
266.97, 6917
322.02, 6916
367.41, 6915
369.75, 6914
375.67, 6913
