1.24, 2277
1.24, 2276
1.25, 2275
1.25, 2274
1.25, 2273
1.25, 2272
1.26, 2271
1.26, 2270
1.26, 2269
1.26, 2268
1.27, 2267
1.27, 2266
1.28, 2265
1.28, 2264
1.28, 2263
1.28, 2262
1.29, 2261
1.29, 2260
1.29, 2259
1.30, 2258
1.34, 2257
1.35, 2256
1.55, 2255
1.81, 2254
1.90, 2253
2.00, 2252
2.28, 2251
2.34, 2250
2.39, 2249
2.42, 2248
2.46, 2247
2.51, 2246
2.56, 2245
2.61, 2244
2.69, 2243
2.69, 2242
2.76, 2241
3.27, 2240
3.31, 2239
3.34, 2238
3.41, 2237
3.45, 2236
3.56, 2235
3.61, 2234
3.68, 2233
4.13, 2232
4.17, 2231
4.19, 2230
4.24, 2229
4.30, 2228
4.61, 2227
4.68, 2226
6.58, 2225
6.70, 2224
6.82, 2223
7.50, 2222
7.71, 2221
7.76, 2220
7.90, 2219
8.17, 2218
8.17, 2217
8.18, 2216
8.26, 2215
10.39, 2214
10.48, 2213
10.53, 2212
10.54, 2211
10.72, 2210
10.94, 2209
20.58, 2208
22.83, 2207
32.98, 2206
33.09, 2205
42.51, 2204
118.77, 2203
