1.44, 2277
1.45, 2276
1.45, 2275
1.45, 2274
1.45, 2273
1.46, 2272
1.46, 2271
1.46, 2270
1.47, 2269
1.47, 2268
1.47, 2267
1.47, 2266
1.48, 2265
1.48, 2264
1.48, 2263
1.49, 2262
1.49, 2261
1.49, 2260
1.49, 2259
1.50, 2258
1.55, 2257
1.56, 2256
1.77, 2255
1.87, 2254
1.99, 2253
2.08, 2252
2.21, 2251
2.29, 2250
2.32, 2249
2.36, 2248
2.46, 2247
2.50, 2246
2.59, 2245
2.63, 2244
2.65, 2243
2.79, 2242
3.37, 2241
3.43, 2240
3.49, 2239
3.57, 2238
3.65, 2237
3.82, 2236
3.88, 2235
4.14, 2234
4.18, 2233
4.55, 2232
4.64, 2231
4.66, 2230
4.72, 2229
4.79, 2228
5.21, 2227
5.28, 2226
6.31, 2225
6.41, 2224
6.49, 2223
7.12, 2222
7.24, 2221
7.43, 2220
7.69, 2219
7.85, 2218
7.87, 2217
7.89, 2216
7.99, 2215
9.94, 2214
10.01, 2213
10.06, 2212
10.07, 2211
10.31, 2210
12.33, 2209
13.11, 2208
20.55, 2207
21.24, 2206
40.27, 2205
54.60, 2204
98.02, 2203
