2.07, 2276
25.29, 2275
25.79, 2274
25.80, 2273
27.45, 2272
27.92, 2271
28.87, 2270
28.97, 2269
29.02, 2268
30.01, 2267
30.07, 2266
30.53, 2265
30.62, 2264
31.29, 2263
31.33, 2262
32.70, 2261
32.98, 2260
33.48, 2259
34.13, 2258
35.34, 2257
36.39, 2256
36.44, 2255
36.90, 2254
37.34, 2253
37.43, 2252
38.26, 2251
38.90, 2250
39.74, 2249
41.21, 2248
41.49, 2247
42.12, 2246
42.40, 2245
42.90, 2244
43.69, 2243
43.77, 2242
44.50, 2241
44.98, 2240
46.01, 2239
46.05, 2238
46.61, 2237
47.19, 2236
47.41, 2235
47.75, 2234
48.53, 2233
51.62, 2232
53.67, 2231
58.20, 2230
60.84, 2229
62.74, 2228
66.21, 2227
72.35, 2226
75.38, 2225
78.22, 2224
78.93, 2223
79.28, 2222
80.44, 2221
86.12, 2220
88.42, 2219
94.59, 2218
96.68, 2217
98.94, 2216
101.40, 2215
