22.65, 2276
23.21, 2275
25.02, 2274
25.46, 2273
27.18, 2272
28.01, 2271
29.08, 2270
29.53, 2269
29.71, 2268
29.98, 2267
30.07, 2266
30.19, 2265
30.54, 2264
31.15, 2263
32.45, 2262
32.55, 2261
32.56, 2260
32.71, 2259
33.04, 2258
33.67, 2257
34.24, 2256
35.60, 2255
37.62, 2254
38.04, 2253
38.27, 2252
38.27, 2251
38.70, 2250
38.84, 2249
38.85, 2248
40.23, 2247
40.55, 2246
41.33, 2245
41.54, 2244
41.58, 2243
42.65, 2242
43.53, 2241
43.67, 2240
44.79, 2239
45.00, 2238
45.03, 2237
46.53, 2236
48.66, 2235
50.54, 2234
51.04, 2233
56.82, 2232
58.10, 2231
66.51, 2230
66.90, 2229
67.49, 2228
69.58, 2227
73.37, 2226
73.77, 2225
76.48, 2224
78.73, 2223
90.38, 2222
99.04, 2221
