1.52, 2277
1.53, 2276
1.53, 2275
1.53, 2274
1.53, 2273
1.54, 2272
1.54, 2271
1.54, 2270
1.54, 2269
1.55, 2268
1.55, 2267
1.55, 2266
1.55, 2265
1.56, 2264
1.56, 2263
1.56, 2262
1.57, 2261
1.57, 2260
1.57, 2259
1.57, 2258
1.63, 2257
1.64, 2256
1.83, 2255
1.92, 2254
2.06, 2253
2.18, 2252
2.31, 2251
2.36, 2250
2.39, 2249
2.44, 2248
2.61, 2247
2.64, 2246
2.70, 2245
2.75, 2244
2.78, 2243
2.85, 2242
3.22, 2241
3.29, 2240
3.32, 2239
3.38, 2238
3.42, 2237
3.47, 2236
3.53, 2235
3.70, 2234
3.85, 2233
4.07, 2232
4.09, 2231
4.12, 2230
5.49, 2229
5.62, 2228
5.70, 2227
5.80, 2226
5.85, 2225
5.90, 2224
6.04, 2223
6.66, 2222
6.74, 2221
6.76, 2220
7.15, 2219
9.57, 2218
9.57, 2217
9.58, 2216
9.79, 2215
10.18, 2214
10.30, 2213
10.32, 2212
10.57, 2211
14.42, 2210
15.16, 2209
22.34, 2208
25.97, 2207
26.52, 2206
26.80, 2205
58.68, 2204
82.04, 2203
