1.35, 2277
1.35, 2276
1.36, 2275
1.36, 2274
1.36, 2273
1.36, 2272
1.37, 2271
1.37, 2270
1.37, 2269
1.37, 2268
1.38, 2267
1.38, 2266
1.38, 2265
1.39, 2264
1.39, 2263
1.39, 2262
1.40, 2261
1.40, 2260
1.40, 2259
1.41, 2258
1.45, 2257
1.46, 2256
1.67, 2255
1.76, 2254
1.86, 2253
1.97, 2252
2.17, 2251
2.36, 2250
2.40, 2249
2.43, 2248
2.56, 2247
2.60, 2246
2.67, 2245
2.72, 2244
2.74, 2243
2.81, 2242
3.16, 2241
3.19, 2240
3.23, 2239
3.27, 2238
3.29, 2237
3.38, 2236
3.43, 2235
3.52, 2234
3.59, 2233
3.87, 2232
3.89, 2231
3.93, 2230
4.16, 2229
4.20, 2228
4.22, 2227
5.55, 2226
5.89, 2225
5.93, 2224
6.02, 2223
6.78, 2222
7.08, 2221
7.13, 2220
7.26, 2219
9.22, 2218
9.25, 2217
9.25, 2216
9.35, 2215
9.61, 2214
9.74, 2213
9.82, 2212
9.82, 2211
10.02, 2210
12.40, 2209
20.28, 2208
23.39, 2207
30.73, 2206
49.24, 2205
97.60, 2204
110.89, 2203
