1.56, 2277
1.57, 2276
1.57, 2275
1.57, 2274
1.58, 2273
1.58, 2272
1.58, 2271
1.58, 2270
1.59, 2269
1.59, 2268
1.59, 2267
1.59, 2266
1.60, 2265
1.60, 2264
1.60, 2263
1.60, 2262
1.61, 2261
1.61, 2260
1.61, 2259
1.62, 2258
1.67, 2257
1.68, 2256
1.85, 2255
2.05, 2254
2.19, 2253
2.37, 2252
2.54, 2251
2.60, 2250
2.64, 2249
2.73, 2248
2.89, 2247
2.91, 2246
2.96, 2245
3.03, 2244
3.05, 2243
3.06, 2242
3.12, 2241
3.44, 2240
3.50, 2239
3.55, 2238
3.60, 2237
3.64, 2236
3.67, 2235
3.71, 2234
3.79, 2233
3.94, 2232
4.00, 2231
4.21, 2230
4.24, 2229
4.27, 2228
4.36, 2227
5.61, 2226
5.80, 2225
5.84, 2224
6.08, 2223
6.15, 2222
6.28, 2221
6.89, 2220
7.18, 2219
7.25, 2218
7.37, 2217
8.49, 2216
8.59, 2215
9.13, 2214
9.13, 2213
9.15, 2212
9.35, 2211
9.50, 2210
9.61, 2209
9.65, 2208
9.66, 2207
9.79, 2206
10.07, 2205
29.26, 2204
36.04, 2203
