21.96, 2276
22.34, 2275
25.79, 2274
26.11, 2273
26.12, 2272
26.44, 2271
26.83, 2270
27.10, 2269
29.12, 2268
30.21, 2267
31.64, 2266
32.44, 2265
33.07, 2264
33.47, 2263
34.02, 2262
34.78, 2261
35.22, 2260
35.26, 2259
35.39, 2258
35.67, 2257
36.90, 2256
36.90, 2255
37.12, 2254
40.02, 2253
40.09, 2252
40.27, 2251
40.62, 2250
40.95, 2249
42.13, 2248
43.95, 2247
45.39, 2246
46.21, 2245
46.30, 2244
46.78, 2243
47.05, 2242
48.30, 2241
48.55, 2240
48.56, 2239
52.89, 2238
53.51, 2237
53.74, 2236
53.98, 2235
55.26, 2234
56.65, 2233
61.25, 2232
62.44, 2231
66.13, 2230
67.25, 2229
68.93, 2228
70.21, 2227
70.46, 2226
73.15, 2225
75.81, 2224
78.29, 2223
78.50, 2222
81.94, 2221
85.14, 2220
85.31, 2219
90.24, 2218
100.47, 2217
105.24, 2216
