1.48, 2277
1.49, 2276
1.50, 2275
1.50, 2274
1.50, 2273
1.51, 2272
1.53, 2271
1.53, 2270
1.53, 2269
1.55, 2268
1.55, 2267
1.56, 2266
1.56, 2265
1.57, 2264
1.57, 2263
1.57, 2262
1.59, 2261
1.60, 2260
1.60, 2259
1.60, 2258
1.67, 2257
1.67, 2256
1.87, 2255
1.97, 2254
2.08, 2253
2.20, 2252
2.34, 2251
2.42, 2250
2.44, 2249
2.51, 2248
2.73, 2247
2.78, 2246
2.85, 2245
2.88, 2244
2.91, 2243
2.98, 2242
3.41, 2241
3.46, 2240
3.51, 2239
3.57, 2238
3.60, 2237
3.66, 2236
3.76, 2235
3.98, 2234
4.14, 2233
4.24, 2232
4.25, 2231
4.28, 2230
4.33, 2229
4.62, 2228
4.69, 2227
6.36, 2226
6.74, 2225
6.78, 2224
6.83, 2223
6.94, 2222
7.60, 2221
7.86, 2220
7.92, 2219
8.15, 2218
9.97, 2217
10.06, 2216
10.88, 2215
10.88, 2214
10.91, 2213
10.99, 2212
11.20, 2211
11.34, 2210
11.39, 2209
11.40, 2208
11.59, 2207
11.89, 2206
28.44, 2205
172.24, 2204
172.46, 2203
