1.60, 2277
1.61, 2276
1.61, 2275
1.61, 2274
1.61, 2273
1.62, 2272
1.62, 2271
1.62, 2270
1.63, 2269
1.63, 2268
1.63, 2267
1.64, 2266
1.64, 2265
1.64, 2264
1.65, 2263
1.65, 2262
1.65, 2261
1.65, 2260
1.66, 2259
1.66, 2258
1.76, 2257
1.77, 2256
1.99, 2255
2.14, 2254
2.30, 2253
2.38, 2252
2.55, 2251
2.70, 2250
2.77, 2249
2.83, 2248
2.86, 2247
2.92, 2246
2.98, 2245
3.07, 2244
3.11, 2243
3.13, 2242
3.20, 2241
3.56, 2240
3.63, 2239
3.67, 2238
3.74, 2237
3.78, 2236
3.87, 2235
3.89, 2234
4.00, 2233
4.12, 2232
4.30, 2231
4.31, 2230
4.36, 2229
4.64, 2228
4.73, 2227
5.72, 2226
6.02, 2225
6.03, 2224
6.14, 2223
6.91, 2222
7.22, 2221
7.26, 2220
7.46, 2219
8.96, 2218
9.28, 2217
9.29, 2216
9.31, 2215
9.44, 2214
9.73, 2213
9.83, 2212
9.89, 2211
9.91, 2210
10.12, 2209
10.40, 2208
12.29, 2207
23.68, 2206
29.47, 2205
40.14, 2204
149.25, 2203
