1.33, 2277
1.34, 2276
1.34, 2275
1.34, 2274
1.34, 2273
1.35, 2272
1.35, 2271
1.35, 2270
1.36, 2269
1.36, 2268
1.36, 2267
1.37, 2266
1.37, 2265
1.38, 2264
1.38, 2263
1.38, 2262
1.39, 2261
1.39, 2260
1.39, 2259
1.39, 2258
1.43, 2257
1.44, 2256
1.63, 2255
1.73, 2254
1.91, 2253
2.07, 2252
2.46, 2251
2.59, 2250
2.64, 2249
2.68, 2248
2.81, 2247
2.83, 2246
2.90, 2245
2.96, 2244
2.97, 2243
3.05, 2242
3.36, 2241
3.48, 2240
3.50, 2239
3.55, 2238
3.60, 2237
3.63, 2236
3.73, 2235
3.77, 2234
3.92, 2233
4.04, 2232
4.16, 2231
4.19, 2230
4.21, 2229
4.25, 2228
4.31, 2227
6.24, 2226
6.32, 2225
6.50, 2224
6.54, 2223
6.62, 2222
6.70, 2221
7.35, 2220
7.47, 2219
7.51, 2218
7.81, 2217
8.01, 2216
8.01, 2215
8.03, 2214
9.43, 2213
10.10, 2212
10.25, 2211
10.32, 2210
10.36, 2209
10.37, 2208
10.59, 2207
12.30, 2206
20.90, 2205
26.36, 2204
142.72, 2203
