27.46, 2276
28.09, 2275
29.07, 2274
29.67, 2273
30.98, 2272
31.29, 2271
33.76, 2270
34.08, 2269
34.18, 2268
34.64, 2267
35.23, 2266
35.55, 2265
36.76, 2264
36.83, 2263
37.29, 2262
37.31, 2261
38.51, 2260
38.76, 2259
39.27, 2258
39.88, 2257
40.39, 2256
40.59, 2255
40.76, 2254
41.17, 2253
41.29, 2252
41.39, 2251
41.41, 2250
41.65, 2249
42.94, 2248
43.41, 2247
43.54, 2246
44.41, 2245
45.28, 2244
46.60, 2243
46.61, 2242
47.40, 2241
51.79, 2240
53.17, 2239
55.67, 2238
56.18, 2237
59.05, 2236
59.64, 2235
61.53, 2234
61.95, 2233
62.32, 2232
62.72, 2231
66.88, 2230
70.67, 2229
70.83, 2228
72.35, 2227
73.10, 2226
73.94, 2225
74.52, 2224
78.48, 2223
81.89, 2222
82.07, 2221
86.48, 2220
94.40, 2219
97.10, 2218
97.45, 2217
98.87, 2216
104.12, 2215
105.92, 2214
