1.44, 2277
1.45, 2276
1.45, 2275
1.45, 2274
1.45, 2273
1.46, 2272
1.46, 2271
1.46, 2270
1.46, 2269
1.47, 2268
1.47, 2267
1.47, 2266
1.48, 2265
1.48, 2264
1.48, 2263
1.48, 2262
1.49, 2261
1.49, 2260
1.49, 2259
1.49, 2258
1.54, 2257
1.54, 2256
1.76, 2255
1.86, 2254
1.97, 2253
2.07, 2252
2.21, 2251
2.28, 2250
2.30, 2249
2.34, 2248
2.39, 2247
2.43, 2246
2.48, 2245
2.53, 2244
2.59, 2243
2.61, 2242
2.71, 2241
3.06, 2240
3.17, 2239
3.21, 2238
3.27, 2237
3.29, 2236
3.38, 2235
3.40, 2234
3.76, 2233
3.78, 2232
3.84, 2231
3.86, 2230
3.93, 2229
4.22, 2228
4.26, 2227
4.30, 2226
5.35, 2225
5.55, 2224
5.62, 2223
5.73, 2222
6.33, 2221
6.43, 2220
6.46, 2219
6.86, 2218
7.03, 2217
7.04, 2216
7.05, 2215
7.18, 2214
8.71, 2213
9.24, 2212
9.36, 2211
9.41, 2210
9.41, 2209
9.63, 2208
17.37, 2207
19.78, 2206
23.42, 2205
29.96, 2204
66.89, 2203
