1.37, 2277
1.37, 2276
1.38, 2275
1.38, 2274
1.38, 2273
1.38, 2272
1.39, 2271
1.39, 2270
1.39, 2269
1.40, 2268
1.40, 2267
1.40, 2266
1.40, 2265
1.41, 2264
1.41, 2263
1.41, 2262
1.41, 2261
1.42, 2260
1.42, 2259
1.43, 2258
1.47, 2257
1.48, 2256
1.69, 2255
1.83, 2254
2.02, 2253
2.12, 2252
2.32, 2251
2.36, 2250
2.41, 2249
2.44, 2248
2.52, 2247
2.57, 2246
2.62, 2245
2.65, 2244
2.66, 2243
2.77, 2242
3.08, 2241
3.13, 2240
3.18, 2239
3.23, 2238
3.26, 2237
3.30, 2236
3.34, 2235
3.49, 2234
3.53, 2233
3.82, 2232
3.86, 2231
3.90, 2230
3.95, 2229
4.22, 2228
4.28, 2227
5.07, 2226
5.30, 2225
5.68, 2224
5.70, 2223
5.77, 2222
5.87, 2221
6.50, 2220
6.61, 2219
6.93, 2218
7.11, 2217
9.16, 2216
9.16, 2215
9.18, 2214
9.27, 2213
9.54, 2212
9.62, 2211
9.68, 2210
9.68, 2209
9.88, 2208
22.36, 2207
22.72, 2206
25.67, 2205
29.45, 2204
386.80, 2203
