1.33, 2277
1.34, 2276
1.34, 2275
1.34, 2274
1.35, 2273
1.35, 2272
1.35, 2271
1.35, 2270
1.36, 2269
1.36, 2268
1.36, 2267
1.36, 2266
1.37, 2265
1.37, 2264
1.37, 2263
1.37, 2262
1.38, 2261
1.38, 2260
1.38, 2259
1.39, 2258
1.43, 2257
1.43, 2256
1.65, 2255
1.74, 2254
1.83, 2253
1.90, 2252
2.07, 2251
2.17, 2250
2.21, 2249
2.24, 2248
2.28, 2247
2.34, 2246
2.37, 2245
2.46, 2244
2.53, 2243
2.56, 2242
2.70, 2241
3.23, 2240
3.32, 2239
3.38, 2238
3.50, 2237
3.55, 2236
3.63, 2235
3.65, 2234
3.78, 2233
3.85, 2232
4.02, 2231
4.05, 2230
4.10, 2229
4.15, 2228
4.38, 2227
4.44, 2226
4.57, 2225
5.89, 2224
6.00, 2223
6.02, 2222
6.69, 2221
6.79, 2220
7.16, 2219
7.39, 2218
7.65, 2217
7.67, 2216
7.69, 2215
10.09, 2214
10.53, 2213
10.77, 2212
10.90, 2211
10.93, 2210
10.93, 2209
11.13, 2208
11.36, 2207
13.81, 2206
13.87, 2205
21.55, 2204
110.21, 2203
