1.49, 2277
1.50, 2276
1.50, 2275
1.50, 2274
1.51, 2273
1.51, 2272
1.51, 2271
1.51, 2270
1.52, 2269
1.52, 2268
1.52, 2267
1.53, 2266
1.53, 2265
1.53, 2264
1.53, 2263
1.54, 2262
1.54, 2261
1.54, 2260
1.55, 2259
1.55, 2258
1.59, 2257
1.60, 2256
1.75, 2255
1.81, 2254
1.92, 2253
1.99, 2252
2.16, 2251
2.21, 2250
2.24, 2249
2.28, 2248
2.31, 2247
2.37, 2246
2.41, 2245
2.46, 2244
2.51, 2243
2.53, 2242
2.59, 2241
2.95, 2240
2.99, 2239
3.05, 2238
3.11, 2237
3.13, 2236
3.21, 2235
3.27, 2234
3.44, 2233
3.57, 2232
3.66, 2231
3.70, 2230
3.75, 2229
4.21, 2228
4.29, 2227
4.52, 2226
6.53, 2225
6.71, 2224
7.77, 2223
8.14, 2222
8.23, 2221
8.61, 2220
8.86, 2219
8.88, 2218
8.92, 2217
9.01, 2216
9.23, 2215
9.83, 2214
10.78, 2213
11.38, 2212
11.45, 2211
11.45, 2210
11.60, 2209
11.83, 2208
13.52, 2207
24.01, 2206
27.33, 2205
38.60, 2204
254.15, 2203
