1.58, 2277
1.59, 2276
1.59, 2275
1.59, 2274
1.60, 2273
1.60, 2272
1.60, 2271
1.61, 2270
1.61, 2269
1.62, 2268
1.62, 2267
1.62, 2266
1.63, 2265
1.63, 2264
1.64, 2263
1.64, 2262
1.64, 2261
1.64, 2260
1.65, 2259
1.65, 2258
1.70, 2257
1.70, 2256
1.88, 2255
1.95, 2254
2.04, 2253
2.13, 2252
2.26, 2251
2.36, 2250
2.38, 2249
2.43, 2248
2.54, 2247
2.57, 2246
2.65, 2245
2.70, 2244
2.72, 2243
2.78, 2242
3.11, 2241
3.14, 2240
3.18, 2239
3.25, 2238
3.26, 2237
3.31, 2236
3.40, 2235
3.57, 2234
3.80, 2233
3.87, 2232
3.90, 2231
3.93, 2230
4.01, 2229
4.25, 2228
4.30, 2227
4.42, 2226
5.68, 2225
5.75, 2224
5.83, 2223
6.47, 2222
6.54, 2221
6.80, 2220
6.98, 2219
7.15, 2218
8.22, 2217
8.38, 2216
8.76, 2215
8.78, 2214
8.88, 2213
9.08, 2212
9.19, 2211
9.25, 2210
9.26, 2209
9.37, 2208
11.06, 2207
11.14, 2206
11.17, 2205
23.58, 2204
122.43, 2203
