1.31, 2277
1.31, 2276
1.32, 2275
1.32, 2274
1.32, 2273
1.32, 2272
1.33, 2271
1.33, 2270
1.33, 2269
1.33, 2268
1.34, 2267
1.34, 2266
1.34, 2265
1.34, 2264
1.35, 2263
1.35, 2262
1.35, 2261
1.36, 2260
1.36, 2259
1.36, 2258
1.41, 2257
1.42, 2256
1.65, 2255
1.74, 2254
1.90, 2253
2.01, 2252
2.17, 2251
2.23, 2250
2.26, 2249
2.33, 2248
2.45, 2247
2.47, 2246
2.54, 2245
2.58, 2244
2.62, 2243
2.68, 2242
3.03, 2241
3.09, 2240
3.15, 2239
3.20, 2238
3.23, 2237
3.30, 2236
3.50, 2235
3.65, 2234
3.76, 2233
3.81, 2232
4.02, 2231
4.04, 2230
4.08, 2229
4.14, 2228
4.40, 2227
4.47, 2226
4.63, 2225
6.21, 2224
6.54, 2223
6.75, 2222
7.35, 2221
7.77, 2220
7.87, 2219
8.03, 2218
8.32, 2217
8.35, 2216
8.35, 2215
10.82, 2214
11.10, 2213
11.20, 2212
11.25, 2211
11.27, 2210
11.43, 2209
14.22, 2208
22.62, 2207
30.06, 2206
42.77, 2205
45.74, 2204
189.53, 2203
