1.34, 2277
1.34, 2276
1.34, 2275
1.35, 2274
1.35, 2273
1.35, 2272
1.35, 2271
1.36, 2270
1.36, 2269
1.36, 2268
1.37, 2267
1.37, 2266
1.37, 2265
1.37, 2264
1.38, 2263
1.38, 2262
1.38, 2261
1.38, 2260
1.39, 2259
1.39, 2258
1.43, 2257
1.45, 2256
1.75, 2255
1.87, 2254
1.98, 2253
2.11, 2252
2.25, 2251
2.31, 2250
2.34, 2249
2.39, 2248
2.42, 2247
2.47, 2246
2.50, 2245
2.54, 2244
2.58, 2243
2.60, 2242
2.68, 2241
3.05, 2240
3.11, 2239
3.18, 2238
3.24, 2237
3.26, 2236
3.36, 2235
3.41, 2234
3.59, 2233
3.64, 2232
3.67, 2231
3.96, 2230
3.97, 2229
4.01, 2228
5.29, 2227
5.34, 2226
5.49, 2225
5.55, 2224
5.67, 2223
5.87, 2222
6.60, 2221
6.69, 2220
6.91, 2219
7.11, 2218
7.29, 2217
7.30, 2216
7.31, 2215
7.39, 2214
9.30, 2213
9.37, 2212
9.41, 2211
9.42, 2210
9.44, 2209
9.61, 2208
9.93, 2207
19.17, 2206
21.96, 2205
35.32, 2204
150.88, 2203
