1.76, 2276
25.70, 2275
26.18, 2274
26.82, 2273
29.01, 2272
29.32, 2271
29.71, 2270
29.72, 2269
31.04, 2268
31.50, 2267
31.90, 2266
32.93, 2265
33.34, 2264
33.37, 2263
33.44, 2262
34.62, 2261
34.62, 2260
35.13, 2259
35.46, 2258
36.47, 2257
36.69, 2256
37.50, 2255
37.90, 2254
39.41, 2253
39.99, 2252
41.77, 2251
42.56, 2250
42.67, 2249
43.09, 2248
43.09, 2247
43.20, 2246
44.93, 2245
45.52, 2244
46.22, 2243
46.52, 2242
47.92, 2241
48.59, 2240
48.70, 2239
52.43, 2238
53.54, 2237
55.40, 2236
58.01, 2235
58.11, 2234
58.14, 2233
64.47, 2232
66.62, 2231
70.94, 2230
72.99, 2229
77.33, 2228
79.54, 2227
80.09, 2226
84.35, 2225
88.22, 2224
89.05, 2223
96.06, 2222
96.61, 2221
99.00, 2220
100.13, 2219
102.21, 2218
