1.36, 2277
1.37, 2276
1.37, 2275
1.37, 2274
1.38, 2273
1.38, 2272
1.38, 2271
1.39, 2270
1.39, 2269
1.39, 2268
1.40, 2267
1.40, 2266
1.40, 2265
1.40, 2264
1.41, 2263
1.41, 2262
1.41, 2261
1.42, 2260
1.42, 2259
1.42, 2258
1.47, 2257
1.48, 2256
1.66, 2255
1.79, 2254
1.89, 2253
2.07, 2252
2.40, 2251
2.44, 2250
2.46, 2249
2.49, 2248
2.53, 2247
2.56, 2246
2.61, 2245
2.69, 2244
2.75, 2243
2.77, 2242
2.84, 2241
3.27, 2240
3.30, 2239
3.33, 2238
3.39, 2237
3.43, 2236
3.52, 2235
3.56, 2234
3.69, 2233
4.05, 2232
4.07, 2231
4.10, 2230
4.37, 2229
4.43, 2228
4.58, 2227
5.52, 2226
5.65, 2225
5.86, 2224
5.97, 2223
6.00, 2222
6.64, 2221
6.71, 2220
6.92, 2219
7.04, 2218
7.23, 2217
7.24, 2216
7.25, 2215
7.30, 2214
8.84, 2213
9.78, 2212
9.87, 2211
9.94, 2210
9.94, 2209
10.12, 2208
12.78, 2207
13.04, 2206
20.93, 2205
22.43, 2204
34.80, 2203
