1.49, 2277
1.49, 2276
1.50, 2275
1.50, 2274
1.50, 2273
1.50, 2272
1.51, 2271
1.51, 2270
1.51, 2269
1.51, 2268
1.52, 2267
1.52, 2266
1.52, 2265
1.52, 2264
1.53, 2263
1.53, 2262
1.53, 2261
1.53, 2260
1.54, 2259
1.54, 2258
1.58, 2257
1.60, 2256
1.80, 2255
1.90, 2254
1.99, 2253
2.08, 2252
2.26, 2251
2.34, 2250
2.40, 2249
2.44, 2248
2.59, 2247
2.64, 2246
2.66, 2245
2.72, 2244
2.74, 2243
2.81, 2242
3.20, 2241
3.23, 2240
3.27, 2239
3.33, 2238
3.36, 2237
3.44, 2236
3.48, 2235
3.76, 2234
4.00, 2233
4.03, 2232
4.08, 2231
4.14, 2230
5.30, 2229
5.46, 2228
5.50, 2227
5.61, 2226
5.66, 2225
5.75, 2224
5.86, 2223
6.58, 2222
6.71, 2221
6.99, 2220
7.08, 2219
7.21, 2218
7.22, 2217
7.23, 2216
8.80, 2215
8.84, 2214
9.40, 2213
9.60, 2212
9.72, 2211
9.76, 2210
9.76, 2209
9.92, 2208
11.95, 2207
19.11, 2206
22.95, 2205
37.31, 2204
130.23, 2203
