1.54, 2277
1.55, 2276
1.55, 2275
1.55, 2274
1.56, 2273
1.56, 2272
1.57, 2271
1.57, 2270
1.57, 2269
1.58, 2268
1.58, 2267
1.58, 2266
1.59, 2265
1.59, 2264
1.59, 2263
1.59, 2262
1.60, 2261
1.60, 2260
1.60, 2259
1.61, 2258
1.66, 2257
1.66, 2256
1.82, 2255
1.91, 2254
2.03, 2253
2.13, 2252
2.27, 2251
2.37, 2250
2.40, 2249
2.43, 2248
2.58, 2247
2.64, 2246
2.71, 2245
2.75, 2244
2.83, 2243
2.91, 2242
3.30, 2241
3.35, 2240
3.40, 2239
3.47, 2238
3.50, 2237
3.61, 2236
3.63, 2235
3.76, 2234
3.99, 2233
4.01, 2232
4.06, 2231
4.09, 2230
4.13, 2229
4.17, 2228
4.41, 2227
4.45, 2226
5.39, 2225
5.53, 2224
5.59, 2223
5.73, 2222
5.75, 2221
6.35, 2220
6.63, 2219
6.71, 2218
6.90, 2217
7.06, 2216
7.08, 2215
7.10, 2214
7.16, 2213
9.61, 2212
9.73, 2211
9.82, 2210
9.84, 2209
10.09, 2208
11.77, 2207
19.78, 2206
23.93, 2205
39.95, 2204
54.88, 2203
