34.00, 2276
34.38, 2275
34.93, 2274
36.48, 2273
37.04, 2272
37.87, 2271
37.87, 2270
39.23, 2269
41.66, 2268
42.30, 2267
42.32, 2266
45.26, 2265
45.84, 2264
46.22, 2263
47.54, 2262
48.97, 2261
49.81, 2260
50.60, 2259
51.76, 2258
52.74, 2257
53.58, 2256
54.85, 2255
56.09, 2254
56.41, 2253
57.68, 2252
60.15, 2251
62.31, 2250
62.44, 2249
65.17, 2248
65.46, 2247
66.73, 2246
68.71, 2245
69.44, 2244
69.61, 2243
70.51, 2242
70.53, 2241
72.31, 2240
73.29, 2239
74.43, 2238
75.28, 2237
75.33, 2236
82.99, 2235
83.01, 2234
83.38, 2233
84.36, 2232
86.43, 2231
87.57, 2230
88.48, 2229
89.80, 2228
89.87, 2227
91.53, 2226
92.59, 2225
92.78, 2224
93.36, 2223
94.86, 2222
97.05, 2221
108.89, 2220
109.19, 2219
