1.55, 2277
1.56, 2276
1.56, 2275
1.57, 2274
1.57, 2273
1.57, 2272
1.58, 2271
1.58, 2270
1.58, 2269
1.58, 2268
1.59, 2267
1.59, 2266
1.59, 2265
1.60, 2264
1.60, 2263
1.61, 2262
1.61, 2261
1.61, 2260
1.61, 2259
1.62, 2258
1.68, 2257
1.69, 2256
1.92, 2255
2.05, 2254
2.13, 2253
2.24, 2252
2.46, 2251
2.52, 2250
2.56, 2249
2.61, 2248
2.74, 2247
2.80, 2246
2.84, 2245
2.88, 2244
2.90, 2243
2.97, 2242
3.39, 2241
3.44, 2240
3.49, 2239
3.56, 2238
3.58, 2237
3.63, 2236
3.66, 2235
3.81, 2234
3.95, 2233
4.14, 2232
4.19, 2231
4.21, 2230
4.25, 2229
4.28, 2228
4.53, 2227
4.62, 2226
6.03, 2225
6.06, 2224
6.19, 2223
6.23, 2222
7.02, 2221
7.13, 2220
7.38, 2219
7.57, 2218
7.75, 2217
7.76, 2216
7.78, 2215
9.26, 2214
9.98, 2213
10.23, 2212
10.37, 2211
10.41, 2210
10.41, 2209
10.67, 2208
24.55, 2207
26.14, 2206
27.65, 2205
85.07, 2204
96.47, 2203
