1.51, 2277
1.51, 2276
1.52, 2275
1.52, 2274
1.52, 2273
1.53, 2272
1.53, 2271
1.53, 2270
1.54, 2269
1.54, 2268
1.54, 2267
1.54, 2266
1.55, 2265
1.55, 2264
1.55, 2263
1.56, 2262
1.56, 2261
1.56, 2260
1.56, 2259
1.57, 2258
1.61, 2257
1.62, 2256
1.81, 2255
1.91, 2254
2.00, 2253
2.08, 2252
2.24, 2251
2.31, 2250
2.33, 2249
2.39, 2248
2.50, 2247
2.52, 2246
2.56, 2245
2.63, 2244
2.64, 2243
2.70, 2242
3.00, 2241
3.06, 2240
3.10, 2239
3.15, 2238
3.18, 2237
3.25, 2236
3.27, 2235
3.37, 2234
3.46, 2233
3.61, 2232
3.69, 2231
3.71, 2230
3.75, 2229
3.79, 2228
4.00, 2227
4.07, 2226
4.17, 2225
4.22, 2224
4.28, 2223
4.39, 2222
6.78, 2221
6.90, 2220
7.26, 2219
7.71, 2218
7.98, 2217
8.01, 2216
8.02, 2215
8.13, 2214
9.95, 2213
10.08, 2212
10.12, 2211
10.13, 2210
10.38, 2209
11.86, 2208
12.39, 2207
23.32, 2206
24.29, 2205
41.47, 2204
61.37, 2203
