0.99, 2277
0.99, 2276
1.00, 2275
1.00, 2274
1.00, 2273
1.00, 2272
1.01, 2271
1.01, 2270
1.01, 2269
1.01, 2268
1.02, 2267
1.02, 2266
1.02, 2265
1.02, 2264
1.03, 2263
1.03, 2262
1.03, 2261
1.04, 2260
1.04, 2259
1.04, 2258
1.09, 2257
1.09, 2256
1.32, 2255
1.41, 2254
1.54, 2253
1.63, 2252
1.78, 2251
1.82, 2250
1.85, 2249
1.88, 2248
2.00, 2247
2.05, 2246
2.09, 2245
2.12, 2244
2.14, 2243
2.21, 2242
2.56, 2241
2.62, 2240
2.66, 2239
2.72, 2238
2.76, 2237
2.84, 2236
2.87, 2235
2.96, 2234
2.97, 2233
3.21, 2232
3.25, 2231
3.34, 2230
3.35, 2229
3.42, 2228
3.49, 2227
3.78, 2226
3.84, 2225
3.87, 2224
5.24, 2223
5.30, 2222
5.36, 2221
5.48, 2220
6.25, 2219
6.42, 2218
6.65, 2217
6.75, 2216
7.02, 2215
7.03, 2214
7.05, 2213
9.17, 2212
9.26, 2211
9.35, 2210
9.40, 2209
9.41, 2208
9.56, 2207
9.87, 2206
45.55, 2205
77.76, 2204
107.37, 2203
