1.47, 2277
1.47, 2276
1.47, 2275
1.48, 2274
1.48, 2273
1.48, 2272
1.48, 2271
1.49, 2270
1.49, 2269
1.49, 2268
1.50, 2267
1.50, 2266
1.50, 2265
1.50, 2264
1.51, 2263
1.51, 2262
1.51, 2261
1.51, 2260
1.52, 2259
1.52, 2258
1.56, 2257
1.57, 2256
1.82, 2255
1.89, 2254
1.99, 2253
2.04, 2252
2.17, 2251
2.22, 2250
2.25, 2249
2.28, 2248
2.39, 2247
2.44, 2246
2.50, 2245
2.54, 2244
2.56, 2243
2.62, 2242
2.93, 2241
2.98, 2240
3.03, 2239
3.07, 2238
3.10, 2237
3.16, 2236
3.21, 2235
3.32, 2234
3.39, 2233
3.56, 2232
3.62, 2231
3.63, 2230
3.66, 2229
3.71, 2228
3.95, 2227
4.01, 2226
4.13, 2225
4.18, 2224
5.14, 2223
5.34, 2222
5.56, 2221
6.17, 2220
6.28, 2219
6.49, 2218
6.62, 2217
6.76, 2216
6.77, 2215
6.79, 2214
6.88, 2213
8.13, 2212
8.19, 2211
9.11, 2210
9.16, 2209
9.17, 2208
9.37, 2207
11.14, 2206
11.99, 2205
29.68, 2204
97.39, 2203
