1.61, 2277
1.62, 2276
1.62, 2275
1.63, 2274
1.63, 2273
1.63, 2272
1.64, 2271
1.64, 2270
1.64, 2269
1.65, 2268
1.65, 2267
1.65, 2266
1.66, 2265
1.66, 2264
1.66, 2263
1.66, 2262
1.67, 2261
1.67, 2260
1.67, 2259
1.68, 2258
1.72, 2257
1.73, 2256
1.93, 2255
2.02, 2254
2.18, 2253
2.43, 2252
2.67, 2251
2.81, 2250
2.87, 2249
2.93, 2248
2.98, 2247
3.08, 2246
3.17, 2245
3.25, 2244
3.32, 2243
3.35, 2242
3.50, 2241
3.95, 2240
3.97, 2239
4.03, 2238
4.08, 2237
4.11, 2236
4.17, 2235
4.20, 2234
4.34, 2233
4.45, 2232
4.59, 2231
4.77, 2230
4.80, 2229
4.87, 2228
4.92, 2227
6.11, 2226
6.16, 2225
6.30, 2224
6.37, 2223
6.42, 2222
6.51, 2221
7.35, 2220
7.44, 2219
7.69, 2218
7.88, 2217
8.04, 2216
8.05, 2215
8.07, 2214
8.15, 2213
9.75, 2212
10.42, 2211
10.46, 2210
10.48, 2209
10.71, 2208
19.17, 2207
20.43, 2206
24.72, 2205
25.29, 2204
219.11, 2203
