1.71, 2277
1.72, 2276
1.72, 2275
1.73, 2274
1.73, 2273
1.74, 2272
1.74, 2271
1.74, 2270
1.74, 2269
1.75, 2268
1.75, 2267
1.75, 2266
1.76, 2265
1.76, 2264
1.76, 2263
1.77, 2262
1.77, 2261
1.77, 2260
1.78, 2259
1.78, 2258
1.83, 2257
1.83, 2256
2.03, 2255
2.14, 2254
2.26, 2253
2.35, 2252
2.49, 2251
2.58, 2250
2.63, 2249
2.65, 2248
2.80, 2247
2.83, 2246
2.88, 2245
2.91, 2244
2.95, 2243
3.01, 2242
3.36, 2241
3.38, 2240
3.43, 2239
3.50, 2238
3.52, 2237
3.59, 2236
3.63, 2235
3.70, 2234
3.76, 2233
3.88, 2232
4.07, 2231
4.09, 2230
4.13, 2229
4.19, 2228
4.42, 2227
4.49, 2226
5.38, 2225
5.40, 2224
5.81, 2223
5.91, 2222
5.92, 2221
6.03, 2220
6.66, 2219
6.76, 2218
6.95, 2217
7.17, 2216
7.37, 2215
7.37, 2214
7.38, 2213
9.16, 2212
9.39, 2211
9.47, 2210
9.54, 2209
9.60, 2208
9.81, 2207
10.15, 2206
30.17, 2205
44.12, 2204
47.58, 2203
