27.09, 2276
27.74, 2275
27.99, 2274
28.38, 2273
29.03, 2272
29.40, 2271
29.55, 2270
30.17, 2269
30.22, 2268
32.79, 2267
33.66, 2266
33.95, 2265
34.64, 2264
35.27, 2263
35.42, 2262
36.48, 2261
38.55, 2260
38.93, 2259
40.31, 2258
40.39, 2257
42.41, 2256
42.59, 2255
42.68, 2254
43.37, 2253
43.58, 2252
43.98, 2251
46.27, 2250
47.19, 2249
48.13, 2248
48.46, 2247
48.90, 2246
49.39, 2245
49.59, 2244
50.07, 2243
50.64, 2242
50.85, 2241
50.95, 2240
52.42, 2239
54.02, 2238
56.46, 2237
59.55, 2236
59.79, 2235
61.23, 2234
64.59, 2233
65.25, 2232
66.31, 2231
68.17, 2230
71.88, 2229
73.41, 2228
73.92, 2227
75.47, 2226
77.75, 2225
86.08, 2224
88.68, 2223
90.91, 2222
97.68, 2221
102.36, 2220
105.96, 2219
