1.48, 2277
1.49, 2276
1.49, 2275
1.49, 2274
1.50, 2273
1.50, 2272
1.50, 2271
1.51, 2270
1.51, 2269
1.51, 2268
1.51, 2267
1.52, 2266
1.52, 2265
1.52, 2264
1.53, 2263
1.53, 2262
1.54, 2261
1.54, 2260
1.54, 2259
1.55, 2258
1.61, 2257
1.63, 2256
1.89, 2255
1.98, 2254
2.09, 2253
2.22, 2252
2.36, 2251
2.45, 2250
2.50, 2249
2.56, 2248
2.67, 2247
2.71, 2246
2.75, 2245
2.82, 2244
2.84, 2243
2.95, 2242
3.25, 2241
3.30, 2240
3.35, 2239
3.41, 2238
3.43, 2237
3.55, 2236
3.58, 2235
3.70, 2234
3.77, 2233
4.10, 2232
4.13, 2231
4.15, 2230
4.18, 2229
4.25, 2228
4.46, 2227
4.53, 2226
6.34, 2225
6.36, 2224
6.40, 2223
6.53, 2222
7.25, 2221
7.34, 2220
7.63, 2219
7.95, 2218
10.17, 2217
10.19, 2216
10.22, 2215
10.32, 2214
10.60, 2213
10.74, 2212
10.83, 2211
10.83, 2210
11.11, 2209
13.76, 2208
21.85, 2207
29.97, 2206
42.77, 2205
47.90, 2204
90.92, 2203
