25.11, 2276
25.20, 2275
25.31, 2274
25.94, 2273
26.08, 2272
26.15, 2271
26.30, 2270
26.33, 2269
26.81, 2268
26.96, 2267
27.04, 2266
27.73, 2265
27.73, 2264
28.01, 2263
28.50, 2262
28.86, 2261
29.20, 2260
29.42, 2259
29.63, 2258
29.89, 2257
30.00, 2256
31.95, 2255
32.17, 2254
32.87, 2253
35.06, 2252
35.65, 2251
37.19, 2250
39.03, 2249
40.01, 2248
40.32, 2247
42.82, 2246
44.65, 2245
45.06, 2244
45.08, 2243
47.32, 2242
47.55, 2241
48.54, 2240
49.84, 2239
50.11, 2238
52.70, 2237
56.65, 2236
57.53, 2235
57.96, 2234
61.09, 2233
62.76, 2232
64.39, 2231
66.67, 2230
69.39, 2229
70.30, 2228
71.07, 2227
71.74, 2226
74.19, 2225
76.59, 2224
77.97, 2223
87.94, 2222
89.87, 2221
90.37, 2220
92.85, 2219
94.67, 2218
95.44, 2217
