1.40, 2277
1.41, 2276
1.41, 2275
1.41, 2274
1.42, 2273
1.42, 2272
1.42, 2271
1.43, 2270
1.43, 2269
1.43, 2268
1.43, 2267
1.44, 2266
1.44, 2265
1.44, 2264
1.45, 2263
1.45, 2262
1.45, 2261
1.45, 2260
1.46, 2259
1.46, 2258
1.50, 2257
1.52, 2256
1.69, 2255
1.78, 2254
1.86, 2253
1.93, 2252
2.14, 2251
2.22, 2250
2.25, 2249
2.29, 2248
2.32, 2247
2.36, 2246
2.40, 2245
2.44, 2244
2.49, 2243
2.51, 2242
2.56, 2241
2.89, 2240
2.93, 2239
2.98, 2238
3.04, 2237
3.07, 2236
3.17, 2235
3.19, 2234
3.27, 2233
3.39, 2232
3.52, 2231
3.60, 2230
3.63, 2229
3.66, 2228
3.94, 2227
3.97, 2226
4.10, 2225
4.15, 2224
5.69, 2223
5.72, 2222
6.27, 2221
6.52, 2220
6.57, 2219
6.72, 2218
6.87, 2217
6.88, 2216
6.89, 2215
8.72, 2214
8.94, 2213
9.01, 2212
9.07, 2211
9.08, 2210
9.14, 2209
9.29, 2208
9.58, 2207
11.38, 2206
28.88, 2205
30.37, 2204
96.42, 2203
