6.17, 4697
6.22, 4696
6.24, 4695
6.26, 4694
6.29, 4693
6.31, 4692
6.33, 4691
6.36, 4690
6.38, 4689
6.40, 4688
6.42, 4687
6.44, 4686
6.47, 4685
6.49, 4684
6.51, 4683
6.54, 4682
6.56, 4681
6.58, 4680
6.61, 4679
6.63, 4678
6.66, 4677
6.69, 4676
6.71, 4675
6.74, 4674
6.76, 4673
6.79, 4672
6.81, 4671
6.83, 4670
6.85, 4669
6.88, 4668
6.90, 4667
6.92, 4666
6.94, 4665
6.96, 4664
6.98, 4663
7.00, 4662
7.03, 4661
7.05, 4660
7.08, 4659
7.11, 4658
7.14, 4657
7.17, 4656
7.21, 4655
7.23, 4654
7.25, 4653
7.44, 4652
7.58, 4651
8.06, 4650
8.28, 4649
8.77, 4648
8.86, 4647
9.12, 4646
9.39, 4645
9.65, 4644
10.17, 4643
10.63, 4642
11.07, 4641
11.24, 4640
11.26, 4639
11.39, 4638
11.41, 4637
12.21, 4636
12.23, 4635
12.32, 4634
12.63, 4633
13.18, 4632
13.58, 4631
14.33, 4630
14.35, 4629
15.27, 4628
15.93, 4627
16.05, 4626
16.78, 4625
16.90, 4624
17.36, 4623
18.00, 4622
18.12, 4621
18.14, 4620
18.21, 4619
18.66, 4618
19.08, 4617
19.20, 4616
19.30, 4615
19.65, 4614
20.25, 4613
21.25, 4612
21.40, 4611
21.62, 4610
21.87, 4609
22.20, 4608
22.55, 4607
22.98, 4606
23.86, 4605
24.92, 4604
24.94, 4603
26.00, 4602
26.33, 4601
26.46, 4600
27.02, 4599
27.11, 4598
27.32, 4597
27.83, 4596
28.24, 4595
28.90, 4594
31.30, 4593
31.67, 4592
31.93, 4591
32.04, 4590
32.17, 4589
33.37, 4588
33.55, 4587
35.62, 4586
35.64, 4585
36.45, 4584
36.68, 4583
37.11, 4582
37.23, 4581
37.67, 4580
38.04, 4579
39.05, 4578
39.45, 4577
41.11, 4576
43.34, 4575
43.36, 4574
44.57, 4573
44.89, 4572
46.34, 4571
46.51, 4570
46.88, 4569
47.35, 4568
47.88, 4567
48.50, 4566
48.84, 4565
49.58, 4564
49.83, 4563
55.12, 4562
56.56, 4561
95.45, 4560
95.47, 4559
96.31, 4558
105.77, 4557
106.88, 4556
110.82, 4555
113.83, 4554
122.54, 4553
122.68, 4552
131.71, 4551
131.92, 4550
137.68, 4549
188.60, 4548
193.91, 4547
197.38, 4546
217.51, 4545
251.61, 4544
