5.51, 7374
5.53, 7373
5.55, 7372
5.56, 7371
5.57, 7370
5.59, 7369
5.60, 7368
5.61, 7367
5.63, 7366
5.64, 7365
5.65, 7364
5.67, 7363
5.68, 7362
5.69, 7361
5.71, 7360
5.72, 7359
5.73, 7358
5.75, 7357
5.76, 7356
5.77, 7355
5.78, 7354
5.80, 7353
5.81, 7352
5.82, 7351
5.84, 7350
5.85, 7349
5.86, 7348
5.87, 7347
5.89, 7346
8.82, 7345
12.96, 7344
13.56, 7343
13.61, 7342
15.02, 7341
22.65, 7340
24.44, 7339
26.26, 7338
26.31, 7337
26.40, 7336
26.44, 7335
26.54, 7334
26.58, 7333
26.69, 7332
26.73, 7331
26.74, 7330
26.93, 7329
26.97, 7328
27.06, 7327
27.10, 7326
27.23, 7325
27.26, 7324
27.51, 7323
27.55, 7322
27.65, 7321
27.70, 7320
27.80, 7319
27.84, 7318
27.95, 7317
28.00, 7316
28.01, 7315
28.10, 7314
28.27, 7313
28.31, 7312
28.44, 7311
28.48, 7310
28.57, 7309
28.61, 7308
28.62, 7307
28.63, 7306
28.65, 7305
28.78, 7304
28.82, 7303
28.92, 7302
28.96, 7301
28.98, 7300
29.07, 7299
29.11, 7298
29.25, 7297
29.35, 7296
29.38, 7295
29.48, 7294
29.53, 7293
29.54, 7292
29.55, 7291
29.73, 7290
29.84, 7289
29.89, 7288
29.99, 7287
30.09, 7286
30.15, 7285
30.19, 7284
30.20, 7283
30.30, 7282
30.35, 7281
30.45, 7280
30.49, 7279
30.59, 7278
30.64, 7277
30.74, 7276
30.78, 7275
30.79, 7274
30.81, 7273
30.82, 7272
30.83, 7271
30.98, 7270
31.02, 7269
31.12, 7268
31.17, 7267
31.26, 7266
31.30, 7265
31.40, 7264
31.44, 7263
31.45, 7262
31.55, 7261
31.58, 7260
31.68, 7259
31.73, 7258
31.82, 7257
31.86, 7256
31.96, 7255
32.00, 7254
32.02, 7253
32.03, 7252
32.17, 7251
32.21, 7250
32.30, 7249
32.36, 7248
32.49, 7247
32.53, 7246
32.63, 7245
32.67, 7244
32.68, 7243
32.77, 7242
32.81, 7241
32.91, 7240
32.95, 7239
33.04, 7238
33.08, 7237
33.17, 7236
33.22, 7235
33.23, 7234
33.24, 7233
33.25, 7232
33.49, 7231
33.56, 7230
33.73, 7229
33.80, 7228
33.98, 7227
34.05, 7226
34.15, 7225
34.19, 7224
34.20, 7223
34.35, 7222
34.54, 7221
34.61, 7220
34.79, 7219
34.86, 7218
35.00, 7217
35.02, 7216
35.04, 7215
35.13, 7214
35.36, 7213
35.44, 7212
35.61, 7211
35.68, 7210
35.85, 7209
35.93, 7208
36.10, 7207
36.18, 7206
36.19, 7205
36.30, 7204
36.36, 7203
36.52, 7202
36.56, 7201
36.71, 7200
36.75, 7199
36.91, 7198
36.94, 7197
36.96, 7196
36.97, 7195
36.99, 7194
37.00, 7193
37.14, 7192
37.21, 7191
37.48, 7190
37.70, 7189
37.78, 7188
37.94, 7187
37.98, 7186
37.99, 7185
38.09, 7184
38.15, 7183
38.33, 7182
38.40, 7181
38.57, 7180
38.64, 7179
38.89, 7178
38.91, 7177
38.93, 7176
39.01, 7175
39.23, 7174
39.42, 7173
39.49, 7172
39.66, 7171
39.68, 7170
39.76, 7169
39.93, 7168
40.00, 7167
40.02, 7166
40.20, 7165
40.27, 7164
40.40, 7163
40.47, 7162
40.65, 7161
40.84, 7160
40.92, 7159
40.94, 7158
40.96, 7157
41.13, 7156
41.20, 7155
41.34, 7154
41.38, 7153
41.40, 7152
41.49, 7151
41.56, 7150
41.73, 7149
41.80, 7148
41.97, 7147
42.04, 7146
42.22, 7145
42.29, 7144
42.31, 7143
42.33, 7142
42.48, 7141
42.55, 7140
42.72, 7139
42.79, 7138
42.89, 7137
42.94, 7136
43.04, 7135
43.08, 7134
43.10, 7133
43.19, 7132
43.26, 7131
43.43, 7130
43.50, 7129
43.67, 7128
43.75, 7127
43.92, 7126
43.99, 7125
44.01, 7124
44.03, 7123
44.06, 7122
44.08, 7121
44.33, 7120
44.40, 7119
44.58, 7118
44.65, 7117
44.83, 7116
44.90, 7115
45.08, 7114
45.15, 7113
45.17, 7112
45.34, 7111
45.40, 7110
45.62, 7109
45.84, 7108
45.91, 7107
46.01, 7106
46.07, 7105
46.09, 7104
46.11, 7103
46.36, 7102
46.43, 7101
46.60, 7100
46.68, 7099
46.85, 7098
46.92, 7097
47.05, 7096
47.09, 7095
47.10, 7094
47.19, 7093
47.26, 7092
47.42, 7091
47.50, 7090
47.59, 7089
47.66, 7088
47.79, 7087
47.84, 7086
47.85, 7085
47.86, 7084
47.87, 7083
48.11, 7082
48.18, 7081
48.35, 7080
48.39, 7079
48.51, 7078
48.64, 7077
48.69, 7076
48.70, 7075
48.79, 7074
48.83, 7073
48.93, 7072
48.97, 7071
49.06, 7070
49.10, 7069
49.20, 7068
49.23, 7067
49.25, 7066
49.26, 7065
49.40, 7064
49.44, 7063
49.53, 7062
49.57, 7061
49.67, 7060
49.71, 7059
49.81, 7058
49.85, 7057
49.87, 7056
49.96, 7055
50.00, 7054
50.10, 7053
50.14, 7052
50.24, 7051
50.29, 7050
50.38, 7049
50.43, 7048
50.44, 7047
50.46, 7046
50.47, 7045
50.48, 7044
50.50, 7043
50.51, 7042
50.53, 7041
50.54, 7040
50.56, 7039
50.57, 7038
50.59, 7037
50.60, 7036
50.62, 7035
50.64, 7034
50.65, 7033
53.47, 7032
55.21, 7031
55.24, 7030
55.34, 7029
55.39, 7028
55.56, 7027
55.88, 7026
56.14, 7025
56.30, 7024
56.37, 7023
56.45, 7022
56.47, 7021
56.51, 7020
56.94, 7019
57.17, 7018
57.19, 7017
57.23, 7016
57.28, 7015
58.09, 7014
58.29, 7013
58.39, 7012
58.45, 7011
58.57, 7010
58.77, 7009
59.18, 7008
59.48, 7007
60.09, 7006
60.63, 7005
60.96, 7004
61.04, 7003
61.10, 7002
61.20, 7001
63.43, 7000
63.95, 6999
64.28, 6998
64.59, 6997
68.26, 6996
68.42, 6995
68.54, 6994
68.56, 6993
68.79, 6992
68.88, 6991
68.98, 6990
69.01, 6989
69.18, 6988
69.19, 6987
69.44, 6986
69.46, 6985
69.65, 6984
69.77, 6983
69.79, 6982
69.95, 6981
70.08, 6980
71.18, 6979
71.26, 6978
71.27, 6977
71.58, 6976
72.04, 6975
73.25, 6974
73.26, 6973
73.39, 6972
73.88, 6971
74.22, 6970
74.38, 6969
74.75, 6968
74.78, 6967
74.82, 6966
75.13, 6965
75.14, 6964
75.24, 6963
75.58, 6962
75.67, 6961
75.99, 6960
77.38, 6959
77.98, 6958
78.04, 6957
79.69, 6956
80.42, 6955
80.47, 6954
81.44, 6953
82.00, 6952
82.99, 6951
88.61, 6950
89.72, 6949
90.14, 6948
90.70, 6947
91.94, 6946
92.05, 6945
92.83, 6944
93.40, 6943
93.58, 6942
94.21, 6941
94.30, 6940
100.07, 6939
101.50, 6938
113.33, 6937
113.80, 6936
114.46, 6935
114.95, 6934
115.04, 6933
116.76, 6932
118.58, 6931
120.43, 6930
122.41, 6929
122.45, 6928
122.51, 6927
126.99, 6926
132.69, 6925
132.86, 6924
171.38, 6923
171.82, 6922
173.01, 6921
182.89, 6920
205.02, 6919
212.91, 6918
244.52, 6917
302.93, 6916
343.72, 6915
352.52, 6914
360.75, 6913
398.40, 6912
522.97, 6911
