5.40, 7374
5.42, 7373
5.44, 7372
5.45, 7371
5.46, 7370
5.48, 7369
5.49, 7368
5.50, 7367
5.51, 7366
5.53, 7365
5.54, 7364
5.55, 7363
5.57, 7362
5.58, 7361
5.59, 7360
5.60, 7359
5.62, 7358
5.63, 7357
5.64, 7356
5.66, 7355
5.67, 7354
5.68, 7353
5.69, 7352
5.71, 7351
5.72, 7350
5.73, 7349
5.75, 7348
5.76, 7347
5.77, 7346
8.67, 7345
12.50, 7344
13.16, 7343
13.21, 7342
14.59, 7341
22.15, 7340
24.02, 7339
25.93, 7338
25.97, 7337
26.06, 7336
26.10, 7335
26.20, 7334
26.25, 7333
26.34, 7332
26.38, 7331
26.40, 7330
26.58, 7329
26.62, 7328
26.72, 7327
26.76, 7326
26.89, 7325
26.94, 7324
27.26, 7323
27.30, 7322
27.40, 7321
27.44, 7320
27.55, 7319
27.59, 7318
27.68, 7317
27.72, 7316
27.73, 7315
27.83, 7314
27.96, 7313
28.00, 7312
28.10, 7311
28.14, 7310
28.24, 7309
28.29, 7308
28.30, 7307
28.31, 7306
28.32, 7305
28.47, 7304
28.51, 7303
28.61, 7302
28.65, 7301
28.67, 7300
28.76, 7299
28.80, 7298
28.95, 7297
29.05, 7296
29.09, 7295
29.20, 7294
29.24, 7293
29.25, 7292
29.26, 7291
29.44, 7290
29.57, 7289
29.62, 7288
29.72, 7287
29.85, 7286
29.88, 7285
29.92, 7284
29.93, 7283
30.02, 7282
30.06, 7281
30.16, 7280
30.20, 7279
30.34, 7278
30.41, 7277
30.58, 7276
30.65, 7275
30.67, 7274
30.69, 7273
30.71, 7272
30.73, 7271
30.97, 7270
31.05, 7269
31.16, 7268
31.20, 7267
31.30, 7266
31.34, 7265
31.43, 7264
31.47, 7263
31.49, 7262
31.58, 7261
31.62, 7260
31.72, 7259
31.76, 7258
31.86, 7257
31.90, 7256
32.00, 7255
32.05, 7254
32.06, 7253
32.07, 7252
32.21, 7251
32.24, 7250
32.34, 7249
32.39, 7248
32.49, 7247
32.53, 7246
32.63, 7245
32.67, 7244
32.68, 7243
32.77, 7242
32.82, 7241
32.96, 7240
33.01, 7239
33.12, 7238
33.18, 7237
33.29, 7236
33.35, 7235
33.37, 7234
33.37, 7233
33.39, 7232
33.53, 7231
33.57, 7230
33.66, 7229
33.71, 7228
33.81, 7227
33.85, 7226
33.95, 7225
33.99, 7224
34.01, 7223
34.17, 7222
34.27, 7221
34.31, 7220
34.41, 7219
34.46, 7218
34.68, 7217
34.70, 7216
34.73, 7215
34.79, 7214
35.00, 7213
35.07, 7212
35.23, 7211
35.30, 7210
35.47, 7209
35.53, 7208
35.70, 7207
35.76, 7206
35.78, 7205
35.95, 7204
36.02, 7203
36.19, 7202
36.25, 7201
36.42, 7200
36.49, 7199
36.58, 7198
36.62, 7197
36.64, 7196
36.65, 7195
36.66, 7194
36.67, 7193
36.81, 7192
36.85, 7191
37.01, 7190
37.11, 7189
37.17, 7188
37.27, 7187
37.32, 7186
37.33, 7185
37.43, 7184
37.47, 7183
37.57, 7182
37.61, 7181
37.72, 7180
37.76, 7179
37.86, 7178
37.90, 7177
37.92, 7176
37.93, 7175
38.08, 7174
38.25, 7173
38.29, 7172
38.37, 7171
38.41, 7170
38.46, 7169
38.56, 7168
38.60, 7167
38.61, 7166
38.71, 7165
38.75, 7164
38.85, 7163
38.89, 7162
39.00, 7161
39.11, 7160
39.15, 7159
39.18, 7158
39.20, 7157
39.39, 7156
39.43, 7155
39.54, 7154
39.58, 7153
39.59, 7152
39.68, 7151
39.72, 7150
39.82, 7149
39.86, 7148
39.96, 7147
40.01, 7146
40.10, 7145
40.14, 7144
40.15, 7143
40.16, 7142
40.30, 7141
40.33, 7140
40.43, 7139
40.48, 7138
40.58, 7137
40.62, 7136
40.72, 7135
40.77, 7134
40.78, 7133
40.87, 7132
40.91, 7131
41.01, 7130
41.05, 7129
41.14, 7128
41.18, 7127
41.28, 7126
41.32, 7125
41.33, 7124
41.35, 7123
41.36, 7122
41.38, 7121
41.52, 7120
41.89, 7119
41.99, 7118
42.03, 7117
42.13, 7116
42.17, 7115
42.27, 7114
42.32, 7113
42.33, 7112
42.42, 7111
42.46, 7110
42.59, 7109
42.71, 7108
42.75, 7107
42.84, 7106
42.88, 7105
42.89, 7104
42.90, 7103
43.04, 7102
43.08, 7101
43.17, 7100
43.21, 7099
43.30, 7098
43.34, 7097
43.44, 7096
43.48, 7095
43.49, 7094
43.59, 7093
43.63, 7092
43.72, 7091
43.77, 7090
43.87, 7089
43.92, 7088
44.02, 7087
44.06, 7086
44.08, 7085
44.09, 7084
44.11, 7083
44.24, 7082
44.28, 7081
44.37, 7080
44.42, 7079
44.54, 7078
44.65, 7077
44.69, 7076
44.70, 7075
44.79, 7074
44.83, 7073
44.93, 7072
44.97, 7071
45.07, 7070
45.11, 7069
45.22, 7068
45.26, 7067
45.27, 7066
45.28, 7065
45.42, 7064
45.45, 7063
45.55, 7062
45.60, 7061
45.70, 7060
45.75, 7059
45.85, 7058
45.89, 7057
45.91, 7056
46.01, 7055
46.05, 7054
46.14, 7053
46.18, 7052
46.28, 7051
46.33, 7050
46.43, 7049
46.47, 7048
46.49, 7047
46.50, 7046
46.51, 7045
46.53, 7044
46.54, 7043
46.56, 7042
46.57, 7041
46.59, 7040
46.60, 7039
46.62, 7038
46.63, 7037
46.65, 7036
46.66, 7035
46.68, 7034
46.70, 7033
52.39, 7032
52.66, 7031
52.69, 7030
53.02, 7029
53.18, 7028
53.60, 7027
53.68, 7026
53.75, 7025
53.90, 7024
53.92, 7023
53.96, 7022
54.61, 7021
54.62, 7020
54.66, 7019
54.67, 7018
55.26, 7017
55.66, 7016
55.88, 7015
56.28, 7014
56.82, 7013
57.62, 7012
58.17, 7011
60.66, 7010
61.69, 7009
61.80, 7008
62.43, 7007
63.25, 7006
64.41, 7005
64.51, 7004
65.14, 7003
65.73, 7002
65.76, 7001
66.52, 7000
66.53, 6999
66.71, 6998
66.87, 6997
66.88, 6996
67.03, 6995
67.04, 6994
67.21, 6993
67.34, 6992
67.37, 6991
67.39, 6990
67.54, 6989
68.32, 6988
68.54, 6987
68.55, 6986
68.62, 6985
68.68, 6984
69.20, 6983
69.40, 6982
69.88, 6981
69.97, 6980
70.49, 6979
70.51, 6978
70.61, 6977
71.15, 6976
71.17, 6975
71.47, 6974
72.05, 6973
72.24, 6972
72.26, 6971
72.30, 6970
72.31, 6969
72.33, 6968
72.56, 6967
72.98, 6966
73.72, 6965
74.23, 6964
75.02, 6963
75.35, 6962
75.67, 6961
77.60, 6960
77.70, 6959
78.21, 6958
79.25, 6957
79.36, 6956
82.93, 6955
83.45, 6954
83.78, 6953
83.85, 6952
83.88, 6951
84.33, 6950
84.40, 6949
84.42, 6948
85.63, 6947
85.69, 6946
92.75, 6945
93.45, 6944
94.26, 6943
94.31, 6942
94.40, 6941
94.90, 6940
96.69, 6939
96.88, 6938
96.95, 6937
99.00, 6936
99.16, 6935
99.66, 6934
112.39, 6933
112.51, 6932
112.63, 6931
113.96, 6930
120.01, 6929
120.06, 6928
120.16, 6927
122.57, 6926
157.88, 6925
158.07, 6924
158.10, 6923
165.98, 6922
178.80, 6921
205.71, 6920
211.94, 6919
217.40, 6918
242.85, 6917
252.29, 6916
307.47, 6915
310.82, 6914
344.49, 6913
