5.66, 7374
5.68, 7373
5.70, 7372
5.71, 7371
5.72, 7370
5.74, 7369
5.75, 7368
5.76, 7367
5.78, 7366
5.79, 7365
5.80, 7364
5.82, 7363
5.83, 7362
5.84, 7361
5.86, 7360
5.87, 7359
5.88, 7358
5.90, 7357
5.91, 7356
5.92, 7355
5.94, 7354
5.95, 7353
5.96, 7352
5.98, 7351
5.99, 7350
6.00, 7349
6.01, 7348
6.03, 7347
6.04, 7346
9.37, 7345
13.18, 7344
13.76, 7343
13.81, 7342
15.23, 7341
24.16, 7340
25.90, 7339
27.76, 7338
27.80, 7337
27.90, 7336
27.94, 7335
28.04, 7334
28.08, 7333
28.18, 7332
28.22, 7331
28.24, 7330
28.42, 7329
28.46, 7328
28.56, 7327
28.60, 7326
28.73, 7325
28.77, 7324
29.08, 7323
29.12, 7322
29.22, 7321
29.26, 7320
29.36, 7319
29.40, 7318
29.50, 7317
29.54, 7316
29.56, 7315
29.65, 7314
29.79, 7313
29.83, 7312
29.92, 7311
29.96, 7310
30.05, 7309
30.09, 7308
30.11, 7307
30.12, 7306
30.13, 7305
30.31, 7304
30.34, 7303
30.45, 7302
30.51, 7301
30.52, 7300
30.62, 7299
30.67, 7298
30.81, 7297
30.95, 7296
31.02, 7295
31.12, 7294
31.16, 7293
31.17, 7292
31.18, 7291
31.38, 7290
31.48, 7289
31.52, 7288
31.61, 7287
31.68, 7286
31.75, 7285
31.79, 7284
31.81, 7283
31.90, 7282
31.94, 7281
32.03, 7280
32.07, 7279
32.18, 7278
32.22, 7277
32.32, 7276
32.36, 7275
32.37, 7274
32.38, 7273
32.40, 7272
32.41, 7271
32.54, 7270
32.58, 7269
32.68, 7268
32.72, 7267
32.82, 7266
32.87, 7265
32.97, 7264
33.01, 7263
33.03, 7262
33.12, 7261
33.16, 7260
33.26, 7259
33.30, 7258
33.40, 7257
33.44, 7256
33.54, 7255
33.59, 7254
33.60, 7253
33.61, 7252
33.74, 7251
33.78, 7250
33.88, 7249
33.92, 7248
34.02, 7247
34.06, 7246
34.15, 7245
34.19, 7244
34.20, 7243
34.29, 7242
34.35, 7241
34.53, 7240
34.60, 7239
34.78, 7238
34.86, 7237
35.02, 7236
35.06, 7235
35.08, 7234
35.09, 7233
35.10, 7232
35.24, 7231
35.29, 7230
35.39, 7229
35.43, 7228
35.53, 7227
35.58, 7226
35.68, 7225
35.72, 7224
35.73, 7223
35.88, 7222
36.03, 7221
36.10, 7220
36.28, 7219
36.36, 7218
36.61, 7217
36.64, 7216
36.66, 7215
36.73, 7214
36.88, 7213
36.92, 7212
37.02, 7211
37.06, 7210
37.15, 7209
37.19, 7208
37.29, 7207
37.33, 7206
37.34, 7205
37.44, 7204
37.48, 7203
37.58, 7202
37.62, 7201
37.72, 7200
37.76, 7199
37.86, 7198
37.90, 7197
37.92, 7196
37.93, 7195
37.94, 7194
37.95, 7193
38.09, 7192
38.13, 7191
38.26, 7190
38.41, 7189
38.46, 7188
38.56, 7187
38.60, 7186
38.62, 7185
38.71, 7184
38.75, 7183
38.89, 7182
38.96, 7181
39.12, 7180
39.19, 7179
39.36, 7178
39.43, 7177
39.45, 7176
39.47, 7175
39.71, 7174
39.89, 7173
39.93, 7172
40.00, 7171
40.05, 7170
40.09, 7169
40.19, 7168
40.23, 7167
40.24, 7166
40.34, 7165
40.38, 7164
40.48, 7163
40.52, 7162
40.66, 7161
40.83, 7160
40.87, 7159
40.90, 7158
40.91, 7157
41.10, 7156
41.14, 7155
41.23, 7154
41.27, 7153
41.28, 7152
41.38, 7151
41.42, 7150
41.51, 7149
41.55, 7148
41.65, 7147
41.69, 7146
41.78, 7145
41.83, 7144
41.84, 7143
41.85, 7142
41.98, 7141
42.02, 7140
42.12, 7139
42.16, 7138
42.27, 7137
42.31, 7136
42.41, 7135
42.45, 7134
42.47, 7133
42.56, 7132
42.60, 7131
42.70, 7130
42.74, 7129
42.84, 7128
42.88, 7127
42.98, 7126
43.02, 7125
43.03, 7124
43.04, 7123
43.06, 7122
43.07, 7121
43.21, 7120
43.25, 7119
43.35, 7118
43.39, 7117
43.49, 7116
43.54, 7115
43.70, 7114
43.77, 7113
43.79, 7112
43.89, 7111
43.93, 7110
44.05, 7109
44.18, 7108
44.22, 7107
44.33, 7106
44.37, 7105
44.38, 7104
44.39, 7103
44.53, 7102
44.57, 7101
44.67, 7100
44.71, 7099
44.80, 7098
44.84, 7097
44.94, 7096
44.98, 7095
45.00, 7094
45.09, 7093
45.13, 7092
45.22, 7091
45.27, 7090
45.36, 7089
45.40, 7088
45.49, 7087
45.53, 7086
45.54, 7085
45.55, 7084
45.57, 7083
45.70, 7082
45.74, 7081
45.84, 7080
45.89, 7079
46.01, 7078
46.12, 7077
46.16, 7076
46.17, 7075
46.27, 7074
46.31, 7073
46.42, 7072
46.46, 7071
46.56, 7070
46.60, 7069
46.71, 7068
46.75, 7067
46.76, 7066
46.78, 7065
46.91, 7064
46.95, 7063
47.05, 7062
47.09, 7061
47.18, 7060
47.22, 7059
47.32, 7058
47.36, 7057
47.37, 7056
47.47, 7055
47.51, 7054
47.60, 7053
47.64, 7052
47.74, 7051
47.78, 7050
47.88, 7049
47.93, 7048
47.94, 7047
47.95, 7046
47.97, 7045
47.98, 7044
47.99, 7043
48.01, 7042
48.02, 7041
48.04, 7040
48.05, 7039
48.07, 7038
48.08, 7037
48.10, 7036
48.11, 7035
48.13, 7034
48.14, 7033
53.88, 7032
53.93, 7031
53.96, 7030
54.10, 7029
54.13, 7028
54.41, 7027
55.06, 7026
55.13, 7025
55.27, 7024
55.29, 7023
55.34, 7022
56.49, 7021
56.52, 7020
57.38, 7019
57.49, 7018
58.16, 7017
58.43, 7016
58.69, 7015
59.76, 7014
60.01, 7013
60.12, 7012
60.14, 7011
60.84, 7010
61.88, 7009
62.13, 7008
62.47, 7007
62.51, 7006
62.60, 7005
65.49, 7004
65.89, 7003
66.72, 7002
66.78, 7001
68.46, 7000
69.88, 6999
70.11, 6998
70.14, 6997
70.34, 6996
70.54, 6995
70.76, 6994
70.90, 6993
71.05, 6992
71.61, 6991
71.64, 6990
71.78, 6989
71.81, 6988
72.27, 6987
72.38, 6986
72.40, 6985
72.77, 6984
75.32, 6983
75.35, 6982
75.40, 6981
76.05, 6980
77.00, 6979
77.02, 6978
77.09, 6977
77.80, 6976
78.01, 6975
78.71, 6974
78.93, 6973
79.08, 6972
79.11, 6971
79.58, 6970
80.52, 6969
80.93, 6968
81.75, 6967
82.19, 6966
82.44, 6965
84.17, 6964
84.44, 6963
84.62, 6962
85.00, 6961
85.42, 6960
85.97, 6959
89.41, 6958
92.73, 6957
99.07, 6956
113.22, 6955
113.24, 6954
114.13, 6953
114.40, 6952
114.45, 6951
114.58, 6950
114.69, 6949
119.84, 6948
120.70, 6947
122.33, 6946
122.35, 6945
122.69, 6944
125.60, 6943
125.68, 6942
125.72, 6941
125.76, 6940
125.77, 6939
126.39, 6938
126.83, 6937
127.05, 6936
129.36, 6935
130.83, 6934
132.78, 6933
135.95, 6932
136.62, 6931
137.51, 6930
151.87, 6929
183.22, 6928
185.35, 6927
189.27, 6926
197.31, 6925
236.40, 6924
243.36, 6923
245.04, 6922
290.09, 6921
334.31, 6920
334.54, 6919
334.61, 6918
373.36, 6917
416.32, 6916
466.26, 6915
503.19, 6914
504.45, 6913
