60.20, 4696
61.11, 4695
61.17, 4694
61.68, 4693
63.64, 4692
65.05, 4691
67.25, 4690
68.19, 4689
70.17, 4688
73.64, 4687
74.38, 4686
74.45, 4685
74.55, 4684
76.42, 4683
78.19, 4682
81.51, 4681
82.19, 4680
83.78, 4679
83.94, 4678
87.42, 4677
88.41, 4676
90.02, 4675
90.11, 4674
90.40, 4673
91.00, 4672
91.60, 4671
95.36, 4670
98.60, 4669
99.22, 4668
103.21, 4667
103.59, 4666
104.38, 4665
105.98, 4664
110.51, 4663
111.53, 4662
113.24, 4661
113.51, 4660
113.94, 4659
115.25, 4658
115.75, 4657
116.70, 4656
116.92, 4655
120.33, 4654
121.23, 4653
123.45, 4652
125.07, 4651
132.00, 4650
133.05, 4649
135.97, 4648
137.01, 4647
137.49, 4646
139.66, 4645
140.77, 4644
145.08, 4643
145.57, 4642
146.41, 4641
147.45, 4640
148.73, 4639
155.48, 4638
157.35, 4637
159.83, 4636
162.59, 4635
163.29, 4634
167.70, 4633
171.12, 4632
175.52, 4631
175.90, 4630
179.33, 4629
179.46, 4628
181.85, 4627
185.14, 4626
187.35, 4625
188.90, 4624
189.09, 4623
191.80, 4622
194.78, 4621
196.10, 4620
196.76, 4619
198.86, 4618
206.02, 4617
211.82, 4616
215.78, 4615
216.45, 4614
216.67, 4613
217.85, 4612
220.81, 4611
224.32, 4610
225.31, 4609
225.81, 4608
227.31, 4607
233.58, 4606
233.93, 4605
