11.04, 4696
45.59, 4695
46.31, 4694
49.45, 4693
50.14, 4692
51.73, 4691
55.13, 4690
55.93, 4689
58.63, 4688
59.49, 4687
60.99, 4686
61.39, 4685
64.71, 4684
65.20, 4683
66.47, 4682
68.16, 4681
68.51, 4680
70.17, 4679
70.52, 4678
71.67, 4677
72.02, 4676
72.29, 4675
73.38, 4674
74.26, 4673
75.80, 4672
78.13, 4671
78.30, 4670
79.79, 4669
79.81, 4668
80.39, 4667
84.67, 4666
85.73, 4665
86.02, 4664
86.82, 4663
87.87, 4662
91.89, 4661
92.67, 4660
92.99, 4659
97.40, 4658
102.06, 4657
103.98, 4656
104.42, 4655
106.09, 4654
110.21, 4653
112.51, 4652
113.66, 4651
114.02, 4650
115.13, 4649
115.35, 4648
115.94, 4647
122.50, 4646
122.74, 4645
125.04, 4644
126.64, 4643
128.10, 4642
129.19, 4641
131.19, 4640
136.43, 4639
140.69, 4638
141.68, 4637
144.60, 4636
145.62, 4635
146.45, 4634
147.54, 4633
147.96, 4632
148.72, 4631
155.50, 4630
157.93, 4629
159.27, 4628
161.68, 4627
162.98, 4626
165.60, 4625
168.52, 4624
169.97, 4623
173.08, 4622
181.82, 4621
181.89, 4620
195.01, 4619
196.39, 4618
199.18, 4617
202.99, 4616
208.21, 4615
208.85, 4614
221.01, 4613
