47.68, 4696
47.78, 4695
48.35, 4694
52.13, 4693
52.28, 4692
54.76, 4691
55.42, 4690
58.64, 4689
59.26, 4688
59.37, 4687
61.01, 4686
61.16, 4685
61.47, 4684
61.82, 4683
62.15, 4682
68.33, 4681
68.34, 4680
69.09, 4679
69.35, 4678
71.82, 4677
72.45, 4676
72.46, 4675
74.93, 4674
75.19, 4673
77.57, 4672
78.21, 4671
79.18, 4670
82.20, 4669
82.44, 4668
82.51, 4667
82.98, 4666
83.04, 4665
83.51, 4664
87.02, 4663
89.42, 4662
91.77, 4661
91.96, 4660
92.72, 4659
92.80, 4658
94.57, 4657
98.11, 4656
98.89, 4655
100.05, 4654
100.24, 4653
101.15, 4652
103.07, 4651
104.26, 4650
105.04, 4649
106.40, 4648
109.98, 4647
110.53, 4646
110.74, 4645
117.29, 4644
121.35, 4643
122.65, 4642
126.03, 4641
127.16, 4640
128.68, 4639
129.64, 4638
130.18, 4637
131.03, 4636
131.94, 4635
133.32, 4634
137.86, 4633
138.88, 4632
145.28, 4631
146.23, 4630
157.11, 4629
158.19, 4628
159.13, 4627
161.22, 4626
164.48, 4625
169.17, 4624
170.38, 4623
171.06, 4622
182.99, 4621
183.01, 4620
184.63, 4619
186.03, 4618
186.44, 4617
187.76, 4616
188.02, 4615
189.51, 4614
195.53, 4613
196.07, 4612
199.69, 4611
200.81, 4610
203.00, 4609
203.34, 4608
204.42, 4607
206.60, 4606
213.88, 4605
215.20, 4604
227.44, 4603
228.30, 4602
