6.60, 4697
6.64, 4696
6.66, 4695
6.68, 4694
6.71, 4693
6.73, 4692
6.75, 4691
6.78, 4690
6.80, 4689
6.83, 4688
6.86, 4687
6.89, 4686
6.91, 4685
6.93, 4684
6.95, 4683
6.97, 4682
7.00, 4681
7.02, 4680
7.04, 4679
7.06, 4678
7.09, 4677
7.11, 4676
7.13, 4675
7.16, 4674
7.18, 4673
7.21, 4672
7.23, 4671
7.26, 4670
7.28, 4669
7.31, 4668
7.34, 4667
7.36, 4666
7.39, 4665
7.41, 4664
7.43, 4663
7.45, 4662
7.49, 4661
7.53, 4660
7.55, 4659
7.59, 4658
7.62, 4657
7.66, 4656
7.68, 4655
7.70, 4654
7.72, 4653
7.82, 4652
7.99, 4651
8.43, 4650
8.75, 4649
9.11, 4648
9.29, 4647
9.59, 4646
9.91, 4645
10.24, 4644
10.56, 4643
10.96, 4642
11.34, 4641
11.52, 4640
11.54, 4639
11.65, 4638
11.72, 4637
12.63, 4636
12.71, 4635
12.79, 4634
13.00, 4633
13.87, 4632
14.25, 4631
15.28, 4630
15.30, 4629
16.49, 4628
17.32, 4627
17.49, 4626
18.27, 4625
18.47, 4624
19.00, 4623
19.51, 4622
19.64, 4621
19.73, 4620
19.76, 4619
20.25, 4618
20.71, 4617
20.93, 4616
21.20, 4615
21.46, 4614
21.88, 4613
23.17, 4612
23.26, 4611
23.70, 4610
23.89, 4609
24.11, 4608
24.42, 4607
24.45, 4606
24.90, 4605
26.00, 4604
27.09, 4603
27.19, 4602
28.17, 4601
28.73, 4600
28.84, 4599
29.64, 4598
29.67, 4597
29.89, 4596
30.60, 4595
30.77, 4594
34.14, 4593
34.49, 4592
34.67, 4591
34.77, 4590
36.23, 4589
39.04, 4588
39.34, 4587
39.78, 4586
39.95, 4585
40.06, 4584
40.41, 4583
41.13, 4582
41.29, 4581
42.52, 4580
43.18, 4579
43.71, 4578
43.84, 4577
45.29, 4576
46.19, 4575
46.29, 4574
48.17, 4573
48.87, 4572
49.77, 4571
50.85, 4570
51.37, 4569
52.70, 4568
53.32, 4567
54.58, 4566
54.78, 4565
60.66, 4564
77.59, 4563
101.71, 4562
102.87, 4561
113.22, 4560
113.79, 4559
114.82, 4558
116.50, 4557
125.23, 4556
136.22, 4555
154.96, 4554
239.28, 4553
242.71, 4552
248.13, 4551
253.09, 4550
264.80, 4549
336.89, 4548
340.69, 4547
376.48, 4546
463.66, 4545
