55.28, 4696
55.76, 4695
55.89, 4694
58.39, 4693
59.55, 4692
60.40, 4691
60.84, 4690
61.82, 4689
62.90, 4688
64.67, 4687
65.98, 4686
66.93, 4685
68.17, 4684
68.95, 4683
69.16, 4682
69.77, 4681
70.14, 4680
71.53, 4679
72.88, 4678
73.00, 4677
73.52, 4676
76.34, 4675
76.73, 4674
77.14, 4673
77.38, 4672
77.44, 4671
77.99, 4670
78.32, 4669
79.30, 4668
79.32, 4667
79.65, 4666
80.19, 4665
80.55, 4664
82.27, 4663
84.12, 4662
86.24, 4661
89.33, 4660
91.37, 4659
91.45, 4658
92.12, 4657
92.74, 4656
94.25, 4655
101.57, 4654
102.28, 4653
102.90, 4652
103.49, 4651
103.72, 4650
105.57, 4649
107.14, 4648
115.01, 4647
116.09, 4646
116.46, 4645
118.46, 4644
121.61, 4643
125.04, 4642
125.61, 4641
134.82, 4640
135.30, 4639
136.19, 4638
136.81, 4637
137.27, 4636
138.66, 4635
138.92, 4634
139.29, 4633
142.69, 4632
144.06, 4631
145.40, 4630
146.55, 4629
146.98, 4628
147.34, 4627
151.69, 4626
157.69, 4625
158.01, 4624
158.88, 4623
159.87, 4622
170.37, 4621
173.51, 4620
179.53, 4619
182.59, 4618
187.25, 4617
188.12, 4616
189.84, 4615
190.59, 4614
191.58, 4613
199.25, 4612
203.09, 4611
205.06, 4610
205.50, 4609
207.46, 4608
213.50, 4607
219.54, 4606
219.76, 4605
227.98, 4604
229.94, 4603
232.96, 4602
