6.60, 7374
6.64, 7373
6.66, 7372
6.67, 7371
6.69, 7370
6.70, 7369
6.72, 7368
6.74, 7367
6.75, 7366
6.77, 7365
6.78, 7364
6.79, 7363
6.81, 7362
6.82, 7361
6.84, 7360
6.86, 7359
6.87, 7358
6.89, 7357
6.91, 7356
6.92, 7355
6.94, 7354
6.95, 7353
6.97, 7352
6.98, 7351
6.99, 7350
7.01, 7349
7.03, 7348
7.04, 7347
7.06, 7346
10.94, 7345
16.40, 7344
16.99, 7343
17.04, 7342
19.29, 7341
30.15, 7340
32.42, 7339
35.10, 7338
35.17, 7337
35.29, 7336
35.36, 7335
35.47, 7334
35.51, 7333
35.62, 7332
35.69, 7331
35.70, 7330
35.94, 7329
35.99, 7328
36.12, 7327
36.16, 7326
36.33, 7325
36.36, 7324
36.76, 7323
36.80, 7322
36.90, 7321
36.95, 7320
37.04, 7319
37.10, 7318
37.26, 7317
37.32, 7316
37.33, 7315
37.46, 7314
37.67, 7313
37.72, 7312
37.87, 7311
37.92, 7310
38.05, 7309
38.09, 7308
38.10, 7307
38.12, 7306
38.13, 7305
38.29, 7304
38.34, 7303
38.44, 7302
38.48, 7301
38.49, 7300
38.59, 7299
38.63, 7298
38.83, 7297
38.99, 7296
39.04, 7295
39.18, 7294
39.23, 7293
39.24, 7292
39.26, 7291
39.53, 7290
39.65, 7289
39.69, 7288
39.82, 7287
39.91, 7286
40.02, 7285
40.07, 7284
40.08, 7283
40.19, 7282
40.23, 7281
40.33, 7280
40.38, 7279
40.50, 7278
40.57, 7277
40.72, 7276
40.76, 7275
40.77, 7274
40.79, 7273
40.80, 7272
40.81, 7271
41.01, 7270
41.07, 7269
41.19, 7268
41.23, 7267
41.38, 7266
41.45, 7265
41.56, 7264
41.60, 7263
41.61, 7262
41.78, 7261
41.82, 7260
41.92, 7259
41.97, 7258
42.11, 7257
42.15, 7256
42.27, 7255
42.31, 7254
42.33, 7253
42.34, 7252
42.48, 7251
42.53, 7250
42.64, 7249
42.68, 7248
42.80, 7247
42.86, 7246
43.02, 7245
43.07, 7244
43.08, 7243
43.18, 7242
43.25, 7241
43.42, 7240
43.48, 7239
43.62, 7238
43.66, 7237
43.76, 7236
43.80, 7235
43.81, 7234
43.83, 7233
43.84, 7232
44.05, 7231
44.09, 7230
44.21, 7229
44.26, 7228
44.38, 7227
44.45, 7226
44.57, 7225
44.61, 7224
44.63, 7223
44.82, 7222
44.95, 7221
44.99, 7220
45.10, 7219
45.15, 7218
45.32, 7217
45.33, 7216
45.35, 7215
45.45, 7214
45.59, 7213
45.63, 7212
45.74, 7211
45.79, 7210
45.92, 7209
45.96, 7208
46.12, 7207
46.16, 7206
46.18, 7205
46.28, 7204
46.34, 7203
46.50, 7202
46.56, 7201
46.72, 7200
46.78, 7199
46.96, 7198
47.01, 7197
47.04, 7196
47.05, 7195
47.07, 7194
47.09, 7193
47.25, 7192
47.29, 7191
47.57, 7190
47.67, 7189
47.72, 7188
47.83, 7187
47.88, 7186
47.89, 7185
48.06, 7184
48.10, 7183
48.28, 7182
48.35, 7181
48.49, 7180
48.54, 7179
48.67, 7178
48.72, 7177
48.73, 7176
48.75, 7175
48.95, 7174
49.16, 7173
49.20, 7172
49.27, 7171
49.31, 7170
49.36, 7169
49.47, 7168
49.51, 7167
49.52, 7166
49.64, 7165
49.70, 7164
49.84, 7163
49.90, 7162
50.00, 7161
50.15, 7160
50.22, 7159
50.25, 7158
50.27, 7157
50.48, 7156
50.54, 7155
50.66, 7154
50.70, 7153
50.72, 7152
50.87, 7151
50.93, 7150
51.03, 7149
51.08, 7148
51.20, 7147
51.24, 7146
51.39, 7145
51.44, 7144
51.45, 7143
51.47, 7142
51.68, 7141
51.72, 7140
51.86, 7139
51.90, 7138
52.00, 7137
52.05, 7136
52.15, 7135
52.19, 7134
52.20, 7133
52.31, 7132
52.37, 7131
52.47, 7130
52.51, 7129
52.61, 7128
52.65, 7127
52.76, 7126
52.81, 7125
52.83, 7124
52.84, 7123
52.85, 7122
52.87, 7121
53.03, 7120
53.08, 7119
53.19, 7118
53.24, 7117
53.36, 7116
53.40, 7115
53.50, 7114
53.55, 7113
53.56, 7112
53.68, 7111
53.72, 7110
53.87, 7109
54.01, 7108
54.06, 7107
54.22, 7106
54.26, 7105
54.28, 7104
54.29, 7103
54.49, 7102
54.71, 7101
54.81, 7100
54.86, 7099
54.96, 7098
55.00, 7097
55.11, 7096
55.15, 7095
55.17, 7094
55.27, 7093
55.32, 7092
55.42, 7091
55.46, 7090
55.56, 7089
55.61, 7088
55.72, 7087
55.77, 7086
55.79, 7085
55.80, 7084
55.82, 7083
55.98, 7082
56.02, 7081
56.12, 7080
56.16, 7079
56.35, 7078
56.45, 7077
56.49, 7076
56.50, 7075
56.63, 7074
56.67, 7073
56.79, 7072
56.83, 7071
56.94, 7070
56.98, 7069
57.08, 7068
57.12, 7067
57.13, 7066
57.15, 7065
57.29, 7064
57.34, 7063
57.44, 7062
57.48, 7061
57.58, 7060
57.62, 7059
57.73, 7058
57.77, 7057
57.79, 7056
57.90, 7055
57.94, 7054
58.04, 7053
58.08, 7052
58.18, 7051
58.23, 7050
58.34, 7049
58.40, 7048
58.41, 7047
58.43, 7046
58.44, 7045
58.46, 7044
58.47, 7043
58.49, 7042
58.50, 7041
58.52, 7040
58.54, 7039
58.55, 7038
58.57, 7037
58.58, 7036
58.60, 7035
58.61, 7034
58.63, 7033
64.85, 7032
64.87, 7031
65.11, 7030
65.14, 7029
65.26, 7028
65.61, 7027
65.86, 7026
65.97, 7025
66.10, 7024
66.21, 7023
66.22, 7022
66.27, 7021
66.48, 7020
67.11, 7019
67.16, 7018
67.24, 7017
67.26, 7016
67.98, 7015
68.10, 7014
68.23, 7013
68.49, 7012
68.65, 7011
68.72, 7010
69.41, 7009
69.44, 7008
69.50, 7007
69.52, 7006
69.85, 7005
70.94, 7004
71.81, 7003
72.03, 7002
74.32, 7001
75.68, 7000
76.18, 6999
76.71, 6998
76.93, 6997
77.47, 6996
78.98, 6995
79.90, 6994
80.00, 6993
80.16, 6992
80.42, 6991
80.53, 6990
80.69, 6989
80.70, 6988
80.82, 6987
80.84, 6986
81.18, 6985
81.25, 6984
81.31, 6983
81.32, 6982
81.62, 6981
82.26, 6980
82.33, 6979
82.36, 6978
82.60, 6977
82.65, 6976
82.72, 6975
82.74, 6974
82.76, 6973
83.14, 6972
83.79, 6971
84.83, 6970
84.84, 6969
85.06, 6968
85.66, 6967
85.71, 6966
86.28, 6965
86.41, 6964
86.75, 6963
87.14, 6962
87.22, 6961
88.66, 6960
88.72, 6959
89.47, 6958
90.07, 6957
92.85, 6956
94.02, 6955
94.51, 6954
95.76, 6953
97.02, 6952
98.76, 6951
99.79, 6950
101.03, 6949
103.55, 6948
105.62, 6947
109.02, 6946
113.10, 6945
128.15, 6944
129.01, 6943
132.08, 6942
133.22, 6941
133.61, 6940
134.11, 6939
134.84, 6938
134.89, 6937
134.91, 6936
135.84, 6935
136.83, 6934
136.84, 6933
137.30, 6932
189.38, 6931
203.27, 6930
203.40, 6929
247.23, 6928
248.82, 6927
248.94, 6926
256.60, 6925
282.16, 6924
282.67, 6923
282.73, 6922
330.78, 6921
347.26, 6920
384.99, 6919
