7.49, 4697
7.54, 4696
7.56, 4695
7.59, 4694
7.62, 4693
7.66, 4692
7.69, 4691
7.72, 4690
7.75, 4689
7.78, 4688
7.82, 4687
7.85, 4686
7.90, 4685
7.94, 4684
7.99, 4683
8.02, 4682
8.05, 4681
8.08, 4680
8.10, 4679
8.13, 4678
8.16, 4677
8.18, 4676
8.21, 4675
8.23, 4674
8.26, 4673
8.28, 4672
8.31, 4671
8.34, 4670
8.38, 4669
8.42, 4668
8.46, 4667
8.49, 4666
8.54, 4665
8.58, 4664
8.60, 4663
8.64, 4662
8.69, 4661
8.72, 4660
8.74, 4659
8.77, 4658
8.80, 4657
8.83, 4656
8.86, 4655
8.89, 4654
8.91, 4653
9.09, 4652
9.29, 4651
9.67, 4650
9.91, 4649
10.36, 4648
10.57, 4647
10.91, 4646
11.20, 4645
11.50, 4644
12.00, 4643
12.31, 4642
12.70, 4641
12.89, 4640
12.91, 4639
12.94, 4638
13.07, 4637
13.88, 4636
13.98, 4635
14.07, 4634
14.27, 4633
15.05, 4632
15.56, 4631
16.31, 4630
16.33, 4629
17.42, 4628
18.27, 4627
18.39, 4626
19.19, 4625
19.33, 4624
20.03, 4623
20.66, 4622
20.74, 4621
20.85, 4620
20.88, 4619
21.33, 4618
21.68, 4617
21.95, 4616
22.10, 4615
22.30, 4614
22.86, 4613
24.00, 4612
24.48, 4611
24.62, 4610
24.89, 4609
25.12, 4608
25.22, 4607
25.74, 4606
26.46, 4605
26.79, 4604
27.90, 4603
27.99, 4602
28.99, 4601
29.31, 4600
29.54, 4599
30.34, 4598
30.38, 4597
30.62, 4596
31.24, 4595
31.57, 4594
35.38, 4593
35.60, 4592
35.68, 4591
35.78, 4590
37.48, 4589
39.35, 4588
40.23, 4587
40.92, 4586
41.08, 4585
41.43, 4584
41.99, 4583
42.19, 4582
43.12, 4581
44.59, 4580
46.31, 4579
47.52, 4578
48.16, 4577
48.64, 4576
49.81, 4575
52.51, 4574
54.51, 4573
55.24, 4572
58.85, 4571
61.35, 4570
61.86, 4569
64.22, 4568
66.17, 4567
66.30, 4566
70.54, 4565
72.85, 4564
78.13, 4563
82.31, 4562
119.77, 4561
122.77, 4560
123.87, 4559
127.96, 4558
134.21, 4557
138.03, 4556
144.19, 4555
144.92, 4554
218.39, 4553
227.61, 4552
231.57, 4551
247.83, 4550
252.73, 4549
253.45, 4548
310.63, 4547
313.14, 4546
313.43, 4545
336.41, 4544
436.04, 4543
