6.84, 4697
6.92, 4696
6.95, 4695
6.99, 4694
7.02, 4693
7.05, 4692
7.09, 4691
7.13, 4690
7.16, 4689
7.19, 4688
7.21, 4687
7.24, 4686
7.27, 4685
7.30, 4684
7.32, 4683
7.35, 4682
7.38, 4681
7.40, 4680
7.43, 4679
7.45, 4678
7.48, 4677
7.50, 4676
7.52, 4675
7.55, 4674
7.58, 4673
7.60, 4672
7.64, 4671
7.66, 4670
7.69, 4669
7.72, 4668
7.75, 4667
7.78, 4666
7.80, 4665
7.83, 4664
7.85, 4663
7.88, 4662
7.90, 4661
7.93, 4660
7.97, 4659
8.01, 4658
8.03, 4657
8.06, 4656
8.08, 4655
8.11, 4654
8.13, 4653
8.26, 4652
8.49, 4651
9.16, 4650
9.48, 4649
10.17, 4648
10.40, 4647
10.79, 4646
11.19, 4645
11.54, 4644
12.09, 4643
12.60, 4642
13.06, 4641
13.31, 4640
13.35, 4639
13.47, 4638
13.49, 4637
14.58, 4636
14.60, 4635
14.77, 4634
15.01, 4633
15.73, 4632
16.43, 4631
17.31, 4630
17.34, 4629
18.56, 4628
19.56, 4627
19.63, 4626
20.50, 4625
20.72, 4624
21.27, 4623
21.93, 4622
22.15, 4621
22.22, 4620
22.35, 4619
22.87, 4618
23.27, 4617
23.58, 4616
23.68, 4615
24.06, 4614
24.83, 4613
26.14, 4612
26.37, 4611
26.70, 4610
26.85, 4609
27.18, 4608
27.51, 4607
27.64, 4606
28.13, 4605
29.07, 4604
30.08, 4603
30.23, 4602
31.37, 4601
31.87, 4600
31.98, 4599
32.85, 4598
32.87, 4597
33.10, 4596
33.82, 4595
34.12, 4594
34.74, 4593
37.49, 4592
37.79, 4591
38.07, 4590
38.23, 4589
38.36, 4588
38.55, 4587
40.76, 4586
43.61, 4585
44.55, 4584
44.62, 4583
45.13, 4582
45.52, 4581
46.59, 4580
47.33, 4579
47.83, 4578
48.78, 4577
49.44, 4576
51.26, 4575
52.67, 4574
53.06, 4573
55.72, 4572
58.81, 4571
65.71, 4570
74.08, 4569
75.24, 4568
81.73, 4567
131.40, 4566
141.82, 4565
143.32, 4564
147.34, 4563
147.51, 4562
158.92, 4561
163.46, 4560
164.63, 4559
171.10, 4558
174.46, 4557
190.18, 4556
278.50, 4555
281.03, 4554
281.34, 4553
304.42, 4552
306.76, 4551
308.14, 4550
332.57, 4549
406.74, 4548
442.67, 4547
458.05, 4546
513.13, 4545
526.08, 4544
528.92, 4543
530.21, 4542
