6.23, 4697
6.27, 4696
6.29, 4695
6.32, 4694
6.34, 4693
6.37, 4692
6.39, 4691
6.42, 4690
6.44, 4689
6.46, 4688
6.48, 4687
6.52, 4686
6.55, 4685
6.59, 4684
6.63, 4683
6.66, 4682
6.69, 4681
6.71, 4680
6.73, 4679
6.76, 4678
6.78, 4677
6.80, 4676
6.83, 4675
6.85, 4674
6.88, 4673
6.90, 4672
6.92, 4671
6.95, 4670
6.97, 4669
7.01, 4668
7.03, 4667
7.06, 4666
7.08, 4665
7.10, 4664
7.13, 4663
7.15, 4662
7.17, 4661
7.21, 4660
7.24, 4659
7.28, 4658
7.32, 4657
7.34, 4656
7.37, 4655
7.39, 4654
7.41, 4653
7.56, 4652
7.77, 4651
8.14, 4650
8.53, 4649
8.99, 4648
9.17, 4647
9.45, 4646
9.72, 4645
9.91, 4644
10.36, 4643
10.74, 4642
11.21, 4641
11.38, 4640
11.41, 4639
11.43, 4638
11.54, 4637
12.36, 4636
12.46, 4635
12.54, 4634
12.69, 4633
13.38, 4632
13.95, 4631
14.66, 4630
14.70, 4629
15.67, 4628
16.43, 4627
16.68, 4626
16.90, 4625
17.82, 4624
17.97, 4623
18.51, 4622
19.18, 4621
19.31, 4620
19.34, 4619
19.41, 4618
19.80, 4617
20.28, 4616
20.41, 4615
20.53, 4614
20.94, 4613
21.36, 4612
22.41, 4611
22.69, 4610
22.95, 4609
23.15, 4608
23.63, 4607
23.93, 4606
24.33, 4605
25.38, 4604
26.33, 4603
26.43, 4602
27.51, 4601
27.98, 4600
28.10, 4599
29.00, 4598
29.10, 4597
29.44, 4596
30.02, 4595
30.17, 4594
33.36, 4593
33.70, 4592
33.89, 4591
34.01, 4590
34.21, 4589
35.67, 4588
38.19, 4587
38.29, 4586
39.08, 4585
39.35, 4584
39.50, 4583
39.87, 4582
40.10, 4581
40.57, 4580
41.02, 4579
41.83, 4578
42.16, 4577
42.18, 4576
43.80, 4575
45.64, 4574
46.82, 4573
47.04, 4572
48.17, 4571
49.19, 4570
49.40, 4569
49.42, 4568
51.24, 4567
52.11, 4566
52.86, 4565
59.67, 4564
62.96, 4563
68.75, 4562
68.77, 4561
73.94, 4560
78.87, 4559
116.90, 4558
127.02, 4557
128.46, 4556
132.66, 4555
141.30, 4554
142.78, 4553
145.96, 4552
152.56, 4551
198.07, 4550
216.06, 4549
224.80, 4548
294.73, 4547
296.83, 4546
313.82, 4545
322.08, 4544
419.45, 4543
