5.75, 7374
5.77, 7373
5.78, 7372
5.80, 7371
5.81, 7370
5.82, 7369
5.84, 7368
5.85, 7367
5.86, 7366
5.88, 7365
5.89, 7364
5.90, 7363
5.92, 7362
5.93, 7361
5.94, 7360
5.96, 7359
5.97, 7358
5.98, 7357
6.00, 7356
6.01, 7355
6.02, 7354
6.03, 7353
6.05, 7352
6.06, 7351
6.07, 7350
6.09, 7349
6.10, 7348
6.12, 7347
6.13, 7346
8.99, 7345
12.72, 7344
13.27, 7343
13.31, 7342
14.68, 7341
22.88, 7340
24.63, 7339
26.47, 7338
26.51, 7337
26.60, 7336
26.65, 7335
26.75, 7334
26.80, 7333
26.89, 7332
26.93, 7331
26.94, 7330
27.13, 7329
27.16, 7328
27.26, 7327
27.31, 7326
27.45, 7325
27.48, 7324
27.75, 7323
27.79, 7322
27.90, 7321
27.99, 7320
28.07, 7319
28.12, 7318
28.22, 7317
28.26, 7316
28.28, 7315
28.37, 7314
28.52, 7313
28.57, 7312
28.67, 7311
28.71, 7310
28.82, 7309
28.86, 7308
28.88, 7307
28.89, 7306
28.90, 7305
29.05, 7304
29.09, 7303
29.19, 7302
29.23, 7301
29.24, 7300
29.34, 7299
29.37, 7298
29.50, 7297
29.62, 7296
29.66, 7295
29.77, 7294
29.81, 7293
29.82, 7292
29.84, 7291
30.02, 7290
30.13, 7289
30.17, 7288
30.26, 7287
30.33, 7286
30.41, 7285
30.45, 7284
30.46, 7283
30.56, 7282
30.59, 7281
30.69, 7280
30.72, 7279
30.82, 7278
30.86, 7277
30.95, 7276
30.99, 7275
31.00, 7274
31.02, 7273
31.03, 7272
31.04, 7271
31.17, 7270
31.21, 7269
31.31, 7268
31.35, 7267
31.45, 7266
31.49, 7265
31.59, 7264
31.64, 7263
31.65, 7262
31.74, 7261
31.78, 7260
31.88, 7259
31.92, 7258
32.02, 7257
32.07, 7256
32.17, 7255
32.21, 7254
32.23, 7253
32.24, 7252
32.39, 7251
32.44, 7250
32.54, 7249
32.59, 7248
32.69, 7247
32.73, 7246
32.84, 7245
32.88, 7244
32.89, 7243
32.99, 7242
33.03, 7241
33.13, 7240
33.19, 7239
33.28, 7238
33.32, 7237
33.41, 7236
33.45, 7235
33.46, 7234
33.48, 7233
33.49, 7232
33.62, 7231
33.66, 7230
33.75, 7229
33.79, 7228
33.89, 7227
33.93, 7226
34.02, 7225
34.06, 7224
34.07, 7223
34.20, 7222
34.31, 7221
34.35, 7220
34.45, 7219
34.50, 7218
34.64, 7217
34.65, 7216
34.67, 7215
34.71, 7214
34.83, 7213
34.88, 7212
34.98, 7211
35.02, 7210
35.12, 7209
35.16, 7208
35.26, 7207
35.31, 7206
35.32, 7205
35.42, 7204
35.46, 7203
35.56, 7202
35.62, 7201
35.77, 7200
35.81, 7199
35.97, 7198
36.04, 7197
36.06, 7196
36.08, 7195
36.11, 7194
36.13, 7193
36.35, 7192
36.40, 7191
36.54, 7190
36.73, 7189
36.77, 7188
36.86, 7187
36.90, 7186
36.92, 7185
37.01, 7184
37.05, 7183
37.14, 7182
37.19, 7181
37.31, 7180
37.38, 7179
37.52, 7178
37.56, 7177
37.57, 7176
37.58, 7175
37.71, 7174
37.85, 7173
37.89, 7172
37.99, 7171
38.00, 7170
38.04, 7169
38.14, 7168
38.18, 7167
38.19, 7166
38.29, 7165
38.33, 7164
38.42, 7163
38.47, 7162
38.56, 7161
38.67, 7160
38.71, 7159
38.74, 7158
38.75, 7157
38.93, 7156
38.97, 7155
39.07, 7154
39.12, 7153
39.13, 7152
39.22, 7151
39.26, 7150
39.36, 7149
39.40, 7148
39.50, 7147
39.54, 7146
39.64, 7145
39.68, 7144
39.69, 7143
39.70, 7142
39.84, 7141
39.88, 7140
39.97, 7139
40.02, 7138
40.12, 7137
40.16, 7136
40.26, 7135
40.31, 7134
40.32, 7133
40.41, 7132
40.45, 7131
40.56, 7130
40.60, 7129
40.70, 7128
40.75, 7127
40.84, 7126
40.88, 7125
40.89, 7124
40.90, 7123
40.92, 7122
40.93, 7121
41.06, 7120
41.10, 7119
41.20, 7118
41.24, 7117
41.35, 7116
41.39, 7115
41.49, 7114
41.53, 7113
41.55, 7112
41.64, 7111
41.68, 7110
41.84, 7109
41.94, 7108
41.99, 7107
42.09, 7106
42.13, 7105
42.15, 7104
42.16, 7103
42.29, 7102
42.33, 7101
42.43, 7100
42.47, 7099
42.56, 7098
42.60, 7097
42.70, 7096
42.73, 7095
42.75, 7094
42.84, 7093
42.88, 7092
42.97, 7091
43.02, 7090
43.12, 7089
43.16, 7088
43.26, 7087
43.30, 7086
43.31, 7085
43.32, 7084
43.34, 7083
43.48, 7082
43.52, 7081
43.61, 7080
43.65, 7079
43.77, 7078
43.89, 7077
43.93, 7076
43.94, 7075
44.03, 7074
44.08, 7073
44.18, 7072
44.22, 7071
44.35, 7070
44.38, 7069
44.52, 7068
44.56, 7067
44.57, 7066
44.59, 7065
44.74, 7064
44.78, 7063
44.88, 7062
44.93, 7061
45.02, 7060
45.06, 7059
45.16, 7058
45.20, 7057
45.21, 7056
45.30, 7055
45.34, 7054
45.43, 7053
45.47, 7052
45.57, 7051
45.61, 7050
45.71, 7049
45.75, 7048
45.77, 7047
45.78, 7046
45.80, 7045
45.81, 7044
45.82, 7043
45.84, 7042
45.85, 7041
45.87, 7040
45.88, 7039
45.90, 7038
45.91, 7037
45.93, 7036
45.94, 7035
45.96, 7034
45.97, 7033
47.03, 7032
51.56, 7031
51.59, 7030
51.69, 7029
51.83, 7028
52.10, 7027
52.46, 7026
52.72, 7025
52.82, 7024
52.84, 7023
52.85, 7022
52.90, 7021
53.00, 7020
53.70, 7019
53.89, 7018
53.93, 7017
54.02, 7016
54.03, 7015
54.46, 7014
54.48, 7013
54.85, 7012
55.04, 7011
55.78, 7010
56.81, 7009
57.52, 7008
58.18, 7007
58.23, 7006
58.33, 7005
61.63, 7004
64.10, 7003
64.96, 7002
65.16, 7001
67.07, 7000
68.04, 6999
68.06, 6998
68.33, 6997
68.54, 6996
68.57, 6995
68.66, 6994
68.77, 6993
68.86, 6992
68.96, 6991
69.16, 6990
69.18, 6989
69.41, 6988
69.42, 6987
69.66, 6986
69.79, 6985
69.82, 6984
69.84, 6983
69.99, 6982
70.31, 6981
70.50, 6980
70.77, 6979
70.84, 6978
70.93, 6977
71.03, 6976
71.09, 6975
71.12, 6974
71.44, 6973
71.76, 6972
72.72, 6971
72.82, 6970
72.84, 6969
72.97, 6968
73.62, 6967
73.88, 6966
74.01, 6965
74.10, 6964
74.48, 6963
74.67, 6962
75.45, 6961
75.50, 6960
76.22, 6959
76.27, 6958
77.93, 6957
80.02, 6956
81.03, 6955
82.66, 6954
82.81, 6953
84.74, 6952
84.85, 6951
85.83, 6950
86.14, 6949
86.15, 6948
87.91, 6947
88.21, 6946
90.68, 6945
92.18, 6944
92.33, 6943
92.41, 6942
95.83, 6941
98.10, 6940
98.12, 6939
100.61, 6938
101.27, 6937
101.30, 6936
112.97, 6935
113.47, 6934
113.69, 6933
113.70, 6932
113.82, 6931
115.05, 6930
120.41, 6929
120.59, 6928
122.32, 6927
122.63, 6926
125.37, 6925
131.50, 6924
132.34, 6923
135.67, 6922
136.34, 6921
179.22, 6920
180.28, 6919
182.75, 6918
187.49, 6917
188.29, 6916
189.26, 6915
219.14, 6914
229.45, 6913
232.03, 6912
343.39, 6911
