6.57, 4697
6.63, 4696
6.66, 4695
6.68, 4694
6.71, 4693
6.73, 4692
6.76, 4691
6.78, 4690
6.82, 4689
6.85, 4688
6.87, 4687
6.90, 4686
6.92, 4685
6.95, 4684
6.98, 4683
7.01, 4682
7.03, 4681
7.06, 4680
7.08, 4679
7.11, 4678
7.13, 4677
7.15, 4676
7.18, 4675
7.20, 4674
7.24, 4673
7.26, 4672
7.28, 4671
7.31, 4670
7.33, 4669
7.38, 4668
7.40, 4667
7.42, 4666
7.45, 4665
7.48, 4664
7.52, 4663
7.56, 4662
7.59, 4661
7.62, 4660
7.64, 4659
7.66, 4658
7.69, 4657
7.72, 4656
7.76, 4655
7.79, 4654
7.82, 4653
7.95, 4652
8.09, 4651
8.65, 4650
8.79, 4649
9.33, 4648
9.49, 4647
9.78, 4646
10.02, 4645
10.29, 4644
10.68, 4643
11.09, 4642
11.35, 4641
11.73, 4640
11.76, 4639
11.86, 4638
11.88, 4637
12.75, 4636
12.86, 4635
12.98, 4634
13.17, 4633
13.77, 4632
14.28, 4631
15.07, 4630
15.09, 4629
16.17, 4628
16.83, 4627
16.92, 4626
17.68, 4625
17.85, 4624
18.38, 4623
19.07, 4622
19.26, 4621
19.36, 4620
19.38, 4619
19.89, 4618
20.29, 4617
20.61, 4616
20.82, 4615
21.08, 4614
21.68, 4613
22.54, 4612
22.69, 4611
23.05, 4610
23.22, 4609
23.38, 4608
23.69, 4607
23.72, 4606
24.13, 4605
25.24, 4604
26.12, 4603
26.15, 4602
27.46, 4601
27.65, 4600
28.35, 4599
28.37, 4598
28.55, 4597
29.34, 4596
29.69, 4595
32.81, 4594
33.15, 4593
33.22, 4592
33.34, 4591
34.89, 4590
35.12, 4589
37.09, 4588
38.69, 4587
38.71, 4586
38.82, 4585
39.34, 4584
40.09, 4583
40.32, 4582
40.85, 4581
41.22, 4580
42.09, 4579
42.56, 4578
42.90, 4577
44.22, 4576
46.03, 4575
46.96, 4574
47.39, 4573
48.34, 4572
48.82, 4571
49.32, 4570
49.63, 4569
50.86, 4568
51.38, 4567
51.74, 4566
55.91, 4565
56.98, 4564
58.48, 4563
59.05, 4562
59.51, 4561
61.26, 4560
62.81, 4559
104.14, 4558
105.70, 4557
111.56, 4556
113.14, 4555
118.41, 4554
120.11, 4553
123.26, 4552
132.48, 4551
136.83, 4550
139.93, 4549
201.20, 4548
208.66, 4547
231.90, 4546
263.29, 4545
295.16, 4544
310.29, 4543
