10.78, 4696
47.64, 4695
47.86, 4694
51.71, 4693
52.76, 4692
52.82, 4691
54.29, 4690
56.43, 4689
60.17, 4688
60.73, 4687
62.11, 4686
63.09, 4685
63.27, 4684
63.72, 4683
64.14, 4682
64.26, 4681
66.41, 4680
72.82, 4679
74.20, 4678
75.58, 4677
76.41, 4676
77.10, 4675
78.99, 4674
83.51, 4673
85.29, 4672
85.52, 4671
85.73, 4670
88.78, 4669
90.19, 4668
90.27, 4667
90.50, 4666
93.39, 4665
93.74, 4664
94.44, 4663
97.87, 4662
97.99, 4661
99.57, 4660
100.34, 4659
102.00, 4658
102.10, 4657
102.45, 4656
102.60, 4655
103.74, 4654
107.28, 4653
107.77, 4652
111.28, 4651
115.24, 4650
115.74, 4649
117.38, 4648
117.75, 4647
118.66, 4646
119.14, 4645
120.03, 4644
120.52, 4643
122.57, 4642
123.10, 4641
125.88, 4640
126.00, 4639
127.27, 4638
131.45, 4637
134.17, 4636
138.02, 4635
142.01, 4634
144.08, 4633
147.05, 4632
148.49, 4631
148.91, 4630
149.74, 4629
154.92, 4628
155.86, 4627
161.42, 4626
161.43, 4625
166.58, 4624
169.59, 4623
169.74, 4622
176.76, 4621
176.94, 4620
177.27, 4619
178.65, 4618
181.41, 4617
183.28, 4616
196.55, 4615
196.59, 4614
199.17, 4613
206.92, 4612
211.70, 4611
212.44, 4610
214.61, 4609
221.20, 4608
224.35, 4607
226.29, 4606
228.59, 4605
