5.60, 7374
5.62, 7373
5.64, 7372
5.65, 7371
5.67, 7370
5.68, 7369
5.69, 7368
5.71, 7367
5.73, 7366
5.74, 7365
5.75, 7364
5.77, 7363
5.78, 7362
5.80, 7361
5.81, 7360
5.83, 7359
5.84, 7358
5.86, 7357
5.87, 7356
5.88, 7355
5.90, 7354
5.91, 7353
5.93, 7352
5.94, 7351
5.96, 7350
5.97, 7349
5.98, 7348
6.00, 7347
6.02, 7346
9.89, 7345
14.05, 7344
14.62, 7343
14.66, 7342
16.32, 7341
24.72, 7340
27.04, 7339
28.97, 7338
29.01, 7337
29.11, 7336
29.16, 7335
29.26, 7334
29.31, 7333
29.42, 7332
29.46, 7331
29.47, 7330
29.68, 7329
29.73, 7328
29.84, 7327
29.89, 7326
30.03, 7325
30.08, 7324
30.31, 7323
30.35, 7322
30.45, 7321
30.49, 7320
30.59, 7319
30.64, 7318
30.74, 7317
30.79, 7316
30.80, 7315
30.90, 7314
31.06, 7313
31.11, 7312
31.22, 7311
31.26, 7310
31.36, 7309
31.41, 7308
31.42, 7307
31.43, 7306
31.45, 7305
31.59, 7304
31.63, 7303
31.73, 7302
31.78, 7301
31.79, 7300
31.89, 7299
31.94, 7298
32.08, 7297
32.18, 7296
32.23, 7295
32.40, 7294
32.47, 7293
32.50, 7292
32.52, 7291
32.89, 7290
33.06, 7289
33.14, 7288
33.31, 7287
33.48, 7286
33.58, 7285
33.65, 7284
33.68, 7283
33.85, 7282
33.89, 7281
34.00, 7280
34.04, 7279
34.15, 7278
34.20, 7277
34.31, 7276
34.36, 7275
34.37, 7274
34.38, 7273
34.40, 7272
34.41, 7271
34.56, 7270
34.60, 7269
34.70, 7268
34.74, 7267
34.84, 7266
34.88, 7265
34.98, 7264
35.02, 7263
35.04, 7262
35.14, 7261
35.18, 7260
35.29, 7259
35.34, 7258
35.44, 7257
35.49, 7256
35.60, 7255
35.65, 7254
35.66, 7253
35.67, 7252
35.82, 7251
35.86, 7250
35.98, 7249
36.02, 7248
36.19, 7247
36.27, 7246
36.44, 7245
36.51, 7244
36.53, 7243
36.71, 7242
36.78, 7241
36.96, 7240
37.03, 7239
37.20, 7238
37.28, 7237
37.45, 7236
37.49, 7235
37.50, 7234
37.52, 7233
37.53, 7232
37.67, 7231
37.71, 7230
37.81, 7229
37.85, 7228
37.95, 7227
37.99, 7226
38.09, 7225
38.14, 7224
38.16, 7223
38.30, 7222
38.45, 7221
38.50, 7220
38.60, 7219
38.65, 7218
38.78, 7217
38.80, 7216
38.81, 7215
38.99, 7214
39.01, 7213
39.05, 7212
39.16, 7211
39.20, 7210
39.31, 7209
39.35, 7208
39.46, 7207
39.50, 7206
39.52, 7205
39.62, 7204
39.67, 7203
39.78, 7202
39.82, 7201
39.92, 7200
39.96, 7199
40.06, 7198
40.11, 7197
40.12, 7196
40.13, 7195
40.15, 7194
40.16, 7193
40.33, 7192
40.40, 7191
40.67, 7190
40.91, 7189
40.99, 7188
41.16, 7187
41.23, 7186
41.25, 7185
41.42, 7184
41.49, 7183
41.66, 7182
41.74, 7181
41.91, 7180
41.98, 7179
42.09, 7178
42.13, 7177
42.14, 7176
42.16, 7175
42.31, 7174
42.55, 7173
42.62, 7172
42.79, 7171
42.81, 7170
42.88, 7169
43.05, 7168
43.13, 7167
43.15, 7166
43.32, 7165
43.39, 7164
43.56, 7163
43.61, 7162
43.70, 7161
43.82, 7160
43.86, 7159
43.88, 7158
43.90, 7157
44.09, 7156
44.13, 7155
44.24, 7154
44.29, 7153
44.30, 7152
44.41, 7151
44.48, 7150
44.64, 7149
44.72, 7148
44.89, 7147
44.96, 7146
45.13, 7145
45.20, 7144
45.22, 7143
45.24, 7142
45.38, 7141
45.42, 7140
45.53, 7139
45.57, 7138
45.68, 7137
45.72, 7136
45.83, 7135
45.87, 7134
45.89, 7133
45.99, 7132
46.03, 7131
46.14, 7130
46.18, 7129
46.29, 7128
46.33, 7127
46.44, 7126
46.48, 7125
46.50, 7124
46.51, 7123
46.53, 7122
46.54, 7121
46.70, 7120
46.74, 7119
46.85, 7118
46.90, 7117
47.00, 7116
47.04, 7115
47.14, 7114
47.18, 7113
47.20, 7112
47.29, 7111
47.34, 7110
47.52, 7109
47.61, 7108
47.65, 7107
47.76, 7106
47.80, 7105
47.82, 7104
47.83, 7103
47.98, 7102
48.02, 7101
48.13, 7100
48.17, 7099
48.28, 7098
48.33, 7097
48.44, 7096
48.49, 7095
48.51, 7094
48.61, 7093
48.65, 7092
48.76, 7091
48.80, 7090
48.90, 7089
48.94, 7088
49.04, 7087
49.08, 7086
49.10, 7085
49.11, 7084
49.12, 7083
49.27, 7082
49.31, 7081
49.41, 7080
49.46, 7079
49.63, 7078
49.73, 7077
49.77, 7076
49.79, 7075
49.89, 7074
49.93, 7073
50.04, 7072
50.08, 7071
50.18, 7070
50.22, 7069
50.33, 7068
50.37, 7067
50.38, 7066
50.40, 7065
50.54, 7064
50.58, 7063
50.68, 7062
50.73, 7061
50.86, 7060
50.93, 7059
51.10, 7058
51.17, 7057
51.19, 7056
51.30, 7055
51.37, 7054
51.54, 7053
51.61, 7052
51.77, 7051
51.85, 7050
51.94, 7049
51.99, 7048
52.00, 7047
52.02, 7046
52.03, 7045
52.05, 7044
52.06, 7043
52.08, 7042
52.10, 7041
52.12, 7040
52.13, 7039
52.15, 7038
52.17, 7037
52.19, 7036
52.20, 7035
52.22, 7034
52.24, 7033
55.43, 7032
57.03, 7031
57.06, 7030
57.16, 7029
57.23, 7028
57.71, 7027
57.76, 7026
58.08, 7025
58.19, 7024
58.26, 7023
58.40, 7022
58.50, 7021
58.52, 7020
58.58, 7019
58.69, 7018
59.19, 7017
60.03, 7016
60.19, 7015
60.37, 7014
60.85, 7013
61.05, 7012
61.10, 7011
61.12, 7010
61.61, 7009
62.13, 7008
62.85, 7007
63.26, 7006
63.28, 7005
63.43, 7004
64.97, 7003
66.19, 7002
67.21, 7001
67.73, 7000
69.42, 6999
69.65, 6998
69.74, 6997
69.95, 6996
69.96, 6995
70.10, 6994
70.39, 6993
70.40, 6992
70.56, 6991
70.58, 6990
70.74, 6989
70.76, 6988
71.01, 6987
71.09, 6986
71.10, 6985
71.31, 6984
71.84, 6983
72.46, 6982
72.50, 6981
72.52, 6980
73.21, 6979
73.61, 6978
73.77, 6977
74.46, 6976
74.98, 6975
74.99, 6974
75.01, 6973
75.19, 6972
75.86, 6971
76.03, 6970
76.18, 6969
76.37, 6968
76.75, 6967
77.82, 6966
77.91, 6965
78.32, 6964
78.94, 6963
79.28, 6962
79.78, 6961
79.90, 6960
80.05, 6959
81.64, 6958
81.66, 6957
81.71, 6956
82.62, 6955
83.24, 6954
84.07, 6953
85.23, 6952
87.76, 6951
110.99, 6950
111.09, 6949
111.63, 6948
111.68, 6947
111.88, 6946
111.91, 6945
112.32, 6944
112.34, 6943
112.56, 6942
112.58, 6941
112.68, 6940
121.74, 6939
122.22, 6938
122.29, 6937
123.75, 6936
124.26, 6935
125.21, 6934
126.79, 6933
126.90, 6932
126.96, 6931
127.21, 6930
127.24, 6929
128.85, 6928
137.55, 6927
138.81, 6926
183.33, 6925
187.48, 6924
202.58, 6923
204.29, 6922
239.55, 6921
255.13, 6920
281.26, 6919
290.33, 6918
306.19, 6917
367.23, 6916
367.81, 6915
517.10, 6914
595.72, 6913
