6.01, 4697
6.05, 4696
6.07, 4695
6.10, 4694
6.12, 4693
6.14, 4692
6.17, 4691
6.19, 4690
6.21, 4689
6.24, 4688
6.26, 4687
6.28, 4686
6.31, 4685
6.34, 4684
6.37, 4683
6.40, 4682
6.42, 4681
6.44, 4680
6.47, 4679
6.49, 4678
6.52, 4677
6.54, 4676
6.57, 4675
6.59, 4674
6.62, 4673
6.64, 4672
6.67, 4671
6.69, 4670
6.71, 4669
6.73, 4668
6.76, 4667
6.78, 4666
6.80, 4665
6.83, 4664
6.85, 4663
6.87, 4662
6.90, 4661
6.92, 4660
6.94, 4659
6.98, 4658
7.00, 4657
7.03, 4656
7.05, 4655
7.08, 4654
7.10, 4653
7.21, 4652
7.46, 4651
7.78, 4650
7.96, 4649
8.46, 4648
8.79, 4647
8.88, 4646
9.17, 4645
9.34, 4644
9.83, 4643
10.28, 4642
10.79, 4641
11.05, 4640
11.07, 4639
11.09, 4638
11.17, 4637
11.99, 4636
12.02, 4635
12.11, 4634
12.39, 4633
12.97, 4632
13.49, 4631
14.17, 4630
14.24, 4629
15.21, 4628
16.09, 4627
16.11, 4626
16.83, 4625
17.04, 4624
17.44, 4623
18.04, 4622
18.19, 4621
18.21, 4620
18.28, 4619
18.71, 4618
19.08, 4617
19.25, 4616
19.42, 4615
19.66, 4614
20.11, 4613
21.12, 4612
21.37, 4611
21.58, 4610
21.79, 4609
22.07, 4608
22.09, 4607
22.55, 4606
23.27, 4605
23.60, 4604
24.67, 4603
24.69, 4602
26.24, 4601
26.40, 4600
27.15, 4599
27.18, 4598
27.46, 4597
28.25, 4596
28.31, 4595
29.09, 4594
31.52, 4593
31.97, 4592
32.09, 4591
33.97, 4590
36.01, 4589
36.72, 4588
36.87, 4587
37.38, 4586
37.74, 4585
37.83, 4584
38.15, 4583
38.49, 4582
38.52, 4581
39.17, 4580
39.91, 4579
41.92, 4578
41.99, 4577
43.85, 4576
44.06, 4575
44.99, 4574
46.27, 4573
46.80, 4572
47.38, 4571
47.70, 4570
49.08, 4569
49.79, 4568
50.29, 4567
50.47, 4566
53.74, 4565
54.63, 4564
59.16, 4563
61.22, 4562
69.80, 4561
71.48, 4560
105.34, 4559
118.12, 4558
119.52, 4557
128.60, 4556
131.73, 4555
132.10, 4554
132.16, 4553
132.30, 4552
142.66, 4551
144.52, 4550
151.26, 4549
221.67, 4548
297.43, 4547
303.73, 4546
309.41, 4545
312.41, 4544
359.21, 4543
