5.87, 7374
5.90, 7373
5.92, 7372
5.93, 7371
5.94, 7370
5.96, 7369
5.97, 7368
5.99, 7367
6.00, 7366
6.01, 7365
6.03, 7364
6.04, 7363
6.06, 7362
6.07, 7361
6.08, 7360
6.10, 7359
6.11, 7358
6.12, 7357
6.14, 7356
6.15, 7355
6.16, 7354
6.18, 7353
6.19, 7352
6.21, 7351
6.22, 7350
6.23, 7349
6.25, 7348
6.26, 7347
6.28, 7346
10.15, 7345
14.27, 7344
14.87, 7343
14.91, 7342
16.48, 7341
24.89, 7340
26.77, 7339
29.36, 7338
29.40, 7337
29.52, 7336
29.56, 7335
29.67, 7334
29.71, 7333
29.82, 7332
29.86, 7331
29.88, 7330
30.09, 7329
30.13, 7328
30.24, 7327
30.29, 7326
30.46, 7325
30.49, 7324
30.86, 7323
30.92, 7322
31.03, 7321
31.07, 7320
31.18, 7319
31.22, 7318
31.33, 7317
31.37, 7316
31.39, 7315
31.49, 7314
31.63, 7313
31.67, 7312
31.76, 7311
31.81, 7310
31.91, 7309
31.96, 7308
31.98, 7307
32.00, 7306
32.01, 7305
32.18, 7304
32.22, 7303
32.32, 7302
32.37, 7301
32.38, 7300
32.48, 7299
32.53, 7298
32.66, 7297
32.78, 7296
32.82, 7295
32.93, 7294
32.97, 7293
32.98, 7292
32.99, 7291
33.28, 7290
33.39, 7289
33.43, 7288
33.54, 7287
33.61, 7286
33.69, 7285
33.74, 7284
33.75, 7283
33.86, 7282
33.90, 7281
34.00, 7280
34.05, 7279
34.16, 7278
34.20, 7277
34.31, 7276
34.35, 7275
34.36, 7274
34.38, 7273
34.39, 7272
34.41, 7271
34.61, 7270
34.65, 7269
34.78, 7268
34.82, 7267
34.94, 7266
34.99, 7265
35.10, 7264
35.14, 7263
35.15, 7262
35.25, 7261
35.29, 7260
35.40, 7259
35.46, 7258
35.65, 7257
35.72, 7256
35.90, 7255
35.98, 7254
36.00, 7253
36.02, 7252
36.23, 7251
36.27, 7250
36.39, 7249
36.44, 7248
36.55, 7247
36.60, 7246
36.71, 7245
36.76, 7244
36.78, 7243
36.89, 7242
36.94, 7241
37.05, 7240
37.10, 7239
37.21, 7238
37.25, 7237
37.46, 7236
37.51, 7235
37.52, 7234
37.54, 7233
37.56, 7232
37.72, 7231
37.76, 7230
37.86, 7229
37.91, 7228
38.01, 7227
38.05, 7226
38.15, 7225
38.19, 7224
38.21, 7223
38.36, 7222
38.51, 7221
38.57, 7220
38.77, 7219
38.85, 7218
39.03, 7217
39.04, 7216
39.05, 7215
39.09, 7214
39.24, 7213
39.29, 7212
39.40, 7211
39.44, 7210
39.55, 7209
39.59, 7208
39.70, 7207
39.74, 7206
39.76, 7205
39.86, 7204
39.90, 7203
40.00, 7202
40.07, 7201
40.21, 7200
40.29, 7199
40.41, 7198
40.46, 7197
40.49, 7196
40.49, 7195
40.50, 7194
40.52, 7193
40.68, 7192
40.72, 7191
40.96, 7190
41.06, 7189
41.13, 7188
41.23, 7187
41.28, 7186
41.30, 7185
41.45, 7184
41.49, 7183
41.59, 7182
41.64, 7181
41.75, 7180
41.79, 7179
41.94, 7178
41.96, 7177
41.97, 7176
42.01, 7175
42.14, 7174
42.31, 7173
42.35, 7172
42.42, 7171
42.46, 7170
42.50, 7169
42.59, 7168
42.64, 7167
42.65, 7166
42.82, 7165
42.90, 7164
43.09, 7163
43.16, 7162
43.27, 7161
43.41, 7160
43.45, 7159
43.48, 7158
43.49, 7157
43.70, 7156
43.75, 7155
43.85, 7154
43.89, 7153
43.90, 7152
44.01, 7151
44.05, 7150
44.16, 7149
44.21, 7148
44.32, 7147
44.36, 7146
44.47, 7145
44.52, 7144
44.53, 7143
44.55, 7142
44.77, 7141
44.85, 7140
45.02, 7139
45.06, 7138
45.17, 7137
45.21, 7136
45.32, 7135
45.37, 7134
45.39, 7133
45.51, 7132
45.55, 7131
45.66, 7130
45.70, 7129
45.81, 7128
45.86, 7127
45.96, 7126
46.01, 7125
46.02, 7124
46.04, 7123
46.05, 7122
46.06, 7121
46.20, 7120
46.27, 7119
46.45, 7118
46.52, 7117
46.68, 7116
46.73, 7115
46.84, 7114
46.90, 7113
46.91, 7112
47.02, 7111
47.07, 7110
47.21, 7109
47.37, 7108
47.42, 7107
47.55, 7106
47.63, 7105
47.66, 7104
47.68, 7103
47.84, 7102
47.89, 7101
48.00, 7100
48.06, 7099
48.16, 7098
48.21, 7097
48.32, 7096
48.36, 7095
48.37, 7094
48.48, 7093
48.52, 7092
48.62, 7091
48.66, 7090
48.77, 7089
48.81, 7088
48.91, 7087
48.96, 7086
48.97, 7085
48.99, 7084
49.00, 7083
49.16, 7082
49.21, 7081
49.33, 7080
49.38, 7079
49.53, 7078
49.65, 7077
49.69, 7076
49.71, 7075
49.81, 7074
49.86, 7073
49.97, 7072
50.01, 7071
50.12, 7070
50.17, 7069
50.34, 7068
50.43, 7067
50.46, 7066
50.47, 7065
50.63, 7064
50.68, 7063
50.80, 7062
50.85, 7061
50.95, 7060
51.00, 7059
51.11, 7058
51.15, 7057
51.16, 7056
51.28, 7055
51.32, 7054
51.43, 7053
51.47, 7052
51.57, 7051
51.61, 7050
51.72, 7049
51.77, 7048
51.79, 7047
51.80, 7046
51.82, 7045
51.83, 7044
51.85, 7043
51.86, 7042
51.88, 7041
51.90, 7040
51.92, 7039
51.94, 7038
51.96, 7037
51.97, 7036
51.99, 7035
52.01, 7034
52.03, 7033
53.15, 7032
58.58, 7031
58.64, 7030
58.81, 7029
58.84, 7028
59.62, 7027
59.69, 7026
59.88, 7025
59.90, 7024
59.92, 7023
60.02, 7022
60.41, 7021
60.85, 7020
61.02, 7019
61.07, 7018
61.14, 7017
61.16, 7016
61.89, 7015
62.18, 7014
63.29, 7013
63.42, 7012
63.93, 7011
65.14, 7010
65.78, 7009
65.82, 7008
65.95, 7007
67.82, 7006
69.73, 7005
71.63, 7004
75.24, 7003
76.29, 7002
76.30, 7001
76.46, 7000
76.58, 6999
76.71, 6998
76.90, 6997
77.25, 6996
77.46, 6995
77.47, 6994
77.66, 6993
77.68, 6992
77.79, 6991
77.81, 6990
78.15, 6989
78.23, 6988
78.25, 6987
78.57, 6986
79.98, 6985
80.03, 6984
80.05, 6983
81.22, 6982
82.11, 6981
83.20, 6980
83.23, 6979
83.43, 6978
84.11, 6977
84.15, 6976
84.40, 6975
85.59, 6974
85.75, 6973
87.47, 6972
87.97, 6971
88.10, 6970
88.26, 6969
90.06, 6968
90.77, 6967
90.96, 6966
91.85, 6965
91.91, 6964
92.85, 6963
92.97, 6962
96.18, 6961
96.60, 6960
96.75, 6959
99.77, 6958
100.95, 6957
101.14, 6956
108.59, 6955
108.61, 6954
108.69, 6953
108.71, 6952
109.02, 6951
110.50, 6950
111.23, 6949
127.72, 6948
128.53, 6947
128.72, 6946
128.82, 6945
128.91, 6944
129.39, 6943
132.77, 6942
134.75, 6941
136.76, 6940
137.47, 6939
138.63, 6938
139.16, 6937
142.19, 6936
143.58, 6935
151.00, 6934
152.87, 6933
180.03, 6932
207.10, 6931
210.87, 6930
211.22, 6929
212.70, 6928
214.56, 6927
214.80, 6926
215.11, 6925
219.46, 6924
230.79, 6923
232.72, 6922
233.68, 6921
263.81, 6920
264.43, 6919
264.82, 6918
314.28, 6917
358.76, 6916
420.80, 6915
420.89, 6914
