6.54, 7374
6.59, 7373
6.61, 7372
6.64, 7371
6.66, 7370
6.69, 7369
6.71, 7368
6.73, 7367
6.76, 7366
6.78, 7365
6.80, 7364
6.81, 7363
6.83, 7362
6.85, 7361
6.86, 7360
6.86, 7359
6.89, 7358
6.91, 7357
6.92, 7356
6.94, 7355
6.96, 7354
6.97, 7353
6.98, 7352
7.00, 7351
7.01, 7350
7.02, 7349
7.04, 7348
7.05, 7347
7.07, 7346
10.06, 7345
14.18, 7344
14.76, 7343
14.81, 7342
16.31, 7341
24.85, 7340
27.68, 7339
31.07, 7338
31.15, 7337
31.31, 7336
31.39, 7335
31.56, 7334
31.63, 7333
31.80, 7332
31.87, 7331
31.89, 7330
32.23, 7329
32.30, 7328
32.48, 7327
32.55, 7326
32.76, 7325
32.83, 7324
33.22, 7323
33.29, 7322
33.46, 7321
33.53, 7320
33.70, 7319
33.77, 7318
33.94, 7317
34.01, 7316
34.03, 7315
34.20, 7314
34.45, 7313
34.52, 7312
34.69, 7311
34.75, 7310
34.92, 7309
35.00, 7308
35.02, 7307
35.04, 7306
35.06, 7305
35.30, 7304
35.34, 7303
35.44, 7302
35.48, 7301
35.50, 7300
35.59, 7299
35.63, 7298
35.76, 7297
35.88, 7296
35.93, 7295
36.03, 7294
36.07, 7293
36.09, 7292
36.10, 7291
36.30, 7290
36.40, 7289
36.45, 7288
36.54, 7287
36.62, 7286
36.69, 7285
36.73, 7284
36.75, 7283
36.84, 7282
36.88, 7281
36.98, 7280
37.03, 7279
37.13, 7278
37.17, 7277
37.28, 7276
37.33, 7275
37.34, 7274
37.35, 7273
37.37, 7272
37.38, 7271
37.52, 7270
37.56, 7269
37.66, 7268
37.71, 7267
37.80, 7266
37.84, 7265
37.95, 7264
37.99, 7263
38.01, 7262
38.11, 7261
38.15, 7260
38.25, 7259
38.29, 7258
38.40, 7257
38.44, 7256
38.56, 7255
38.60, 7254
38.62, 7253
38.63, 7252
38.78, 7251
38.82, 7250
38.92, 7249
38.96, 7248
39.07, 7247
39.11, 7246
39.21, 7245
39.25, 7244
39.26, 7243
39.36, 7242
39.40, 7241
39.50, 7240
39.55, 7239
39.64, 7238
39.68, 7237
39.78, 7236
39.82, 7235
39.83, 7234
39.85, 7233
39.86, 7232
40.00, 7231
40.04, 7230
40.14, 7229
40.19, 7228
40.29, 7227
40.33, 7226
40.44, 7225
40.48, 7224
40.49, 7223
40.64, 7222
40.74, 7221
40.78, 7220
40.88, 7219
40.92, 7218
41.04, 7217
41.06, 7216
41.07, 7215
41.17, 7214
41.25, 7213
41.29, 7212
41.38, 7211
41.42, 7210
41.52, 7209
41.57, 7208
41.67, 7207
41.72, 7206
41.73, 7205
41.82, 7204
41.86, 7203
41.97, 7202
42.01, 7201
42.12, 7200
42.19, 7199
42.35, 7198
42.42, 7197
42.45, 7196
42.47, 7195
42.49, 7194
42.50, 7193
42.65, 7192
42.69, 7191
42.86, 7190
42.97, 7189
43.02, 7188
43.12, 7187
43.16, 7186
43.18, 7185
43.27, 7184
43.31, 7183
43.42, 7182
43.46, 7181
43.57, 7180
43.61, 7179
43.75, 7178
43.76, 7177
43.78, 7176
43.86, 7175
43.97, 7174
44.11, 7173
44.17, 7172
44.26, 7171
44.28, 7170
44.32, 7169
44.42, 7168
44.46, 7167
44.47, 7166
44.57, 7165
44.61, 7164
44.71, 7163
44.75, 7162
44.85, 7161
44.96, 7160
45.00, 7159
45.03, 7158
45.04, 7157
45.25, 7156
45.29, 7155
45.39, 7154
45.44, 7153
45.45, 7152
45.55, 7151
45.59, 7150
45.70, 7149
45.74, 7148
45.83, 7147
45.88, 7146
45.98, 7145
46.02, 7144
46.04, 7143
46.05, 7142
46.18, 7141
46.23, 7140
46.33, 7139
46.37, 7138
46.47, 7137
46.52, 7136
46.62, 7135
46.67, 7134
46.68, 7133
46.78, 7132
46.82, 7131
46.95, 7130
46.99, 7129
47.10, 7128
47.14, 7127
47.24, 7126
47.28, 7125
47.29, 7124
47.30, 7123
47.32, 7122
47.33, 7121
47.48, 7120
47.53, 7119
47.63, 7118
47.68, 7117
47.78, 7116
47.83, 7115
47.93, 7114
47.97, 7113
47.99, 7112
48.08, 7111
48.12, 7110
48.26, 7109
48.39, 7108
48.44, 7107
48.54, 7106
48.59, 7105
48.60, 7104
48.61, 7103
48.76, 7102
48.81, 7101
48.91, 7100
48.95, 7099
49.05, 7098
49.10, 7097
49.20, 7096
49.24, 7095
49.25, 7094
49.35, 7093
49.39, 7092
49.49, 7091
49.53, 7090
49.64, 7089
49.68, 7088
49.79, 7087
49.83, 7086
49.85, 7085
49.86, 7084
49.87, 7083
50.01, 7082
50.05, 7081
50.16, 7080
50.20, 7079
50.32, 7078
50.53, 7077
50.57, 7076
50.58, 7075
50.68, 7074
50.72, 7073
50.84, 7072
50.91, 7071
51.08, 7070
51.15, 7069
51.30, 7068
51.34, 7067
51.35, 7066
51.37, 7065
51.50, 7064
51.54, 7063
51.64, 7062
51.68, 7061
51.77, 7060
51.82, 7059
51.91, 7058
51.96, 7057
51.97, 7056
52.06, 7055
52.10, 7054
52.20, 7053
52.25, 7052
52.36, 7051
52.40, 7050
52.51, 7049
52.55, 7048
52.57, 7047
52.58, 7046
52.59, 7045
52.61, 7044
52.62, 7043
52.64, 7042
52.65, 7041
52.67, 7040
52.68, 7039
52.70, 7038
52.71, 7037
52.73, 7036
52.75, 7035
52.76, 7034
52.78, 7033
53.88, 7032
57.19, 7031
57.20, 7030
57.30, 7029
57.35, 7028
57.64, 7027
58.03, 7026
58.13, 7025
58.24, 7024
58.50, 7023
58.64, 7022
58.90, 7021
58.99, 7020
59.00, 7019
59.06, 7018
59.69, 7017
59.82, 7016
59.93, 7015
59.94, 7014
60.73, 7013
60.97, 7012
61.27, 7011
61.54, 7010
62.21, 7009
62.24, 7008
63.83, 7007
64.02, 7006
64.31, 7005
64.33, 7004
64.44, 7003
64.77, 7002
67.09, 7001
68.17, 7000
68.93, 6999
69.50, 6998
69.84, 6997
70.44, 6996
70.97, 6995
72.24, 6994
72.47, 6993
72.67, 6992
72.94, 6991
72.96, 6990
73.03, 6989
73.20, 6988
73.22, 6987
73.34, 6986
73.35, 6985
73.61, 6984
73.66, 6983
73.67, 6982
73.87, 6981
74.45, 6980
74.56, 6979
74.63, 6978
74.68, 6977
74.80, 6976
74.95, 6975
74.97, 6974
75.01, 6973
75.67, 6972
76.27, 6971
76.33, 6970
76.90, 6969
76.92, 6968
77.51, 6967
77.53, 6966
77.63, 6965
78.08, 6964
78.09, 6963
78.32, 6962
78.79, 6961
78.85, 6960
78.92, 6959
78.96, 6958
79.03, 6957
79.05, 6956
79.39, 6955
79.44, 6954
79.81, 6953
80.59, 6952
81.39, 6951
81.77, 6950
82.03, 6949
84.61, 6948
85.47, 6947
86.25, 6946
89.28, 6945
89.68, 6944
90.78, 6943
90.93, 6942
92.95, 6941
93.05, 6940
93.25, 6939
93.61, 6938
94.78, 6937
100.04, 6936
116.36, 6935
116.39, 6934
117.41, 6933
117.58, 6932
118.71, 6931
121.89, 6930
128.51, 6929
134.47, 6928
134.81, 6927
136.44, 6926
148.34, 6925
159.79, 6924
187.03, 6923
188.94, 6922
201.55, 6921
232.55, 6920
295.26, 6919
325.90, 6918
373.93, 6917
382.46, 6916
388.22, 6915
420.04, 6914
431.24, 6913
507.39, 6912
578.93, 6911
