55.17, 4696
56.21, 4695
57.01, 4694
57.38, 4693
57.48, 4692
57.72, 4691
58.00, 4690
58.07, 4689
59.59, 4688
59.87, 4687
60.17, 4686
60.87, 4685
61.16, 4684
65.74, 4683
65.96, 4682
67.25, 4681
67.58, 4680
73.44, 4679
76.39, 4678
76.57, 4677
77.86, 4676
79.24, 4675
82.17, 4674
83.04, 4673
83.82, 4672
85.01, 4671
88.86, 4670
89.27, 4669
90.52, 4668
92.39, 4667
93.31, 4666
93.46, 4665
94.37, 4664
97.17, 4663
98.92, 4662
101.25, 4661
102.05, 4660
103.62, 4659
106.31, 4658
109.21, 4657
110.66, 4656
113.77, 4655
116.56, 4654
123.79, 4653
128.33, 4652
128.87, 4651
132.25, 4650
132.30, 4649
132.88, 4648
133.01, 4647
133.31, 4646
133.68, 4645
136.65, 4644
137.35, 4643
143.37, 4642
143.95, 4641
146.95, 4640
147.79, 4639
150.36, 4638
154.85, 4637
158.17, 4636
158.17, 4635
159.71, 4634
159.82, 4633
163.76, 4632
169.80, 4631
176.00, 4630
177.28, 4629
184.93, 4628
184.96, 4627
184.96, 4626
185.28, 4625
186.13, 4624
192.10, 4623
192.41, 4622
196.51, 4621
197.17, 4620
199.08, 4619
205.24, 4618
208.82, 4617
211.96, 4616
214.56, 4615
219.91, 4614
220.53, 4613
225.98, 4612
