6.34, 4697
6.38, 4696
6.41, 4695
6.43, 4694
6.45, 4693
6.47, 4692
6.49, 4691
6.52, 4690
6.54, 4689
6.56, 4688
6.59, 4687
6.63, 4686
6.67, 4685
6.69, 4684
6.72, 4683
6.74, 4682
6.77, 4681
6.80, 4680
6.84, 4679
6.87, 4678
6.89, 4677
6.92, 4676
6.94, 4675
6.97, 4674
6.99, 4673
7.01, 4672
7.04, 4671
7.07, 4670
7.10, 4669
7.13, 4668
7.15, 4667
7.18, 4666
7.21, 4665
7.23, 4664
7.26, 4663
7.29, 4662
7.31, 4661
7.34, 4660
7.36, 4659
7.39, 4658
7.42, 4657
7.44, 4656
7.46, 4655
7.49, 4654
7.53, 4653
7.69, 4652
7.81, 4651
8.32, 4650
8.52, 4649
9.01, 4648
9.19, 4647
9.47, 4646
9.72, 4645
10.00, 4644
10.54, 4643
10.91, 4642
11.33, 4641
11.57, 4640
11.59, 4639
11.74, 4638
11.77, 4637
12.61, 4636
12.64, 4635
12.80, 4634
12.95, 4633
13.65, 4632
14.25, 4631
15.07, 4630
15.10, 4629
16.18, 4628
16.83, 4627
16.91, 4626
17.62, 4625
17.87, 4624
18.65, 4623
19.18, 4622
19.46, 4621
19.50, 4620
19.74, 4619
20.16, 4618
20.62, 4617
20.85, 4616
20.93, 4615
21.17, 4614
21.66, 4613
22.85, 4612
23.12, 4611
23.35, 4610
23.70, 4609
23.98, 4608
24.00, 4607
24.43, 4606
25.20, 4605
25.51, 4604
26.50, 4603
26.74, 4602
27.89, 4601
28.50, 4600
28.63, 4599
29.37, 4598
29.44, 4597
29.69, 4596
30.04, 4595
30.47, 4594
30.91, 4593
32.91, 4592
33.26, 4591
33.47, 4590
35.12, 4589
37.20, 4588
38.40, 4587
38.44, 4586
38.79, 4585
39.23, 4584
39.40, 4583
40.16, 4582
41.58, 4581
42.09, 4580
42.12, 4579
43.55, 4578
45.35, 4577
45.76, 4576
46.29, 4575
46.95, 4574
47.32, 4573
47.57, 4572
47.74, 4571
48.31, 4570
49.14, 4569
49.39, 4568
50.35, 4567
50.83, 4566
51.22, 4565
51.50, 4564
54.79, 4563
55.09, 4562
59.54, 4561
61.34, 4560
91.80, 4559
94.41, 4558
100.61, 4557
112.02, 4556
115.32, 4555
122.10, 4554
122.74, 4553
125.55, 4552
136.61, 4551
187.23, 4550
210.87, 4549
276.58, 4548
302.05, 4547
302.13, 4546
304.25, 4545
365.73, 4544
379.84, 4543
