10.51, 4696
11.68, 4695
47.84, 4694
49.38, 4693
49.43, 4692
50.62, 4691
50.87, 4690
51.35, 4689
51.84, 4688
53.90, 4687
57.08, 4686
57.21, 4685
57.48, 4684
57.71, 4683
57.89, 4682
61.14, 4681
62.29, 4680
63.24, 4679
64.91, 4678
65.27, 4677
65.27, 4676
66.83, 4675
67.43, 4674
68.37, 4673
70.17, 4672
72.64, 4671
74.84, 4670
79.90, 4669
82.28, 4668
82.40, 4667
83.89, 4666
84.11, 4665
87.82, 4664
87.89, 4663
92.08, 4662
98.38, 4661
99.62, 4660
102.39, 4659
103.35, 4658
106.37, 4657
109.71, 4656
110.20, 4655
110.95, 4654
111.46, 4653
112.53, 4652
113.83, 4651
116.52, 4650
117.76, 4649
120.00, 4648
120.30, 4647
122.44, 4646
125.83, 4645
126.92, 4644
127.08, 4643
129.55, 4642
129.73, 4641
129.75, 4640
129.97, 4639
131.09, 4638
132.46, 4637
134.76, 4636
135.31, 4635
135.89, 4634
137.96, 4633
137.99, 4632
138.91, 4631
138.91, 4630
145.30, 4629
146.81, 4628
151.12, 4627
153.39, 4626
154.35, 4625
154.72, 4624
155.55, 4623
164.24, 4622
165.00, 4621
167.89, 4620
170.78, 4619
173.80, 4618
174.08, 4617
174.90, 4616
175.59, 4615
178.59, 4614
179.38, 4613
184.92, 4612
190.66, 4611
191.78, 4610
193.18, 4609
194.99, 4608
200.37, 4607
209.42, 4606
210.62, 4605
212.39, 4604
216.54, 4603
217.97, 4602
222.05, 4601
