5.50, 7374
5.52, 7373
5.53, 7372
5.55, 7371
5.56, 7370
5.58, 7369
5.59, 7368
5.61, 7367
5.61, 7366
5.63, 7365
5.66, 7364
5.67, 7363
5.67, 7362
5.69, 7361
5.72, 7360
5.73, 7359
5.75, 7358
5.76, 7357
5.78, 7356
5.79, 7355
5.80, 7354
5.81, 7353
5.83, 7352
5.84, 7351
5.85, 7350
5.87, 7349
5.88, 7348
5.89, 7347
5.91, 7346
8.91, 7345
12.67, 7344
13.22, 7343
13.26, 7342
14.64, 7341
22.37, 7340
24.19, 7339
26.06, 7338
26.10, 7337
26.20, 7336
26.25, 7335
26.35, 7334
26.39, 7333
26.50, 7332
26.54, 7331
26.56, 7330
26.74, 7329
26.78, 7328
26.88, 7327
26.93, 7326
27.09, 7325
27.12, 7324
27.36, 7323
27.40, 7322
27.51, 7321
27.55, 7320
27.66, 7319
27.70, 7318
27.80, 7317
27.85, 7316
27.86, 7315
27.95, 7314
28.10, 7313
28.15, 7312
28.24, 7311
28.28, 7310
28.37, 7309
28.41, 7308
28.42, 7307
28.44, 7306
28.45, 7305
28.59, 7304
28.63, 7303
28.72, 7302
28.76, 7301
28.77, 7300
28.87, 7299
28.91, 7298
29.03, 7297
29.15, 7296
29.20, 7295
29.30, 7294
29.35, 7293
29.36, 7292
29.37, 7291
29.56, 7290
29.70, 7289
29.74, 7288
29.85, 7287
29.97, 7286
30.01, 7285
30.05, 7284
30.07, 7283
30.16, 7282
30.20, 7281
30.30, 7280
30.35, 7279
30.45, 7278
30.50, 7277
30.60, 7276
30.65, 7275
30.66, 7274
30.67, 7273
30.69, 7272
30.70, 7271
30.84, 7270
30.88, 7269
30.98, 7268
31.02, 7267
31.13, 7266
31.18, 7265
31.29, 7264
31.33, 7263
31.35, 7262
31.45, 7261
31.50, 7260
31.60, 7259
31.64, 7258
31.74, 7257
31.78, 7256
31.87, 7255
31.91, 7254
31.92, 7253
31.94, 7252
32.07, 7251
32.11, 7250
32.21, 7249
32.25, 7248
32.36, 7247
32.40, 7246
32.50, 7245
32.55, 7244
32.56, 7243
32.66, 7242
32.70, 7241
32.80, 7240
32.84, 7239
32.94, 7238
32.98, 7237
33.08, 7236
33.12, 7235
33.13, 7234
33.15, 7233
33.16, 7232
33.31, 7231
33.35, 7230
33.45, 7229
33.50, 7228
33.60, 7227
33.64, 7226
33.74, 7225
33.78, 7224
33.79, 7223
33.93, 7222
34.04, 7221
34.09, 7220
34.19, 7219
34.24, 7218
34.37, 7217
34.38, 7216
34.40, 7215
34.45, 7214
34.57, 7213
34.61, 7212
34.70, 7211
34.75, 7210
34.85, 7209
34.89, 7208
34.99, 7207
35.03, 7206
35.04, 7205
35.14, 7204
35.18, 7203
35.29, 7202
35.33, 7201
35.43, 7200
35.47, 7199
35.57, 7198
35.61, 7197
35.62, 7196
35.64, 7195
35.65, 7194
35.66, 7193
35.80, 7192
35.84, 7191
36.00, 7190
36.14, 7189
36.18, 7188
36.29, 7187
36.33, 7186
36.35, 7185
36.44, 7184
36.48, 7183
36.57, 7182
36.61, 7181
36.71, 7180
36.75, 7179
36.88, 7178
36.90, 7177
36.91, 7176
36.95, 7175
37.08, 7174
37.22, 7173
37.27, 7172
37.37, 7171
37.39, 7170
37.43, 7169
37.53, 7168
37.57, 7167
37.58, 7166
37.67, 7165
37.71, 7164
37.82, 7163
37.86, 7162
37.96, 7161
38.07, 7160
38.12, 7159
38.14, 7158
38.16, 7157
38.34, 7156
38.39, 7155
38.49, 7154
38.53, 7153
38.54, 7152
38.64, 7151
38.68, 7150
38.78, 7149
38.82, 7148
38.93, 7147
38.97, 7146
39.07, 7145
39.12, 7144
39.13, 7143
39.14, 7142
39.29, 7141
39.33, 7140
39.44, 7139
39.49, 7138
39.59, 7137
39.64, 7136
39.74, 7135
39.79, 7134
39.80, 7133
39.90, 7132
39.94, 7131
40.04, 7130
40.08, 7129
40.18, 7128
40.22, 7127
40.32, 7126
40.36, 7125
40.38, 7124
40.39, 7123
40.40, 7122
40.41, 7121
40.57, 7120
40.61, 7119
40.72, 7118
40.79, 7117
40.95, 7116
41.02, 7115
41.13, 7114
41.17, 7113
41.18, 7112
41.28, 7111
41.32, 7110
41.46, 7109
41.58, 7108
41.62, 7107
41.72, 7106
41.76, 7105
41.77, 7104
41.78, 7103
41.92, 7102
41.96, 7101
42.06, 7100
42.10, 7099
42.21, 7098
42.25, 7097
42.35, 7096
42.40, 7095
42.41, 7094
42.51, 7093
42.55, 7092
42.65, 7091
42.69, 7090
42.79, 7089
42.84, 7088
42.94, 7087
42.99, 7086
43.00, 7085
43.02, 7084
43.03, 7083
43.16, 7082
43.20, 7081
43.30, 7080
43.34, 7079
43.47, 7078
43.58, 7077
43.63, 7076
43.64, 7075
43.74, 7074
43.78, 7073
43.88, 7072
43.93, 7071
44.03, 7070
44.07, 7069
44.17, 7068
44.21, 7067
44.22, 7066
44.23, 7065
44.37, 7064
44.41, 7063
44.50, 7062
44.54, 7061
44.64, 7060
44.68, 7059
44.77, 7058
44.81, 7057
44.83, 7056
44.92, 7055
44.96, 7054
45.06, 7053
45.10, 7052
45.20, 7051
45.25, 7050
45.35, 7049
45.39, 7048
45.41, 7047
45.42, 7046
45.44, 7045
45.45, 7044
45.47, 7043
45.48, 7042
45.50, 7041
45.51, 7040
45.53, 7039
45.55, 7038
45.58, 7037
45.60, 7036
45.61, 7035
45.63, 7034
45.66, 7033
46.99, 7032
49.25, 7031
51.29, 7030
51.32, 7029
51.43, 7028
51.48, 7027
51.88, 7026
52.17, 7025
52.41, 7024
52.52, 7023
52.60, 7022
52.62, 7021
52.67, 7020
53.23, 7019
54.37, 7018
54.39, 7017
54.66, 7016
54.78, 7015
54.91, 7014
55.27, 7013
55.64, 7012
57.26, 7011
57.63, 7010
57.88, 7009
57.98, 7008
58.01, 7007
60.34, 7006
61.47, 7005
62.66, 7004
63.39, 7003
65.68, 7002
65.89, 7001
66.09, 7000
66.14, 6999
66.17, 6998
66.29, 6997
66.31, 6996
66.48, 6995
66.50, 6994
66.75, 6993
66.80, 6992
66.81, 6991
67.06, 6990
67.85, 6989
67.92, 6988
68.01, 6987
68.02, 6986
68.12, 6985
68.23, 6984
68.25, 6983
68.27, 6982
68.49, 6981
68.63, 6980
69.33, 6979
69.34, 6978
70.04, 6977
70.14, 6976
70.15, 6975
70.37, 6974
70.92, 6973
71.03, 6972
71.29, 6971
71.51, 6970
71.80, 6969
72.66, 6968
72.68, 6967
73.28, 6966
73.68, 6965
74.04, 6964
75.09, 6963
76.44, 6962
79.04, 6961
79.29, 6960
81.48, 6959
81.60, 6958
81.62, 6957
81.68, 6956
82.23, 6955
82.66, 6954
85.95, 6953
93.07, 6952
94.57, 6951
106.70, 6950
107.80, 6949
108.69, 6948
109.04, 6947
109.12, 6946
109.13, 6945
109.54, 6944
112.62, 6943
113.27, 6942
115.52, 6941
115.55, 6940
115.98, 6939
118.13, 6938
118.24, 6937
118.27, 6936
118.33, 6935
118.75, 6934
118.76, 6933
127.61, 6932
127.90, 6931
131.93, 6930
134.80, 6929
142.64, 6928
143.65, 6927
179.43, 6926
183.90, 6925
194.10, 6924
197.29, 6923
217.39, 6922
217.53, 6921
228.85, 6920
234.34, 6919
264.58, 6918
279.05, 6917
279.22, 6916
281.73, 6915
319.59, 6914
357.67, 6913
478.73, 6912
524.64, 6911
562.77, 6910
