7.63, 4697
7.69, 4696
7.73, 4695
7.76, 4694
7.80, 4693
7.83, 4692
7.86, 4691
7.88, 4690
7.90, 4689
7.93, 4688
7.95, 4687
7.98, 4686
8.00, 4685
8.03, 4684
8.05, 4683
8.07, 4682
8.10, 4681
8.12, 4680
8.16, 4679
8.18, 4678
8.21, 4677
8.23, 4676
8.26, 4675
8.28, 4674
8.31, 4673
8.33, 4672
8.35, 4671
8.38, 4670
8.40, 4669
8.42, 4668
8.45, 4667
8.47, 4666
8.49, 4665
8.51, 4664
8.54, 4663
8.57, 4662
8.59, 4661
8.62, 4660
8.64, 4659
8.68, 4658
8.71, 4657
8.73, 4656
8.76, 4655
8.78, 4654
8.80, 4653
8.95, 4652
9.09, 4651
9.56, 4650
9.90, 4649
10.41, 4648
10.55, 4647
10.97, 4646
11.19, 4645
11.41, 4644
11.91, 4643
12.23, 4642
12.71, 4641
12.86, 4640
12.88, 4639
12.90, 4638
12.98, 4637
13.88, 4636
13.97, 4635
14.02, 4634
14.18, 4633
14.89, 4632
15.40, 4631
16.27, 4630
16.36, 4629
17.27, 4628
18.38, 4627
18.46, 4626
18.57, 4625
19.43, 4624
19.67, 4623
20.21, 4622
20.95, 4621
21.09, 4620
21.19, 4619
21.22, 4618
21.65, 4617
22.11, 4616
22.46, 4615
22.48, 4614
22.79, 4613
23.28, 4612
24.34, 4611
24.83, 4610
24.97, 4609
25.19, 4608
25.58, 4607
25.96, 4606
26.64, 4605
27.23, 4604
28.20, 4603
28.28, 4602
29.42, 4601
30.38, 4600
30.50, 4599
31.42, 4598
31.44, 4597
31.77, 4596
32.23, 4595
32.44, 4594
33.07, 4593
35.91, 4592
36.28, 4591
36.46, 4590
36.53, 4589
37.79, 4588
39.96, 4587
40.17, 4586
40.52, 4585
41.30, 4584
41.40, 4583
41.88, 4582
42.47, 4581
42.62, 4580
44.37, 4579
45.15, 4578
46.52, 4577
46.60, 4576
48.54, 4575
49.68, 4574
50.77, 4573
51.71, 4572
52.38, 4571
53.41, 4570
53.94, 4569
55.19, 4568
55.43, 4567
55.87, 4566
70.55, 4565
78.66, 4564
79.86, 4563
108.09, 4562
110.14, 4561
118.46, 4560
122.19, 4559
132.51, 4558
135.51, 4557
136.90, 4556
136.93, 4555
151.20, 4554
160.78, 4553
217.65, 4552
231.16, 4551
231.62, 4550
319.68, 4549
323.48, 4548
339.08, 4547
436.79, 4546
517.24, 4545
546.58, 4544
