5.43, 7374
5.46, 7373
5.47, 7372
5.48, 7371
5.50, 7370
5.51, 7369
5.52, 7368
5.54, 7367
5.55, 7366
5.56, 7365
5.58, 7364
5.59, 7363
5.60, 7362
5.62, 7361
5.63, 7360
5.64, 7359
5.66, 7358
5.67, 7357
5.68, 7356
5.70, 7355
5.71, 7354
5.72, 7353
5.74, 7352
5.75, 7351
5.76, 7350
5.78, 7349
5.79, 7348
5.80, 7347
5.82, 7346
8.92, 7345
12.67, 7344
13.27, 7343
13.31, 7342
14.69, 7341
23.00, 7340
24.89, 7339
26.98, 7338
27.03, 7337
27.13, 7336
27.17, 7335
27.27, 7334
27.32, 7333
27.42, 7332
27.47, 7331
27.48, 7330
27.67, 7329
27.71, 7328
27.81, 7327
27.86, 7326
28.01, 7325
28.04, 7324
28.29, 7323
28.32, 7322
28.42, 7321
28.53, 7320
28.60, 7319
28.65, 7318
28.74, 7317
28.79, 7316
28.81, 7315
28.98, 7314
29.13, 7313
29.17, 7312
29.28, 7311
29.32, 7310
29.42, 7309
29.47, 7308
29.48, 7307
29.49, 7306
29.51, 7305
29.66, 7304
29.70, 7303
29.80, 7302
29.85, 7301
29.86, 7300
29.96, 7299
30.00, 7298
30.15, 7297
30.26, 7296
30.31, 7295
30.41, 7294
30.45, 7293
30.46, 7292
30.48, 7291
30.68, 7290
30.77, 7289
30.82, 7288
30.92, 7287
30.99, 7286
31.08, 7285
31.12, 7284
31.14, 7283
31.24, 7282
31.28, 7281
31.37, 7280
31.41, 7279
31.52, 7278
31.56, 7277
31.66, 7276
31.73, 7275
31.75, 7274
31.77, 7273
31.79, 7272
31.81, 7271
31.94, 7270
31.98, 7269
32.08, 7268
32.13, 7267
32.23, 7266
32.27, 7265
32.38, 7264
32.42, 7263
32.44, 7262
32.53, 7261
32.57, 7260
32.67, 7259
32.72, 7258
32.82, 7257
32.87, 7256
32.97, 7255
33.01, 7254
33.03, 7253
33.04, 7252
33.17, 7251
33.21, 7250
33.32, 7249
33.36, 7248
33.47, 7247
33.51, 7246
33.61, 7245
33.65, 7244
33.67, 7243
33.77, 7242
33.81, 7241
33.90, 7240
33.94, 7239
34.04, 7238
34.08, 7237
34.19, 7236
34.23, 7235
34.25, 7234
34.26, 7233
34.27, 7232
34.41, 7231
34.45, 7230
34.56, 7229
34.60, 7228
34.70, 7227
34.74, 7226
34.85, 7225
34.89, 7224
34.91, 7223
35.04, 7222
35.15, 7221
35.20, 7220
35.30, 7219
35.35, 7218
35.49, 7217
35.51, 7216
35.52, 7215
35.60, 7214
35.68, 7213
35.73, 7212
35.83, 7211
35.88, 7210
35.98, 7209
36.02, 7208
36.13, 7207
36.17, 7206
36.19, 7205
36.29, 7204
36.33, 7203
36.43, 7202
36.47, 7201
36.58, 7200
36.62, 7199
36.72, 7198
36.77, 7197
36.78, 7196
36.79, 7195
36.81, 7194
36.82, 7193
36.95, 7192
36.99, 7191
37.12, 7190
37.31, 7189
37.35, 7188
37.44, 7187
37.48, 7186
37.49, 7185
37.59, 7184
37.63, 7183
37.72, 7182
37.76, 7181
37.86, 7180
37.90, 7179
38.00, 7178
38.04, 7177
38.05, 7176
38.07, 7175
38.20, 7174
38.34, 7173
38.38, 7172
38.48, 7171
38.50, 7170
38.55, 7169
38.64, 7168
38.69, 7167
38.70, 7166
38.79, 7165
38.83, 7164
38.94, 7163
38.98, 7162
39.09, 7161
39.20, 7160
39.25, 7159
39.27, 7158
39.29, 7157
39.49, 7156
39.53, 7155
39.62, 7154
39.67, 7153
39.68, 7152
39.77, 7151
39.82, 7150
39.92, 7149
39.96, 7148
40.06, 7147
40.11, 7146
40.21, 7145
40.25, 7144
40.27, 7143
40.28, 7142
40.43, 7141
40.48, 7140
40.61, 7139
40.65, 7138
40.78, 7137
40.83, 7136
40.93, 7135
40.97, 7134
40.98, 7133
41.08, 7132
41.12, 7131
41.22, 7130
41.27, 7129
41.37, 7128
41.42, 7127
41.52, 7126
41.56, 7125
41.58, 7124
41.59, 7123
41.60, 7122
41.62, 7121
41.75, 7120
41.79, 7119
41.88, 7118
41.92, 7117
42.02, 7116
42.07, 7115
42.17, 7114
42.21, 7113
42.22, 7112
42.32, 7111
42.36, 7110
42.49, 7109
42.62, 7108
42.67, 7107
42.78, 7106
42.83, 7105
42.84, 7104
42.86, 7103
43.01, 7102
43.05, 7101
43.16, 7100
43.20, 7099
43.30, 7098
43.35, 7097
43.45, 7096
43.49, 7095
43.51, 7094
43.60, 7093
43.64, 7092
43.74, 7091
43.78, 7090
43.87, 7089
43.92, 7088
44.07, 7087
44.11, 7086
44.13, 7085
44.14, 7084
44.15, 7083
44.29, 7082
44.33, 7081
44.44, 7080
44.48, 7079
44.61, 7078
44.73, 7077
44.78, 7076
44.79, 7075
44.89, 7074
44.93, 7073
45.04, 7072
45.09, 7071
45.20, 7070
45.24, 7069
45.34, 7068
45.39, 7067
45.40, 7066
45.42, 7065
45.57, 7064
45.62, 7063
45.74, 7062
45.78, 7061
45.88, 7060
45.93, 7059
46.03, 7058
46.08, 7057
46.10, 7056
46.20, 7055
46.24, 7054
46.35, 7053
46.39, 7052
46.50, 7051
46.54, 7050
46.65, 7049
46.70, 7048
46.72, 7047
46.73, 7046
46.75, 7045
46.76, 7044
46.77, 7043
46.79, 7042
46.81, 7041
46.82, 7040
46.84, 7039
46.85, 7038
46.87, 7037
46.88, 7036
46.90, 7035
46.92, 7034
46.94, 7033
48.04, 7032
51.97, 7031
52.00, 7030
52.17, 7029
52.22, 7028
52.50, 7027
53.33, 7026
53.43, 7025
53.52, 7024
53.53, 7023
53.62, 7022
53.89, 7021
54.04, 7020
54.09, 7019
54.17, 7018
54.23, 7017
55.22, 7016
55.32, 7015
55.57, 7014
55.71, 7013
56.33, 7012
56.59, 7011
56.67, 7010
56.68, 7009
57.06, 7008
57.82, 7007
58.04, 7006
58.50, 7005
58.52, 7004
58.62, 7003
61.59, 7002
62.33, 7001
62.46, 7000
64.61, 6999
65.21, 6998
65.40, 6997
65.42, 6996
65.47, 6995
65.49, 6994
65.63, 6993
65.65, 6992
65.83, 6991
65.98, 6990
66.00, 6989
66.15, 6988
66.16, 6987
66.32, 6986
66.51, 6985
66.53, 6984
66.76, 6983
67.18, 6982
67.40, 6981
67.53, 6980
67.64, 6979
67.71, 6978
67.86, 6977
67.88, 6976
67.92, 6975
68.64, 6974
69.14, 6973
70.05, 6972
70.06, 6971
70.24, 6970
70.89, 6969
70.91, 6968
71.05, 6967
71.54, 6966
72.05, 6965
72.34, 6964
72.43, 6963
72.82, 6962
73.56, 6961
73.63, 6960
74.19, 6959
74.36, 6958
74.37, 6957
74.44, 6956
75.72, 6955
75.84, 6954
76.14, 6953
77.31, 6952
78.85, 6951
82.65, 6950
83.55, 6949
85.57, 6948
88.22, 6947
95.79, 6946
95.88, 6945
111.83, 6944
118.36, 6943
122.60, 6942
122.88, 6941
122.90, 6940
122.91, 6939
122.98, 6938
123.13, 6937
123.33, 6936
125.76, 6935
129.54, 6934
129.66, 6933
131.54, 6932
132.41, 6931
136.90, 6930
174.56, 6929
179.14, 6928
180.21, 6927
184.17, 6926
184.30, 6925
184.44, 6924
184.51, 6923
186.19, 6922
187.03, 6921
187.56, 6920
189.28, 6919
190.91, 6918
210.36, 6917
210.85, 6916
212.20, 6915
216.53, 6914
225.82, 6913
427.20, 6912
471.44, 6911
