6.81, 4697
6.85, 4696
6.87, 4695
6.91, 4694
6.95, 4693
6.99, 4692
7.02, 4691
7.04, 4690
7.07, 4689
7.10, 4688
7.13, 4687
7.15, 4686
7.18, 4685
7.20, 4684
7.23, 4683
7.25, 4682
7.28, 4681
7.30, 4680
7.33, 4679
7.36, 4678
7.38, 4677
7.41, 4676
7.43, 4675
7.46, 4674
7.48, 4673
7.51, 4672
7.54, 4671
7.56, 4670
7.59, 4669
7.61, 4668
7.66, 4667
7.70, 4666
7.74, 4665
7.78, 4664
7.81, 4663
7.85, 4662
7.87, 4661
7.90, 4660
7.92, 4659
7.95, 4658
7.97, 4657
8.01, 4656
8.04, 4655
8.06, 4654
8.09, 4653
8.25, 4652
8.43, 4651
8.98, 4650
9.15, 4649
9.67, 4648
9.84, 4647
10.19, 4646
10.44, 4645
10.66, 4644
11.17, 4643
11.54, 4642
12.13, 4641
12.26, 4640
12.31, 4639
12.38, 4638
12.52, 4637
13.55, 4636
13.59, 4635
13.75, 4634
13.90, 4633
15.19, 4632
15.80, 4631
16.80, 4630
16.83, 4629
18.01, 4628
19.25, 4627
19.47, 4626
20.49, 4625
20.69, 4624
21.38, 4623
22.39, 4622
22.42, 4621
22.82, 4620
22.95, 4619
23.70, 4618
24.24, 4617
24.61, 4616
24.73, 4615
25.14, 4614
25.61, 4613
26.61, 4612
26.64, 4611
26.89, 4610
27.27, 4609
27.37, 4608
27.81, 4607
27.94, 4606
28.44, 4605
29.47, 4604
30.34, 4603
30.50, 4602
31.50, 4601
32.12, 4600
32.52, 4599
33.31, 4598
33.37, 4597
33.58, 4596
34.07, 4595
34.32, 4594
37.60, 4593
38.09, 4592
38.25, 4591
38.38, 4590
40.12, 4589
42.33, 4588
42.57, 4587
42.94, 4586
43.19, 4585
43.72, 4584
43.74, 4583
43.85, 4582
44.14, 4581
44.57, 4580
44.89, 4579
45.55, 4578
46.10, 4577
46.99, 4576
47.59, 4575
47.75, 4574
49.25, 4573
49.34, 4572
51.30, 4571
52.08, 4570
53.12, 4569
54.32, 4568
54.63, 4567
56.35, 4566
57.10, 4565
57.12, 4564
68.74, 4563
70.33, 4562
122.35, 4561
127.70, 4560
128.31, 4559
139.43, 4558
145.95, 4557
152.95, 4556
156.73, 4555
168.28, 4554
175.70, 4553
177.65, 4552
177.76, 4551
213.38, 4550
230.77, 4549
235.17, 4548
248.63, 4547
265.26, 4546
332.04, 4545
362.41, 4544
436.08, 4543
