5.42, 7374
5.45, 7373
5.47, 7372
5.48, 7371
5.50, 7370
5.51, 7369
5.52, 7368
5.54, 7367
5.55, 7366
5.57, 7365
5.58, 7364
5.59, 7363
5.61, 7362
5.62, 7361
5.63, 7360
5.65, 7359
5.66, 7358
5.67, 7357
5.69, 7356
5.70, 7355
5.71, 7354
5.73, 7353
5.74, 7352
5.75, 7351
5.76, 7350
5.78, 7349
5.79, 7348
5.80, 7347
5.82, 7346
8.73, 7345
12.65, 7344
13.20, 7343
13.25, 7342
14.94, 7341
22.54, 7340
24.35, 7339
26.18, 7338
26.22, 7337
26.31, 7336
26.36, 7335
26.46, 7334
26.50, 7333
26.60, 7332
26.65, 7331
26.66, 7330
26.85, 7329
26.89, 7328
26.98, 7327
27.02, 7326
27.16, 7325
27.19, 7324
27.45, 7323
27.49, 7322
27.59, 7321
27.62, 7320
27.73, 7319
27.77, 7318
27.87, 7317
27.91, 7316
27.92, 7315
28.01, 7314
28.23, 7313
28.30, 7312
28.46, 7311
28.53, 7310
28.68, 7309
28.72, 7308
28.73, 7307
28.74, 7306
28.76, 7305
28.90, 7304
28.94, 7303
29.05, 7302
29.09, 7301
29.10, 7300
29.20, 7299
29.24, 7298
29.38, 7297
29.49, 7296
29.53, 7295
29.63, 7294
29.68, 7293
29.69, 7292
29.70, 7291
29.92, 7290
30.02, 7289
30.06, 7288
30.15, 7287
30.25, 7286
30.31, 7285
30.35, 7284
30.36, 7283
30.45, 7282
30.49, 7281
30.59, 7280
30.63, 7279
30.74, 7278
30.78, 7277
30.89, 7276
30.93, 7275
30.94, 7274
30.96, 7273
30.97, 7272
30.98, 7271
31.11, 7270
31.15, 7269
31.26, 7268
31.30, 7267
31.40, 7266
31.45, 7265
31.55, 7264
31.60, 7263
31.61, 7262
31.70, 7261
31.74, 7260
31.85, 7259
31.89, 7258
31.99, 7257
32.03, 7256
32.14, 7255
32.18, 7254
32.20, 7253
32.21, 7252
32.35, 7251
32.39, 7250
32.48, 7249
32.53, 7248
32.63, 7247
32.67, 7246
32.77, 7245
32.82, 7244
32.83, 7243
32.92, 7242
32.96, 7241
33.06, 7240
33.10, 7239
33.19, 7238
33.23, 7237
33.33, 7236
33.40, 7235
33.41, 7234
33.41, 7233
33.43, 7232
33.63, 7231
33.69, 7230
33.82, 7229
33.86, 7228
34.01, 7227
34.05, 7226
34.18, 7225
34.22, 7224
34.23, 7223
34.39, 7222
34.49, 7221
34.53, 7220
34.64, 7219
34.68, 7218
34.83, 7217
34.84, 7216
34.85, 7215
34.90, 7214
35.02, 7213
35.07, 7212
35.17, 7211
35.21, 7210
35.32, 7209
35.36, 7208
35.47, 7207
35.51, 7206
35.53, 7205
35.62, 7204
35.66, 7203
35.76, 7202
35.80, 7201
35.90, 7200
35.95, 7199
36.04, 7198
36.08, 7197
36.09, 7196
36.10, 7195
36.12, 7194
36.13, 7193
36.26, 7192
36.30, 7191
36.45, 7190
36.58, 7189
36.62, 7188
36.71, 7187
36.76, 7186
36.77, 7185
36.86, 7184
36.90, 7183
37.00, 7182
37.05, 7181
37.15, 7180
37.19, 7179
37.29, 7178
37.33, 7177
37.34, 7176
37.35, 7175
37.49, 7174
37.63, 7173
37.67, 7172
37.75, 7171
37.79, 7170
37.83, 7169
37.93, 7168
37.98, 7167
37.99, 7166
38.08, 7165
38.12, 7164
38.24, 7163
38.32, 7162
38.42, 7161
38.54, 7160
38.58, 7159
38.60, 7158
38.62, 7157
38.79, 7156
38.83, 7155
38.93, 7154
38.97, 7153
38.98, 7152
39.08, 7151
39.12, 7150
39.22, 7149
39.26, 7148
39.37, 7147
39.41, 7146
39.50, 7145
39.55, 7144
39.56, 7143
39.57, 7142
39.71, 7141
39.75, 7140
39.84, 7139
39.88, 7138
39.97, 7137
40.01, 7136
40.12, 7135
40.16, 7134
40.17, 7133
40.26, 7132
40.30, 7131
40.40, 7130
40.44, 7129
40.54, 7128
40.59, 7127
40.69, 7126
40.73, 7125
40.74, 7124
40.76, 7123
40.77, 7122
40.78, 7121
40.91, 7120
40.95, 7119
41.05, 7118
41.10, 7117
41.20, 7116
41.24, 7115
41.35, 7114
41.39, 7113
41.40, 7112
41.50, 7111
41.54, 7110
41.67, 7109
41.81, 7108
41.85, 7107
41.94, 7106
41.98, 7105
41.99, 7104
42.00, 7103
42.14, 7102
42.18, 7101
42.27, 7100
42.31, 7099
42.41, 7098
42.46, 7097
42.57, 7096
42.61, 7095
42.63, 7094
42.72, 7093
42.76, 7092
42.85, 7091
42.89, 7090
42.99, 7089
43.02, 7088
43.12, 7087
43.16, 7086
43.17, 7085
43.18, 7084
43.20, 7083
43.33, 7082
43.37, 7081
43.47, 7080
43.52, 7079
43.71, 7078
43.81, 7077
43.85, 7076
43.87, 7075
43.96, 7074
44.00, 7073
44.09, 7072
44.13, 7071
44.23, 7070
44.27, 7069
44.37, 7068
44.41, 7067
44.43, 7066
44.44, 7065
44.58, 7064
44.63, 7063
44.74, 7062
44.78, 7061
44.88, 7060
44.92, 7059
45.03, 7058
45.07, 7057
45.08, 7056
45.18, 7055
45.22, 7054
45.32, 7053
45.36, 7052
45.46, 7051
45.51, 7050
45.60, 7049
45.64, 7048
45.66, 7047
45.67, 7046
45.68, 7045
45.70, 7044
45.71, 7043
45.73, 7042
45.75, 7041
45.76, 7040
45.78, 7039
45.79, 7038
45.81, 7037
45.82, 7036
45.84, 7035
45.85, 7034
45.87, 7033
46.69, 7032
48.61, 7031
50.30, 7030
50.33, 7029
50.42, 7028
50.47, 7027
50.68, 7026
50.99, 7025
51.02, 7024
51.33, 7023
51.44, 7022
51.61, 7021
51.63, 7020
51.71, 7019
51.73, 7018
51.78, 7017
52.10, 7016
52.35, 7015
52.44, 7014
52.59, 7013
52.63, 7012
53.46, 7011
53.71, 7010
53.90, 7009
54.30, 7008
55.00, 7007
56.10, 7006
56.85, 7005
56.91, 7004
57.10, 7003
58.70, 7002
59.38, 7001
59.56, 7000
59.94, 6999
60.77, 6998
62.44, 6997
62.70, 6996
62.75, 6995
62.85, 6994
63.00, 6993
63.04, 6992
63.25, 6991
63.31, 6990
63.43, 6989
63.44, 6988
63.80, 6987
63.81, 6986
64.02, 6985
64.14, 6984
64.16, 6983
64.34, 6982
65.17, 6981
65.29, 6980
65.36, 6979
65.89, 6978
66.15, 6977
66.73, 6976
67.43, 6975
67.45, 6974
67.56, 6973
68.18, 6972
68.36, 6971
68.52, 6970
68.85, 6969
69.28, 6968
69.66, 6967
70.26, 6966
70.92, 6965
71.95, 6964
72.52, 6963
74.40, 6962
74.53, 6961
74.65, 6960
75.30, 6959
76.87, 6958
78.34, 6957
80.10, 6956
80.62, 6955
82.06, 6954
82.11, 6953
86.58, 6952
87.05, 6951
87.48, 6950
88.75, 6949
88.99, 6948
90.63, 6947
90.75, 6946
91.12, 6945
91.78, 6944
93.98, 6943
94.52, 6942
94.53, 6941
107.94, 6940
110.31, 6939
111.15, 6938
113.93, 6937
115.08, 6936
116.73, 6935
116.76, 6934
116.79, 6933
117.01, 6932
117.03, 6931
117.29, 6930
117.69, 6929
121.91, 6928
124.54, 6927
125.34, 6926
126.07, 6925
166.29, 6924
174.86, 6923
176.45, 6922
205.71, 6921
209.90, 6920
221.70, 6919
222.67, 6918
252.33, 6917
361.04, 6916
387.29, 6915
393.05, 6914
403.56, 6913
487.47, 6912
