6.40, 4697
6.46, 4696
6.49, 4695
6.54, 4694
6.56, 4693
6.59, 4692
6.61, 4691
6.64, 4690
6.66, 4689
6.69, 4688
6.72, 4687
6.74, 4686
6.77, 4685
6.81, 4684
6.84, 4683
6.88, 4682
6.90, 4681
6.94, 4680
6.96, 4679
6.98, 4678
7.01, 4677
7.06, 4676
7.08, 4675
7.11, 4674
7.14, 4673
7.17, 4672
7.20, 4671
7.23, 4670
7.27, 4669
7.30, 4668
7.32, 4667
7.35, 4666
7.37, 4665
7.40, 4664
7.43, 4663
7.45, 4662
7.49, 4661
7.52, 4660
7.54, 4659
7.57, 4658
7.60, 4657
7.62, 4656
7.65, 4655
7.67, 4654
7.70, 4653
7.97, 4652
8.09, 4651
8.58, 4650
8.69, 4649
9.20, 4648
9.34, 4647
9.57, 4646
9.87, 4645
10.07, 4644
10.72, 4643
11.07, 4642
11.47, 4641
11.64, 4640
11.68, 4639
11.88, 4638
11.90, 4637
12.74, 4636
12.86, 4635
12.91, 4634
13.05, 4633
13.73, 4632
14.17, 4631
15.01, 4630
15.12, 4629
16.06, 4628
16.75, 4627
16.85, 4626
17.55, 4625
17.70, 4624
18.20, 4623
18.84, 4622
19.08, 4621
19.10, 4620
19.18, 4619
19.77, 4618
20.18, 4617
20.53, 4616
20.64, 4615
20.95, 4614
21.35, 4613
22.74, 4612
22.85, 4611
23.17, 4610
23.26, 4609
23.60, 4608
24.08, 4607
24.59, 4606
25.38, 4605
26.33, 4604
26.44, 4603
27.68, 4602
27.85, 4601
28.81, 4600
28.84, 4599
29.02, 4598
29.62, 4597
29.80, 4596
32.85, 4595
33.12, 4594
33.26, 4593
33.46, 4592
35.33, 4591
35.81, 4590
37.71, 4589
37.80, 4588
38.09, 4587
38.18, 4586
39.09, 4585
39.43, 4584
39.61, 4583
40.05, 4582
40.35, 4581
41.29, 4580
41.92, 4579
43.47, 4578
43.67, 4577
44.99, 4576
45.11, 4575
45.20, 4574
45.85, 4573
46.67, 4572
46.90, 4571
46.98, 4570
48.17, 4569
49.76, 4568
50.35, 4567
52.58, 4566
52.76, 4565
60.29, 4564
61.91, 4563
63.10, 4562
64.57, 4561
109.43, 4560
112.30, 4559
113.81, 4558
115.99, 4557
119.50, 4556
125.56, 4555
129.06, 4554
132.61, 4553
133.11, 4552
134.85, 4551
139.82, 4550
142.53, 4549
149.65, 4548
208.55, 4547
299.70, 4546
300.72, 4545
316.56, 4544
410.08, 4543
