5.42, 7374
5.45, 7373
5.46, 7372
5.48, 7371
5.49, 7370
5.50, 7369
5.52, 7368
5.53, 7367
5.54, 7366
5.56, 7365
5.57, 7364
5.58, 7363
5.60, 7362
5.61, 7361
5.62, 7360
5.64, 7359
5.65, 7358
5.66, 7357
5.68, 7356
5.69, 7355
5.70, 7354
5.72, 7353
5.73, 7352
5.74, 7351
5.76, 7350
5.77, 7349
5.78, 7348
5.80, 7347
5.81, 7346
8.74, 7345
12.79, 7344
13.38, 7343
13.43, 7342
14.99, 7341
22.91, 7340
24.78, 7339
26.75, 7338
26.79, 7337
26.89, 7336
26.93, 7335
27.04, 7334
27.08, 7333
27.17, 7332
27.21, 7331
27.23, 7330
27.41, 7329
27.45, 7328
27.55, 7327
27.59, 7326
27.72, 7325
27.76, 7324
27.98, 7323
28.02, 7322
28.11, 7321
28.21, 7320
28.28, 7319
28.32, 7318
28.42, 7317
28.46, 7316
28.47, 7315
28.57, 7314
28.71, 7313
28.76, 7312
28.86, 7311
28.90, 7310
28.99, 7309
29.03, 7308
29.04, 7307
29.05, 7306
29.06, 7305
29.23, 7304
29.27, 7303
29.37, 7302
29.41, 7301
29.43, 7300
29.52, 7299
29.56, 7298
29.71, 7297
29.80, 7296
29.85, 7295
29.95, 7294
29.99, 7293
30.00, 7292
30.01, 7291
30.23, 7290
30.33, 7289
30.37, 7288
30.47, 7287
30.57, 7286
30.63, 7285
30.70, 7284
30.71, 7283
30.80, 7282
30.84, 7281
30.94, 7280
30.98, 7279
31.09, 7278
31.13, 7277
31.24, 7276
31.28, 7275
31.29, 7274
31.30, 7273
31.32, 7272
31.33, 7271
31.47, 7270
31.51, 7269
31.61, 7268
31.65, 7267
31.76, 7266
31.80, 7265
31.91, 7264
31.95, 7263
31.97, 7262
32.06, 7261
32.11, 7260
32.22, 7259
32.26, 7258
32.36, 7257
32.40, 7256
32.51, 7255
32.55, 7254
32.57, 7253
32.58, 7252
32.73, 7251
32.78, 7250
32.88, 7249
32.93, 7248
33.03, 7247
33.07, 7246
33.17, 7245
33.22, 7244
33.23, 7243
33.32, 7242
33.36, 7241
33.46, 7240
33.51, 7239
33.61, 7238
33.66, 7237
33.76, 7236
33.81, 7235
33.82, 7234
33.83, 7233
33.85, 7232
33.99, 7231
34.03, 7230
34.15, 7229
34.20, 7228
34.31, 7227
34.36, 7226
34.50, 7225
34.54, 7224
34.56, 7223
34.76, 7222
34.86, 7221
34.90, 7220
35.01, 7219
35.05, 7218
35.19, 7217
35.21, 7216
35.22, 7215
35.33, 7214
35.39, 7213
35.44, 7212
35.61, 7211
35.68, 7210
35.85, 7209
35.92, 7208
36.08, 7207
36.15, 7206
36.17, 7205
36.34, 7204
36.41, 7203
36.57, 7202
36.65, 7201
36.81, 7200
36.89, 7199
37.05, 7198
37.12, 7197
37.14, 7196
37.16, 7195
37.18, 7194
37.20, 7193
37.44, 7192
37.51, 7191
37.73, 7190
37.99, 7189
38.06, 7188
38.22, 7187
38.30, 7186
38.32, 7185
38.48, 7184
38.54, 7183
38.63, 7182
38.68, 7181
38.77, 7180
38.81, 7179
38.96, 7178
39.03, 7177
39.05, 7176
39.07, 7175
39.31, 7174
39.54, 7173
39.61, 7172
39.73, 7171
39.80, 7170
39.87, 7169
40.04, 7168
40.08, 7167
40.09, 7166
40.19, 7165
40.23, 7164
40.33, 7163
40.37, 7162
40.48, 7161
40.59, 7160
40.63, 7159
40.65, 7158
40.67, 7157
40.87, 7156
40.91, 7155
41.01, 7154
41.05, 7153
41.07, 7152
41.16, 7151
41.20, 7150
41.30, 7149
41.35, 7148
41.44, 7147
41.48, 7146
41.58, 7145
41.62, 7144
41.63, 7143
41.64, 7142
41.78, 7141
41.82, 7140
41.92, 7139
41.96, 7138
42.05, 7137
42.09, 7136
42.19, 7135
42.23, 7134
42.24, 7133
42.34, 7132
42.38, 7131
42.48, 7130
42.52, 7129
42.62, 7128
42.67, 7127
42.77, 7126
42.81, 7125
42.83, 7124
42.84, 7123
42.85, 7122
42.87, 7121
43.01, 7120
43.05, 7119
43.15, 7118
43.19, 7117
43.29, 7116
43.33, 7115
43.43, 7114
43.48, 7113
43.49, 7112
43.59, 7111
43.63, 7110
43.78, 7109
43.90, 7108
43.94, 7107
44.04, 7106
44.08, 7105
44.09, 7104
44.11, 7103
44.24, 7102
44.28, 7101
44.38, 7100
44.43, 7099
44.53, 7098
44.57, 7097
44.68, 7096
44.72, 7095
44.73, 7094
44.83, 7093
44.87, 7092
44.98, 7091
45.03, 7090
45.14, 7089
45.20, 7088
45.36, 7087
45.43, 7086
45.45, 7085
45.47, 7084
45.50, 7083
45.64, 7082
45.68, 7081
45.77, 7080
45.83, 7079
46.05, 7078
46.28, 7077
46.35, 7076
46.37, 7075
46.53, 7074
46.57, 7073
46.67, 7072
46.71, 7071
46.80, 7070
46.84, 7069
46.94, 7068
46.99, 7067
47.00, 7066
47.01, 7065
47.15, 7064
47.19, 7063
47.28, 7062
47.32, 7061
47.43, 7060
47.47, 7059
47.56, 7058
47.60, 7057
47.62, 7056
47.71, 7055
47.75, 7054
47.85, 7053
47.90, 7052
48.00, 7051
48.05, 7050
48.15, 7049
48.20, 7048
48.21, 7047
48.22, 7046
48.24, 7045
48.25, 7044
48.27, 7043
48.28, 7042
48.30, 7041
48.31, 7040
48.33, 7039
48.34, 7038
48.36, 7037
48.37, 7036
48.39, 7035
48.40, 7034
48.42, 7033
49.57, 7032
54.31, 7031
54.33, 7030
54.61, 7029
54.73, 7028
54.78, 7027
55.61, 7026
55.69, 7025
55.82, 7024
55.83, 7023
55.88, 7022
56.47, 7021
56.53, 7020
56.58, 7019
56.61, 7018
57.24, 7017
57.29, 7016
57.37, 7015
57.51, 7014
57.93, 7013
58.58, 7012
58.66, 7011
58.69, 7010
58.82, 7009
59.52, 7008
60.12, 7007
60.50, 7006
60.73, 7005
60.78, 7004
60.88, 7003
62.66, 7002
63.34, 7001
63.70, 7000
64.65, 6999
64.99, 6998
65.06, 6997
66.43, 6996
67.41, 6995
67.75, 6994
67.99, 6993
68.35, 6992
68.58, 6991
68.71, 6990
68.73, 6989
68.91, 6988
68.92, 6987
69.14, 6986
69.38, 6985
69.40, 6984
69.51, 6983
70.34, 6982
70.45, 6981
70.47, 6980
70.80, 6979
71.41, 6978
72.00, 6977
72.05, 6976
72.48, 6975
72.50, 6974
72.60, 6973
73.39, 6972
74.16, 6971
74.34, 6970
74.48, 6969
74.76, 6968
75.38, 6967
76.52, 6966
77.33, 6965
77.38, 6964
77.76, 6963
79.09, 6962
79.49, 6961
81.67, 6960
83.73, 6959
86.41, 6958
87.07, 6957
88.97, 6956
90.96, 6955
91.01, 6954
91.21, 6953
92.71, 6952
92.77, 6951
92.88, 6950
92.91, 6949
93.38, 6948
93.44, 6947
95.95, 6946
96.07, 6945
100.09, 6944
114.44, 6943
115.05, 6942
115.21, 6941
117.58, 6940
119.80, 6939
122.98, 6938
124.02, 6937
125.13, 6936
129.41, 6935
136.62, 6934
179.47, 6933
180.58, 6932
180.85, 6931
182.75, 6930
185.63, 6929
190.15, 6928
194.38, 6927
200.87, 6926
200.96, 6925
201.06, 6924
234.29, 6923
249.73, 6922
250.10, 6921
300.12, 6920
338.62, 6919
351.63, 6918
375.05, 6917
398.98, 6916
493.86, 6915
528.18, 6914
551.56, 6913
