5.93, 7374
5.96, 7373
5.97, 7372
5.99, 7371
6.01, 7370
6.02, 7369
6.04, 7368
6.06, 7367
6.08, 7366
6.09, 7365
6.11, 7364
6.12, 7363
6.14, 7362
6.15, 7361
6.17, 7360
6.18, 7359
6.20, 7358
6.21, 7357
6.23, 7356
6.24, 7355
6.26, 7354
6.27, 7353
6.29, 7352
6.30, 7351
6.32, 7350
6.33, 7349
6.35, 7348
6.38, 7347
6.40, 7346
9.77, 7345
14.51, 7344
15.22, 7343
15.27, 7342
16.98, 7341
25.80, 7340
27.83, 7339
29.72, 7338
29.77, 7337
29.87, 7336
29.91, 7335
30.01, 7334
30.05, 7333
30.15, 7332
30.23, 7331
30.25, 7330
30.46, 7329
30.52, 7328
30.62, 7327
30.67, 7326
30.80, 7325
30.84, 7324
31.13, 7323
31.17, 7322
31.27, 7321
31.42, 7320
31.51, 7319
31.57, 7318
31.74, 7317
31.81, 7316
31.83, 7315
31.93, 7314
32.09, 7313
32.13, 7312
32.28, 7311
32.32, 7310
32.48, 7309
32.52, 7308
32.55, 7307
32.57, 7306
32.59, 7305
32.84, 7304
32.88, 7303
32.98, 7302
33.04, 7301
33.06, 7300
33.20, 7299
33.25, 7298
33.47, 7297
33.64, 7296
33.71, 7295
33.82, 7294
33.86, 7293
33.89, 7292
33.91, 7291
34.24, 7290
34.35, 7289
34.41, 7288
34.50, 7287
34.57, 7286
34.65, 7285
34.71, 7284
34.72, 7283
34.82, 7282
34.88, 7281
35.05, 7280
35.12, 7279
35.22, 7278
35.27, 7277
35.37, 7276
35.44, 7275
35.45, 7274
35.46, 7273
35.47, 7272
35.49, 7271
35.62, 7270
35.67, 7269
35.76, 7268
35.82, 7267
35.92, 7266
35.96, 7265
36.07, 7264
36.11, 7263
36.13, 7262
36.23, 7261
36.27, 7260
36.38, 7259
36.42, 7258
36.52, 7257
36.56, 7256
36.65, 7255
36.70, 7254
36.71, 7253
36.72, 7252
36.86, 7251
36.94, 7250
37.11, 7249
37.19, 7248
37.31, 7247
37.36, 7246
37.48, 7245
37.52, 7244
37.53, 7243
37.66, 7242
37.70, 7241
37.79, 7240
37.84, 7239
37.93, 7238
37.99, 7237
38.09, 7236
38.14, 7235
38.16, 7234
38.19, 7233
38.20, 7232
38.34, 7231
38.41, 7230
38.53, 7229
38.57, 7228
38.71, 7227
38.75, 7226
38.85, 7225
38.89, 7224
38.91, 7223
39.15, 7222
39.30, 7221
39.37, 7220
39.47, 7219
39.51, 7218
39.64, 7217
39.65, 7216
39.67, 7215
39.86, 7214
39.98, 7213
40.03, 7212
40.16, 7211
40.23, 7210
40.41, 7209
40.48, 7208
40.58, 7207
40.62, 7206
40.64, 7205
40.74, 7204
40.78, 7203
40.88, 7202
40.92, 7201
41.02, 7200
41.07, 7199
41.17, 7198
41.23, 7197
41.25, 7196
41.27, 7195
41.30, 7194
41.31, 7193
41.45, 7192
41.50, 7191
41.72, 7190
41.74, 7189
41.90, 7188
42.04, 7187
42.08, 7186
42.09, 7185
42.20, 7184
42.24, 7183
42.34, 7182
42.39, 7181
42.53, 7180
42.59, 7179
42.72, 7178
42.79, 7177
42.80, 7176
42.81, 7175
42.95, 7174
43.13, 7173
43.17, 7172
43.26, 7171
43.28, 7170
43.33, 7169
43.42, 7168
43.46, 7167
43.48, 7166
43.59, 7165
43.63, 7164
43.73, 7163
43.78, 7162
43.95, 7161
44.16, 7160
44.22, 7159
44.25, 7158
44.26, 7157
44.46, 7156
44.50, 7155
44.59, 7154
44.64, 7153
44.65, 7152
44.75, 7151
44.79, 7150
44.89, 7149
44.93, 7148
45.03, 7147
45.08, 7146
45.20, 7145
45.27, 7144
45.29, 7143
45.31, 7142
45.50, 7141
45.57, 7140
45.66, 7139
45.70, 7138
45.80, 7137
45.85, 7136
46.01, 7135
46.05, 7134
46.07, 7133
46.17, 7132
46.22, 7131
46.35, 7130
46.42, 7129
46.52, 7128
46.59, 7127
46.69, 7126
46.73, 7125
46.74, 7124
46.76, 7123
46.77, 7122
46.78, 7121
46.96, 7120
47.04, 7119
47.14, 7118
47.18, 7117
47.29, 7116
47.33, 7115
47.49, 7114
47.56, 7113
47.59, 7112
47.76, 7111
47.81, 7110
47.97, 7109
48.11, 7108
48.15, 7107
48.25, 7106
48.30, 7105
48.31, 7104
48.33, 7103
48.46, 7102
48.50, 7101
48.60, 7100
48.64, 7099
48.74, 7098
48.81, 7097
48.94, 7096
48.98, 7095
49.00, 7094
49.17, 7093
49.24, 7092
49.41, 7091
49.49, 7090
49.61, 7089
49.65, 7088
49.78, 7087
49.82, 7086
49.83, 7085
49.85, 7084
49.86, 7083
50.08, 7082
50.14, 7081
50.23, 7080
50.30, 7079
50.42, 7078
50.53, 7077
50.57, 7076
50.59, 7075
50.69, 7074
50.73, 7073
50.84, 7072
50.88, 7071
50.98, 7070
51.03, 7069
51.14, 7068
51.20, 7067
51.22, 7066
51.23, 7065
51.37, 7064
51.41, 7063
51.52, 7062
51.56, 7061
51.66, 7060
51.70, 7059
51.81, 7058
51.85, 7057
51.87, 7056
51.97, 7055
52.01, 7054
52.14, 7053
52.18, 7052
52.28, 7051
52.32, 7050
52.42, 7049
52.46, 7048
52.48, 7047
52.49, 7046
52.51, 7045
52.52, 7044
52.54, 7043
52.55, 7042
52.57, 7041
52.60, 7040
52.63, 7039
52.65, 7038
52.68, 7037
52.71, 7036
52.73, 7035
52.74, 7034
52.77, 7033
56.55, 7032
58.72, 7031
58.95, 7030
58.96, 7029
59.18, 7028
59.28, 7027
59.78, 7026
60.09, 7025
60.24, 7024
60.33, 7023
60.48, 7022
60.50, 7021
60.55, 7020
61.00, 7019
61.32, 7018
61.53, 7017
62.60, 7016
62.75, 7015
62.95, 7014
63.04, 7013
63.25, 7012
64.26, 7011
65.77, 7010
66.72, 7009
69.08, 7008
70.78, 7007
71.81, 7006
72.44, 7005
74.72, 7004
75.03, 7003
75.21, 7002
75.28, 7001
75.30, 7000
75.44, 6999
75.45, 6998
75.71, 6997
75.73, 6996
75.95, 6995
76.05, 6994
76.08, 6993
76.40, 6992
76.72, 6991
77.22, 6990
77.42, 6989
77.45, 6988
77.56, 6987
77.63, 6986
77.66, 6985
77.68, 6984
78.01, 6983
78.38, 6982
79.99, 6981
80.02, 6980
80.06, 6979
80.27, 6978
80.86, 6977
81.05, 6976
81.08, 6975
81.51, 6974
81.65, 6973
81.72, 6972
81.73, 6971
82.68, 6970
82.75, 6969
83.33, 6968
83.91, 6967
84.98, 6966
85.31, 6965
85.39, 6964
87.06, 6963
88.07, 6962
89.62, 6961
89.89, 6960
89.92, 6959
90.14, 6958
91.51, 6957
92.75, 6956
93.00, 6955
93.19, 6954
93.32, 6953
93.60, 6952
94.99, 6951
96.08, 6950
96.65, 6949
101.86, 6948
102.72, 6947
104.03, 6946
107.11, 6945
107.16, 6944
107.64, 6943
121.01, 6942
123.01, 6941
123.29, 6940
123.42, 6939
124.86, 6938
129.33, 6937
131.05, 6936
131.06, 6935
131.14, 6934
131.91, 6933
132.18, 6932
133.94, 6931
134.02, 6930
141.78, 6929
150.19, 6928
160.97, 6927
161.07, 6926
162.76, 6925
172.56, 6924
173.65, 6923
174.08, 6922
175.63, 6921
176.25, 6920
199.36, 6919
203.08, 6918
207.25, 6917
248.08, 6916
259.91, 6915
263.08, 6914
312.25, 6913
314.38, 6912
385.39, 6911
549.72, 6910
