6.07, 4697
6.11, 4696
6.13, 4695
6.16, 4694
6.18, 4693
6.20, 4692
6.23, 4691
6.25, 4690
6.28, 4689
6.31, 4688
6.34, 4687
6.37, 4686
6.39, 4685
6.41, 4684
6.45, 4683
6.47, 4682
6.50, 4681
6.52, 4680
6.55, 4679
6.57, 4678
6.59, 4677
6.62, 4676
6.64, 4675
6.66, 4674
6.69, 4673
6.71, 4672
6.73, 4671
6.76, 4670
6.79, 4669
6.81, 4668
6.83, 4667
6.87, 4666
6.90, 4665
6.94, 4664
6.96, 4663
6.99, 4662
7.03, 4661
7.06, 4660
7.08, 4659
7.11, 4658
7.13, 4657
7.16, 4656
7.18, 4655
7.20, 4654
7.22, 4653
7.36, 4652
7.59, 4651
7.94, 4650
8.14, 4649
8.73, 4648
8.90, 4647
9.18, 4646
9.39, 4645
9.70, 4644
10.34, 4643
10.64, 4642
11.11, 4641
11.42, 4640
11.45, 4639
11.47, 4638
11.59, 4637
12.44, 4636
12.51, 4635
12.58, 4634
12.80, 4633
13.55, 4632
14.05, 4631
14.78, 4630
14.85, 4629
15.77, 4628
16.27, 4627
16.54, 4626
16.67, 4625
17.37, 4624
17.59, 4623
18.06, 4622
18.58, 4621
18.71, 4620
18.82, 4619
18.84, 4618
19.34, 4617
19.85, 4616
20.15, 4615
20.22, 4614
20.49, 4613
20.90, 4612
21.80, 4611
22.09, 4610
22.23, 4609
22.73, 4608
22.77, 4607
22.86, 4606
23.48, 4605
24.44, 4604
24.72, 4603
25.68, 4602
25.77, 4601
26.96, 4600
27.10, 4599
28.05, 4598
28.21, 4597
28.35, 4596
28.89, 4595
29.08, 4594
29.56, 4593
32.06, 4592
32.41, 4591
32.55, 4590
34.09, 4589
34.43, 4588
36.79, 4587
37.43, 4586
37.47, 4585
37.78, 4584
38.22, 4583
38.86, 4582
39.72, 4581
40.35, 4580
41.92, 4579
43.44, 4578
43.88, 4577
44.43, 4576
45.26, 4575
46.76, 4574
48.12, 4573
49.80, 4572
50.22, 4571
50.73, 4570
57.21, 4569
59.67, 4568
70.40, 4567
110.26, 4566
111.24, 4565
112.34, 4564
114.16, 4563
125.01, 4562
125.11, 4561
130.85, 4560
134.32, 4559
141.77, 4558
143.28, 4557
145.92, 4556
159.30, 4555
161.49, 4554
211.16, 4553
229.74, 4552
234.93, 4551
241.14, 4550
248.87, 4549
250.38, 4548
310.54, 4547
322.40, 4546
333.16, 4545
381.45, 4544
475.21, 4543
