5.69, 4697
5.74, 4696
5.76, 4695
5.78, 4694
5.80, 4693
5.82, 4692
5.86, 4691
5.88, 4690
5.90, 4689
5.92, 4688
5.95, 4687
5.98, 4686
6.00, 4685
6.03, 4684
6.06, 4683
6.08, 4682
6.11, 4681
6.13, 4680
6.16, 4679
6.19, 4678
6.22, 4677
6.25, 4676
6.27, 4675
6.29, 4674
6.32, 4673
6.34, 4672
6.36, 4671
6.38, 4670
6.41, 4669
6.43, 4668
6.45, 4667
6.48, 4666
6.50, 4665
6.52, 4664
6.54, 4663
6.57, 4662
6.59, 4661
6.61, 4660
6.64, 4659
6.66, 4658
6.68, 4657
6.70, 4656
6.73, 4655
6.75, 4654
6.77, 4653
6.93, 4652
7.02, 4651
7.62, 4650
7.91, 4649
8.43, 4648
8.62, 4647
8.96, 4646
9.19, 4645
9.46, 4644
9.94, 4643
10.37, 4642
10.74, 4641
10.91, 4640
10.94, 4639
10.96, 4638
11.08, 4637
11.80, 4636
11.83, 4635
11.95, 4634
12.18, 4633
12.73, 4632
13.07, 4631
14.00, 4630
14.03, 4629
14.97, 4628
15.70, 4627
15.88, 4626
16.55, 4625
16.66, 4624
17.15, 4623
17.64, 4622
17.82, 4621
17.84, 4620
17.98, 4619
18.31, 4618
18.79, 4617
18.95, 4616
19.13, 4615
19.38, 4614
19.88, 4613
20.85, 4612
20.92, 4611
21.13, 4610
21.30, 4609
21.55, 4608
21.81, 4607
22.20, 4606
23.00, 4605
23.96, 4604
23.98, 4603
25.19, 4602
25.28, 4601
26.08, 4600
26.11, 4599
26.31, 4598
26.84, 4597
27.16, 4596
29.89, 4595
30.14, 4594
30.23, 4593
30.35, 4592
30.47, 4591
32.13, 4590
33.72, 4589
33.89, 4588
34.13, 4587
34.15, 4586
34.56, 4585
35.07, 4584
35.32, 4583
35.66, 4582
36.33, 4581
36.35, 4580
37.46, 4579
37.71, 4578
38.45, 4577
38.94, 4576
40.02, 4575
41.32, 4574
42.51, 4573
44.65, 4572
44.87, 4571
45.82, 4570
47.13, 4569
51.81, 4568
54.03, 4567
56.41, 4566
59.62, 4565
67.56, 4564
106.95, 4563
106.97, 4562
109.64, 4561
113.84, 4560
115.35, 4559
115.37, 4558
116.50, 4557
119.14, 4556
127.36, 4555
132.17, 4554
135.46, 4553
138.53, 4552
149.90, 4551
154.41, 4550
154.90, 4549
159.49, 4548
204.00, 4547
210.50, 4546
235.27, 4545
288.39, 4544
297.50, 4543
