5.53, 7374
5.56, 7373
5.57, 7372
5.58, 7371
5.60, 7370
5.61, 7369
5.62, 7368
5.63, 7367
5.65, 7366
5.66, 7365
5.67, 7364
5.68, 7363
5.70, 7362
5.71, 7361
5.72, 7360
5.74, 7359
5.75, 7358
5.76, 7357
5.78, 7356
5.79, 7355
5.80, 7354
5.82, 7353
5.83, 7352
5.84, 7351
5.86, 7350
5.87, 7349
5.88, 7348
5.90, 7347
5.91, 7346
8.75, 7345
12.66, 7344
13.23, 7343
13.27, 7342
14.72, 7341
22.31, 7340
24.01, 7339
25.84, 7338
25.88, 7337
25.98, 7336
26.02, 7335
26.14, 7334
26.21, 7333
26.30, 7332
26.34, 7331
26.36, 7330
26.55, 7329
26.58, 7328
26.68, 7327
26.72, 7326
26.86, 7325
26.89, 7324
27.12, 7323
27.17, 7322
27.27, 7321
27.31, 7320
27.42, 7319
27.46, 7318
27.57, 7317
27.61, 7316
27.63, 7315
27.72, 7314
27.86, 7313
27.90, 7312
28.00, 7311
28.04, 7310
28.14, 7309
28.18, 7308
28.20, 7307
28.21, 7306
28.22, 7305
28.36, 7304
28.41, 7303
28.52, 7302
28.57, 7301
28.58, 7300
28.68, 7299
28.72, 7298
28.84, 7297
28.95, 7296
28.99, 7295
29.08, 7294
29.12, 7293
29.13, 7292
29.15, 7291
29.31, 7290
29.45, 7289
29.49, 7288
29.59, 7287
29.68, 7286
29.74, 7285
29.78, 7284
29.80, 7283
29.89, 7282
29.93, 7281
30.03, 7280
30.07, 7279
30.16, 7278
30.20, 7277
30.29, 7276
30.33, 7275
30.34, 7274
30.35, 7273
30.36, 7272
30.38, 7271
30.51, 7270
30.55, 7269
30.65, 7268
30.69, 7267
30.79, 7266
30.83, 7265
30.93, 7264
30.97, 7263
30.99, 7262
31.08, 7261
31.12, 7260
31.22, 7259
31.26, 7258
31.36, 7257
31.40, 7256
31.51, 7255
31.55, 7254
31.56, 7253
31.58, 7252
31.72, 7251
31.76, 7250
31.86, 7249
31.90, 7248
32.00, 7247
32.05, 7246
32.15, 7245
32.19, 7244
32.20, 7243
32.29, 7242
32.33, 7241
32.43, 7240
32.47, 7239
32.57, 7238
32.62, 7237
32.73, 7236
32.77, 7235
32.78, 7234
32.80, 7233
32.81, 7232
32.95, 7231
32.99, 7230
33.09, 7229
33.14, 7228
33.24, 7227
33.28, 7226
33.37, 7225
33.41, 7224
33.42, 7223
33.58, 7222
33.72, 7221
33.76, 7220
33.87, 7219
33.91, 7218
34.05, 7217
34.07, 7216
34.08, 7215
34.12, 7214
34.24, 7213
34.28, 7212
34.37, 7211
34.41, 7210
34.50, 7209
34.55, 7208
34.65, 7207
34.69, 7206
34.71, 7205
34.80, 7204
34.85, 7203
34.94, 7202
34.98, 7201
35.07, 7200
35.11, 7199
35.20, 7198
35.24, 7197
35.25, 7196
35.26, 7195
35.28, 7194
35.29, 7193
35.42, 7192
35.46, 7191
35.64, 7190
35.74, 7189
35.79, 7188
35.89, 7187
35.92, 7186
35.94, 7185
36.03, 7184
36.07, 7183
36.17, 7182
36.21, 7181
36.31, 7180
36.36, 7179
36.46, 7178
36.50, 7177
36.51, 7176
36.53, 7175
36.66, 7174
36.85, 7173
36.89, 7172
36.97, 7171
37.00, 7170
37.04, 7169
37.14, 7168
37.19, 7167
37.20, 7166
37.30, 7165
37.34, 7164
37.44, 7163
37.48, 7162
37.58, 7161
37.70, 7160
37.74, 7159
37.77, 7158
37.78, 7157
38.00, 7156
38.04, 7155
38.13, 7154
38.17, 7153
38.19, 7152
38.28, 7151
38.32, 7150
38.42, 7149
38.46, 7148
38.56, 7147
38.60, 7146
38.71, 7145
38.75, 7144
38.76, 7143
38.77, 7142
38.91, 7141
38.95, 7140
39.04, 7139
39.08, 7138
39.21, 7137
39.25, 7136
39.34, 7135
39.38, 7134
39.39, 7133
39.49, 7132
39.52, 7131
39.62, 7130
39.66, 7129
39.75, 7128
39.81, 7127
39.98, 7126
40.02, 7125
40.03, 7124
40.05, 7123
40.06, 7122
40.07, 7121
40.20, 7120
40.24, 7119
40.34, 7118
40.38, 7117
40.48, 7116
40.53, 7115
40.63, 7114
40.67, 7113
40.68, 7112
40.77, 7111
40.81, 7110
40.97, 7109
41.08, 7108
41.12, 7107
41.23, 7106
41.27, 7105
41.28, 7104
41.29, 7103
41.43, 7102
41.47, 7101
41.56, 7100
41.61, 7099
41.70, 7098
41.74, 7097
41.83, 7096
41.87, 7095
41.88, 7094
41.98, 7093
42.02, 7092
42.11, 7091
42.15, 7090
42.24, 7089
42.28, 7088
42.37, 7087
42.41, 7086
42.42, 7085
42.44, 7084
42.45, 7083
42.59, 7082
42.63, 7081
42.73, 7080
42.77, 7079
42.90, 7078
43.05, 7077
43.09, 7076
43.11, 7075
43.20, 7074
43.24, 7073
43.33, 7072
43.37, 7071
43.47, 7070
43.51, 7069
43.60, 7068
43.64, 7067
43.65, 7066
43.67, 7065
43.80, 7064
43.84, 7063
43.93, 7062
43.97, 7061
44.06, 7060
44.10, 7059
44.19, 7058
44.23, 7057
44.24, 7056
44.33, 7055
44.37, 7054
44.47, 7053
44.51, 7052
44.61, 7051
44.66, 7050
44.75, 7049
44.79, 7048
44.81, 7047
44.82, 7046
44.84, 7045
44.85, 7044
44.87, 7043
44.88, 7042
44.90, 7041
44.91, 7040
44.93, 7039
44.94, 7038
44.96, 7037
44.97, 7036
44.99, 7035
45.00, 7034
45.02, 7033
45.96, 7032
48.62, 7031
51.15, 7030
51.23, 7029
51.26, 7028
51.38, 7027
51.41, 7026
51.55, 7025
52.06, 7024
52.14, 7023
52.28, 7022
52.30, 7021
52.34, 7020
52.65, 7019
52.72, 7018
52.83, 7017
52.88, 7016
52.93, 7015
53.14, 7014
53.16, 7013
53.58, 7012
53.67, 7011
53.76, 7010
54.03, 7009
54.11, 7008
54.24, 7007
54.60, 7006
54.90, 7005
55.39, 7004
56.06, 7003
56.73, 7002
56.80, 7001
58.74, 7000
59.61, 6999
59.85, 6998
60.42, 6997
61.19, 6996
61.99, 6995
65.15, 6994
65.17, 6993
65.20, 6992
65.25, 6991
65.26, 6990
65.34, 6989
65.39, 6988
65.64, 6987
65.81, 6986
65.83, 6985
65.97, 6984
65.98, 6983
66.30, 6982
66.40, 6981
66.42, 6980
66.76, 6979
67.80, 6978
67.86, 6977
67.87, 6976
68.19, 6975
68.53, 6974
70.04, 6973
70.05, 6972
70.07, 6971
70.25, 6970
70.85, 6969
70.96, 6968
72.10, 6967
72.16, 6966
73.58, 6965
74.36, 6964
74.61, 6963
74.79, 6962
77.08, 6961
77.37, 6960
78.25, 6959
78.69, 6958
80.46, 6957
82.69, 6956
82.77, 6955
84.69, 6954
88.59, 6953
89.78, 6952
89.85, 6951
95.73, 6950
95.81, 6949
95.88, 6948
111.11, 6947
114.93, 6946
115.50, 6945
117.71, 6944
117.97, 6943
118.43, 6942
118.60, 6941
121.08, 6940
122.26, 6939
123.21, 6938
125.23, 6937
125.61, 6936
125.78, 6935
125.94, 6934
129.56, 6933
129.87, 6932
132.14, 6931
133.42, 6930
133.95, 6929
164.54, 6928
211.80, 6927
215.62, 6926
221.08, 6925
225.08, 6924
255.25, 6923
295.77, 6922
336.60, 6921
336.67, 6920
351.09, 6919
351.31, 6918
429.08, 6917
479.84, 6916
