5.17, 7374
5.20, 7373
5.21, 7372
5.22, 7371
5.25, 7370
5.26, 7369
5.27, 7368
5.29, 7367
5.30, 7366
5.32, 7365
5.33, 7364
5.35, 7363
5.36, 7362
5.38, 7361
5.40, 7360
5.41, 7359
5.44, 7358
5.45, 7357
5.47, 7356
5.48, 7355
5.50, 7354
5.52, 7353
5.54, 7352
5.56, 7351
5.57, 7350
5.58, 7349
5.60, 7348
5.61, 7347
5.62, 7346
8.70, 7345
12.57, 7344
13.13, 7343
13.17, 7342
14.63, 7341
22.67, 7340
24.50, 7339
26.48, 7338
26.53, 7337
26.67, 7336
26.74, 7335
26.83, 7334
26.87, 7333
26.97, 7332
27.01, 7331
27.03, 7330
27.21, 7329
27.52, 7328
27.62, 7327
27.68, 7326
27.82, 7325
27.84, 7324
28.07, 7323
28.11, 7322
28.21, 7321
28.25, 7320
28.34, 7319
28.38, 7318
28.47, 7317
28.51, 7316
28.53, 7315
28.63, 7314
28.76, 7313
28.81, 7312
28.91, 7311
28.95, 7310
29.05, 7309
29.10, 7308
29.11, 7307
29.12, 7306
29.14, 7305
29.28, 7304
29.33, 7303
29.43, 7302
29.47, 7301
29.48, 7300
29.58, 7299
29.62, 7298
29.75, 7297
29.86, 7296
29.90, 7295
30.00, 7294
30.04, 7293
30.05, 7292
30.07, 7291
30.26, 7290
30.39, 7289
30.43, 7288
30.53, 7287
30.61, 7286
30.69, 7285
30.73, 7284
30.74, 7283
30.83, 7282
30.87, 7281
30.97, 7280
31.01, 7279
31.10, 7278
31.15, 7277
31.24, 7276
31.29, 7275
31.30, 7274
31.31, 7273
31.33, 7272
31.35, 7271
31.49, 7270
31.53, 7269
31.63, 7268
31.67, 7267
31.77, 7266
31.82, 7265
31.92, 7264
31.96, 7263
31.97, 7262
32.07, 7261
32.11, 7260
32.21, 7259
32.25, 7258
32.34, 7257
32.38, 7256
32.47, 7255
32.51, 7254
32.53, 7253
32.54, 7252
32.68, 7251
32.72, 7250
32.82, 7249
32.87, 7248
32.98, 7247
33.03, 7246
33.13, 7245
33.17, 7244
33.19, 7243
33.28, 7242
33.33, 7241
33.43, 7240
33.47, 7239
33.56, 7238
33.61, 7237
33.70, 7236
33.74, 7235
33.76, 7234
33.77, 7233
33.78, 7232
33.91, 7231
33.96, 7230
34.06, 7229
34.10, 7228
34.21, 7227
34.25, 7226
34.35, 7225
34.41, 7224
34.42, 7223
34.58, 7222
34.69, 7221
34.73, 7220
34.82, 7219
34.86, 7218
35.00, 7217
35.02, 7216
35.03, 7215
35.04, 7214
35.18, 7213
35.22, 7212
35.32, 7211
35.36, 7210
35.46, 7209
35.50, 7208
35.60, 7207
35.64, 7206
35.66, 7205
35.75, 7204
35.79, 7203
35.88, 7202
35.92, 7201
36.02, 7200
36.06, 7199
36.15, 7198
36.20, 7197
36.21, 7196
36.22, 7195
36.24, 7194
36.25, 7193
36.40, 7192
36.44, 7191
36.62, 7190
36.81, 7189
36.85, 7188
36.94, 7187
36.98, 7186
36.99, 7185
37.09, 7184
37.13, 7183
37.23, 7182
37.27, 7181
37.37, 7180
37.42, 7179
37.53, 7178
37.57, 7177
37.58, 7176
37.60, 7175
37.74, 7174
37.91, 7173
37.97, 7172
38.04, 7171
38.09, 7170
38.13, 7169
38.23, 7168
38.27, 7167
38.28, 7166
38.39, 7165
38.43, 7164
38.53, 7163
38.58, 7162
38.68, 7161
38.79, 7160
38.83, 7159
38.85, 7158
38.87, 7157
39.09, 7156
39.14, 7155
39.24, 7154
39.28, 7153
39.29, 7152
39.39, 7151
39.43, 7150
39.54, 7149
39.58, 7148
39.68, 7147
39.72, 7146
39.82, 7145
39.86, 7144
39.88, 7143
39.89, 7142
40.07, 7141
40.12, 7140
40.22, 7139
40.26, 7138
40.37, 7137
40.41, 7136
40.56, 7135
40.61, 7134
40.62, 7133
40.72, 7132
40.76, 7131
40.86, 7130
40.90, 7129
41.01, 7128
41.05, 7127
41.15, 7126
41.21, 7125
41.22, 7124
41.23, 7123
41.24, 7122
41.26, 7121
41.40, 7120
41.44, 7119
41.54, 7118
41.58, 7117
41.68, 7116
41.75, 7115
41.85, 7114
41.89, 7113
41.91, 7112
42.00, 7111
42.05, 7110
42.17, 7109
42.30, 7108
42.34, 7107
42.44, 7106
42.48, 7105
42.49, 7104
42.50, 7103
42.65, 7102
42.69, 7101
42.80, 7100
42.84, 7099
42.94, 7098
42.98, 7097
43.08, 7096
43.13, 7095
43.15, 7094
43.25, 7093
43.29, 7092
43.39, 7091
43.43, 7090
43.54, 7089
43.58, 7088
43.68, 7087
43.73, 7086
43.74, 7085
43.76, 7084
43.77, 7083
43.92, 7082
43.97, 7081
44.07, 7080
44.11, 7079
44.24, 7078
44.36, 7077
44.40, 7076
44.42, 7075
44.52, 7074
44.56, 7073
44.68, 7072
44.73, 7071
44.83, 7070
44.88, 7069
44.98, 7068
45.02, 7067
45.03, 7066
45.05, 7065
45.18, 7064
45.22, 7063
45.32, 7062
45.37, 7061
45.47, 7060
45.51, 7059
45.61, 7058
45.66, 7057
45.67, 7056
45.77, 7055
45.81, 7054
45.92, 7053
45.96, 7052
46.06, 7051
46.10, 7050
46.20, 7049
46.24, 7048
46.26, 7047
46.27, 7046
46.29, 7045
46.31, 7044
46.32, 7043
46.34, 7042
46.36, 7041
46.37, 7040
46.39, 7039
46.41, 7038
46.43, 7037
46.44, 7036
46.46, 7035
46.48, 7034
46.50, 7033
52.11, 7032
52.12, 7031
52.26, 7030
52.36, 7029
52.47, 7028
52.63, 7027
52.80, 7026
52.81, 7025
52.99, 7024
53.41, 7023
53.46, 7022
53.63, 7021
53.64, 7020
53.66, 7019
53.76, 7018
54.64, 7017
54.69, 7016
54.70, 7015
54.81, 7014
55.32, 7013
55.40, 7012
55.53, 7011
55.62, 7010
55.86, 7009
56.01, 7008
56.85, 7007
57.06, 7006
57.78, 7005
58.34, 7004
59.04, 7003
59.06, 7002
59.28, 7001
61.31, 7000
64.06, 6999
65.41, 6998
66.44, 6997
66.68, 6996
66.95, 6995
67.10, 6994
67.36, 6993
67.43, 6992
67.60, 6991
67.62, 6990
67.85, 6989
67.87, 6988
68.03, 6987
68.23, 6986
68.25, 6985
68.33, 6984
68.53, 6983
69.56, 6982
69.65, 6981
69.66, 6980
70.39, 6979
70.89, 6978
71.47, 6977
71.97, 6976
71.99, 6975
72.09, 6974
72.55, 6973
72.66, 6972
72.88, 6971
73.93, 6970
75.02, 6969
75.16, 6968
75.87, 6967
76.34, 6966
76.42, 6965
78.29, 6964
78.66, 6963
78.67, 6962
78.88, 6961
79.01, 6960
79.17, 6959
80.20, 6958
82.29, 6957
87.41, 6956
88.37, 6955
89.26, 6954
89.28, 6953
89.29, 6952
90.97, 6951
91.08, 6950
91.25, 6949
91.31, 6948
91.41, 6947
92.63, 6946
112.86, 6945
112.99, 6944
113.21, 6943
113.22, 6942
114.58, 6941
114.59, 6940
115.13, 6939
115.93, 6938
117.62, 6937
119.74, 6936
122.99, 6935
123.53, 6934
124.61, 6933
126.53, 6932
127.85, 6931
127.90, 6930
132.40, 6929
132.45, 6928
132.47, 6927
132.55, 6926
142.73, 6925
145.93, 6924
175.81, 6923
184.07, 6922
193.38, 6921
225.66, 6920
272.92, 6919
285.20, 6918
360.92, 6917
365.85, 6916
413.74, 6915
441.10, 6914
445.34, 6913
508.06, 6912
