6.56, 4697
6.60, 4696
6.63, 4695
6.65, 4694
6.67, 4693
6.70, 4692
6.72, 4691
6.75, 4690
6.79, 4689
6.81, 4688
6.84, 4687
6.86, 4686
6.88, 4685
6.91, 4684
6.93, 4683
6.95, 4682
6.97, 4681
7.00, 4680
7.02, 4679
7.05, 4678
7.07, 4677
7.10, 4676
7.12, 4675
7.14, 4674
7.16, 4673
7.19, 4672
7.21, 4671
7.23, 4670
7.25, 4669
7.28, 4668
7.30, 4667
7.32, 4666
7.34, 4665
7.38, 4664
7.42, 4663
7.46, 4662
7.49, 4661
7.53, 4660
7.56, 4659
7.60, 4658
7.62, 4657
7.65, 4656
7.67, 4655
7.70, 4654
7.72, 4653
7.86, 4652
8.01, 4651
8.67, 4650
8.88, 4649
9.35, 4648
9.74, 4647
9.88, 4646
10.20, 4645
10.52, 4644
10.87, 4643
11.30, 4642
11.79, 4641
11.96, 4640
11.99, 4639
12.01, 4638
12.15, 4637
13.17, 4636
13.21, 4635
13.37, 4634
13.53, 4633
14.28, 4632
14.70, 4631
15.56, 4630
15.59, 4629
16.58, 4628
17.43, 4627
17.58, 4626
18.29, 4625
18.49, 4624
18.95, 4623
19.47, 4622
19.73, 4621
19.75, 4620
19.88, 4619
20.32, 4618
20.78, 4617
21.05, 4616
21.12, 4615
21.47, 4614
22.11, 4613
23.15, 4612
23.23, 4611
23.55, 4610
23.77, 4609
24.05, 4608
24.33, 4607
24.83, 4606
26.24, 4605
27.22, 4604
27.25, 4603
28.30, 4602
28.82, 4601
29.05, 4600
29.80, 4599
29.91, 4598
30.19, 4597
30.78, 4596
31.09, 4595
31.70, 4594
34.48, 4593
34.81, 4592
35.06, 4591
35.17, 4590
36.66, 4589
38.64, 4588
38.80, 4587
39.19, 4586
39.62, 4585
39.75, 4584
39.85, 4583
40.28, 4582
40.74, 4581
40.86, 4580
41.47, 4579
41.82, 4578
42.64, 4577
43.40, 4576
43.60, 4575
45.31, 4574
47.40, 4573
47.98, 4572
49.54, 4571
50.34, 4570
50.71, 4569
52.60, 4568
53.11, 4567
53.38, 4566
62.04, 4565
75.09, 4564
102.74, 4563
112.04, 4562
113.05, 4561
115.50, 4560
116.04, 4559
117.03, 4558
118.37, 4557
126.43, 4556
128.54, 4555
131.76, 4554
136.30, 4553
138.62, 4552
140.26, 4551
145.05, 4550
145.16, 4549
149.58, 4548
202.30, 4547
216.26, 4546
223.42, 4545
450.19, 4544
480.22, 4543
