5.43, 7374
5.46, 7373
5.47, 7372
5.48, 7371
5.49, 7370
5.51, 7369
5.52, 7368
5.53, 7367
5.55, 7366
5.56, 7365
5.57, 7364
5.59, 7363
5.60, 7362
5.61, 7361
5.63, 7360
5.64, 7359
5.65, 7358
5.67, 7357
5.68, 7356
5.70, 7355
5.71, 7354
5.72, 7353
5.73, 7352
5.75, 7351
5.76, 7350
5.77, 7349
5.79, 7348
5.80, 7347
5.81, 7346
8.78, 7345
12.51, 7344
13.00, 7343
13.04, 7342
14.41, 7341
22.10, 7340
23.82, 7339
25.65, 7338
25.69, 7337
25.79, 7336
25.83, 7335
25.92, 7334
25.96, 7333
26.06, 7332
26.11, 7331
26.12, 7330
26.30, 7329
26.34, 7328
26.44, 7327
26.48, 7326
26.61, 7325
26.66, 7324
26.87, 7323
26.90, 7322
27.00, 7321
27.14, 7320
27.16, 7319
27.20, 7318
27.29, 7317
27.33, 7316
27.35, 7315
27.45, 7314
27.60, 7313
27.64, 7312
27.74, 7311
27.79, 7310
27.89, 7309
27.93, 7308
27.94, 7307
27.96, 7306
27.97, 7305
28.11, 7304
28.16, 7303
28.26, 7302
28.30, 7301
28.32, 7300
28.41, 7299
28.45, 7298
28.58, 7297
28.69, 7296
28.73, 7295
28.83, 7294
28.88, 7293
28.89, 7292
28.90, 7291
29.10, 7290
29.19, 7289
29.24, 7288
29.34, 7287
29.42, 7286
29.49, 7285
29.54, 7284
29.55, 7283
29.64, 7282
29.68, 7281
29.78, 7280
29.82, 7279
29.92, 7278
29.96, 7277
30.06, 7276
30.11, 7275
30.12, 7274
30.13, 7273
30.15, 7272
30.16, 7271
30.30, 7270
30.34, 7269
30.44, 7268
30.49, 7267
30.59, 7266
30.63, 7265
30.73, 7264
30.78, 7263
30.79, 7262
30.88, 7261
30.92, 7260
31.02, 7259
31.06, 7258
31.16, 7257
31.21, 7256
31.32, 7255
31.36, 7254
31.38, 7253
31.39, 7252
31.52, 7251
31.56, 7250
31.66, 7249
31.70, 7248
31.80, 7247
31.84, 7246
31.96, 7245
31.99, 7244
32.01, 7243
32.10, 7242
32.13, 7241
32.23, 7240
32.28, 7239
32.38, 7238
32.43, 7237
32.53, 7236
32.57, 7235
32.58, 7234
32.60, 7233
32.61, 7232
32.75, 7231
32.79, 7230
32.90, 7229
32.94, 7228
33.03, 7227
33.07, 7226
33.16, 7225
33.21, 7224
33.22, 7223
33.35, 7222
33.46, 7221
33.50, 7220
33.60, 7219
33.64, 7218
33.80, 7217
33.82, 7216
33.83, 7215
33.85, 7214
34.02, 7213
34.06, 7212
34.16, 7211
34.20, 7210
34.29, 7209
34.33, 7208
34.43, 7207
34.47, 7206
34.48, 7205
34.58, 7204
34.62, 7203
34.71, 7202
34.75, 7201
34.85, 7200
34.89, 7199
35.04, 7198
35.08, 7197
35.10, 7196
35.13, 7195
35.15, 7194
35.17, 7193
35.41, 7192
35.48, 7191
35.68, 7190
35.81, 7189
35.85, 7188
35.94, 7187
35.98, 7186
35.99, 7185
36.09, 7184
36.13, 7183
36.25, 7182
36.29, 7181
36.38, 7180
36.43, 7179
36.52, 7178
36.56, 7177
36.58, 7176
36.59, 7175
36.72, 7174
36.85, 7173
36.89, 7172
37.01, 7171
37.03, 7170
37.07, 7169
37.16, 7168
37.21, 7167
37.22, 7166
37.31, 7165
37.36, 7164
37.46, 7163
37.50, 7162
37.60, 7161
37.71, 7160
37.75, 7159
37.78, 7158
37.79, 7157
37.96, 7156
38.01, 7155
38.11, 7154
38.15, 7153
38.16, 7152
38.25, 7151
38.32, 7150
38.49, 7149
38.55, 7148
38.65, 7147
38.69, 7146
38.79, 7145
38.83, 7144
38.84, 7143
38.85, 7142
38.98, 7141
39.02, 7140
39.12, 7139
39.16, 7138
39.25, 7137
39.29, 7136
39.38, 7135
39.42, 7134
39.43, 7133
39.52, 7132
39.56, 7131
39.66, 7130
39.70, 7129
39.80, 7128
39.84, 7127
39.94, 7126
39.98, 7125
40.00, 7124
40.01, 7123
40.02, 7122
40.04, 7121
40.18, 7120
40.22, 7119
40.32, 7118
40.36, 7117
40.47, 7116
40.50, 7115
40.61, 7114
40.65, 7113
40.66, 7112
40.75, 7111
40.79, 7110
40.98, 7109
41.04, 7108
41.10, 7107
41.20, 7106
41.24, 7105
41.25, 7104
41.26, 7103
41.39, 7102
41.43, 7101
41.52, 7100
41.56, 7099
41.66, 7098
41.69, 7097
41.80, 7096
41.88, 7095
41.88, 7094
42.00, 7093
42.04, 7092
42.14, 7091
42.18, 7090
42.29, 7089
42.33, 7088
42.44, 7087
42.48, 7086
42.49, 7085
42.51, 7084
42.52, 7083
42.66, 7082
42.71, 7081
42.81, 7080
42.85, 7079
42.97, 7078
43.09, 7077
43.14, 7076
43.15, 7075
43.24, 7074
43.28, 7073
43.38, 7072
43.42, 7071
43.51, 7070
43.55, 7069
43.65, 7068
43.69, 7067
43.71, 7066
43.72, 7065
43.85, 7064
43.89, 7063
43.98, 7062
44.02, 7061
44.11, 7060
44.15, 7059
44.25, 7058
44.28, 7057
44.30, 7056
44.39, 7055
44.43, 7054
44.52, 7053
44.56, 7052
44.65, 7051
44.69, 7050
44.78, 7049
44.82, 7048
44.83, 7047
44.85, 7046
44.86, 7045
44.88, 7044
44.89, 7043
44.90, 7042
44.92, 7041
44.93, 7040
44.95, 7039
44.96, 7038
44.98, 7037
44.99, 7036
45.01, 7035
45.02, 7034
45.04, 7033
48.01, 7032
50.54, 7031
50.88, 7030
50.91, 7029
50.99, 7028
51.04, 7027
51.30, 7026
51.48, 7025
51.49, 7024
51.63, 7023
51.97, 7022
52.04, 7021
52.12, 7020
52.14, 7019
52.18, 7018
52.74, 7017
52.81, 7016
52.84, 7015
53.06, 7014
53.75, 7013
54.11, 7012
54.23, 7011
54.95, 7010
56.08, 7009
56.20, 7008
56.50, 7007
56.55, 7006
56.66, 7005
58.64, 7004
59.49, 7003
59.71, 7002
60.93, 7001
61.32, 7000
61.43, 6999
61.80, 6998
63.18, 6997
63.63, 6996
63.86, 6995
63.91, 6994
63.94, 6993
64.10, 6992
64.32, 6991
64.41, 6990
64.59, 6989
64.60, 6988
64.69, 6987
64.71, 6986
64.95, 6985
64.99, 6984
65.01, 6983
65.27, 6982
65.99, 6981
66.08, 6980
66.10, 6979
66.19, 6978
66.28, 6977
66.38, 6976
66.45, 6975
66.61, 6974
67.23, 6973
67.28, 6972
68.33, 6971
69.49, 6970
69.52, 6969
70.06, 6968
71.24, 6967
71.44, 6966
71.61, 6965
71.74, 6964
72.71, 6963
73.04, 6962
74.14, 6961
75.00, 6960
78.30, 6959
78.60, 6958
79.78, 6957
79.80, 6956
81.77, 6955
82.70, 6954
82.92, 6953
84.99, 6952
85.21, 6951
88.01, 6950
88.25, 6949
88.26, 6948
91.10, 6947
91.11, 6946
94.11, 6945
110.14, 6944
111.10, 6943
111.11, 6942
112.32, 6941
115.83, 6940
117.59, 6939
120.08, 6938
120.16, 6937
120.18, 6936
120.21, 6935
120.22, 6934
121.76, 6933
124.13, 6932
130.47, 6931
132.18, 6930
135.77, 6929
135.83, 6928
135.92, 6927
166.75, 6926
170.63, 6925
171.64, 6924
181.05, 6923
184.79, 6922
221.17, 6921
255.77, 6920
260.75, 6919
267.56, 6918
273.88, 6917
341.16, 6916
342.62, 6915
407.02, 6914
428.65, 6913
520.09, 6912
