64.17, 4696
64.40, 4695
64.85, 4694
65.28, 4693
67.00, 4692
67.01, 4691
67.21, 4690
68.18, 4689
71.47, 4688
73.07, 4687
73.69, 4686
76.01, 4685
76.44, 4684
78.34, 4683
79.49, 4682
80.31, 4681
80.69, 4680
80.82, 4679
81.31, 4678
82.11, 4677
82.92, 4676
84.42, 4675
85.21, 4674
87.08, 4673
90.24, 4672
90.73, 4671
91.08, 4670
91.57, 4669
92.98, 4668
93.73, 4667
95.82, 4666
96.06, 4665
99.20, 4664
100.53, 4663
101.44, 4662
102.03, 4661
102.68, 4660
108.62, 4659
109.22, 4658
113.59, 4657
115.18, 4656
116.40, 4655
116.97, 4654
117.21, 4653
118.21, 4652
119.26, 4651
120.34, 4650
122.00, 4649
124.17, 4648
127.81, 4647
135.74, 4646
137.76, 4645
139.73, 4644
140.70, 4643
144.89, 4642
146.46, 4641
147.27, 4640
150.21, 4639
150.85, 4638
152.76, 4637
154.32, 4636
154.83, 4635
155.58, 4634
155.80, 4633
157.06, 4632
159.93, 4631
161.47, 4630
164.17, 4629
167.42, 4628
170.11, 4627
170.39, 4626
172.65, 4625
177.07, 4624
177.52, 4623
178.40, 4622
178.50, 4621
178.83, 4620
179.06, 4619
183.22, 4618
185.49, 4617
185.59, 4616
186.92, 4615
191.51, 4614
193.82, 4613
202.35, 4612
205.03, 4611
207.05, 4610
210.19, 4609
213.60, 4608
221.73, 4607
226.23, 4606
226.63, 4605
234.18, 4604
