49.05, 4696
49.44, 4695
49.51, 4694
49.54, 4693
51.44, 4692
51.79, 4691
51.92, 4690
52.39, 4689
54.90, 4688
55.94, 4687
56.44, 4686
56.73, 4685
57.31, 4684
58.00, 4683
58.15, 4682
58.32, 4681
59.41, 4680
59.70, 4679
62.01, 4678
63.01, 4677
65.10, 4676
65.32, 4675
65.71, 4674
66.30, 4673
67.80, 4672
70.27, 4671
70.65, 4670
71.48, 4669
77.33, 4668
80.06, 4667
82.04, 4666
83.88, 4665
85.32, 4664
86.75, 4663
87.80, 4662
88.54, 4661
89.08, 4660
92.33, 4659
93.61, 4658
94.05, 4657
94.36, 4656
97.71, 4655
98.70, 4654
99.80, 4653
101.57, 4652
101.57, 4651
101.84, 4650
104.43, 4649
105.77, 4648
107.15, 4647
108.25, 4646
109.62, 4645
110.61, 4644
112.60, 4643
113.05, 4642
113.81, 4641
115.07, 4640
116.58, 4639
117.37, 4638
117.57, 4637
120.66, 4636
122.04, 4635
124.35, 4634
129.14, 4633
130.25, 4632
130.75, 4631
133.55, 4630
137.00, 4629
137.89, 4628
139.26, 4627
139.86, 4626
143.15, 4625
143.65, 4624
154.65, 4623
155.43, 4622
165.19, 4621
165.62, 4620
167.55, 4619
168.79, 4618
178.50, 4617
179.95, 4616
183.11, 4615
184.88, 4614
185.82, 4613
186.16, 4612
186.60, 4611
189.95, 4610
196.71, 4609
199.31, 4608
204.34, 4607
208.85, 4606
209.26, 4605
209.93, 4604
219.14, 4603
