6.80, 4697
6.85, 4696
6.87, 4695
6.89, 4694
6.92, 4693
6.94, 4692
6.96, 4691
6.98, 4690
7.01, 4689
7.03, 4688
7.05, 4687
7.08, 4686
7.10, 4685
7.12, 4684
7.15, 4683
7.17, 4682
7.19, 4681
7.21, 4680
7.23, 4679
7.26, 4678
7.28, 4677
7.30, 4676
7.32, 4675
7.35, 4674
7.37, 4673
7.39, 4672
7.41, 4671
7.44, 4670
7.47, 4669
7.50, 4668
7.53, 4667
7.56, 4666
7.59, 4665
7.61, 4664
7.64, 4663
7.67, 4662
7.70, 4661
7.74, 4660
7.78, 4659
7.81, 4658
7.84, 4657
7.86, 4656
7.90, 4655
7.93, 4654
7.95, 4653
8.24, 4652
8.40, 4651
8.80, 4650
9.00, 4649
9.51, 4648
9.72, 4647
10.07, 4646
10.38, 4645
10.60, 4644
11.18, 4643
11.52, 4642
12.11, 4641
12.21, 4640
12.24, 4639
12.26, 4638
12.36, 4637
13.32, 4636
13.35, 4635
13.46, 4634
13.68, 4633
14.46, 4632
14.81, 4631
15.68, 4630
15.76, 4629
16.85, 4628
17.86, 4627
17.93, 4626
18.78, 4625
19.11, 4624
19.71, 4623
20.27, 4622
20.46, 4621
20.56, 4620
20.58, 4619
21.10, 4618
21.52, 4617
21.71, 4616
21.85, 4615
22.11, 4614
22.72, 4613
23.79, 4612
23.93, 4611
24.35, 4610
24.38, 4609
24.73, 4608
25.07, 4607
25.63, 4606
26.91, 4605
27.89, 4604
27.91, 4603
29.36, 4602
29.51, 4601
30.23, 4600
30.34, 4599
30.65, 4598
31.17, 4597
31.69, 4596
34.76, 4595
35.23, 4594
35.37, 4593
35.55, 4592
36.68, 4591
38.57, 4590
38.68, 4589
39.17, 4588
40.44, 4587
40.53, 4586
41.03, 4585
41.59, 4584
41.61, 4583
42.40, 4582
42.65, 4581
43.51, 4580
44.15, 4579
44.82, 4578
45.35, 4577
47.13, 4576
47.96, 4575
48.34, 4574
49.08, 4573
49.71, 4572
51.02, 4571
52.08, 4570
52.41, 4569
52.91, 4568
53.72, 4567
54.01, 4566
58.77, 4565
62.94, 4564
70.47, 4563
102.39, 4562
102.64, 4561
102.74, 4560
110.08, 4559
113.91, 4558
114.68, 4557
117.54, 4556
124.26, 4555
127.80, 4554
142.41, 4553
190.63, 4552
202.22, 4551
204.70, 4550
211.05, 4549
211.80, 4548
214.22, 4547
225.91, 4546
416.83, 4545
