52.66, 4696
53.05, 4695
53.83, 4694
55.05, 4693
55.23, 4692
57.21, 4691
57.45, 4690
58.51, 4689
58.57, 4688
59.78, 4687
61.68, 4686
62.24, 4685
64.29, 4684
67.41, 4683
68.05, 4682
68.75, 4681
69.89, 4680
72.45, 4679
73.94, 4678
75.21, 4677
76.28, 4676
76.73, 4675
76.89, 4674
78.79, 4673
80.41, 4672
80.87, 4671
82.50, 4670
83.06, 4669
84.05, 4668
87.09, 4667
87.09, 4666
88.95, 4665
89.94, 4664
91.21, 4663
91.60, 4662
91.90, 4661
94.65, 4660
96.41, 4659
100.31, 4658
103.62, 4657
103.67, 4656
104.49, 4655
105.36, 4654
105.43, 4653
105.73, 4652
106.91, 4651
109.49, 4650
112.53, 4649
119.06, 4648
119.47, 4647
120.45, 4646
124.96, 4645
126.39, 4644
127.92, 4643
128.59, 4642
129.79, 4641
132.74, 4640
136.07, 4639
138.66, 4638
142.71, 4637
142.96, 4636
144.05, 4635
146.62, 4634
151.64, 4633
156.45, 4632
158.29, 4631
158.91, 4630
159.44, 4629
159.74, 4628
162.61, 4627
163.56, 4626
164.69, 4625
164.79, 4624
168.14, 4623
176.63, 4622
180.51, 4621
182.72, 4620
183.20, 4619
188.31, 4618
188.77, 4617
193.49, 4616
201.35, 4615
201.47, 4614
201.81, 4613
203.17, 4612
203.74, 4611
204.16, 4610
208.93, 4609
216.37, 4608
219.93, 4607
223.13, 4606
