43.33, 4696
44.07, 4695
44.08, 4694
44.20, 4693
46.25, 4692
47.37, 4691
51.01, 4690
53.35, 4689
54.75, 4688
57.49, 4687
61.62, 4686
61.81, 4685
63.45, 4684
64.78, 4683
65.42, 4682
65.83, 4681
66.16, 4680
66.56, 4679
67.37, 4678
70.02, 4677
70.66, 4676
70.93, 4675
71.80, 4674
72.78, 4673
72.95, 4672
75.37, 4671
75.62, 4670
78.58, 4669
78.76, 4668
79.25, 4667
79.87, 4666
81.06, 4665
83.11, 4664
83.34, 4663
83.99, 4662
85.23, 4661
86.17, 4660
86.39, 4659
86.85, 4658
86.85, 4657
87.34, 4656
88.19, 4655
88.37, 4654
91.10, 4653
92.49, 4652
95.52, 4651
97.49, 4650
98.37, 4649
98.48, 4648
102.09, 4647
103.57, 4646
104.99, 4645
106.92, 4644
110.64, 4643
112.93, 4642
114.78, 4641
115.23, 4640
121.10, 4639
127.78, 4638
130.22, 4637
130.66, 4636
131.07, 4635
133.08, 4634
143.79, 4633
148.44, 4632
150.04, 4631
150.82, 4630
152.30, 4629
153.80, 4628
154.44, 4627
155.31, 4626
157.42, 4625
159.24, 4624
163.11, 4623
167.11, 4622
180.12, 4621
188.52, 4620
191.02, 4619
193.99, 4618
194.09, 4617
198.34, 4616
203.17, 4615
208.57, 4614
214.07, 4613
214.89, 4612
224.34, 4611
229.76, 4610
229.90, 4609
229.96, 4608
