5.43, 7374
5.46, 7373
5.47, 7372
5.48, 7371
5.50, 7370
5.51, 7369
5.52, 7368
5.54, 7367
5.55, 7366
5.56, 7365
5.58, 7364
5.59, 7363
5.60, 7362
5.61, 7361
5.63, 7360
5.64, 7359
5.65, 7358
5.67, 7357
5.68, 7356
5.69, 7355
5.70, 7354
5.72, 7353
5.73, 7352
5.74, 7351
5.76, 7350
5.77, 7349
5.78, 7348
5.80, 7347
5.81, 7346
8.98, 7345
13.12, 7344
13.69, 7343
13.73, 7342
15.23, 7341
23.35, 7340
25.26, 7339
27.10, 7338
27.14, 7337
27.24, 7336
27.28, 7335
27.37, 7334
27.41, 7333
27.53, 7332
27.60, 7331
27.61, 7330
27.84, 7329
27.88, 7328
27.99, 7327
28.03, 7326
28.17, 7325
28.20, 7324
28.44, 7323
28.48, 7322
28.58, 7321
28.68, 7320
28.75, 7319
28.79, 7318
28.89, 7317
28.93, 7316
28.95, 7315
29.04, 7314
29.18, 7313
29.22, 7312
29.33, 7311
29.37, 7310
29.48, 7309
29.52, 7308
29.53, 7307
29.54, 7306
29.56, 7305
29.70, 7304
29.74, 7303
29.85, 7302
29.89, 7301
29.91, 7300
30.00, 7299
30.04, 7298
30.17, 7297
30.29, 7296
30.33, 7295
30.43, 7294
30.48, 7293
30.49, 7292
30.50, 7291
30.69, 7290
30.83, 7289
30.87, 7288
30.98, 7287
31.05, 7286
31.14, 7285
31.18, 7284
31.19, 7283
31.28, 7282
31.32, 7281
31.42, 7280
31.47, 7279
31.58, 7278
31.66, 7277
31.75, 7276
31.80, 7275
31.81, 7274
31.82, 7273
31.84, 7272
31.85, 7271
31.99, 7270
32.03, 7269
32.13, 7268
32.18, 7267
32.27, 7266
32.31, 7265
32.41, 7264
32.46, 7263
32.47, 7262
32.56, 7261
32.60, 7260
32.70, 7259
32.75, 7258
32.85, 7257
32.89, 7256
32.99, 7255
33.04, 7254
33.05, 7253
33.07, 7252
33.21, 7251
33.25, 7250
33.36, 7249
33.40, 7248
33.51, 7247
33.55, 7246
33.66, 7245
33.71, 7244
33.74, 7243
33.84, 7242
33.88, 7241
33.98, 7240
34.05, 7239
34.17, 7238
34.21, 7237
34.31, 7236
34.35, 7235
34.37, 7234
34.38, 7233
34.40, 7232
34.53, 7231
34.58, 7230
34.68, 7229
34.72, 7228
34.82, 7227
34.86, 7226
34.97, 7225
35.01, 7224
35.02, 7223
35.16, 7222
35.27, 7221
35.31, 7220
35.41, 7219
35.45, 7218
35.60, 7217
35.61, 7216
35.62, 7215
35.64, 7214
35.77, 7213
35.81, 7212
35.91, 7211
35.95, 7210
36.05, 7209
36.09, 7208
36.18, 7207
36.22, 7206
36.24, 7205
36.34, 7204
36.38, 7203
36.48, 7202
36.52, 7201
36.62, 7200
36.66, 7199
36.79, 7198
36.83, 7197
36.84, 7196
36.85, 7195
36.87, 7194
36.88, 7193
37.02, 7192
37.06, 7191
37.21, 7190
37.43, 7189
37.47, 7188
37.56, 7187
37.60, 7186
37.61, 7185
37.71, 7184
37.75, 7183
37.84, 7182
37.88, 7181
37.98, 7180
38.02, 7179
38.11, 7178
38.18, 7177
38.20, 7176
38.22, 7175
38.41, 7174
38.56, 7173
38.60, 7172
38.70, 7171
38.73, 7170
38.77, 7169
38.87, 7168
38.91, 7167
38.92, 7166
39.02, 7165
39.06, 7164
39.15, 7163
39.20, 7162
39.30, 7161
39.43, 7160
39.47, 7159
39.50, 7158
39.52, 7157
39.76, 7156
39.80, 7155
39.90, 7154
39.94, 7153
39.96, 7152
40.05, 7151
40.09, 7150
40.19, 7149
40.24, 7148
40.33, 7147
40.37, 7146
40.46, 7145
40.50, 7144
40.51, 7143
40.52, 7142
40.66, 7141
40.70, 7140
40.81, 7139
40.85, 7138
40.95, 7137
40.99, 7136
41.08, 7135
41.12, 7134
41.14, 7133
41.23, 7132
41.27, 7131
41.37, 7130
41.41, 7129
41.50, 7128
41.54, 7127
41.63, 7126
41.67, 7125
41.68, 7124
41.70, 7123
41.71, 7122
41.72, 7121
41.86, 7120
41.90, 7119
42.00, 7118
42.04, 7117
42.13, 7116
42.18, 7115
42.28, 7114
42.32, 7113
42.33, 7112
42.43, 7111
42.47, 7110
42.61, 7109
42.73, 7108
42.78, 7107
42.88, 7106
42.93, 7105
42.94, 7104
42.95, 7103
43.09, 7102
43.13, 7101
43.23, 7100
43.27, 7099
43.37, 7098
43.41, 7097
43.51, 7096
43.54, 7095
43.56, 7094
43.65, 7093
43.69, 7092
43.79, 7091
43.83, 7090
43.94, 7089
43.98, 7088
44.08, 7087
44.13, 7086
44.14, 7085
44.15, 7084
44.16, 7083
44.32, 7082
44.36, 7081
44.46, 7080
44.50, 7079
44.62, 7078
44.73, 7077
44.77, 7076
44.78, 7075
44.88, 7074
44.92, 7073
45.02, 7072
45.06, 7071
45.16, 7070
45.21, 7069
45.30, 7068
45.35, 7067
45.36, 7066
45.37, 7065
45.51, 7064
45.55, 7063
45.64, 7062
45.69, 7061
45.79, 7060
45.84, 7059
45.95, 7058
45.99, 7057
46.01, 7056
46.10, 7055
46.14, 7054
46.24, 7053
46.29, 7052
46.39, 7051
46.43, 7050
46.52, 7049
46.56, 7048
46.58, 7047
46.59, 7046
46.61, 7045
46.62, 7044
46.63, 7043
46.65, 7042
46.66, 7041
46.68, 7040
46.69, 7039
46.71, 7038
46.72, 7037
46.74, 7036
46.75, 7035
46.77, 7034
46.78, 7033
50.17, 7032
51.80, 7031
51.81, 7030
52.01, 7029
52.16, 7028
52.27, 7027
52.46, 7026
52.56, 7025
52.58, 7024
52.63, 7023
53.12, 7022
53.17, 7021
53.24, 7020
53.26, 7019
53.31, 7018
53.78, 7017
53.85, 7016
53.95, 7015
54.01, 7014
54.04, 7013
54.55, 7012
54.64, 7011
54.71, 7010
55.15, 7009
55.91, 7008
56.22, 7007
56.35, 7006
57.61, 7005
57.95, 7004
58.57, 7003
58.59, 7002
58.69, 7001
59.06, 7000
60.72, 6999
62.99, 6998
63.25, 6997
63.89, 6996
65.24, 6995
65.51, 6994
65.77, 6993
66.06, 6992
66.15, 6991
66.20, 6990
66.38, 6989
66.40, 6988
66.74, 6987
66.76, 6986
66.92, 6985
66.97, 6984
66.99, 6983
67.31, 6982
67.68, 6981
68.13, 6980
68.20, 6979
68.22, 6978
68.32, 6977
68.40, 6976
68.53, 6975
68.58, 6974
68.60, 6973
68.98, 6972
69.28, 6971
69.75, 6970
69.76, 6969
70.28, 6968
70.30, 6967
70.44, 6966
71.25, 6965
72.01, 6964
72.34, 6963
72.43, 6962
72.83, 6961
73.09, 6960
73.16, 6959
73.72, 6958
74.15, 6957
75.21, 6956
75.45, 6955
78.04, 6954
79.76, 6953
84.74, 6952
86.92, 6951
87.28, 6950
87.86, 6949
90.65, 6948
92.00, 6947
92.12, 6946
107.57, 6945
113.04, 6944
113.60, 6943
115.43, 6942
115.68, 6941
115.74, 6940
118.24, 6939
118.30, 6938
118.33, 6937
118.35, 6936
119.71, 6935
123.36, 6934
131.28, 6933
131.57, 6932
134.64, 6931
185.10, 6930
200.43, 6929
201.97, 6928
205.43, 6927
233.83, 6926
245.99, 6925
257.47, 6924
264.04, 6923
264.19, 6922
264.33, 6921
264.89, 6920
286.34, 6919
317.88, 6918
344.23, 6917
348.45, 6916
388.81, 6915
535.55, 6914
