6.45, 4697
6.50, 4696
6.52, 4695
6.55, 4694
6.57, 4693
6.60, 4692
6.62, 4691
6.65, 4690
6.68, 4689
6.70, 4688
6.73, 4687
6.75, 4686
6.78, 4685
6.80, 4684
6.83, 4683
6.86, 4682
6.89, 4681
6.92, 4680
6.95, 4679
6.97, 4678
7.00, 4677
7.03, 4676
7.05, 4675
7.08, 4674
7.11, 4673
7.13, 4672
7.16, 4671
7.18, 4670
7.21, 4669
7.24, 4668
7.27, 4667
7.30, 4666
7.32, 4665
7.35, 4664
7.37, 4663
7.41, 4662
7.43, 4661
7.46, 4660
7.49, 4659
7.51, 4658
7.53, 4657
7.56, 4656
7.59, 4655
7.62, 4654
7.64, 4653
7.83, 4652
7.93, 4651
8.55, 4650
8.59, 4649
9.19, 4648
9.33, 4647
9.64, 4646
9.85, 4645
10.10, 4644
10.64, 4643
10.98, 4642
11.44, 4641
11.58, 4640
11.60, 4639
11.63, 4638
11.70, 4637
12.52, 4636
12.66, 4635
12.69, 4634
12.85, 4633
13.55, 4632
14.01, 4631
14.94, 4630
14.96, 4629
15.99, 4628
16.51, 4627
16.87, 4626
16.97, 4625
17.72, 4624
17.88, 4623
18.36, 4622
19.11, 4621
19.28, 4620
19.30, 4619
19.48, 4618
19.89, 4617
20.37, 4616
20.59, 4615
20.75, 4614
21.19, 4613
21.79, 4612
22.95, 4611
23.43, 4610
23.59, 4609
24.00, 4608
24.19, 4607
24.29, 4606
24.69, 4605
25.67, 4604
26.16, 4603
27.12, 4602
27.15, 4601
28.75, 4600
29.10, 4599
29.71, 4598
29.73, 4597
30.07, 4596
30.53, 4595
30.98, 4594
33.94, 4593
34.31, 4592
34.49, 4591
35.84, 4590
35.91, 4589
37.54, 4588
38.44, 4587
38.98, 4586
39.10, 4585
39.32, 4584
39.76, 4583
40.08, 4582
40.57, 4581
40.82, 4580
41.86, 4579
42.10, 4578
43.18, 4577
44.76, 4576
45.18, 4575
45.85, 4574
46.90, 4573
47.68, 4572
48.16, 4571
48.36, 4570
49.85, 4569
50.46, 4568
51.18, 4567
51.80, 4566
59.89, 4565
67.15, 4564
74.72, 4563
109.73, 4562
110.93, 4561
112.37, 4560
118.34, 4559
128.08, 4558
130.03, 4557
143.43, 4556
144.33, 4555
154.75, 4554
202.95, 4553
210.98, 4552
216.41, 4551
224.24, 4550
285.10, 4549
297.92, 4548
391.07, 4547
396.94, 4546
407.08, 4545
413.47, 4544
480.22, 4543
