7.00, 7374
7.04, 7373
7.05, 7372
7.06, 7371
7.07, 7370
7.09, 7369
7.10, 7368
7.11, 7367
7.13, 7366
7.14, 7365
7.16, 7364
7.17, 7363
7.18, 7362
7.20, 7361
7.21, 7360
7.22, 7359
7.24, 7358
7.25, 7357
7.26, 7356
7.28, 7355
7.29, 7354
7.30, 7353
7.31, 7352
7.33, 7351
7.34, 7350
7.36, 7349
7.37, 7348
7.38, 7347
7.40, 7346
10.33, 7345
14.38, 7344
14.97, 7343
15.01, 7342
16.54, 7341
24.24, 7340
26.09, 7339
28.42, 7338
28.47, 7337
28.56, 7336
28.61, 7335
28.71, 7334
28.75, 7333
28.86, 7332
28.90, 7331
28.92, 7330
29.10, 7329
29.14, 7328
29.24, 7327
29.29, 7326
29.44, 7325
29.47, 7324
29.74, 7323
29.78, 7322
29.88, 7321
29.93, 7320
30.03, 7319
30.08, 7318
30.18, 7317
30.22, 7316
30.24, 7315
30.33, 7314
30.47, 7313
30.52, 7312
30.61, 7311
30.65, 7310
30.75, 7309
30.80, 7308
30.81, 7307
30.82, 7306
30.83, 7305
30.98, 7304
31.02, 7303
31.12, 7302
31.16, 7301
31.17, 7300
31.27, 7299
31.31, 7298
31.45, 7297
31.55, 7296
31.60, 7295
31.70, 7294
31.74, 7293
31.76, 7292
31.77, 7291
31.94, 7290
32.07, 7289
32.11, 7288
32.21, 7287
32.31, 7286
32.37, 7285
32.42, 7284
32.43, 7283
32.53, 7282
32.58, 7281
32.68, 7280
32.73, 7279
32.83, 7278
32.87, 7277
32.98, 7276
33.03, 7275
33.04, 7274
33.05, 7273
33.07, 7272
33.08, 7271
33.22, 7270
33.26, 7269
33.35, 7268
33.39, 7267
33.49, 7266
33.53, 7265
33.63, 7264
33.67, 7263
33.69, 7262
33.78, 7261
33.82, 7260
33.98, 7259
34.02, 7258
34.12, 7257
34.16, 7256
34.25, 7255
34.29, 7254
34.31, 7253
34.32, 7252
34.45, 7251
34.50, 7250
34.59, 7249
34.64, 7248
34.74, 7247
34.78, 7246
34.89, 7245
34.93, 7244
34.94, 7243
35.04, 7242
35.08, 7241
35.18, 7240
35.22, 7239
35.32, 7238
35.36, 7237
35.47, 7236
35.51, 7235
35.53, 7234
35.54, 7233
35.55, 7232
35.68, 7231
35.73, 7230
35.82, 7229
35.87, 7228
35.97, 7227
36.01, 7226
36.12, 7225
36.16, 7224
36.18, 7223
36.31, 7222
36.45, 7221
36.49, 7220
36.61, 7219
36.65, 7218
36.79, 7217
36.81, 7216
36.82, 7215
36.88, 7214
37.01, 7213
37.05, 7212
37.16, 7211
37.20, 7210
37.30, 7209
37.34, 7208
37.43, 7207
37.47, 7206
37.48, 7205
37.58, 7204
37.62, 7203
37.72, 7202
37.76, 7201
37.86, 7200
37.91, 7199
38.01, 7198
38.05, 7197
38.06, 7196
38.08, 7195
38.09, 7194
38.10, 7193
38.24, 7192
38.28, 7191
38.42, 7190
38.56, 7189
38.61, 7188
38.71, 7187
38.76, 7186
38.77, 7185
38.86, 7184
38.90, 7183
39.00, 7182
39.04, 7181
39.15, 7180
39.19, 7179
39.29, 7178
39.32, 7177
39.34, 7176
39.35, 7175
39.48, 7174
39.61, 7173
39.69, 7172
39.79, 7171
39.80, 7170
39.84, 7169
39.94, 7168
40.00, 7167
40.03, 7166
40.19, 7165
40.26, 7164
40.43, 7163
40.49, 7162
40.66, 7161
40.77, 7160
40.81, 7159
40.84, 7158
40.85, 7157
41.04, 7156
41.08, 7155
41.18, 7154
41.22, 7153
41.24, 7152
41.35, 7151
41.40, 7150
41.50, 7149
41.55, 7148
41.65, 7147
41.70, 7146
41.80, 7145
41.85, 7144
41.87, 7143
41.89, 7142
42.12, 7141
42.19, 7140
42.35, 7139
42.42, 7138
42.59, 7137
42.66, 7136
42.82, 7135
42.89, 7134
42.91, 7133
43.00, 7132
43.04, 7131
43.14, 7130
43.18, 7129
43.28, 7128
43.32, 7127
43.42, 7126
43.46, 7125
43.47, 7124
43.49, 7123
43.50, 7122
43.51, 7121
43.65, 7120
43.69, 7119
43.78, 7118
43.83, 7117
43.92, 7116
43.96, 7115
44.05, 7114
44.10, 7113
44.11, 7112
44.20, 7111
44.24, 7110
44.37, 7109
44.50, 7108
44.54, 7107
44.64, 7106
44.68, 7105
44.69, 7104
44.71, 7103
44.85, 7102
44.89, 7101
44.98, 7100
45.02, 7099
45.11, 7098
45.16, 7097
45.26, 7096
45.30, 7095
45.32, 7094
45.41, 7093
45.45, 7092
45.55, 7091
45.61, 7090
45.77, 7089
45.84, 7088
46.00, 7087
46.07, 7086
46.09, 7085
46.11, 7084
46.13, 7083
46.30, 7082
46.34, 7081
46.45, 7080
46.51, 7079
46.67, 7078
46.77, 7077
46.81, 7076
46.82, 7075
46.93, 7074
46.97, 7073
47.07, 7072
47.11, 7071
47.21, 7070
47.25, 7069
47.35, 7068
47.39, 7067
47.40, 7066
47.41, 7065
47.55, 7064
47.59, 7063
47.68, 7062
47.73, 7061
47.82, 7060
47.87, 7059
47.98, 7058
48.02, 7057
48.03, 7056
48.12, 7055
48.16, 7054
48.26, 7053
48.31, 7052
48.40, 7051
48.44, 7050
48.53, 7049
48.58, 7048
48.59, 7047
48.60, 7046
48.62, 7045
48.63, 7044
48.65, 7043
48.66, 7042
48.68, 7041
48.69, 7040
48.71, 7039
48.72, 7038
48.74, 7037
48.76, 7036
48.77, 7035
48.79, 7034
48.81, 7033
52.87, 7032
55.38, 7031
55.41, 7030
55.57, 7029
55.68, 7028
56.05, 7027
56.49, 7026
56.75, 7025
56.77, 7024
56.94, 7023
57.69, 7022
57.89, 7021
58.09, 7020
58.11, 7019
58.12, 7018
58.17, 7017
58.65, 7016
58.66, 7015
58.71, 7014
58.73, 7013
58.92, 7012
58.97, 7011
59.68, 7010
59.79, 7009
60.10, 7008
60.26, 7007
60.64, 7006
60.84, 7005
61.77, 7004
61.89, 7003
62.41, 7002
62.50, 7001
65.23, 7000
66.20, 6999
66.73, 6998
67.32, 6997
67.63, 6996
69.29, 6995
69.32, 6994
70.03, 6993
70.05, 6992
70.14, 6991
70.19, 6990
70.42, 6989
70.71, 6988
70.85, 6987
71.10, 6986
71.13, 6985
71.41, 6984
71.44, 6983
71.81, 6982
72.01, 6981
72.03, 6980
72.51, 6979
73.80, 6978
74.19, 6977
74.20, 6976
74.31, 6975
74.54, 6974
74.80, 6973
74.92, 6972
75.00, 6971
75.76, 6970
76.42, 6969
77.25, 6968
77.27, 6967
77.52, 6966
77.82, 6965
78.02, 6964
78.06, 6963
78.79, 6962
78.82, 6961
79.15, 6960
79.29, 6959
80.16, 6958
80.24, 6957
80.66, 6956
81.77, 6955
81.96, 6954
82.70, 6953
83.23, 6952
85.31, 6951
89.13, 6950
89.76, 6949
95.04, 6948
96.46, 6947
99.44, 6946
100.89, 6945
116.90, 6944
117.50, 6943
117.79, 6942
118.20, 6941
118.95, 6940
122.37, 6939
124.16, 6938
125.86, 6937
127.08, 6936
128.41, 6935
128.63, 6934
128.81, 6933
129.14, 6932
130.62, 6931
130.75, 6930
136.75, 6929
138.68, 6928
143.02, 6927
193.14, 6926
193.67, 6925
194.76, 6924
225.83, 6923
225.97, 6922
226.62, 6921
284.82, 6920
284.93, 6919
285.13, 6918
316.88, 6917
387.29, 6916
455.66, 6915
524.14, 6914
534.73, 6913
537.86, 6912
