5.51, 7374
5.54, 7373
5.55, 7372
5.57, 7371
5.58, 7370
5.59, 7369
5.61, 7368
5.62, 7367
5.63, 7366
5.65, 7365
5.66, 7364
5.67, 7363
5.69, 7362
5.70, 7361
5.72, 7360
5.73, 7359
5.74, 7358
5.76, 7357
5.77, 7356
5.78, 7355
5.80, 7354
5.81, 7353
5.83, 7352
5.84, 7351
5.85, 7350
5.87, 7349
5.88, 7348
5.89, 7347
5.91, 7346
8.88, 7345
12.84, 7344
13.44, 7343
13.49, 7342
14.92, 7341
23.22, 7340
25.24, 7339
27.17, 7338
27.21, 7337
27.30, 7336
27.35, 7335
27.44, 7334
27.48, 7333
27.57, 7332
27.61, 7331
27.63, 7330
27.82, 7329
27.86, 7328
27.96, 7327
28.00, 7326
28.15, 7325
28.19, 7324
28.42, 7323
28.47, 7322
28.57, 7321
28.61, 7320
28.72, 7319
28.76, 7318
28.86, 7317
28.90, 7316
28.91, 7315
29.01, 7314
29.15, 7313
29.19, 7312
29.29, 7311
29.33, 7310
29.42, 7309
29.46, 7308
29.48, 7307
29.49, 7306
29.50, 7305
29.64, 7304
29.68, 7303
29.79, 7302
29.83, 7301
29.85, 7300
29.94, 7299
29.98, 7298
30.12, 7297
30.22, 7296
30.26, 7295
30.36, 7294
30.39, 7293
30.41, 7292
30.42, 7291
30.62, 7290
30.72, 7289
30.76, 7288
30.86, 7287
30.94, 7286
31.03, 7285
31.08, 7284
31.09, 7283
31.19, 7282
31.23, 7281
31.34, 7280
31.38, 7279
31.49, 7278
31.53, 7277
31.64, 7276
31.68, 7275
31.69, 7274
31.71, 7273
31.72, 7272
31.73, 7271
31.87, 7270
31.91, 7269
32.00, 7268
32.04, 7267
32.14, 7266
32.19, 7265
32.28, 7264
32.33, 7263
32.34, 7262
32.43, 7261
32.47, 7260
32.57, 7259
32.61, 7258
32.72, 7257
32.76, 7256
32.86, 7255
32.90, 7254
32.91, 7253
32.93, 7252
33.06, 7251
33.10, 7250
33.20, 7249
33.25, 7248
33.35, 7247
33.40, 7246
33.50, 7245
33.55, 7244
33.56, 7243
33.66, 7242
33.70, 7241
33.80, 7240
33.84, 7239
33.94, 7238
33.99, 7237
34.09, 7236
34.14, 7235
34.15, 7234
34.16, 7233
34.18, 7232
34.31, 7231
34.36, 7230
34.46, 7229
34.50, 7228
34.60, 7227
34.64, 7226
34.74, 7225
34.78, 7224
34.79, 7223
34.93, 7222
35.04, 7221
35.08, 7220
35.18, 7219
35.23, 7218
35.38, 7217
35.40, 7216
35.41, 7215
35.42, 7214
35.56, 7213
35.61, 7212
35.71, 7211
35.76, 7210
35.85, 7209
35.90, 7208
36.00, 7207
36.04, 7206
36.06, 7205
36.16, 7204
36.20, 7203
36.30, 7202
36.34, 7201
36.45, 7200
36.49, 7199
36.60, 7198
36.64, 7197
36.65, 7196
36.67, 7195
36.68, 7194
36.69, 7193
36.83, 7192
36.89, 7191
37.09, 7190
37.21, 7189
37.28, 7188
37.46, 7187
37.53, 7186
37.55, 7185
37.73, 7184
37.80, 7183
37.90, 7182
37.95, 7181
38.04, 7180
38.08, 7179
38.24, 7178
38.25, 7177
38.26, 7176
38.30, 7175
38.43, 7174
38.60, 7173
38.65, 7172
38.72, 7171
38.77, 7170
38.81, 7169
38.91, 7168
38.96, 7167
38.97, 7166
39.07, 7165
39.11, 7164
39.21, 7163
39.26, 7162
39.37, 7161
39.50, 7160
39.55, 7159
39.57, 7158
39.59, 7157
39.78, 7156
39.82, 7155
39.91, 7154
39.95, 7153
39.97, 7152
40.06, 7151
40.10, 7150
40.21, 7149
40.25, 7148
40.35, 7147
40.39, 7146
40.50, 7145
40.54, 7144
40.56, 7143
40.57, 7142
40.71, 7141
40.75, 7140
40.85, 7139
40.89, 7138
41.00, 7137
41.04, 7136
41.14, 7135
41.18, 7134
41.20, 7133
41.29, 7132
41.33, 7131
41.43, 7130
41.47, 7129
41.58, 7128
41.62, 7127
41.73, 7126
41.77, 7125
41.78, 7124
41.80, 7123
41.81, 7122
41.82, 7121
41.97, 7120
42.01, 7119
42.11, 7118
42.16, 7117
42.26, 7116
42.30, 7115
42.40, 7114
42.44, 7113
42.46, 7112
42.56, 7111
42.60, 7110
42.74, 7109
42.89, 7108
42.94, 7107
43.04, 7106
43.09, 7105
43.10, 7104
43.11, 7103
43.25, 7102
43.29, 7101
43.39, 7100
43.44, 7099
43.55, 7098
43.60, 7097
43.72, 7096
43.79, 7095
43.80, 7094
43.91, 7093
43.96, 7092
44.05, 7091
44.13, 7090
44.23, 7089
44.27, 7088
44.37, 7087
44.42, 7086
44.43, 7085
44.44, 7084
44.46, 7083
44.59, 7082
44.64, 7081
44.73, 7080
44.77, 7079
45.03, 7078
45.16, 7077
45.20, 7076
45.21, 7075
45.38, 7074
45.43, 7073
45.53, 7072
45.57, 7071
45.67, 7070
45.72, 7069
45.82, 7068
45.87, 7067
45.88, 7066
45.89, 7065
46.06, 7064
46.10, 7063
46.21, 7062
46.25, 7061
46.36, 7060
46.40, 7059
46.50, 7058
46.55, 7057
46.56, 7056
46.73, 7055
46.77, 7054
46.87, 7053
46.91, 7052
47.01, 7051
47.06, 7050
47.16, 7049
47.20, 7048
47.22, 7047
47.24, 7046
47.26, 7045
47.28, 7044
47.30, 7043
47.32, 7042
47.34, 7041
47.37, 7040
47.38, 7039
47.41, 7038
47.42, 7037
47.45, 7036
47.46, 7035
47.49, 7034
47.51, 7033
49.55, 7032
53.12, 7031
55.55, 7030
55.59, 7029
55.72, 7028
55.77, 7027
55.97, 7026
56.82, 7025
56.90, 7024
56.91, 7023
56.99, 7022
57.60, 7021
57.65, 7020
57.72, 7019
57.73, 7018
57.76, 7017
58.11, 7016
58.35, 7015
58.49, 7014
58.55, 7013
58.82, 7012
58.89, 7011
59.48, 7010
59.98, 7009
60.62, 7008
60.75, 7007
61.39, 7006
61.43, 7005
61.54, 7004
63.45, 7003
64.40, 7002
65.19, 7001
66.08, 7000
69.88, 6999
69.92, 6998
70.04, 6997
70.05, 6996
70.14, 6995
70.16, 6994
70.82, 6993
70.83, 6992
70.98, 6991
71.12, 6990
71.13, 6989
71.31, 6988
71.32, 6987
71.55, 6986
71.71, 6985
71.75, 6984
71.76, 6983
71.88, 6982
72.69, 6981
72.82, 6980
72.93, 6979
72.98, 6978
73.00, 6977
73.47, 6976
73.67, 6975
74.59, 6974
74.61, 6973
74.74, 6972
75.37, 6971
75.68, 6970
75.86, 6969
75.88, 6968
76.90, 6967
77.41, 6966
78.40, 6965
78.49, 6964
79.31, 6963
79.63, 6962
79.86, 6961
82.80, 6960
82.82, 6959
83.22, 6958
84.04, 6957
84.24, 6956
85.37, 6955
89.40, 6954
89.82, 6953
90.09, 6952
92.92, 6951
94.43, 6950
94.46, 6949
94.51, 6948
95.69, 6947
97.75, 6946
100.97, 6945
101.20, 6944
101.29, 6943
102.59, 6942
104.04, 6941
109.64, 6940
128.52, 6939
128.60, 6938
128.87, 6937
129.97, 6936
131.00, 6935
131.82, 6934
136.57, 6933
136.92, 6932
137.02, 6931
142.72, 6930
144.91, 6929
145.56, 6928
148.06, 6927
148.95, 6926
159.53, 6925
174.04, 6924
174.14, 6923
199.01, 6922
199.82, 6921
205.02, 6920
205.32, 6919
210.59, 6918
217.08, 6917
222.65, 6916
327.88, 6915
541.16, 6914
