5.49, 7374
5.52, 7373
5.54, 7372
5.55, 7371
5.56, 7370
5.58, 7369
5.59, 7368
5.60, 7367
5.62, 7366
5.63, 7365
5.64, 7364
5.66, 7363
5.67, 7362
5.68, 7361
5.70, 7360
5.71, 7359
5.72, 7358
5.74, 7357
5.75, 7356
5.76, 7355
5.78, 7354
5.79, 7353
5.81, 7352
5.82, 7351
5.83, 7350
5.85, 7349
5.86, 7348
5.87, 7347
5.89, 7346
8.87, 7345
12.81, 7344
13.41, 7343
13.46, 7342
14.92, 7341
22.89, 7340
24.78, 7339
26.72, 7338
26.76, 7337
26.86, 7336
26.91, 7335
27.01, 7334
27.05, 7333
27.16, 7332
27.20, 7331
27.21, 7330
27.40, 7329
27.45, 7328
27.54, 7327
27.59, 7326
27.74, 7325
27.76, 7324
28.00, 7323
28.05, 7322
28.16, 7321
28.20, 7320
28.30, 7319
28.34, 7318
28.44, 7317
28.49, 7316
28.50, 7315
28.60, 7314
28.74, 7313
28.78, 7312
28.89, 7311
28.93, 7310
29.04, 7309
29.08, 7308
29.09, 7307
29.10, 7306
29.12, 7305
29.26, 7304
29.30, 7303
29.39, 7302
29.43, 7301
29.44, 7300
29.54, 7299
29.58, 7298
29.73, 7297
29.83, 7296
29.87, 7295
29.97, 7294
30.02, 7293
30.03, 7292
30.04, 7291
30.25, 7290
30.35, 7289
30.39, 7288
30.49, 7287
30.56, 7286
30.64, 7285
30.68, 7284
30.69, 7283
30.79, 7282
30.83, 7281
30.92, 7280
30.97, 7279
31.07, 7278
31.12, 7277
31.22, 7276
31.27, 7275
31.28, 7274
31.29, 7273
31.30, 7272
31.32, 7271
31.45, 7270
31.49, 7269
31.59, 7268
31.64, 7267
31.74, 7266
31.78, 7265
31.88, 7264
31.93, 7263
31.94, 7262
32.04, 7261
32.08, 7260
32.18, 7259
32.22, 7258
32.32, 7257
32.36, 7256
32.46, 7255
32.51, 7254
32.52, 7253
32.54, 7252
32.69, 7251
32.73, 7250
32.83, 7249
32.88, 7248
32.98, 7247
33.03, 7246
33.13, 7245
33.18, 7244
33.19, 7243
33.29, 7242
33.33, 7241
33.43, 7240
33.47, 7239
33.57, 7238
33.61, 7237
33.72, 7236
33.76, 7235
33.78, 7234
33.79, 7233
33.81, 7232
33.95, 7231
33.99, 7230
34.09, 7229
34.13, 7228
34.24, 7227
34.28, 7226
34.44, 7225
34.49, 7224
34.50, 7223
34.63, 7222
34.74, 7221
34.79, 7220
34.90, 7219
34.94, 7218
35.08, 7217
35.11, 7216
35.13, 7215
35.14, 7214
35.29, 7213
35.33, 7212
35.44, 7211
35.48, 7210
35.59, 7209
35.63, 7208
35.74, 7207
35.78, 7206
35.79, 7205
35.88, 7204
35.92, 7203
36.02, 7202
36.07, 7201
36.17, 7200
36.21, 7199
36.32, 7198
36.36, 7197
36.38, 7196
36.39, 7195
36.40, 7194
36.42, 7193
36.55, 7192
36.59, 7191
36.72, 7190
36.94, 7189
36.98, 7188
37.09, 7187
37.13, 7186
37.15, 7185
37.24, 7184
37.28, 7183
37.38, 7182
37.43, 7181
37.53, 7180
37.57, 7179
37.72, 7178
37.73, 7177
37.75, 7176
37.79, 7175
37.92, 7174
38.07, 7173
38.12, 7172
38.20, 7171
38.24, 7170
38.29, 7169
38.38, 7168
38.43, 7167
38.45, 7166
38.54, 7165
38.58, 7164
38.68, 7163
38.72, 7162
38.82, 7161
38.93, 7160
38.97, 7159
38.99, 7158
39.01, 7157
39.21, 7156
39.25, 7155
39.34, 7154
39.38, 7153
39.40, 7152
39.50, 7151
39.54, 7150
39.63, 7149
39.67, 7148
39.75, 7147
39.82, 7146
39.96, 7145
40.00, 7144
40.02, 7143
40.02, 7142
40.19, 7141
40.24, 7140
40.35, 7139
40.41, 7138
40.52, 7137
40.56, 7136
40.65, 7135
40.69, 7134
40.71, 7133
40.80, 7132
40.84, 7131
40.94, 7130
40.99, 7129
41.08, 7128
41.12, 7127
41.22, 7126
41.26, 7125
41.27, 7124
41.29, 7123
41.30, 7122
41.31, 7121
41.45, 7120
41.49, 7119
41.59, 7118
41.64, 7117
41.75, 7116
41.79, 7115
41.89, 7114
41.94, 7113
41.95, 7112
42.05, 7111
42.09, 7110
42.24, 7109
42.37, 7108
42.42, 7107
42.52, 7106
42.57, 7105
42.58, 7104
42.60, 7103
42.74, 7102
42.79, 7101
42.89, 7100
42.94, 7099
43.04, 7098
43.08, 7097
43.19, 7096
43.23, 7095
43.25, 7094
43.34, 7093
43.38, 7092
43.49, 7091
43.53, 7090
43.63, 7089
43.67, 7088
43.76, 7087
43.80, 7086
43.81, 7085
43.83, 7084
43.84, 7083
43.98, 7082
44.02, 7081
44.12, 7080
44.17, 7079
44.32, 7078
44.42, 7077
44.46, 7076
44.48, 7075
44.58, 7074
44.62, 7073
44.72, 7072
44.77, 7071
44.88, 7070
44.92, 7069
45.02, 7068
45.07, 7067
45.08, 7066
45.09, 7065
45.23, 7064
45.27, 7063
45.37, 7062
45.41, 7061
45.51, 7060
45.55, 7059
45.65, 7058
45.70, 7057
45.72, 7056
45.82, 7055
45.86, 7054
45.96, 7053
46.01, 7052
46.11, 7051
46.15, 7050
46.25, 7049
46.30, 7048
46.31, 7047
46.33, 7046
46.34, 7045
46.36, 7044
46.38, 7043
46.39, 7042
46.41, 7041
46.42, 7040
46.44, 7039
46.45, 7038
46.47, 7037
46.49, 7036
46.50, 7035
46.52, 7034
46.53, 7033
47.56, 7032
49.87, 7031
52.04, 7030
52.05, 7029
52.09, 7028
52.24, 7027
52.29, 7026
52.41, 7025
52.78, 7024
53.17, 7023
53.38, 7022
53.45, 7021
53.47, 7020
53.52, 7019
53.91, 7018
53.93, 7017
53.95, 7016
53.98, 7015
54.57, 7014
54.68, 7013
54.74, 7012
54.88, 7011
55.13, 7010
55.51, 7009
55.77, 7008
56.20, 7007
57.09, 7006
57.87, 7005
60.08, 7004
61.45, 7003
61.74, 7002
62.73, 7001
64.69, 7000
65.08, 6999
65.26, 6998
65.46, 6997
65.51, 6996
65.65, 6995
65.67, 6994
65.77, 6993
65.79, 6992
65.99, 6991
66.05, 6990
66.07, 6989
66.30, 6988
67.63, 6987
67.68, 6986
67.70, 6985
68.03, 6984
68.32, 6983
69.74, 6982
69.76, 6981
69.79, 6980
69.99, 6979
70.55, 6978
70.70, 6977
70.92, 6976
71.42, 6975
71.62, 6974
73.00, 6973
73.66, 6972
74.04, 6971
74.06, 6970
75.62, 6969
76.65, 6968
77.17, 6967
77.35, 6966
79.19, 6965
79.61, 6964
83.62, 6963
83.69, 6962
84.27, 6961
84.41, 6960
88.98, 6959
90.27, 6958
91.72, 6957
93.52, 6956
97.21, 6955
106.92, 6954
107.06, 6953
108.03, 6952
108.17, 6951
112.04, 6950
113.84, 6949
114.00, 6948
114.25, 6947
114.50, 6946
115.77, 6945
115.88, 6944
116.05, 6943
116.37, 6942
117.10, 6941
117.77, 6940
118.23, 6939
118.24, 6938
125.86, 6937
126.00, 6936
126.94, 6935
127.63, 6934
129.11, 6933
132.43, 6932
135.72, 6931
138.95, 6930
140.52, 6929
144.54, 6928
144.76, 6927
150.40, 6926
150.74, 6925
175.11, 6924
179.72, 6923
184.56, 6922
184.85, 6921
185.04, 6920
194.33, 6919
195.57, 6918
233.44, 6917
285.31, 6916
316.09, 6915
324.65, 6914
349.33, 6913
360.84, 6912
473.51, 6911
