6.87, 4697
6.92, 4696
6.94, 4695
6.96, 4694
6.98, 4693
7.01, 4692
7.04, 4691
7.08, 4690
7.12, 4689
7.14, 4688
7.17, 4687
7.19, 4686
7.22, 4685
7.24, 4684
7.27, 4683
7.29, 4682
7.32, 4681
7.35, 4680
7.38, 4679
7.40, 4678
7.43, 4677
7.46, 4676
7.48, 4675
7.51, 4674
7.53, 4673
7.56, 4672
7.59, 4671
7.63, 4670
7.68, 4669
7.71, 4668
7.74, 4667
7.77, 4666
7.80, 4665
7.83, 4664
7.86, 4663
7.88, 4662
7.91, 4661
7.95, 4660
8.00, 4659
8.07, 4658
8.14, 4657
8.19, 4656
8.24, 4655
8.27, 4654
8.30, 4653
8.44, 4652
8.64, 4651
9.30, 4650
9.49, 4649
9.96, 4648
10.21, 4647
10.59, 4646
10.87, 4645
11.03, 4644
11.41, 4643
11.79, 4642
12.17, 4641
12.38, 4640
12.40, 4639
12.51, 4638
12.63, 4637
13.54, 4636
13.57, 4635
13.66, 4634
13.82, 4633
14.50, 4632
14.93, 4631
15.72, 4630
15.75, 4629
16.81, 4628
17.63, 4627
17.74, 4626
18.50, 4625
18.73, 4624
19.21, 4623
19.94, 4622
19.96, 4621
20.04, 4620
20.22, 4619
20.76, 4618
21.34, 4617
21.59, 4616
21.62, 4615
21.94, 4614
22.51, 4613
23.72, 4612
23.85, 4611
24.11, 4610
24.27, 4609
24.77, 4608
25.06, 4607
25.50, 4606
26.47, 4605
27.55, 4604
27.58, 4603
29.10, 4602
29.40, 4601
30.35, 4600
30.39, 4599
30.71, 4598
31.45, 4597
31.78, 4596
34.76, 4595
35.22, 4594
35.42, 4593
35.56, 4592
36.55, 4591
36.94, 4590
39.23, 4589
39.74, 4588
39.76, 4587
40.17, 4586
40.63, 4585
40.65, 4584
40.93, 4583
41.49, 4582
41.68, 4581
42.20, 4580
42.66, 4579
43.88, 4578
44.48, 4577
44.60, 4576
46.42, 4575
46.49, 4574
48.12, 4573
48.37, 4572
48.41, 4571
49.21, 4570
51.44, 4569
52.37, 4568
52.72, 4567
53.01, 4566
54.89, 4565
55.14, 4564
55.39, 4563
61.84, 4562
61.96, 4561
67.49, 4560
70.17, 4559
76.84, 4558
77.16, 4557
78.02, 4556
78.37, 4555
111.16, 4554
120.77, 4553
136.62, 4552
151.58, 4551
161.64, 4550
200.83, 4549
231.41, 4548
289.40, 4547
339.11, 4546
409.78, 4545
416.27, 4544
493.11, 4543
