5.95, 4697
6.00, 4696
6.02, 4695
6.04, 4694
6.06, 4693
6.09, 4692
6.11, 4691
6.14, 4690
6.16, 4689
6.18, 4688
6.21, 4687
6.23, 4686
6.25, 4685
6.28, 4684
6.30, 4683
6.34, 4682
6.36, 4681
6.38, 4680
6.40, 4679
6.43, 4678
6.45, 4677
6.47, 4676
6.49, 4675
6.52, 4674
6.54, 4673
6.57, 4672
6.59, 4671
6.61, 4670
6.63, 4669
6.66, 4668
6.68, 4667
6.71, 4666
6.73, 4665
6.76, 4664
6.78, 4663
6.80, 4662
6.82, 4661
6.84, 4660
6.87, 4659
6.89, 4658
6.92, 4657
6.94, 4656
6.97, 4655
6.99, 4654
7.01, 4653
7.16, 4652
7.40, 4651
7.69, 4650
7.92, 4649
8.30, 4648
8.50, 4647
8.75, 4646
9.10, 4645
9.33, 4644
9.75, 4643
10.18, 4642
10.56, 4641
10.67, 4640
10.70, 4639
10.82, 4638
10.84, 4637
11.54, 4636
11.66, 4635
11.68, 4634
11.83, 4633
12.49, 4632
12.97, 4631
13.72, 4630
13.74, 4629
14.93, 4628
15.56, 4627
15.67, 4626
16.35, 4625
16.50, 4624
17.10, 4623
17.65, 4622
17.87, 4621
17.89, 4620
18.00, 4619
18.45, 4618
18.95, 4617
19.28, 4616
19.39, 4615
19.78, 4614
20.48, 4613
21.34, 4612
21.43, 4611
21.69, 4610
21.91, 4609
22.07, 4608
22.49, 4607
22.85, 4606
23.86, 4605
24.69, 4604
24.76, 4603
26.18, 4602
26.27, 4601
27.41, 4600
27.49, 4599
27.65, 4598
28.23, 4597
28.43, 4596
31.49, 4595
31.86, 4594
31.88, 4593
32.09, 4592
33.28, 4591
33.39, 4590
35.35, 4589
35.47, 4588
35.92, 4587
36.23, 4586
36.73, 4585
36.90, 4584
37.13, 4583
37.86, 4582
38.00, 4581
38.69, 4580
38.89, 4579
39.88, 4578
40.30, 4577
41.12, 4576
41.83, 4575
43.82, 4574
44.51, 4573
44.82, 4572
47.27, 4571
48.48, 4570
53.42, 4569
56.67, 4568
58.24, 4567
99.77, 4566
102.88, 4565
108.30, 4564
109.33, 4563
110.57, 4562
112.38, 4561
115.45, 4560
115.47, 4559
116.50, 4558
116.57, 4557
121.80, 4556
123.23, 4555
128.59, 4554
128.84, 4553
132.26, 4552
138.52, 4551
139.75, 4550
140.23, 4549
140.72, 4548
150.57, 4547
200.60, 4546
213.46, 4545
280.22, 4544
509.76, 4543
