51.59, 4696
53.01, 4695
53.94, 4694
55.05, 4693
55.55, 4692
55.72, 4691
56.73, 4690
58.52, 4689
58.90, 4688
60.22, 4687
62.86, 4686
63.45, 4685
64.03, 4684
65.95, 4683
67.21, 4682
68.00, 4681
69.10, 4680
71.01, 4679
71.81, 4678
73.71, 4677
75.62, 4676
75.72, 4675
78.63, 4674
79.02, 4673
79.51, 4672
79.95, 4671
80.08, 4670
80.20, 4669
83.41, 4668
86.40, 4667
87.27, 4666
88.01, 4665
89.88, 4664
90.57, 4663
92.99, 4662
94.78, 4661
96.04, 4660
96.96, 4659
100.20, 4658
102.02, 4657
103.05, 4656
107.10, 4655
107.96, 4654
109.31, 4653
110.77, 4652
111.37, 4651
111.39, 4650
115.51, 4649
120.42, 4648
120.67, 4647
126.03, 4646
126.77, 4645
128.89, 4644
131.27, 4643
133.89, 4642
134.11, 4641
136.26, 4640
137.05, 4639
137.47, 4638
140.50, 4637
145.38, 4636
151.50, 4635
152.26, 4634
153.15, 4633
155.05, 4632
155.34, 4631
158.72, 4630
161.99, 4629
162.01, 4628
162.53, 4627
164.02, 4626
169.46, 4625
179.70, 4624
180.67, 4623
181.27, 4622
187.52, 4621
189.15, 4620
189.50, 4619
190.36, 4618
190.78, 4617
192.30, 4616
195.67, 4615
196.20, 4614
201.04, 4613
206.20, 4612
214.15, 4611
215.51, 4610
223.02, 4609
227.39, 4608
229.98, 4607
231.51, 4606
