53.68, 4696
55.16, 4695
55.65, 4694
56.08, 4693
56.60, 4692
57.47, 4691
57.77, 4690
58.80, 4689
59.29, 4688
60.61, 4687
60.67, 4686
61.42, 4685
63.55, 4684
64.24, 4683
68.73, 4682
72.00, 4681
72.24, 4680
75.59, 4679
76.48, 4678
76.55, 4677
77.54, 4676
77.80, 4675
78.41, 4674
79.20, 4673
80.48, 4672
81.33, 4671
83.72, 4670
83.97, 4669
84.79, 4668
85.44, 4667
85.57, 4666
87.65, 4665
95.41, 4664
102.79, 4663
103.31, 4662
104.02, 4661
106.84, 4660
107.40, 4659
108.18, 4658
109.09, 4657
110.04, 4656
112.65, 4655
113.02, 4654
114.65, 4653
118.13, 4652
118.29, 4651
118.78, 4650
120.27, 4649
120.31, 4648
120.71, 4647
123.56, 4646
125.29, 4645
126.33, 4644
126.78, 4643
130.70, 4642
131.47, 4641
131.60, 4640
132.35, 4639
133.99, 4638
136.81, 4637
139.75, 4636
140.44, 4635
140.67, 4634
146.22, 4633
151.43, 4632
152.89, 4631
153.47, 4630
153.82, 4629
154.19, 4628
154.23, 4627
155.73, 4626
157.10, 4625
159.22, 4624
166.25, 4623
167.36, 4622
172.36, 4621
172.77, 4620
177.99, 4619
178.27, 4618
181.06, 4617
183.33, 4616
186.57, 4615
188.82, 4614
191.44, 4613
192.11, 4612
192.91, 4611
193.83, 4610
195.38, 4609
203.63, 4608
210.48, 4607
210.94, 4606
214.97, 4605
218.52, 4604
218.78, 4603
220.00, 4602
220.26, 4601
220.98, 4600
228.69, 4599
229.91, 4598
