6.20, 4697
6.24, 4696
6.26, 4695
6.29, 4694
6.31, 4693
6.33, 4692
6.35, 4691
6.38, 4690
6.40, 4689
6.42, 4688
6.45, 4687
6.47, 4686
6.50, 4685
6.52, 4684
6.54, 4683
6.57, 4682
6.59, 4681
6.62, 4680
6.64, 4679
6.67, 4678
6.69, 4677
6.71, 4676
6.74, 4675
6.76, 4674
6.78, 4673
6.81, 4672
6.83, 4671
6.86, 4670
6.89, 4669
6.91, 4668
6.94, 4667
6.97, 4666
6.99, 4665
7.03, 4664
7.05, 4663
7.08, 4662
7.10, 4661
7.13, 4660
7.17, 4659
7.19, 4658
7.21, 4657
7.23, 4656
7.25, 4655
7.28, 4654
7.30, 4653
7.47, 4652
7.66, 4651
8.09, 4650
8.24, 4649
8.74, 4648
8.95, 4647
9.20, 4646
9.47, 4645
9.67, 4644
10.12, 4643
10.49, 4642
10.88, 4641
11.06, 4640
11.09, 4639
11.21, 4638
11.30, 4637
12.21, 4636
12.24, 4635
12.36, 4634
12.51, 4633
13.16, 4632
13.92, 4631
14.80, 4630
14.83, 4629
15.95, 4628
16.88, 4627
16.96, 4626
17.75, 4625
18.00, 4624
18.77, 4623
19.26, 4622
19.52, 4621
19.60, 4620
19.68, 4619
20.18, 4618
20.65, 4617
20.87, 4616
20.89, 4615
21.34, 4614
21.74, 4613
22.92, 4612
23.00, 4611
23.42, 4610
23.49, 4609
23.80, 4608
24.09, 4607
24.15, 4606
24.63, 4605
25.36, 4604
26.42, 4603
26.53, 4602
27.86, 4601
27.95, 4600
28.93, 4599
29.01, 4598
29.16, 4597
29.72, 4596
29.93, 4595
32.67, 4594
32.88, 4593
32.95, 4592
33.09, 4591
33.34, 4590
34.16, 4589
34.35, 4588
36.18, 4587
36.35, 4586
37.53, 4585
37.68, 4584
37.88, 4583
38.06, 4582
38.82, 4581
39.39, 4580
39.76, 4579
39.94, 4578
40.64, 4577
40.94, 4576
40.97, 4575
42.08, 4574
42.56, 4573
44.63, 4572
45.80, 4571
49.59, 4570
50.30, 4569
50.65, 4568
51.21, 4567
72.69, 4566
102.30, 4565
104.31, 4564
104.64, 4563
110.81, 4562
112.96, 4561
118.47, 4560
119.03, 4559
119.90, 4558
128.57, 4557
130.00, 4556
136.31, 4555
144.33, 4554
147.61, 4553
148.02, 4552
148.23, 4551
151.77, 4550
157.09, 4549
164.29, 4548
215.82, 4547
231.92, 4546
232.13, 4545
296.09, 4544
307.99, 4543
314.78, 4542
