42.65, 4696
42.65, 4695
45.24, 4694
45.96, 4693
47.17, 4692
50.67, 4691
53.28, 4690
53.91, 4689
55.86, 4688
58.59, 4687
59.57, 4686
60.32, 4685
62.15, 4684
62.19, 4683
62.62, 4682
63.01, 4681
63.47, 4680
65.48, 4679
66.05, 4678
66.30, 4677
66.92, 4676
67.14, 4675
68.11, 4674
68.93, 4673
73.60, 4672
74.68, 4671
75.62, 4670
77.39, 4669
78.84, 4668
79.30, 4667
82.04, 4666
83.55, 4665
83.98, 4664
84.01, 4663
84.12, 4662
84.86, 4661
85.07, 4660
86.90, 4659
88.27, 4658
89.32, 4657
89.35, 4656
89.56, 4655
93.06, 4654
95.46, 4653
95.84, 4652
96.06, 4651
96.21, 4650
98.23, 4649
98.63, 4648
98.66, 4647
103.45, 4646
103.52, 4645
105.95, 4644
108.65, 4643
112.22, 4642
112.42, 4641
112.54, 4640
114.02, 4639
114.76, 4638
120.55, 4637
123.18, 4636
123.99, 4635
132.66, 4634
133.41, 4633
134.17, 4632
138.48, 4631
141.05, 4630
142.87, 4629
145.92, 4628
151.27, 4627
152.25, 4626
158.26, 4625
159.88, 4624
160.72, 4623
160.82, 4622
166.78, 4621
168.48, 4620
172.82, 4619
174.82, 4618
180.65, 4617
182.91, 4616
183.07, 4615
185.18, 4614
185.92, 4613
186.09, 4612
186.38, 4611
188.00, 4610
190.13, 4609
192.41, 4608
195.54, 4607
196.02, 4606
196.48, 4605
197.17, 4604
201.50, 4603
205.04, 4602
207.02, 4601
208.55, 4600
221.97, 4599
221.97, 4598
