5.57, 4697
5.61, 4696
5.64, 4695
5.67, 4694
5.69, 4693
5.71, 4692
5.74, 4691
5.76, 4690
5.78, 4689
5.81, 4688
5.83, 4687
5.85, 4686
5.87, 4685
5.90, 4684
5.92, 4683
5.95, 4682
5.97, 4681
6.00, 4680
6.03, 4679
6.05, 4678
6.07, 4677
6.10, 4676
6.12, 4675
6.14, 4674
6.17, 4673
6.19, 4672
6.21, 4671
6.24, 4670
6.26, 4669
6.28, 4668
6.31, 4667
6.33, 4666
6.35, 4665
6.38, 4664
6.42, 4663
6.44, 4662
6.46, 4661
6.48, 4660
6.51, 4659
6.53, 4658
6.56, 4657
6.60, 4656
6.62, 4655
6.65, 4654
6.68, 4653
6.81, 4652
6.93, 4651
7.34, 4650
7.51, 4649
7.97, 4648
8.19, 4647
8.39, 4646
8.64, 4645
8.89, 4644
9.25, 4643
9.58, 4642
9.97, 4641
10.14, 4640
10.17, 4639
10.19, 4638
10.26, 4637
11.03, 4636
11.06, 4635
11.15, 4634
11.32, 4633
12.01, 4632
12.43, 4631
13.15, 4630
13.27, 4629
14.05, 4628
14.60, 4627
14.82, 4626
14.90, 4625
15.65, 4624
15.82, 4623
16.28, 4622
16.77, 4621
16.93, 4620
17.00, 4619
17.07, 4618
17.50, 4617
17.85, 4616
18.07, 4615
18.15, 4614
18.46, 4613
18.99, 4612
19.77, 4611
20.11, 4610
20.22, 4609
20.46, 4608
20.77, 4607
20.79, 4606
21.19, 4605
21.79, 4604
22.27, 4603
23.18, 4602
23.20, 4601
24.44, 4600
24.57, 4599
25.12, 4598
25.28, 4597
25.31, 4596
25.78, 4595
25.98, 4594
26.68, 4593
28.40, 4592
28.81, 4591
28.94, 4590
29.01, 4589
30.37, 4588
31.96, 4587
32.58, 4586
33.18, 4585
33.26, 4584
33.50, 4583
34.12, 4582
34.57, 4581
35.00, 4580
36.14, 4579
37.59, 4578
39.34, 4577
40.03, 4576
41.10, 4575
41.53, 4574
41.98, 4573
42.26, 4572
42.49, 4571
43.57, 4570
44.07, 4569
44.50, 4568
44.70, 4567
47.86, 4566
51.31, 4565
52.95, 4564
85.95, 4563
94.26, 4562
96.28, 4561
96.53, 4560
102.41, 4559
104.75, 4558
113.01, 4557
114.15, 4556
117.79, 4555
120.22, 4554
123.95, 4553
124.75, 4552
130.76, 4551
135.22, 4550
148.35, 4549
150.48, 4548
198.25, 4547
200.40, 4546
200.49, 4545
287.17, 4544
288.10, 4543
343.84, 4542
