6.63, 4697
6.67, 4696
6.69, 4695
6.72, 4694
6.75, 4693
6.77, 4692
6.81, 4691
6.84, 4690
6.87, 4689
6.91, 4688
6.95, 4687
6.97, 4686
6.99, 4685
7.01, 4684
7.03, 4683
7.06, 4682
7.08, 4681
7.11, 4680
7.13, 4679
7.17, 4678
7.19, 4677
7.21, 4676
7.23, 4675
7.25, 4674
7.27, 4673
7.30, 4672
7.32, 4671
7.34, 4670
7.36, 4669
7.38, 4668
7.41, 4667
7.43, 4666
7.45, 4665
7.47, 4664
7.51, 4663
7.54, 4662
7.56, 4661
7.61, 4660
7.63, 4659
7.65, 4658
7.69, 4657
7.72, 4656
7.74, 4655
7.77, 4654
7.79, 4653
7.96, 4652
8.09, 4651
8.54, 4650
8.83, 4649
9.22, 4648
9.45, 4647
9.76, 4646
10.03, 4645
10.28, 4644
10.81, 4643
11.28, 4642
11.72, 4641
12.00, 4640
12.05, 4639
12.09, 4638
12.61, 4637
13.35, 4636
13.48, 4635
13.54, 4634
13.87, 4633
14.38, 4632
14.90, 4631
15.63, 4630
15.87, 4629
16.69, 4628
17.29, 4627
17.55, 4626
17.58, 4625
18.28, 4624
18.49, 4623
19.00, 4622
19.74, 4621
19.81, 4620
19.89, 4619
19.97, 4618
20.71, 4617
21.32, 4616
21.44, 4615
21.64, 4614
21.90, 4613
22.49, 4612
23.75, 4611
24.21, 4610
24.44, 4609
24.60, 4608
24.90, 4607
24.92, 4606
25.32, 4605
26.06, 4604
26.39, 4603
27.37, 4602
27.39, 4601
28.39, 4600
28.96, 4599
29.16, 4598
29.96, 4597
29.98, 4596
30.25, 4595
30.87, 4594
31.10, 4593
33.81, 4592
33.99, 4591
34.10, 4590
34.24, 4589
34.44, 4588
35.42, 4587
35.82, 4586
37.81, 4585
39.27, 4584
39.30, 4583
39.49, 4582
39.93, 4581
40.10, 4580
42.42, 4579
43.16, 4578
44.14, 4577
44.22, 4576
46.09, 4575
46.45, 4574
47.45, 4573
48.30, 4572
49.35, 4571
49.94, 4570
51.15, 4569
51.83, 4568
52.44, 4567
52.54, 4566
58.85, 4565
61.52, 4564
64.60, 4563
67.04, 4562
77.49, 4561
98.02, 4560
99.58, 4559
100.80, 4558
100.92, 4557
107.90, 4556
109.87, 4555
111.47, 4554
136.52, 4553
148.18, 4552
185.12, 4551
208.29, 4550
219.73, 4549
231.63, 4548
295.19, 4547
393.43, 4546
410.09, 4545
435.50, 4544
440.31, 4543
