6.66, 4697
6.70, 4696
6.72, 4695
6.76, 4694
6.80, 4693
6.83, 4692
6.85, 4691
6.87, 4690
6.89, 4689
6.91, 4688
6.93, 4687
6.96, 4686
6.98, 4685
7.00, 4684
7.02, 4683
7.04, 4682
7.07, 4681
7.10, 4680
7.13, 4679
7.16, 4678
7.20, 4677
7.24, 4676
7.26, 4675
7.28, 4674
7.31, 4673
7.33, 4672
7.36, 4671
7.38, 4670
7.41, 4669
7.43, 4668
7.46, 4667
7.48, 4666
7.51, 4665
7.53, 4664
7.58, 4663
7.61, 4662
7.64, 4661
7.66, 4660
7.69, 4659
7.71, 4658
7.73, 4657
7.75, 4656
7.78, 4655
7.80, 4654
7.82, 4653
7.98, 4652
8.18, 4651
8.72, 4650
8.86, 4649
9.34, 4648
9.53, 4647
9.86, 4646
10.17, 4645
10.49, 4644
11.06, 4643
11.62, 4642
12.07, 4641
12.26, 4640
12.29, 4639
12.40, 4638
12.47, 4637
13.30, 4636
13.41, 4635
13.46, 4634
13.67, 4633
14.28, 4632
14.77, 4631
15.67, 4630
15.71, 4629
17.08, 4628
17.65, 4627
17.88, 4626
18.02, 4625
19.09, 4624
19.21, 4623
19.87, 4622
20.64, 4621
20.87, 4620
20.95, 4619
21.03, 4618
21.85, 4617
22.15, 4616
22.47, 4615
22.51, 4614
22.94, 4613
23.49, 4612
24.89, 4611
25.24, 4610
25.43, 4609
25.73, 4608
25.99, 4607
26.01, 4606
26.74, 4605
27.41, 4604
27.83, 4603
28.89, 4602
29.01, 4601
30.59, 4600
30.73, 4599
31.32, 4598
31.34, 4597
31.53, 4596
32.12, 4595
32.37, 4594
32.83, 4593
35.07, 4592
35.30, 4591
35.37, 4590
35.52, 4589
35.62, 4588
37.54, 4587
40.89, 4586
41.00, 4585
41.16, 4584
41.30, 4583
42.01, 4582
42.11, 4581
42.79, 4580
43.28, 4579
44.66, 4578
44.87, 4577
45.40, 4576
46.71, 4575
48.47, 4574
49.20, 4573
50.24, 4572
51.55, 4571
52.36, 4570
52.55, 4569
52.84, 4568
53.17, 4567
53.61, 4566
54.80, 4565
55.09, 4564
60.23, 4563
62.90, 4562
65.89, 4561
122.29, 4560
125.19, 4559
127.46, 4558
132.48, 4557
137.58, 4556
163.40, 4555
171.60, 4554
173.59, 4553
175.72, 4552
220.57, 4551
232.77, 4550
308.77, 4549
327.13, 4548
336.73, 4547
342.38, 4546
343.98, 4545
392.60, 4544
491.33, 4543
