46.94, 4696
49.68, 4695
51.05, 4694
51.10, 4693
51.23, 4692
53.81, 4691
55.55, 4690
56.02, 4689
58.58, 4688
60.67, 4687
62.62, 4686
64.59, 4685
65.15, 4684
65.52, 4683
66.96, 4682
68.43, 4681
69.05, 4680
69.25, 4679
70.29, 4678
71.69, 4677
71.97, 4676
72.18, 4675
73.07, 4674
76.08, 4673
78.11, 4672
79.25, 4671
79.78, 4670
81.12, 4669
88.52, 4668
89.97, 4667
90.64, 4666
93.52, 4665
94.33, 4664
94.87, 4663
95.01, 4662
99.00, 4661
100.93, 4660
101.09, 4659
102.03, 4658
110.54, 4657
112.65, 4656
112.74, 4655
114.77, 4654
115.24, 4653
115.31, 4652
116.52, 4651
116.59, 4650
121.78, 4649
123.37, 4648
123.39, 4647
123.66, 4646
127.81, 4645
129.76, 4644
131.65, 4643
133.19, 4642
137.12, 4641
137.85, 4640
142.01, 4639
144.74, 4638
146.18, 4637
147.11, 4636
147.34, 4635
148.77, 4634
153.57, 4633
157.40, 4632
161.19, 4631
166.90, 4630
168.27, 4629
168.88, 4628
173.30, 4627
178.10, 4626
180.62, 4625
185.79, 4624
186.01, 4623
192.12, 4622
192.83, 4621
193.28, 4620
197.88, 4619
202.56, 4618
203.93, 4617
204.97, 4616
206.16, 4615
207.36, 4614
208.67, 4613
213.61, 4612
222.66, 4611
