11.17, 4696
77.88, 4695
79.38, 4694
79.47, 4693
80.10, 4692
80.41, 4691
81.42, 4690
82.84, 4689
82.99, 4688
83.57, 4687
85.01, 4686
86.61, 4685
87.29, 4684
88.76, 4683
89.89, 4682
92.61, 4681
93.57, 4680
98.57, 4679
99.01, 4678
100.43, 4677
100.66, 4676
100.89, 4675
102.87, 4674
104.05, 4673
105.12, 4672
107.62, 4671
107.93, 4670
110.35, 4669
113.49, 4668
115.82, 4667
118.50, 4666
118.56, 4665
119.12, 4664
120.04, 4663
121.13, 4662
126.71, 4661
129.63, 4660
130.08, 4659
130.09, 4658
130.20, 4657
134.87, 4656
135.40, 4655
137.42, 4654
139.11, 4653
139.41, 4652
139.89, 4651
140.14, 4650
141.48, 4649
143.71, 4648
146.02, 4647
146.82, 4646
147.86, 4645
148.28, 4644
149.15, 4643
151.97, 4642
152.08, 4641
156.80, 4640
159.86, 4639
160.53, 4638
163.50, 4637
164.29, 4636
169.75, 4635
170.25, 4634
171.48, 4633
174.81, 4632
175.72, 4631
176.47, 4630
179.19, 4629
182.43, 4628
182.57, 4627
184.51, 4626
185.03, 4625
190.10, 4624
194.38, 4623
197.61, 4622
199.06, 4621
200.11, 4620
210.34, 4619
210.96, 4618
212.25, 4617
215.37, 4616
216.01, 4615
216.62, 4614
217.39, 4613
220.63, 4612
221.11, 4611
230.26, 4610
233.61, 4609
239.48, 4608
