6.02, 7374
6.06, 7373
6.07, 7372
6.09, 7371
6.12, 7370
6.14, 7369
6.17, 7368
6.19, 7367
6.22, 7366
6.23, 7365
6.25, 7364
6.27, 7363
6.30, 7362
6.32, 7361
6.35, 7360
6.37, 7359
6.40, 7358
6.43, 7357
6.45, 7356
6.48, 7355
6.51, 7354
6.53, 7353
6.56, 7352
6.58, 7351
6.61, 7350
6.64, 7349
6.66, 7348
6.69, 7347
6.71, 7346
10.39, 7345
14.63, 7344
15.45, 7343
15.49, 7342
16.99, 7341
25.41, 7340
28.02, 7339
30.08, 7338
30.15, 7337
30.32, 7336
30.40, 7335
30.52, 7334
30.58, 7333
30.76, 7332
30.81, 7331
30.83, 7330
31.02, 7329
31.09, 7328
31.26, 7327
31.34, 7326
31.57, 7325
31.64, 7324
32.15, 7323
32.22, 7322
32.40, 7321
32.48, 7320
32.66, 7319
32.73, 7318
32.85, 7317
32.92, 7316
32.94, 7315
33.12, 7314
33.35, 7313
33.45, 7312
33.55, 7311
33.62, 7310
33.80, 7309
33.87, 7308
33.88, 7307
33.90, 7306
33.92, 7305
34.18, 7304
34.26, 7303
34.43, 7302
34.51, 7301
34.53, 7300
34.71, 7299
34.79, 7298
35.04, 7297
35.23, 7296
35.30, 7295
35.48, 7294
35.55, 7293
35.58, 7292
35.60, 7291
35.93, 7290
36.16, 7289
36.21, 7288
36.31, 7287
36.42, 7286
36.46, 7285
36.51, 7284
36.52, 7283
36.62, 7282
36.66, 7281
36.76, 7280
36.80, 7279
36.91, 7278
36.95, 7277
37.06, 7276
37.10, 7275
37.11, 7274
37.13, 7273
37.14, 7272
37.15, 7271
37.30, 7270
37.34, 7269
37.44, 7268
37.49, 7267
37.59, 7266
37.64, 7265
37.74, 7264
37.78, 7263
37.80, 7262
37.89, 7261
37.93, 7260
38.04, 7259
38.08, 7258
38.19, 7257
38.23, 7256
38.33, 7255
38.38, 7254
38.39, 7253
38.41, 7252
38.55, 7251
38.59, 7250
38.69, 7249
38.74, 7248
38.84, 7247
38.89, 7246
38.99, 7245
39.03, 7244
39.05, 7243
39.15, 7242
39.19, 7241
39.29, 7240
39.33, 7239
39.43, 7238
39.47, 7237
39.56, 7236
39.60, 7235
39.62, 7234
39.63, 7233
39.64, 7232
39.79, 7231
39.83, 7230
39.92, 7229
39.96, 7228
40.06, 7227
40.10, 7226
40.19, 7225
40.23, 7224
40.25, 7223
40.42, 7222
40.52, 7221
40.57, 7220
40.67, 7219
40.71, 7218
40.85, 7217
40.88, 7216
40.89, 7215
40.91, 7214
41.04, 7213
41.08, 7212
41.18, 7211
41.22, 7210
41.32, 7209
41.35, 7208
41.45, 7207
41.49, 7206
41.50, 7205
41.60, 7204
41.64, 7203
41.74, 7202
41.78, 7201
41.88, 7200
41.92, 7199
42.02, 7198
42.06, 7197
42.08, 7196
42.09, 7195
42.10, 7194
42.12, 7193
42.25, 7192
42.29, 7191
42.46, 7190
42.64, 7189
42.68, 7188
42.78, 7187
42.82, 7186
42.84, 7185
42.93, 7184
42.98, 7183
43.08, 7182
43.12, 7181
43.22, 7180
43.27, 7179
43.51, 7178
43.53, 7177
43.55, 7176
43.76, 7175
43.86, 7174
44.11, 7173
44.18, 7172
44.31, 7171
44.39, 7170
44.47, 7169
44.59, 7168
44.63, 7167
44.64, 7166
44.74, 7165
44.78, 7164
44.88, 7163
44.92, 7162
45.02, 7161
45.13, 7160
45.17, 7159
45.20, 7158
45.22, 7157
45.39, 7156
45.43, 7155
45.57, 7154
45.64, 7153
45.67, 7152
45.84, 7151
45.91, 7150
46.09, 7149
46.16, 7148
46.34, 7147
46.42, 7146
46.60, 7145
46.64, 7144
46.65, 7143
46.66, 7142
46.80, 7141
46.84, 7140
46.94, 7139
46.98, 7138
47.07, 7137
47.11, 7136
47.21, 7135
47.25, 7134
47.26, 7133
47.36, 7132
47.40, 7131
47.50, 7130
47.54, 7129
47.64, 7128
47.69, 7127
47.79, 7126
47.83, 7125
47.85, 7124
47.86, 7123
47.87, 7122
47.88, 7121
48.02, 7120
48.06, 7119
48.16, 7118
48.20, 7117
48.31, 7116
48.35, 7115
48.46, 7114
48.50, 7113
48.52, 7112
48.62, 7111
48.66, 7110
48.82, 7109
48.99, 7108
49.04, 7107
49.14, 7106
49.19, 7105
49.20, 7104
49.21, 7103
49.36, 7102
49.40, 7101
49.50, 7100
49.54, 7099
49.65, 7098
49.69, 7097
49.79, 7096
49.84, 7095
49.85, 7094
49.95, 7093
49.99, 7092
50.08, 7091
50.13, 7090
50.23, 7089
50.28, 7088
50.39, 7087
50.43, 7086
50.44, 7085
50.46, 7084
50.47, 7083
50.61, 7082
50.65, 7081
50.74, 7080
50.79, 7079
50.92, 7078
51.05, 7077
51.09, 7076
51.10, 7075
51.20, 7074
51.24, 7073
51.34, 7072
51.38, 7071
51.49, 7070
51.53, 7069
51.63, 7068
51.67, 7067
51.69, 7066
51.70, 7065
51.84, 7064
51.88, 7063
51.98, 7062
52.03, 7061
52.13, 7060
52.17, 7059
52.28, 7058
52.32, 7057
52.33, 7056
52.43, 7055
52.47, 7054
52.57, 7053
52.61, 7052
52.71, 7051
52.75, 7050
52.85, 7049
52.89, 7048
52.90, 7047
52.92, 7046
52.93, 7045
52.95, 7044
52.96, 7043
52.98, 7042
52.99, 7041
53.01, 7040
53.03, 7039
53.04, 7038
53.06, 7037
53.07, 7036
53.09, 7035
53.11, 7034
53.12, 7033
54.22, 7032
56.98, 7031
58.82, 7030
58.85, 7029
59.01, 7028
59.04, 7027
59.63, 7026
59.76, 7025
59.84, 7024
60.00, 7023
60.05, 7022
60.06, 7021
60.11, 7020
60.90, 7019
60.95, 7018
61.13, 7017
61.15, 7016
61.98, 7015
62.40, 7014
62.94, 7013
63.29, 7012
63.34, 7011
63.43, 7010
63.45, 7009
64.78, 7008
65.25, 7007
65.27, 7006
65.41, 7005
69.47, 7004
69.84, 7003
70.09, 7002
70.59, 7001
72.39, 7000
72.42, 6999
72.69, 6998
72.72, 6997
72.81, 6996
72.84, 6995
73.35, 6994
73.47, 6993
73.49, 6992
73.69, 6991
73.72, 6990
73.89, 6989
73.91, 6988
74.50, 6987
74.72, 6986
74.74, 6985
74.91, 6984
76.15, 6983
76.18, 6982
76.20, 6981
76.89, 6980
77.53, 6979
78.10, 6978
78.13, 6977
78.41, 6976
78.80, 6975
79.07, 6974
79.11, 6973
79.21, 6972
79.94, 6971
80.37, 6970
81.05, 6969
81.11, 6968
81.51, 6967
82.19, 6966
84.72, 6965
84.91, 6964
85.43, 6963
85.81, 6962
85.83, 6961
86.27, 6960
87.66, 6959
87.71, 6958
96.33, 6957
96.81, 6956
98.11, 6955
98.18, 6954
98.55, 6953
99.26, 6952
99.31, 6951
104.28, 6950
116.66, 6949
116.89, 6948
121.81, 6947
126.99, 6946
127.68, 6945
129.25, 6944
129.31, 6943
129.48, 6942
129.52, 6941
129.84, 6940
131.82, 6939
131.87, 6938
133.20, 6937
137.06, 6936
137.93, 6935
147.26, 6934
153.99, 6933
154.23, 6932
184.33, 6931
190.05, 6930
190.70, 6929
199.46, 6928
203.12, 6927
203.43, 6926
225.08, 6925
225.45, 6924
225.61, 6923
232.31, 6922
237.83, 6921
272.22, 6920
285.58, 6919
286.90, 6918
293.83, 6917
383.06, 6916
