7.62, 4697
7.67, 4696
7.70, 4695
7.73, 4694
7.75, 4693
7.77, 4692
7.80, 4691
7.82, 4690
7.85, 4689
7.88, 4688
7.90, 4687
7.93, 4686
7.95, 4685
7.97, 4684
8.01, 4683
8.04, 4682
8.08, 4681
8.11, 4680
8.13, 4679
8.16, 4678
8.18, 4677
8.21, 4676
8.23, 4675
8.25, 4674
8.28, 4673
8.31, 4672
8.33, 4671
8.36, 4670
8.38, 4669
8.41, 4668
8.43, 4667
8.45, 4666
8.47, 4665
8.50, 4664
8.52, 4663
8.54, 4662
8.56, 4661
8.58, 4660
8.60, 4659
8.62, 4658
8.64, 4657
8.66, 4656
8.69, 4655
8.71, 4654
8.73, 4653
8.86, 4652
9.00, 4651
9.69, 4650
9.71, 4649
10.36, 4648
10.49, 4647
10.88, 4646
11.09, 4645
11.26, 4644
11.80, 4643
12.18, 4642
12.56, 4641
12.76, 4640
12.78, 4639
12.85, 4638
12.92, 4637
13.65, 4636
13.67, 4635
13.77, 4634
13.93, 4633
14.64, 4632
15.31, 4631
16.13, 4630
16.20, 4629
17.08, 4628
17.82, 4627
17.97, 4626
18.66, 4625
18.83, 4624
19.42, 4623
20.07, 4622
20.22, 4621
20.25, 4620
20.37, 4619
20.94, 4618
21.45, 4617
21.70, 4616
21.72, 4615
22.05, 4614
22.65, 4613
23.59, 4612
23.94, 4611
24.30, 4610
24.61, 4609
24.86, 4608
25.01, 4607
25.30, 4606
26.20, 4605
26.73, 4604
27.64, 4603
27.83, 4602
28.84, 4601
29.20, 4600
29.35, 4599
30.02, 4598
30.12, 4597
30.45, 4596
30.85, 4595
31.14, 4594
34.60, 4593
34.83, 4592
35.05, 4591
35.21, 4590
36.90, 4589
39.71, 4588
40.20, 4587
40.23, 4586
40.77, 4585
41.15, 4584
41.26, 4583
42.14, 4582
42.46, 4581
43.76, 4580
44.58, 4579
45.51, 4578
46.98, 4577
48.17, 4576
48.55, 4575
49.52, 4574
50.39, 4573
51.12, 4572
51.46, 4571
52.00, 4570
52.61, 4569
53.53, 4568
54.30, 4567
54.43, 4566
54.57, 4565
59.14, 4564
62.28, 4563
62.71, 4562
77.04, 4561
107.58, 4560
118.78, 4559
119.75, 4558
132.30, 4557
138.08, 4556
157.57, 4555
158.16, 4554
158.98, 4553
204.87, 4552
229.82, 4551
231.32, 4550
253.78, 4549
292.34, 4548
304.91, 4547
323.06, 4546
334.50, 4545
477.00, 4544
511.48, 4543
563.18, 4542
