2.19, 2276
2.32, 2275
24.13, 2274
25.22, 2273
25.74, 2272
26.46, 2271
27.81, 2270
28.24, 2269
29.54, 2268
29.74, 2267
29.85, 2266
29.89, 2265
30.14, 2264
31.11, 2263
31.33, 2262
31.57, 2261
31.95, 2260
32.08, 2259
33.03, 2258
33.94, 2257
34.25, 2256
35.47, 2255
35.82, 2254
36.41, 2253
36.55, 2252
36.77, 2251
36.84, 2250
37.69, 2249
39.73, 2248
41.00, 2247
42.74, 2246
43.12, 2245
43.20, 2244
43.92, 2243
44.40, 2242
44.56, 2241
44.91, 2240
44.96, 2239
45.17, 2238
49.03, 2237
49.46, 2236
50.74, 2235
51.05, 2234
52.01, 2233
52.03, 2232
52.11, 2231
52.56, 2230
52.85, 2229
53.38, 2228
54.38, 2227
55.01, 2226
61.49, 2225
66.09, 2224
66.18, 2223
67.23, 2222
71.09, 2221
74.11, 2220
77.40, 2219
79.33, 2218
92.23, 2217
92.56, 2216
