25.21, 2276
25.33, 2275
25.99, 2274
26.12, 2273
27.37, 2272
27.67, 2271
28.06, 2270
28.09, 2269
28.20, 2268
28.67, 2267
30.44, 2266
31.85, 2265
32.33, 2264
32.33, 2263
32.76, 2262
33.09, 2261
33.86, 2260
35.15, 2259
36.37, 2258
36.54, 2257
36.91, 2256
37.20, 2255
37.31, 2254
37.56, 2253
38.79, 2252
39.14, 2251
39.30, 2250
39.97, 2249
40.63, 2248
41.80, 2247
42.28, 2246
42.74, 2245
43.98, 2244
45.11, 2243
46.11, 2242
46.60, 2241
48.06, 2240
48.07, 2239
50.18, 2238
51.19, 2237
51.92, 2236
53.19, 2235
53.87, 2234
56.94, 2233
57.32, 2232
60.83, 2231
62.16, 2230
67.62, 2229
68.71, 2228
69.16, 2227
74.36, 2226
80.03, 2225
81.01, 2224
81.39, 2223
82.23, 2222
83.82, 2221
88.30, 2220
89.25, 2219
