1.56, 2277
1.57, 2276
1.57, 2275
1.58, 2274
1.58, 2273
1.58, 2272
1.58, 2271
1.59, 2270
1.59, 2269
1.59, 2268
1.60, 2267
1.60, 2266
1.60, 2265
1.61, 2264
1.61, 2263
1.61, 2262
1.61, 2261
1.62, 2260
1.62, 2259
1.62, 2258
1.67, 2257
1.68, 2256
1.85, 2255
1.93, 2254
2.04, 2253
2.19, 2252
2.43, 2251
2.58, 2250
2.63, 2249
2.70, 2248
2.76, 2247
2.84, 2246
2.90, 2245
3.00, 2244
3.10, 2243
3.13, 2242
3.22, 2241
3.59, 2240
3.64, 2239
3.69, 2238
3.76, 2237
3.79, 2236
3.86, 2235
3.90, 2234
4.07, 2233
4.20, 2232
4.31, 2231
4.38, 2230
4.39, 2229
4.46, 2228
4.79, 2227
4.84, 2226
5.82, 2225
6.01, 2224
6.10, 2223
6.20, 2222
6.77, 2221
6.87, 2220
6.89, 2219
7.35, 2218
7.55, 2217
7.56, 2216
7.58, 2215
7.82, 2214
9.79, 2213
9.89, 2212
9.97, 2211
9.97, 2210
10.01, 2209
10.21, 2208
18.12, 2207
24.47, 2206
34.83, 2205
58.60, 2204
67.75, 2203
