25.69, 2276
26.30, 2275
27.21, 2274
27.39, 2273
27.50, 2272
27.57, 2271
28.63, 2270
29.31, 2269
30.37, 2268
30.44, 2267
30.58, 2266
30.60, 2265
31.35, 2264
31.72, 2263
31.73, 2262
32.28, 2261
32.42, 2260
32.75, 2259
33.11, 2258
33.31, 2257
33.49, 2256
33.51, 2255
33.52, 2254
34.12, 2253
35.08, 2252
35.47, 2251
35.59, 2250
35.99, 2249
36.44, 2248
36.87, 2247
36.97, 2246
38.97, 2245
40.30, 2244
43.81, 2243
44.89, 2242
48.20, 2241
49.85, 2240
50.75, 2239
51.19, 2238
51.80, 2237
52.22, 2236
55.03, 2235
58.76, 2234
62.18, 2233
63.40, 2232
63.77, 2231
66.24, 2230
68.56, 2229
68.59, 2228
71.82, 2227
74.69, 2226
77.66, 2225
78.71, 2224
83.21, 2223
87.72, 2222
88.08, 2221
90.08, 2220
92.30, 2219
94.08, 2218
94.86, 2217
