27.79, 2276
27.82, 2275
28.26, 2274
28.67, 2273
28.83, 2272
29.17, 2271
29.93, 2270
30.13, 2269
30.83, 2268
31.37, 2267
34.90, 2266
36.34, 2265
36.80, 2264
38.20, 2263
39.36, 2262
39.43, 2261
40.51, 2260
42.88, 2259
43.36, 2258
44.23, 2257
44.89, 2256
46.52, 2255
49.06, 2254
49.14, 2253
50.37, 2252
51.09, 2251
51.19, 2250
52.10, 2249
52.76, 2248
52.94, 2247
54.11, 2246
54.72, 2245
57.23, 2244
57.85, 2243
58.41, 2242
58.74, 2241
60.71, 2240
61.08, 2239
62.09, 2238
62.27, 2237
63.54, 2236
63.91, 2235
64.04, 2234
67.78, 2233
68.16, 2232
68.41, 2231
69.85, 2230
70.14, 2229
73.30, 2228
74.09, 2227
81.21, 2226
84.35, 2225
87.17, 2224
90.86, 2223
91.64, 2222
95.00, 2221
107.00, 2220
108.83, 2219
109.11, 2218
