1.49, 2277
1.50, 2276
1.50, 2275
1.50, 2274
1.50, 2273
1.51, 2272
1.51, 2271
1.51, 2270
1.51, 2269
1.52, 2268
1.52, 2267
1.52, 2266
1.53, 2265
1.53, 2264
1.53, 2263
1.54, 2262
1.54, 2261
1.54, 2260
1.55, 2259
1.55, 2258
1.60, 2257
1.61, 2256
1.85, 2255
1.97, 2254
2.06, 2253
2.16, 2252
2.27, 2251
2.34, 2250
2.38, 2249
2.43, 2248
2.53, 2247
2.57, 2246
2.65, 2245
2.69, 2244
2.70, 2243
2.75, 2242
3.05, 2241
3.09, 2240
3.13, 2239
3.18, 2238
3.21, 2237
3.32, 2236
3.35, 2235
3.49, 2234
3.80, 2233
3.83, 2232
3.96, 2231
3.97, 2230
4.00, 2229
4.08, 2228
4.38, 2227
4.43, 2226
5.29, 2225
5.74, 2224
5.79, 2223
5.90, 2222
6.50, 2221
6.60, 2220
6.82, 2219
7.06, 2218
7.27, 2217
7.28, 2216
7.29, 2215
7.36, 2214
8.96, 2213
9.68, 2212
9.80, 2211
9.86, 2210
10.17, 2209
10.37, 2208
12.18, 2207
19.92, 2206
23.80, 2205
35.14, 2204
145.34, 2203
