0.99, 2277
1.00, 2276
1.00, 2275
1.00, 2274
1.01, 2273
1.01, 2272
1.01, 2271
1.01, 2270
1.02, 2269
1.02, 2268
1.02, 2267
1.02, 2266
1.03, 2265
1.03, 2264
1.03, 2263
1.03, 2262
1.04, 2261
1.04, 2260
1.04, 2259
1.05, 2258
1.10, 2257
1.10, 2256
1.32, 2255
1.44, 2254
1.58, 2253
1.72, 2252
1.87, 2251
1.94, 2250
2.01, 2249
2.04, 2248
2.15, 2247
2.21, 2246
2.29, 2245
2.33, 2244
2.35, 2243
2.44, 2242
2.78, 2241
2.82, 2240
2.87, 2239
2.92, 2238
2.95, 2237
3.07, 2236
3.13, 2235
3.20, 2234
3.26, 2233
3.54, 2232
3.56, 2231
3.63, 2230
3.71, 2229
3.94, 2228
3.98, 2227
4.94, 2226
5.42, 2225
5.44, 2224
5.59, 2223
6.20, 2222
6.32, 2221
6.48, 2220
6.68, 2219
6.86, 2218
6.87, 2217
6.89, 2216
7.03, 2215
8.44, 2214
8.56, 2213
9.37, 2212
9.47, 2211
9.54, 2210
9.55, 2209
9.78, 2208
11.42, 2207
12.26, 2206
24.51, 2205
133.49, 2204
142.58, 2203
