1.41, 2277
1.42, 2276
1.42, 2275
1.42, 2274
1.43, 2273
1.43, 2272
1.43, 2271
1.43, 2270
1.44, 2269
1.44, 2268
1.44, 2267
1.45, 2266
1.45, 2265
1.45, 2264
1.46, 2263
1.46, 2262
1.46, 2261
1.47, 2260
1.47, 2259
1.47, 2258
1.51, 2257
1.52, 2256
1.68, 2255
1.76, 2254
1.89, 2253
2.03, 2252
2.17, 2251
2.24, 2250
2.26, 2249
2.29, 2248
2.33, 2247
2.36, 2246
2.40, 2245
2.46, 2244
2.50, 2243
2.52, 2242
2.59, 2241
2.90, 2240
2.94, 2239
2.99, 2238
3.05, 2237
3.09, 2236
3.17, 2235
3.19, 2234
3.61, 2233
3.68, 2232
3.70, 2231
3.73, 2230
3.79, 2229
4.02, 2228
4.08, 2227
4.28, 2226
4.30, 2225
5.28, 2224
5.34, 2223
5.61, 2222
5.65, 2221
6.37, 2220
6.63, 2219
6.69, 2218
6.81, 2217
7.00, 2216
7.01, 2215
7.03, 2214
7.17, 2213
8.44, 2212
9.28, 2211
9.37, 2210
9.43, 2209
9.45, 2208
9.62, 2207
9.94, 2206
18.15, 2205
25.37, 2204
28.39, 2203
