24.14, 2276
24.21, 2275
24.77, 2274
25.39, 2273
26.03, 2272
26.69, 2271
27.58, 2270
27.61, 2269
28.04, 2268
29.55, 2267
30.12, 2266
31.53, 2265
31.76, 2264
32.15, 2263
33.11, 2262
33.71, 2261
34.81, 2260
34.96, 2259
35.34, 2258
36.99, 2257
38.70, 2256
39.31, 2255
39.32, 2254
39.64, 2253
39.76, 2252
39.85, 2251
40.36, 2250
42.97, 2249
45.48, 2248
45.95, 2247
47.80, 2246
47.98, 2245
48.55, 2244
49.89, 2243
52.33, 2242
53.26, 2241
54.23, 2240
55.55, 2239
56.02, 2238
58.41, 2237
58.91, 2236
60.31, 2235
63.90, 2234
64.70, 2233
66.73, 2232
67.38, 2231
67.75, 2230
68.11, 2229
73.71, 2228
77.22, 2227
82.36, 2226
83.05, 2225
85.33, 2224
88.05, 2223
88.16, 2222
89.90, 2221
92.76, 2220
97.46, 2219
103.67, 2218
