1.56, 2277
1.57, 2276
1.57, 2275
1.57, 2274
1.58, 2273
1.58, 2272
1.58, 2271
1.58, 2270
1.59, 2269
1.59, 2268
1.59, 2267
1.59, 2266
1.60, 2265
1.60, 2264
1.60, 2263
1.60, 2262
1.61, 2261
1.61, 2260
1.61, 2259
1.62, 2258
1.66, 2257
1.67, 2256
1.83, 2255
1.90, 2254
2.01, 2253
2.13, 2252
2.32, 2251
2.38, 2250
2.41, 2249
2.47, 2248
2.51, 2247
2.57, 2246
2.60, 2245
2.64, 2244
2.70, 2243
2.72, 2242
2.81, 2241
3.13, 2240
3.16, 2239
3.20, 2238
3.25, 2237
3.30, 2236
3.42, 2235
3.47, 2234
3.58, 2233
3.72, 2232
3.89, 2231
3.96, 2230
3.98, 2229
4.00, 2228
4.08, 2227
4.31, 2226
4.39, 2225
5.42, 2224
5.75, 2223
5.84, 2222
5.91, 2221
6.60, 2220
6.72, 2219
6.94, 2218
7.15, 2217
8.67, 2216
9.25, 2215
9.25, 2214
9.27, 2213
9.35, 2212
9.59, 2211
9.70, 2210
9.77, 2209
9.77, 2208
9.97, 2207
10.18, 2206
11.65, 2205
17.94, 2204
19.63, 2203
