25.62, 2276
26.38, 2275
26.62, 2274
27.28, 2273
29.91, 2272
30.64, 2271
31.57, 2270
32.78, 2269
34.56, 2268
35.67, 2267
37.48, 2266
37.81, 2265
38.69, 2264
39.50, 2263
40.63, 2262
40.97, 2261
41.48, 2260
43.21, 2259
45.05, 2258
47.34, 2257
47.93, 2256
47.99, 2255
48.82, 2254
49.79, 2253
50.20, 2252
51.04, 2251
51.54, 2250
53.92, 2249
54.71, 2248
57.05, 2247
58.75, 2246
61.18, 2245
62.78, 2244
64.60, 2243
65.87, 2242
67.08, 2241
67.52, 2240
68.05, 2239
70.57, 2238
70.83, 2237
71.26, 2236
71.97, 2235
72.98, 2234
74.13, 2233
75.65, 2232
78.83, 2231
81.80, 2230
82.67, 2229
85.49, 2228
86.14, 2227
86.25, 2226
90.18, 2225
92.98, 2224
94.14, 2223
97.62, 2222
98.26, 2221
101.91, 2220
105.40, 2219
