26.08, 2276
26.21, 2275
27.38, 2274
27.77, 2273
27.85, 2272
28.02, 2271
28.09, 2270
28.63, 2269
28.74, 2268
29.68, 2267
29.74, 2266
31.45, 2265
33.91, 2264
34.29, 2263
34.47, 2262
35.49, 2261
35.78, 2260
36.50, 2259
36.76, 2258
36.93, 2257
38.55, 2256
39.90, 2255
40.04, 2254
40.96, 2253
41.29, 2252
43.32, 2251
43.51, 2250
43.78, 2249
44.52, 2248
45.10, 2247
45.39, 2246
49.71, 2245
52.08, 2244
53.63, 2243
53.93, 2242
55.86, 2241
57.06, 2240
57.17, 2239
61.21, 2238
62.17, 2237
62.80, 2236
62.87, 2235
66.25, 2234
67.60, 2233
72.20, 2232
73.21, 2231
74.18, 2230
74.21, 2229
83.05, 2228
84.03, 2227
86.31, 2226
87.61, 2225
90.34, 2224
91.16, 2223
93.46, 2222
97.28, 2221
98.45, 2220
99.62, 2219
100.42, 2218
101.01, 2217
105.51, 2216
