2.16, 2276
25.50, 2275
25.86, 2274
26.10, 2273
26.26, 2272
26.77, 2271
26.84, 2270
27.85, 2269
28.14, 2268
28.66, 2267
29.26, 2266
30.92, 2265
32.34, 2264
32.38, 2263
32.94, 2262
33.96, 2261
34.12, 2260
35.15, 2259
36.68, 2258
36.79, 2257
36.90, 2256
38.15, 2255
38.40, 2254
38.44, 2253
38.95, 2252
39.05, 2251
39.87, 2250
40.18, 2249
40.63, 2248
40.87, 2247
41.15, 2246
41.43, 2245
41.74, 2244
42.13, 2243
43.88, 2242
45.40, 2241
45.80, 2240
45.90, 2239
47.28, 2238
51.01, 2237
54.46, 2236
57.75, 2235
61.79, 2234
62.35, 2233
64.63, 2232
67.72, 2231
68.04, 2230
70.79, 2229
72.20, 2228
80.10, 2227
81.67, 2226
85.78, 2225
86.93, 2224
88.89, 2223
91.67, 2222
94.55, 2221
100.54, 2220
104.01, 2219
