1.58, 2277
1.59, 2276
1.59, 2275
1.59, 2274
1.59, 2273
1.60, 2272
1.60, 2271
1.60, 2270
1.60, 2269
1.61, 2268
1.61, 2267
1.61, 2266
1.62, 2265
1.62, 2264
1.62, 2263
1.62, 2262
1.63, 2261
1.63, 2260
1.63, 2259
1.64, 2258
1.68, 2257
1.69, 2256
1.87, 2255
1.97, 2254
2.07, 2253
2.13, 2252
2.62, 2251
2.68, 2250
2.71, 2249
2.75, 2248
2.86, 2247
2.91, 2246
2.97, 2245
3.02, 2244
3.04, 2243
3.10, 2242
3.40, 2241
3.45, 2240
3.48, 2239
3.52, 2238
3.55, 2237
3.66, 2236
3.68, 2235
3.78, 2234
4.06, 2233
4.12, 2232
4.14, 2231
4.21, 2230
4.26, 2229
4.50, 2228
4.56, 2227
5.71, 2226
5.75, 2225
5.83, 2224
5.94, 2223
6.53, 2222
6.88, 2221
6.93, 2220
7.08, 2219
7.27, 2218
7.29, 2217
7.30, 2216
7.38, 2215
9.00, 2214
9.71, 2213
9.77, 2212
9.78, 2211
9.99, 2210
10.19, 2209
12.24, 2208
19.06, 2207
19.48, 2206
24.95, 2205
30.33, 2204
77.19, 2203
