1.20, 2277
1.21, 2276
1.21, 2275
1.21, 2274
1.21, 2273
1.22, 2272
1.22, 2271
1.22, 2270
1.23, 2269
1.23, 2268
1.23, 2267
1.23, 2266
1.24, 2265
1.24, 2264
1.24, 2263
1.24, 2262
1.25, 2261
1.25, 2260
1.25, 2259
1.26, 2258
1.31, 2257
1.32, 2256
1.56, 2255
1.66, 2254
1.80, 2253
1.93, 2252
2.14, 2251
2.19, 2250
2.21, 2249
2.26, 2248
2.38, 2247
2.45, 2246
2.50, 2245
2.54, 2244
2.55, 2243
2.62, 2242
2.99, 2241
3.05, 2240
3.10, 2239
3.16, 2238
3.20, 2237
3.34, 2236
3.35, 2235
3.72, 2234
3.83, 2233
3.84, 2232
3.91, 2231
3.99, 2230
4.27, 2229
4.31, 2228
4.33, 2227
5.26, 2226
5.42, 2225
5.81, 2224
5.90, 2223
6.02, 2222
6.65, 2221
6.76, 2220
6.77, 2219
7.09, 2218
7.25, 2217
7.27, 2216
7.28, 2215
8.73, 2214
8.75, 2213
9.37, 2212
9.48, 2211
9.62, 2210
9.68, 2209
9.68, 2208
9.83, 2207
24.89, 2206
25.60, 2205
36.37, 2204
89.54, 2203
