1.44, 2277
1.45, 2276
1.45, 2275
1.45, 2274
1.46, 2273
1.46, 2272
1.46, 2271
1.47, 2270
1.47, 2269
1.47, 2268
1.47, 2267
1.48, 2266
1.48, 2265
1.48, 2264
1.49, 2263
1.49, 2262
1.49, 2261
1.50, 2260
1.50, 2259
1.50, 2258
1.54, 2257
1.55, 2256
1.72, 2255
1.85, 2254
1.96, 2253
2.07, 2252
2.24, 2251
2.33, 2250
2.38, 2249
2.43, 2248
2.55, 2247
2.58, 2246
2.63, 2245
2.69, 2244
2.71, 2243
2.78, 2242
3.05, 2241
3.08, 2240
3.12, 2239
3.18, 2238
3.19, 2237
3.32, 2236
3.34, 2235
3.68, 2234
3.70, 2233
3.74, 2232
3.83, 2231
4.04, 2230
4.13, 2229
4.33, 2228
4.35, 2227
4.45, 2226
5.24, 2225
5.50, 2224
5.57, 2223
6.47, 2222
6.55, 2221
6.72, 2220
6.99, 2219
7.15, 2218
7.15, 2217
7.17, 2216
7.55, 2215
9.11, 2214
9.47, 2213
9.61, 2212
9.70, 2211
9.75, 2210
9.75, 2209
9.97, 2208
12.18, 2207
17.63, 2206
19.38, 2205
22.16, 2204
43.52, 2203
