24.80, 2276
24.91, 2275
25.33, 2274
26.60, 2273
26.78, 2272
27.09, 2271
27.41, 2270
28.16, 2269
28.57, 2268
28.66, 2267
28.89, 2266
29.11, 2265
29.94, 2264
30.46, 2263
30.86, 2262
31.49, 2261
31.95, 2260
32.22, 2259
32.38, 2258
33.06, 2257
33.70, 2256
34.60, 2255
34.78, 2254
34.81, 2253
35.09, 2252
35.33, 2251
35.92, 2250
36.33, 2249
38.36, 2248
38.76, 2247
39.00, 2246
39.53, 2245
39.87, 2244
40.91, 2243
41.47, 2242
42.11, 2241
42.61, 2240
48.16, 2239
49.68, 2238
51.58, 2237
53.08, 2236
53.55, 2235
56.44, 2234
57.31, 2233
57.43, 2232
59.62, 2231
60.78, 2230
62.94, 2229
63.42, 2228
63.66, 2227
64.77, 2226
68.01, 2225
70.93, 2224
71.53, 2223
73.60, 2222
75.27, 2221
76.91, 2220
78.26, 2219
83.80, 2218
97.43, 2217
