49.44, 4696
53.25, 4695
53.33, 4694
54.44, 4693
54.69, 4692
54.87, 4691
56.14, 4690
56.59, 4689
58.36, 4688
59.11, 4687
59.98, 4686
60.64, 4685
63.84, 4684
64.57, 4683
64.82, 4682
68.23, 4681
70.42, 4680
70.46, 4679
73.07, 4678
73.70, 4677
75.13, 4676
76.10, 4675
77.03, 4674
77.07, 4673
79.18, 4672
81.59, 4671
82.20, 4670
82.84, 4669
84.67, 4668
86.51, 4667
89.89, 4666
90.98, 4665
94.70, 4664
94.78, 4663
95.00, 4662
96.86, 4661
97.02, 4660
97.70, 4659
98.37, 4658
101.69, 4657
102.05, 4656
105.10, 4655
105.60, 4654
106.86, 4653
110.70, 4652
111.88, 4651
113.07, 4650
113.93, 4649
113.97, 4648
119.89, 4647
121.42, 4646
127.76, 4645
131.31, 4644
131.31, 4643
132.53, 4642
135.66, 4641
136.01, 4640
138.78, 4639
139.50, 4638
141.14, 4637
144.05, 4636
148.13, 4635
152.75, 4634
153.30, 4633
155.00, 4632
158.38, 4631
162.86, 4630
166.05, 4629
167.82, 4628
169.98, 4627
171.25, 4626
171.27, 4625
172.77, 4624
180.81, 4623
185.34, 4622
188.02, 4621
189.57, 4620
192.24, 4619
193.90, 4618
198.67, 4617
203.94, 4616
213.75, 4615
214.71, 4614
219.81, 4613
219.86, 4612
222.45, 4611
224.13, 4610
225.98, 4609
226.57, 4608
