68.12, 4696
70.74, 4695
71.11, 4694
71.42, 4693
71.63, 4692
73.78, 4691
73.84, 4690
74.35, 4689
74.38, 4688
74.91, 4687
76.97, 4686
78.70, 4685
78.99, 4684
79.13, 4683
79.28, 4682
80.35, 4681
81.91, 4680
82.48, 4679
83.27, 4678
83.99, 4677
85.50, 4676
85.52, 4675
86.40, 4674
88.29, 4673
89.58, 4672
90.70, 4671
90.84, 4670
92.85, 4669
93.92, 4668
94.30, 4667
94.77, 4666
97.56, 4665
99.27, 4664
102.01, 4663
102.59, 4662
105.38, 4661
107.81, 4660
110.84, 4659
112.60, 4658
112.76, 4657
112.85, 4656
114.50, 4655
117.09, 4654
118.46, 4653
120.68, 4652
120.86, 4651
121.10, 4650
121.18, 4649
124.72, 4648
125.93, 4647
126.12, 4646
127.12, 4645
127.21, 4644
129.09, 4643
131.86, 4642
133.26, 4641
137.45, 4640
137.92, 4639
138.31, 4638
145.86, 4637
146.60, 4636
148.11, 4635
148.15, 4634
148.76, 4633
150.40, 4632
152.86, 4631
153.90, 4630
155.13, 4629
156.47, 4628
156.78, 4627
158.79, 4626
161.93, 4625
164.54, 4624
166.18, 4623
171.75, 4622
176.21, 4621
198.76, 4620
199.96, 4619
204.09, 4618
204.40, 4617
207.40, 4616
208.76, 4615
209.03, 4614
209.95, 4613
210.11, 4612
213.34, 4611
213.39, 4610
214.16, 4609
214.88, 4608
214.92, 4607
218.69, 4606
221.67, 4605
226.23, 4604
230.07, 4603
231.31, 4602
232.89, 4601
