6.49, 4697
6.55, 4696
6.58, 4695
6.60, 4694
6.62, 4693
6.65, 4692
6.69, 4691
6.73, 4690
6.76, 4689
6.79, 4688
6.83, 4687
6.87, 4686
6.90, 4685
6.92, 4684
6.94, 4683
6.97, 4682
7.00, 4681
7.02, 4680
7.04, 4679
7.07, 4678
7.09, 4677
7.12, 4676
7.14, 4675
7.17, 4674
7.19, 4673
7.22, 4672
7.24, 4671
7.27, 4670
7.30, 4669
7.34, 4668
7.39, 4667
7.43, 4666
7.46, 4665
7.50, 4664
7.53, 4663
7.56, 4662
7.60, 4661
7.64, 4660
7.66, 4659
7.69, 4658
7.71, 4657
7.74, 4656
7.79, 4655
7.82, 4654
7.85, 4653
8.00, 4652
8.16, 4651
8.59, 4650
8.81, 4649
9.42, 4648
9.63, 4647
9.93, 4646
10.51, 4645
10.56, 4644
11.08, 4643
11.67, 4642
11.98, 4641
12.25, 4640
12.28, 4639
12.30, 4638
12.49, 4637
13.23, 4636
13.31, 4635
13.44, 4634
13.65, 4633
14.39, 4632
15.03, 4631
15.93, 4630
16.00, 4629
17.00, 4628
17.90, 4627
17.99, 4626
18.89, 4625
19.00, 4624
19.58, 4623
20.21, 4622
20.44, 4621
20.54, 4620
20.57, 4619
21.10, 4618
21.57, 4617
21.99, 4616
22.10, 4615
22.41, 4614
22.93, 4613
24.10, 4612
24.42, 4611
24.70, 4610
24.98, 4609
25.21, 4608
25.82, 4607
26.57, 4606
26.97, 4605
28.09, 4604
28.11, 4603
29.91, 4602
30.13, 4601
30.91, 4600
30.93, 4599
31.20, 4598
31.91, 4597
32.37, 4596
32.99, 4595
35.43, 4594
35.92, 4593
35.95, 4592
36.07, 4591
36.32, 4590
36.41, 4589
37.42, 4588
39.77, 4587
40.02, 4586
40.55, 4585
41.25, 4584
41.28, 4583
41.44, 4582
41.64, 4581
42.12, 4580
43.16, 4579
44.51, 4578
45.43, 4577
45.64, 4576
47.18, 4575
48.92, 4574
50.13, 4573
51.69, 4572
52.65, 4571
53.12, 4570
53.53, 4569
54.41, 4568
62.85, 4567
62.94, 4566
75.60, 4565
77.54, 4564
107.91, 4563
108.16, 4562
110.21, 4561
112.68, 4560
117.60, 4559
121.18, 4558
123.94, 4557
124.38, 4556
124.40, 4555
131.95, 4554
132.04, 4553
134.04, 4552
143.51, 4551
144.65, 4550
146.65, 4549
217.87, 4548
225.91, 4547
238.92, 4546
309.49, 4545
327.17, 4544
