6.71, 4697
6.75, 4696
6.78, 4695
6.79, 4694
6.83, 4693
6.86, 4692
6.87, 4691
6.89, 4690
6.92, 4689
6.95, 4688
6.97, 4687
7.00, 4686
7.03, 4685
7.04, 4684
7.08, 4683
7.11, 4682
7.12, 4681
7.15, 4680
7.17, 4679
7.22, 4678
7.23, 4677
7.28, 4676
7.31, 4675
7.34, 4674
7.37, 4673
7.40, 4672
7.44, 4671
7.48, 4670
7.50, 4669
7.53, 4668
7.56, 4667
7.59, 4666
7.61, 4665
7.66, 4664
7.69, 4663
7.72, 4662
7.75, 4661
7.77, 4660
7.80, 4659
7.83, 4658
7.86, 4657
7.89, 4656
7.91, 4655
7.95, 4654
7.98, 4653
8.12, 4652
8.39, 4651
8.82, 4650
8.96, 4649
9.48, 4648
9.68, 4647
10.00, 4646
10.34, 4645
10.53, 4644
11.00, 4643
11.39, 4642
12.00, 4641
12.15, 4640
12.18, 4639
12.26, 4638
12.38, 4637
13.39, 4636
13.43, 4635
13.58, 4634
13.80, 4633
14.48, 4632
14.83, 4631
15.61, 4630
15.67, 4629
16.55, 4628
17.23, 4627
17.48, 4626
17.61, 4625
18.30, 4624
18.57, 4623
19.21, 4622
19.85, 4621
20.06, 4620
20.08, 4619
20.19, 4618
20.74, 4617
21.18, 4616
21.38, 4615
21.57, 4614
21.97, 4613
22.45, 4612
23.50, 4611
23.64, 4610
24.10, 4609
24.21, 4608
24.45, 4607
24.70, 4606
24.86, 4605
25.11, 4604
25.94, 4603
27.00, 4602
27.14, 4601
28.47, 4600
28.50, 4599
29.31, 4598
29.47, 4597
29.70, 4596
30.40, 4595
30.52, 4594
33.24, 4593
33.45, 4592
33.58, 4591
33.93, 4590
34.03, 4589
35.54, 4588
36.11, 4587
38.66, 4586
39.16, 4585
39.59, 4584
39.84, 4583
39.94, 4582
40.35, 4581
41.13, 4580
41.22, 4579
42.41, 4578
43.19, 4577
43.46, 4576
43.72, 4575
44.42, 4574
44.96, 4573
45.03, 4572
46.60, 4571
46.90, 4570
47.85, 4569
48.81, 4568
51.37, 4567
51.88, 4566
52.41, 4565
53.20, 4564
93.80, 4563
95.46, 4562
100.16, 4561
102.39, 4560
103.68, 4559
118.58, 4558
119.42, 4557
124.64, 4556
128.13, 4555
145.71, 4554
147.07, 4553
148.37, 4552
152.06, 4551
203.73, 4550
246.58, 4549
294.37, 4548
305.66, 4547
309.50, 4546
310.38, 4545
442.19, 4544
