6.17, 4697
6.21, 4696
6.23, 4695
6.26, 4694
6.28, 4693
6.30, 4692
6.33, 4691
6.37, 4690
6.39, 4689
6.43, 4688
6.47, 4687
6.50, 4686
6.52, 4685
6.55, 4684
6.57, 4683
6.60, 4682
6.63, 4681
6.65, 4680
6.68, 4679
6.70, 4678
6.73, 4677
6.75, 4676
6.78, 4675
6.80, 4674
6.83, 4673
6.89, 4672
6.93, 4671
6.95, 4670
6.98, 4669
7.01, 4668
7.03, 4667
7.06, 4666
7.09, 4665
7.11, 4664
7.13, 4663
7.15, 4662
7.18, 4661
7.20, 4660
7.23, 4659
7.25, 4658
7.28, 4657
7.30, 4656
7.32, 4655
7.34, 4654
7.37, 4653
7.51, 4652
7.64, 4651
8.14, 4650
8.44, 4649
8.84, 4648
9.00, 4647
9.26, 4646
9.49, 4645
9.72, 4644
10.24, 4643
10.61, 4642
11.01, 4641
11.20, 4640
11.23, 4639
11.36, 4638
11.38, 4637
12.15, 4636
12.17, 4635
12.26, 4634
12.69, 4633
13.12, 4632
13.66, 4631
14.41, 4630
14.48, 4629
15.49, 4628
16.02, 4627
16.23, 4626
16.38, 4625
17.19, 4624
17.48, 4623
17.84, 4622
18.36, 4621
18.47, 4620
18.54, 4619
18.73, 4618
19.02, 4617
19.39, 4616
19.59, 4615
19.65, 4614
19.99, 4613
20.55, 4612
21.58, 4611
21.67, 4610
21.99, 4609
22.01, 4608
22.33, 4607
22.60, 4606
22.62, 4605
23.07, 4604
24.37, 4603
25.37, 4602
25.45, 4601
26.85, 4600
27.17, 4599
28.09, 4598
28.18, 4597
28.30, 4596
28.71, 4595
28.91, 4594
31.62, 4593
31.90, 4592
31.97, 4591
32.07, 4590
32.25, 4589
33.27, 4588
33.60, 4587
35.49, 4586
35.77, 4585
36.04, 4584
36.26, 4583
37.05, 4582
37.17, 4581
37.57, 4580
38.36, 4579
38.72, 4578
39.20, 4577
40.30, 4576
41.20, 4575
42.59, 4574
44.23, 4573
44.49, 4572
45.10, 4571
45.33, 4570
45.88, 4569
48.09, 4568
49.05, 4567
49.15, 4566
49.81, 4565
50.37, 4564
50.75, 4563
51.34, 4562
58.78, 4561
59.88, 4560
78.16, 4559
98.90, 4558
102.94, 4557
111.56, 4556
112.89, 4555
116.29, 4554
123.93, 4553
124.53, 4552
124.66, 4551
135.49, 4550
141.83, 4549
143.09, 4548
208.41, 4547
236.38, 4546
242.67, 4545
260.90, 4544
345.05, 4543
