50.08, 4696
50.24, 4695
51.93, 4694
52.58, 4693
52.66, 4692
52.88, 4691
57.29, 4690
58.16, 4689
58.57, 4688
59.42, 4687
60.82, 4686
60.92, 4685
61.88, 4684
62.39, 4683
62.45, 4682
62.55, 4681
62.64, 4680
63.09, 4679
64.12, 4678
64.20, 4677
64.58, 4676
66.72, 4675
67.57, 4674
68.12, 4673
68.21, 4672
69.01, 4671
69.99, 4670
72.13, 4669
72.54, 4668
76.30, 4667
77.65, 4666
78.07, 4665
81.85, 4664
82.58, 4663
82.63, 4662
83.39, 4661
84.94, 4660
85.75, 4659
86.09, 4658
89.40, 4657
91.23, 4656
92.66, 4655
94.44, 4654
97.03, 4653
97.58, 4652
102.14, 4651
103.28, 4650
104.13, 4649
104.94, 4648
107.97, 4647
108.18, 4646
113.31, 4645
113.45, 4644
113.78, 4643
116.00, 4642
116.09, 4641
116.72, 4640
120.95, 4639
121.16, 4638
124.82, 4637
125.40, 4636
129.21, 4635
132.78, 4634
139.72, 4633
141.12, 4632
148.18, 4631
150.32, 4630
153.32, 4629
157.27, 4628
162.26, 4627
162.31, 4626
164.33, 4625
166.51, 4624
168.63, 4623
169.12, 4622
170.24, 4621
174.29, 4620
175.68, 4619
175.79, 4618
178.87, 4617
180.22, 4616
186.48, 4615
190.47, 4614
193.24, 4613
193.53, 4612
201.21, 4611
207.24, 4610
209.64, 4609
210.23, 4608
210.67, 4607
213.02, 4606
213.65, 4605
213.79, 4604
224.43, 4603
226.72, 4602
