5.89, 4697
5.94, 4696
5.96, 4695
5.98, 4694
6.00, 4693
6.03, 4692
6.05, 4691
6.07, 4690
6.09, 4689
6.12, 4688
6.14, 4687
6.16, 4686
6.20, 4685
6.22, 4684
6.25, 4683
6.27, 4682
6.30, 4681
6.33, 4680
6.35, 4679
6.38, 4678
6.40, 4677
6.43, 4676
6.47, 4675
6.49, 4674
6.52, 4673
6.54, 4672
6.56, 4671
6.59, 4670
6.61, 4669
6.64, 4668
6.66, 4667
6.68, 4666
6.71, 4665
6.73, 4664
6.76, 4663
6.78, 4662
6.81, 4661
6.83, 4660
6.85, 4659
6.88, 4658
6.90, 4657
6.92, 4656
6.95, 4655
6.97, 4654
7.00, 4653
7.11, 4652
7.25, 4651
7.82, 4650
7.92, 4649
8.32, 4648
8.54, 4647
8.88, 4646
9.07, 4645
9.28, 4644
9.77, 4643
10.11, 4642
10.47, 4641
10.69, 4640
10.71, 4639
10.74, 4638
10.87, 4637
11.54, 4636
11.57, 4635
11.66, 4634
11.81, 4633
12.40, 4632
13.11, 4631
13.83, 4630
13.98, 4629
14.76, 4628
15.40, 4627
15.54, 4626
16.23, 4625
16.59, 4624
16.99, 4623
17.54, 4622
17.69, 4621
17.79, 4620
17.81, 4619
18.28, 4618
18.69, 4617
19.00, 4616
19.08, 4615
19.38, 4614
19.84, 4613
20.82, 4612
21.00, 4611
21.23, 4610
21.41, 4609
21.68, 4608
21.94, 4607
22.01, 4606
22.36, 4605
23.33, 4604
24.30, 4603
24.37, 4602
25.65, 4601
25.93, 4600
26.53, 4599
26.55, 4598
26.76, 4597
27.39, 4596
27.65, 4595
28.10, 4594
30.60, 4593
30.89, 4592
30.92, 4591
31.06, 4590
31.23, 4589
32.20, 4588
34.38, 4587
34.58, 4586
35.10, 4585
35.19, 4584
35.29, 4583
35.59, 4582
36.35, 4581
36.38, 4580
36.77, 4579
37.18, 4578
38.14, 4577
38.59, 4576
38.74, 4575
39.92, 4574
40.29, 4573
42.02, 4572
42.62, 4571
43.13, 4570
43.81, 4569
44.63, 4568
45.22, 4567
46.13, 4566
47.13, 4565
47.74, 4564
54.50, 4563
57.25, 4562
58.11, 4561
69.70, 4560
86.20, 4559
98.17, 4558
99.82, 4557
100.71, 4556
101.65, 4555
110.71, 4554
116.38, 4553
135.18, 4552
178.05, 4551
203.15, 4550
204.63, 4549
210.50, 4548
220.74, 4547
267.26, 4546
273.68, 4545
277.80, 4544
381.39, 4543
