10.46, 4696
51.72, 4695
52.56, 4694
54.01, 4693
54.38, 4692
55.38, 4691
56.38, 4690
57.04, 4689
59.23, 4688
60.48, 4687
60.79, 4686
62.52, 4685
62.58, 4684
62.73, 4683
63.42, 4682
63.65, 4681
63.84, 4680
64.20, 4679
66.16, 4678
66.21, 4677
67.34, 4676
67.81, 4675
68.18, 4674
69.29, 4673
71.20, 4672
71.58, 4671
71.90, 4670
72.73, 4669
72.75, 4668
74.35, 4667
76.89, 4666
78.31, 4665
81.11, 4664
84.71, 4663
87.02, 4662
87.16, 4661
87.47, 4660
87.61, 4659
88.15, 4658
89.28, 4657
90.78, 4656
92.46, 4655
93.32, 4654
97.63, 4653
98.86, 4652
101.93, 4651
102.70, 4650
103.46, 4649
103.54, 4648
107.03, 4647
107.21, 4646
107.79, 4645
107.83, 4644
108.53, 4643
109.38, 4642
110.07, 4641
116.54, 4640
121.16, 4639
126.95, 4638
128.45, 4637
132.32, 4636
134.89, 4635
139.54, 4634
140.92, 4633
146.67, 4632
147.38, 4631
148.49, 4630
149.63, 4629
151.34, 4628
158.84, 4627
162.88, 4626
163.26, 4625
169.93, 4624
171.64, 4623
171.75, 4622
176.33, 4621
177.63, 4620
178.13, 4619
178.57, 4618
178.85, 4617
182.03, 4616
184.69, 4615
187.20, 4614
188.37, 4613
188.51, 4612
189.53, 4611
189.55, 4610
191.28, 4609
192.58, 4608
199.31, 4607
208.68, 4606
211.92, 4605
214.74, 4604
216.37, 4603
220.95, 4602
222.48, 4601
222.51, 4600
225.75, 4599
226.31, 4598
226.82, 4597
