48.16, 4696
48.98, 4695
49.47, 4694
52.01, 4693
52.02, 4692
52.11, 4691
55.23, 4690
60.41, 4689
62.12, 4688
62.44, 4687
63.78, 4686
65.24, 4685
65.60, 4684
65.66, 4683
66.29, 4682
66.55, 4681
66.89, 4680
68.72, 4679
69.38, 4678
69.53, 4677
69.81, 4676
70.44, 4675
70.88, 4674
76.64, 4673
76.69, 4672
78.38, 4671
82.34, 4670
84.98, 4669
86.46, 4668
87.11, 4667
88.79, 4666
91.92, 4665
95.11, 4664
98.68, 4663
100.06, 4662
103.03, 4661
106.37, 4660
109.21, 4659
110.40, 4658
111.80, 4657
112.00, 4656
115.84, 4655
117.18, 4654
119.25, 4653
119.62, 4652
122.01, 4651
123.22, 4650
127.40, 4649
127.69, 4648
130.31, 4647
134.59, 4646
136.43, 4645
137.56, 4644
138.69, 4643
139.35, 4642
140.08, 4641
145.43, 4640
146.28, 4639
147.21, 4638
148.32, 4637
149.12, 4636
152.19, 4635
154.33, 4634
158.57, 4633
159.32, 4632
161.64, 4631
166.17, 4630
166.80, 4629
168.13, 4628
169.01, 4627
172.69, 4626
179.20, 4625
181.70, 4624
183.61, 4623
184.57, 4622
185.60, 4621
186.37, 4620
192.73, 4619
193.11, 4618
195.49, 4617
195.68, 4616
196.09, 4615
197.06, 4614
201.44, 4613
202.13, 4612
202.17, 4611
202.26, 4610
202.87, 4609
203.41, 4608
205.50, 4607
207.72, 4606
208.00, 4605
210.16, 4604
211.35, 4603
220.94, 4602
