6.28, 4697
6.34, 4696
6.37, 4695
6.39, 4694
6.41, 4693
6.44, 4692
6.46, 4691
6.48, 4690
6.51, 4689
6.53, 4688
6.55, 4687
6.58, 4686
6.60, 4685
6.62, 4684
6.65, 4683
6.68, 4682
6.72, 4681
6.75, 4680
6.79, 4679
6.81, 4678
6.84, 4677
6.86, 4676
6.88, 4675
6.92, 4674
6.94, 4673
6.97, 4672
6.99, 4671
7.01, 4670
7.04, 4669
7.06, 4668
7.09, 4667
7.11, 4666
7.13, 4665
7.15, 4664
7.18, 4663
7.20, 4662
7.23, 4661
7.25, 4660
7.28, 4659
7.30, 4658
7.33, 4657
7.35, 4656
7.38, 4655
7.40, 4654
7.43, 4653
7.56, 4652
7.78, 4651
8.17, 4650
8.36, 4649
8.93, 4648
9.01, 4647
9.58, 4646
9.70, 4645
9.96, 4644
10.42, 4643
10.84, 4642
11.24, 4641
11.42, 4640
11.45, 4639
11.56, 4638
11.59, 4637
12.40, 4636
12.56, 4635
12.61, 4634
12.77, 4633
13.44, 4632
14.01, 4631
14.77, 4630
15.07, 4629
15.97, 4628
16.53, 4627
16.98, 4626
17.05, 4625
17.99, 4624
18.15, 4623
18.71, 4622
19.22, 4621
19.58, 4620
19.62, 4619
19.74, 4618
20.14, 4617
20.53, 4616
20.92, 4615
21.00, 4614
21.33, 4613
21.86, 4612
23.11, 4611
23.28, 4610
23.61, 4609
23.93, 4608
24.29, 4607
24.84, 4606
25.35, 4605
25.80, 4604
27.01, 4603
27.03, 4602
28.24, 4601
28.63, 4600
29.27, 4599
29.37, 4598
29.67, 4597
30.30, 4596
30.64, 4595
31.21, 4594
33.80, 4593
34.15, 4592
34.30, 4591
34.39, 4590
34.53, 4589
34.76, 4588
35.95, 4587
36.38, 4586
38.69, 4585
38.98, 4584
39.01, 4583
40.11, 4582
40.30, 4581
40.54, 4580
40.82, 4579
41.08, 4578
41.91, 4577
43.02, 4576
43.30, 4575
43.65, 4574
45.28, 4573
47.20, 4572
47.99, 4571
48.34, 4570
50.01, 4569
51.22, 4568
51.58, 4567
52.55, 4566
53.02, 4565
53.16, 4564
54.03, 4563
61.03, 4562
63.76, 4561
71.15, 4560
98.54, 4559
98.74, 4558
105.37, 4557
111.08, 4556
113.31, 4555
116.32, 4554
116.53, 4553
117.15, 4552
126.33, 4551
127.21, 4550
145.74, 4549
149.61, 4548
154.83, 4547
157.16, 4546
157.29, 4545
209.80, 4544
466.95, 4543
