48.09, 4696
52.73, 4695
53.65, 4694
54.51, 4693
57.65, 4692
59.09, 4691
59.35, 4690
61.25, 4689
61.40, 4688
64.63, 4687
69.13, 4686
69.92, 4685
71.15, 4684
72.28, 4683
73.89, 4682
75.85, 4681
77.64, 4680
78.96, 4679
79.49, 4678
79.76, 4677
80.17, 4676
81.21, 4675
82.97, 4674
84.15, 4673
86.58, 4672
88.22, 4671
92.01, 4670
94.29, 4669
99.96, 4668
105.31, 4667
107.85, 4666
109.62, 4665
109.64, 4664
110.52, 4663
111.78, 4662
115.36, 4661
115.90, 4660
116.44, 4659
119.15, 4658
119.63, 4657
119.98, 4656
121.33, 4655
121.80, 4654
122.77, 4653
124.22, 4652
126.89, 4651
128.05, 4650
133.17, 4649
133.46, 4648
137.16, 4647
139.95, 4646
141.46, 4645
141.91, 4644
146.41, 4643
147.15, 4642
151.12, 4641
151.51, 4640
154.72, 4639
156.09, 4638
162.25, 4637
162.67, 4636
164.75, 4635
164.92, 4634
167.00, 4633
167.73, 4632
169.55, 4631
169.83, 4630
170.94, 4629
176.48, 4628
177.85, 4627
178.55, 4626
185.90, 4625
191.86, 4624
192.03, 4623
195.16, 4622
200.04, 4621
202.96, 4620
203.41, 4619
203.78, 4618
208.40, 4617
210.61, 4616
214.17, 4615
217.03, 4614
222.92, 4613
227.16, 4612
228.31, 4611
