53.23, 4696
53.88, 4695
54.53, 4694
56.48, 4693
58.24, 4692
59.83, 4691
60.07, 4690
61.03, 4689
63.36, 4688
63.43, 4687
63.64, 4686
64.18, 4685
64.28, 4684
64.94, 4683
67.47, 4682
68.05, 4681
68.27, 4680
70.12, 4679
70.48, 4678
71.49, 4677
72.23, 4676
72.51, 4675
72.93, 4674
74.11, 4673
74.50, 4672
79.29, 4671
81.17, 4670
81.18, 4669
81.90, 4668
82.77, 4667
83.61, 4666
86.62, 4665
90.34, 4664
90.68, 4663
91.17, 4662
91.38, 4661
93.68, 4660
95.27, 4659
96.19, 4658
97.46, 4657
101.17, 4656
101.97, 4655
101.97, 4654
103.92, 4653
104.47, 4652
104.88, 4651
113.99, 4650
114.89, 4649
118.80, 4648
119.66, 4647
126.03, 4646
127.04, 4645
127.35, 4644
129.80, 4643
131.29, 4642
133.44, 4641
133.94, 4640
134.09, 4639
134.66, 4638
138.15, 4637
138.43, 4636
139.50, 4635
140.21, 4634
140.21, 4633
140.39, 4632
140.80, 4631
147.25, 4630
148.81, 4629
154.94, 4628
156.67, 4627
163.35, 4626
171.25, 4625
174.28, 4624
176.19, 4623
177.19, 4622
179.13, 4621
180.01, 4620
180.47, 4619
182.63, 4618
184.45, 4617
187.81, 4616
196.91, 4615
200.96, 4614
204.22, 4613
206.97, 4612
207.07, 4611
212.21, 4610
214.29, 4609
216.09, 4608
217.56, 4607
223.09, 4606
229.10, 4605
