6.28, 4697
6.34, 4696
6.36, 4695
6.38, 4694
6.40, 4693
6.42, 4692
6.45, 4691
6.48, 4690
6.52, 4689
6.55, 4688
6.59, 4687
6.63, 4686
6.65, 4685
6.69, 4684
6.71, 4683
6.73, 4682
6.75, 4681
6.78, 4680
6.80, 4679
6.82, 4678
6.85, 4677
6.87, 4676
6.89, 4675
6.91, 4674
6.93, 4673
6.96, 4672
6.99, 4671
7.01, 4670
7.03, 4669
7.05, 4668
7.07, 4667
7.10, 4666
7.12, 4665
7.14, 4664
7.17, 4663
7.19, 4662
7.21, 4661
7.23, 4660
7.26, 4659
7.28, 4658
7.30, 4657
7.32, 4656
7.35, 4655
7.37, 4654
7.39, 4653
7.51, 4652
7.65, 4651
8.17, 4650
8.49, 4649
9.02, 4648
9.04, 4647
9.39, 4646
9.64, 4645
9.90, 4644
10.35, 4643
10.70, 4642
11.12, 4641
11.31, 4640
11.33, 4639
11.35, 4638
11.47, 4637
12.24, 4636
12.26, 4635
12.37, 4634
12.56, 4633
13.24, 4632
13.84, 4631
14.75, 4630
14.83, 4629
15.79, 4628
16.61, 4627
16.72, 4626
17.67, 4625
17.77, 4624
18.31, 4623
18.81, 4622
19.03, 4621
19.07, 4620
19.15, 4619
19.67, 4618
20.15, 4617
20.52, 4616
20.54, 4615
20.84, 4614
21.37, 4613
22.26, 4612
22.62, 4611
22.78, 4610
23.12, 4609
23.31, 4608
23.39, 4607
23.84, 4606
24.75, 4605
25.24, 4604
26.24, 4603
26.34, 4602
27.84, 4601
27.93, 4600
28.50, 4599
28.58, 4598
28.76, 4597
29.26, 4596
29.48, 4595
32.52, 4594
32.96, 4593
33.10, 4592
34.76, 4591
34.86, 4590
36.46, 4589
37.40, 4588
38.21, 4587
38.38, 4586
38.74, 4585
39.01, 4584
39.29, 4583
39.97, 4582
41.11, 4581
41.19, 4580
41.49, 4579
42.55, 4578
43.38, 4577
44.27, 4576
44.73, 4575
45.51, 4574
46.36, 4573
46.52, 4572
47.58, 4571
47.73, 4570
48.11, 4569
49.40, 4568
49.78, 4567
50.78, 4566
50.82, 4565
51.88, 4564
56.42, 4563
60.80, 4562
101.52, 4561
108.51, 4560
120.57, 4559
123.95, 4558
124.52, 4557
125.32, 4556
131.33, 4555
132.37, 4554
139.53, 4553
143.18, 4552
183.29, 4551
198.47, 4550
211.28, 4549
294.49, 4548
421.12, 4547
424.31, 4546
430.65, 4545
453.12, 4544
513.74, 4543
