6.42, 4697
6.46, 4696
6.49, 4695
6.53, 4694
6.57, 4693
6.59, 4692
6.62, 4691
6.64, 4690
6.67, 4689
6.69, 4688
6.72, 4687
6.74, 4686
6.76, 4685
6.78, 4684
6.80, 4683
6.82, 4682
6.85, 4681
6.87, 4680
6.89, 4679
6.91, 4678
6.93, 4677
6.96, 4676
6.98, 4675
7.00, 4674
7.03, 4673
7.05, 4672
7.07, 4671
7.10, 4670
7.12, 4669
7.14, 4668
7.17, 4667
7.19, 4666
7.22, 4665
7.24, 4664
7.26, 4663
7.30, 4662
7.34, 4661
7.36, 4660
7.39, 4659
7.42, 4658
7.44, 4657
7.46, 4656
7.49, 4655
7.51, 4654
7.53, 4653
7.76, 4652
7.96, 4651
8.44, 4650
8.64, 4649
9.14, 4648
9.36, 4647
9.72, 4646
9.99, 4645
10.25, 4644
10.77, 4643
11.17, 4642
11.53, 4641
11.75, 4640
11.77, 4639
11.87, 4638
12.07, 4637
12.79, 4636
12.91, 4635
12.94, 4634
13.13, 4633
13.80, 4632
14.69, 4631
15.91, 4630
15.99, 4629
17.13, 4628
17.65, 4627
17.87, 4626
18.12, 4625
18.74, 4624
18.99, 4623
19.53, 4622
20.43, 4621
20.67, 4620
20.75, 4619
20.89, 4618
21.45, 4617
21.96, 4616
22.48, 4615
22.63, 4614
23.15, 4613
23.91, 4612
25.12, 4611
25.19, 4610
25.47, 4609
25.59, 4608
25.88, 4607
26.17, 4606
26.20, 4605
26.64, 4604
27.80, 4603
29.12, 4602
29.15, 4601
30.60, 4600
30.78, 4599
31.66, 4598
31.69, 4597
31.88, 4596
32.28, 4595
32.72, 4594
33.16, 4593
35.25, 4592
35.67, 4591
35.82, 4590
37.35, 4589
37.60, 4588
40.16, 4587
40.87, 4586
41.04, 4585
41.07, 4584
41.18, 4583
41.54, 4582
41.77, 4581
42.81, 4580
43.59, 4579
43.91, 4578
44.11, 4577
46.01, 4576
48.08, 4575
48.67, 4574
49.37, 4573
50.22, 4572
50.70, 4571
52.04, 4570
52.60, 4569
53.18, 4568
53.89, 4567
54.48, 4566
54.95, 4565
55.13, 4564
58.68, 4563
64.36, 4562
65.00, 4561
111.45, 4560
113.44, 4559
120.14, 4558
124.96, 4557
125.20, 4556
132.38, 4555
135.16, 4554
139.40, 4553
149.41, 4552
162.96, 4551
199.15, 4550
207.13, 4549
208.32, 4548
217.50, 4547
222.19, 4546
233.65, 4545
234.15, 4544
401.03, 4543
