5.97, 4697
6.01, 4696
6.04, 4695
6.06, 4694
6.08, 4693
6.11, 4692
6.13, 4691
6.15, 4690
6.18, 4689
6.20, 4688
6.22, 4687
6.25, 4686
6.27, 4685
6.29, 4684
6.32, 4683
6.34, 4682
6.36, 4681
6.39, 4680
6.41, 4679
6.43, 4678
6.46, 4677
6.48, 4676
6.50, 4675
6.52, 4674
6.55, 4673
6.57, 4672
6.59, 4671
6.62, 4670
6.64, 4669
6.66, 4668
6.69, 4667
6.71, 4666
6.74, 4665
6.76, 4664
6.78, 4663
6.80, 4662
6.83, 4661
6.85, 4660
6.87, 4659
6.89, 4658
6.92, 4657
6.94, 4656
6.96, 4655
6.99, 4654
7.01, 4653
7.17, 4652
7.27, 4651
7.67, 4650
7.85, 4649
8.29, 4648
8.48, 4647
8.79, 4646
9.02, 4645
9.19, 4644
9.62, 4643
9.97, 4642
10.35, 4641
10.54, 4640
10.56, 4639
10.58, 4638
10.65, 4637
11.51, 4636
11.53, 4635
11.62, 4634
11.76, 4633
12.51, 4632
13.02, 4631
13.78, 4630
13.85, 4629
14.74, 4628
15.19, 4627
15.40, 4626
15.64, 4625
16.29, 4624
16.49, 4623
16.93, 4622
17.57, 4621
17.60, 4620
17.67, 4619
17.78, 4618
18.29, 4617
18.58, 4616
18.87, 4615
18.99, 4614
19.27, 4613
19.69, 4612
20.61, 4611
20.91, 4610
21.11, 4609
21.30, 4608
21.55, 4607
21.88, 4606
22.40, 4605
22.73, 4604
23.64, 4603
23.71, 4602
24.85, 4601
25.11, 4600
25.79, 4599
25.81, 4598
25.95, 4597
26.61, 4596
26.88, 4595
29.57, 4594
29.80, 4593
30.02, 4592
30.22, 4591
31.63, 4590
33.32, 4589
33.71, 4588
33.97, 4587
34.76, 4586
34.92, 4585
35.16, 4584
35.40, 4583
35.92, 4582
36.56, 4581
37.03, 4580
38.03, 4579
38.31, 4578
38.41, 4577
39.66, 4576
39.73, 4575
41.37, 4574
42.14, 4573
43.02, 4572
43.21, 4571
44.01, 4570
44.20, 4569
44.51, 4568
45.62, 4567
46.13, 4566
46.32, 4565
46.80, 4564
46.98, 4563
49.61, 4562
55.80, 4561
59.67, 4560
65.99, 4559
89.84, 4558
93.14, 4557
104.88, 4556
111.04, 4555
112.47, 4554
173.60, 4553
174.44, 4552
181.32, 4551
192.55, 4550
194.96, 4549
196.18, 4548
202.84, 4547
253.53, 4546
269.93, 4545
342.80, 4544
