6.91, 4697
6.96, 4696
6.98, 4695
7.01, 4694
7.04, 4693
7.06, 4692
7.09, 4691
7.12, 4690
7.15, 4689
7.17, 4688
7.21, 4687
7.24, 4686
7.26, 4685
7.29, 4684
7.32, 4683
7.35, 4682
7.39, 4681
7.42, 4680
7.45, 4679
7.48, 4678
7.51, 4677
7.56, 4676
7.59, 4675
7.61, 4674
7.65, 4673
7.68, 4672
7.72, 4671
7.75, 4670
7.79, 4669
7.82, 4668
7.84, 4667
7.87, 4666
7.90, 4665
7.93, 4664
7.97, 4663
8.01, 4662
8.04, 4661
8.07, 4660
8.10, 4659
8.12, 4658
8.15, 4657
8.18, 4656
8.20, 4655
8.25, 4654
8.28, 4653
8.42, 4652
8.59, 4651
9.24, 4650
9.57, 4649
10.94, 4648
11.31, 4647
11.67, 4646
12.06, 4645
12.37, 4644
12.97, 4643
13.50, 4642
14.04, 4641
14.31, 4640
14.35, 4639
14.43, 4638
14.76, 4637
15.83, 4636
15.86, 4635
15.97, 4634
16.21, 4633
16.90, 4632
17.41, 4631
18.35, 4630
18.47, 4629
19.32, 4628
20.06, 4627
20.37, 4626
21.06, 4625
21.27, 4624
22.10, 4623
22.82, 4622
23.12, 4621
23.16, 4620
23.25, 4619
23.70, 4618
24.27, 4617
24.59, 4616
24.76, 4615
25.08, 4614
25.94, 4613
27.25, 4612
27.67, 4611
27.94, 4610
28.15, 4609
28.61, 4608
29.15, 4607
30.22, 4606
30.73, 4605
31.84, 4604
31.95, 4603
33.34, 4602
33.50, 4601
34.44, 4600
34.56, 4599
34.91, 4598
35.44, 4597
35.68, 4596
36.25, 4595
39.62, 4594
40.62, 4593
40.93, 4592
42.48, 4591
42.58, 4590
45.05, 4589
45.29, 4588
45.33, 4587
46.27, 4586
46.38, 4585
46.51, 4584
47.01, 4583
47.11, 4582
48.04, 4581
48.59, 4580
48.75, 4579
49.40, 4578
49.89, 4577
50.77, 4576
51.41, 4575
51.43, 4574
53.14, 4573
53.39, 4572
54.52, 4571
56.41, 4570
57.04, 4569
58.53, 4568
59.59, 4567
59.93, 4566
64.14, 4565
67.23, 4564
71.51, 4563
80.52, 4562
80.70, 4561
138.23, 4560
138.63, 4559
144.17, 4558
149.64, 4557
151.77, 4556
155.23, 4555
165.07, 4554
167.84, 4553
180.96, 4552
187.48, 4551
187.91, 4550
199.24, 4549
260.88, 4548
270.54, 4547
348.58, 4546
380.62, 4545
404.34, 4544
455.11, 4543
