6.15, 4697
6.19, 4696
6.22, 4695
6.24, 4694
6.26, 4693
6.29, 4692
6.31, 4691
6.34, 4690
6.37, 4689
6.41, 4688
6.44, 4687
6.47, 4686
6.49, 4685
6.51, 4684
6.53, 4683
6.56, 4682
6.60, 4681
6.64, 4680
6.68, 4679
6.70, 4678
6.73, 4677
6.76, 4676
6.78, 4675
6.80, 4674
6.83, 4673
6.85, 4672
6.87, 4671
6.89, 4670
6.92, 4669
6.95, 4668
6.97, 4667
6.99, 4666
7.02, 4665
7.06, 4664
7.08, 4663
7.11, 4662
7.13, 4661
7.15, 4660
7.17, 4659
7.19, 4658
7.21, 4657
7.23, 4656
7.26, 4655
7.28, 4654
7.30, 4653
7.44, 4652
7.64, 4651
8.02, 4650
8.23, 4649
8.81, 4648
9.01, 4647
9.33, 4646
9.69, 4645
9.87, 4644
10.39, 4643
10.75, 4642
11.12, 4641
11.35, 4640
11.40, 4639
11.58, 4638
11.60, 4637
12.53, 4636
12.56, 4635
12.65, 4634
12.80, 4633
13.53, 4632
14.22, 4631
15.03, 4630
15.12, 4629
16.18, 4628
16.96, 4627
17.20, 4626
17.90, 4625
18.05, 4624
18.58, 4623
19.26, 4622
19.43, 4621
19.49, 4620
19.56, 4619
19.97, 4618
20.40, 4617
20.73, 4616
20.86, 4615
21.12, 4614
21.67, 4613
22.61, 4612
22.94, 4611
23.04, 4610
23.32, 4609
23.55, 4608
23.66, 4607
24.02, 4606
24.54, 4605
24.90, 4604
25.74, 4603
25.81, 4602
26.85, 4601
27.01, 4600
27.73, 4599
27.90, 4598
28.08, 4597
28.61, 4596
29.00, 4595
31.79, 4594
32.11, 4593
32.13, 4592
32.28, 4591
32.45, 4590
33.60, 4589
35.73, 4588
36.73, 4587
37.57, 4586
37.69, 4585
37.85, 4584
38.04, 4583
39.00, 4582
40.00, 4581
40.77, 4580
41.25, 4579
41.35, 4578
42.69, 4577
44.27, 4576
45.13, 4575
47.43, 4574
47.70, 4573
49.64, 4572
50.65, 4571
55.12, 4570
56.17, 4569
57.25, 4568
62.69, 4567
69.84, 4566
72.81, 4565
74.75, 4564
75.45, 4563
100.97, 4562
101.99, 4561
108.47, 4560
110.97, 4559
112.96, 4558
118.08, 4557
118.94, 4556
126.00, 4555
128.19, 4554
132.41, 4553
133.97, 4552
136.04, 4551
142.25, 4550
151.66, 4549
189.67, 4548
193.43, 4547
293.61, 4546
311.69, 4545
318.24, 4544
380.99, 4543
541.87, 4542
