6.71, 4697
6.77, 4696
6.80, 4695
6.85, 4694
6.88, 4693
6.90, 4692
6.93, 4691
6.96, 4690
6.98, 4689
7.02, 4688
7.06, 4687
7.11, 4686
7.14, 4685
7.16, 4684
7.19, 4683
7.22, 4682
7.25, 4681
7.27, 4680
7.30, 4679
7.33, 4678
7.36, 4677
7.39, 4676
7.42, 4675
7.46, 4674
7.49, 4673
7.52, 4672
7.54, 4671
7.59, 4670
7.62, 4669
7.67, 4668
7.70, 4667
7.73, 4666
7.77, 4665
7.80, 4664
7.82, 4663
7.85, 4662
7.87, 4661
7.89, 4660
7.92, 4659
7.94, 4658
7.96, 4657
7.99, 4656
8.01, 4655
8.04, 4654
8.06, 4653
8.18, 4652
8.40, 4651
9.03, 4650
9.18, 4649
9.87, 4648
10.07, 4647
10.33, 4646
10.60, 4645
10.96, 4644
11.38, 4643
11.76, 4642
12.08, 4641
12.32, 4640
12.34, 4639
12.41, 4638
12.58, 4637
13.20, 4636
13.28, 4635
13.36, 4634
13.53, 4633
14.37, 4632
15.01, 4631
15.87, 4630
15.99, 4629
16.92, 4628
17.97, 4627
18.10, 4626
18.92, 4625
19.10, 4624
19.58, 4623
20.25, 4622
20.27, 4621
20.44, 4620
20.53, 4619
21.06, 4618
21.52, 4617
21.78, 4616
21.87, 4615
22.27, 4614
22.77, 4613
23.85, 4612
23.93, 4611
24.10, 4610
24.36, 4609
24.85, 4608
25.24, 4607
25.27, 4606
25.67, 4605
26.71, 4604
27.83, 4603
27.91, 4602
29.76, 4601
29.88, 4600
30.94, 4599
30.97, 4598
31.24, 4597
31.72, 4596
32.05, 4595
32.58, 4594
34.98, 4593
35.42, 4592
35.64, 4591
35.76, 4590
35.93, 4589
37.26, 4588
37.36, 4587
40.05, 4586
40.40, 4585
40.88, 4584
40.99, 4583
41.22, 4582
41.68, 4581
42.44, 4580
44.21, 4579
44.92, 4578
47.95, 4577
48.42, 4576
48.58, 4575
49.28, 4574
51.28, 4573
51.83, 4572
52.16, 4571
52.64, 4570
53.28, 4569
54.01, 4568
54.80, 4567
54.99, 4566
57.84, 4565
61.51, 4564
68.06, 4563
68.29, 4562
69.46, 4561
72.83, 4560
75.67, 4559
110.60, 4558
111.25, 4557
113.42, 4556
114.57, 4555
118.04, 4554
128.04, 4553
141.19, 4552
143.35, 4551
144.91, 4550
146.63, 4549
151.83, 4548
153.50, 4547
212.27, 4546
220.24, 4545
306.30, 4544
436.09, 4543
