48.19, 4696
48.70, 4695
50.96, 4694
52.00, 4693
54.99, 4692
56.12, 4691
56.14, 4690
65.06, 4689
66.57, 4688
67.01, 4687
67.99, 4686
69.14, 4685
70.26, 4684
71.59, 4683
73.61, 4682
74.63, 4681
74.75, 4680
74.97, 4679
77.67, 4678
78.45, 4677
84.97, 4676
86.74, 4675
87.06, 4674
87.09, 4673
88.60, 4672
91.78, 4671
92.51, 4670
93.82, 4669
93.83, 4668
98.51, 4667
99.21, 4666
99.53, 4665
100.40, 4664
105.56, 4663
107.48, 4662
107.88, 4661
110.32, 4660
110.52, 4659
110.79, 4658
112.11, 4657
113.23, 4656
118.91, 4655
121.06, 4654
121.10, 4653
121.38, 4652
121.38, 4651
122.18, 4650
122.80, 4649
125.28, 4648
126.75, 4647
131.48, 4646
132.35, 4645
133.13, 4644
134.00, 4643
134.01, 4642
140.43, 4641
140.65, 4640
142.14, 4639
146.20, 4638
146.94, 4637
149.99, 4636
151.00, 4635
151.70, 4634
155.74, 4633
157.34, 4632
157.44, 4631
158.89, 4630
161.81, 4629
163.56, 4628
175.11, 4627
176.70, 4626
178.74, 4625
179.48, 4624
179.66, 4623
183.72, 4622
184.15, 4621
185.73, 4620
188.74, 4619
188.87, 4618
198.36, 4617
200.43, 4616
204.97, 4615
206.26, 4614
213.26, 4613
215.65, 4612
216.00, 4611
216.43, 4610
221.20, 4609
