6.29, 4697
6.34, 4696
6.38, 4695
6.41, 4694
6.43, 4693
6.46, 4692
6.48, 4691
6.51, 4690
6.53, 4689
6.57, 4688
6.60, 4687
6.64, 4686
6.66, 4685
6.70, 4684
6.73, 4683
6.75, 4682
6.77, 4681
6.80, 4680
6.83, 4679
6.85, 4678
6.87, 4677
6.89, 4676
6.91, 4675
6.95, 4674
6.97, 4673
6.99, 4672
7.02, 4671
7.04, 4670
7.07, 4669
7.10, 4668
7.12, 4667
7.14, 4666
7.17, 4665
7.19, 4664
7.22, 4663
7.24, 4662
7.27, 4661
7.29, 4660
7.32, 4659
7.34, 4658
7.39, 4657
7.42, 4656
7.44, 4655
7.47, 4654
7.49, 4653
7.69, 4652
7.77, 4651
8.19, 4650
8.39, 4649
8.89, 4648
9.02, 4647
9.30, 4646
9.58, 4645
9.86, 4644
10.29, 4643
10.61, 4642
11.00, 4641
11.24, 4640
11.27, 4639
11.34, 4638
11.43, 4637
12.27, 4636
12.29, 4635
12.39, 4634
12.60, 4633
13.26, 4632
13.95, 4631
14.65, 4630
14.67, 4629
15.59, 4628
16.39, 4627
16.42, 4626
17.24, 4625
17.44, 4624
17.93, 4623
18.49, 4622
18.70, 4621
18.72, 4620
18.80, 4619
19.29, 4618
19.69, 4617
19.94, 4616
20.02, 4615
20.28, 4614
21.26, 4613
21.96, 4612
22.03, 4611
22.35, 4610
22.63, 4609
22.84, 4608
23.08, 4607
23.18, 4606
23.48, 4605
24.37, 4604
25.39, 4603
25.41, 4602
26.41, 4601
26.80, 4600
27.02, 4599
27.92, 4598
28.14, 4597
28.78, 4596
29.40, 4595
29.71, 4594
33.41, 4593
33.80, 4592
33.92, 4591
34.23, 4590
35.57, 4589
35.67, 4588
37.63, 4587
38.29, 4586
38.77, 4585
39.55, 4584
39.69, 4583
39.96, 4582
40.66, 4581
42.06, 4580
42.72, 4579
42.83, 4578
44.41, 4577
46.44, 4576
46.85, 4575
47.99, 4574
49.34, 4573
50.06, 4572
50.66, 4571
51.87, 4570
52.25, 4569
52.40, 4568
52.63, 4567
55.43, 4566
56.15, 4565
58.71, 4564
63.94, 4563
72.03, 4562
72.97, 4561
109.70, 4560
114.22, 4559
118.89, 4558
120.77, 4557
126.39, 4556
137.93, 4555
153.63, 4554
164.17, 4553
208.21, 4552
208.70, 4551
210.92, 4550
214.74, 4549
232.82, 4548
239.16, 4547
290.82, 4546
470.38, 4545
578.94, 4544
580.37, 4543
