6.42, 4697
6.47, 4696
6.49, 4695
6.52, 4694
6.54, 4693
6.56, 4692
6.59, 4691
6.61, 4690
6.63, 4689
6.65, 4688
6.67, 4687
6.69, 4686
6.72, 4685
6.74, 4684
6.76, 4683
6.78, 4682
6.80, 4681
6.82, 4680
6.85, 4679
6.87, 4678
6.89, 4677
6.91, 4676
6.93, 4675
6.95, 4674
6.98, 4673
7.00, 4672
7.02, 4671
7.05, 4670
7.08, 4669
7.10, 4668
7.12, 4667
7.14, 4666
7.16, 4665
7.19, 4664
7.21, 4663
7.23, 4662
7.25, 4661
7.28, 4660
7.30, 4659
7.32, 4658
7.35, 4657
7.39, 4656
7.43, 4655
7.47, 4654
7.51, 4653
7.69, 4652
7.95, 4651
8.54, 4650
8.72, 4649
9.14, 4648
9.33, 4647
9.58, 4646
9.83, 4645
10.07, 4644
10.69, 4643
10.98, 4642
11.36, 4641
11.52, 4640
11.55, 4639
11.63, 4638
11.79, 4637
12.48, 4636
12.50, 4635
12.61, 4634
12.76, 4633
13.50, 4632
14.13, 4631
14.94, 4630
14.96, 4629
15.89, 4628
16.71, 4627
16.84, 4626
17.63, 4625
17.78, 4624
18.24, 4623
18.88, 4622
19.05, 4621
19.14, 4620
19.17, 4619
19.60, 4618
20.04, 4617
20.22, 4616
20.54, 4615
20.79, 4614
21.28, 4613
22.15, 4612
22.22, 4611
22.54, 4610
22.72, 4609
22.97, 4608
23.32, 4607
23.34, 4606
23.71, 4605
24.64, 4604
25.58, 4603
25.60, 4602
27.08, 4601
27.22, 4600
27.82, 4599
27.95, 4598
28.17, 4597
28.71, 4596
29.04, 4595
31.98, 4594
32.23, 4593
32.26, 4592
32.47, 4591
32.54, 4590
33.68, 4589
35.93, 4588
36.07, 4587
36.48, 4586
37.57, 4585
37.73, 4584
37.80, 4583
38.00, 4582
38.50, 4581
39.68, 4580
39.89, 4579
40.73, 4578
40.80, 4577
41.50, 4576
41.87, 4575
44.13, 4574
45.22, 4573
47.12, 4572
48.65, 4571
49.66, 4570
50.13, 4569
54.18, 4568
58.66, 4567
59.66, 4566
61.21, 4565
63.67, 4564
63.80, 4563
69.40, 4562
72.74, 4561
72.86, 4560
75.14, 4559
99.36, 4558
99.73, 4557
100.71, 4556
114.41, 4555
114.69, 4554
121.06, 4553
123.65, 4552
126.31, 4551
143.98, 4550
146.01, 4549
146.77, 4548
147.29, 4547
149.60, 4546
153.26, 4545
282.38, 4544
372.97, 4543
