26.61, 2276
26.77, 2275
27.71, 2274
27.91, 2273
28.44, 2272
28.61, 2271
28.89, 2270
29.11, 2269
29.49, 2268
30.98, 2267
32.53, 2266
33.20, 2265
33.97, 2264
34.65, 2263
35.25, 2262
35.65, 2261
35.77, 2260
36.24, 2259
36.61, 2258
36.84, 2257
38.49, 2256
38.64, 2255
40.15, 2254
40.18, 2253
41.89, 2252
42.98, 2251
43.78, 2250
46.06, 2249
46.62, 2248
47.10, 2247
47.34, 2246
47.63, 2245
48.71, 2244
49.07, 2243
49.16, 2242
53.19, 2241
53.97, 2240
55.11, 2239
56.78, 2238
57.26, 2237
57.96, 2236
60.04, 2235
60.08, 2234
60.26, 2233
60.86, 2232
61.21, 2231
61.83, 2230
65.08, 2229
67.75, 2228
69.26, 2227
72.89, 2226
76.38, 2225
76.74, 2224
79.28, 2223
84.00, 2222
86.43, 2221
97.65, 2220
100.21, 2219
