25.94, 2276
26.10, 2275
26.13, 2274
26.28, 2273
26.75, 2272
26.75, 2271
27.14, 2270
28.52, 2269
29.04, 2268
30.03, 2267
30.13, 2266
30.49, 2265
32.07, 2264
32.80, 2263
33.24, 2262
34.41, 2261
34.67, 2260
34.71, 2259
37.41, 2258
38.07, 2257
39.23, 2256
40.52, 2255
40.93, 2254
41.46, 2253
42.61, 2252
44.91, 2251
45.22, 2250
45.86, 2249
46.65, 2248
48.27, 2247
48.96, 2246
49.38, 2245
49.40, 2244
50.26, 2243
52.00, 2242
52.60, 2241
52.94, 2240
56.42, 2239
58.43, 2238
60.87, 2237
68.21, 2236
69.39, 2235
74.17, 2234
74.40, 2233
74.55, 2232
76.41, 2231
77.48, 2230
78.06, 2229
79.89, 2228
84.54, 2227
85.83, 2226
89.99, 2225
91.89, 2224
92.86, 2223
94.51, 2222
99.03, 2221
102.53, 2220
106.48, 2219
