1.79, 2276
27.22, 2275
27.46, 2274
27.72, 2273
27.95, 2272
28.10, 2271
28.55, 2270
28.65, 2269
28.68, 2268
29.78, 2267
30.10, 2266
30.10, 2265
30.34, 2264
30.77, 2263
34.05, 2262
34.62, 2261
35.27, 2260
35.98, 2259
36.09, 2258
36.10, 2257
37.30, 2256
38.50, 2255
38.67, 2254
38.84, 2253
39.01, 2252
39.21, 2251
39.98, 2250
41.55, 2249
41.89, 2248
43.78, 2247
45.04, 2246
46.04, 2245
47.62, 2244
49.12, 2243
49.66, 2242
49.94, 2241
51.37, 2240
51.94, 2239
53.56, 2238
55.57, 2237
56.14, 2236
58.87, 2235
60.56, 2234
63.72, 2233
65.78, 2232
68.21, 2231
73.43, 2230
77.11, 2229
77.97, 2228
82.97, 2227
86.54, 2226
86.91, 2225
89.69, 2224
101.34, 2223
102.72, 2222
