1.39, 2277
1.40, 2276
1.40, 2275
1.40, 2274
1.41, 2273
1.41, 2272
1.41, 2271
1.42, 2270
1.42, 2269
1.42, 2268
1.42, 2267
1.43, 2266
1.43, 2265
1.43, 2264
1.43, 2263
1.44, 2262
1.44, 2261
1.44, 2260
1.45, 2259
1.45, 2258
1.50, 2257
1.50, 2256
1.71, 2255
1.83, 2254
1.92, 2253
2.02, 2252
2.17, 2251
2.24, 2250
2.27, 2249
2.32, 2248
2.34, 2247
2.40, 2246
2.43, 2245
2.51, 2244
2.54, 2243
2.56, 2242
2.64, 2241
3.04, 2240
3.08, 2239
3.11, 2238
3.20, 2237
3.22, 2236
3.33, 2235
3.36, 2234
3.57, 2233
3.84, 2232
3.86, 2231
3.89, 2230
4.22, 2229
4.35, 2228
4.59, 2227
5.54, 2226
5.87, 2225
6.07, 2224
6.76, 2223
7.06, 2222
7.12, 2221
7.26, 2220
7.49, 2219
7.49, 2218
7.52, 2217
8.81, 2216
9.24, 2215
9.45, 2214
9.55, 2213
9.60, 2212
9.60, 2211
9.66, 2210
9.91, 2209
20.55, 2208
25.45, 2207
25.93, 2206
30.07, 2205
45.55, 2204
67.13, 2203
