1.44, 2277
1.45, 2276
1.45, 2275
1.45, 2274
1.46, 2273
1.46, 2272
1.46, 2271
1.47, 2270
1.47, 2269
1.47, 2268
1.48, 2267
1.48, 2266
1.48, 2265
1.48, 2264
1.49, 2263
1.49, 2262
1.49, 2261
1.50, 2260
1.50, 2259
1.50, 2258
1.55, 2257
1.58, 2256
1.83, 2255
1.90, 2254
2.00, 2253
2.09, 2252
2.23, 2251
2.34, 2250
2.36, 2249
2.39, 2248
2.53, 2247
2.58, 2246
2.65, 2245
2.69, 2244
2.71, 2243
2.80, 2242
3.23, 2241
3.27, 2240
3.32, 2239
3.38, 2238
3.40, 2237
3.49, 2236
3.52, 2235
3.72, 2234
4.00, 2233
4.07, 2232
4.09, 2231
4.11, 2230
4.42, 2229
4.48, 2228
5.80, 2227
6.15, 2226
6.15, 2225
6.27, 2224
7.08, 2223
7.36, 2222
7.40, 2221
7.61, 2220
7.83, 2219
7.83, 2218
7.85, 2217
7.95, 2216
9.47, 2215
9.51, 2214
10.10, 2213
10.19, 2212
10.24, 2211
10.24, 2210
10.46, 2209
10.74, 2208
18.45, 2207
20.15, 2206
20.49, 2205
26.39, 2204
88.63, 2203
