23.95, 2276
25.34, 2275
26.52, 2274
26.75, 2273
26.80, 2272
26.88, 2271
26.88, 2270
27.24, 2269
27.29, 2268
27.59, 2267
28.25, 2266
28.36, 2265
28.62, 2264
29.58, 2263
30.84, 2262
31.58, 2261
31.69, 2260
33.48, 2259
34.07, 2258
34.38, 2257
36.38, 2256
36.72, 2255
37.26, 2254
37.67, 2253
38.20, 2252
38.50, 2251
40.70, 2250
41.96, 2249
44.37, 2248
44.51, 2247
45.02, 2246
45.68, 2245
46.33, 2244
46.44, 2243
47.70, 2242
48.63, 2241
48.94, 2240
51.93, 2239
52.84, 2238
57.10, 2237
58.76, 2236
59.52, 2235
60.25, 2234
61.33, 2233
61.44, 2232
63.30, 2231
64.35, 2230
65.37, 2229
68.12, 2228
68.74, 2227
73.02, 2226
78.15, 2225
81.55, 2224
82.74, 2223
86.48, 2222
99.54, 2221
