24.09, 2276
24.87, 2275
25.07, 2274
26.05, 2273
26.73, 2272
26.96, 2271
27.08, 2270
27.17, 2269
27.33, 2268
27.48, 2267
29.27, 2266
29.57, 2265
29.80, 2264
29.87, 2263
31.34, 2262
31.78, 2261
31.99, 2260
32.05, 2259
33.07, 2258
33.42, 2257
33.52, 2256
33.88, 2255
33.99, 2254
34.08, 2253
34.10, 2252
35.25, 2251
35.35, 2250
35.73, 2249
36.48, 2248
36.66, 2247
38.20, 2246
38.29, 2245
41.25, 2244
41.40, 2243
41.72, 2242
42.21, 2241
44.19, 2240
45.79, 2239
47.75, 2238
47.82, 2237
49.23, 2236
51.73, 2235
53.08, 2234
53.57, 2233
56.01, 2232
56.07, 2231
57.94, 2230
58.16, 2229
61.23, 2228
61.56, 2227
65.23, 2226
67.92, 2225
71.12, 2224
73.95, 2223
76.95, 2222
77.68, 2221
83.57, 2220
85.80, 2219
86.63, 2218
91.25, 2217
93.76, 2216
103.75, 2215
