1.56, 2277
1.57, 2276
1.57, 2275
1.57, 2274
1.58, 2273
1.58, 2272
1.58, 2271
1.59, 2270
1.59, 2269
1.59, 2268
1.60, 2267
1.60, 2266
1.60, 2265
1.60, 2264
1.61, 2263
1.61, 2262
1.61, 2261
1.62, 2260
1.62, 2259
1.62, 2258
1.67, 2257
1.69, 2256
1.87, 2255
1.98, 2254
2.10, 2253
2.22, 2252
2.41, 2251
2.46, 2250
2.49, 2249
2.51, 2248
2.54, 2247
2.59, 2246
2.63, 2245
2.67, 2244
2.70, 2243
2.72, 2242
2.79, 2241
3.31, 2240
3.35, 2239
3.42, 2238
3.47, 2237
3.50, 2236
3.58, 2235
3.60, 2234
3.71, 2233
4.00, 2232
4.06, 2231
4.08, 2230
4.10, 2229
4.20, 2228
4.49, 2227
4.55, 2226
4.69, 2225
5.77, 2224
5.85, 2223
6.00, 2222
6.21, 2221
6.23, 2220
6.91, 2219
7.18, 2218
7.25, 2217
7.45, 2216
9.61, 2215
9.62, 2214
9.63, 2213
9.73, 2212
9.91, 2211
9.98, 2210
10.02, 2209
10.03, 2208
10.26, 2207
10.54, 2206
11.45, 2205
34.09, 2204
62.76, 2203
