1.48, 2277
1.49, 2276
1.49, 2275
1.49, 2274
1.50, 2273
1.50, 2272
1.50, 2271
1.51, 2270
1.51, 2269
1.51, 2268
1.52, 2267
1.52, 2266
1.53, 2265
1.53, 2264
1.53, 2263
1.54, 2262
1.54, 2261
1.54, 2260
1.55, 2259
1.55, 2258
1.60, 2257
1.61, 2256
1.79, 2255
1.86, 2254
2.01, 2253
2.10, 2252
2.33, 2251
2.43, 2250
2.49, 2249
2.54, 2248
2.59, 2247
2.67, 2246
2.71, 2245
2.75, 2244
2.78, 2243
2.80, 2242
2.88, 2241
3.18, 2240
3.21, 2239
3.25, 2238
3.29, 2237
3.31, 2236
3.40, 2235
3.46, 2234
3.60, 2233
3.65, 2232
3.93, 2231
3.94, 2230
3.98, 2229
4.05, 2228
4.34, 2227
4.41, 2226
5.77, 2225
5.81, 2224
5.90, 2223
6.61, 2222
6.72, 2221
6.89, 2220
7.07, 2219
7.23, 2218
7.26, 2217
7.27, 2216
8.86, 2215
9.03, 2214
9.13, 2213
9.18, 2212
9.19, 2211
9.35, 2210
16.26, 2209
16.95, 2208
17.80, 2207
23.25, 2206
27.42, 2205
57.08, 2204
83.75, 2203
