24.14, 2276
27.02, 2275
27.10, 2274
27.92, 2273
28.86, 2272
28.95, 2271
29.07, 2270
29.35, 2269
29.35, 2268
29.65, 2267
29.80, 2266
31.16, 2265
31.35, 2264
31.95, 2263
32.02, 2262
32.09, 2261
32.09, 2260
32.40, 2259
32.61, 2258
33.34, 2257
33.46, 2256
34.28, 2255
35.01, 2254
35.30, 2253
36.27, 2252
36.79, 2251
38.07, 2250
38.71, 2249
40.35, 2248
40.88, 2247
41.55, 2246
42.12, 2245
42.35, 2244
43.61, 2243
43.61, 2242
45.16, 2241
46.85, 2240
47.19, 2239
47.57, 2238
51.03, 2237
53.56, 2236
54.64, 2235
55.66, 2234
56.45, 2233
56.74, 2232
57.01, 2231
57.34, 2230
57.52, 2229
60.71, 2228
63.98, 2227
65.79, 2226
71.40, 2225
74.11, 2224
74.37, 2223
76.47, 2222
78.07, 2221
78.66, 2220
79.39, 2219
82.19, 2218
82.81, 2217
88.52, 2216
89.31, 2215
105.53, 2214
106.95, 2213
