24.38, 2276
28.70, 2275
30.27, 2274
31.41, 2273
32.16, 2272
33.01, 2271
33.88, 2270
34.05, 2269
34.39, 2268
35.08, 2267
35.10, 2266
35.13, 2265
35.31, 2264
36.26, 2263
38.26, 2262
38.66, 2261
39.20, 2260
41.25, 2259
41.34, 2258
41.95, 2257
42.05, 2256
42.79, 2255
42.95, 2254
44.39, 2253
45.69, 2252
48.58, 2251
50.16, 2250
50.84, 2249
51.05, 2248
51.09, 2247
51.88, 2246
52.51, 2245
53.44, 2244
53.94, 2243
56.75, 2242
57.50, 2241
58.27, 2240
59.07, 2239
60.34, 2238
60.81, 2237
61.46, 2236
63.64, 2235
64.34, 2234
65.47, 2233
65.70, 2232
67.29, 2231
67.98, 2230
68.84, 2229
69.06, 2228
71.70, 2227
73.91, 2226
77.58, 2225
79.92, 2224
80.85, 2223
81.36, 2222
81.60, 2221
82.79, 2220
89.42, 2219
92.65, 2218
104.11, 2217
104.70, 2216
106.86, 2215
110.43, 2214
