21.68, 2276
21.83, 2275
23.17, 2274
23.21, 2273
23.25, 2272
23.93, 2271
24.89, 2270
25.10, 2269
26.29, 2268
27.02, 2267
27.86, 2266
27.91, 2265
28.04, 2264
28.24, 2263
28.43, 2262
28.56, 2261
28.84, 2260
30.06, 2259
31.36, 2258
31.96, 2257
32.08, 2256
33.78, 2255
33.91, 2254
34.43, 2253
35.13, 2252
35.49, 2251
36.20, 2250
36.30, 2249
37.16, 2248
37.61, 2247
38.49, 2246
38.49, 2245
39.10, 2244
40.91, 2243
40.92, 2242
41.77, 2241
43.64, 2240
44.10, 2239
44.82, 2238
46.08, 2237
47.49, 2236
48.44, 2235
59.95, 2234
60.11, 2233
61.56, 2232
69.03, 2231
71.23, 2230
77.45, 2229
78.83, 2228
84.29, 2227
84.62, 2226
87.03, 2225
90.15, 2224
93.98, 2223
96.85, 2222
104.12, 2221
105.05, 2220
106.45, 2219
