1.15, 2277
1.15, 2276
1.15, 2275
1.16, 2274
1.16, 2273
1.16, 2272
1.16, 2271
1.17, 2270
1.17, 2269
1.17, 2268
1.17, 2267
1.18, 2266
1.18, 2265
1.18, 2264
1.19, 2263
1.19, 2262
1.19, 2261
1.19, 2260
1.20, 2259
1.20, 2258
1.26, 2257
1.27, 2256
1.49, 2255
1.63, 2254
1.80, 2253
1.91, 2252
2.08, 2251
2.18, 2250
2.24, 2249
2.27, 2248
2.37, 2247
2.43, 2246
2.48, 2245
2.52, 2244
2.54, 2243
2.65, 2242
3.01, 2241
3.06, 2240
3.11, 2239
3.18, 2238
3.21, 2237
3.34, 2236
3.40, 2235
3.50, 2234
3.56, 2233
3.88, 2232
3.90, 2231
3.99, 2230
4.06, 2229
4.27, 2228
4.31, 2227
5.25, 2226
5.82, 2225
5.84, 2224
5.95, 2223
6.53, 2222
6.64, 2221
6.79, 2220
7.03, 2219
7.25, 2218
7.27, 2217
7.29, 2216
7.41, 2215
9.05, 2214
9.12, 2213
9.95, 2212
10.06, 2211
10.12, 2210
10.13, 2209
10.30, 2208
12.03, 2207
12.80, 2206
25.68, 2205
134.69, 2204
143.04, 2203
