1.49, 2277
1.49, 2276
1.50, 2275
1.50, 2274
1.50, 2273
1.51, 2272
1.51, 2271
1.51, 2270
1.52, 2269
1.52, 2268
1.52, 2267
1.53, 2266
1.53, 2265
1.53, 2264
1.53, 2263
1.54, 2262
1.54, 2261
1.54, 2260
1.55, 2259
1.55, 2258
1.61, 2257
1.61, 2256
1.81, 2255
1.90, 2254
2.05, 2253
2.15, 2252
2.32, 2251
2.37, 2250
2.42, 2249
2.49, 2248
2.63, 2247
2.69, 2246
2.75, 2245
2.82, 2244
2.85, 2243
2.91, 2242
3.35, 2241
3.39, 2240
3.43, 2239
3.48, 2238
3.53, 2237
3.59, 2236
3.67, 2235
3.77, 2234
3.86, 2233
4.09, 2232
4.19, 2231
4.21, 2230
4.24, 2229
4.63, 2228
5.66, 2227
5.92, 2226
5.94, 2225
6.02, 2224
6.06, 2223
6.74, 2222
6.82, 2221
7.08, 2220
7.26, 2219
7.40, 2218
7.41, 2217
7.43, 2216
7.55, 2215
7.75, 2214
9.96, 2213
10.00, 2212
10.01, 2211
10.18, 2210
12.40, 2209
15.91, 2208
16.16, 2207
25.63, 2206
31.58, 2205
48.17, 2204
70.46, 2203
