34.32, 2276
34.95, 2275
36.29, 2274
36.59, 2273
36.65, 2272
37.75, 2271
38.53, 2270
38.82, 2269
39.11, 2268
39.53, 2267
39.54, 2266
39.90, 2265
40.28, 2264
41.06, 2263
41.31, 2262
41.37, 2261
41.44, 2260
41.59, 2259
42.07, 2258
44.56, 2257
45.76, 2256
46.71, 2255
47.66, 2254
48.06, 2253
49.98, 2252
50.16, 2251
50.26, 2250
51.08, 2249
51.27, 2248
51.79, 2247
52.73, 2246
55.61, 2245
55.88, 2244
56.03, 2243
57.00, 2242
61.98, 2241
63.67, 2240
64.49, 2239
67.64, 2238
67.96, 2237
67.98, 2236
68.94, 2235
70.85, 2234
72.43, 2233
72.60, 2232
74.21, 2231
75.18, 2230
75.92, 2229
80.53, 2228
81.36, 2227
82.43, 2226
84.92, 2225
85.55, 2224
86.64, 2223
91.94, 2222
95.72, 2221
95.82, 2220
99.93, 2219
