27.14, 2276
27.62, 2275
27.74, 2274
27.85, 2273
28.34, 2272
28.42, 2271
28.69, 2270
30.22, 2269
30.77, 2268
32.12, 2267
32.83, 2266
32.88, 2265
32.98, 2264
33.75, 2263
34.34, 2262
35.54, 2261
36.99, 2260
37.02, 2259
37.46, 2258
38.56, 2257
38.91, 2256
40.36, 2255
41.71, 2254
42.29, 2253
42.76, 2252
44.91, 2251
45.82, 2250
46.47, 2249
46.66, 2248
46.72, 2247
48.97, 2246
51.63, 2245
52.39, 2244
52.73, 2243
52.75, 2242
54.84, 2241
55.23, 2240
59.13, 2239
59.55, 2238
60.88, 2237
61.13, 2236
61.38, 2235
62.32, 2234
69.21, 2233
71.33, 2232
71.99, 2231
75.55, 2230
78.03, 2229
81.22, 2228
85.13, 2227
86.57, 2226
90.97, 2225
91.67, 2224
93.64, 2223
95.87, 2222
97.35, 2221
100.29, 2220
101.18, 2219
