1.64, 2277
1.65, 2276
1.65, 2275
1.66, 2274
1.66, 2273
1.66, 2272
1.67, 2271
1.67, 2270
1.67, 2269
1.67, 2268
1.68, 2267
1.68, 2266
1.68, 2265
1.69, 2264
1.69, 2263
1.69, 2262
1.69, 2261
1.70, 2260
1.70, 2259
1.70, 2258
1.74, 2257
1.75, 2256
1.97, 2255
2.07, 2254
2.20, 2253
2.29, 2252
2.42, 2251
2.50, 2250
2.54, 2249
2.65, 2248
2.80, 2247
2.85, 2246
2.93, 2245
2.97, 2244
2.99, 2243
3.07, 2242
3.41, 2241
3.47, 2240
3.52, 2239
3.57, 2238
3.59, 2237
3.68, 2236
3.70, 2235
3.78, 2234
4.08, 2233
4.14, 2232
4.15, 2231
4.19, 2230
4.44, 2229
4.51, 2228
4.62, 2227
5.92, 2226
5.98, 2225
6.10, 2224
6.73, 2223
6.77, 2222
6.96, 2221
7.15, 2220
7.31, 2219
7.32, 2218
7.34, 2217
9.17, 2216
9.46, 2215
9.53, 2214
9.54, 2213
9.80, 2212
11.92, 2211
12.52, 2210
12.63, 2209
21.81, 2208
24.88, 2207
26.77, 2206
29.26, 2205
49.20, 2204
194.99, 2203
