1.07, 2277
1.08, 2276
1.08, 2275
1.08, 2274
1.09, 2273
1.09, 2272
1.09, 2271
1.10, 2270
1.10, 2269
1.10, 2268
1.11, 2267
1.11, 2266
1.11, 2265
1.12, 2264
1.12, 2263
1.12, 2262
1.12, 2261
1.13, 2260
1.13, 2259
1.13, 2258
1.18, 2257
1.19, 2256
1.37, 2255
1.46, 2254
1.52, 2253
1.62, 2252
1.85, 2251
1.90, 2250
1.94, 2249
1.97, 2248
2.09, 2247
2.12, 2246
2.18, 2245
2.23, 2244
2.24, 2243
2.31, 2242
2.62, 2241
2.69, 2240
2.72, 2239
2.77, 2238
2.80, 2237
2.91, 2236
2.93, 2235
3.05, 2234
3.36, 2233
3.37, 2232
3.42, 2231
3.75, 2230
3.83, 2229
3.97, 2228
4.06, 2227
5.74, 2226
5.92, 2225
6.52, 2224
6.69, 2223
7.03, 2222
7.16, 2221
8.52, 2220
8.57, 2219
9.01, 2218
9.02, 2217
9.03, 2216
9.11, 2215
9.35, 2214
9.46, 2213
9.53, 2212
9.53, 2211
9.71, 2210
10.03, 2209
12.48, 2208
18.81, 2207
19.97, 2206
63.26, 2205
109.28, 2204
187.32, 2203
