3.35, 2276
24.77, 2275
25.37, 2274
25.50, 2273
25.58, 2272
25.63, 2271
26.04, 2270
26.94, 2269
27.07, 2268
27.29, 2267
27.71, 2266
29.06, 2265
29.15, 2264
30.13, 2263
30.21, 2262
30.66, 2261
30.67, 2260
30.93, 2259
32.36, 2258
32.68, 2257
32.69, 2256
33.27, 2255
33.87, 2254
34.29, 2253
35.54, 2252
37.55, 2251
38.10, 2250
38.21, 2249
39.35, 2248
39.53, 2247
41.53, 2246
41.85, 2245
42.35, 2244
45.63, 2243
46.46, 2242
46.70, 2241
46.70, 2240
47.84, 2239
47.84, 2238
48.44, 2237
50.17, 2236
50.48, 2235
50.61, 2234
51.50, 2233
51.65, 2232
51.86, 2231
52.16, 2230
53.54, 2229
56.55, 2228
59.86, 2227
64.99, 2226
67.01, 2225
68.41, 2224
75.68, 2223
77.78, 2222
82.58, 2221
83.04, 2220
85.96, 2219
86.66, 2218
90.30, 2217
