1.46, 2277
1.46, 2276
1.46, 2275
1.47, 2274
1.47, 2273
1.47, 2272
1.47, 2271
1.48, 2270
1.48, 2269
1.48, 2268
1.49, 2267
1.49, 2266
1.49, 2265
1.49, 2264
1.50, 2263
1.50, 2262
1.50, 2261
1.51, 2260
1.51, 2259
1.51, 2258
1.56, 2257
1.58, 2256
1.79, 2255
1.86, 2254
1.98, 2253
2.09, 2252
2.24, 2251
2.31, 2250
2.34, 2249
2.43, 2248
2.59, 2247
2.62, 2246
2.73, 2245
2.79, 2244
2.82, 2243
2.95, 2242
3.28, 2241
3.33, 2240
3.36, 2239
3.41, 2238
3.44, 2237
3.53, 2236
3.55, 2235
3.68, 2234
3.83, 2233
4.01, 2232
4.03, 2231
4.08, 2230
4.10, 2229
4.14, 2228
4.20, 2227
4.44, 2226
4.51, 2225
4.51, 2224
4.54, 2223
5.86, 2222
5.87, 2221
6.01, 2220
6.84, 2219
6.90, 2218
7.12, 2217
7.38, 2216
8.53, 2215
9.06, 2214
9.08, 2213
9.08, 2212
9.18, 2211
9.46, 2210
9.55, 2209
9.61, 2208
9.61, 2207
9.85, 2206
17.28, 2205
21.50, 2204
113.45, 2203
