30.33, 2276
33.57, 2275
33.63, 2274
34.46, 2273
34.93, 2272
35.93, 2271
36.58, 2270
36.77, 2269
37.15, 2268
38.21, 2267
38.43, 2266
39.42, 2265
39.43, 2264
40.12, 2263
42.22, 2262
43.08, 2261
43.65, 2260
44.66, 2259
44.98, 2258
45.19, 2257
46.67, 2256
46.72, 2255
49.16, 2254
49.23, 2253
49.29, 2252
49.37, 2251
49.64, 2250
51.69, 2249
52.04, 2248
52.07, 2247
52.73, 2246
52.74, 2245
52.76, 2244
53.55, 2243
53.68, 2242
54.86, 2241
56.25, 2240
57.24, 2239
57.91, 2238
58.61, 2237
59.11, 2236
60.67, 2235
61.30, 2234
62.96, 2233
66.15, 2232
68.13, 2231
69.10, 2230
71.01, 2229
75.63, 2228
80.07, 2227
81.68, 2226
81.73, 2225
87.84, 2224
89.26, 2223
99.48, 2222
