1.51, 2277
1.52, 2276
1.52, 2275
1.52, 2274
1.53, 2273
1.53, 2272
1.53, 2271
1.54, 2270
1.54, 2269
1.54, 2268
1.54, 2267
1.55, 2266
1.55, 2265
1.55, 2264
1.56, 2263
1.56, 2262
1.57, 2261
1.57, 2260
1.57, 2259
1.58, 2258
1.63, 2257
1.64, 2256
1.91, 2255
1.97, 2254
2.09, 2253
2.21, 2252
2.35, 2251
2.40, 2250
2.43, 2249
2.46, 2248
2.64, 2247
2.69, 2246
2.75, 2245
2.78, 2244
2.79, 2243
2.86, 2242
3.28, 2241
3.32, 2240
3.35, 2239
3.39, 2238
3.42, 2237
3.51, 2236
3.54, 2235
3.59, 2234
3.69, 2233
3.96, 2232
3.98, 2231
4.02, 2230
4.09, 2229
4.35, 2228
5.51, 2227
5.64, 2226
5.67, 2225
5.74, 2224
5.81, 2223
6.36, 2222
6.61, 2221
6.67, 2220
6.83, 2219
6.99, 2218
6.99, 2217
7.01, 2216
7.09, 2215
8.44, 2214
8.54, 2213
9.54, 2212
9.60, 2211
9.62, 2210
9.82, 2209
21.60, 2208
22.72, 2207
26.04, 2206
32.91, 2205
41.51, 2204
59.92, 2203
