22.75, 2276
22.76, 2275
27.76, 2274
27.82, 2273
28.07, 2272
28.94, 2271
31.01, 2270
31.07, 2269
31.40, 2268
31.47, 2267
31.66, 2266
32.06, 2265
32.25, 2264
34.40, 2263
34.54, 2262
34.58, 2261
35.77, 2260
36.17, 2259
38.34, 2258
38.89, 2257
39.36, 2256
39.85, 2255
39.97, 2254
40.37, 2253
42.04, 2252
42.41, 2251
43.69, 2250
43.96, 2249
46.37, 2248
46.69, 2247
48.53, 2246
52.57, 2245
52.78, 2244
52.99, 2243
53.06, 2242
55.40, 2241
56.04, 2240
56.66, 2239
56.83, 2238
59.51, 2237
59.72, 2236
59.85, 2235
61.17, 2234
61.44, 2233
64.74, 2232
64.91, 2231
66.72, 2230
71.98, 2229
72.86, 2228
73.81, 2227
75.83, 2226
76.82, 2225
78.64, 2224
80.29, 2223
80.79, 2222
81.30, 2221
81.64, 2220
83.71, 2219
87.65, 2218
88.82, 2217
90.20, 2216
