1.50, 2277
1.51, 2276
1.51, 2275
1.51, 2274
1.52, 2273
1.52, 2272
1.52, 2271
1.53, 2270
1.53, 2269
1.53, 2268
1.53, 2267
1.54, 2266
1.54, 2265
1.54, 2264
1.54, 2263
1.55, 2262
1.55, 2261
1.55, 2260
1.55, 2259
1.56, 2258
1.60, 2257
1.61, 2256
1.77, 2255
1.85, 2254
1.98, 2253
2.06, 2252
2.25, 2251
2.30, 2250
2.33, 2249
2.36, 2248
2.45, 2247
2.49, 2246
2.54, 2245
2.59, 2244
2.61, 2243
2.69, 2242
3.06, 2241
3.08, 2240
3.11, 2239
3.18, 2238
3.22, 2237
3.29, 2236
3.32, 2235
3.39, 2234
3.60, 2233
3.73, 2232
3.80, 2231
3.81, 2230
3.85, 2229
3.88, 2228
4.13, 2227
4.17, 2226
4.31, 2225
5.66, 2224
5.86, 2223
5.91, 2222
6.02, 2221
6.79, 2220
7.05, 2219
7.11, 2218
7.22, 2217
7.36, 2216
7.37, 2215
7.40, 2214
7.47, 2213
10.32, 2212
10.40, 2211
10.43, 2210
10.44, 2209
10.59, 2208
13.07, 2207
18.15, 2206
29.80, 2205
45.54, 2204
124.55, 2203
