1.44, 2277
1.45, 2276
1.45, 2275
1.46, 2274
1.46, 2273
1.46, 2272
1.47, 2271
1.47, 2270
1.47, 2269
1.47, 2268
1.48, 2267
1.48, 2266
1.48, 2265
1.49, 2264
1.49, 2263
1.49, 2262
1.50, 2261
1.50, 2260
1.50, 2259
1.50, 2258
1.54, 2257
1.56, 2256
1.77, 2255
1.92, 2254
2.03, 2253
2.20, 2252
2.41, 2251
2.51, 2250
2.54, 2249
2.59, 2248
2.71, 2247
2.76, 2246
2.84, 2245
2.89, 2244
2.91, 2243
2.95, 2242
3.35, 2241
3.40, 2240
3.46, 2239
3.52, 2238
3.55, 2237
3.64, 2236
3.67, 2235
3.87, 2234
4.22, 2233
4.26, 2232
4.31, 2231
4.36, 2230
4.77, 2229
4.80, 2228
5.77, 2227
6.41, 2226
6.49, 2225
6.67, 2224
7.32, 2223
7.42, 2222
7.44, 2221
7.84, 2220
10.10, 2219
10.11, 2218
10.12, 2217
10.30, 2216
10.45, 2215
10.56, 2214
10.61, 2213
10.61, 2212
10.90, 2211
13.53, 2210
16.77, 2209
22.03, 2208
22.32, 2207
22.56, 2206
25.35, 2205
46.10, 2204
101.40, 2203
