24.58, 2276
24.62, 2275
24.77, 2274
24.99, 2273
24.99, 2272
25.41, 2271
26.19, 2270
27.09, 2269
28.87, 2268
29.00, 2267
29.57, 2266
32.29, 2265
32.60, 2264
32.87, 2263
33.38, 2262
34.37, 2261
34.72, 2260
35.22, 2259
35.27, 2258
35.54, 2257
37.90, 2256
37.98, 2255
38.94, 2254
40.34, 2253
41.09, 2252
41.33, 2251
43.76, 2250
44.87, 2249
48.73, 2248
49.01, 2247
49.87, 2246
52.72, 2245
54.37, 2244
56.04, 2243
56.56, 2242
56.58, 2241
57.54, 2240
57.76, 2239
60.30, 2238
67.65, 2237
69.96, 2236
71.98, 2235
74.28, 2234
76.10, 2233
76.38, 2232
78.35, 2231
80.73, 2230
84.42, 2229
85.90, 2228
89.61, 2227
90.87, 2226
93.43, 2225
94.21, 2224
99.10, 2223
100.38, 2222
103.44, 2221
105.24, 2220
109.71, 2219
