1.39, 2277
1.40, 2276
1.40, 2275
1.40, 2274
1.40, 2273
1.41, 2272
1.41, 2271
1.41, 2270
1.42, 2269
1.42, 2268
1.42, 2267
1.42, 2266
1.43, 2265
1.43, 2264
1.43, 2263
1.44, 2262
1.44, 2261
1.44, 2260
1.44, 2259
1.45, 2258
1.49, 2257
1.50, 2256
1.72, 2255
1.82, 2254
1.92, 2253
1.99, 2252
2.12, 2251
2.19, 2250
2.22, 2249
2.27, 2248
2.33, 2247
2.38, 2246
2.43, 2245
2.47, 2244
2.51, 2243
2.54, 2242
2.63, 2241
3.15, 2240
3.19, 2239
3.24, 2238
3.29, 2237
3.31, 2236
3.37, 2235
3.40, 2234
3.48, 2233
3.48, 2232
3.71, 2231
3.73, 2230
3.80, 2229
3.81, 2228
3.86, 2227
3.91, 2226
4.15, 2225
4.21, 2224
4.31, 2223
4.34, 2222
5.59, 2221
5.72, 2220
6.46, 2219
6.53, 2218
6.72, 2217
6.91, 2216
6.93, 2215
7.11, 2214
7.12, 2213
7.15, 2212
7.23, 2211
8.93, 2210
10.19, 2209
10.34, 2208
10.41, 2207
10.41, 2206
10.66, 2205
13.09, 2204
19.76, 2203
