1.51, 2277
1.51, 2276
1.52, 2275
1.52, 2274
1.52, 2273
1.53, 2272
1.53, 2271
1.53, 2270
1.53, 2269
1.54, 2268
1.54, 2267
1.54, 2266
1.55, 2265
1.55, 2264
1.55, 2263
1.56, 2262
1.56, 2261
1.56, 2260
1.56, 2259
1.57, 2258
1.62, 2257
1.63, 2256
1.88, 2255
1.96, 2254
2.07, 2253
2.15, 2252
2.36, 2251
2.44, 2250
2.47, 2249
2.53, 2248
2.57, 2247
2.62, 2246
2.65, 2245
2.72, 2244
2.75, 2243
2.77, 2242
2.85, 2241
3.31, 2240
3.35, 2239
3.38, 2238
3.43, 2237
3.47, 2236
3.54, 2235
3.57, 2234
3.68, 2233
3.78, 2232
3.90, 2231
3.92, 2230
3.96, 2229
3.97, 2228
4.01, 2227
4.06, 2226
4.29, 2225
4.35, 2224
5.52, 2223
5.54, 2222
5.63, 2221
6.28, 2220
6.35, 2219
6.51, 2218
6.70, 2217
6.87, 2216
6.88, 2215
6.91, 2214
7.02, 2213
7.48, 2212
8.79, 2211
8.91, 2210
8.96, 2209
8.97, 2208
9.15, 2207
11.32, 2206
16.27, 2205
16.68, 2204
35.29, 2203
