2.06, 2276
21.16, 2275
21.24, 2274
22.65, 2273
23.94, 2272
24.23, 2271
24.34, 2270
24.51, 2269
25.09, 2268
25.18, 2267
25.49, 2266
26.14, 2265
26.30, 2264
27.95, 2263
27.98, 2262
30.04, 2261
32.02, 2260
32.76, 2259
33.71, 2258
33.85, 2257
34.56, 2256
36.38, 2255
36.43, 2254
36.97, 2253
38.10, 2252
38.27, 2251
38.32, 2250
38.85, 2249
38.97, 2248
39.35, 2247
39.65, 2246
39.81, 2245
41.03, 2244
42.03, 2243
42.27, 2242
43.80, 2241
46.00, 2240
46.79, 2239
47.91, 2238
49.43, 2237
49.69, 2236
51.01, 2235
51.61, 2234
53.40, 2233
54.16, 2232
58.49, 2231
59.22, 2230
67.20, 2229
70.31, 2228
75.60, 2227
81.71, 2226
87.94, 2225
88.81, 2224
89.14, 2223
90.77, 2222
92.91, 2221
102.90, 2220
