26.30, 2276
26.41, 2275
26.84, 2274
28.26, 2273
28.27, 2272
28.33, 2271
28.88, 2270
29.44, 2269
30.53, 2268
31.21, 2267
32.05, 2266
32.34, 2265
33.94, 2264
34.45, 2263
34.75, 2262
35.28, 2261
35.34, 2260
36.10, 2259
36.14, 2258
36.30, 2257
36.74, 2256
36.82, 2255
37.31, 2254
37.37, 2253
37.44, 2252
38.91, 2251
39.16, 2250
42.34, 2249
43.02, 2248
43.13, 2247
43.36, 2246
45.43, 2245
46.03, 2244
48.13, 2243
48.43, 2242
49.12, 2241
49.32, 2240
54.50, 2239
55.02, 2238
55.50, 2237
56.61, 2236
57.86, 2235
59.20, 2234
59.36, 2233
59.70, 2232
60.47, 2231
63.54, 2230
65.13, 2229
71.32, 2228
71.76, 2227
76.65, 2226
77.00, 2225
77.11, 2224
80.38, 2223
81.25, 2222
82.59, 2221
100.82, 2220
104.99, 2219
105.58, 2218
