1.34, 2277
1.35, 2276
1.35, 2275
1.35, 2274
1.35, 2273
1.35, 2272
1.36, 2271
1.36, 2270
1.36, 2269
1.36, 2268
1.37, 2267
1.37, 2266
1.37, 2265
1.38, 2264
1.38, 2263
1.38, 2262
1.38, 2261
1.39, 2260
1.39, 2259
1.39, 2258
1.43, 2257
1.45, 2256
1.60, 2255
1.68, 2254
1.80, 2253
1.90, 2252
2.17, 2251
2.27, 2250
2.31, 2249
2.34, 2248
2.48, 2247
2.53, 2246
2.58, 2245
2.64, 2244
2.66, 2243
2.77, 2242
3.16, 2241
3.22, 2240
3.26, 2239
3.33, 2238
3.35, 2237
3.46, 2236
3.53, 2235
3.61, 2234
3.92, 2233
3.94, 2232
3.99, 2231
4.30, 2230
4.34, 2229
5.14, 2228
5.60, 2227
5.61, 2226
5.71, 2225
6.48, 2224
6.57, 2223
6.71, 2222
6.94, 2221
7.10, 2220
7.12, 2219
7.12, 2218
8.44, 2217
8.50, 2216
9.42, 2215
9.71, 2214
9.82, 2213
9.91, 2212
9.91, 2211
9.96, 2210
10.14, 2209
12.81, 2208
21.05, 2207
26.89, 2206
26.93, 2205
31.57, 2204
42.03, 2203
