0.99, 2277
1.00, 2276
1.00, 2275
1.00, 2274
1.01, 2273
1.01, 2272
1.01, 2271
1.02, 2270
1.02, 2269
1.02, 2268
1.02, 2267
1.03, 2266
1.03, 2265
1.03, 2264
1.03, 2263
1.04, 2262
1.04, 2261
1.04, 2260
1.05, 2259
1.05, 2258
1.10, 2257
1.12, 2256
1.30, 2255
1.39, 2254
1.49, 2253
1.59, 2252
1.76, 2251
1.82, 2250
1.85, 2249
1.91, 2248
1.99, 2247
2.04, 2246
2.09, 2245
2.12, 2244
2.15, 2243
2.22, 2242
2.50, 2241
2.54, 2240
2.58, 2239
2.63, 2238
2.69, 2237
2.72, 2236
2.81, 2235
2.87, 2234
2.88, 2233
3.19, 2232
3.21, 2231
3.25, 2230
3.29, 2229
3.57, 2228
3.67, 2227
3.77, 2226
3.81, 2225
3.86, 2224
4.21, 2223
5.26, 2222
6.01, 2221
6.10, 2220
6.12, 2219
6.56, 2218
6.73, 2217
6.74, 2216
6.76, 2215
8.31, 2214
8.88, 2213
9.16, 2212
9.23, 2211
9.28, 2210
9.29, 2209
9.47, 2208
21.05, 2207
23.89, 2206
39.11, 2205
40.08, 2204
57.67, 2203
