20.56, 2276
20.71, 2275
20.89, 2274
20.96, 2273
21.36, 2272
21.60, 2271
21.96, 2270
23.57, 2269
24.17, 2268
24.74, 2267
25.12, 2266
27.82, 2265
28.31, 2264
28.49, 2263
28.58, 2262
29.53, 2261
31.02, 2260
31.04, 2259
31.75, 2258
32.27, 2257
32.34, 2256
35.51, 2255
37.95, 2254
38.52, 2253
39.53, 2252
39.57, 2251
40.44, 2250
41.41, 2249
41.85, 2248
42.91, 2247
42.99, 2246
43.60, 2245
43.62, 2244
44.73, 2243
45.64, 2242
48.76, 2241
50.18, 2240
51.68, 2239
55.90, 2238
61.98, 2237
62.11, 2236
63.16, 2235
65.29, 2234
65.30, 2233
70.02, 2232
73.42, 2231
75.39, 2230
79.84, 2229
83.39, 2228
84.93, 2227
86.60, 2226
96.80, 2225
97.00, 2224
99.03, 2223
102.85, 2222
104.86, 2221
106.99, 2220
