29.88, 2276
30.04, 2275
31.10, 2274
32.20, 2273
32.28, 2272
32.30, 2271
32.55, 2270
32.85, 2269
34.40, 2268
34.95, 2267
35.08, 2266
35.33, 2265
36.97, 2264
37.27, 2263
37.52, 2262
38.08, 2261
38.78, 2260
39.23, 2259
39.57, 2258
40.46, 2257
40.49, 2256
41.03, 2255
41.51, 2254
42.89, 2253
42.96, 2252
43.59, 2251
43.94, 2250
46.62, 2249
46.72, 2248
47.40, 2247
48.59, 2246
48.91, 2245
49.20, 2244
49.36, 2243
49.67, 2242
49.69, 2241
50.45, 2240
51.69, 2239
52.58, 2238
54.20, 2237
54.28, 2236
55.49, 2235
55.77, 2234
56.35, 2233
57.21, 2232
58.30, 2231
60.78, 2230
62.08, 2229
62.68, 2228
65.74, 2227
68.92, 2226
71.58, 2225
73.17, 2224
76.29, 2223
77.40, 2222
82.99, 2221
86.27, 2220
86.59, 2219
95.18, 2218
95.85, 2217
96.20, 2216
98.83, 2215
100.82, 2214
103.43, 2213
108.47, 2212
