24.30, 2276
24.60, 2275
24.92, 2274
25.40, 2273
25.99, 2272
27.00, 2271
28.09, 2270
29.67, 2269
29.81, 2268
30.63, 2267
30.65, 2266
30.91, 2265
31.53, 2264
31.62, 2263
32.30, 2262
33.74, 2261
34.40, 2260
34.94, 2259
36.44, 2258
37.15, 2257
37.65, 2256
37.93, 2255
38.18, 2254
40.27, 2253
40.79, 2252
40.95, 2251
43.16, 2250
44.48, 2249
44.52, 2248
45.01, 2247
46.47, 2246
47.07, 2245
48.23, 2244
49.45, 2243
50.01, 2242
50.59, 2241
51.95, 2240
52.11, 2239
52.96, 2238
57.03, 2237
57.25, 2236
57.44, 2235
57.46, 2234
58.37, 2233
59.36, 2232
60.35, 2231
64.84, 2230
68.64, 2229
70.33, 2228
76.11, 2227
77.49, 2226
82.28, 2225
82.98, 2224
94.62, 2223
95.28, 2222
109.04, 2221
