1.51, 2277
1.52, 2276
1.52, 2275
1.53, 2274
1.53, 2273
1.53, 2272
1.53, 2271
1.54, 2270
1.54, 2269
1.54, 2268
1.54, 2267
1.55, 2266
1.55, 2265
1.55, 2264
1.56, 2263
1.56, 2262
1.56, 2261
1.56, 2260
1.57, 2259
1.57, 2258
1.62, 2257
1.62, 2256
1.77, 2255
1.88, 2254
2.01, 2253
2.11, 2252
2.25, 2251
2.33, 2250
2.36, 2249
2.39, 2248
2.50, 2247
2.57, 2246
2.64, 2245
2.66, 2244
2.69, 2243
2.75, 2242
3.23, 2241
3.28, 2240
3.33, 2239
3.37, 2238
3.39, 2237
3.53, 2236
3.55, 2235
3.97, 2234
4.06, 2233
4.08, 2232
4.11, 2231
4.17, 2230
4.43, 2229
5.35, 2228
5.47, 2227
5.56, 2226
5.69, 2225
5.80, 2224
5.87, 2223
5.90, 2222
6.62, 2221
6.88, 2220
6.93, 2219
7.11, 2218
8.79, 2217
9.33, 2216
9.34, 2215
9.35, 2214
9.41, 2213
9.60, 2212
9.69, 2211
9.76, 2210
9.76, 2209
9.98, 2208
11.44, 2207
21.38, 2206
25.02, 2205
43.36, 2204
89.36, 2203
