6.48, 4697
6.54, 4696
6.58, 4695
6.62, 4694
6.64, 4693
6.66, 4692
6.68, 4691
6.71, 4690
6.74, 4689
6.77, 4688
6.79, 4687
6.81, 4686
6.83, 4685
6.85, 4684
6.88, 4683
6.90, 4682
6.93, 4681
6.95, 4680
6.99, 4679
7.03, 4678
7.05, 4677
7.07, 4676
7.10, 4675
7.13, 4674
7.15, 4673
7.17, 4672
7.19, 4671
7.21, 4670
7.24, 4669
7.26, 4668
7.28, 4667
7.30, 4666
7.33, 4665
7.36, 4664
7.38, 4663
7.40, 4662
7.42, 4661
7.45, 4660
7.47, 4659
7.50, 4658
7.52, 4657
7.55, 4656
7.57, 4655
7.59, 4654
7.62, 4653
7.86, 4652
7.88, 4651
8.35, 4650
8.57, 4649
9.05, 4648
9.24, 4647
9.52, 4646
9.76, 4645
10.04, 4644
10.54, 4643
10.91, 4642
11.29, 4641
11.52, 4640
11.55, 4639
11.62, 4638
11.69, 4637
12.47, 4636
12.51, 4635
12.61, 4634
12.79, 4633
13.44, 4632
14.03, 4631
14.75, 4630
14.79, 4629
15.72, 4628
16.37, 4627
16.56, 4626
17.26, 4625
17.45, 4624
17.90, 4623
18.66, 4622
18.91, 4621
19.00, 4620
19.24, 4619
19.54, 4618
19.97, 4617
20.29, 4616
20.52, 4615
20.84, 4614
21.33, 4613
22.42, 4612
22.55, 4611
22.91, 4610
23.26, 4609
23.56, 4608
23.74, 4607
23.82, 4606
24.20, 4605
25.13, 4604
26.14, 4603
26.22, 4602
27.52, 4601
27.64, 4600
28.39, 4599
28.46, 4598
28.81, 4597
29.30, 4596
29.55, 4595
29.99, 4594
32.31, 4593
32.58, 4592
32.65, 4591
32.78, 4590
34.15, 4589
34.45, 4588
37.09, 4587
37.82, 4586
37.85, 4585
38.18, 4584
38.49, 4583
39.21, 4582
39.77, 4581
41.16, 4580
41.40, 4579
42.95, 4578
43.92, 4577
45.00, 4576
45.23, 4575
46.11, 4574
48.09, 4573
48.83, 4572
49.33, 4571
49.77, 4570
55.95, 4569
67.26, 4568
70.67, 4567
93.98, 4566
96.51, 4565
98.81, 4564
108.96, 4563
109.97, 4562
111.17, 4561
113.66, 4560
116.38, 4559
116.47, 4558
117.93, 4557
119.23, 4556
119.88, 4555
121.55, 4554
122.95, 4553
123.38, 4552
125.82, 4551
132.67, 4550
137.81, 4549
138.27, 4548
139.51, 4547
141.33, 4546
210.56, 4545
272.60, 4544
