50.87, 4696
51.63, 4695
52.57, 4694
53.12, 4693
54.69, 4692
55.39, 4691
58.75, 4690
60.11, 4689
61.59, 4688
62.66, 4687
64.72, 4686
64.72, 4685
64.94, 4684
66.39, 4683
68.14, 4682
68.18, 4681
68.43, 4680
69.99, 4679
71.63, 4678
73.34, 4677
73.54, 4676
77.66, 4675
77.75, 4674
79.35, 4673
79.50, 4672
79.71, 4671
80.14, 4670
80.76, 4669
81.63, 4668
81.81, 4667
82.57, 4666
83.42, 4665
85.24, 4664
86.11, 4663
87.81, 4662
88.06, 4661
88.17, 4660
88.55, 4659
88.94, 4658
91.17, 4657
91.44, 4656
94.03, 4655
97.22, 4654
100.14, 4653
100.21, 4652
102.13, 4651
103.13, 4650
105.15, 4649
106.40, 4648
108.16, 4647
108.99, 4646
113.11, 4645
114.09, 4644
121.21, 4643
122.48, 4642
124.20, 4641
126.18, 4640
126.52, 4639
130.48, 4638
130.80, 4637
132.79, 4636
133.27, 4635
135.20, 4634
135.66, 4633
136.50, 4632
137.07, 4631
137.62, 4630
137.69, 4629
138.78, 4628
140.40, 4627
141.10, 4626
143.63, 4625
146.55, 4624
148.19, 4623
151.12, 4622
151.42, 4621
152.65, 4620
155.95, 4619
156.51, 4618
158.81, 4617
162.81, 4616
163.91, 4615
176.41, 4614
178.34, 4613
186.50, 4612
187.24, 4611
188.83, 4610
210.68, 4609
218.09, 4608
221.50, 4607
227.65, 4606
227.94, 4605
228.83, 4604
232.25, 4603
234.15, 4602
235.58, 4601
239.04, 4600
