6.09, 4697
6.14, 4696
6.17, 4695
6.20, 4694
6.22, 4693
6.25, 4692
6.27, 4691
6.31, 4690
6.35, 4689
6.38, 4688
6.43, 4687
6.45, 4686
6.48, 4685
6.50, 4684
6.53, 4683
6.55, 4682
6.58, 4681
6.60, 4680
6.62, 4679
6.65, 4678
6.67, 4677
6.70, 4676
6.73, 4675
6.76, 4674
6.78, 4673
6.80, 4672
6.83, 4671
6.85, 4670
6.87, 4669
6.90, 4668
6.92, 4667
6.94, 4666
6.97, 4665
6.99, 4664
7.01, 4663
7.04, 4662
7.06, 4661
7.08, 4660
7.10, 4659
7.13, 4658
7.15, 4657
7.17, 4656
7.20, 4655
7.22, 4654
7.24, 4653
7.41, 4652
7.53, 4651
7.94, 4650
8.12, 4649
8.60, 4648
8.80, 4647
9.12, 4646
9.30, 4645
9.55, 4644
9.97, 4643
10.31, 4642
10.71, 4641
10.92, 4640
10.94, 4639
10.97, 4638
11.04, 4637
11.79, 4636
11.86, 4635
11.94, 4634
12.08, 4633
12.74, 4632
13.27, 4631
14.00, 4630
14.08, 4629
15.14, 4628
15.65, 4627
16.00, 4626
16.09, 4625
16.95, 4624
17.07, 4623
17.56, 4622
18.34, 4621
18.48, 4620
18.58, 4619
18.61, 4618
19.33, 4617
19.71, 4616
19.98, 4615
20.07, 4614
20.32, 4613
20.91, 4612
21.77, 4611
22.12, 4610
22.27, 4609
22.52, 4608
22.79, 4607
22.92, 4606
23.33, 4605
24.16, 4604
24.39, 4603
25.25, 4602
25.32, 4601
26.32, 4600
26.68, 4599
26.94, 4598
27.62, 4597
27.69, 4596
27.79, 4595
28.31, 4594
28.86, 4593
31.63, 4592
31.95, 4591
32.07, 4590
32.22, 4589
33.80, 4588
33.87, 4587
35.76, 4586
36.46, 4585
37.24, 4584
37.36, 4583
37.60, 4582
37.98, 4581
38.17, 4580
38.56, 4579
39.02, 4578
40.16, 4577
40.92, 4576
41.46, 4575
41.87, 4574
43.50, 4573
43.89, 4572
44.99, 4571
46.07, 4570
47.90, 4569
48.97, 4568
49.04, 4567
49.29, 4566
59.43, 4565
68.49, 4564
71.76, 4563
71.84, 4562
101.95, 4561
107.01, 4560
107.82, 4559
115.89, 4558
117.95, 4557
124.57, 4556
125.26, 4555
132.59, 4554
133.07, 4553
138.37, 4552
141.11, 4551
150.74, 4550
151.06, 4549
155.67, 4548
197.56, 4547
213.16, 4546
224.04, 4545
305.48, 4544
385.39, 4543
