6.54, 7374
6.57, 7373
6.58, 7372
6.59, 7371
6.61, 7370
6.62, 7369
6.63, 7368
6.65, 7367
6.66, 7366
6.67, 7365
6.69, 7364
6.70, 7363
6.72, 7362
6.73, 7361
6.74, 7360
6.75, 7359
6.77, 7358
6.78, 7357
6.79, 7356
6.81, 7355
6.82, 7354
6.83, 7353
6.85, 7352
6.86, 7351
6.87, 7350
6.89, 7349
6.90, 7348
6.91, 7347
6.93, 7346
9.80, 7345
15.66, 7344
16.35, 7343
16.40, 7342
18.72, 7341
28.66, 7340
31.33, 7339
34.44, 7338
34.48, 7337
34.58, 7336
34.62, 7335
34.73, 7334
34.77, 7333
34.87, 7332
34.92, 7331
34.93, 7330
35.11, 7329
35.15, 7328
35.25, 7327
35.29, 7326
35.44, 7325
35.46, 7324
35.73, 7323
35.77, 7322
35.87, 7321
35.90, 7320
36.06, 7319
36.12, 7318
36.23, 7317
36.29, 7316
36.31, 7315
36.43, 7314
36.63, 7313
36.71, 7312
36.81, 7311
36.85, 7310
36.95, 7309
36.98, 7308
37.00, 7307
37.01, 7306
37.02, 7305
37.16, 7304
37.21, 7303
37.31, 7302
37.35, 7301
37.37, 7300
37.46, 7299
37.50, 7298
37.63, 7297
37.75, 7296
37.79, 7295
37.89, 7294
37.94, 7293
37.95, 7292
37.96, 7291
38.17, 7290
38.25, 7289
38.29, 7288
38.39, 7287
38.50, 7286
38.54, 7285
38.58, 7284
38.60, 7283
38.69, 7282
38.73, 7281
38.83, 7280
38.87, 7279
38.97, 7278
39.02, 7277
39.12, 7276
39.16, 7275
39.17, 7274
39.19, 7273
39.20, 7272
39.21, 7271
39.34, 7270
39.38, 7269
39.48, 7268
39.52, 7267
39.62, 7266
39.67, 7265
39.77, 7264
39.81, 7263
39.82, 7262
39.91, 7261
39.95, 7260
40.05, 7259
40.10, 7258
40.19, 7257
40.23, 7256
40.33, 7255
40.37, 7254
40.39, 7253
40.40, 7252
40.53, 7251
40.57, 7250
40.66, 7249
40.71, 7248
40.81, 7247
40.86, 7246
40.97, 7245
41.01, 7244
41.02, 7243
41.13, 7242
41.17, 7241
41.27, 7240
41.32, 7239
41.42, 7238
41.46, 7237
41.57, 7236
41.61, 7235
41.62, 7234
41.63, 7233
41.65, 7232
41.79, 7231
41.83, 7230
41.94, 7229
41.98, 7228
42.08, 7227
42.12, 7226
42.22, 7225
42.27, 7224
42.28, 7223
42.43, 7222
42.52, 7221
42.57, 7220
42.67, 7219
42.71, 7218
42.86, 7217
42.87, 7216
42.88, 7215
42.93, 7214
43.05, 7213
43.09, 7212
43.19, 7211
43.23, 7210
43.33, 7209
43.36, 7208
43.46, 7207
43.51, 7206
43.52, 7205
43.62, 7204
43.66, 7203
43.76, 7202
43.80, 7201
43.91, 7200
43.95, 7199
44.05, 7198
44.09, 7197
44.11, 7196
44.12, 7195
44.13, 7194
44.14, 7193
44.28, 7192
44.32, 7191
44.47, 7190
44.65, 7189
44.69, 7188
44.79, 7187
44.83, 7186
44.85, 7185
44.94, 7184
44.98, 7183
45.08, 7182
45.13, 7181
45.22, 7180
45.27, 7179
45.36, 7178
45.40, 7177
45.41, 7176
45.42, 7175
45.55, 7174
45.73, 7173
45.77, 7172
45.87, 7171
45.88, 7170
45.92, 7169
46.02, 7168
46.07, 7167
46.08, 7166
46.18, 7165
46.22, 7164
46.32, 7163
46.36, 7162
46.46, 7161
46.58, 7160
46.61, 7159
46.64, 7158
46.65, 7157
46.84, 7156
46.88, 7155
46.98, 7154
47.02, 7153
47.03, 7152
47.13, 7151
47.17, 7150
47.26, 7149
47.31, 7148
47.41, 7147
47.45, 7146
47.55, 7145
47.59, 7144
47.60, 7143
47.61, 7142
47.75, 7141
47.78, 7140
47.88, 7139
47.92, 7138
48.02, 7137
48.07, 7136
48.17, 7135
48.21, 7134
48.22, 7133
48.31, 7132
48.35, 7131
48.45, 7130
48.49, 7129
48.59, 7128
48.63, 7127
48.73, 7126
48.77, 7125
48.79, 7124
48.80, 7123
48.81, 7122
48.83, 7121
48.96, 7120
49.00, 7119
49.10, 7118
49.14, 7117
49.24, 7116
49.28, 7115
49.39, 7114
49.43, 7113
49.44, 7112
49.53, 7111
49.57, 7110
49.79, 7109
50.01, 7108
50.08, 7107
50.25, 7106
50.32, 7105
50.34, 7104
50.36, 7103
50.60, 7102
50.67, 7101
50.84, 7100
50.91, 7099
51.08, 7098
51.16, 7097
51.33, 7096
51.39, 7095
51.42, 7094
51.51, 7093
51.55, 7092
51.65, 7091
51.69, 7090
51.79, 7089
51.83, 7088
51.93, 7087
51.97, 7086
51.98, 7085
52.00, 7084
52.01, 7083
52.15, 7082
52.19, 7081
52.29, 7080
52.33, 7079
52.48, 7078
52.61, 7077
52.66, 7076
52.67, 7075
52.76, 7074
52.81, 7073
52.90, 7072
52.94, 7071
53.04, 7070
53.08, 7069
53.18, 7068
53.22, 7067
53.24, 7066
53.25, 7065
53.39, 7064
53.43, 7063
53.53, 7062
53.58, 7061
53.68, 7060
53.72, 7059
53.82, 7058
53.87, 7057
53.88, 7056
53.97, 7055
54.01, 7054
54.11, 7053
54.15, 7052
54.25, 7051
54.29, 7050
54.39, 7049
54.43, 7048
54.44, 7047
54.45, 7046
54.47, 7045
54.48, 7044
54.50, 7043
54.51, 7042
54.52, 7041
54.54, 7040
54.55, 7039
54.57, 7038
54.58, 7037
54.60, 7036
54.61, 7035
54.63, 7034
54.64, 7033
60.65, 7032
60.68, 7031
60.76, 7030
60.81, 7029
61.50, 7028
61.61, 7027
62.01, 7026
62.09, 7025
62.10, 7024
62.15, 7023
62.87, 7022
63.01, 7021
63.83, 7020
63.86, 7019
64.08, 7018
64.16, 7017
64.21, 7016
64.77, 7015
66.02, 7014
67.00, 7013
67.03, 7012
70.38, 7011
71.59, 7010
72.49, 7009
72.70, 7008
73.11, 7007
74.07, 7006
74.19, 7005
74.30, 7004
74.39, 7003
74.42, 7002
74.63, 7001
74.65, 7000
74.95, 6999
75.09, 6998
75.10, 6997
75.22, 6996
75.23, 6995
75.46, 6994
75.53, 6993
75.55, 6992
75.95, 6991
76.49, 6990
76.60, 6989
76.68, 6988
76.76, 6987
76.93, 6986
77.01, 6985
77.02, 6984
77.23, 6983
77.63, 6982
77.86, 6981
78.34, 6980
78.42, 6979
78.92, 6978
79.08, 6977
79.10, 6976
79.26, 6975
79.98, 6974
80.08, 6973
80.33, 6972
80.63, 6971
81.14, 6970
81.19, 6969
81.61, 6968
82.28, 6967
83.20, 6966
83.80, 6965
83.85, 6964
85.26, 6963
86.13, 6962
86.18, 6961
86.26, 6960
87.53, 6959
87.69, 6958
88.53, 6957
89.47, 6956
90.61, 6955
91.24, 6954
91.39, 6953
91.40, 6952
91.84, 6951
91.86, 6950
92.50, 6949
93.46, 6948
93.66, 6947
93.69, 6946
94.59, 6945
94.86, 6944
96.15, 6943
100.52, 6942
101.40, 6941
105.24, 6940
121.64, 6939
122.62, 6938
126.40, 6937
128.15, 6936
128.16, 6935
130.37, 6934
130.46, 6933
130.51, 6932
131.06, 6931
144.83, 6930
145.27, 6929
155.15, 6928
155.26, 6927
155.32, 6926
187.84, 6925
192.35, 6924
199.49, 6923
203.45, 6922
246.68, 6921
249.69, 6920
251.72, 6919
263.77, 6918
263.89, 6917
359.43, 6916
