5.84, 4697
5.88, 4696
5.90, 4695
5.92, 4694
5.94, 4693
5.97, 4692
5.99, 4691
6.01, 4690
6.04, 4689
6.06, 4688
6.08, 4687
6.10, 4686
6.12, 4685
6.15, 4684
6.17, 4683
6.19, 4682
6.21, 4681
6.25, 4680
6.28, 4679
6.30, 4678
6.32, 4677
6.34, 4676
6.36, 4675
6.39, 4674
6.41, 4673
6.43, 4672
6.46, 4671
6.48, 4670
6.50, 4669
6.53, 4668
6.56, 4667
6.58, 4666
6.60, 4665
6.63, 4664
6.65, 4663
6.68, 4662
6.72, 4661
6.76, 4660
6.80, 4659
6.84, 4658
6.86, 4657
6.88, 4656
6.90, 4655
6.93, 4654
6.95, 4653
7.05, 4652
7.19, 4651
7.58, 4650
7.94, 4649
8.26, 4648
8.51, 4647
8.73, 4646
9.14, 4645
9.17, 4644
9.62, 4643
10.02, 4642
10.35, 4641
10.58, 4640
10.60, 4639
10.71, 4638
10.73, 4637
11.50, 4636
11.58, 4635
11.66, 4634
11.82, 4633
12.51, 4632
12.89, 4631
13.67, 4630
13.74, 4629
14.58, 4628
15.37, 4627
15.67, 4626
15.75, 4625
16.46, 4624
16.76, 4623
17.37, 4622
17.85, 4621
18.23, 4620
18.33, 4619
18.35, 4618
18.79, 4617
19.18, 4616
19.48, 4615
19.58, 4614
19.87, 4613
20.31, 4612
21.32, 4611
21.76, 4610
22.00, 4609
22.19, 4608
22.46, 4607
22.54, 4606
22.93, 4605
23.93, 4604
24.49, 4603
25.51, 4602
25.65, 4601
27.14, 4600
27.35, 4599
28.01, 4598
28.10, 4597
28.47, 4596
28.95, 4595
29.14, 4594
29.69, 4593
32.01, 4592
32.38, 4591
32.53, 4590
32.69, 4589
34.03, 4588
37.28, 4587
37.48, 4586
37.57, 4585
37.85, 4584
38.31, 4583
39.01, 4582
39.28, 4581
40.26, 4580
40.65, 4579
40.88, 4578
42.03, 4577
43.79, 4576
44.44, 4575
45.55, 4574
45.90, 4573
46.52, 4572
46.93, 4571
47.39, 4570
47.70, 4569
47.98, 4568
48.61, 4567
48.90, 4566
49.71, 4565
49.85, 4564
55.46, 4563
59.20, 4562
61.41, 4561
70.96, 4560
73.06, 4559
73.88, 4558
74.02, 4557
108.44, 4556
109.06, 4555
112.26, 4554
132.62, 4553
140.84, 4552
158.97, 4551
169.09, 4550
172.70, 4549
223.80, 4548
258.30, 4547
321.39, 4546
329.53, 4545
348.33, 4544
421.52, 4543
