10.75, 4696
44.50, 4695
51.53, 4694
52.85, 4693
53.64, 4692
55.99, 4691
58.19, 4690
59.03, 4689
59.26, 4688
59.75, 4687
61.21, 4686
62.55, 4685
63.02, 4684
63.30, 4683
65.95, 4682
66.82, 4681
67.30, 4680
67.38, 4679
68.12, 4678
69.06, 4677
69.40, 4676
70.38, 4675
71.36, 4674
72.62, 4673
74.77, 4672
77.25, 4671
79.50, 4670
81.73, 4669
82.66, 4668
84.12, 4667
85.80, 4666
87.90, 4665
89.00, 4664
91.39, 4663
91.53, 4662
93.21, 4661
93.44, 4660
95.23, 4659
95.87, 4658
96.29, 4657
100.32, 4656
102.68, 4655
105.00, 4654
105.52, 4653
106.98, 4652
111.14, 4651
112.22, 4650
112.46, 4649
113.96, 4648
114.49, 4647
115.57, 4646
115.61, 4645
117.09, 4644
119.58, 4643
119.76, 4642
122.89, 4641
124.06, 4640
125.11, 4639
126.51, 4638
127.09, 4637
129.47, 4636
132.45, 4635
134.84, 4634
135.14, 4633
140.59, 4632
141.26, 4631
141.51, 4630
142.69, 4629
143.92, 4628
152.39, 4627
155.59, 4626
156.53, 4625
157.34, 4624
158.13, 4623
161.68, 4622
164.37, 4621
164.65, 4620
167.64, 4619
168.35, 4618
169.77, 4617
171.26, 4616
171.79, 4615
175.62, 4614
179.89, 4613
184.27, 4612
187.39, 4611
190.09, 4610
190.36, 4609
195.21, 4608
195.99, 4607
203.18, 4606
205.31, 4605
210.69, 4604
213.70, 4603
221.88, 4602
223.82, 4601
