5.52, 7374
5.55, 7373
5.56, 7372
5.57, 7371
5.59, 7370
5.60, 7369
5.62, 7368
5.63, 7367
5.64, 7366
5.66, 7365
5.67, 7364
5.68, 7363
5.70, 7362
5.71, 7361
5.72, 7360
5.74, 7359
5.75, 7358
5.76, 7357
5.78, 7356
5.79, 7355
5.80, 7354
5.82, 7353
5.83, 7352
5.84, 7351
5.86, 7350
5.87, 7349
5.88, 7348
5.90, 7347
5.91, 7346
9.23, 7345
13.15, 7344
13.75, 7343
13.79, 7342
15.18, 7341
23.91, 7340
26.10, 7339
28.84, 7338
28.88, 7337
28.98, 7336
29.02, 7335
29.13, 7334
29.17, 7333
29.27, 7332
29.31, 7331
29.33, 7330
29.51, 7329
29.55, 7328
29.65, 7327
29.69, 7326
29.84, 7325
29.88, 7324
30.18, 7323
30.22, 7322
30.33, 7321
30.37, 7320
30.47, 7319
30.51, 7318
30.62, 7317
30.66, 7316
30.67, 7315
30.77, 7314
30.91, 7313
30.95, 7312
31.06, 7311
31.10, 7310
31.20, 7309
31.24, 7308
31.26, 7307
31.27, 7306
31.28, 7305
31.43, 7304
31.47, 7303
31.58, 7302
31.62, 7301
31.64, 7300
31.73, 7299
31.77, 7298
31.91, 7297
32.02, 7296
32.06, 7295
32.16, 7294
32.21, 7293
32.22, 7292
32.23, 7291
32.43, 7290
32.56, 7289
32.60, 7288
32.71, 7287
32.83, 7286
32.87, 7285
32.92, 7284
32.95, 7283
33.11, 7282
33.18, 7281
33.27, 7280
33.31, 7279
33.41, 7278
33.45, 7277
33.54, 7276
33.59, 7275
33.60, 7274
33.61, 7273
33.63, 7272
33.64, 7271
33.77, 7270
33.81, 7269
33.91, 7268
33.96, 7267
34.06, 7266
34.10, 7265
34.21, 7264
34.26, 7263
34.28, 7262
34.37, 7261
34.41, 7260
34.51, 7259
34.55, 7258
34.65, 7257
34.69, 7256
34.79, 7255
34.83, 7254
34.85, 7253
34.86, 7252
35.01, 7251
35.05, 7250
35.15, 7249
35.19, 7248
35.29, 7247
35.33, 7246
35.43, 7245
35.47, 7244
35.48, 7243
35.58, 7242
35.62, 7241
35.72, 7240
35.76, 7239
35.86, 7238
35.90, 7237
36.00, 7236
36.04, 7235
36.05, 7234
36.07, 7233
36.08, 7232
36.22, 7231
36.26, 7230
36.43, 7229
36.50, 7228
36.66, 7227
36.73, 7226
36.89, 7225
36.97, 7224
36.99, 7223
37.29, 7222
37.32, 7221
37.37, 7220
37.47, 7219
37.51, 7218
37.65, 7217
37.68, 7216
37.69, 7215
37.71, 7214
37.84, 7213
37.88, 7212
37.99, 7211
38.03, 7210
38.13, 7209
38.17, 7208
38.28, 7207
38.32, 7206
38.33, 7205
38.44, 7204
38.48, 7203
38.58, 7202
38.62, 7201
38.76, 7200
38.83, 7199
38.95, 7198
39.00, 7197
39.01, 7196
39.02, 7195
39.03, 7194
39.05, 7193
39.18, 7192
39.22, 7191
39.43, 7190
39.60, 7189
39.64, 7188
39.75, 7187
39.79, 7186
39.81, 7185
39.90, 7184
39.94, 7183
40.05, 7182
40.09, 7181
40.25, 7180
40.32, 7179
40.49, 7178
40.56, 7177
40.58, 7176
40.60, 7175
40.81, 7174
40.94, 7173
40.99, 7172
41.06, 7171
41.10, 7170
41.14, 7169
41.23, 7168
41.27, 7167
41.28, 7166
41.37, 7165
41.42, 7164
41.51, 7163
41.55, 7162
41.64, 7161
41.75, 7160
41.79, 7159
41.81, 7158
41.82, 7157
42.01, 7156
42.05, 7155
42.15, 7154
42.19, 7153
42.21, 7152
42.30, 7151
42.34, 7150
42.48, 7149
42.52, 7148
42.62, 7147
42.66, 7146
42.76, 7145
42.80, 7144
42.82, 7143
42.83, 7142
42.97, 7141
43.01, 7140
43.11, 7139
43.17, 7138
43.33, 7137
43.40, 7136
43.51, 7135
43.55, 7134
43.57, 7133
43.66, 7132
43.70, 7131
43.80, 7130
43.84, 7129
43.94, 7128
43.98, 7127
44.07, 7126
44.11, 7125
44.12, 7124
44.14, 7123
44.15, 7122
44.16, 7121
44.30, 7120
44.33, 7119
44.43, 7118
44.47, 7117
44.57, 7116
44.61, 7115
44.71, 7114
44.76, 7113
44.78, 7112
44.87, 7111
44.91, 7110
45.04, 7109
45.19, 7108
45.22, 7107
45.33, 7106
45.38, 7105
45.40, 7104
45.42, 7103
45.55, 7102
45.59, 7101
45.69, 7100
45.73, 7099
45.83, 7098
45.87, 7097
45.96, 7096
46.00, 7095
46.02, 7094
46.11, 7093
46.15, 7092
46.25, 7091
46.29, 7090
46.38, 7089
46.42, 7088
46.52, 7087
46.56, 7086
46.57, 7085
46.59, 7084
46.60, 7083
46.75, 7082
46.80, 7081
46.89, 7080
46.93, 7079
47.06, 7078
47.18, 7077
47.23, 7076
47.24, 7075
47.33, 7074
47.37, 7073
47.47, 7072
47.51, 7071
47.62, 7070
47.66, 7069
47.75, 7068
47.80, 7067
47.82, 7066
47.84, 7065
48.08, 7064
48.14, 7063
48.29, 7062
48.33, 7061
48.43, 7060
48.47, 7059
48.57, 7058
48.62, 7057
48.63, 7056
48.73, 7055
48.77, 7054
48.86, 7053
48.91, 7052
49.01, 7051
49.05, 7050
49.15, 7049
49.20, 7048
49.21, 7047
49.23, 7046
49.24, 7045
49.26, 7044
49.27, 7043
49.29, 7042
49.30, 7041
49.32, 7040
49.33, 7039
49.35, 7038
49.36, 7037
49.38, 7036
49.39, 7035
49.41, 7034
49.43, 7033
50.86, 7032
53.11, 7031
54.56, 7030
54.62, 7029
54.65, 7028
54.76, 7027
54.80, 7026
55.05, 7025
55.35, 7024
55.49, 7023
55.56, 7022
55.68, 7021
55.70, 7020
55.75, 7019
56.17, 7018
56.43, 7017
56.53, 7016
56.65, 7015
57.17, 7014
57.19, 7013
57.61, 7012
57.82, 7011
58.12, 7010
58.73, 7009
58.91, 7008
59.37, 7007
60.38, 7006
60.91, 7005
61.16, 7004
61.21, 7003
61.35, 7002
63.39, 7001
64.13, 7000
64.47, 6999
64.91, 6998
65.23, 6997
65.61, 6996
68.59, 6995
68.82, 6994
68.87, 6993
69.00, 6992
69.13, 6991
69.15, 6990
69.36, 6989
69.37, 6988
69.57, 6987
69.65, 6986
69.67, 6985
69.85, 6984
70.58, 6983
71.09, 6982
71.11, 6981
71.14, 6980
71.44, 6979
72.01, 6978
72.57, 6977
72.59, 6976
73.00, 6975
73.02, 6974
73.23, 6973
73.98, 6972
74.23, 6971
74.35, 6970
74.48, 6969
74.70, 6968
75.00, 6967
75.14, 6966
76.64, 6965
77.51, 6964
77.66, 6963
78.34, 6962
78.36, 6961
79.50, 6960
79.99, 6959
80.64, 6958
82.29, 6957
83.45, 6956
84.42, 6955
84.95, 6954
84.98, 6953
85.41, 6952
85.43, 6951
85.47, 6950
86.08, 6949
86.65, 6948
87.80, 6947
88.28, 6946
89.55, 6945
91.86, 6944
91.95, 6943
93.35, 6942
110.65, 6941
110.76, 6940
110.82, 6939
111.05, 6938
112.69, 6937
116.58, 6936
117.67, 6935
118.07, 6934
119.13, 6933
122.31, 6932
122.32, 6931
122.37, 6930
162.93, 6929
163.99, 6928
164.16, 6927
165.52, 6926
175.52, 6925
178.12, 6924
213.68, 6923
224.42, 6922
226.81, 6921
262.20, 6920
331.48, 6919
335.01, 6918
335.36, 6917
361.17, 6916
437.28, 6915
