10.43, 4696
52.63, 4695
54.15, 4694
54.36, 4693
56.12, 4692
57.53, 4691
57.90, 4690
60.53, 4689
62.26, 4688
62.32, 4687
62.78, 4686
63.58, 4685
64.22, 4684
67.81, 4683
68.52, 4682
70.41, 4681
70.48, 4680
72.82, 4679
74.22, 4678
76.14, 4677
76.14, 4676
76.15, 4675
76.32, 4674
79.86, 4673
80.19, 4672
80.92, 4671
82.18, 4670
84.02, 4669
85.00, 4668
86.62, 4667
88.78, 4666
89.63, 4665
90.35, 4664
96.14, 4663
98.73, 4662
98.99, 4661
101.86, 4660
104.97, 4659
105.63, 4658
109.03, 4657
109.91, 4656
112.35, 4655
112.59, 4654
115.31, 4653
115.36, 4652
116.87, 4651
117.18, 4650
118.16, 4649
118.60, 4648
122.15, 4647
124.30, 4646
124.40, 4645
127.25, 4644
129.94, 4643
131.76, 4642
133.76, 4641
140.84, 4640
141.68, 4639
142.12, 4638
144.24, 4637
145.35, 4636
148.56, 4635
149.03, 4634
150.82, 4633
153.53, 4632
158.13, 4631
162.71, 4630
167.54, 4629
169.29, 4628
176.30, 4627
179.74, 4626
180.19, 4625
193.18, 4624
197.56, 4623
198.47, 4622
203.75, 4621
209.03, 4620
211.86, 4619
213.07, 4618
214.76, 4617
221.46, 4616
223.43, 4615
231.72, 4614
232.31, 4613
233.07, 4612
