5.76, 7374
5.78, 7373
5.80, 7372
5.81, 7371
5.82, 7370
5.84, 7369
5.85, 7368
5.86, 7367
5.88, 7366
5.89, 7365
5.90, 7364
5.92, 7363
5.93, 7362
5.94, 7361
5.96, 7360
5.97, 7359
5.98, 7358
6.00, 7357
6.01, 7356
6.03, 7355
6.04, 7354
6.05, 7353
6.07, 7352
6.08, 7351
6.09, 7350
6.11, 7349
6.12, 7348
6.14, 7347
6.15, 7346
9.36, 7345
13.70, 7344
14.30, 7343
14.35, 7342
16.07, 7341
24.16, 7340
26.25, 7339
28.35, 7338
28.39, 7337
28.48, 7336
28.52, 7335
28.63, 7334
28.67, 7333
28.77, 7332
28.81, 7331
28.83, 7330
29.09, 7329
29.17, 7328
29.34, 7327
29.41, 7326
29.66, 7325
29.71, 7324
30.12, 7323
30.17, 7322
30.27, 7321
30.31, 7320
30.41, 7319
30.46, 7318
30.56, 7317
30.60, 7316
30.62, 7315
30.72, 7314
30.86, 7313
30.90, 7312
30.99, 7311
31.03, 7310
31.13, 7309
31.17, 7308
31.18, 7307
31.20, 7306
31.21, 7305
31.44, 7304
31.51, 7303
31.62, 7302
31.66, 7301
31.68, 7300
31.85, 7299
31.91, 7298
32.05, 7297
32.14, 7296
32.18, 7295
32.28, 7294
32.33, 7293
32.34, 7292
32.36, 7291
32.55, 7290
32.67, 7289
32.71, 7288
32.81, 7287
32.90, 7286
32.98, 7285
33.02, 7284
33.04, 7283
33.13, 7282
33.17, 7281
33.28, 7280
33.32, 7279
33.42, 7278
33.47, 7277
33.57, 7276
33.61, 7275
33.63, 7274
33.64, 7273
33.65, 7272
33.67, 7271
33.81, 7270
33.88, 7269
34.04, 7268
34.11, 7267
34.28, 7266
34.35, 7265
34.52, 7264
34.60, 7263
34.62, 7262
34.79, 7261
34.86, 7260
34.96, 7259
35.00, 7258
35.10, 7257
35.15, 7256
35.25, 7255
35.29, 7254
35.30, 7253
35.31, 7252
35.45, 7251
35.49, 7250
35.59, 7249
35.64, 7248
35.74, 7247
35.78, 7246
35.88, 7245
35.92, 7244
35.93, 7243
36.04, 7242
36.08, 7241
36.17, 7240
36.21, 7239
36.38, 7238
36.42, 7237
36.52, 7236
36.56, 7235
36.57, 7234
36.58, 7233
36.60, 7232
36.74, 7231
36.78, 7230
36.88, 7229
36.92, 7228
37.02, 7227
37.06, 7226
37.17, 7225
37.21, 7224
37.23, 7223
37.39, 7222
37.48, 7221
37.53, 7220
37.63, 7219
37.67, 7218
37.80, 7217
37.81, 7216
37.83, 7215
37.88, 7214
38.04, 7213
38.08, 7212
38.19, 7211
38.23, 7210
38.34, 7209
38.38, 7208
38.49, 7207
38.53, 7206
38.55, 7205
38.66, 7204
38.70, 7203
38.81, 7202
38.85, 7201
38.96, 7200
39.01, 7199
39.15, 7198
39.20, 7197
39.21, 7196
39.23, 7195
39.24, 7194
39.26, 7193
39.41, 7192
39.46, 7191
39.66, 7190
39.77, 7189
39.82, 7188
39.94, 7187
39.99, 7186
40.00, 7185
40.12, 7184
40.21, 7183
40.32, 7182
40.37, 7181
40.49, 7180
40.54, 7179
40.65, 7178
40.70, 7177
40.72, 7176
40.73, 7175
40.91, 7174
41.19, 7173
41.24, 7172
41.34, 7171
41.35, 7170
41.39, 7169
41.49, 7168
41.53, 7167
41.55, 7166
41.65, 7165
41.69, 7164
41.79, 7163
41.83, 7162
41.92, 7161
42.03, 7160
42.07, 7159
42.10, 7158
42.11, 7157
42.35, 7156
42.39, 7155
42.48, 7154
42.52, 7153
42.54, 7152
42.69, 7151
42.76, 7150
42.92, 7149
43.00, 7148
43.16, 7147
43.24, 7146
43.40, 7145
43.47, 7144
43.49, 7143
43.52, 7142
43.70, 7141
43.74, 7140
43.84, 7139
43.88, 7138
43.98, 7137
44.05, 7136
44.22, 7135
44.29, 7134
44.30, 7133
44.41, 7132
44.45, 7131
44.55, 7130
44.59, 7129
44.71, 7128
44.75, 7127
44.86, 7126
44.90, 7125
44.92, 7124
44.93, 7123
44.95, 7122
44.96, 7121
45.11, 7120
45.16, 7119
45.27, 7118
45.32, 7117
45.43, 7116
45.47, 7115
45.58, 7114
45.63, 7113
45.65, 7112
45.75, 7111
45.80, 7110
45.96, 7109
46.08, 7108
46.13, 7107
46.24, 7106
46.28, 7105
46.30, 7104
46.31, 7103
46.47, 7102
46.52, 7101
46.63, 7100
46.71, 7099
46.81, 7098
46.86, 7097
46.95, 7096
47.00, 7095
47.01, 7094
47.11, 7093
47.15, 7092
47.25, 7091
47.29, 7090
47.39, 7089
47.43, 7088
47.54, 7087
47.58, 7086
47.60, 7085
47.61, 7084
47.62, 7083
47.77, 7082
47.82, 7081
47.92, 7080
47.96, 7079
48.10, 7078
48.23, 7077
48.27, 7076
48.28, 7075
48.38, 7074
48.43, 7073
48.54, 7072
48.58, 7071
48.69, 7070
48.73, 7069
48.83, 7068
48.87, 7067
48.88, 7066
48.90, 7065
49.04, 7064
49.08, 7063
49.17, 7062
49.22, 7061
49.32, 7060
49.36, 7059
49.46, 7058
49.50, 7057
49.51, 7056
49.62, 7055
49.69, 7054
49.85, 7053
49.92, 7052
50.03, 7051
50.08, 7050
50.18, 7049
50.22, 7048
50.23, 7047
50.25, 7046
50.26, 7045
50.28, 7044
50.29, 7043
50.31, 7042
50.32, 7041
50.34, 7040
50.36, 7039
50.37, 7038
50.39, 7037
50.40, 7036
50.42, 7035
50.44, 7034
50.46, 7033
52.03, 7032
54.97, 7031
57.47, 7030
57.58, 7029
57.64, 7028
57.71, 7027
57.76, 7026
58.12, 7025
58.44, 7024
58.55, 7023
58.69, 7022
58.85, 7021
58.87, 7020
58.89, 7019
58.94, 7018
59.63, 7017
59.68, 7016
59.75, 7015
59.77, 7014
59.88, 7013
59.90, 7012
60.38, 7011
60.40, 7010
60.70, 7009
60.79, 7008
60.82, 7007
60.95, 7006
61.26, 7005
61.36, 7004
62.19, 7003
62.24, 7002
62.26, 7001
62.48, 7000
63.18, 6999
63.68, 6998
64.49, 6997
64.63, 6996
64.71, 6995
67.13, 6994
68.00, 6993
70.06, 6992
70.17, 6991
71.17, 6990
72.85, 6989
73.12, 6988
73.18, 6987
73.21, 6986
73.33, 6985
73.46, 6984
73.54, 6983
73.71, 6982
73.72, 6981
74.00, 6980
74.01, 6979
74.30, 6978
74.41, 6977
74.47, 6976
74.50, 6975
74.76, 6974
75.65, 6973
75.92, 6972
76.02, 6971
76.14, 6970
76.18, 6969
76.23, 6968
76.51, 6967
77.06, 6966
77.16, 6965
77.63, 6964
77.69, 6963
78.36, 6962
78.38, 6961
78.50, 6960
79.40, 6959
79.70, 6958
79.84, 6957
79.92, 6956
80.03, 6955
80.09, 6954
80.15, 6953
80.17, 6952
80.30, 6951
80.49, 6950
81.12, 6949
81.24, 6948
81.75, 6947
82.54, 6946
83.62, 6945
83.98, 6944
85.69, 6943
85.70, 6942
85.72, 6941
85.88, 6940
86.10, 6939
87.24, 6938
90.09, 6937
91.24, 6936
92.09, 6935
92.16, 6934
94.94, 6933
96.55, 6932
102.14, 6931
116.25, 6930
116.53, 6929
129.78, 6928
132.06, 6927
132.28, 6926
132.98, 6925
144.86, 6924
152.77, 6923
166.01, 6922
176.84, 6921
185.00, 6920
200.80, 6919
201.90, 6918
227.74, 6917
303.53, 6916
305.83, 6915
307.09, 6914
336.29, 6913
337.77, 6912
