5.53, 7374
5.56, 7373
5.57, 7372
5.58, 7371
5.60, 7370
5.61, 7369
5.62, 7368
5.64, 7367
5.65, 7366
5.66, 7365
5.68, 7364
5.69, 7363
5.70, 7362
5.72, 7361
5.73, 7360
5.74, 7359
5.76, 7358
5.78, 7357
5.79, 7356
5.81, 7355
5.84, 7354
5.86, 7353
5.89, 7352
5.91, 7351
5.93, 7350
5.96, 7349
5.98, 7348
6.00, 7347
6.03, 7346
9.89, 7345
14.53, 7344
15.09, 7343
15.16, 7342
16.85, 7341
25.31, 7340
27.08, 7339
29.15, 7338
29.19, 7337
29.33, 7336
29.38, 7335
29.47, 7334
29.51, 7333
29.61, 7332
29.69, 7331
29.71, 7330
29.91, 7329
29.95, 7328
30.10, 7327
30.14, 7326
30.27, 7325
30.33, 7324
30.70, 7323
30.75, 7322
30.86, 7321
30.91, 7320
31.07, 7319
31.13, 7318
31.23, 7317
31.27, 7316
31.28, 7315
31.40, 7314
31.56, 7313
31.61, 7312
31.72, 7311
31.76, 7310
31.85, 7309
31.89, 7308
31.90, 7307
31.92, 7306
31.93, 7305
32.08, 7304
32.13, 7303
32.22, 7302
32.27, 7301
32.28, 7300
32.38, 7299
32.42, 7298
32.56, 7297
32.67, 7296
32.71, 7295
32.87, 7294
32.91, 7293
32.92, 7292
32.93, 7291
33.19, 7290
33.31, 7289
33.35, 7288
33.53, 7287
33.67, 7286
33.71, 7285
33.75, 7284
33.77, 7283
33.87, 7282
33.91, 7281
34.01, 7280
34.05, 7279
34.15, 7278
34.22, 7277
34.32, 7276
34.36, 7275
34.38, 7274
34.39, 7273
34.41, 7272
34.43, 7271
34.59, 7270
34.65, 7269
34.79, 7268
34.83, 7267
34.93, 7266
34.98, 7265
35.09, 7264
35.13, 7263
35.14, 7262
35.23, 7261
35.27, 7260
35.40, 7259
35.44, 7258
35.56, 7257
35.60, 7256
35.70, 7255
35.74, 7254
35.75, 7253
35.76, 7252
35.90, 7251
35.95, 7250
36.07, 7249
36.11, 7248
36.22, 7247
36.31, 7246
36.42, 7245
36.46, 7244
36.47, 7243
36.61, 7242
36.65, 7241
36.77, 7240
36.85, 7239
36.95, 7238
37.00, 7237
37.12, 7236
37.16, 7235
37.17, 7234
37.20, 7233
37.21, 7232
37.36, 7231
37.41, 7230
37.51, 7229
37.56, 7228
37.68, 7227
37.72, 7226
37.85, 7225
37.89, 7224
37.91, 7223
38.10, 7222
38.17, 7221
38.22, 7220
38.32, 7219
38.37, 7218
38.49, 7217
38.51, 7216
38.52, 7215
38.61, 7214
38.73, 7213
38.77, 7212
38.87, 7211
38.92, 7210
39.04, 7209
39.08, 7208
39.23, 7207
39.28, 7206
39.30, 7205
39.40, 7204
39.44, 7203
39.54, 7202
39.58, 7201
39.67, 7200
39.71, 7199
39.82, 7198
39.86, 7197
39.88, 7196
39.89, 7195
39.90, 7194
39.92, 7193
40.06, 7192
40.11, 7191
40.28, 7190
40.41, 7189
40.46, 7188
40.56, 7187
40.60, 7186
40.62, 7185
40.71, 7184
40.77, 7183
40.90, 7182
40.96, 7181
41.06, 7180
41.10, 7179
41.25, 7178
41.26, 7177
41.28, 7176
41.34, 7175
41.48, 7174
41.65, 7173
41.70, 7172
41.79, 7171
41.81, 7170
41.85, 7169
41.97, 7168
42.01, 7167
42.02, 7166
42.17, 7165
42.21, 7164
42.35, 7163
42.40, 7162
42.53, 7161
42.66, 7160
42.73, 7159
42.77, 7158
42.80, 7157
42.99, 7156
43.03, 7155
43.17, 7154
43.22, 7153
43.23, 7152
43.33, 7151
43.37, 7150
43.54, 7149
43.58, 7148
43.73, 7147
43.79, 7146
43.94, 7145
43.98, 7144
44.00, 7143
44.01, 7142
44.17, 7141
44.21, 7140
44.31, 7139
44.35, 7138
44.46, 7137
44.50, 7136
44.59, 7135
44.66, 7134
44.68, 7133
44.78, 7132
44.83, 7131
44.92, 7130
44.96, 7129
45.09, 7128
45.14, 7127
45.29, 7126
45.33, 7125
45.34, 7124
45.36, 7123
45.37, 7122
45.38, 7121
45.55, 7120
45.62, 7119
45.74, 7118
45.78, 7117
45.91, 7116
45.97, 7115
46.09, 7114
46.14, 7113
46.15, 7112
46.25, 7111
46.32, 7110
46.49, 7109
46.62, 7108
46.66, 7107
46.75, 7106
46.79, 7105
46.80, 7104
46.82, 7103
46.95, 7102
47.01, 7101
47.12, 7100
47.16, 7099
47.26, 7098
47.31, 7097
47.41, 7096
47.45, 7095
47.47, 7094
47.57, 7093
47.61, 7092
47.75, 7091
47.81, 7090
47.91, 7089
47.95, 7088
48.06, 7087
48.10, 7086
48.11, 7085
48.12, 7084
48.14, 7083
48.31, 7082
48.35, 7081
48.46, 7080
48.50, 7079
48.66, 7078
48.73, 7077
48.77, 7076
48.78, 7075
48.90, 7074
48.94, 7073
49.08, 7072
49.13, 7071
49.22, 7070
49.27, 7069
49.36, 7068
49.40, 7067
49.43, 7066
49.44, 7065
49.64, 7064
49.68, 7063
49.80, 7062
49.84, 7061
49.97, 7060
50.01, 7059
50.20, 7058
50.24, 7057
50.25, 7056
50.43, 7055
50.49, 7054
50.60, 7053
50.64, 7052
50.78, 7051
50.82, 7050
50.92, 7049
50.96, 7048
50.99, 7047
51.01, 7046
51.04, 7045
51.06, 7044
51.08, 7043
51.10, 7042
51.11, 7041
51.13, 7040
51.14, 7039
51.16, 7038
51.18, 7037
51.19, 7036
51.21, 7035
51.22, 7034
51.24, 7033
57.00, 7032
57.04, 7031
57.20, 7030
57.39, 7029
57.48, 7028
57.76, 7027
58.19, 7026
58.29, 7025
58.38, 7024
58.55, 7023
58.58, 7022
58.71, 7021
58.77, 7020
58.94, 7019
59.44, 7018
59.58, 7017
60.05, 7016
60.19, 7015
60.22, 7014
60.33, 7013
60.52, 7012
61.05, 7011
61.76, 7010
62.20, 7009
62.69, 7008
63.64, 7007
64.02, 7006
64.07, 7005
64.36, 7004
64.39, 7003
67.08, 7002
68.80, 7001
70.16, 7000
70.68, 6999
71.23, 6998
72.91, 6997
73.11, 6996
73.13, 6995
73.21, 6994
73.23, 6993
73.35, 6992
73.37, 6991
73.50, 6990
73.60, 6989
73.62, 6988
73.87, 6987
73.89, 6986
74.04, 6985
74.21, 6984
74.22, 6983
74.31, 6982
74.85, 6981
75.39, 6980
75.45, 6979
75.47, 6978
76.50, 6977
77.63, 6976
77.65, 6975
77.77, 6974
78.68, 6973
79.29, 6972
79.33, 6971
79.50, 6970
80.04, 6969
80.12, 6968
80.37, 6967
81.14, 6966
81.19, 6965
81.85, 6964
82.15, 6963
82.20, 6962
84.25, 6961
84.34, 6960
85.36, 6959
85.86, 6958
86.83, 6957
95.43, 6956
95.48, 6955
96.01, 6954
96.08, 6953
98.43, 6952
99.75, 6951
100.71, 6950
100.89, 6949
101.58, 6948
102.10, 6947
102.12, 6946
102.17, 6945
102.40, 6944
102.62, 6943
106.06, 6942
123.65, 6941
123.70, 6940
123.71, 6939
128.05, 6938
129.34, 6937
129.39, 6936
129.43, 6935
134.23, 6934
134.49, 6933
134.50, 6932
137.68, 6931
138.03, 6930
141.10, 6929
143.42, 6928
145.47, 6927
207.74, 6926
209.62, 6925
239.48, 6924
239.63, 6923
241.09, 6922
244.02, 6921
282.73, 6920
297.19, 6919
348.80, 6918
369.37, 6917
369.83, 6916
369.85, 6915
430.65, 6914
465.35, 6913
465.50, 6912
528.39, 6911
