10.67, 4696
45.46, 4695
46.37, 4694
46.56, 4693
49.47, 4692
49.72, 4691
53.13, 4690
55.97, 4689
56.01, 4688
56.13, 4687
56.36, 4686
56.76, 4685
56.98, 4684
58.80, 4683
61.18, 4682
61.75, 4681
61.78, 4680
63.35, 4679
66.24, 4678
66.96, 4677
68.69, 4676
69.21, 4675
69.56, 4674
73.00, 4673
73.80, 4672
74.78, 4671
77.08, 4670
79.19, 4669
80.43, 4668
80.61, 4667
80.91, 4666
81.38, 4665
85.45, 4664
86.24, 4663
87.75, 4662
88.19, 4661
90.23, 4660
90.42, 4659
92.73, 4658
94.34, 4657
96.86, 4656
97.87, 4655
98.89, 4654
99.53, 4653
100.48, 4652
103.03, 4651
103.41, 4650
104.65, 4649
105.14, 4648
109.29, 4647
109.53, 4646
115.46, 4645
116.30, 4644
120.61, 4643
122.75, 4642
124.75, 4641
126.89, 4640
127.46, 4639
132.18, 4638
137.45, 4637
137.84, 4636
141.63, 4635
143.85, 4634
147.65, 4633
148.33, 4632
151.41, 4631
153.30, 4630
155.26, 4629
162.20, 4628
162.71, 4627
164.17, 4626
165.02, 4625
165.11, 4624
169.66, 4623
174.16, 4622
177.87, 4621
186.81, 4620
188.30, 4619
189.46, 4618
190.44, 4617
192.62, 4616
194.55, 4615
198.55, 4614
199.89, 4613
204.19, 4612
215.13, 4611
216.47, 4610
217.62, 4609
223.50, 4608
230.84, 4607
234.17, 4606
