5.56, 7374
5.59, 7373
5.60, 7372
5.61, 7371
5.63, 7370
5.64, 7369
5.66, 7368
5.67, 7367
5.69, 7366
5.70, 7365
5.71, 7364
5.73, 7363
5.74, 7362
5.76, 7361
5.77, 7360
5.78, 7359
5.80, 7358
5.81, 7357
5.82, 7356
5.84, 7355
5.85, 7354
5.87, 7353
5.88, 7352
5.89, 7351
5.91, 7350
5.92, 7349
5.94, 7348
5.95, 7347
5.96, 7346
9.26, 7345
13.56, 7344
14.19, 7343
14.24, 7342
15.76, 7341
24.19, 7340
26.03, 7339
28.30, 7338
28.34, 7337
28.45, 7336
28.49, 7335
28.59, 7334
28.63, 7333
28.73, 7332
28.77, 7331
28.79, 7330
28.99, 7329
29.06, 7328
29.21, 7327
29.25, 7326
29.40, 7325
29.43, 7324
29.66, 7323
29.70, 7322
29.81, 7321
29.86, 7320
29.96, 7319
30.01, 7318
30.11, 7317
30.16, 7316
30.17, 7315
30.28, 7314
30.42, 7313
30.47, 7312
30.58, 7311
30.62, 7310
30.72, 7309
30.76, 7308
30.78, 7307
30.79, 7306
30.81, 7305
30.95, 7304
31.00, 7303
31.10, 7302
31.14, 7301
31.15, 7300
31.25, 7299
31.29, 7298
31.43, 7297
31.53, 7296
31.57, 7295
31.66, 7294
31.70, 7293
31.71, 7292
31.73, 7291
31.95, 7290
32.05, 7289
32.09, 7288
32.19, 7287
32.27, 7286
32.35, 7285
32.40, 7284
32.41, 7283
32.52, 7282
32.56, 7281
32.66, 7280
32.71, 7279
32.81, 7278
32.85, 7277
32.95, 7276
32.99, 7275
33.01, 7274
33.03, 7273
33.04, 7272
33.05, 7271
33.20, 7270
33.24, 7269
33.34, 7268
33.39, 7267
33.49, 7266
33.53, 7265
33.63, 7264
33.67, 7263
33.69, 7262
33.79, 7261
33.84, 7260
33.96, 7259
34.00, 7258
34.11, 7257
34.16, 7256
34.27, 7255
34.31, 7254
34.33, 7253
34.35, 7252
34.51, 7251
34.56, 7250
34.72, 7249
34.77, 7248
34.88, 7247
34.93, 7246
35.04, 7245
35.09, 7244
35.11, 7243
35.22, 7242
35.27, 7241
35.38, 7240
35.43, 7239
35.53, 7238
35.58, 7237
35.69, 7236
35.74, 7235
35.76, 7234
35.77, 7233
35.79, 7232
35.93, 7231
35.97, 7230
36.07, 7229
36.12, 7228
36.22, 7227
36.27, 7226
36.37, 7225
36.41, 7224
36.43, 7223
36.61, 7222
36.69, 7221
36.73, 7220
36.83, 7219
36.87, 7218
37.02, 7217
37.03, 7216
37.05, 7215
37.10, 7214
37.25, 7213
37.29, 7212
37.40, 7211
37.45, 7210
37.55, 7209
37.60, 7208
37.71, 7207
37.75, 7206
37.77, 7205
37.88, 7204
37.92, 7203
38.02, 7202
38.07, 7201
38.16, 7200
38.20, 7199
38.30, 7198
38.34, 7197
38.36, 7196
38.37, 7195
38.38, 7194
38.40, 7193
38.55, 7192
38.59, 7191
38.75, 7190
38.99, 7189
39.04, 7188
39.13, 7187
39.18, 7186
39.19, 7185
39.29, 7184
39.34, 7183
39.45, 7182
39.49, 7181
39.60, 7180
39.65, 7179
39.77, 7178
39.81, 7177
39.83, 7176
39.84, 7175
40.00, 7174
40.18, 7173
40.22, 7172
40.31, 7171
40.35, 7170
40.39, 7169
40.48, 7168
40.53, 7167
40.54, 7166
40.64, 7165
40.68, 7164
40.85, 7163
40.89, 7162
40.99, 7161
41.12, 7160
41.17, 7159
41.20, 7158
41.21, 7157
41.43, 7156
41.47, 7155
41.57, 7154
41.62, 7153
41.63, 7152
41.73, 7151
41.78, 7150
41.88, 7149
41.92, 7148
42.03, 7147
42.07, 7146
42.19, 7145
42.23, 7144
42.24, 7143
42.25, 7142
42.40, 7141
42.45, 7140
42.56, 7139
42.60, 7138
42.72, 7137
42.76, 7136
42.88, 7135
42.93, 7134
42.94, 7133
43.03, 7132
43.16, 7131
43.26, 7130
43.30, 7129
43.40, 7128
43.44, 7127
43.55, 7126
43.59, 7125
43.60, 7124
43.61, 7123
43.63, 7122
43.64, 7121
43.78, 7120
43.82, 7119
43.93, 7118
43.97, 7117
44.08, 7116
44.12, 7115
44.22, 7114
44.26, 7113
44.28, 7112
44.38, 7111
44.42, 7110
44.55, 7109
44.67, 7108
44.71, 7107
44.81, 7106
44.86, 7105
44.87, 7104
44.88, 7103
45.02, 7102
45.06, 7101
45.16, 7100
45.20, 7099
45.30, 7098
45.34, 7097
45.44, 7096
45.48, 7095
45.49, 7094
45.60, 7093
45.64, 7092
45.74, 7091
45.78, 7090
45.89, 7089
45.93, 7088
46.03, 7087
46.07, 7086
46.08, 7085
46.10, 7084
46.11, 7083
46.25, 7082
46.30, 7081
46.41, 7080
46.45, 7079
46.60, 7078
46.78, 7077
46.83, 7076
46.86, 7075
46.95, 7074
47.00, 7073
47.17, 7072
47.22, 7071
47.34, 7070
47.41, 7069
47.52, 7068
47.56, 7067
47.58, 7066
47.59, 7065
47.76, 7064
47.81, 7063
47.91, 7062
47.96, 7061
48.06, 7060
48.11, 7059
48.21, 7058
48.25, 7057
48.27, 7056
48.37, 7055
48.42, 7054
48.52, 7053
48.57, 7052
48.66, 7051
48.70, 7050
48.80, 7049
48.84, 7048
48.86, 7047
48.88, 7046
48.90, 7045
48.91, 7044
48.93, 7043
48.94, 7042
48.96, 7041
48.98, 7040
49.00, 7039
49.01, 7038
49.03, 7037
49.05, 7036
49.06, 7035
49.08, 7034
49.10, 7033
54.93, 7032
54.95, 7031
55.19, 7030
55.24, 7029
55.31, 7028
55.46, 7027
56.03, 7026
56.12, 7025
56.21, 7024
56.23, 7023
56.31, 7022
56.79, 7021
56.88, 7020
56.90, 7019
56.92, 7018
57.11, 7017
57.79, 7016
57.93, 7015
58.11, 7014
58.22, 7013
58.45, 7012
58.66, 7011
59.39, 7010
59.62, 7009
59.68, 7008
60.11, 7007
61.25, 7006
61.47, 7005
61.87, 7004
62.64, 7003
64.97, 7002
66.30, 7001
67.79, 7000
69.00, 6999
69.95, 6998
70.33, 6997
70.51, 6996
70.66, 6995
70.71, 6994
71.04, 6993
71.06, 6992
71.18, 6991
71.46, 6990
71.48, 6989
71.75, 6988
71.77, 6987
71.98, 6986
72.06, 6985
72.08, 6984
72.48, 6983
73.02, 6982
73.14, 6981
73.22, 6980
73.38, 6979
73.45, 6978
73.47, 6977
73.63, 6976
73.71, 6975
73.94, 6974
74.13, 6973
74.70, 6972
75.13, 6971
75.20, 6970
75.22, 6969
75.38, 6968
76.24, 6967
76.47, 6966
76.54, 6965
76.79, 6964
76.99, 6963
77.60, 6962
77.84, 6961
79.14, 6960
79.39, 6959
79.58, 6958
80.00, 6957
81.45, 6956
83.35, 6955
85.95, 6954
86.09, 6953
90.68, 6952
92.41, 6951
92.43, 6950
92.84, 6949
96.67, 6948
99.62, 6947
114.62, 6946
115.50, 6945
115.55, 6944
115.63, 6943
115.86, 6942
116.44, 6941
118.03, 6940
123.03, 6939
124.22, 6938
125.15, 6937
126.93, 6936
126.96, 6935
127.07, 6934
127.18, 6933
128.05, 6932
129.85, 6931
137.24, 6930
138.60, 6929
142.74, 6928
154.91, 6927
178.17, 6926
179.97, 6925
194.10, 6924
205.37, 6923
206.05, 6922
206.11, 6921
230.74, 6920
231.25, 6919
301.38, 6918
302.91, 6917
350.73, 6916
382.59, 6915
437.35, 6914
