6.56, 4697
6.60, 4696
6.63, 4695
6.65, 4694
6.69, 4693
6.71, 4692
6.74, 4691
6.76, 4690
6.78, 4689
6.80, 4688
6.83, 4687
6.85, 4686
6.87, 4685
6.90, 4684
6.92, 4683
6.94, 4682
6.97, 4681
6.99, 4680
7.03, 4679
7.05, 4678
7.07, 4677
7.10, 4676
7.12, 4675
7.15, 4674
7.17, 4673
7.19, 4672
7.22, 4671
7.24, 4670
7.28, 4669
7.31, 4668
7.35, 4667
7.39, 4666
7.41, 4665
7.43, 4664
7.45, 4663
7.47, 4662
7.50, 4661
7.52, 4660
7.54, 4659
7.57, 4658
7.60, 4657
7.63, 4656
7.67, 4655
7.71, 4654
7.73, 4653
7.84, 4652
8.04, 4651
8.48, 4650
8.78, 4649
9.21, 4648
9.42, 4647
9.73, 4646
9.93, 4645
10.22, 4644
10.64, 4643
11.01, 4642
11.41, 4641
11.64, 4640
11.67, 4639
11.77, 4638
11.88, 4637
12.73, 4636
12.75, 4635
12.84, 4634
13.05, 4633
13.87, 4632
14.41, 4631
15.26, 4630
15.40, 4629
16.26, 4628
16.81, 4627
17.03, 4626
17.24, 4625
18.09, 4624
18.25, 4623
18.80, 4622
19.31, 4621
19.50, 4620
19.53, 4619
19.61, 4618
20.11, 4617
20.53, 4616
20.75, 4615
20.96, 4614
21.12, 4613
21.61, 4612
22.91, 4611
23.36, 4610
23.54, 4609
23.84, 4608
24.16, 4607
24.32, 4606
24.69, 4605
25.45, 4604
26.06, 4603
27.14, 4602
27.18, 4601
28.11, 4600
28.66, 4599
28.79, 4598
29.46, 4597
29.55, 4596
29.89, 4595
30.56, 4594
30.96, 4593
33.72, 4592
34.43, 4591
34.46, 4590
34.63, 4589
34.77, 4588
36.07, 4587
37.52, 4586
37.73, 4585
38.32, 4584
38.53, 4583
38.91, 4582
38.99, 4581
39.33, 4580
39.68, 4579
40.34, 4578
40.91, 4577
42.21, 4576
42.23, 4575
43.37, 4574
43.95, 4573
44.03, 4572
44.59, 4571
45.49, 4570
45.72, 4569
46.58, 4568
48.98, 4567
49.63, 4566
50.26, 4565
51.42, 4564
51.94, 4563
61.20, 4562
72.32, 4561
72.60, 4560
98.84, 4559
108.59, 4558
110.32, 4557
116.09, 4556
119.26, 4555
128.34, 4554
128.53, 4553
138.68, 4552
146.97, 4551
148.25, 4550
148.28, 4549
150.02, 4548
150.21, 4547
214.63, 4546
219.52, 4545
251.20, 4544
341.24, 4543
