7.65, 4697
7.75, 4696
7.79, 4695
7.83, 4694
7.86, 4693
7.96, 4692
8.01, 4691
8.08, 4690
8.15, 4689
8.20, 4688
8.25, 4687
8.30, 4686
8.34, 4685
8.37, 4684
8.41, 4683
8.45, 4682
8.49, 4681
8.52, 4680
8.54, 4679
8.58, 4678
8.62, 4677
8.65, 4676
8.68, 4675
8.72, 4674
8.75, 4673
8.77, 4672
8.80, 4671
8.89, 4670
8.97, 4669
9.02, 4668
9.07, 4667
9.11, 4666
9.14, 4665
9.18, 4664
9.21, 4663
9.23, 4662
9.26, 4661
9.28, 4660
9.31, 4659
9.34, 4658
9.36, 4657
9.38, 4656
9.41, 4655
9.43, 4654
9.46, 4653
9.58, 4652
9.73, 4651
10.29, 4650
10.56, 4649
11.00, 4648
11.39, 4647
11.93, 4646
12.19, 4645
12.50, 4644
12.92, 4643
13.35, 4642
13.82, 4641
14.04, 4640
14.08, 4639
14.19, 4638
14.22, 4637
15.04, 4636
15.06, 4635
15.16, 4634
15.32, 4633
15.98, 4632
16.75, 4631
17.54, 4630
17.56, 4629
18.60, 4628
19.31, 4627
19.43, 4626
20.26, 4625
20.36, 4624
20.89, 4623
21.43, 4622
21.69, 4621
21.72, 4620
21.87, 4619
22.25, 4618
22.59, 4617
22.80, 4616
22.87, 4615
23.21, 4614
23.79, 4613
24.84, 4612
24.98, 4611
25.28, 4610
25.44, 4609
25.88, 4608
26.25, 4607
26.67, 4606
27.76, 4605
28.96, 4604
29.03, 4603
30.15, 4602
30.55, 4601
30.71, 4600
31.36, 4599
31.49, 4598
31.67, 4597
32.32, 4596
32.60, 4595
33.15, 4594
35.22, 4593
35.59, 4592
35.77, 4591
35.93, 4590
36.06, 4589
37.40, 4588
39.76, 4587
40.00, 4586
40.56, 4585
40.68, 4584
40.93, 4583
41.34, 4582
42.51, 4581
43.49, 4580
44.16, 4579
45.92, 4578
47.98, 4577
48.01, 4576
49.12, 4575
50.40, 4574
51.47, 4573
51.88, 4572
52.16, 4571
54.63, 4570
54.88, 4569
56.25, 4568
58.06, 4567
58.96, 4566
66.03, 4565
69.43, 4564
74.04, 4563
75.34, 4562
116.56, 4561
124.67, 4560
125.96, 4559
128.53, 4558
140.11, 4557
146.65, 4556
164.00, 4555
166.25, 4554
167.71, 4553
167.95, 4552
170.03, 4551
222.75, 4550
228.02, 4549
240.70, 4548
257.80, 4547
260.16, 4546
303.25, 4545
335.10, 4544
