7.17, 4697
7.25, 4696
7.28, 4695
7.32, 4694
7.35, 4693
7.37, 4692
7.42, 4691
7.46, 4690
7.49, 4689
7.51, 4688
7.54, 4687
7.57, 4686
7.59, 4685
7.61, 4684
7.64, 4683
7.66, 4682
7.70, 4681
7.73, 4680
7.75, 4679
7.79, 4678
7.82, 4677
7.84, 4676
7.87, 4675
7.89, 4674
7.92, 4673
7.94, 4672
7.97, 4671
7.99, 4670
8.01, 4669
8.03, 4668
8.06, 4667
8.08, 4666
8.11, 4665
8.13, 4664
8.15, 4663
8.19, 4662
8.22, 4661
8.25, 4660
8.27, 4659
8.30, 4658
8.33, 4657
8.36, 4656
8.38, 4655
8.41, 4654
8.43, 4653
8.65, 4652
8.72, 4651
9.21, 4650
9.52, 4649
9.97, 4648
10.24, 4647
10.62, 4646
10.96, 4645
11.23, 4644
11.69, 4643
12.04, 4642
12.35, 4641
12.66, 4640
12.68, 4639
12.71, 4638
12.80, 4637
13.66, 4636
13.79, 4635
13.81, 4634
13.97, 4633
14.58, 4632
15.18, 4631
15.94, 4630
16.03, 4629
16.90, 4628
17.39, 4627
17.59, 4626
17.73, 4625
18.49, 4624
18.61, 4623
19.12, 4622
19.74, 4621
19.93, 4620
20.01, 4619
20.08, 4618
20.57, 4617
21.02, 4616
21.29, 4615
21.67, 4614
21.85, 4613
22.33, 4612
23.52, 4611
23.97, 4610
24.07, 4609
24.53, 4608
24.78, 4607
24.81, 4606
25.25, 4605
25.84, 4604
26.29, 4603
27.09, 4602
27.11, 4601
28.43, 4600
28.71, 4599
29.61, 4598
29.72, 4597
30.05, 4596
30.65, 4595
30.77, 4594
31.43, 4593
31.87, 4592
34.32, 4591
34.68, 4590
34.70, 4589
34.88, 4588
34.95, 4587
36.74, 4586
36.76, 4585
38.94, 4584
39.47, 4583
39.65, 4582
39.73, 4581
39.94, 4580
40.38, 4579
40.59, 4578
41.06, 4577
41.58, 4576
42.57, 4575
42.74, 4574
43.70, 4573
44.04, 4572
45.00, 4571
45.92, 4570
46.17, 4569
47.20, 4568
47.98, 4567
48.71, 4566
48.97, 4565
49.25, 4564
50.58, 4563
51.45, 4562
51.85, 4561
58.48, 4560
62.24, 4559
73.97, 4558
102.42, 4557
111.24, 4556
112.98, 4555
114.80, 4554
119.87, 4553
123.80, 4552
140.63, 4551
202.11, 4550
209.22, 4549
212.86, 4548
224.81, 4547
231.58, 4546
239.84, 4545
267.42, 4544
370.01, 4543
