5.58, 7374
5.61, 7373
5.62, 7372
5.63, 7371
5.64, 7370
5.66, 7369
5.67, 7368
5.69, 7367
5.70, 7366
5.71, 7365
5.74, 7364
5.76, 7363
5.78, 7362
5.81, 7361
5.83, 7360
5.86, 7359
5.88, 7358
5.90, 7357
5.92, 7356
5.93, 7355
5.94, 7354
5.96, 7353
5.97, 7352
5.98, 7351
6.00, 7350
6.01, 7349
6.02, 7348
6.04, 7347
6.05, 7346
9.17, 7345
12.93, 7344
13.44, 7343
13.48, 7342
14.85, 7341
23.06, 7340
24.79, 7339
26.65, 7338
26.69, 7337
26.79, 7336
26.83, 7335
26.94, 7334
26.98, 7333
27.08, 7332
27.12, 7331
27.13, 7330
27.32, 7329
27.36, 7328
27.46, 7327
27.50, 7326
27.65, 7325
27.68, 7324
27.98, 7323
28.02, 7322
28.12, 7321
28.16, 7320
28.27, 7319
28.31, 7318
28.41, 7317
28.46, 7316
28.47, 7315
28.57, 7314
28.71, 7313
28.75, 7312
28.86, 7311
28.90, 7310
29.01, 7309
29.05, 7308
29.06, 7307
29.08, 7306
29.09, 7305
29.23, 7304
29.28, 7303
29.38, 7302
29.43, 7301
29.44, 7300
29.54, 7299
29.58, 7298
29.73, 7297
29.84, 7296
29.89, 7295
30.00, 7294
30.04, 7293
30.05, 7292
30.07, 7291
30.26, 7290
30.39, 7289
30.46, 7288
30.55, 7287
30.63, 7286
30.72, 7285
30.76, 7284
30.78, 7283
30.87, 7282
30.91, 7281
31.01, 7280
31.06, 7279
31.15, 7278
31.19, 7277
31.30, 7276
31.35, 7275
31.36, 7274
31.37, 7273
31.38, 7272
31.40, 7271
31.55, 7270
31.60, 7269
31.71, 7268
31.75, 7267
31.86, 7266
31.90, 7265
32.02, 7264
32.07, 7263
32.09, 7262
32.19, 7261
32.24, 7260
32.35, 7259
32.39, 7258
32.50, 7257
32.54, 7256
32.66, 7255
32.70, 7254
32.71, 7253
32.72, 7252
32.86, 7251
32.90, 7250
32.99, 7249
33.03, 7248
33.13, 7247
33.18, 7246
33.29, 7245
33.33, 7244
33.34, 7243
33.44, 7242
33.48, 7241
33.58, 7240
33.62, 7239
33.73, 7238
33.77, 7237
33.87, 7236
33.91, 7235
33.92, 7234
33.93, 7233
33.94, 7232
34.09, 7231
34.13, 7230
34.22, 7229
34.26, 7228
34.36, 7227
34.42, 7226
34.53, 7225
34.58, 7224
34.60, 7223
34.80, 7222
34.89, 7221
34.94, 7220
35.03, 7219
35.07, 7218
35.21, 7217
35.22, 7216
35.23, 7215
35.33, 7214
35.39, 7213
35.43, 7212
35.53, 7211
35.58, 7210
35.67, 7209
35.72, 7208
35.83, 7207
35.87, 7206
35.88, 7205
36.00, 7204
36.04, 7203
36.16, 7202
36.20, 7201
36.30, 7200
36.34, 7199
36.50, 7198
36.54, 7197
36.55, 7196
36.57, 7195
36.58, 7194
36.60, 7193
36.74, 7192
36.78, 7191
36.98, 7190
37.07, 7189
37.11, 7188
37.21, 7187
37.26, 7186
37.27, 7185
37.37, 7184
37.42, 7183
37.51, 7182
37.55, 7181
37.65, 7180
37.70, 7179
37.79, 7178
37.83, 7177
37.84, 7176
37.86, 7175
37.99, 7174
38.13, 7173
38.17, 7172
38.26, 7171
38.29, 7170
38.33, 7169
38.43, 7168
38.47, 7167
38.48, 7166
38.59, 7165
38.65, 7164
38.78, 7163
38.86, 7162
39.01, 7161
39.14, 7160
39.20, 7159
39.22, 7158
39.24, 7157
39.57, 7156
39.61, 7155
39.71, 7154
39.75, 7153
39.76, 7152
39.87, 7151
39.91, 7150
40.01, 7149
40.06, 7148
40.15, 7147
40.20, 7146
40.31, 7145
40.35, 7144
40.36, 7143
40.38, 7142
40.53, 7141
40.58, 7140
40.67, 7139
40.72, 7138
40.81, 7137
40.85, 7136
40.95, 7135
41.00, 7134
41.01, 7133
41.12, 7132
41.16, 7131
41.27, 7130
41.31, 7129
41.41, 7128
41.46, 7127
41.55, 7126
41.59, 7125
41.62, 7124
41.63, 7123
41.64, 7122
41.66, 7121
41.80, 7120
41.84, 7119
41.93, 7118
41.97, 7117
42.06, 7116
42.10, 7115
42.20, 7114
42.24, 7113
42.26, 7112
42.36, 7111
42.40, 7110
42.54, 7109
42.64, 7108
42.68, 7107
42.77, 7106
42.82, 7105
42.84, 7104
42.85, 7103
42.99, 7102
43.04, 7101
43.13, 7100
43.18, 7099
43.28, 7098
43.33, 7097
43.42, 7096
43.46, 7095
43.48, 7094
43.57, 7093
43.62, 7092
43.71, 7091
43.75, 7090
43.85, 7089
43.89, 7088
43.98, 7087
44.02, 7086
44.04, 7085
44.05, 7084
44.06, 7083
44.20, 7082
44.24, 7081
44.33, 7080
44.38, 7079
44.51, 7078
44.60, 7077
44.65, 7076
44.66, 7075
44.76, 7074
44.81, 7073
44.93, 7072
44.96, 7071
45.06, 7070
45.10, 7069
45.19, 7068
45.23, 7067
45.24, 7066
45.26, 7065
45.39, 7064
45.44, 7063
45.55, 7062
45.59, 7061
45.69, 7060
45.74, 7059
45.84, 7058
45.88, 7057
45.89, 7056
46.00, 7055
46.04, 7054
46.14, 7053
46.18, 7052
46.28, 7051
46.32, 7050
46.43, 7049
46.47, 7048
46.49, 7047
46.50, 7046
46.52, 7045
46.53, 7044
46.54, 7043
46.56, 7042
46.57, 7041
46.60, 7040
46.61, 7039
46.63, 7038
46.64, 7037
46.66, 7036
46.67, 7035
46.69, 7034
46.71, 7033
50.67, 7032
52.71, 7031
52.90, 7030
52.99, 7029
53.11, 7028
53.19, 7027
53.28, 7026
53.45, 7025
53.80, 7024
53.85, 7023
53.91, 7022
53.99, 7021
54.01, 7020
54.06, 7019
55.11, 7018
55.25, 7017
55.34, 7016
55.35, 7015
55.82, 7014
55.92, 7013
55.95, 7012
56.05, 7011
56.52, 7010
57.17, 7009
57.80, 7008
58.40, 7007
58.78, 7006
58.86, 7005
59.12, 7004
61.17, 7003
63.69, 7002
63.99, 7001
64.04, 7000
66.27, 6999
66.41, 6998
66.46, 6997
66.51, 6996
66.52, 6995
66.79, 6994
66.83, 6993
66.93, 6992
67.11, 6991
67.13, 6990
67.33, 6989
67.35, 6988
67.54, 6987
67.61, 6986
67.62, 6985
67.94, 6984
68.49, 6983
68.59, 6982
68.64, 6981
68.72, 6980
68.84, 6979
68.98, 6978
69.03, 6977
69.04, 6976
69.49, 6975
69.82, 6974
71.30, 6973
71.32, 6972
71.42, 6971
71.97, 6970
72.05, 6969
72.20, 6968
72.87, 6967
73.43, 6966
73.92, 6965
74.24, 6964
75.17, 6963
75.43, 6962
75.62, 6961
77.57, 6960
78.77, 6959
79.08, 6958
82.83, 6957
82.89, 6956
83.78, 6955
83.84, 6954
83.85, 6953
86.29, 6952
89.28, 6951
89.71, 6950
96.33, 6949
107.35, 6948
107.42, 6947
108.36, 6946
109.12, 6945
114.56, 6944
114.70, 6943
115.09, 6942
117.95, 6941
118.00, 6940
118.05, 6939
118.13, 6938
118.15, 6937
118.55, 6936
119.56, 6935
120.45, 6934
123.62, 6933
127.27, 6932
129.60, 6931
132.87, 6930
133.06, 6929
142.97, 6928
147.27, 6927
155.08, 6926
182.02, 6925
183.34, 6924
185.09, 6923
185.12, 6922
186.29, 6921
190.52, 6920
191.95, 6919
236.10, 6918
267.40, 6917
284.77, 6916
316.21, 6915
350.47, 6914
444.49, 6913
586.96, 6912
