5.58, 7374
5.61, 7373
5.62, 7372
5.63, 7371
5.65, 7370
5.66, 7369
5.68, 7368
5.69, 7367
5.71, 7366
5.72, 7365
5.73, 7364
5.75, 7363
5.76, 7362
5.78, 7361
5.79, 7360
5.80, 7359
5.82, 7358
5.83, 7357
5.84, 7356
5.86, 7355
5.87, 7354
5.89, 7353
5.90, 7352
5.91, 7351
5.93, 7350
5.94, 7349
5.96, 7348
5.97, 7347
5.99, 7346
9.05, 7345
13.30, 7344
13.91, 7343
13.96, 7342
15.55, 7341
24.22, 7340
26.09, 7339
28.09, 7338
28.14, 7337
28.24, 7336
28.29, 7335
28.39, 7334
28.43, 7333
28.54, 7332
28.58, 7331
28.60, 7330
28.80, 7329
28.84, 7328
28.95, 7327
29.00, 7326
29.15, 7325
29.18, 7324
29.43, 7323
29.47, 7322
29.59, 7321
29.63, 7320
29.73, 7319
29.78, 7318
29.88, 7317
29.93, 7316
29.94, 7315
30.04, 7314
30.19, 7313
30.24, 7312
30.35, 7311
30.39, 7310
30.50, 7309
30.54, 7308
30.55, 7307
30.56, 7306
30.58, 7305
30.73, 7304
30.78, 7303
30.89, 7302
30.93, 7301
30.95, 7300
31.05, 7299
31.10, 7298
31.24, 7297
31.37, 7296
31.41, 7295
31.52, 7294
31.56, 7293
31.58, 7292
31.59, 7291
31.77, 7290
31.91, 7289
31.95, 7288
32.07, 7287
32.24, 7286
32.35, 7285
32.41, 7284
32.43, 7283
32.56, 7282
32.62, 7281
32.73, 7280
32.79, 7279
32.93, 7278
32.98, 7277
33.08, 7276
33.13, 7275
33.14, 7274
33.16, 7273
33.17, 7272
33.18, 7271
33.34, 7270
33.39, 7269
33.50, 7268
33.54, 7267
33.64, 7266
33.68, 7265
33.78, 7264
33.82, 7263
33.84, 7262
33.94, 7261
33.98, 7260
34.08, 7259
34.13, 7258
34.24, 7257
34.28, 7256
34.38, 7255
34.43, 7254
34.44, 7253
34.45, 7252
34.60, 7251
34.64, 7250
34.74, 7249
34.78, 7248
34.89, 7247
34.94, 7246
35.06, 7245
35.10, 7244
35.12, 7243
35.22, 7242
35.27, 7241
35.38, 7240
35.43, 7239
35.55, 7238
35.60, 7237
35.71, 7236
35.76, 7235
35.77, 7234
35.79, 7233
35.80, 7232
35.95, 7231
35.99, 7230
36.10, 7229
36.14, 7228
36.25, 7227
36.30, 7226
36.40, 7225
36.44, 7224
36.46, 7223
36.60, 7222
36.72, 7221
36.76, 7220
36.86, 7219
36.90, 7218
37.05, 7217
37.07, 7216
37.08, 7215
37.12, 7214
37.25, 7213
37.29, 7212
37.40, 7211
37.44, 7210
37.55, 7209
37.59, 7208
37.70, 7207
37.75, 7206
37.76, 7205
37.86, 7204
37.90, 7203
38.02, 7202
38.06, 7201
38.17, 7200
38.22, 7199
38.33, 7198
38.37, 7197
38.39, 7196
38.40, 7195
38.41, 7194
38.43, 7193
38.59, 7192
38.63, 7191
38.80, 7190
38.97, 7189
39.01, 7188
39.12, 7187
39.16, 7186
39.18, 7185
39.28, 7184
39.33, 7183
39.43, 7182
39.48, 7181
39.59, 7180
39.63, 7179
39.74, 7178
39.78, 7177
39.80, 7176
39.81, 7175
39.97, 7174
40.21, 7173
40.25, 7172
40.32, 7171
40.36, 7170
40.41, 7169
40.51, 7168
40.55, 7167
40.57, 7166
40.67, 7165
40.71, 7164
40.82, 7163
40.86, 7162
40.96, 7161
41.07, 7160
41.12, 7159
41.15, 7158
41.16, 7157
41.36, 7156
41.40, 7155
41.51, 7154
41.55, 7153
41.57, 7152
41.69, 7151
41.73, 7150
41.83, 7149
41.87, 7148
41.98, 7147
42.02, 7146
42.13, 7145
42.18, 7144
42.19, 7143
42.21, 7142
42.37, 7141
42.42, 7140
42.53, 7139
42.57, 7138
42.69, 7137
42.73, 7136
42.84, 7135
42.88, 7134
42.90, 7133
43.00, 7132
43.05, 7131
43.15, 7130
43.20, 7129
43.30, 7128
43.34, 7127
43.45, 7126
43.50, 7125
43.51, 7124
43.53, 7123
43.54, 7122
43.56, 7121
43.71, 7120
43.75, 7119
43.86, 7118
43.91, 7117
44.02, 7116
44.07, 7115
44.17, 7114
44.22, 7113
44.24, 7112
44.34, 7111
44.38, 7110
44.53, 7109
44.68, 7108
44.73, 7107
44.84, 7106
44.89, 7105
44.91, 7104
44.92, 7103
45.14, 7102
45.18, 7101
45.36, 7100
45.40, 7099
45.51, 7098
45.55, 7097
45.67, 7096
45.71, 7095
45.73, 7094
45.83, 7093
45.88, 7092
45.99, 7091
46.04, 7090
46.15, 7089
46.19, 7088
46.29, 7087
46.34, 7086
46.35, 7085
46.36, 7084
46.38, 7083
46.52, 7082
46.56, 7081
46.67, 7080
46.72, 7079
46.86, 7078
46.98, 7077
47.02, 7076
47.04, 7075
47.14, 7074
47.18, 7073
47.28, 7072
47.34, 7071
47.44, 7070
47.49, 7069
47.60, 7068
47.65, 7067
47.67, 7066
47.68, 7065
47.84, 7064
47.88, 7063
47.98, 7062
48.02, 7061
48.12, 7060
48.17, 7059
48.27, 7058
48.31, 7057
48.32, 7056
48.43, 7055
48.47, 7054
48.57, 7053
48.61, 7052
48.71, 7051
48.76, 7050
48.86, 7049
48.90, 7048
48.92, 7047
48.94, 7046
48.95, 7045
48.97, 7044
48.98, 7043
49.00, 7042
49.01, 7041
49.03, 7040
49.05, 7039
49.06, 7038
49.08, 7037
49.10, 7036
49.11, 7035
49.13, 7034
49.15, 7033
52.79, 7032
55.09, 7031
55.11, 7030
55.31, 7029
55.34, 7028
55.63, 7027
55.74, 7026
56.22, 7025
56.29, 7024
56.38, 7023
56.40, 7022
56.45, 7021
56.99, 7020
57.15, 7019
57.35, 7018
57.41, 7017
57.45, 7016
58.44, 7015
58.68, 7014
59.83, 7013
60.46, 7012
61.01, 7011
61.24, 7010
61.90, 7009
64.81, 7008
66.47, 7007
67.74, 7006
67.98, 7005
68.45, 7004
68.78, 7003
71.15, 7002
71.52, 7001
71.67, 7000
71.70, 6999
71.81, 6998
71.82, 6997
72.11, 6996
72.12, 6995
72.39, 6994
72.50, 6993
72.53, 6992
72.61, 6991
73.27, 6990
73.36, 6989
73.57, 6988
73.59, 6987
73.74, 6986
73.83, 6985
73.90, 6984
73.95, 6983
74.27, 6982
74.42, 6981
75.69, 6980
76.24, 6979
76.26, 6978
76.47, 6977
77.04, 6976
77.13, 6975
77.26, 6974
77.68, 6973
77.75, 6972
77.82, 6971
77.99, 6970
78.04, 6969
78.06, 6968
78.57, 6967
79.23, 6966
80.08, 6965
81.03, 6964
81.23, 6963
81.79, 6962
81.96, 6961
82.91, 6960
83.01, 6959
83.41, 6958
85.78, 6957
85.86, 6956
86.59, 6955
88.23, 6954
89.90, 6953
90.69, 6952
90.74, 6951
92.95, 6950
93.63, 6949
93.68, 6948
93.74, 6947
94.40, 6946
98.42, 6945
100.49, 6944
121.84, 6943
122.17, 6942
122.24, 6941
122.37, 6940
122.67, 6939
123.21, 6938
123.22, 6937
123.74, 6936
124.82, 6935
127.21, 6934
128.17, 6933
130.19, 6932
132.44, 6931
134.08, 6930
134.27, 6929
136.35, 6928
140.33, 6927
144.21, 6926
147.63, 6925
184.03, 6924
189.75, 6923
193.73, 6922
230.51, 6921
230.81, 6920
231.26, 6919
244.41, 6918
252.04, 6917
273.97, 6916
275.28, 6915
291.68, 6914
342.82, 6913
390.75, 6912
