42.54, 4696
44.45, 4695
45.72, 4694
47.28, 4693
48.03, 4692
52.65, 4691
54.77, 4690
55.31, 4689
55.49, 4688
60.19, 4687
63.47, 4686
63.49, 4685
64.28, 4684
64.56, 4683
67.11, 4682
68.73, 4681
69.17, 4680
70.16, 4679
72.21, 4678
73.76, 4677
73.88, 4676
75.04, 4675
76.47, 4674
79.94, 4673
81.64, 4672
83.32, 4671
85.42, 4670
86.09, 4669
86.35, 4668
88.37, 4667
89.80, 4666
90.26, 4665
91.01, 4664
92.16, 4663
95.40, 4662
96.18, 4661
98.70, 4660
101.26, 4659
102.70, 4658
103.42, 4657
104.64, 4656
108.05, 4655
108.31, 4654
108.44, 4653
112.41, 4652
113.41, 4651
113.53, 4650
114.15, 4649
116.01, 4648
121.02, 4647
122.34, 4646
125.22, 4645
126.58, 4644
127.62, 4643
129.80, 4642
130.01, 4641
132.80, 4640
132.87, 4639
133.33, 4638
139.14, 4637
140.61, 4636
144.06, 4635
145.00, 4634
147.64, 4633
149.21, 4632
155.07, 4631
155.44, 4630
156.83, 4629
156.94, 4628
157.47, 4627
158.56, 4626
160.01, 4625
169.16, 4624
177.83, 4623
179.20, 4622
185.46, 4621
189.06, 4620
195.86, 4619
197.54, 4618
203.48, 4617
203.91, 4616
206.15, 4615
208.13, 4614
208.96, 4613
212.46, 4612
216.17, 4611
218.98, 4610
221.24, 4609
225.13, 4608
230.22, 4607
