5.68, 7374
5.71, 7373
5.72, 7372
5.73, 7371
5.75, 7370
5.76, 7369
5.77, 7368
5.79, 7367
5.80, 7366
5.82, 7365
5.83, 7364
5.84, 7363
5.86, 7362
5.87, 7361
5.88, 7360
5.90, 7359
5.91, 7358
5.92, 7357
5.94, 7356
5.95, 7355
5.96, 7354
5.98, 7353
5.99, 7352
6.00, 7351
6.02, 7350
6.03, 7349
6.04, 7348
6.06, 7347
6.07, 7346
8.94, 7345
12.63, 7344
13.18, 7343
13.22, 7342
14.58, 7341
22.74, 7340
25.73, 7339
27.56, 7338
27.60, 7337
27.69, 7336
27.73, 7335
27.82, 7334
27.87, 7333
27.96, 7332
28.01, 7331
28.02, 7330
28.27, 7329
28.35, 7328
28.52, 7327
28.60, 7326
28.85, 7325
28.90, 7324
29.36, 7323
29.44, 7322
29.61, 7321
29.69, 7320
29.87, 7319
29.94, 7318
30.13, 7317
30.21, 7316
30.23, 7315
30.33, 7314
30.47, 7313
30.51, 7312
30.60, 7311
30.64, 7310
30.73, 7309
30.77, 7308
30.78, 7307
30.80, 7306
30.81, 7305
30.95, 7304
30.99, 7303
31.09, 7302
31.13, 7301
31.15, 7300
31.24, 7299
31.28, 7298
31.42, 7297
31.52, 7296
31.56, 7295
31.67, 7294
31.71, 7293
31.72, 7292
31.74, 7291
31.92, 7290
32.03, 7289
32.07, 7288
32.17, 7287
32.24, 7286
32.33, 7285
32.37, 7284
32.39, 7283
32.48, 7282
32.52, 7281
32.62, 7280
32.66, 7279
32.75, 7278
32.79, 7277
32.89, 7276
32.93, 7275
32.94, 7274
32.95, 7273
32.96, 7272
32.98, 7271
33.11, 7270
33.15, 7269
33.26, 7268
33.30, 7267
33.39, 7266
33.43, 7265
33.53, 7264
33.57, 7263
33.58, 7262
33.68, 7261
33.72, 7260
33.83, 7259
33.87, 7258
33.98, 7257
34.03, 7256
34.15, 7255
34.19, 7254
34.20, 7253
34.22, 7252
34.37, 7251
34.42, 7250
34.52, 7249
34.56, 7248
34.66, 7247
34.70, 7246
34.80, 7245
34.84, 7244
34.85, 7243
34.95, 7242
34.99, 7241
35.09, 7240
35.13, 7239
35.22, 7238
35.26, 7237
35.35, 7236
35.39, 7235
35.41, 7234
35.42, 7233
35.43, 7232
35.58, 7231
35.62, 7230
35.73, 7229
35.77, 7228
35.88, 7227
35.93, 7226
36.02, 7225
36.06, 7224
36.08, 7223
36.21, 7222
36.32, 7221
36.36, 7220
36.47, 7219
36.51, 7218
36.64, 7217
36.65, 7216
36.66, 7215
36.72, 7214
36.86, 7213
36.91, 7212
37.02, 7211
37.06, 7210
37.17, 7209
37.21, 7208
37.32, 7207
37.36, 7206
37.38, 7205
37.48, 7204
37.52, 7203
37.63, 7202
37.68, 7201
37.78, 7200
37.83, 7199
37.93, 7198
37.98, 7197
37.99, 7196
38.00, 7195
38.01, 7194
38.03, 7193
38.16, 7192
38.20, 7191
38.33, 7190
38.49, 7189
38.53, 7188
38.63, 7187
38.67, 7186
38.68, 7185
38.77, 7184
38.81, 7183
38.91, 7182
38.95, 7181
39.06, 7180
39.10, 7179
39.27, 7178
39.28, 7177
39.30, 7176
39.30, 7175
39.46, 7174
39.60, 7173
39.70, 7172
39.76, 7171
39.81, 7170
39.85, 7169
39.95, 7168
40.00, 7167
40.01, 7166
40.11, 7165
40.15, 7164
40.25, 7163
40.29, 7162
40.39, 7161
40.50, 7160
40.54, 7159
40.57, 7158
40.59, 7157
40.81, 7156
40.85, 7155
40.95, 7154
40.99, 7153
41.01, 7152
41.10, 7151
41.14, 7150
41.23, 7149
41.27, 7148
41.36, 7147
41.40, 7146
41.49, 7145
41.53, 7144
41.54, 7143
41.56, 7142
41.69, 7141
41.73, 7140
41.82, 7139
41.87, 7138
41.97, 7137
42.01, 7136
42.11, 7135
42.16, 7134
42.17, 7133
42.26, 7132
42.30, 7131
42.40, 7130
42.44, 7129
42.52, 7128
42.56, 7127
42.66, 7126
42.70, 7125
42.71, 7124
42.72, 7123
42.74, 7122
42.75, 7121
42.89, 7120
42.93, 7119
43.03, 7118
43.08, 7117
43.18, 7116
43.23, 7115
43.32, 7114
43.36, 7113
43.38, 7112
43.47, 7111
43.51, 7110
43.67, 7109
43.77, 7108
43.81, 7107
43.92, 7106
43.96, 7105
43.97, 7104
43.98, 7103
44.11, 7102
44.15, 7101
44.26, 7100
44.30, 7099
44.40, 7098
44.44, 7097
44.54, 7096
44.58, 7095
44.60, 7094
44.69, 7093
44.73, 7092
44.83, 7091
44.87, 7090
44.98, 7089
45.03, 7088
45.13, 7087
45.16, 7086
45.18, 7085
45.19, 7084
45.20, 7083
45.35, 7082
45.39, 7081
45.49, 7080
45.53, 7079
45.68, 7078
45.77, 7077
45.81, 7076
45.83, 7075
45.92, 7074
45.96, 7073
46.05, 7072
46.09, 7071
46.18, 7070
46.22, 7069
46.32, 7068
46.36, 7067
46.37, 7066
46.38, 7065
46.51, 7064
46.55, 7063
46.65, 7062
46.69, 7061
46.79, 7060
46.83, 7059
46.94, 7058
46.98, 7057
47.00, 7056
47.09, 7055
47.13, 7054
47.23, 7053
47.27, 7052
47.38, 7051
47.42, 7050
47.52, 7049
47.56, 7048
47.58, 7047
47.59, 7046
47.61, 7045
47.62, 7044
47.64, 7043
47.65, 7042
47.67, 7041
47.68, 7040
47.70, 7039
47.71, 7038
47.73, 7037
47.74, 7036
47.76, 7035
47.77, 7034
47.79, 7033
48.80, 7032
52.45, 7031
52.47, 7030
52.55, 7029
52.60, 7028
53.00, 7027
53.25, 7026
53.78, 7025
53.91, 7024
54.03, 7023
54.13, 7022
54.15, 7021
54.20, 7020
54.56, 7019
55.38, 7018
55.52, 7017
55.71, 7016
55.89, 7015
55.92, 7014
56.79, 7013
56.89, 7012
56.99, 7011
57.28, 7010
57.89, 7009
57.92, 7008
57.94, 7007
58.45, 7006
59.29, 7005
60.14, 7004
60.22, 7003
60.42, 7002
63.21, 7001
64.39, 7000
66.78, 6999
67.10, 6998
67.27, 6997
68.10, 6996
68.98, 6995
69.05, 6994
69.11, 6993
69.14, 6992
69.19, 6991
69.21, 6990
69.34, 6989
69.45, 6988
69.47, 6987
69.71, 6986
69.73, 6985
69.81, 6984
69.83, 6983
69.97, 6982
70.09, 6981
70.10, 6980
70.41, 6979
70.67, 6978
71.00, 6977
71.12, 6976
71.26, 6975
71.52, 6974
71.59, 6973
71.60, 6972
71.62, 6971
71.72, 6970
72.26, 6969
73.42, 6968
73.44, 6967
73.94, 6966
74.60, 6965
74.80, 6964
74.81, 6963
75.14, 6962
75.32, 6961
76.14, 6960
76.39, 6959
77.16, 6958
78.04, 6957
78.79, 6956
79.06, 6955
80.67, 6954
80.68, 6953
81.34, 6952
82.28, 6951
82.84, 6950
84.16, 6949
86.79, 6948
86.80, 6947
87.78, 6946
89.40, 6945
90.11, 6944
91.82, 6943
96.19, 6942
106.15, 6941
111.99, 6940
112.08, 6939
113.49, 6938
116.84, 6937
117.68, 6936
121.15, 6935
121.17, 6934
121.18, 6933
121.21, 6932
121.24, 6931
123.03, 6930
127.47, 6929
128.11, 6928
130.41, 6927
130.49, 6926
130.58, 6925
172.44, 6924
178.82, 6923
180.89, 6922
184.52, 6921
185.43, 6920
185.84, 6919
208.45, 6918
210.02, 6917
211.07, 6916
275.09, 6915
275.79, 6914
304.64, 6913
307.75, 6912
309.88, 6911
