6.37, 7374
6.40, 7373
6.42, 7372
6.43, 7371
6.45, 7370
6.48, 7369
6.50, 7368
6.52, 7367
6.55, 7366
6.57, 7365
6.58, 7364
6.60, 7363
6.62, 7362
6.63, 7361
6.65, 7360
6.67, 7359
6.68, 7358
6.70, 7357
6.71, 7356
6.73, 7355
6.74, 7354
6.76, 7353
6.78, 7352
6.79, 7351
6.81, 7350
6.82, 7349
6.84, 7348
6.86, 7347
6.87, 7346
10.45, 7345
14.91, 7344
15.58, 7343
15.65, 7342
17.46, 7341
27.76, 7340
29.84, 7339
31.76, 7338
31.81, 7337
31.90, 7336
31.95, 7335
32.04, 7334
32.09, 7333
32.18, 7332
32.23, 7331
32.25, 7330
32.46, 7329
32.51, 7328
32.62, 7327
32.67, 7326
32.83, 7325
32.86, 7324
33.11, 7323
33.16, 7322
33.26, 7321
33.31, 7320
33.41, 7319
33.45, 7318
33.56, 7317
33.60, 7316
33.62, 7315
33.72, 7314
33.87, 7313
33.92, 7312
34.03, 7311
34.08, 7310
34.18, 7309
34.23, 7308
34.24, 7307
34.26, 7306
34.27, 7305
34.43, 7304
34.47, 7303
34.58, 7302
34.62, 7301
34.64, 7300
34.75, 7299
34.79, 7298
34.95, 7297
35.06, 7296
35.11, 7295
35.22, 7294
35.26, 7293
35.28, 7292
35.29, 7291
35.50, 7290
35.63, 7289
35.67, 7288
35.77, 7287
35.86, 7286
35.93, 7285
35.97, 7284
35.99, 7283
36.09, 7282
36.14, 7281
36.25, 7280
36.29, 7279
36.40, 7278
36.44, 7277
36.56, 7276
36.60, 7275
36.61, 7274
36.63, 7273
36.64, 7272
36.66, 7271
36.80, 7270
36.84, 7269
36.94, 7268
36.98, 7267
37.10, 7266
37.15, 7265
37.25, 7264
37.30, 7263
37.31, 7262
37.43, 7261
37.47, 7260
37.58, 7259
37.63, 7258
37.75, 7257
37.79, 7256
37.91, 7255
37.96, 7254
37.97, 7253
37.99, 7252
38.14, 7251
38.19, 7250
38.29, 7249
38.34, 7248
38.45, 7247
38.51, 7246
38.64, 7245
38.68, 7244
38.70, 7243
38.80, 7242
38.85, 7241
38.96, 7240
39.01, 7239
39.13, 7238
39.18, 7237
39.29, 7236
39.34, 7235
39.35, 7234
39.37, 7233
39.39, 7232
39.60, 7231
39.64, 7230
39.76, 7229
39.80, 7228
39.91, 7227
39.96, 7226
40.07, 7225
40.12, 7224
40.14, 7223
40.33, 7222
40.43, 7221
40.49, 7220
40.64, 7219
40.69, 7218
40.83, 7217
40.84, 7216
40.86, 7215
41.03, 7214
41.07, 7213
41.12, 7212
41.23, 7211
41.28, 7210
41.39, 7209
41.44, 7208
41.55, 7207
41.60, 7206
41.62, 7205
41.73, 7204
41.78, 7203
41.89, 7202
41.94, 7201
42.05, 7200
42.09, 7199
42.21, 7198
42.25, 7197
42.27, 7196
42.28, 7195
42.30, 7194
42.31, 7193
42.47, 7192
42.52, 7191
42.70, 7190
42.91, 7189
43.00, 7188
43.14, 7187
43.20, 7186
43.22, 7185
43.33, 7184
43.38, 7183
43.49, 7182
43.54, 7181
43.65, 7180
43.70, 7179
43.80, 7178
43.85, 7177
43.86, 7176
43.87, 7175
44.03, 7174
44.20, 7173
44.24, 7172
44.34, 7171
44.37, 7170
44.41, 7169
44.52, 7168
44.57, 7167
44.58, 7166
44.69, 7165
44.74, 7164
44.86, 7163
44.90, 7162
45.02, 7161
45.14, 7160
45.19, 7159
45.22, 7158
45.23, 7157
45.45, 7156
45.50, 7155
45.60, 7154
45.65, 7153
45.66, 7152
45.76, 7151
45.80, 7150
45.90, 7149
45.94, 7148
46.04, 7147
46.08, 7146
46.18, 7145
46.22, 7144
46.24, 7143
46.25, 7142
46.39, 7141
46.43, 7140
46.56, 7139
46.60, 7138
46.70, 7137
46.74, 7136
46.84, 7135
46.88, 7134
46.89, 7133
46.99, 7132
47.03, 7131
47.13, 7130
47.17, 7129
47.27, 7128
47.31, 7127
47.41, 7126
47.45, 7125
47.47, 7124
47.48, 7123
47.50, 7122
47.51, 7121
47.66, 7120
47.70, 7119
47.79, 7118
47.84, 7117
47.96, 7116
48.01, 7115
48.15, 7114
48.20, 7113
48.21, 7112
48.34, 7111
48.40, 7110
48.56, 7109
48.70, 7108
48.75, 7107
48.87, 7106
48.91, 7105
48.93, 7104
48.94, 7103
49.11, 7102
49.16, 7101
49.27, 7100
49.32, 7099
49.43, 7098
49.48, 7097
49.60, 7096
49.65, 7095
49.67, 7094
49.78, 7093
49.82, 7092
49.94, 7091
49.98, 7090
50.10, 7089
50.15, 7088
50.26, 7087
50.31, 7086
50.32, 7085
50.34, 7084
50.35, 7083
50.51, 7082
50.55, 7081
50.67, 7080
50.72, 7079
50.87, 7078
50.99, 7077
51.04, 7076
51.05, 7075
51.15, 7074
51.20, 7073
51.30, 7072
51.34, 7071
51.45, 7070
51.49, 7069
51.60, 7068
51.65, 7067
51.66, 7066
51.68, 7065
51.82, 7064
51.86, 7063
51.96, 7062
52.00, 7061
52.10, 7060
52.14, 7059
52.24, 7058
52.28, 7057
52.29, 7056
52.39, 7055
52.43, 7054
52.55, 7053
52.61, 7052
52.72, 7051
52.76, 7050
52.86, 7049
52.90, 7048
52.91, 7047
52.93, 7046
52.94, 7045
52.96, 7044
52.97, 7043
52.99, 7042
53.00, 7041
53.01, 7040
53.03, 7039
53.05, 7038
53.06, 7037
53.08, 7036
53.09, 7035
53.11, 7034
53.12, 7033
56.97, 7032
59.13, 7031
59.16, 7030
59.25, 7029
59.29, 7028
59.52, 7027
59.91, 7026
60.11, 7025
60.38, 7024
60.55, 7023
60.74, 7022
60.83, 7021
60.85, 7020
60.91, 7019
61.20, 7018
61.66, 7017
61.72, 7016
61.87, 7015
61.89, 7014
62.01, 7013
62.96, 7012
63.40, 7011
63.51, 7010
63.57, 7009
64.19, 7008
64.61, 7007
65.34, 7006
66.12, 7005
66.61, 7004
66.62, 7003
66.73, 7002
67.43, 7001
70.04, 7000
70.79, 6999
73.23, 6998
75.55, 6997
75.57, 6996
75.93, 6995
76.03, 6994
76.09, 6993
76.28, 6992
76.38, 6991
76.48, 6990
76.56, 6989
76.79, 6988
76.81, 6987
77.03, 6986
77.05, 6985
77.32, 6984
77.40, 6983
77.42, 6982
77.65, 6981
78.44, 6980
78.50, 6979
78.58, 6978
78.63, 6977
78.76, 6976
78.88, 6975
78.94, 6974
78.96, 6973
79.26, 6972
79.84, 6971
79.99, 6970
80.64, 6969
80.78, 6968
81.33, 6967
81.49, 6966
81.51, 6965
81.67, 6964
82.41, 6963
82.78, 6962
82.82, 6961
82.93, 6960
83.96, 6959
85.81, 6958
86.22, 6957
86.84, 6956
87.23, 6955
87.77, 6954
89.32, 6953
90.10, 6952
91.61, 6951
95.50, 6950
98.50, 6949
99.02, 6948
99.10, 6947
101.83, 6946
101.89, 6945
101.96, 6944
101.98, 6943
102.00, 6942
103.32, 6941
105.88, 6940
106.77, 6939
107.14, 6938
108.09, 6937
110.85, 6936
112.27, 6935
126.79, 6934
127.80, 6933
128.31, 6932
133.57, 6931
135.58, 6930
137.92, 6929
138.13, 6928
146.15, 6927
147.52, 6926
163.20, 6925
202.49, 6924
209.38, 6923
215.63, 6922
217.30, 6921
217.55, 6920
258.98, 6919
300.74, 6918
357.53, 6917
387.27, 6916
397.96, 6915
432.21, 6914
477.73, 6913
