6.63, 4697
6.68, 4696
6.71, 4695
6.74, 4694
6.78, 4693
6.83, 4692
6.87, 4691
6.91, 4690
6.95, 4689
6.99, 4688
7.03, 4687
7.07, 4686
7.11, 4685
7.15, 4684
7.18, 4683
7.21, 4682
7.24, 4681
7.28, 4680
7.31, 4679
7.35, 4678
7.37, 4677
7.40, 4676
7.44, 4675
7.47, 4674
7.51, 4673
7.56, 4672
7.60, 4671
7.64, 4670
7.68, 4669
7.71, 4668
7.73, 4667
7.78, 4666
7.82, 4665
7.86, 4664
7.90, 4663
7.92, 4662
7.95, 4661
7.97, 4660
8.00, 4659
8.02, 4658
8.04, 4657
8.07, 4656
8.09, 4655
8.12, 4654
8.16, 4653
8.32, 4652
8.44, 4651
9.00, 4650
9.24, 4649
9.64, 4648
9.87, 4647
10.18, 4646
10.47, 4645
10.65, 4644
11.09, 4643
11.52, 4642
12.01, 4641
12.17, 4640
12.20, 4639
12.27, 4638
12.38, 4637
13.08, 4636
13.11, 4635
13.20, 4634
13.36, 4633
13.99, 4632
14.51, 4631
15.42, 4630
15.56, 4629
16.43, 4628
17.17, 4627
17.25, 4626
18.01, 4625
18.13, 4624
18.72, 4623
19.30, 4622
19.48, 4621
19.56, 4620
19.64, 4619
20.04, 4618
20.42, 4617
20.58, 4616
20.68, 4615
20.96, 4614
21.47, 4613
22.73, 4612
22.84, 4611
23.04, 4610
23.57, 4609
23.63, 4608
23.93, 4607
24.38, 4606
25.03, 4605
25.96, 4604
26.03, 4603
27.21, 4602
27.37, 4601
28.18, 4600
28.36, 4599
28.51, 4598
29.01, 4597
29.25, 4596
31.83, 4595
32.06, 4594
32.15, 4593
32.23, 4592
32.33, 4591
32.51, 4590
33.90, 4589
34.15, 4588
36.04, 4587
36.20, 4586
36.69, 4585
37.45, 4584
37.47, 4583
37.75, 4582
38.11, 4581
38.56, 4580
38.99, 4579
39.80, 4578
40.36, 4577
40.40, 4576
41.89, 4575
43.75, 4574
44.05, 4573
44.96, 4572
45.93, 4571
47.08, 4570
48.46, 4569
49.20, 4568
49.92, 4567
54.09, 4566
58.46, 4565
60.36, 4564
60.95, 4563
98.66, 4562
101.52, 4561
107.62, 4560
111.42, 4559
114.12, 4558
120.19, 4557
121.11, 4556
122.48, 4555
125.52, 4554
136.38, 4553
140.51, 4552
144.46, 4551
147.10, 4550
156.44, 4549
189.25, 4548
194.62, 4547
204.18, 4546
208.05, 4545
220.06, 4544
309.86, 4543
