6.94, 4697
6.98, 4696
7.00, 4695
7.05, 4694
7.08, 4693
7.11, 4692
7.14, 4691
7.17, 4690
7.19, 4689
7.21, 4688
7.23, 4687
7.25, 4686
7.27, 4685
7.30, 4684
7.32, 4683
7.34, 4682
7.36, 4681
7.38, 4680
7.41, 4679
7.43, 4678
7.45, 4677
7.48, 4676
7.51, 4675
7.54, 4674
7.59, 4673
7.62, 4672
7.67, 4671
7.71, 4670
7.74, 4669
7.78, 4668
7.81, 4667
7.83, 4666
7.87, 4665
7.90, 4664
7.93, 4663
7.96, 4662
7.98, 4661
8.00, 4660
8.03, 4659
8.06, 4658
8.08, 4657
8.10, 4656
8.14, 4655
8.16, 4654
8.19, 4653
8.33, 4652
8.50, 4651
8.97, 4650
9.22, 4649
9.92, 4648
10.14, 4647
10.41, 4646
10.68, 4645
10.92, 4644
11.39, 4643
11.83, 4642
12.26, 4641
12.48, 4640
12.51, 4639
12.59, 4638
12.66, 4637
13.45, 4636
13.59, 4635
13.62, 4634
13.82, 4633
14.52, 4632
15.12, 4631
16.03, 4630
16.12, 4629
17.16, 4628
17.80, 4627
18.07, 4626
18.22, 4625
18.94, 4624
19.15, 4623
19.76, 4622
20.53, 4621
20.78, 4620
20.83, 4619
21.02, 4618
21.44, 4617
21.84, 4616
22.13, 4615
22.21, 4614
22.57, 4613
23.04, 4612
24.10, 4611
24.43, 4610
24.62, 4609
25.28, 4608
25.54, 4607
25.67, 4606
26.08, 4605
26.68, 4604
27.00, 4603
28.02, 4602
28.05, 4601
29.64, 4600
29.82, 4599
30.50, 4598
30.59, 4597
31.01, 4596
31.33, 4595
31.71, 4594
34.69, 4593
35.25, 4592
35.49, 4591
35.59, 4590
35.75, 4589
37.41, 4588
37.56, 4587
39.92, 4586
40.10, 4585
40.60, 4584
41.00, 4583
41.61, 4582
41.80, 4581
41.83, 4580
42.16, 4579
42.52, 4578
43.71, 4577
44.00, 4576
44.82, 4575
44.84, 4574
45.28, 4573
46.22, 4572
47.81, 4571
48.00, 4570
48.84, 4569
50.84, 4568
51.20, 4567
52.58, 4566
53.62, 4565
54.00, 4564
54.42, 4563
54.60, 4562
61.98, 4561
62.23, 4560
62.31, 4559
66.01, 4558
115.24, 4557
116.45, 4556
116.66, 4555
120.26, 4554
129.06, 4553
138.12, 4552
140.14, 4551
152.75, 4550
158.71, 4549
198.01, 4548
239.64, 4547
302.65, 4546
332.31, 4545
420.74, 4544
