5.31, 7374
5.34, 7373
5.35, 7372
5.37, 7371
5.38, 7370
5.40, 7369
5.41, 7368
5.43, 7367
5.44, 7366
5.46, 7365
5.47, 7364
5.49, 7363
5.50, 7362
5.51, 7361
5.53, 7360
5.54, 7359
5.56, 7358
5.57, 7357
5.59, 7356
5.60, 7355
5.62, 7354
5.63, 7353
5.65, 7352
5.67, 7351
5.68, 7350
5.69, 7349
5.71, 7348
5.72, 7347
5.74, 7346
8.79, 7345
12.69, 7344
13.28, 7343
13.33, 7342
14.77, 7341
22.71, 7340
24.51, 7339
26.50, 7338
26.54, 7337
26.64, 7336
26.70, 7335
26.84, 7334
26.89, 7333
26.99, 7332
27.03, 7331
27.04, 7330
27.25, 7329
27.29, 7328
27.40, 7327
27.44, 7326
27.59, 7325
27.62, 7324
27.86, 7323
27.90, 7322
28.01, 7321
28.06, 7320
28.17, 7319
28.21, 7318
28.31, 7317
28.36, 7316
28.37, 7315
28.48, 7314
28.64, 7313
28.69, 7312
28.79, 7311
28.83, 7310
28.94, 7309
28.98, 7308
28.99, 7307
29.01, 7306
29.02, 7305
29.17, 7304
29.22, 7303
29.32, 7302
29.36, 7301
29.39, 7300
29.50, 7299
29.54, 7298
29.70, 7297
29.81, 7296
29.85, 7295
30.02, 7294
30.08, 7293
30.09, 7292
30.11, 7291
30.30, 7290
30.44, 7289
30.48, 7288
30.59, 7287
30.70, 7286
30.76, 7285
30.80, 7284
30.82, 7283
30.92, 7282
30.97, 7281
31.07, 7280
31.12, 7279
31.22, 7278
31.27, 7277
31.38, 7276
31.42, 7275
31.43, 7274
31.45, 7273
31.46, 7272
31.48, 7271
31.62, 7270
31.66, 7269
31.77, 7268
31.81, 7267
31.91, 7266
31.96, 7265
32.06, 7264
32.10, 7263
32.12, 7262
32.22, 7261
32.27, 7260
32.37, 7259
32.41, 7258
32.51, 7257
32.56, 7256
32.66, 7255
32.70, 7254
32.71, 7253
32.73, 7252
32.89, 7251
32.93, 7250
33.03, 7249
33.09, 7248
33.20, 7247
33.24, 7246
33.34, 7245
33.39, 7244
33.40, 7243
33.51, 7242
33.55, 7241
33.66, 7240
33.71, 7239
33.81, 7238
33.86, 7237
33.96, 7236
34.01, 7235
34.02, 7234
34.03, 7233
34.05, 7232
34.26, 7231
34.30, 7230
34.41, 7229
34.45, 7228
34.56, 7227
34.61, 7226
34.71, 7225
34.76, 7224
34.77, 7223
34.94, 7222
35.10, 7221
35.14, 7220
35.24, 7219
35.28, 7218
35.41, 7217
35.43, 7216
35.45, 7215
35.53, 7214
35.63, 7213
35.68, 7212
35.79, 7211
35.83, 7210
35.93, 7209
35.98, 7208
36.08, 7207
36.12, 7206
36.14, 7205
36.24, 7204
36.29, 7203
36.39, 7202
36.44, 7201
36.55, 7200
36.59, 7199
36.70, 7198
36.74, 7197
36.76, 7196
36.77, 7195
36.79, 7194
36.80, 7193
36.95, 7192
37.02, 7191
37.18, 7190
37.35, 7189
37.39, 7188
37.49, 7187
37.53, 7186
37.55, 7185
37.65, 7184
37.69, 7183
37.79, 7182
37.83, 7181
37.93, 7180
37.98, 7179
38.12, 7178
38.14, 7177
38.15, 7176
38.24, 7175
38.34, 7174
38.50, 7173
38.55, 7172
38.62, 7171
38.66, 7170
38.70, 7169
38.80, 7168
38.84, 7167
38.86, 7166
38.95, 7165
39.01, 7164
39.10, 7163
39.14, 7162
39.25, 7161
39.37, 7160
39.42, 7159
39.45, 7158
39.46, 7157
39.68, 7156
39.72, 7155
39.83, 7154
39.87, 7153
39.88, 7152
39.99, 7151
40.04, 7150
40.14, 7149
40.18, 7148
40.28, 7147
40.33, 7146
40.43, 7145
40.47, 7144
40.48, 7143
40.50, 7142
40.64, 7141
40.69, 7140
40.78, 7139
40.83, 7138
40.94, 7137
40.98, 7136
41.09, 7135
41.13, 7134
41.15, 7133
41.26, 7132
41.31, 7131
41.42, 7130
41.46, 7129
41.56, 7128
41.61, 7127
41.72, 7126
41.76, 7125
41.78, 7124
41.80, 7123
41.81, 7122
41.83, 7121
42.00, 7120
42.04, 7119
42.14, 7118
42.19, 7117
42.29, 7116
42.35, 7115
42.50, 7114
42.55, 7113
42.56, 7112
42.67, 7111
42.71, 7110
42.84, 7109
43.02, 7108
43.06, 7107
43.16, 7106
43.21, 7105
43.22, 7104
43.24, 7103
43.38, 7102
43.42, 7101
43.52, 7100
43.56, 7099
43.67, 7098
43.71, 7097
43.81, 7096
43.85, 7095
43.88, 7094
43.98, 7093
44.02, 7092
44.12, 7091
44.17, 7090
44.27, 7089
44.31, 7088
44.41, 7087
44.46, 7086
44.47, 7085
44.48, 7084
44.50, 7083
44.64, 7082
44.68, 7081
44.79, 7080
44.83, 7079
44.98, 7078
45.10, 7077
45.17, 7076
45.18, 7075
45.28, 7074
45.34, 7073
45.44, 7072
45.48, 7071
45.59, 7070
45.63, 7069
45.74, 7068
45.78, 7067
45.79, 7066
45.81, 7065
45.96, 7064
46.00, 7063
46.11, 7062
46.15, 7061
46.28, 7060
46.33, 7059
46.43, 7058
46.48, 7057
46.49, 7056
46.60, 7055
46.64, 7054
46.76, 7053
46.80, 7052
46.90, 7051
46.95, 7050
47.05, 7049
47.11, 7048
47.13, 7047
47.14, 7046
47.16, 7045
47.17, 7044
47.19, 7043
47.21, 7042
47.23, 7041
47.25, 7040
47.26, 7039
47.28, 7038
47.30, 7037
47.31, 7036
47.33, 7035
47.35, 7034
47.37, 7033
48.39, 7032
50.56, 7031
53.05, 7030
53.08, 7029
53.22, 7028
53.27, 7027
53.39, 7026
54.15, 7025
54.24, 7024
54.40, 7023
54.49, 7022
54.61, 7021
54.63, 7020
54.68, 7019
54.83, 7018
55.24, 7017
55.31, 7016
55.43, 7015
55.45, 7014
55.52, 7013
56.01, 7012
56.13, 7011
56.33, 7010
56.55, 7009
57.10, 7008
57.32, 7007
57.67, 7006
58.15, 7005
58.17, 7004
58.47, 7003
59.12, 7002
59.85, 7001
60.39, 7000
60.46, 6999
60.55, 6998
63.12, 6997
63.86, 6996
64.24, 6995
66.17, 6994
68.34, 6993
68.51, 6992
68.61, 6991
68.70, 6990
68.86, 6989
68.95, 6988
68.97, 6987
69.12, 6986
69.35, 6985
69.37, 6984
69.64, 6983
69.66, 6982
69.91, 6981
69.96, 6980
69.98, 6979
70.30, 6978
71.27, 6977
71.42, 6976
71.47, 6975
71.58, 6974
71.72, 6973
71.73, 6972
71.89, 6971
71.91, 6970
72.27, 6969
72.50, 6968
73.53, 6967
73.63, 6966
73.64, 6965
73.81, 6964
74.48, 6963
75.05, 6962
75.14, 6961
75.39, 6960
75.53, 6959
76.31, 6958
76.38, 6957
77.48, 6956
77.55, 6955
78.48, 6954
78.55, 6953
78.73, 6952
78.89, 6951
81.26, 6950
82.54, 6949
82.93, 6948
84.33, 6947
86.04, 6946
90.74, 6945
91.30, 6944
93.48, 6943
108.51, 6942
112.98, 6941
113.12, 6940
113.79, 6939
118.85, 6938
118.94, 6937
119.09, 6936
119.22, 6935
119.45, 6934
132.82, 6933
133.14, 6932
163.86, 6931
165.73, 6930
168.26, 6929
170.92, 6928
185.33, 6927
186.39, 6926
209.98, 6925
212.07, 6924
213.05, 6923
221.02, 6922
221.21, 6921
221.41, 6920
241.93, 6919
242.04, 6918
245.75, 6917
295.75, 6916
336.89, 6915
339.15, 6914
344.82, 6913
