5.63, 7374
5.66, 7373
5.67, 7372
5.68, 7371
5.69, 7370
5.71, 7369
5.72, 7368
5.73, 7367
5.75, 7366
5.76, 7365
5.77, 7364
5.79, 7363
5.80, 7362
5.81, 7361
5.83, 7360
5.84, 7359
5.86, 7358
5.87, 7357
5.88, 7356
5.89, 7355
5.91, 7354
5.92, 7353
5.94, 7352
5.95, 7351
5.96, 7350
5.98, 7349
5.99, 7348
6.00, 7347
6.01, 7346
9.03, 7345
12.85, 7344
13.71, 7343
13.75, 7342
15.18, 7341
23.69, 7340
25.54, 7339
27.51, 7338
27.55, 7337
27.65, 7336
27.69, 7335
27.78, 7334
27.82, 7333
27.92, 7332
27.96, 7331
27.97, 7330
28.16, 7329
28.20, 7328
28.30, 7327
28.34, 7326
28.48, 7325
28.50, 7324
28.73, 7323
28.79, 7322
28.89, 7321
28.94, 7320
29.05, 7319
29.08, 7318
29.22, 7317
29.27, 7316
29.29, 7315
29.41, 7314
29.57, 7313
29.63, 7312
29.74, 7311
29.78, 7310
29.88, 7309
29.92, 7308
29.93, 7307
29.94, 7306
29.96, 7305
30.10, 7304
30.14, 7303
30.25, 7302
30.29, 7301
30.31, 7300
30.40, 7299
30.44, 7298
30.58, 7297
30.68, 7296
30.73, 7295
30.83, 7294
30.87, 7293
30.88, 7292
30.89, 7291
31.09, 7290
31.19, 7289
31.23, 7288
31.32, 7287
31.41, 7286
31.49, 7285
31.53, 7284
31.55, 7283
31.64, 7282
31.68, 7281
31.79, 7280
31.83, 7279
31.93, 7278
31.97, 7277
32.07, 7276
32.12, 7275
32.13, 7274
32.14, 7273
32.15, 7272
32.17, 7271
32.30, 7270
32.34, 7269
32.44, 7268
32.48, 7267
32.58, 7266
32.63, 7265
32.73, 7264
32.77, 7263
32.79, 7262
32.88, 7261
32.92, 7260
33.02, 7259
33.06, 7258
33.16, 7257
33.20, 7256
33.31, 7255
33.35, 7254
33.37, 7253
33.38, 7252
33.51, 7251
33.55, 7250
33.64, 7249
33.68, 7248
33.78, 7247
33.83, 7246
33.93, 7245
33.97, 7244
33.98, 7243
34.08, 7242
34.12, 7241
34.22, 7240
34.26, 7239
34.35, 7238
34.39, 7237
34.49, 7236
34.53, 7235
34.55, 7234
34.56, 7233
34.57, 7232
34.72, 7231
34.77, 7230
34.87, 7229
34.91, 7228
35.00, 7227
35.05, 7226
35.15, 7225
35.20, 7224
35.21, 7223
35.35, 7222
35.45, 7221
35.50, 7220
35.60, 7219
35.65, 7218
35.81, 7217
35.83, 7216
35.84, 7215
35.86, 7214
36.00, 7213
36.04, 7212
36.15, 7211
36.19, 7210
36.29, 7209
36.34, 7208
36.44, 7207
36.48, 7206
36.49, 7205
36.59, 7204
36.63, 7203
36.73, 7202
36.77, 7201
36.87, 7200
36.92, 7199
37.02, 7198
37.06, 7197
37.07, 7196
37.09, 7195
37.10, 7194
37.11, 7193
37.25, 7192
37.29, 7191
37.48, 7190
37.58, 7189
37.62, 7188
37.75, 7187
37.79, 7186
37.81, 7185
37.90, 7184
37.94, 7183
38.04, 7182
38.08, 7181
38.18, 7180
38.23, 7179
38.37, 7178
38.39, 7177
38.40, 7176
38.45, 7175
38.56, 7174
38.74, 7173
38.78, 7172
38.86, 7171
38.89, 7170
38.93, 7169
39.02, 7168
39.06, 7167
39.07, 7166
39.16, 7165
39.20, 7164
39.30, 7163
39.34, 7162
39.43, 7161
39.54, 7160
39.58, 7159
39.60, 7158
39.62, 7157
39.89, 7156
39.93, 7155
40.03, 7154
40.07, 7153
40.08, 7152
40.18, 7151
40.22, 7150
40.32, 7149
40.36, 7148
40.46, 7147
40.50, 7146
40.60, 7145
40.64, 7144
40.65, 7143
40.67, 7142
40.80, 7141
40.84, 7140
40.94, 7139
40.98, 7138
41.07, 7137
41.11, 7136
41.20, 7135
41.24, 7134
41.25, 7133
41.34, 7132
41.39, 7131
41.48, 7130
41.52, 7129
41.62, 7128
41.66, 7127
41.75, 7126
41.79, 7125
41.81, 7124
41.83, 7123
41.84, 7122
41.86, 7121
42.00, 7120
42.04, 7119
42.14, 7118
42.18, 7117
42.28, 7116
42.33, 7115
42.43, 7114
42.47, 7113
42.48, 7112
42.58, 7111
42.62, 7110
42.75, 7109
42.97, 7108
43.01, 7107
43.10, 7106
43.14, 7105
43.15, 7104
43.17, 7103
43.30, 7102
43.34, 7101
43.44, 7100
43.48, 7099
43.64, 7098
43.68, 7097
43.78, 7096
43.82, 7095
43.84, 7094
43.94, 7093
43.98, 7092
44.10, 7091
44.14, 7090
44.23, 7089
44.28, 7088
44.38, 7087
44.42, 7086
44.43, 7085
44.44, 7084
44.46, 7083
44.60, 7082
44.64, 7081
44.74, 7080
44.78, 7079
44.93, 7078
45.03, 7077
45.07, 7076
45.09, 7075
45.19, 7074
45.24, 7073
45.33, 7072
45.37, 7071
45.47, 7070
45.51, 7069
45.60, 7068
45.64, 7067
45.66, 7066
45.67, 7065
45.80, 7064
45.84, 7063
45.94, 7062
45.98, 7061
46.09, 7060
46.13, 7059
46.23, 7058
46.27, 7057
46.29, 7056
46.38, 7055
46.42, 7054
46.52, 7053
46.56, 7052
46.66, 7051
46.71, 7050
46.86, 7049
46.93, 7048
46.95, 7047
46.97, 7046
47.00, 7045
47.02, 7044
47.05, 7043
47.07, 7042
47.10, 7041
47.12, 7040
47.15, 7039
47.17, 7038
47.20, 7037
47.22, 7036
47.24, 7035
47.27, 7034
47.30, 7033
49.01, 7032
53.33, 7031
53.37, 7030
53.57, 7029
53.61, 7028
53.70, 7027
54.17, 7026
54.24, 7025
54.30, 7024
54.32, 7023
54.36, 7022
54.66, 7021
54.87, 7020
55.83, 7019
55.93, 7018
55.99, 7017
56.07, 7016
56.24, 7015
56.29, 7014
56.90, 7013
57.23, 7012
57.94, 7011
58.64, 7010
59.57, 7009
59.59, 7008
59.70, 7007
61.70, 7006
65.15, 7005
65.46, 7004
66.67, 7003
67.21, 7002
68.95, 7001
69.09, 7000
69.24, 6999
69.31, 6998
69.34, 6997
69.37, 6996
69.51, 6995
69.76, 6994
69.79, 6993
69.93, 6992
69.95, 6991
70.16, 6990
70.17, 6989
70.36, 6988
70.41, 6987
70.42, 6986
71.26, 6985
71.31, 6984
71.39, 6983
71.41, 6982
71.54, 6981
71.62, 6980
71.74, 6979
71.76, 6978
72.33, 6977
72.48, 6976
73.86, 6975
73.89, 6974
74.12, 6973
75.01, 6972
75.49, 6971
75.55, 6970
75.74, 6969
75.90, 6968
75.98, 6967
76.04, 6966
76.15, 6965
76.73, 6964
76.87, 6963
78.30, 6962
79.00, 6961
79.37, 6960
79.58, 6959
80.77, 6958
80.90, 6957
81.14, 6956
83.55, 6955
87.35, 6954
87.49, 6953
87.60, 6952
88.63, 6951
89.21, 6950
92.18, 6949
94.94, 6948
96.04, 6947
101.12, 6946
103.43, 6945
103.53, 6944
103.54, 6943
105.04, 6942
114.37, 6941
115.01, 6940
119.41, 6939
119.50, 6938
125.11, 6937
126.96, 6936
127.32, 6935
129.04, 6934
129.77, 6933
131.21, 6932
133.83, 6931
134.85, 6930
138.47, 6929
151.15, 6928
151.93, 6927
151.99, 6926
184.68, 6925
187.34, 6924
188.53, 6923
188.77, 6922
201.72, 6921
203.88, 6920
206.62, 6919
237.18, 6918
237.45, 6917
245.61, 6916
328.02, 6915
343.22, 6914
453.76, 6913
