5.47, 7374
5.50, 7373
5.51, 7372
5.52, 7371
5.54, 7370
5.55, 7369
5.56, 7368
5.58, 7367
5.59, 7366
5.60, 7365
5.62, 7364
5.64, 7363
5.66, 7362
5.69, 7361
5.71, 7360
5.73, 7359
5.75, 7358
5.78, 7357
5.80, 7356
5.82, 7355
5.83, 7354
5.85, 7353
5.86, 7352
5.87, 7351
5.89, 7350
5.90, 7349
5.91, 7348
5.93, 7347
5.94, 7346
8.97, 7345
12.64, 7344
13.17, 7343
13.21, 7342
14.57, 7341
22.68, 7340
24.35, 7339
26.28, 7338
26.32, 7337
26.41, 7336
26.45, 7335
26.54, 7334
26.58, 7333
26.68, 7332
26.72, 7331
26.73, 7330
26.91, 7329
26.95, 7328
27.04, 7327
27.08, 7326
27.21, 7325
27.24, 7324
27.54, 7323
27.58, 7322
27.67, 7321
27.81, 7320
27.83, 7319
27.88, 7318
27.97, 7317
28.01, 7316
28.02, 7315
28.11, 7314
28.24, 7313
28.30, 7312
28.40, 7311
28.44, 7310
28.54, 7309
28.58, 7308
28.59, 7307
28.61, 7306
28.62, 7305
28.86, 7304
28.90, 7303
28.99, 7302
29.03, 7301
29.05, 7300
29.16, 7299
29.20, 7298
29.35, 7297
29.45, 7296
29.49, 7295
29.58, 7294
29.62, 7293
29.64, 7292
29.65, 7291
29.86, 7290
29.96, 7289
30.00, 7288
30.11, 7287
30.22, 7286
30.27, 7285
30.31, 7284
30.32, 7283
30.41, 7282
30.45, 7281
30.55, 7280
30.59, 7279
30.69, 7278
30.74, 7277
30.83, 7276
30.88, 7275
30.89, 7274
30.90, 7273
30.91, 7272
30.93, 7271
31.07, 7270
31.11, 7269
31.20, 7268
31.24, 7267
31.34, 7266
31.38, 7265
31.47, 7264
31.51, 7263
31.52, 7262
31.61, 7261
31.65, 7260
31.75, 7259
31.80, 7258
31.90, 7257
31.94, 7256
32.04, 7255
32.08, 7254
32.10, 7253
32.11, 7252
32.24, 7251
32.28, 7250
32.38, 7249
32.42, 7248
32.52, 7247
32.57, 7246
32.66, 7245
32.70, 7244
32.71, 7243
32.81, 7242
32.85, 7241
32.95, 7240
32.99, 7239
33.09, 7238
33.13, 7237
33.24, 7236
33.28, 7235
33.29, 7234
33.31, 7233
33.32, 7232
33.46, 7231
33.50, 7230
33.60, 7229
33.64, 7228
33.74, 7227
33.78, 7226
33.88, 7225
33.92, 7224
33.94, 7223
34.07, 7222
34.19, 7221
34.23, 7220
34.34, 7219
34.38, 7218
34.52, 7217
34.54, 7216
34.56, 7215
34.62, 7214
34.83, 7213
34.89, 7212
34.98, 7211
35.02, 7210
35.11, 7209
35.15, 7208
35.24, 7207
35.28, 7206
35.30, 7205
35.39, 7204
35.43, 7203
35.53, 7202
35.57, 7201
35.67, 7200
35.71, 7199
35.81, 7198
35.85, 7197
35.86, 7196
35.88, 7195
35.89, 7194
35.90, 7193
36.05, 7192
36.09, 7191
36.29, 7190
36.31, 7189
36.45, 7188
36.55, 7187
36.59, 7186
36.60, 7185
36.70, 7184
36.74, 7183
36.83, 7182
36.88, 7181
36.99, 7180
37.03, 7179
37.16, 7178
37.18, 7177
37.19, 7176
37.25, 7175
37.37, 7174
37.53, 7173
37.57, 7172
37.65, 7171
37.68, 7170
37.72, 7169
37.82, 7168
37.86, 7167
37.88, 7166
37.97, 7165
38.01, 7164
38.11, 7163
38.15, 7162
38.25, 7161
38.36, 7160
38.42, 7159
38.46, 7158
38.49, 7157
38.77, 7156
38.81, 7155
38.93, 7154
38.97, 7153
38.98, 7152
39.08, 7151
39.12, 7150
39.21, 7149
39.25, 7148
39.35, 7147
39.39, 7146
39.50, 7145
39.53, 7144
39.55, 7143
39.56, 7142
39.70, 7141
39.73, 7140
39.83, 7139
39.88, 7138
39.97, 7137
40.01, 7136
40.11, 7135
40.16, 7134
40.17, 7133
40.26, 7132
40.30, 7131
40.40, 7130
40.44, 7129
40.54, 7128
40.58, 7127
40.68, 7126
40.72, 7125
40.73, 7124
40.74, 7123
40.76, 7122
40.77, 7121
40.90, 7120
40.94, 7119
41.07, 7118
41.11, 7117
41.24, 7116
41.27, 7115
41.39, 7114
41.47, 7113
41.49, 7112
41.60, 7111
41.65, 7110
41.79, 7109
41.93, 7108
41.97, 7107
42.07, 7106
42.11, 7105
42.12, 7104
42.13, 7103
42.26, 7102
42.30, 7101
42.39, 7100
42.43, 7099
42.53, 7098
42.58, 7097
42.68, 7096
42.72, 7095
42.73, 7094
42.82, 7093
42.86, 7092
42.97, 7091
43.01, 7090
43.12, 7089
43.16, 7088
43.26, 7087
43.30, 7086
43.31, 7085
43.33, 7084
43.34, 7083
43.48, 7082
43.52, 7081
43.63, 7080
43.67, 7079
43.83, 7078
43.91, 7077
43.96, 7076
43.97, 7075
44.06, 7074
44.11, 7073
44.20, 7072
44.25, 7071
44.35, 7070
44.39, 7069
44.49, 7068
44.53, 7067
44.54, 7066
44.55, 7065
44.69, 7064
44.73, 7063
44.82, 7062
44.86, 7061
44.97, 7060
45.01, 7059
45.11, 7058
45.16, 7057
45.17, 7056
45.27, 7055
45.31, 7054
45.41, 7053
45.45, 7052
45.55, 7051
45.59, 7050
45.70, 7049
45.74, 7048
45.76, 7047
45.77, 7046
45.78, 7045
45.80, 7044
45.82, 7043
45.85, 7042
45.87, 7041
45.90, 7040
45.92, 7039
45.94, 7038
45.95, 7037
45.97, 7036
45.98, 7035
46.01, 7034
46.04, 7033
50.56, 7032
50.59, 7031
50.69, 7030
50.74, 7029
51.08, 7028
51.19, 7027
51.29, 7026
51.58, 7025
51.94, 7024
51.98, 7023
52.07, 7022
52.16, 7021
52.18, 7020
52.23, 7019
52.87, 7018
52.96, 7017
53.00, 7016
53.01, 7015
53.94, 7014
54.10, 7013
54.93, 7012
54.98, 7011
56.06, 7010
56.66, 7009
56.82, 7008
56.83, 7007
56.93, 7006
59.76, 7005
60.29, 7004
61.64, 7003
62.14, 7002
63.72, 7001
64.30, 7000
64.40, 6999
64.54, 6998
64.80, 6997
64.87, 6996
65.07, 6995
65.09, 6994
65.23, 6993
65.24, 6992
65.42, 6991
65.55, 6990
65.57, 6989
65.75, 6988
67.14, 6987
67.20, 6986
67.22, 6985
67.75, 6984
68.21, 6983
68.88, 6982
69.39, 6981
69.41, 6980
69.66, 6979
70.21, 6978
70.27, 6977
70.52, 6976
70.86, 6975
70.98, 6974
71.23, 6973
71.64, 6972
71.73, 6971
72.98, 6970
73.92, 6969
74.17, 6968
76.11, 6967
76.20, 6966
76.45, 6965
76.82, 6964
77.34, 6963
78.45, 6962
78.57, 6961
80.85, 6960
81.47, 6959
81.52, 6958
81.57, 6957
84.83, 6956
85.69, 6955
88.77, 6954
90.32, 6953
91.05, 6952
92.49, 6951
92.54, 6950
92.61, 6949
92.69, 6948
92.71, 6947
92.77, 6946
95.67, 6945
108.19, 6944
108.77, 6943
109.16, 6942
109.26, 6941
112.91, 6940
114.40, 6939
115.66, 6938
118.03, 6937
122.07, 6936
123.45, 6935
123.46, 6934
127.01, 6933
128.20, 6932
128.44, 6931
128.53, 6930
128.56, 6929
129.67, 6928
178.17, 6927
181.25, 6926
213.32, 6925
220.17, 6924
223.74, 6923
256.17, 6922
263.70, 6921
350.93, 6920
397.88, 6919
467.02, 6918
