7.20, 4697
7.27, 4696
7.31, 4695
7.35, 4694
7.38, 4693
7.42, 4692
7.46, 4691
7.48, 4690
7.51, 4689
7.53, 4688
7.55, 4687
7.58, 4686
7.60, 4685
7.63, 4684
7.65, 4683
7.68, 4682
7.71, 4681
7.73, 4680
7.77, 4679
7.80, 4678
7.82, 4677
7.85, 4676
7.88, 4675
7.91, 4674
7.94, 4673
7.96, 4672
7.99, 4671
8.02, 4670
8.04, 4669
8.07, 4668
8.09, 4667
8.12, 4666
8.14, 4665
8.17, 4664
8.20, 4663
8.22, 4662
8.25, 4661
8.28, 4660
8.30, 4659
8.33, 4658
8.35, 4657
8.38, 4656
8.41, 4655
8.43, 4654
8.46, 4653
8.65, 4652
8.85, 4651
9.28, 4650
9.50, 4649
10.04, 4648
10.20, 4647
10.57, 4646
10.82, 4645
11.05, 4644
11.74, 4643
12.28, 4642
12.85, 4641
13.02, 4640
13.05, 4639
13.18, 4638
13.21, 4637
14.01, 4636
14.13, 4635
14.16, 4634
14.32, 4633
15.02, 4632
15.54, 4631
16.33, 4630
16.39, 4629
17.17, 4628
17.99, 4627
18.08, 4626
18.85, 4625
18.97, 4624
19.52, 4623
20.11, 4622
20.24, 4621
20.32, 4620
20.45, 4619
20.93, 4618
21.33, 4617
21.67, 4616
21.69, 4615
22.05, 4614
22.54, 4613
23.72, 4612
24.09, 4611
24.19, 4610
24.53, 4609
24.84, 4608
24.99, 4607
25.42, 4606
25.88, 4605
26.52, 4604
27.57, 4603
27.59, 4602
28.57, 4601
28.90, 4600
29.09, 4599
29.78, 4598
29.91, 4597
30.27, 4596
31.13, 4595
31.44, 4594
34.34, 4593
34.54, 4592
34.67, 4591
34.86, 4590
36.34, 4589
38.69, 4588
39.14, 4587
39.56, 4586
40.21, 4585
40.39, 4584
40.55, 4583
41.05, 4582
41.49, 4581
41.71, 4580
42.63, 4579
43.92, 4578
44.06, 4577
45.74, 4576
45.82, 4575
46.70, 4574
47.59, 4573
47.81, 4572
48.88, 4571
50.25, 4570
50.64, 4569
51.11, 4568
51.40, 4567
52.19, 4566
52.70, 4565
53.25, 4564
53.97, 4563
54.58, 4562
59.63, 4561
60.57, 4560
66.94, 4559
70.46, 4558
70.61, 4557
112.58, 4556
132.05, 4555
135.87, 4554
137.15, 4553
137.43, 4552
154.47, 4551
159.18, 4550
161.18, 4549
164.42, 4548
165.64, 4547
225.66, 4546
246.85, 4545
385.35, 4544
465.61, 4543
