6.07, 4697
6.12, 4696
6.14, 4695
6.16, 4694
6.18, 4693
6.20, 4692
6.23, 4691
6.25, 4690
6.27, 4689
6.29, 4688
6.31, 4687
6.33, 4686
6.36, 4685
6.38, 4684
6.40, 4683
6.42, 4682
6.44, 4681
6.46, 4680
6.49, 4679
6.51, 4678
6.53, 4677
6.55, 4676
6.57, 4675
6.60, 4674
6.62, 4673
6.64, 4672
6.66, 4671
6.68, 4670
6.71, 4669
6.73, 4668
6.75, 4667
6.77, 4666
6.79, 4665
6.82, 4664
6.84, 4663
6.86, 4662
6.88, 4661
6.91, 4660
6.93, 4659
6.95, 4658
6.97, 4657
7.00, 4656
7.02, 4655
7.05, 4654
7.07, 4653
7.26, 4652
7.38, 4651
7.82, 4650
8.02, 4649
8.38, 4648
8.53, 4647
8.84, 4646
9.07, 4645
9.44, 4644
9.74, 4643
10.03, 4642
10.36, 4641
10.64, 4640
10.67, 4639
10.73, 4638
10.80, 4637
11.56, 4636
11.65, 4635
11.69, 4634
11.83, 4633
12.45, 4632
12.88, 4631
13.67, 4630
13.69, 4629
14.49, 4628
15.17, 4627
15.28, 4626
15.91, 4625
16.02, 4624
16.48, 4623
17.13, 4622
17.15, 4621
17.24, 4620
17.31, 4619
17.72, 4618
18.15, 4617
18.34, 4616
18.36, 4615
18.77, 4614
19.10, 4613
20.16, 4612
20.44, 4611
20.65, 4610
20.87, 4609
21.20, 4608
21.57, 4607
22.28, 4606
22.79, 4605
23.49, 4604
23.60, 4603
24.49, 4602
24.83, 4601
25.06, 4600
25.72, 4599
25.75, 4598
25.92, 4597
26.43, 4596
26.59, 4595
29.15, 4594
29.53, 4593
29.64, 4592
31.21, 4591
33.17, 4590
33.46, 4589
33.53, 4588
34.62, 4587
34.72, 4586
34.96, 4585
35.37, 4584
35.53, 4583
37.35, 4582
37.82, 4581
38.80, 4580
38.87, 4579
40.99, 4578
41.31, 4577
42.14, 4576
43.22, 4575
43.51, 4574
44.89, 4573
45.09, 4572
45.81, 4571
47.13, 4570
47.96, 4569
48.03, 4568
50.81, 4567
50.91, 4566
59.74, 4565
63.61, 4564
64.38, 4563
64.82, 4562
65.03, 4561
65.95, 4560
68.41, 4559
87.68, 4558
90.12, 4557
91.18, 4556
97.58, 4555
100.95, 4554
106.98, 4553
108.03, 4552
115.48, 4551
117.04, 4550
121.93, 4549
130.49, 4548
131.22, 4547
185.34, 4546
266.21, 4545
491.01, 4544
499.15, 4543
