5.42, 7374
5.45, 7373
5.46, 7372
5.47, 7371
5.49, 7370
5.50, 7369
5.51, 7368
5.53, 7367
5.54, 7366
5.55, 7365
5.57, 7364
5.58, 7363
5.59, 7362
5.60, 7361
5.62, 7360
5.63, 7359
5.64, 7358
5.66, 7357
5.67, 7356
5.68, 7355
5.70, 7354
5.71, 7353
5.72, 7352
5.74, 7351
5.75, 7350
5.76, 7349
5.78, 7348
5.79, 7347
5.80, 7346
8.79, 7345
12.82, 7344
13.38, 7343
13.43, 7342
14.84, 7341
23.48, 7340
25.24, 7339
27.08, 7338
27.12, 7337
27.22, 7336
27.26, 7335
27.37, 7334
27.41, 7333
27.52, 7332
27.56, 7331
27.58, 7330
27.76, 7329
27.80, 7328
27.90, 7327
27.95, 7326
28.10, 7325
28.13, 7324
28.37, 7323
28.41, 7322
28.50, 7321
28.59, 7320
28.66, 7319
28.71, 7318
28.81, 7317
28.85, 7316
28.87, 7315
28.97, 7314
29.12, 7313
29.16, 7312
29.27, 7311
29.31, 7310
29.42, 7309
29.46, 7308
29.47, 7307
29.48, 7306
29.50, 7305
29.64, 7304
29.69, 7303
29.79, 7302
29.84, 7301
29.85, 7300
29.95, 7299
29.99, 7298
30.12, 7297
30.23, 7296
30.27, 7295
30.36, 7294
30.40, 7293
30.41, 7292
30.42, 7291
30.60, 7290
30.73, 7289
30.77, 7288
30.87, 7287
30.93, 7286
31.02, 7285
31.06, 7284
31.07, 7283
31.16, 7282
31.20, 7281
31.30, 7280
31.34, 7279
31.44, 7278
31.48, 7277
31.58, 7276
31.62, 7275
31.63, 7274
31.65, 7273
31.66, 7272
31.67, 7271
31.81, 7270
31.85, 7269
31.94, 7268
31.99, 7267
32.09, 7266
32.14, 7265
32.24, 7264
32.29, 7263
32.30, 7262
32.40, 7261
32.44, 7260
32.54, 7259
32.59, 7258
32.69, 7257
32.73, 7256
32.83, 7255
32.88, 7254
32.89, 7253
32.90, 7252
33.04, 7251
33.08, 7250
33.18, 7249
33.22, 7248
33.33, 7247
33.37, 7246
33.47, 7245
33.52, 7244
33.53, 7243
33.63, 7242
33.67, 7241
33.77, 7240
33.81, 7239
33.91, 7238
33.96, 7237
34.06, 7236
34.10, 7235
34.12, 7234
34.13, 7233
34.14, 7232
34.29, 7231
34.33, 7230
34.43, 7229
34.50, 7228
34.67, 7227
34.74, 7226
34.92, 7225
34.99, 7224
35.01, 7223
35.26, 7222
35.44, 7221
35.48, 7220
35.58, 7219
35.62, 7218
35.79, 7217
35.80, 7216
35.82, 7215
35.83, 7214
35.96, 7213
36.00, 7212
36.10, 7211
36.14, 7210
36.23, 7209
36.27, 7208
36.37, 7207
36.40, 7206
36.42, 7205
36.51, 7204
36.55, 7203
36.65, 7202
36.69, 7201
36.79, 7200
36.83, 7199
36.93, 7198
36.97, 7197
36.99, 7196
37.00, 7195
37.01, 7194
37.02, 7193
37.16, 7192
37.20, 7191
37.37, 7190
37.56, 7189
37.60, 7188
37.74, 7187
37.81, 7186
37.82, 7185
37.93, 7184
37.98, 7183
38.07, 7182
38.12, 7181
38.22, 7180
38.27, 7179
38.37, 7178
38.41, 7177
38.42, 7176
38.44, 7175
38.57, 7174
38.73, 7173
38.77, 7172
38.84, 7171
38.88, 7170
38.92, 7169
39.02, 7168
39.06, 7167
39.07, 7166
39.17, 7165
39.21, 7164
39.31, 7163
39.35, 7162
39.44, 7161
39.55, 7160
39.59, 7159
39.62, 7158
39.63, 7157
39.82, 7156
39.86, 7155
39.96, 7154
40.01, 7153
40.03, 7152
40.12, 7151
40.16, 7150
40.26, 7149
40.31, 7148
40.41, 7147
40.45, 7146
40.55, 7145
40.60, 7144
40.61, 7143
40.62, 7142
40.76, 7141
40.80, 7140
40.90, 7139
40.94, 7138
41.04, 7137
41.09, 7136
41.18, 7135
41.22, 7134
41.23, 7133
41.33, 7132
41.37, 7131
41.47, 7130
41.51, 7129
41.61, 7128
41.66, 7127
41.76, 7126
41.80, 7125
41.82, 7124
41.83, 7123
41.84, 7122
41.86, 7121
41.99, 7120
42.05, 7119
42.21, 7118
42.28, 7117
42.41, 7116
42.45, 7115
42.54, 7114
42.58, 7113
42.60, 7112
42.69, 7111
42.73, 7110
42.88, 7109
42.98, 7108
43.02, 7107
43.12, 7106
43.16, 7105
43.17, 7104
43.19, 7103
43.32, 7102
43.36, 7101
43.46, 7100
43.51, 7099
43.61, 7098
43.65, 7097
43.74, 7096
43.78, 7095
43.80, 7094
43.89, 7093
43.93, 7092
44.03, 7091
44.08, 7090
44.19, 7089
44.23, 7088
44.34, 7087
44.38, 7086
44.39, 7085
44.40, 7084
44.42, 7083
44.56, 7082
44.61, 7081
44.71, 7080
44.75, 7079
44.89, 7078
45.01, 7077
45.05, 7076
45.07, 7075
45.17, 7074
45.21, 7073
45.32, 7072
45.36, 7071
45.47, 7070
45.51, 7069
45.61, 7068
45.66, 7067
45.67, 7066
45.68, 7065
45.82, 7064
45.86, 7063
45.96, 7062
46.00, 7061
46.10, 7060
46.15, 7059
46.25, 7058
46.29, 7057
46.31, 7056
46.40, 7055
46.44, 7054
46.54, 7053
46.58, 7052
46.69, 7051
46.73, 7050
46.83, 7049
46.88, 7048
46.89, 7047
46.91, 7046
46.92, 7045
46.94, 7044
46.95, 7043
46.97, 7042
46.98, 7041
47.00, 7040
47.01, 7039
47.03, 7038
47.04, 7037
47.06, 7036
47.07, 7035
47.09, 7034
47.10, 7033
47.94, 7032
52.36, 7031
52.39, 7030
52.55, 7029
52.81, 7028
52.92, 7027
53.43, 7026
53.54, 7025
53.55, 7024
53.57, 7023
53.62, 7022
53.69, 7021
54.00, 7020
54.21, 7019
54.22, 7018
54.27, 7017
54.29, 7016
54.37, 7015
55.05, 7014
55.06, 7013
55.26, 7012
55.34, 7011
55.39, 7010
55.40, 7009
55.61, 7008
55.88, 7007
56.08, 7006
56.43, 7005
56.84, 7004
57.56, 7003
59.02, 7002
59.98, 7001
60.03, 7000
60.20, 6999
62.54, 6998
64.50, 6997
65.49, 6996
65.53, 6995
65.58, 6994
65.87, 6993
66.88, 6992
67.92, 6991
68.12, 6990
68.14, 6989
68.18, 6988
68.20, 6987
68.35, 6986
68.41, 6985
68.46, 6984
68.68, 6983
68.69, 6982
68.86, 6981
68.88, 6980
69.15, 6979
69.27, 6978
69.29, 6977
69.61, 6976
70.29, 6975
70.37, 6974
70.39, 6973
70.47, 6972
70.56, 6971
70.74, 6970
70.76, 6969
70.79, 6968
71.19, 6967
71.54, 6966
71.96, 6965
72.61, 6964
72.62, 6963
72.90, 6962
73.62, 6961
73.75, 6960
73.88, 6959
74.58, 6958
74.79, 6957
74.83, 6956
74.86, 6955
74.88, 6954
74.92, 6953
75.43, 6952
76.07, 6951
76.21, 6950
78.11, 6949
78.78, 6948
79.44, 6947
81.02, 6946
82.41, 6945
82.92, 6944
83.61, 6943
83.94, 6942
86.66, 6941
92.25, 6940
92.79, 6939
112.86, 6938
114.21, 6937
115.67, 6936
116.14, 6935
118.74, 6934
119.79, 6933
121.67, 6932
122.63, 6931
126.00, 6930
135.04, 6929
142.28, 6928
147.56, 6927
149.26, 6926
171.45, 6925
172.37, 6924
182.71, 6923
261.22, 6922
269.25, 6921
273.85, 6920
284.56, 6919
307.00, 6918
307.09, 6917
307.67, 6916
314.00, 6915
319.06, 6914
321.51, 6913
329.54, 6912
395.45, 6911
441.06, 6910
