49.43, 4696
51.84, 4695
54.70, 4694
58.11, 4693
59.09, 4692
59.87, 4691
60.12, 4690
60.57, 4689
60.81, 4688
66.42, 4687
67.30, 4686
67.34, 4685
67.53, 4684
67.81, 4683
68.81, 4682
71.81, 4681
71.85, 4680
72.32, 4679
72.53, 4678
73.86, 4677
78.58, 4676
80.41, 4675
81.04, 4674
84.14, 4673
84.60, 4672
84.98, 4671
85.95, 4670
87.68, 4669
89.11, 4668
89.32, 4667
90.11, 4666
90.13, 4665
90.86, 4664
97.20, 4663
97.26, 4662
97.27, 4661
97.30, 4660
97.30, 4659
97.78, 4658
99.49, 4657
100.49, 4656
100.82, 4655
102.29, 4654
102.45, 4653
105.73, 4652
109.79, 4651
114.17, 4650
119.71, 4649
121.71, 4648
122.61, 4647
124.37, 4646
127.29, 4645
127.60, 4644
128.10, 4643
132.43, 4642
132.53, 4641
133.16, 4640
137.54, 4639
138.78, 4638
141.65, 4637
142.29, 4636
142.47, 4635
145.74, 4634
145.89, 4633
148.27, 4632
149.60, 4631
150.36, 4630
153.37, 4629
153.60, 4628
155.76, 4627
156.99, 4626
157.72, 4625
159.83, 4624
159.86, 4623
163.30, 4622
163.61, 4621
164.31, 4620
166.16, 4619
176.75, 4618
179.82, 4617
180.13, 4616
180.67, 4615
186.96, 4614
188.61, 4613
188.65, 4612
192.51, 4611
196.75, 4610
197.06, 4609
198.76, 4608
202.18, 4607
208.63, 4606
212.59, 4605
219.21, 4604
