5.46, 7374
5.49, 7373
5.50, 7372
5.52, 7371
5.53, 7370
5.54, 7369
5.55, 7368
5.57, 7367
5.58, 7366
5.60, 7365
5.61, 7364
5.62, 7363
5.63, 7362
5.65, 7361
5.66, 7360
5.68, 7359
5.69, 7358
5.70, 7357
5.72, 7356
5.73, 7355
5.75, 7354
5.76, 7353
5.77, 7352
5.79, 7351
5.80, 7350
5.81, 7349
5.83, 7348
5.84, 7347
5.85, 7346
8.97, 7345
13.72, 7344
14.45, 7343
14.52, 7342
16.32, 7341
23.95, 7340
25.89, 7339
27.87, 7338
27.90, 7337
28.00, 7336
28.04, 7335
28.13, 7334
28.17, 7333
28.26, 7332
28.30, 7331
28.32, 7330
28.51, 7329
28.55, 7328
28.65, 7327
28.70, 7326
28.84, 7325
28.87, 7324
29.13, 7323
29.17, 7322
29.28, 7321
29.32, 7320
29.43, 7319
29.47, 7318
29.56, 7317
29.60, 7316
29.62, 7315
29.71, 7314
29.85, 7313
29.90, 7312
30.06, 7311
30.13, 7310
30.29, 7309
30.36, 7308
30.38, 7307
30.40, 7306
30.43, 7305
30.66, 7304
30.74, 7303
30.90, 7302
30.97, 7301
30.99, 7300
31.16, 7299
31.23, 7298
31.47, 7297
31.64, 7296
31.71, 7295
31.87, 7294
31.94, 7293
31.96, 7292
31.98, 7291
32.29, 7290
32.50, 7289
32.57, 7288
32.74, 7287
32.93, 7286
33.00, 7285
33.07, 7284
33.09, 7283
33.26, 7282
33.33, 7281
33.49, 7280
33.56, 7279
33.73, 7278
33.81, 7277
33.97, 7276
34.04, 7275
34.06, 7274
34.08, 7273
34.10, 7272
34.11, 7271
34.25, 7270
34.29, 7269
34.39, 7268
34.43, 7267
34.53, 7266
34.57, 7265
34.68, 7264
34.72, 7263
34.73, 7262
34.83, 7261
34.87, 7260
34.97, 7259
35.01, 7258
35.11, 7257
35.15, 7256
35.25, 7255
35.29, 7254
35.30, 7253
35.32, 7252
35.46, 7251
35.50, 7250
35.61, 7249
35.65, 7248
35.75, 7247
35.79, 7246
35.90, 7245
35.94, 7244
35.95, 7243
36.05, 7242
36.09, 7241
36.19, 7240
36.23, 7239
36.34, 7238
36.38, 7237
36.48, 7236
36.52, 7235
36.54, 7234
36.55, 7233
36.56, 7232
36.71, 7231
36.75, 7230
36.86, 7229
36.90, 7228
37.01, 7227
37.05, 7226
37.16, 7225
37.20, 7224
37.22, 7223
37.35, 7222
37.55, 7221
37.59, 7220
37.69, 7219
37.73, 7218
37.86, 7217
37.87, 7216
37.88, 7215
37.95, 7214
38.07, 7213
38.11, 7212
38.21, 7211
38.25, 7210
38.35, 7209
38.39, 7208
38.48, 7207
38.52, 7206
38.54, 7205
38.63, 7204
38.67, 7203
38.77, 7202
38.80, 7201
38.90, 7200
38.94, 7199
39.03, 7198
39.07, 7197
39.08, 7196
39.09, 7195
39.10, 7194
39.12, 7193
39.25, 7192
39.29, 7191
39.43, 7190
39.61, 7189
39.66, 7188
39.76, 7187
39.80, 7186
39.82, 7185
39.91, 7184
39.95, 7183
40.05, 7182
40.09, 7181
40.20, 7180
40.24, 7179
40.38, 7178
40.40, 7177
40.41, 7176
40.45, 7175
40.58, 7174
40.72, 7173
40.76, 7172
40.84, 7171
40.88, 7170
40.92, 7169
41.02, 7168
41.06, 7167
41.08, 7166
41.18, 7165
41.22, 7164
41.32, 7163
41.37, 7162
41.46, 7161
41.58, 7160
41.62, 7159
41.65, 7158
41.66, 7157
41.84, 7156
41.88, 7155
41.97, 7154
42.01, 7153
42.03, 7152
42.12, 7151
42.16, 7150
42.26, 7149
42.31, 7148
42.41, 7147
42.45, 7146
42.55, 7145
42.60, 7144
42.61, 7143
42.63, 7142
42.76, 7141
42.80, 7140
42.90, 7139
42.94, 7138
43.08, 7137
43.13, 7136
43.25, 7135
43.28, 7134
43.30, 7133
43.39, 7132
43.43, 7131
43.53, 7130
43.57, 7129
43.67, 7128
43.71, 7127
43.81, 7126
43.85, 7125
43.87, 7124
43.88, 7123
43.89, 7122
43.91, 7121
44.04, 7120
44.08, 7119
44.18, 7118
44.22, 7117
44.32, 7116
44.36, 7115
44.47, 7114
44.51, 7113
44.52, 7112
44.62, 7111
44.66, 7110
44.80, 7109
44.92, 7108
44.96, 7107
45.06, 7106
45.11, 7105
45.12, 7104
45.14, 7103
45.27, 7102
45.31, 7101
45.42, 7100
45.47, 7099
45.57, 7098
45.61, 7097
45.72, 7096
45.76, 7095
45.77, 7094
45.86, 7093
45.90, 7092
46.00, 7091
46.04, 7090
46.15, 7089
46.19, 7088
46.29, 7087
46.33, 7086
46.34, 7085
46.35, 7084
46.37, 7083
46.50, 7082
46.54, 7081
46.64, 7080
46.68, 7079
46.82, 7078
46.92, 7077
46.97, 7076
46.98, 7075
47.07, 7074
47.12, 7073
47.22, 7072
47.26, 7071
47.36, 7070
47.40, 7069
47.50, 7068
47.54, 7067
47.56, 7066
47.57, 7065
47.71, 7064
47.74, 7063
47.84, 7062
47.89, 7061
47.99, 7060
48.03, 7059
48.13, 7058
48.17, 7057
48.18, 7056
48.28, 7055
48.32, 7054
48.42, 7053
48.46, 7052
48.56, 7051
48.61, 7050
48.72, 7049
48.76, 7048
48.78, 7047
48.79, 7046
48.81, 7045
48.82, 7044
48.83, 7043
48.85, 7042
48.86, 7041
48.88, 7040
48.89, 7039
48.91, 7038
48.92, 7037
48.94, 7036
48.95, 7035
48.97, 7034
48.98, 7033
52.43, 7032
53.83, 7031
53.86, 7030
54.01, 7029
54.20, 7028
54.27, 7027
54.47, 7026
54.86, 7025
54.94, 7024
54.95, 7023
55.07, 7022
55.08, 7021
55.15, 7020
55.31, 7019
55.78, 7018
55.95, 7017
56.76, 7016
57.26, 7015
57.43, 7014
58.32, 7013
58.34, 7012
58.43, 7011
58.44, 7010
58.83, 7009
59.39, 7008
60.09, 7007
60.11, 7006
60.20, 7005
62.63, 7004
63.24, 7003
63.45, 7002
64.57, 7001
65.07, 7000
65.30, 6999
65.90, 6998
68.31, 6997
68.71, 6996
68.86, 6995
68.89, 6994
68.93, 6993
69.04, 6992
69.12, 6991
69.20, 6990
69.44, 6989
69.46, 6988
69.71, 6987
69.73, 6986
70.04, 6985
70.13, 6984
70.19, 6983
70.21, 6982
70.45, 6981
71.14, 6980
71.19, 6979
71.27, 6978
71.33, 6977
71.44, 6976
71.56, 6975
71.61, 6974
71.63, 6973
72.07, 6972
72.44, 6971
73.70, 6970
73.72, 6969
73.91, 6968
74.30, 6967
74.55, 6966
74.67, 6965
75.18, 6964
75.27, 6963
76.70, 6962
77.66, 6961
77.99, 6960
78.07, 6959
80.05, 6958
81.97, 6957
82.79, 6956
83.93, 6955
87.01, 6954
91.98, 6953
98.38, 6952
110.92, 6951
111.18, 6950
111.23, 6949
111.24, 6948
111.42, 6947
115.11, 6946
115.95, 6945
116.16, 6944
117.10, 6943
120.67, 6942
120.73, 6941
120.75, 6940
120.80, 6939
120.81, 6938
120.90, 6937
121.32, 6936
124.34, 6935
130.82, 6934
133.98, 6933
135.51, 6932
137.98, 6931
140.43, 6930
146.55, 6929
173.38, 6928
173.61, 6927
176.60, 6926
177.17, 6925
179.69, 6924
186.19, 6923
224.01, 6922
225.11, 6921
226.27, 6920
309.56, 6919
309.60, 6918
332.83, 6917
386.82, 6916
429.54, 6915
464.46, 6914
510.29, 6913
