5.51, 7374
5.54, 7373
5.55, 7372
5.56, 7371
5.58, 7370
5.59, 7369
5.61, 7368
5.62, 7367
5.63, 7366
5.65, 7365
5.66, 7364
5.67, 7363
5.68, 7362
5.70, 7361
5.71, 7360
5.72, 7359
5.74, 7358
5.75, 7357
5.77, 7356
5.78, 7355
5.79, 7354
5.80, 7353
5.82, 7352
5.83, 7351
5.85, 7350
5.86, 7349
5.87, 7348
5.88, 7347
5.90, 7346
8.87, 7345
12.79, 7344
13.32, 7343
13.36, 7342
14.87, 7341
22.47, 7340
24.35, 7339
26.18, 7338
26.22, 7337
26.32, 7336
26.37, 7335
26.48, 7334
26.55, 7333
26.72, 7332
26.79, 7331
26.81, 7330
27.14, 7329
27.21, 7328
27.37, 7327
27.44, 7326
27.66, 7325
27.73, 7324
28.12, 7323
28.19, 7322
28.35, 7321
28.42, 7320
28.59, 7319
28.66, 7318
28.83, 7317
28.90, 7316
28.92, 7315
29.09, 7314
29.31, 7313
29.35, 7312
29.44, 7311
29.48, 7310
29.57, 7309
29.61, 7308
29.63, 7307
29.64, 7306
29.65, 7305
29.80, 7304
29.84, 7303
29.94, 7302
29.98, 7301
29.99, 7300
30.08, 7299
30.13, 7298
30.32, 7297
30.43, 7296
30.47, 7295
30.56, 7294
30.60, 7293
30.61, 7292
30.62, 7291
30.80, 7290
30.91, 7289
30.96, 7288
31.05, 7287
31.14, 7286
31.19, 7285
31.23, 7284
31.25, 7283
31.34, 7282
31.38, 7281
31.47, 7280
31.51, 7279
31.65, 7278
31.69, 7277
31.80, 7276
31.85, 7275
31.87, 7274
31.88, 7273
31.90, 7272
31.91, 7271
32.05, 7270
32.10, 7269
32.24, 7268
32.31, 7267
32.47, 7266
32.54, 7265
32.71, 7264
32.78, 7263
32.80, 7262
32.97, 7261
33.04, 7260
33.13, 7259
33.17, 7258
33.32, 7257
33.39, 7256
33.56, 7255
33.63, 7254
33.65, 7253
33.67, 7252
33.91, 7251
33.95, 7250
34.04, 7249
34.08, 7248
34.18, 7247
34.22, 7246
34.32, 7245
34.36, 7244
34.37, 7243
34.46, 7242
34.51, 7241
34.60, 7240
34.65, 7239
34.75, 7238
34.79, 7237
34.89, 7236
34.94, 7235
34.95, 7234
34.96, 7233
34.98, 7232
35.11, 7231
35.15, 7230
35.25, 7229
35.29, 7228
35.38, 7227
35.42, 7226
35.51, 7225
35.55, 7224
35.57, 7223
35.74, 7222
35.83, 7221
35.87, 7220
35.97, 7219
36.01, 7218
36.15, 7217
36.16, 7216
36.18, 7215
36.22, 7214
36.35, 7213
36.39, 7212
36.48, 7211
36.53, 7210
36.63, 7209
36.67, 7208
36.76, 7207
36.80, 7206
36.82, 7205
36.91, 7204
36.95, 7203
37.04, 7202
37.08, 7201
37.18, 7200
37.23, 7199
37.32, 7198
37.36, 7197
37.38, 7196
37.39, 7195
37.40, 7194
37.42, 7193
37.55, 7192
37.59, 7191
37.74, 7190
37.91, 7189
37.95, 7188
38.05, 7187
38.09, 7186
38.10, 7185
38.19, 7184
38.23, 7183
38.33, 7182
38.38, 7181
38.48, 7180
38.52, 7179
38.66, 7178
38.67, 7177
38.68, 7176
38.77, 7175
38.86, 7174
38.99, 7173
39.03, 7172
39.10, 7171
39.14, 7170
39.18, 7169
39.27, 7168
39.31, 7167
39.32, 7166
39.42, 7165
39.46, 7164
39.55, 7163
39.59, 7162
39.69, 7161
39.80, 7160
39.84, 7159
39.87, 7158
39.88, 7157
40.10, 7156
40.14, 7155
40.24, 7154
40.28, 7153
40.29, 7152
40.39, 7151
40.43, 7150
40.52, 7149
40.56, 7148
40.66, 7147
40.70, 7146
40.81, 7145
40.85, 7144
40.86, 7143
40.88, 7142
41.01, 7141
41.05, 7140
41.14, 7139
41.18, 7138
41.27, 7137
41.31, 7136
41.41, 7135
41.45, 7134
41.46, 7133
41.55, 7132
41.59, 7131
41.69, 7130
41.73, 7129
41.83, 7128
41.88, 7127
41.99, 7126
42.06, 7125
42.07, 7124
42.08, 7123
42.09, 7122
42.11, 7121
42.25, 7120
42.29, 7119
42.39, 7118
42.43, 7117
42.53, 7116
42.58, 7115
42.68, 7114
42.73, 7113
42.74, 7112
42.83, 7111
42.87, 7110
43.01, 7109
43.15, 7108
43.19, 7107
43.29, 7106
43.33, 7105
43.34, 7104
43.35, 7103
43.48, 7102
43.52, 7101
43.61, 7100
43.66, 7099
43.76, 7098
43.80, 7097
43.90, 7096
43.94, 7095
43.95, 7094
44.05, 7093
44.09, 7092
44.18, 7091
44.23, 7090
44.33, 7089
44.37, 7088
44.48, 7087
44.52, 7086
44.54, 7085
44.55, 7084
44.56, 7083
44.71, 7082
44.75, 7081
44.86, 7080
44.90, 7079
45.03, 7078
45.15, 7077
45.19, 7076
45.21, 7075
45.30, 7074
45.34, 7073
45.43, 7072
45.47, 7071
45.56, 7070
45.60, 7069
45.71, 7068
45.78, 7067
45.80, 7066
45.82, 7065
46.05, 7064
46.12, 7063
46.29, 7062
46.33, 7061
46.42, 7060
46.47, 7059
46.56, 7058
46.60, 7057
46.62, 7056
46.71, 7055
46.75, 7054
46.85, 7053
46.89, 7052
46.98, 7051
47.02, 7050
47.11, 7049
47.16, 7048
47.17, 7047
47.19, 7046
47.20, 7045
47.22, 7044
47.23, 7043
47.24, 7042
47.26, 7041
47.27, 7040
47.29, 7039
47.30, 7038
47.32, 7037
47.33, 7036
47.35, 7035
47.36, 7034
47.38, 7033
48.30, 7032
52.72, 7031
52.75, 7030
53.07, 7029
53.11, 7028
53.27, 7027
53.65, 7026
53.87, 7025
53.92, 7024
54.00, 7023
54.01, 7022
54.06, 7021
54.74, 7020
54.98, 7019
55.00, 7018
55.01, 7017
55.09, 7016
55.11, 7015
55.92, 7014
56.03, 7013
56.10, 7012
56.24, 7011
56.53, 7010
57.52, 7009
58.91, 7008
60.06, 7007
62.02, 7006
64.49, 7005
64.99, 7004
65.05, 7003
67.42, 7002
67.45, 7001
67.65, 7000
67.70, 6999
67.78, 6998
67.94, 6997
67.99, 6996
68.04, 6995
68.12, 6994
68.30, 6993
68.31, 6992
68.59, 6991
68.61, 6990
68.85, 6989
68.90, 6988
68.92, 6987
69.37, 6986
69.76, 6985
70.30, 6984
70.35, 6983
70.39, 6982
70.40, 6981
70.68, 6980
71.09, 6979
72.10, 6978
72.12, 6977
72.13, 6976
72.33, 6975
72.63, 6974
73.24, 6973
73.40, 6972
73.68, 6971
74.67, 6970
74.91, 6969
75.62, 6968
76.58, 6967
77.03, 6966
77.14, 6965
78.46, 6964
80.04, 6963
81.19, 6962
84.38, 6961
84.56, 6960
85.31, 6959
85.48, 6958
85.88, 6957
85.95, 6956
86.26, 6955
86.61, 6954
87.77, 6953
88.10, 6952
88.97, 6951
90.64, 6950
90.76, 6949
90.84, 6948
91.02, 6947
91.03, 6946
91.48, 6945
91.73, 6944
92.42, 6943
93.06, 6942
93.50, 6941
94.05, 6940
94.16, 6939
94.59, 6938
94.77, 6937
94.98, 6936
95.23, 6935
103.65, 6934
110.64, 6933
115.51, 6932
115.77, 6931
118.27, 6930
119.01, 6929
119.16, 6928
119.18, 6927
119.23, 6926
120.26, 6925
120.35, 6924
122.58, 6923
124.73, 6922
127.61, 6921
129.80, 6920
168.75, 6919
169.30, 6918
174.53, 6917
177.85, 6916
207.36, 6915
210.61, 6914
