6.57, 4697
6.63, 4696
6.66, 4695
6.71, 4694
6.73, 4693
6.76, 4692
6.78, 4691
6.81, 4690
6.83, 4689
6.86, 4688
6.89, 4687
6.92, 4686
6.95, 4685
6.97, 4684
6.99, 4683
7.02, 4682
7.06, 4681
7.09, 4680
7.13, 4679
7.15, 4678
7.19, 4677
7.23, 4676
7.26, 4675
7.28, 4674
7.31, 4673
7.33, 4672
7.35, 4671
7.38, 4670
7.40, 4669
7.43, 4668
7.46, 4667
7.48, 4666
7.51, 4665
7.54, 4664
7.57, 4663
7.59, 4662
7.61, 4661
7.65, 4660
7.68, 4659
7.71, 4658
7.74, 4657
7.77, 4656
7.80, 4655
7.82, 4654
7.85, 4653
7.96, 4652
8.13, 4651
8.68, 4650
8.87, 4649
9.29, 4648
9.53, 4647
9.76, 4646
10.05, 4645
10.24, 4644
10.75, 4643
11.22, 4642
11.65, 4641
11.86, 4640
11.88, 4639
11.99, 4638
12.02, 4637
13.04, 4636
13.18, 4635
13.23, 4634
13.38, 4633
14.17, 4632
14.64, 4631
15.37, 4630
15.48, 4629
16.26, 4628
16.87, 4627
17.16, 4626
17.80, 4625
17.93, 4624
18.36, 4623
19.07, 4622
19.21, 4621
19.24, 4620
19.40, 4619
19.93, 4618
20.29, 4617
20.52, 4616
20.65, 4615
20.89, 4614
21.41, 4613
22.33, 4612
22.40, 4611
22.61, 4610
22.78, 4609
23.09, 4608
23.41, 4607
23.51, 4606
23.81, 4605
24.77, 4604
25.67, 4603
25.75, 4602
27.10, 4601
27.12, 4600
28.02, 4599
28.04, 4598
28.24, 4597
28.95, 4596
29.16, 4595
31.83, 4594
32.18, 4593
32.34, 4592
32.42, 4591
33.88, 4590
36.21, 4589
36.46, 4588
36.91, 4587
37.56, 4586
37.58, 4585
38.09, 4584
38.36, 4583
38.70, 4582
40.22, 4581
40.46, 4580
41.71, 4579
42.60, 4578
44.04, 4577
44.06, 4576
46.16, 4575
46.38, 4574
47.25, 4573
49.48, 4572
49.83, 4571
50.87, 4570
52.04, 4569
52.07, 4568
52.41, 4567
55.88, 4566
57.63, 4565
57.66, 4564
62.11, 4563
64.49, 4562
64.74, 4561
65.40, 4560
71.38, 4559
71.50, 4558
71.56, 4557
71.66, 4556
77.58, 4555
106.77, 4554
106.86, 4553
114.09, 4552
115.48, 4551
115.60, 4550
116.79, 4549
129.89, 4548
137.69, 4547
158.34, 4546
218.27, 4545
225.24, 4544
398.12, 4543
