7.88, 4697
7.92, 4696
7.94, 4695
7.97, 4694
7.99, 4693
8.02, 4692
8.04, 4691
8.06, 4690
8.08, 4689
8.12, 4688
8.14, 4687
8.17, 4686
8.19, 4685
8.21, 4684
8.24, 4683
8.26, 4682
8.28, 4681
8.31, 4680
8.33, 4679
8.35, 4678
8.38, 4677
8.41, 4676
8.43, 4675
8.45, 4674
8.48, 4673
8.50, 4672
8.53, 4671
8.55, 4670
8.57, 4669
8.60, 4668
8.62, 4667
8.64, 4666
8.67, 4665
8.69, 4664
8.72, 4663
8.74, 4662
8.76, 4661
8.79, 4660
8.81, 4659
8.84, 4658
8.86, 4657
8.89, 4656
8.91, 4655
8.93, 4654
8.96, 4653
9.07, 4652
9.28, 4651
9.63, 4650
9.88, 4649
10.43, 4648
10.65, 4647
10.99, 4646
11.35, 4645
11.60, 4644
12.39, 4643
12.90, 4642
13.18, 4641
13.40, 4640
13.42, 4639
13.50, 4638
13.64, 4637
14.34, 4636
14.36, 4635
14.47, 4634
14.62, 4633
15.39, 4632
15.92, 4631
16.80, 4630
16.83, 4629
17.75, 4628
18.33, 4627
18.52, 4626
18.65, 4625
19.44, 4624
19.59, 4623
20.07, 4622
20.91, 4621
20.94, 4620
21.06, 4619
21.09, 4618
21.48, 4617
21.94, 4616
22.07, 4615
22.16, 4614
22.52, 4613
23.14, 4612
24.30, 4611
24.45, 4610
24.78, 4609
24.94, 4608
25.25, 4607
25.46, 4606
25.55, 4605
26.00, 4604
27.14, 4603
28.06, 4602
28.20, 4601
29.06, 4600
29.48, 4599
29.52, 4598
30.29, 4597
30.37, 4596
30.54, 4595
31.10, 4594
31.58, 4593
32.11, 4592
34.26, 4591
34.62, 4590
34.66, 4589
34.85, 4588
36.32, 4587
36.65, 4586
38.84, 4585
39.44, 4584
39.48, 4583
39.76, 4582
40.17, 4581
40.27, 4580
41.55, 4579
42.24, 4578
42.83, 4577
46.37, 4576
46.77, 4575
47.28, 4574
47.95, 4573
49.55, 4572
50.15, 4571
50.77, 4570
52.00, 4569
52.77, 4568
75.02, 4567
105.63, 4566
107.25, 4565
109.52, 4564
110.19, 4563
116.65, 4562
117.14, 4561
119.06, 4560
119.66, 4559
123.08, 4558
123.17, 4557
123.82, 4556
137.21, 4555
137.31, 4554
137.72, 4553
137.90, 4552
148.34, 4551
206.49, 4550
207.77, 4549
208.74, 4548
221.93, 4547
240.67, 4546
324.46, 4545
396.30, 4544
479.30, 4543
