6.11, 7374
6.14, 7373
6.16, 7372
6.17, 7371
6.19, 7370
6.20, 7369
6.22, 7368
6.23, 7367
6.25, 7366
6.26, 7365
6.28, 7364
6.30, 7363
6.31, 7362
6.32, 7361
6.34, 7360
6.35, 7359
6.37, 7358
6.39, 7357
6.40, 7356
6.42, 7355
6.43, 7354
6.45, 7353
6.46, 7352
6.48, 7351
6.49, 7350
6.50, 7349
6.52, 7348
6.53, 7347
6.55, 7346
9.78, 7345
13.89, 7344
14.48, 7343
14.52, 7342
16.03, 7341
25.49, 7340
27.33, 7339
29.48, 7338
29.52, 7337
29.62, 7336
29.66, 7335
29.76, 7334
29.80, 7333
29.91, 7332
29.96, 7331
29.97, 7330
30.17, 7329
30.21, 7328
30.32, 7327
30.37, 7326
30.53, 7325
30.56, 7324
30.79, 7323
30.85, 7322
30.96, 7321
31.00, 7320
31.10, 7319
31.15, 7318
31.25, 7317
31.29, 7316
31.31, 7315
31.41, 7314
31.56, 7313
31.63, 7312
31.74, 7311
31.78, 7310
31.89, 7309
31.94, 7308
31.95, 7307
31.96, 7306
31.98, 7305
32.13, 7304
32.17, 7303
32.28, 7302
32.32, 7301
32.33, 7300
32.43, 7299
32.47, 7298
32.61, 7297
32.71, 7296
32.75, 7295
32.85, 7294
32.89, 7293
32.90, 7292
32.92, 7291
33.13, 7290
33.23, 7289
33.28, 7288
33.37, 7287
33.50, 7286
33.52, 7285
33.56, 7284
33.57, 7283
33.68, 7282
33.71, 7281
33.84, 7280
33.92, 7279
34.09, 7278
34.17, 7277
34.35, 7276
34.42, 7275
34.45, 7274
34.47, 7273
34.49, 7272
34.52, 7271
34.77, 7270
34.84, 7269
35.02, 7268
35.08, 7267
35.18, 7266
35.23, 7265
35.33, 7264
35.37, 7263
35.39, 7262
35.49, 7261
35.53, 7260
35.63, 7259
35.67, 7258
35.76, 7257
35.80, 7256
35.91, 7255
35.95, 7254
35.96, 7253
35.97, 7252
36.13, 7251
36.17, 7250
36.26, 7249
36.30, 7248
36.40, 7247
36.44, 7246
36.54, 7245
36.58, 7244
36.59, 7243
36.70, 7242
36.74, 7241
36.84, 7240
36.88, 7239
36.98, 7238
37.03, 7237
37.13, 7236
37.18, 7235
37.19, 7234
37.20, 7233
37.22, 7232
37.37, 7231
37.41, 7230
37.58, 7229
37.62, 7228
37.72, 7227
37.77, 7226
37.95, 7225
38.02, 7224
38.04, 7223
38.29, 7222
38.49, 7221
38.57, 7220
38.74, 7219
38.82, 7218
39.05, 7217
39.08, 7216
39.09, 7215
39.10, 7214
39.26, 7213
39.30, 7212
39.45, 7211
39.52, 7210
39.70, 7209
39.77, 7208
39.91, 7207
39.95, 7206
39.97, 7205
40.07, 7204
40.11, 7203
40.22, 7202
40.26, 7201
40.36, 7200
40.40, 7199
40.52, 7198
40.56, 7197
40.57, 7196
40.58, 7195
40.60, 7194
40.61, 7193
40.76, 7192
40.80, 7191
40.95, 7190
41.14, 7189
41.18, 7188
41.29, 7187
41.33, 7186
41.35, 7185
41.46, 7184
41.51, 7183
41.61, 7182
41.65, 7181
41.76, 7180
41.80, 7179
41.90, 7178
41.95, 7177
41.96, 7176
41.97, 7175
42.11, 7174
42.23, 7173
42.30, 7172
42.38, 7171
42.41, 7170
42.46, 7169
42.56, 7168
42.60, 7167
42.62, 7166
42.72, 7165
42.77, 7164
42.88, 7163
42.92, 7162
43.02, 7161
43.14, 7160
43.18, 7159
43.21, 7158
43.23, 7157
43.46, 7156
43.51, 7155
43.61, 7154
43.65, 7153
43.67, 7152
43.77, 7151
43.82, 7150
43.97, 7149
44.04, 7148
44.14, 7147
44.18, 7146
44.29, 7145
44.33, 7144
44.34, 7143
44.36, 7142
44.50, 7141
44.55, 7140
44.68, 7139
44.72, 7138
44.82, 7137
44.87, 7136
44.96, 7135
45.00, 7134
45.01, 7133
45.13, 7132
45.20, 7131
45.37, 7130
45.44, 7129
45.63, 7128
45.70, 7127
45.89, 7126
45.97, 7125
46.00, 7124
46.02, 7123
46.05, 7122
46.07, 7121
46.23, 7120
46.28, 7119
46.38, 7118
46.45, 7117
46.55, 7116
46.59, 7115
46.69, 7114
46.73, 7113
46.75, 7112
46.85, 7111
46.89, 7110
47.04, 7109
47.14, 7108
47.18, 7107
47.28, 7106
47.33, 7105
47.34, 7104
47.35, 7103
47.50, 7102
47.55, 7101
47.66, 7100
47.70, 7099
47.80, 7098
47.87, 7097
47.98, 7096
48.02, 7095
48.04, 7094
48.13, 7093
48.17, 7092
48.27, 7091
48.32, 7090
48.42, 7089
48.47, 7088
48.57, 7087
48.61, 7086
48.63, 7085
48.64, 7084
48.66, 7083
48.80, 7082
48.84, 7081
48.96, 7080
49.02, 7079
49.30, 7078
49.49, 7077
49.56, 7076
49.59, 7075
49.76, 7074
49.84, 7073
50.01, 7072
50.08, 7071
50.25, 7070
50.33, 7069
50.50, 7068
50.57, 7067
50.59, 7066
50.61, 7065
50.86, 7064
50.93, 7063
51.10, 7062
51.18, 7061
51.28, 7060
51.33, 7059
51.43, 7058
51.47, 7057
51.48, 7056
51.59, 7055
51.63, 7054
51.73, 7053
51.77, 7052
51.86, 7051
51.91, 7050
52.01, 7049
52.05, 7048
52.06, 7047
52.08, 7046
52.10, 7045
52.11, 7044
52.13, 7043
52.14, 7042
52.16, 7041
52.17, 7040
52.19, 7039
52.20, 7038
52.22, 7037
52.23, 7036
52.25, 7035
52.26, 7034
52.28, 7033
56.39, 7032
58.72, 7031
58.84, 7030
58.87, 7029
58.92, 7028
58.97, 7027
59.28, 7026
59.40, 7025
60.20, 7024
60.37, 7023
60.40, 7022
60.48, 7021
60.51, 7020
60.93, 7019
61.04, 7018
61.35, 7017
61.46, 7016
61.54, 7015
61.56, 7014
62.36, 7013
62.42, 7012
62.52, 7011
62.72, 7010
62.91, 7009
64.10, 7008
64.16, 7007
65.87, 7006
66.78, 7005
70.79, 7004
73.39, 7003
75.56, 7002
76.13, 7001
77.26, 7000
80.95, 6999
81.06, 6998
81.15, 6997
81.27, 6996
81.32, 6995
81.37, 6994
81.50, 6993
81.66, 6992
81.68, 6991
82.07, 6990
82.09, 6989
82.39, 6988
82.44, 6987
82.46, 6986
82.72, 6985
82.77, 6984
83.45, 6983
83.55, 6982
83.64, 6981
83.66, 6980
83.80, 6979
83.91, 6978
83.94, 6977
83.96, 6976
84.18, 6975
84.52, 6974
85.20, 6973
85.25, 6972
85.65, 6971
85.73, 6970
85.75, 6969
85.85, 6968
86.41, 6967
86.90, 6966
87.03, 6965
87.82, 6964
88.22, 6963
89.19, 6962
90.12, 6961
90.30, 6960
90.84, 6959
90.99, 6958
91.31, 6957
91.35, 6956
92.54, 6955
92.73, 6954
93.45, 6953
95.19, 6952
96.98, 6951
99.59, 6950
101.62, 6949
101.99, 6948
107.28, 6947
107.34, 6946
107.39, 6945
107.45, 6944
108.77, 6943
110.07, 6942
110.13, 6941
110.70, 6940
111.42, 6939
131.64, 6938
132.28, 6937
133.48, 6936
134.13, 6935
134.60, 6934
141.24, 6933
143.43, 6932
143.88, 6931
151.10, 6930
154.85, 6929
168.82, 6928
197.26, 6927
199.26, 6926
240.47, 6925
251.59, 6924
252.17, 6923
287.79, 6922
299.98, 6921
306.72, 6920
341.66, 6919
