47.14, 4696
48.05, 4695
48.08, 4694
48.54, 4693
48.99, 4692
49.73, 4691
56.49, 4690
58.29, 4689
58.92, 4688
61.61, 4687
61.67, 4686
61.70, 4685
61.87, 4684
63.24, 4683
65.36, 4682
66.04, 4681
69.94, 4680
71.58, 4679
72.59, 4678
73.01, 4677
73.93, 4676
77.14, 4675
79.83, 4674
81.72, 4673
82.65, 4672
83.20, 4671
83.55, 4670
86.71, 4669
86.89, 4668
88.18, 4667
88.25, 4666
89.51, 4665
95.27, 4664
95.67, 4663
97.93, 4662
98.82, 4661
98.95, 4660
99.45, 4659
101.90, 4658
105.10, 4657
108.11, 4656
108.26, 4655
110.53, 4654
110.61, 4653
111.33, 4652
111.71, 4651
114.58, 4650
117.81, 4649
119.74, 4648
121.51, 4647
121.69, 4646
125.48, 4645
132.57, 4644
132.59, 4643
136.69, 4642
136.95, 4641
142.15, 4640
144.55, 4639
144.81, 4638
145.22, 4637
146.39, 4636
146.85, 4635
147.12, 4634
149.31, 4633
158.25, 4632
161.58, 4631
162.00, 4630
166.14, 4629
167.26, 4628
167.57, 4627
167.89, 4626
172.65, 4625
174.84, 4624
177.47, 4623
177.78, 4622
179.39, 4621
181.89, 4620
184.54, 4619
193.42, 4618
195.62, 4617
196.42, 4616
196.44, 4615
198.50, 4614
202.30, 4613
202.97, 4612
204.37, 4611
204.97, 4610
205.33, 4609
206.29, 4608
206.53, 4607
208.20, 4606
213.58, 4605
218.42, 4604
223.59, 4603
223.91, 4602
233.19, 4601
236.75, 4600
