6.41, 7374
6.44, 7373
6.45, 7372
6.47, 7371
6.49, 7370
6.51, 7369
6.52, 7368
6.54, 7367
6.55, 7366
6.57, 7365
6.58, 7364
6.60, 7363
6.61, 7362
6.62, 7361
6.64, 7360
6.65, 7359
6.67, 7358
6.68, 7357
6.70, 7356
6.72, 7355
6.73, 7354
6.75, 7353
6.76, 7352
6.78, 7351
6.80, 7350
6.82, 7349
6.84, 7348
6.86, 7347
6.87, 7346
11.06, 7345
16.22, 7344
17.14, 7343
17.21, 7342
19.38, 7341
30.87, 7340
33.37, 7339
35.91, 7338
35.96, 7337
36.06, 7336
36.10, 7335
36.28, 7334
36.33, 7333
36.43, 7332
36.47, 7331
36.49, 7330
36.80, 7329
36.87, 7328
37.00, 7327
37.05, 7326
37.25, 7325
37.29, 7324
37.58, 7323
37.63, 7322
37.74, 7321
37.79, 7320
37.90, 7319
37.95, 7318
38.05, 7317
38.11, 7316
38.12, 7315
38.26, 7314
38.44, 7313
38.49, 7312
38.60, 7311
38.65, 7310
38.75, 7309
38.79, 7308
38.80, 7307
38.81, 7306
38.83, 7305
39.04, 7304
39.09, 7303
39.22, 7302
39.26, 7301
39.27, 7300
39.40, 7299
39.45, 7298
39.62, 7297
39.72, 7296
39.77, 7295
39.87, 7294
39.91, 7293
39.93, 7292
39.95, 7291
40.14, 7290
40.27, 7289
40.31, 7288
40.41, 7287
40.61, 7286
40.65, 7285
40.69, 7284
40.71, 7283
40.81, 7282
40.87, 7281
40.97, 7280
41.04, 7279
41.15, 7278
41.22, 7277
41.32, 7276
41.36, 7275
41.37, 7274
41.39, 7273
41.41, 7272
41.43, 7271
41.62, 7270
41.67, 7269
41.80, 7268
41.84, 7267
41.95, 7266
42.00, 7265
42.11, 7264
42.16, 7263
42.18, 7262
42.28, 7261
42.32, 7260
42.45, 7259
42.49, 7258
42.60, 7257
42.64, 7256
42.74, 7255
42.79, 7254
42.80, 7253
42.81, 7252
42.99, 7251
43.03, 7250
43.14, 7249
43.20, 7248
43.33, 7247
43.37, 7246
43.48, 7245
43.52, 7244
43.54, 7243
43.65, 7242
43.71, 7241
43.85, 7240
43.90, 7239
44.01, 7238
44.06, 7237
44.16, 7236
44.20, 7235
44.22, 7234
44.23, 7233
44.25, 7232
44.41, 7231
44.46, 7230
44.56, 7229
44.60, 7228
44.71, 7227
44.75, 7226
44.85, 7225
44.90, 7224
44.91, 7223
45.11, 7222
45.25, 7221
45.31, 7220
45.42, 7219
45.46, 7218
45.61, 7217
45.77, 7216
45.79, 7215
45.88, 7214
45.98, 7213
46.02, 7212
46.12, 7211
46.17, 7210
46.27, 7209
46.32, 7208
46.43, 7207
46.48, 7206
46.50, 7205
46.61, 7204
46.65, 7203
46.77, 7202
46.81, 7201
46.93, 7200
46.98, 7199
47.10, 7198
47.14, 7197
47.16, 7196
47.17, 7195
47.18, 7194
47.20, 7193
47.34, 7192
47.38, 7191
47.60, 7190
47.62, 7189
47.81, 7188
47.91, 7187
47.96, 7186
47.97, 7185
48.07, 7184
48.11, 7183
48.21, 7182
48.26, 7181
48.36, 7180
48.41, 7179
48.51, 7178
48.55, 7177
48.57, 7176
48.58, 7175
48.73, 7174
48.91, 7173
48.95, 7172
49.06, 7171
49.07, 7170
49.11, 7169
49.22, 7168
49.27, 7167
49.28, 7166
49.40, 7165
49.45, 7164
49.57, 7163
49.61, 7162
49.72, 7161
49.83, 7160
49.88, 7159
49.91, 7158
49.92, 7157
50.20, 7156
50.24, 7155
50.36, 7154
50.40, 7153
50.41, 7152
50.51, 7151
50.56, 7150
50.66, 7149
50.70, 7148
50.80, 7147
50.84, 7146
50.95, 7145
51.00, 7144
51.02, 7143
51.03, 7142
51.20, 7141
51.25, 7140
51.36, 7139
51.40, 7138
51.51, 7137
51.55, 7136
51.65, 7135
51.69, 7134
51.70, 7133
51.80, 7132
51.84, 7131
51.99, 7130
52.03, 7129
52.13, 7128
52.17, 7127
52.27, 7126
52.32, 7125
52.34, 7124
52.35, 7123
52.36, 7122
52.38, 7121
52.53, 7120
52.57, 7119
52.69, 7118
52.73, 7117
52.84, 7116
52.88, 7115
52.98, 7114
53.02, 7113
53.03, 7112
53.15, 7111
53.20, 7110
53.35, 7109
53.48, 7108
53.52, 7107
53.62, 7106
53.66, 7105
53.68, 7104
53.69, 7103
53.84, 7102
53.88, 7101
53.99, 7100
54.03, 7099
54.13, 7098
54.17, 7097
54.28, 7096
54.33, 7095
54.34, 7094
54.45, 7093
54.49, 7092
54.59, 7091
54.63, 7090
54.73, 7089
54.77, 7088
54.87, 7087
54.91, 7086
54.92, 7085
54.94, 7084
54.95, 7083
55.10, 7082
55.15, 7081
55.25, 7080
55.29, 7079
55.45, 7078
55.56, 7077
55.61, 7076
55.62, 7075
55.72, 7074
55.77, 7073
55.87, 7072
55.91, 7071
56.03, 7070
56.07, 7069
56.18, 7068
56.23, 7067
56.24, 7066
56.25, 7065
56.39, 7064
56.44, 7063
56.54, 7062
56.58, 7061
56.68, 7060
56.72, 7059
56.82, 7058
56.87, 7057
56.88, 7056
56.98, 7055
57.03, 7054
57.13, 7053
57.18, 7052
57.28, 7051
57.32, 7050
57.43, 7049
57.47, 7048
57.48, 7047
57.50, 7046
57.51, 7045
57.53, 7044
57.54, 7043
57.56, 7042
57.58, 7041
57.59, 7040
57.61, 7039
57.62, 7038
57.64, 7037
57.66, 7036
57.68, 7035
57.69, 7034
57.71, 7033
58.83, 7032
62.00, 7031
63.76, 7030
63.79, 7029
64.05, 7028
64.09, 7027
64.14, 7026
64.72, 7025
64.87, 7024
65.02, 7023
65.04, 7022
65.23, 7021
65.30, 7020
65.69, 7019
65.98, 7018
66.06, 7017
66.50, 7016
66.98, 7015
67.70, 7014
67.79, 7013
68.99, 7012
69.60, 7011
69.64, 7010
69.87, 7009
70.12, 7008
71.86, 7007
72.70, 7006
73.46, 7005
74.48, 7004
75.07, 7003
76.87, 7002
77.09, 7001
77.21, 7000
77.33, 6999
77.41, 6998
77.59, 6997
77.65, 6996
77.78, 6995
77.91, 6994
77.92, 6993
78.12, 6992
78.14, 6991
78.41, 6990
78.52, 6989
78.54, 6988
78.83, 6987
78.99, 6986
79.84, 6985
79.92, 6984
80.01, 6983
80.58, 6982
81.10, 6981
81.65, 6980
81.66, 6979
82.29, 6978
83.29, 6977
83.36, 6976
83.49, 6975
83.57, 6974
84.09, 6973
84.36, 6972
85.81, 6971
86.60, 6970
87.13, 6969
87.29, 6968
88.92, 6967
89.09, 6966
89.32, 6965
89.65, 6964
90.11, 6963
92.02, 6962
94.91, 6961
94.95, 6960
95.34, 6959
98.81, 6958
99.43, 6957
100.64, 6956
108.54, 6955
125.52, 6954
125.74, 6953
130.93, 6952
131.00, 6951
131.92, 6950
132.39, 6949
134.52, 6948
134.59, 6947
135.20, 6946
137.50, 6945
137.59, 6944
137.64, 6943
137.74, 6942
137.82, 6941
150.20, 6940
152.23, 6939
154.63, 6938
170.91, 6937
192.22, 6936
192.69, 6935
195.04, 6934
199.49, 6933
201.66, 6932
203.98, 6931
205.46, 6930
209.60, 6929
209.78, 6928
221.18, 6927
221.67, 6926
249.67, 6925
254.62, 6924
256.75, 6923
300.91, 6922
301.29, 6921
321.83, 6920
322.48, 6919
348.04, 6918
356.65, 6917
