44.55, 4696
45.18, 4695
45.60, 4694
46.66, 4693
47.16, 4692
50.73, 4691
52.13, 4690
52.82, 4689
53.88, 4688
60.70, 4687
66.04, 4686
67.49, 4685
67.99, 4684
68.76, 4683
69.73, 4682
70.22, 4681
71.34, 4680
74.71, 4679
75.02, 4678
76.67, 4677
79.43, 4676
79.86, 4675
82.08, 4674
83.55, 4673
84.67, 4672
88.88, 4671
91.38, 4670
93.26, 4669
94.96, 4668
95.81, 4667
96.22, 4666
96.40, 4665
97.03, 4664
99.14, 4663
100.01, 4662
100.31, 4661
100.58, 4660
104.46, 4659
105.91, 4658
107.30, 4657
108.15, 4656
109.17, 4655
113.30, 4654
113.98, 4653
116.39, 4652
117.84, 4651
118.36, 4650
119.12, 4649
121.97, 4648
125.33, 4647
125.82, 4646
126.55, 4645
128.24, 4644
128.84, 4643
128.94, 4642
130.09, 4641
130.61, 4640
131.53, 4639
131.54, 4638
140.70, 4637
143.09, 4636
144.09, 4635
144.28, 4634
145.41, 4633
147.67, 4632
149.33, 4631
152.33, 4630
160.76, 4629
163.34, 4628
165.47, 4627
167.60, 4626
175.09, 4625
176.97, 4624
180.94, 4623
182.22, 4622
183.27, 4621
185.21, 4620
187.81, 4619
188.06, 4618
189.04, 4617
194.16, 4616
204.31, 4615
204.48, 4614
207.54, 4613
209.58, 4612
212.74, 4611
212.89, 4610
224.57, 4609
