5.51, 7374
5.53, 7373
5.55, 7372
5.56, 7371
5.57, 7370
5.59, 7369
5.60, 7368
5.61, 7367
5.63, 7366
5.64, 7365
5.65, 7364
5.67, 7363
5.68, 7362
5.69, 7361
5.71, 7360
5.72, 7359
5.73, 7358
5.75, 7357
5.76, 7356
5.77, 7355
5.79, 7354
5.80, 7353
5.81, 7352
5.83, 7351
5.84, 7350
5.86, 7349
5.88, 7348
5.90, 7347
5.91, 7346
11.24, 7345
15.02, 7344
15.59, 7343
15.63, 7342
17.04, 7341
30.17, 7340
32.13, 7339
34.89, 7338
34.93, 7337
35.02, 7336
35.06, 7335
35.17, 7334
35.21, 7333
35.31, 7332
35.36, 7331
35.37, 7330
35.61, 7329
35.67, 7328
35.78, 7327
35.82, 7326
35.97, 7325
36.02, 7324
36.37, 7323
36.41, 7322
36.51, 7321
36.56, 7320
36.65, 7319
36.69, 7318
36.78, 7317
36.82, 7316
36.83, 7315
37.00, 7314
37.14, 7313
37.18, 7312
37.28, 7311
37.33, 7310
37.43, 7309
37.47, 7308
37.48, 7307
37.50, 7306
37.51, 7305
37.75, 7304
37.79, 7303
37.89, 7302
37.93, 7301
37.95, 7300
38.11, 7299
38.15, 7298
38.29, 7297
38.39, 7296
38.44, 7295
38.54, 7294
38.59, 7293
38.60, 7292
38.62, 7291
38.80, 7290
38.94, 7289
38.98, 7288
39.09, 7287
39.23, 7286
39.25, 7285
39.31, 7284
39.33, 7283
39.49, 7282
39.53, 7281
39.64, 7280
39.68, 7279
39.78, 7278
39.82, 7277
39.93, 7276
39.97, 7275
39.99, 7274
40.00, 7273
40.01, 7272
40.02, 7271
40.17, 7270
40.21, 7269
40.32, 7268
40.36, 7267
40.46, 7266
40.51, 7265
40.61, 7264
40.66, 7263
40.67, 7262
40.77, 7261
40.81, 7260
40.91, 7259
40.95, 7258
41.06, 7257
41.10, 7256
41.20, 7255
41.25, 7254
41.26, 7253
41.28, 7252
41.42, 7251
41.47, 7250
41.57, 7249
41.62, 7248
41.73, 7247
41.77, 7246
41.86, 7245
41.90, 7244
41.91, 7243
42.02, 7242
42.06, 7241
42.15, 7240
42.19, 7239
42.29, 7238
42.33, 7237
42.43, 7236
42.47, 7235
42.48, 7234
42.49, 7233
42.51, 7232
42.65, 7231
42.69, 7230
42.79, 7229
42.83, 7228
42.94, 7227
42.98, 7226
43.08, 7225
43.13, 7224
43.14, 7223
43.30, 7222
43.40, 7221
43.45, 7220
43.55, 7219
43.59, 7218
43.73, 7217
43.74, 7216
43.76, 7215
43.80, 7214
43.92, 7213
43.97, 7212
44.07, 7211
44.11, 7210
44.20, 7209
44.24, 7208
44.34, 7207
44.38, 7206
44.41, 7205
44.52, 7204
44.56, 7203
44.65, 7202
44.69, 7201
44.79, 7200
44.84, 7199
44.94, 7198
44.99, 7197
45.00, 7196
45.01, 7195
45.03, 7194
45.04, 7193
45.19, 7192
45.23, 7191
45.36, 7190
45.53, 7189
45.57, 7188
45.68, 7187
45.72, 7186
45.73, 7185
45.83, 7184
45.87, 7183
45.97, 7182
46.01, 7181
46.11, 7180
46.15, 7179
46.26, 7178
46.30, 7177
46.32, 7176
46.33, 7175
46.46, 7174
46.58, 7173
46.67, 7172
46.74, 7171
46.78, 7170
46.82, 7169
46.92, 7168
46.95, 7167
46.97, 7166
47.06, 7165
47.10, 7164
47.20, 7163
47.24, 7162
47.34, 7161
47.46, 7160
47.50, 7159
47.53, 7158
47.54, 7157
47.75, 7156
47.79, 7155
47.89, 7154
47.93, 7153
47.94, 7152
48.04, 7151
48.08, 7150
48.19, 7149
48.23, 7148
48.33, 7147
48.37, 7146
48.47, 7145
48.51, 7144
48.53, 7143
48.54, 7142
48.67, 7141
48.71, 7140
48.81, 7139
48.85, 7138
48.96, 7137
49.00, 7136
49.11, 7135
49.15, 7134
49.16, 7133
49.26, 7132
49.30, 7131
49.40, 7130
49.45, 7129
49.55, 7128
49.59, 7127
49.69, 7126
49.74, 7125
49.75, 7124
49.76, 7123
49.77, 7122
49.79, 7121
49.92, 7120
49.96, 7119
50.06, 7118
50.11, 7117
50.21, 7116
50.25, 7115
50.36, 7114
50.40, 7113
50.41, 7112
50.51, 7111
50.55, 7110
50.72, 7109
50.81, 7108
50.86, 7107
50.96, 7106
51.01, 7105
51.02, 7104
51.03, 7103
51.17, 7102
51.22, 7101
51.33, 7100
51.37, 7099
51.46, 7098
51.50, 7097
51.60, 7096
51.63, 7095
51.65, 7094
51.74, 7093
51.78, 7092
51.88, 7091
51.93, 7090
52.03, 7089
52.07, 7088
52.17, 7087
52.22, 7086
52.23, 7085
52.24, 7084
52.26, 7083
52.40, 7082
52.44, 7081
52.55, 7080
52.59, 7079
52.72, 7078
52.84, 7077
52.89, 7076
52.90, 7075
53.00, 7074
53.04, 7073
53.14, 7072
53.19, 7071
53.29, 7070
53.34, 7069
53.44, 7068
53.48, 7067
53.49, 7066
53.51, 7065
53.64, 7064
53.68, 7063
53.77, 7062
53.81, 7061
53.91, 7060
53.96, 7059
54.06, 7058
54.10, 7057
54.11, 7056
54.21, 7055
54.24, 7054
54.34, 7053
54.39, 7052
54.49, 7051
54.53, 7050
54.64, 7049
54.68, 7048
54.69, 7047
54.71, 7046
54.72, 7045
54.74, 7044
54.76, 7043
54.79, 7042
54.81, 7041
54.83, 7040
54.85, 7039
54.86, 7038
54.88, 7037
54.89, 7036
54.91, 7035
54.92, 7034
54.94, 7033
56.13, 7032
58.25, 7031
60.04, 7030
60.07, 7029
60.22, 7028
60.41, 7027
60.54, 7026
60.91, 7025
61.10, 7024
61.17, 7023
61.18, 7022
61.23, 7021
61.66, 7020
61.67, 7019
61.71, 7018
61.74, 7017
62.77, 7016
62.87, 7015
62.94, 7014
63.29, 7013
64.16, 7012
64.87, 7011
65.57, 7010
66.26, 7009
66.30, 7008
66.48, 7007
70.73, 7006
70.91, 7005
71.24, 7004
72.05, 7003
73.41, 7002
73.46, 7001
73.77, 7000
74.09, 6999
74.15, 6998
74.27, 6997
74.51, 6996
74.53, 6995
74.71, 6994
74.73, 6993
74.98, 6992
75.03, 6991
75.04, 6990
75.28, 6989
75.72, 6988
75.80, 6987
75.82, 6986
75.92, 6985
75.98, 6984
76.08, 6983
76.13, 6982
76.15, 6981
76.68, 6980
76.98, 6979
77.72, 6978
77.74, 6977
78.29, 6976
78.31, 6975
78.49, 6974
79.09, 6973
79.17, 6972
79.46, 6971
79.90, 6970
80.13, 6969
80.40, 6968
81.07, 6967
81.85, 6966
82.70, 6965
82.95, 6964
83.21, 6963
85.94, 6962
86.31, 6961
87.61, 6960
91.64, 6959
92.65, 6958
93.60, 6957
93.76, 6956
98.97, 6955
99.28, 6954
103.31, 6953
117.33, 6952
117.41, 6951
117.57, 6950
117.68, 6949
117.96, 6948
118.21, 6947
120.90, 6946
121.31, 6945
121.64, 6944
122.73, 6943
124.97, 6942
124.98, 6941
125.01, 6940
128.11, 6939
128.13, 6938
128.14, 6937
128.17, 6936
128.27, 6935
128.82, 6934
129.36, 6933
131.98, 6932
134.42, 6931
149.58, 6930
152.01, 6929
185.33, 6928
186.78, 6927
191.63, 6926
203.16, 6925
205.30, 6924
229.52, 6923
236.94, 6922
240.76, 6921
273.99, 6920
279.89, 6919
314.12, 6918
322.68, 6917
417.91, 6916
450.34, 6915
