5.57, 7374
5.60, 7373
5.61, 7372
5.63, 7371
5.64, 7370
5.65, 7369
5.66, 7368
5.68, 7367
5.69, 7366
5.70, 7365
5.72, 7364
5.73, 7363
5.74, 7362
5.76, 7361
5.77, 7360
5.78, 7359
5.79, 7358
5.81, 7357
5.82, 7356
5.83, 7355
5.85, 7354
5.86, 7353
5.88, 7352
5.89, 7351
5.90, 7350
5.92, 7349
5.93, 7348
5.94, 7347
5.96, 7346
8.80, 7345
12.52, 7344
13.03, 7343
13.08, 7342
14.52, 7341
22.32, 7340
24.16, 7339
26.13, 7338
26.17, 7337
26.27, 7336
26.31, 7335
26.40, 7334
26.44, 7333
26.54, 7332
26.58, 7331
26.59, 7330
26.77, 7329
26.81, 7328
26.91, 7327
26.95, 7326
27.11, 7325
27.14, 7324
27.44, 7323
27.49, 7322
27.58, 7321
27.72, 7320
27.75, 7319
27.78, 7318
27.88, 7317
27.93, 7316
27.94, 7315
28.04, 7314
28.17, 7313
28.21, 7312
28.30, 7311
28.34, 7310
28.43, 7309
28.47, 7308
28.48, 7307
28.50, 7306
28.51, 7305
28.64, 7304
28.69, 7303
28.79, 7302
28.83, 7301
28.85, 7300
28.94, 7299
28.98, 7298
29.11, 7297
29.22, 7296
29.26, 7295
29.35, 7294
29.40, 7293
29.41, 7292
29.43, 7291
29.61, 7290
29.74, 7289
29.79, 7288
29.89, 7287
29.98, 7286
30.06, 7285
30.10, 7284
30.11, 7283
30.21, 7282
30.25, 7281
30.35, 7280
30.39, 7279
30.49, 7278
30.53, 7277
30.64, 7276
30.68, 7275
30.69, 7274
30.70, 7273
30.71, 7272
30.73, 7271
30.86, 7270
30.90, 7269
31.00, 7268
31.04, 7267
31.14, 7266
31.18, 7265
31.28, 7264
31.33, 7263
31.35, 7262
31.46, 7261
31.50, 7260
31.59, 7259
31.64, 7258
31.74, 7257
31.78, 7256
31.88, 7255
31.92, 7254
31.93, 7253
31.94, 7252
32.07, 7251
32.11, 7250
32.21, 7249
32.26, 7248
32.36, 7247
32.40, 7246
32.51, 7245
32.55, 7244
32.56, 7243
32.66, 7242
32.70, 7241
32.80, 7240
32.84, 7239
32.95, 7238
32.99, 7237
33.09, 7236
33.14, 7235
33.15, 7234
33.16, 7233
33.17, 7232
33.32, 7231
33.36, 7230
33.45, 7229
33.49, 7228
33.59, 7227
33.63, 7226
33.73, 7225
33.78, 7224
33.79, 7223
33.92, 7222
34.07, 7221
34.12, 7220
34.22, 7219
34.26, 7218
34.41, 7217
34.42, 7216
34.43, 7215
34.47, 7214
34.60, 7213
34.64, 7212
34.74, 7211
34.79, 7210
34.89, 7209
34.93, 7208
35.03, 7207
35.07, 7206
35.09, 7205
35.19, 7204
35.23, 7203
35.34, 7202
35.38, 7201
35.49, 7200
35.53, 7199
35.64, 7198
35.68, 7197
35.70, 7196
35.71, 7195
35.72, 7194
35.73, 7193
35.87, 7192
35.91, 7191
36.11, 7190
36.20, 7189
36.25, 7188
36.37, 7187
36.40, 7186
36.42, 7185
36.51, 7184
36.55, 7183
36.64, 7182
36.68, 7181
36.78, 7180
36.82, 7179
36.92, 7178
36.97, 7177
36.98, 7176
36.99, 7175
37.12, 7174
37.28, 7173
37.32, 7172
37.39, 7171
37.43, 7170
37.47, 7169
37.57, 7168
37.61, 7167
37.62, 7166
37.72, 7165
37.76, 7164
37.86, 7163
37.92, 7162
38.02, 7161
38.16, 7160
38.20, 7159
38.23, 7158
38.25, 7157
38.45, 7156
38.49, 7155
38.59, 7154
38.63, 7153
38.65, 7152
38.74, 7151
38.78, 7150
38.89, 7149
38.93, 7148
39.03, 7147
39.07, 7146
39.17, 7145
39.22, 7144
39.23, 7143
39.24, 7142
39.39, 7141
39.43, 7140
39.52, 7139
39.56, 7138
39.66, 7137
39.70, 7136
39.80, 7135
39.84, 7134
39.86, 7133
39.95, 7132
39.99, 7131
40.08, 7130
40.13, 7129
40.22, 7128
40.26, 7127
40.35, 7126
40.39, 7125
40.41, 7124
40.42, 7123
40.43, 7122
40.44, 7121
40.57, 7120
40.62, 7119
40.71, 7118
40.75, 7117
40.85, 7116
40.89, 7115
40.99, 7114
41.03, 7113
41.05, 7112
41.14, 7111
41.18, 7110
41.32, 7109
41.44, 7108
41.48, 7107
41.58, 7106
41.63, 7105
41.64, 7104
41.65, 7103
41.78, 7102
41.82, 7101
41.92, 7100
41.96, 7099
42.06, 7098
42.10, 7097
42.19, 7096
42.23, 7095
42.24, 7094
42.33, 7093
42.37, 7092
42.47, 7091
42.51, 7090
42.61, 7089
42.66, 7088
42.76, 7087
42.80, 7086
42.81, 7085
42.82, 7084
42.83, 7083
42.97, 7082
43.01, 7081
43.11, 7080
43.15, 7079
43.39, 7078
43.55, 7077
43.62, 7076
43.64, 7075
43.81, 7074
43.85, 7073
43.95, 7072
43.99, 7071
44.09, 7070
44.13, 7069
44.23, 7068
44.27, 7067
44.28, 7066
44.29, 7065
44.43, 7064
44.47, 7063
44.56, 7062
44.61, 7061
44.71, 7060
44.75, 7059
44.85, 7058
44.89, 7057
44.90, 7056
45.00, 7055
45.04, 7054
45.14, 7053
45.18, 7052
45.28, 7051
45.35, 7050
45.45, 7049
45.50, 7048
45.51, 7047
45.52, 7046
45.54, 7045
45.55, 7044
45.57, 7043
45.58, 7042
45.60, 7041
45.61, 7040
45.63, 7039
45.64, 7038
45.66, 7037
45.67, 7036
45.68, 7035
45.70, 7034
45.72, 7033
48.66, 7032
50.48, 7031
50.62, 7030
50.65, 7029
50.70, 7028
50.89, 7027
51.00, 7026
51.28, 7025
51.31, 7024
51.36, 7023
51.63, 7022
51.70, 7021
51.79, 7020
51.93, 7019
51.96, 7018
52.03, 7017
52.04, 7016
52.54, 7015
52.61, 7014
52.67, 7013
52.69, 7012
53.38, 7011
53.49, 7010
53.66, 7009
53.97, 7008
54.94, 7007
56.08, 7006
56.42, 7005
57.00, 7004
57.10, 7003
60.91, 7002
61.68, 7001
62.20, 7000
62.58, 6999
63.66, 6998
63.75, 6997
63.85, 6996
63.99, 6995
64.01, 6994
64.04, 6993
64.16, 6992
64.26, 6991
64.42, 6990
64.71, 6989
64.72, 6988
64.84, 6987
64.85, 6986
65.16, 6985
65.26, 6984
65.28, 6983
65.48, 6982
66.63, 6981
66.70, 6980
66.77, 6979
67.26, 6978
67.42, 6977
67.73, 6976
68.25, 6975
68.32, 6974
68.87, 6973
68.93, 6972
68.95, 6971
69.08, 6970
69.49, 6969
69.95, 6968
70.10, 6967
70.15, 6966
70.42, 6965
70.54, 6964
70.66, 6963
70.75, 6962
70.76, 6961
71.31, 6960
72.58, 6959
73.53, 6958
73.74, 6957
74.30, 6956
75.95, 6955
76.09, 6954
76.45, 6953
76.61, 6952
76.95, 6951
78.00, 6950
78.31, 6949
78.94, 6948
78.99, 6947
79.16, 6946
81.56, 6945
82.52, 6944
83.09, 6943
87.37, 6942
88.07, 6941
89.52, 6940
89.81, 6939
89.93, 6938
90.24, 6937
92.42, 6936
105.88, 6935
106.34, 6934
107.33, 6933
107.93, 6932
111.50, 6931
113.96, 6930
114.59, 6929
118.12, 6928
123.65, 6927
123.75, 6926
123.94, 6925
156.38, 6924
160.82, 6923
161.34, 6922
207.79, 6921
254.61, 6920
266.74, 6919
310.80, 6918
316.39, 6917
510.75, 6916
551.90, 6915
582.84, 6914
593.26, 6913
