6.72, 4697
6.78, 4696
6.80, 4695
6.83, 4694
6.85, 4693
6.88, 4692
6.90, 4691
6.93, 4690
6.95, 4689
6.98, 4688
7.02, 4687
7.04, 4686
7.07, 4685
7.09, 4684
7.11, 4683
7.14, 4682
7.16, 4681
7.18, 4680
7.21, 4679
7.24, 4678
7.26, 4677
7.28, 4676
7.31, 4675
7.33, 4674
7.35, 4673
7.37, 4672
7.40, 4671
7.42, 4670
7.44, 4669
7.47, 4668
7.49, 4667
7.52, 4666
7.54, 4665
7.57, 4664
7.59, 4663
7.61, 4662
7.64, 4661
7.66, 4660
7.69, 4659
7.71, 4658
7.74, 4657
7.76, 4656
7.79, 4655
7.81, 4654
7.85, 4653
8.00, 4652
8.20, 4651
8.81, 4650
8.88, 4649
9.30, 4648
9.55, 4647
9.82, 4646
10.15, 4645
10.35, 4644
10.81, 4643
11.14, 4642
11.65, 4641
11.80, 4640
11.83, 4639
11.92, 4638
12.03, 4637
12.76, 4636
12.83, 4635
12.91, 4634
13.14, 4633
13.75, 4632
14.35, 4631
15.30, 4630
15.32, 4629
16.61, 4628
17.39, 4627
17.49, 4626
18.22, 4625
18.41, 4624
18.86, 4623
19.61, 4622
19.77, 4621
19.80, 4620
19.87, 4619
20.28, 4618
20.74, 4617
20.89, 4616
21.01, 4615
21.38, 4614
21.83, 4613
22.75, 4612
22.85, 4611
23.20, 4610
23.39, 4609
23.72, 4608
24.14, 4607
24.64, 4606
25.63, 4605
26.74, 4604
26.83, 4603
28.24, 4602
28.58, 4601
29.05, 4600
29.11, 4599
29.29, 4598
29.93, 4597
30.04, 4596
30.57, 4595
32.58, 4594
32.86, 4593
32.96, 4592
33.15, 4591
34.56, 4590
36.98, 4589
37.38, 4588
37.89, 4587
38.00, 4586
38.40, 4585
38.98, 4584
39.90, 4583
40.12, 4582
41.18, 4581
41.97, 4580
42.32, 4579
42.40, 4578
43.03, 4577
45.31, 4576
45.64, 4575
46.64, 4574
47.53, 4573
48.49, 4572
48.89, 4571
50.27, 4570
51.68, 4569
52.07, 4568
57.87, 4567
62.23, 4566
69.48, 4565
73.02, 4564
73.19, 4563
76.45, 4562
76.80, 4561
77.12, 4560
79.96, 4559
117.46, 4558
121.47, 4557
127.39, 4556
129.68, 4555
130.11, 4554
133.75, 4553
134.13, 4552
138.73, 4551
146.41, 4550
148.38, 4549
150.16, 4548
197.39, 4547
205.99, 4546
219.96, 4545
244.43, 4544
400.58, 4543
