50.67, 4696
51.65, 4695
54.24, 4694
54.38, 4693
58.51, 4692
58.95, 4691
60.18, 4690
60.53, 4689
60.79, 4688
61.43, 4687
61.45, 4686
66.84, 4685
67.29, 4684
67.44, 4683
67.65, 4682
68.33, 4681
74.05, 4680
74.23, 4679
74.89, 4678
77.40, 4677
78.06, 4676
79.63, 4675
80.38, 4674
82.66, 4673
82.80, 4672
83.77, 4671
84.55, 4670
84.84, 4669
84.86, 4668
85.63, 4667
85.94, 4666
86.03, 4665
90.08, 4664
90.32, 4663
90.43, 4662
93.61, 4661
97.02, 4660
101.01, 4659
101.47, 4658
103.83, 4657
104.00, 4656
104.24, 4655
106.20, 4654
107.17, 4653
114.71, 4652
115.12, 4651
116.46, 4650
119.54, 4649
128.81, 4648
131.02, 4647
133.97, 4646
138.48, 4645
142.93, 4644
144.05, 4643
146.64, 4642
148.17, 4641
148.38, 4640
151.83, 4639
153.48, 4638
154.67, 4637
155.61, 4636
155.98, 4635
156.03, 4634
157.41, 4633
159.00, 4632
162.39, 4631
162.67, 4630
162.71, 4629
162.95, 4628
165.92, 4627
166.04, 4626
168.77, 4625
169.29, 4624
169.38, 4623
171.02, 4622
171.19, 4621
173.55, 4620
177.57, 4619
177.78, 4618
178.83, 4617
181.12, 4616
182.11, 4615
182.87, 4614
183.27, 4613
183.70, 4612
186.27, 4611
187.96, 4610
189.21, 4609
189.50, 4608
190.55, 4607
191.97, 4606
196.33, 4605
200.11, 4604
210.77, 4603
214.12, 4602
219.62, 4601
220.56, 4600
222.44, 4599
222.59, 4598
