51.82, 4696
53.22, 4695
53.83, 4694
56.85, 4693
56.94, 4692
57.88, 4691
58.83, 4690
59.67, 4689
63.10, 4688
64.21, 4687
65.41, 4686
69.25, 4685
70.48, 4684
70.50, 4683
71.20, 4682
71.47, 4681
72.34, 4680
72.97, 4679
74.18, 4678
79.24, 4677
80.61, 4676
80.73, 4675
83.03, 4674
85.06, 4673
85.62, 4672
85.96, 4671
89.95, 4670
95.38, 4669
95.81, 4668
95.97, 4667
98.38, 4666
99.78, 4665
108.41, 4664
108.71, 4663
109.82, 4662
111.69, 4661
112.54, 4660
115.48, 4659
119.28, 4658
119.64, 4657
120.30, 4656
122.33, 4655
125.48, 4654
128.76, 4653
130.03, 4652
134.49, 4651
134.83, 4650
138.87, 4649
139.75, 4648
140.96, 4647
141.76, 4646
147.43, 4645
148.56, 4644
153.69, 4643
157.83, 4642
160.20, 4641
162.56, 4640
163.44, 4639
168.71, 4638
168.84, 4637
172.02, 4636
172.76, 4635
173.14, 4634
179.30, 4633
179.61, 4632
179.79, 4631
186.03, 4630
186.78, 4629
187.67, 4628
190.95, 4627
191.34, 4626
193.78, 4625
193.84, 4624
197.89, 4623
199.59, 4622
199.62, 4621
201.56, 4620
205.23, 4619
206.41, 4618
208.00, 4617
208.09, 4616
209.63, 4615
210.97, 4614
223.66, 4613
224.52, 4612
225.79, 4611
226.77, 4610
233.67, 4609
236.70, 4608
