39.53, 4696
40.15, 4695
40.88, 4694
41.42, 4693
42.86, 4692
43.33, 4691
48.38, 4690
50.80, 4689
51.10, 4688
53.19, 4687
53.20, 4686
54.27, 4685
56.81, 4684
56.89, 4683
57.72, 4682
58.31, 4681
59.24, 4680
60.84, 4679
62.28, 4678
65.03, 4677
65.36, 4676
65.80, 4675
66.01, 4674
66.05, 4673
66.94, 4672
67.21, 4671
69.93, 4670
70.98, 4669
72.69, 4668
72.88, 4667
73.12, 4666
74.47, 4665
75.91, 4664
76.61, 4663
79.63, 4662
80.57, 4661
82.93, 4660
83.43, 4659
83.67, 4658
84.66, 4657
85.67, 4656
92.86, 4655
93.67, 4654
96.07, 4653
97.78, 4652
101.72, 4651
102.09, 4650
104.67, 4649
106.04, 4648
109.20, 4647
114.42, 4646
117.20, 4645
117.21, 4644
117.40, 4643
119.01, 4642
120.00, 4641
120.02, 4640
120.62, 4639
121.09, 4638
124.07, 4637
125.85, 4636
126.63, 4635
131.55, 4634
132.50, 4633
133.12, 4632
133.76, 4631
133.78, 4630
134.22, 4629
134.49, 4628
138.50, 4627
144.31, 4626
145.08, 4625
146.17, 4624
146.56, 4623
149.04, 4622
154.34, 4621
154.83, 4620
155.23, 4619
156.70, 4618
162.68, 4617
165.91, 4616
170.40, 4615
175.53, 4614
177.23, 4613
177.90, 4612
178.73, 4611
180.19, 4610
180.46, 4609
180.83, 4608
182.74, 4607
186.80, 4606
187.73, 4605
188.20, 4604
192.08, 4603
196.93, 4602
197.54, 4601
198.99, 4600
208.90, 4599
211.19, 4598
211.79, 4597
218.65, 4596
