6.31, 7374
6.33, 7373
6.35, 7372
6.36, 7371
6.37, 7370
6.39, 7369
6.40, 7368
6.41, 7367
6.43, 7366
6.44, 7365
6.45, 7364
6.46, 7363
6.48, 7362
6.49, 7361
6.50, 7360
6.52, 7359
6.53, 7358
6.55, 7357
6.56, 7356
6.57, 7355
6.58, 7354
6.60, 7353
6.61, 7352
6.62, 7351
6.64, 7350
6.65, 7349
6.66, 7348
6.68, 7347
6.69, 7346
9.53, 7345
14.15, 7344
14.93, 7343
14.98, 7342
16.40, 7341
24.40, 7340
26.83, 7339
28.67, 7338
28.71, 7337
28.81, 7336
28.85, 7335
28.95, 7334
28.99, 7333
29.09, 7332
29.13, 7331
29.15, 7330
29.33, 7329
29.37, 7328
29.47, 7327
29.54, 7326
29.77, 7325
29.79, 7324
30.03, 7323
30.10, 7322
30.26, 7321
30.51, 7320
30.52, 7319
30.56, 7318
30.66, 7317
30.70, 7316
30.71, 7315
30.80, 7314
30.94, 7313
30.98, 7312
31.08, 7311
31.12, 7310
31.22, 7309
31.26, 7308
31.27, 7307
31.28, 7306
31.30, 7305
31.44, 7304
31.48, 7303
31.58, 7302
31.63, 7301
31.64, 7300
31.73, 7299
31.77, 7298
31.92, 7297
32.02, 7296
32.06, 7295
32.16, 7294
32.20, 7293
32.21, 7292
32.23, 7291
32.41, 7290
32.52, 7289
32.56, 7288
32.66, 7287
32.77, 7286
32.82, 7285
32.86, 7284
32.88, 7283
32.98, 7282
33.02, 7281
33.11, 7280
33.16, 7279
33.26, 7278
33.30, 7277
33.40, 7276
33.47, 7275
33.49, 7274
33.51, 7273
33.53, 7272
33.55, 7271
33.79, 7270
33.86, 7269
34.03, 7268
34.11, 7267
34.28, 7266
34.35, 7265
34.52, 7264
34.59, 7263
34.61, 7262
34.78, 7261
34.85, 7260
35.02, 7259
35.09, 7258
35.27, 7257
35.34, 7256
35.50, 7255
35.57, 7254
35.59, 7253
35.62, 7252
35.86, 7251
35.94, 7250
36.07, 7249
36.11, 7248
36.21, 7247
36.25, 7246
36.35, 7245
36.40, 7244
36.41, 7243
36.50, 7242
36.54, 7241
36.64, 7240
36.68, 7239
36.78, 7238
36.82, 7237
36.92, 7236
36.96, 7235
36.98, 7234
36.99, 7233
37.00, 7232
37.14, 7231
37.18, 7230
37.29, 7229
37.33, 7228
37.43, 7227
37.48, 7226
37.58, 7225
37.61, 7224
37.63, 7223
37.76, 7222
37.87, 7221
37.91, 7220
38.00, 7219
38.04, 7218
38.16, 7217
38.17, 7216
38.19, 7215
38.25, 7214
38.37, 7213
38.44, 7212
38.60, 7211
38.68, 7210
38.84, 7209
38.92, 7208
39.08, 7207
39.15, 7206
39.17, 7205
39.34, 7204
39.41, 7203
39.58, 7202
39.65, 7201
39.82, 7200
39.89, 7199
40.05, 7198
40.12, 7197
40.14, 7196
40.17, 7195
40.19, 7194
40.21, 7193
40.47, 7192
40.54, 7191
40.81, 7190
41.11, 7189
41.18, 7188
41.34, 7187
41.41, 7186
41.44, 7185
41.60, 7184
41.67, 7183
41.84, 7182
41.91, 7181
42.08, 7180
42.15, 7179
42.32, 7178
42.39, 7177
42.41, 7176
42.43, 7175
42.67, 7174
42.94, 7173
42.98, 7172
43.06, 7171
43.08, 7170
43.12, 7169
43.22, 7168
43.26, 7167
43.27, 7166
43.37, 7165
43.41, 7164
43.50, 7163
43.54, 7162
43.64, 7161
43.76, 7160
43.80, 7159
43.83, 7158
43.84, 7157
44.03, 7156
44.07, 7155
44.16, 7154
44.20, 7153
44.21, 7152
44.31, 7151
44.35, 7150
44.45, 7149
44.49, 7148
44.58, 7147
44.62, 7146
44.72, 7145
44.76, 7144
44.78, 7143
44.79, 7142
44.93, 7141
44.97, 7140
45.07, 7139
45.12, 7138
45.22, 7137
45.25, 7136
45.35, 7135
45.40, 7134
45.41, 7133
45.51, 7132
45.54, 7131
45.64, 7130
45.68, 7129
45.77, 7128
45.81, 7127
45.91, 7126
45.95, 7125
45.97, 7124
45.98, 7123
45.99, 7122
46.00, 7121
46.14, 7120
46.18, 7119
46.28, 7118
46.32, 7117
46.42, 7116
46.47, 7115
46.56, 7114
46.60, 7113
46.61, 7112
46.71, 7111
46.75, 7110
46.89, 7109
47.00, 7108
47.04, 7107
47.14, 7106
47.19, 7105
47.20, 7104
47.21, 7103
47.34, 7102
47.39, 7101
47.48, 7100
47.52, 7099
47.61, 7098
47.65, 7097
47.76, 7096
47.80, 7095
47.81, 7094
47.91, 7093
47.95, 7092
48.04, 7091
48.09, 7090
48.19, 7089
48.23, 7088
48.33, 7087
48.37, 7086
48.38, 7085
48.40, 7084
48.41, 7083
48.55, 7082
48.59, 7081
48.69, 7080
48.73, 7079
48.89, 7078
48.99, 7077
49.03, 7076
49.04, 7075
49.14, 7074
49.18, 7073
49.28, 7072
49.32, 7071
49.42, 7070
49.46, 7069
49.61, 7068
49.65, 7067
49.67, 7066
49.68, 7065
49.82, 7064
49.87, 7063
49.97, 7062
50.01, 7061
50.11, 7060
50.15, 7059
50.26, 7058
50.30, 7057
50.31, 7056
50.41, 7055
50.45, 7054
50.54, 7053
50.58, 7052
50.68, 7051
50.72, 7050
50.82, 7049
50.86, 7048
50.88, 7047
50.89, 7046
50.91, 7045
50.92, 7044
50.93, 7043
50.95, 7042
50.96, 7041
50.98, 7040
50.99, 7039
51.01, 7038
51.02, 7037
51.04, 7036
51.06, 7035
51.07, 7034
51.09, 7033
54.25, 7032
55.72, 7031
55.75, 7030
55.92, 7029
55.97, 7028
56.04, 7027
56.59, 7026
56.84, 7025
56.90, 7024
57.13, 7023
57.26, 7022
57.37, 7021
57.39, 7020
57.44, 7019
57.61, 7018
57.86, 7017
57.91, 7016
57.93, 7015
57.95, 7014
58.00, 7013
58.68, 7012
58.79, 7011
58.90, 7010
59.17, 7009
59.73, 7008
59.80, 7007
60.29, 7006
60.83, 7005
61.69, 7004
65.08, 7003
65.90, 7002
66.95, 7001
67.59, 7000
69.76, 6999
69.94, 6998
70.40, 6997
70.51, 6996
70.58, 6995
70.62, 6994
70.79, 6993
70.81, 6992
70.99, 6991
71.01, 6990
71.22, 6989
71.35, 6988
71.37, 6987
71.52, 6986
72.25, 6985
72.30, 6984
72.42, 6983
72.69, 6982
72.73, 6981
72.79, 6980
73.33, 6979
73.68, 6978
74.26, 6977
74.31, 6976
74.87, 6975
74.89, 6974
74.99, 6973
75.36, 6972
75.84, 6971
75.93, 6970
76.11, 6969
76.71, 6968
77.47, 6967
78.25, 6966
78.32, 6965
79.05, 6964
79.18, 6963
81.51, 6962
82.19, 6961
82.65, 6960
83.65, 6959
83.78, 6958
87.37, 6957
88.46, 6956
88.54, 6955
90.08, 6954
93.46, 6953
93.48, 6952
100.50, 6951
113.48, 6950
119.65, 6949
119.74, 6948
119.80, 6947
120.34, 6946
122.63, 6945
122.70, 6944
122.77, 6943
122.87, 6942
123.20, 6941
123.52, 6940
124.67, 6939
126.17, 6938
127.49, 6937
134.51, 6936
175.85, 6935
176.67, 6934
178.42, 6933
181.51, 6932
186.76, 6931
190.67, 6930
197.55, 6929
221.13, 6928
236.73, 6927
236.81, 6926
237.31, 6925
274.63, 6924
294.71, 6923
316.96, 6922
321.13, 6921
354.15, 6920
372.21, 6919
398.89, 6918
405.36, 6917
412.37, 6916
412.44, 6915
412.45, 6914
535.87, 6913
559.72, 6912
