10.15, 4696
37.99, 4695
42.51, 4694
43.05, 4693
43.07, 4692
43.97, 4691
45.06, 4690
45.11, 4689
47.49, 4688
49.77, 4687
50.31, 4686
51.85, 4685
53.40, 4684
53.63, 4683
53.98, 4682
55.07, 4681
55.27, 4680
56.53, 4679
57.37, 4678
59.50, 4677
60.42, 4676
61.53, 4675
62.97, 4674
63.28, 4673
65.06, 4672
66.70, 4671
67.38, 4670
70.30, 4669
71.77, 4668
73.71, 4667
75.22, 4666
76.40, 4665
77.60, 4664
78.08, 4663
80.55, 4662
81.94, 4661
82.04, 4660
83.19, 4659
91.61, 4658
94.54, 4657
95.09, 4656
96.59, 4655
96.64, 4654
97.95, 4653
98.28, 4652
99.23, 4651
100.81, 4650
104.30, 4649
104.78, 4648
106.36, 4647
106.99, 4646
108.47, 4645
108.67, 4644
112.98, 4643
113.78, 4642
114.60, 4641
116.19, 4640
117.23, 4639
122.13, 4638
126.11, 4637
130.42, 4636
131.38, 4635
131.88, 4634
135.18, 4633
137.93, 4632
140.91, 4631
142.04, 4630
143.76, 4629
145.71, 4628
156.19, 4627
158.65, 4626
162.33, 4625
164.59, 4624
167.07, 4623
167.42, 4622
170.34, 4621
171.18, 4620
171.72, 4619
172.47, 4618
174.00, 4617
182.33, 4616
185.45, 4615
185.61, 4614
186.90, 4613
188.17, 4612
188.65, 4611
188.98, 4610
195.93, 4609
198.37, 4608
202.45, 4607
209.91, 4606
212.23, 4605
218.06, 4604
218.65, 4603
220.78, 4602
