6.16, 4697
6.21, 4696
6.24, 4695
6.27, 4694
6.29, 4693
6.31, 4692
6.34, 4691
6.36, 4690
6.39, 4689
6.41, 4688
6.44, 4687
6.46, 4686
6.49, 4685
6.51, 4684
6.54, 4683
6.56, 4682
6.58, 4681
6.60, 4680
6.63, 4679
6.65, 4678
6.67, 4677
6.72, 4676
6.74, 4675
6.76, 4674
6.79, 4673
6.81, 4672
6.84, 4671
6.86, 4670
6.89, 4669
6.91, 4668
6.94, 4667
6.96, 4666
6.99, 4665
7.01, 4664
7.04, 4663
7.06, 4662
7.09, 4661
7.11, 4660
7.14, 4659
7.16, 4658
7.18, 4657
7.21, 4656
7.23, 4655
7.25, 4654
7.27, 4653
7.38, 4652
7.54, 4651
7.99, 4650
8.29, 4649
8.74, 4648
9.04, 4647
9.26, 4646
9.54, 4645
9.75, 4644
10.30, 4643
10.63, 4642
11.11, 4641
11.32, 4640
11.35, 4639
11.48, 4638
11.51, 4637
12.36, 4636
12.46, 4635
12.51, 4634
12.69, 4633
13.33, 4632
13.96, 4631
14.78, 4630
15.00, 4629
15.70, 4628
16.44, 4627
16.54, 4626
17.26, 4625
17.41, 4624
17.90, 4623
18.51, 4622
18.55, 4621
18.65, 4620
18.78, 4619
19.21, 4618
19.69, 4617
19.90, 4616
19.98, 4615
20.27, 4614
20.81, 4613
21.78, 4612
21.91, 4611
22.21, 4610
22.48, 4609
22.76, 4608
23.18, 4607
23.31, 4606
23.61, 4605
24.59, 4604
25.51, 4603
25.61, 4602
26.52, 4601
26.94, 4600
27.13, 4599
27.89, 4598
27.91, 4597
28.23, 4596
28.77, 4595
29.01, 4594
32.33, 4593
32.54, 4592
32.71, 4591
32.78, 4590
32.90, 4589
33.10, 4588
34.34, 4587
34.64, 4586
36.74, 4585
38.19, 4584
38.28, 4583
38.81, 4582
38.96, 4581
39.59, 4580
40.92, 4579
42.66, 4578
44.73, 4577
45.20, 4576
45.72, 4575
46.00, 4574
46.12, 4573
47.40, 4572
48.25, 4571
50.29, 4570
50.37, 4569
58.32, 4568
60.48, 4567
60.56, 4566
68.91, 4565
69.30, 4564
69.91, 4563
92.12, 4562
94.61, 4561
100.44, 4560
102.24, 4559
103.40, 4558
104.17, 4557
112.75, 4556
114.73, 4555
130.15, 4554
130.32, 4553
136.12, 4552
140.15, 4551
194.45, 4550
195.08, 4549
200.60, 4548
218.11, 4547
222.29, 4546
281.33, 4545
471.53, 4544
