7.06, 4697
7.11, 4696
7.15, 4695
7.17, 4694
7.21, 4693
7.24, 4692
7.26, 4691
7.28, 4690
7.30, 4689
7.33, 4688
7.36, 4687
7.38, 4686
7.41, 4685
7.43, 4684
7.46, 4683
7.48, 4682
7.50, 4681
7.53, 4680
7.57, 4679
7.59, 4678
7.64, 4677
7.66, 4676
7.69, 4675
7.72, 4674
7.74, 4673
7.76, 4672
7.78, 4671
7.83, 4670
7.85, 4669
7.88, 4668
7.90, 4667
7.92, 4666
7.95, 4665
7.97, 4664
8.00, 4663
8.04, 4662
8.08, 4661
8.11, 4660
8.13, 4659
8.16, 4658
8.18, 4657
8.21, 4656
8.24, 4655
8.27, 4654
8.29, 4653
8.44, 4652
8.71, 4651
9.10, 4650
9.35, 4649
9.88, 4648
10.13, 4647
10.54, 4646
10.81, 4645
11.04, 4644
11.68, 4643
12.09, 4642
12.52, 4641
12.78, 4640
12.80, 4639
12.83, 4638
12.99, 4637
13.84, 4636
13.93, 4635
14.02, 4634
14.18, 4633
15.03, 4632
15.63, 4631
16.44, 4630
16.53, 4629
17.62, 4628
18.23, 4627
18.52, 4626
18.65, 4625
19.49, 4624
19.64, 4623
20.14, 4622
20.84, 4621
21.00, 4620
21.11, 4619
21.13, 4618
21.59, 4617
22.12, 4616
22.35, 4615
22.46, 4614
22.84, 4613
23.48, 4612
24.74, 4611
25.08, 4610
25.27, 4609
25.78, 4608
25.81, 4607
25.91, 4606
26.39, 4605
27.42, 4604
27.88, 4603
28.96, 4602
29.07, 4601
30.66, 4600
30.82, 4599
31.95, 4598
32.15, 4597
32.34, 4596
32.85, 4595
33.06, 4594
33.70, 4593
36.40, 4592
36.76, 4591
36.94, 4590
38.77, 4589
39.08, 4588
41.88, 4587
42.64, 4586
42.66, 4585
43.05, 4584
43.53, 4583
44.36, 4582
45.35, 4581
45.96, 4580
47.94, 4579
49.74, 4578
50.32, 4577
50.89, 4576
51.69, 4575
53.40, 4574
55.02, 4573
56.77, 4572
57.22, 4571
57.70, 4570
65.39, 4569
68.26, 4568
81.61, 4567
119.33, 4566
120.37, 4565
121.31, 4564
122.97, 4563
131.61, 4562
131.71, 4561
136.35, 4560
138.81, 4559
144.49, 4558
145.49, 4557
147.24, 4556
157.71, 4555
159.33, 4554
198.21, 4553
214.14, 4552
218.77, 4551
224.20, 4550
231.07, 4549
232.27, 4548
285.74, 4547
296.08, 4546
306.68, 4545
345.00, 4544
420.94, 4543
