55.13, 4696
56.45, 4695
57.20, 4694
60.08, 4693
61.27, 4692
62.85, 4691
63.81, 4690
64.30, 4689
66.55, 4688
70.10, 4687
70.36, 4686
71.73, 4685
72.46, 4684
72.92, 4683
74.12, 4682
75.72, 4681
75.96, 4680
76.35, 4679
77.35, 4678
77.56, 4677
77.75, 4676
77.93, 4675
78.00, 4674
78.23, 4673
78.66, 4672
80.10, 4671
82.20, 4670
84.06, 4669
84.92, 4668
85.00, 4667
85.36, 4666
86.15, 4665
86.56, 4664
88.18, 4663
90.28, 4662
90.60, 4661
90.74, 4660
92.84, 4659
93.97, 4658
97.04, 4657
98.24, 4656
99.06, 4655
99.08, 4654
100.41, 4653
101.07, 4652
105.04, 4651
105.44, 4650
105.64, 4649
109.68, 4648
110.11, 4647
111.03, 4646
113.15, 4645
113.24, 4644
113.73, 4643
114.17, 4642
114.46, 4641
117.79, 4640
118.89, 4639
125.60, 4638
133.43, 4637
134.53, 4636
136.08, 4635
144.36, 4634
145.10, 4633
150.91, 4632
152.99, 4631
156.05, 4630
160.42, 4629
163.49, 4628
164.25, 4627
164.89, 4626
166.23, 4625
167.17, 4624
173.14, 4623
176.06, 4622
180.48, 4621
181.37, 4620
185.49, 4619
185.54, 4618
186.69, 4617
191.89, 4616
194.52, 4615
200.03, 4614
200.36, 4613
200.68, 4612
201.58, 4611
205.14, 4610
207.76, 4609
208.21, 4608
213.06, 4607
214.06, 4606
220.01, 4605
220.86, 4604
225.30, 4603
234.35, 4602
236.92, 4601
