52.44, 4696
53.18, 4695
54.48, 4694
54.64, 4693
56.27, 4692
56.75, 4691
58.98, 4690
59.00, 4689
59.81, 4688
59.95, 4687
60.77, 4686
61.24, 4685
62.65, 4684
62.73, 4683
64.68, 4682
65.64, 4681
66.76, 4680
66.78, 4679
67.08, 4678
67.10, 4677
67.47, 4676
69.32, 4675
69.66, 4674
70.11, 4673
71.70, 4672
72.33, 4671
73.47, 4670
74.75, 4669
75.33, 4668
78.43, 4667
80.08, 4666
81.64, 4665
83.30, 4664
83.65, 4663
84.67, 4662
85.61, 4661
86.58, 4660
87.33, 4659
88.86, 4658
89.73, 4657
90.00, 4656
91.21, 4655
91.94, 4654
93.94, 4653
94.31, 4652
97.78, 4651
101.43, 4650
105.30, 4649
105.74, 4648
108.09, 4647
109.43, 4646
110.02, 4645
110.82, 4644
112.01, 4643
112.35, 4642
114.69, 4641
115.30, 4640
115.40, 4639
115.85, 4638
117.87, 4637
121.33, 4636
122.90, 4635
123.18, 4634
125.20, 4633
127.95, 4632
129.05, 4631
130.43, 4630
132.72, 4629
134.39, 4628
142.57, 4627
142.93, 4626
143.78, 4625
147.64, 4624
153.25, 4623
162.19, 4622
163.58, 4621
169.12, 4620
172.21, 4619
173.53, 4618
175.48, 4617
176.84, 4616
182.47, 4615
184.52, 4614
190.33, 4613
191.58, 4612
195.62, 4611
198.51, 4610
207.52, 4609
214.56, 4608
215.90, 4607
221.59, 4606
225.38, 4605
