6.22, 7374
6.25, 7373
6.26, 7372
6.28, 7371
6.29, 7370
6.31, 7369
6.32, 7368
6.34, 7367
6.35, 7366
6.37, 7365
6.38, 7364
6.40, 7363
6.41, 7362
6.43, 7361
6.44, 7360
6.46, 7359
6.47, 7358
6.49, 7357
6.51, 7356
6.52, 7355
6.54, 7354
6.55, 7353
6.57, 7352
6.59, 7351
6.60, 7350
6.62, 7349
6.63, 7348
6.65, 7347
6.66, 7346
10.14, 7345
14.32, 7344
15.28, 7343
15.36, 7342
18.05, 7341
27.26, 7340
29.16, 7339
31.24, 7338
31.28, 7337
31.39, 7336
31.44, 7335
31.56, 7334
31.65, 7333
31.85, 7332
31.93, 7331
31.96, 7330
32.35, 7329
32.42, 7328
32.61, 7327
32.65, 7326
32.78, 7325
32.82, 7324
33.10, 7323
33.14, 7322
33.24, 7321
33.39, 7320
33.40, 7319
33.48, 7318
33.64, 7317
33.72, 7316
33.74, 7315
33.84, 7314
33.99, 7313
34.03, 7312
34.14, 7311
34.18, 7310
34.29, 7309
34.33, 7308
34.34, 7307
34.36, 7306
34.37, 7305
34.52, 7304
34.56, 7303
34.67, 7302
34.71, 7301
34.72, 7300
34.82, 7299
34.86, 7298
35.01, 7297
35.11, 7296
35.16, 7295
35.27, 7294
35.31, 7293
35.33, 7292
35.35, 7291
35.59, 7290
35.73, 7289
35.77, 7288
35.87, 7287
35.95, 7286
36.04, 7285
36.08, 7284
36.09, 7283
36.19, 7282
36.24, 7281
36.34, 7280
36.41, 7279
36.51, 7278
36.57, 7277
36.69, 7276
36.73, 7275
36.75, 7274
36.77, 7273
36.78, 7272
36.80, 7271
36.95, 7270
36.99, 7269
37.10, 7268
37.14, 7267
37.25, 7266
37.29, 7265
37.40, 7264
37.44, 7263
37.46, 7262
37.58, 7261
37.66, 7260
37.84, 7259
37.88, 7258
37.98, 7257
38.02, 7256
38.12, 7255
38.16, 7254
38.17, 7253
38.18, 7252
38.32, 7251
38.36, 7250
38.47, 7249
38.51, 7248
38.62, 7247
38.66, 7246
38.77, 7245
38.81, 7244
38.82, 7243
38.93, 7242
38.97, 7241
39.07, 7240
39.12, 7239
39.22, 7238
39.26, 7237
39.35, 7236
39.39, 7235
39.40, 7234
39.42, 7233
39.43, 7232
39.56, 7231
39.60, 7230
39.70, 7229
39.74, 7228
39.84, 7227
39.88, 7226
39.97, 7225
40.01, 7224
40.03, 7223
40.17, 7222
40.28, 7221
40.35, 7220
40.53, 7219
40.61, 7218
40.89, 7217
40.91, 7216
40.94, 7215
40.96, 7214
41.11, 7213
41.16, 7212
41.28, 7211
41.33, 7210
41.42, 7209
41.46, 7208
41.57, 7207
41.64, 7206
41.67, 7205
41.86, 7204
41.94, 7203
42.12, 7202
42.19, 7201
42.37, 7200
42.44, 7199
42.62, 7198
42.69, 7197
42.72, 7196
42.74, 7195
42.76, 7194
42.79, 7193
43.04, 7192
43.12, 7191
43.42, 7190
43.67, 7189
43.74, 7188
43.83, 7187
43.87, 7186
43.89, 7185
43.98, 7184
44.02, 7183
44.12, 7182
44.16, 7181
44.27, 7180
44.31, 7179
44.46, 7178
44.47, 7177
44.49, 7176
44.50, 7175
44.66, 7174
44.84, 7173
44.88, 7172
44.95, 7171
44.99, 7170
45.04, 7169
45.16, 7168
45.21, 7167
45.21, 7166
45.35, 7165
45.40, 7164
45.53, 7163
45.57, 7162
45.70, 7161
45.87, 7160
45.95, 7159
45.98, 7158
45.99, 7157
46.22, 7156
46.26, 7155
46.37, 7154
46.41, 7153
46.43, 7152
46.55, 7151
46.59, 7150
46.71, 7149
46.79, 7148
46.89, 7147
46.94, 7146
47.05, 7145
47.09, 7144
47.11, 7143
47.12, 7142
47.28, 7141
47.33, 7140
47.43, 7139
47.47, 7138
47.58, 7137
47.62, 7136
47.73, 7135
47.77, 7134
47.78, 7133
47.89, 7132
47.93, 7131
48.03, 7130
48.08, 7129
48.18, 7128
48.22, 7127
48.33, 7126
48.37, 7125
48.38, 7124
48.40, 7123
48.42, 7122
48.43, 7121
48.58, 7120
48.62, 7119
48.80, 7118
48.87, 7117
49.04, 7116
49.12, 7115
49.22, 7114
49.27, 7113
49.28, 7112
49.38, 7111
49.43, 7110
49.55, 7109
49.75, 7108
49.80, 7107
49.89, 7106
49.93, 7105
49.95, 7104
49.96, 7103
50.11, 7102
50.15, 7101
50.25, 7100
50.30, 7099
50.39, 7098
50.44, 7097
50.54, 7096
50.58, 7095
50.59, 7094
50.70, 7093
50.74, 7092
50.85, 7091
50.89, 7090
50.99, 7089
51.04, 7088
51.14, 7087
51.18, 7086
51.20, 7085
51.21, 7084
51.22, 7083
51.37, 7082
51.42, 7081
51.58, 7080
51.63, 7079
51.77, 7078
51.90, 7077
51.94, 7076
51.96, 7075
52.05, 7074
52.09, 7073
52.19, 7072
52.24, 7071
52.34, 7070
52.38, 7069
52.48, 7068
52.52, 7067
52.54, 7066
52.55, 7065
52.70, 7064
52.74, 7063
52.85, 7062
52.89, 7061
52.99, 7060
53.03, 7059
53.12, 7058
53.16, 7057
53.18, 7056
53.28, 7055
53.32, 7054
53.43, 7053
53.48, 7052
53.65, 7051
53.69, 7050
53.79, 7049
53.83, 7048
53.85, 7047
53.86, 7046
53.87, 7045
53.89, 7044
53.90, 7043
53.92, 7042
53.93, 7041
53.95, 7040
53.97, 7039
53.98, 7038
54.00, 7037
54.01, 7036
54.03, 7035
54.04, 7034
54.06, 7033
57.70, 7032
59.74, 7031
59.79, 7030
59.82, 7029
59.94, 7028
59.98, 7027
60.52, 7026
60.67, 7025
60.84, 7024
60.99, 7023
61.16, 7022
61.18, 7021
61.23, 7020
61.50, 7019
62.01, 7018
62.03, 7017
62.11, 7016
62.17, 7015
62.19, 7014
62.31, 7013
62.71, 7012
62.82, 7011
62.92, 7010
63.07, 7009
63.30, 7008
63.91, 7007
63.96, 7006
63.98, 7005
64.19, 7004
64.75, 7003
65.35, 7002
66.24, 7001
66.30, 7000
66.40, 6999
70.96, 6998
71.61, 6997
72.21, 6996
73.05, 6995
75.29, 6994
75.87, 6993
76.02, 6992
76.14, 6991
76.20, 6990
76.38, 6989
76.40, 6988
76.59, 6987
76.61, 6986
76.90, 6985
77.05, 6984
77.07, 6983
77.20, 6982
77.85, 6981
78.17, 6980
78.26, 6979
78.28, 6978
78.40, 6977
78.61, 6976
78.95, 6975
80.38, 6974
80.39, 6973
80.52, 6972
81.06, 6971
81.55, 6970
81.78, 6969
82.21, 6968
82.85, 6967
83.20, 6966
84.82, 6965
85.37, 6964
85.43, 6963
85.47, 6962
85.54, 6961
87.42, 6960
88.36, 6959
90.05, 6958
94.63, 6957
96.62, 6956
96.91, 6955
100.00, 6954
101.19, 6953
101.23, 6952
101.29, 6951
101.66, 6950
101.95, 6949
103.22, 6948
105.98, 6947
106.72, 6946
125.62, 6945
125.66, 6944
132.93, 6943
133.19, 6942
136.40, 6941
137.37, 6940
137.45, 6939
137.49, 6938
137.58, 6937
137.76, 6936
140.25, 6935
141.24, 6934
143.47, 6933
146.25, 6932
149.73, 6931
153.15, 6930
170.03, 6929
170.27, 6928
172.08, 6927
176.83, 6926
218.41, 6925
223.98, 6924
224.60, 6923
234.27, 6922
265.68, 6921
270.03, 6920
329.63, 6919
362.05, 6918
401.39, 6917
423.83, 6916
455.44, 6915
455.71, 6914
476.29, 6913
476.79, 6912
506.32, 6911
