6.35, 7374
6.38, 7373
6.39, 7372
6.41, 7371
6.43, 7370
6.45, 7369
6.47, 7368
6.48, 7367
6.50, 7366
6.51, 7365
6.54, 7364
6.56, 7363
6.58, 7362
6.59, 7361
6.61, 7360
6.64, 7359
6.66, 7358
6.67, 7357
6.69, 7356
6.71, 7355
6.72, 7354
6.74, 7353
6.75, 7352
6.77, 7351
6.78, 7350
6.80, 7349
6.81, 7348
6.83, 7347
6.85, 7346
10.72, 7345
15.96, 7344
16.61, 7343
16.65, 7342
18.42, 7341
28.49, 7340
30.77, 7339
33.13, 7338
33.17, 7337
33.30, 7336
33.36, 7335
33.49, 7334
33.55, 7333
33.67, 7332
33.71, 7331
33.74, 7330
33.99, 7329
34.04, 7328
34.18, 7327
34.26, 7326
34.44, 7325
34.51, 7324
34.85, 7323
34.90, 7322
35.01, 7321
35.06, 7320
35.17, 7319
35.21, 7318
35.37, 7317
35.41, 7316
35.42, 7315
35.61, 7314
35.75, 7313
35.79, 7312
35.91, 7311
35.95, 7310
36.05, 7309
36.09, 7308
36.10, 7307
36.12, 7306
36.14, 7305
36.29, 7304
36.37, 7303
36.50, 7302
36.55, 7301
36.57, 7300
36.67, 7299
36.71, 7298
36.87, 7297
36.98, 7296
37.03, 7295
37.12, 7294
37.17, 7293
37.19, 7292
37.20, 7291
37.39, 7290
37.51, 7289
37.56, 7288
37.66, 7287
37.83, 7286
37.84, 7285
37.89, 7284
37.91, 7283
38.03, 7282
38.07, 7281
38.20, 7280
38.24, 7279
38.36, 7278
38.42, 7277
38.55, 7276
38.59, 7275
38.60, 7274
38.62, 7273
38.63, 7272
38.64, 7271
38.82, 7270
38.87, 7269
38.99, 7268
39.04, 7267
39.14, 7266
39.20, 7265
39.33, 7264
39.39, 7263
39.40, 7262
39.50, 7261
39.58, 7260
39.72, 7259
39.77, 7258
39.89, 7257
39.93, 7256
40.04, 7255
40.09, 7254
40.11, 7253
40.13, 7252
40.41, 7251
40.47, 7250
40.59, 7249
40.64, 7248
40.78, 7247
40.82, 7246
40.94, 7245
40.99, 7244
41.00, 7243
41.11, 7242
41.15, 7241
41.29, 7240
41.34, 7239
41.47, 7238
41.52, 7237
41.62, 7236
41.67, 7235
41.68, 7234
41.70, 7233
41.73, 7232
41.93, 7231
41.98, 7230
42.09, 7229
42.14, 7228
42.32, 7227
42.39, 7226
42.49, 7225
42.54, 7224
42.55, 7223
42.74, 7222
42.85, 7221
42.90, 7220
43.07, 7219
43.14, 7218
43.38, 7217
43.41, 7216
43.43, 7215
43.54, 7214
43.71, 7213
43.75, 7212
43.85, 7211
43.90, 7210
44.00, 7209
44.04, 7208
44.18, 7207
44.22, 7206
44.24, 7205
44.34, 7204
44.38, 7203
44.50, 7202
44.56, 7201
44.69, 7200
44.75, 7199
44.85, 7198
44.90, 7197
44.91, 7196
44.93, 7195
44.95, 7194
44.96, 7193
45.17, 7192
45.22, 7191
45.46, 7190
45.52, 7189
45.62, 7188
45.74, 7187
45.81, 7186
45.83, 7185
45.94, 7184
45.99, 7183
46.09, 7182
46.16, 7181
46.33, 7180
46.38, 7179
46.58, 7178
46.59, 7177
46.61, 7176
46.68, 7175
46.79, 7174
46.98, 7173
47.03, 7172
47.10, 7171
47.14, 7170
47.18, 7169
47.31, 7168
47.36, 7167
47.38, 7166
47.51, 7165
47.55, 7164
47.65, 7163
47.70, 7162
47.81, 7161
47.99, 7160
48.04, 7159
48.07, 7158
48.09, 7157
48.32, 7156
48.38, 7155
48.49, 7154
48.53, 7153
48.54, 7152
48.65, 7151
48.69, 7150
48.80, 7149
48.84, 7148
48.96, 7147
49.00, 7146
49.11, 7145
49.15, 7144
49.17, 7143
49.18, 7142
49.35, 7141
49.40, 7140
49.59, 7139
49.65, 7138
49.76, 7137
49.80, 7136
49.90, 7135
49.96, 7134
49.97, 7133
50.10, 7132
50.16, 7131
50.31, 7130
50.36, 7129
50.49, 7128
50.53, 7127
50.63, 7126
50.70, 7125
50.72, 7124
50.73, 7123
50.74, 7122
50.76, 7121
50.93, 7120
50.97, 7119
51.07, 7118
51.12, 7117
51.22, 7116
51.26, 7115
51.37, 7114
51.42, 7113
51.43, 7112
51.56, 7111
51.63, 7110
51.85, 7109
51.99, 7108
52.04, 7107
52.14, 7106
52.21, 7105
52.24, 7104
52.25, 7103
52.39, 7102
52.46, 7101
52.61, 7100
52.65, 7099
52.75, 7098
52.79, 7097
52.91, 7096
52.97, 7095
52.99, 7094
53.10, 7093
53.15, 7092
53.26, 7091
53.31, 7090
53.43, 7089
53.48, 7088
53.60, 7087
53.64, 7086
53.66, 7085
53.67, 7084
53.69, 7083
53.83, 7082
53.87, 7081
53.99, 7080
54.04, 7079
54.25, 7078
54.34, 7077
54.39, 7076
54.41, 7075
54.52, 7074
54.56, 7073
54.66, 7072
54.73, 7071
54.85, 7070
54.91, 7069
55.04, 7068
55.09, 7067
55.10, 7066
55.12, 7065
55.30, 7064
55.35, 7063
55.50, 7062
55.55, 7061
55.67, 7060
55.72, 7059
55.83, 7058
55.87, 7057
55.89, 7056
55.99, 7055
56.05, 7054
56.25, 7053
56.29, 7052
56.41, 7051
56.48, 7050
56.60, 7049
56.65, 7048
56.66, 7047
56.68, 7046
56.70, 7045
56.71, 7044
56.73, 7043
56.74, 7042
56.76, 7041
56.79, 7040
56.80, 7039
56.82, 7038
56.83, 7037
56.85, 7036
56.86, 7035
56.88, 7034
56.90, 7033
60.87, 7032
63.54, 7031
63.59, 7030
63.64, 7029
63.79, 7028
63.86, 7027
64.15, 7026
64.17, 7025
64.56, 7024
64.81, 7023
64.88, 7022
64.90, 7021
64.96, 7020
65.58, 7019
66.50, 7018
66.61, 7017
67.00, 7016
67.67, 7015
68.81, 7014
69.65, 7013
69.78, 7012
69.98, 7011
70.24, 7010
73.85, 7009
74.26, 7008
74.98, 7007
75.52, 7006
77.93, 7005
77.98, 7004
78.37, 7003
78.56, 7002
78.63, 7001
78.78, 7000
78.98, 6999
79.00, 6998
79.28, 6997
79.30, 6996
79.52, 6995
79.58, 6994
79.60, 6993
80.06, 6992
80.53, 6991
81.21, 6990
81.36, 6989
81.38, 6988
82.11, 6987
82.24, 6986
82.78, 6985
83.39, 6984
83.41, 6983
83.57, 6982
84.03, 6981
84.13, 6980
84.20, 6979
84.91, 6978
84.99, 6977
85.12, 6976
85.18, 6975
85.24, 6974
85.26, 6973
85.82, 6972
86.23, 6971
86.34, 6970
86.72, 6969
87.86, 6968
89.11, 6967
89.17, 6966
91.94, 6965
92.12, 6964
93.25, 6963
93.74, 6962
95.21, 6961
99.01, 6960
101.06, 6959
103.67, 6958
104.51, 6957
104.60, 6956
105.63, 6955
106.58, 6954
107.99, 6953
108.97, 6952
110.51, 6951
131.54, 6950
131.65, 6949
131.78, 6948
131.94, 6947
132.05, 6946
132.16, 6945
133.21, 6944
135.50, 6943
137.26, 6942
138.85, 6941
139.35, 6940
140.70, 6939
141.05, 6938
141.54, 6937
147.99, 6936
156.14, 6935
158.93, 6934
158.96, 6933
159.11, 6932
160.36, 6931
160.97, 6930
161.67, 6929
205.86, 6928
205.91, 6927
206.03, 6926
214.39, 6925
217.59, 6924
226.34, 6923
227.00, 6922
227.19, 6921
233.98, 6920
234.54, 6919
266.83, 6918
274.09, 6917
280.14, 6916
284.03, 6915
288.85, 6914
291.42, 6913
320.82, 6912
360.81, 6911
571.11, 6910
