6.38, 7374
6.42, 7373
6.43, 7372
6.45, 7371
6.47, 7370
6.48, 7369
6.50, 7368
6.51, 7367
6.52, 7366
6.54, 7365
6.55, 7364
6.57, 7363
6.58, 7362
6.59, 7361
6.61, 7360
6.62, 7359
6.64, 7358
6.65, 7357
6.67, 7356
6.68, 7355
6.70, 7354
6.72, 7353
6.73, 7352
6.75, 7351
6.76, 7350
6.78, 7349
6.79, 7348
6.81, 7347
6.82, 7346
10.31, 7345
15.72, 7344
16.40, 7343
16.45, 7342
18.29, 7341
28.21, 7340
30.58, 7339
33.10, 7338
33.14, 7337
33.24, 7336
33.30, 7335
33.40, 7334
33.44, 7333
33.57, 7332
33.61, 7331
33.63, 7330
33.84, 7329
33.90, 7328
34.07, 7327
34.11, 7326
34.26, 7325
34.29, 7324
34.60, 7323
34.64, 7322
34.80, 7321
34.84, 7320
35.01, 7319
35.05, 7318
35.14, 7317
35.18, 7316
35.20, 7315
35.34, 7314
35.47, 7313
35.51, 7312
35.63, 7311
35.67, 7310
35.77, 7309
35.84, 7308
35.86, 7307
35.87, 7306
35.89, 7305
36.09, 7304
36.13, 7303
36.23, 7302
36.27, 7301
36.29, 7300
36.45, 7299
36.52, 7298
36.65, 7297
36.75, 7296
36.79, 7295
36.89, 7294
36.93, 7293
36.94, 7292
36.95, 7291
37.32, 7290
37.44, 7289
37.48, 7288
37.63, 7287
37.72, 7286
37.80, 7285
37.86, 7284
37.87, 7283
37.98, 7282
38.02, 7281
38.17, 7280
38.28, 7279
38.39, 7278
38.43, 7277
38.53, 7276
38.57, 7275
38.58, 7274
38.60, 7273
38.61, 7272
38.62, 7271
38.76, 7270
38.80, 7269
38.90, 7268
38.94, 7267
39.03, 7266
39.07, 7265
39.17, 7264
39.21, 7263
39.23, 7262
39.33, 7261
39.37, 7260
39.48, 7259
39.52, 7258
39.62, 7257
39.67, 7256
39.77, 7255
39.82, 7254
39.83, 7253
39.84, 7252
39.98, 7251
40.02, 7250
40.12, 7249
40.16, 7248
40.26, 7247
40.30, 7246
40.40, 7245
40.44, 7244
40.45, 7243
40.55, 7242
40.59, 7241
40.69, 7240
40.73, 7239
40.83, 7238
40.87, 7237
40.97, 7236
41.01, 7235
41.03, 7234
41.04, 7233
41.06, 7232
41.20, 7231
41.24, 7230
41.35, 7229
41.39, 7228
41.49, 7227
41.54, 7226
41.65, 7225
41.69, 7224
41.70, 7223
41.90, 7222
41.98, 7221
42.02, 7220
42.12, 7219
42.19, 7218
42.32, 7217
42.34, 7216
42.35, 7215
42.41, 7214
42.53, 7213
42.57, 7212
42.67, 7211
42.71, 7210
42.82, 7209
42.87, 7208
42.97, 7207
43.02, 7206
43.03, 7205
43.13, 7204
43.17, 7203
43.27, 7202
43.32, 7201
43.41, 7200
43.45, 7199
43.56, 7198
43.60, 7197
43.61, 7196
43.62, 7195
43.64, 7194
43.65, 7193
43.83, 7192
43.87, 7191
43.99, 7190
44.23, 7189
44.27, 7188
44.38, 7187
44.42, 7186
44.44, 7185
44.54, 7184
44.58, 7183
44.68, 7182
44.73, 7181
44.83, 7180
44.87, 7179
44.97, 7178
45.01, 7177
45.02, 7176
45.04, 7175
45.19, 7174
45.34, 7173
45.38, 7172
45.45, 7171
45.49, 7170
45.53, 7169
45.62, 7168
45.66, 7167
45.67, 7166
45.77, 7165
45.81, 7164
45.90, 7163
45.95, 7162
46.05, 7161
46.16, 7160
46.20, 7159
46.23, 7158
46.25, 7157
46.47, 7156
46.51, 7155
46.62, 7154
46.66, 7153
46.68, 7152
46.79, 7151
46.83, 7150
46.93, 7149
46.97, 7148
47.07, 7147
47.11, 7146
47.20, 7145
47.24, 7144
47.26, 7143
47.27, 7142
47.41, 7141
47.45, 7140
47.54, 7139
47.59, 7138
47.68, 7137
47.72, 7136
47.83, 7135
47.87, 7134
47.88, 7133
47.98, 7132
48.03, 7131
48.13, 7130
48.17, 7129
48.27, 7128
48.32, 7127
48.42, 7126
48.47, 7125
48.48, 7124
48.50, 7123
48.51, 7122
48.53, 7121
48.66, 7120
48.71, 7119
48.81, 7118
48.85, 7117
48.95, 7116
49.00, 7115
49.12, 7114
49.18, 7113
49.20, 7112
49.34, 7111
49.39, 7110
49.56, 7109
49.70, 7108
49.74, 7107
49.88, 7106
49.92, 7105
49.94, 7104
49.95, 7103
50.12, 7102
50.16, 7101
50.25, 7100
50.30, 7099
50.40, 7098
50.47, 7097
50.58, 7096
50.63, 7095
50.64, 7094
50.74, 7093
50.79, 7092
50.89, 7091
50.93, 7090
51.04, 7089
51.09, 7088
51.19, 7087
51.23, 7086
51.25, 7085
51.26, 7084
51.28, 7083
51.43, 7082
51.47, 7081
51.58, 7080
51.62, 7079
51.76, 7078
51.89, 7077
51.93, 7076
51.95, 7075
52.05, 7074
52.09, 7073
52.20, 7072
52.25, 7071
52.37, 7070
52.41, 7069
52.50, 7068
52.55, 7067
52.56, 7066
52.57, 7065
52.71, 7064
52.76, 7063
52.86, 7062
52.90, 7061
53.00, 7060
53.04, 7059
53.13, 7058
53.17, 7057
53.19, 7056
53.29, 7055
53.33, 7054
53.42, 7053
53.46, 7052
53.56, 7051
53.61, 7050
53.73, 7049
53.77, 7048
53.79, 7047
53.81, 7046
53.83, 7045
53.85, 7044
53.87, 7043
53.88, 7042
53.89, 7041
53.91, 7040
53.92, 7039
53.94, 7038
53.96, 7037
53.98, 7036
54.00, 7035
54.02, 7034
54.03, 7033
57.18, 7032
58.99, 7031
59.03, 7030
59.35, 7029
59.40, 7028
59.68, 7027
59.89, 7026
60.41, 7025
60.56, 7024
60.59, 7023
60.66, 7022
60.67, 7021
60.73, 7020
61.38, 7019
62.01, 7018
62.22, 7017
62.39, 7016
62.98, 7015
64.52, 7014
64.98, 7013
65.00, 7012
65.18, 7011
65.30, 7010
67.39, 7009
68.98, 7008
69.64, 7007
70.27, 7006
72.20, 7005
72.56, 7004
73.31, 7003
73.44, 7002
73.49, 7001
73.55, 7000
73.57, 6999
73.69, 6998
73.74, 6997
73.85, 6996
73.87, 6995
74.17, 6994
74.19, 6993
74.36, 6992
74.48, 6991
74.49, 6990
74.77, 6989
75.30, 6988
75.64, 6987
75.84, 6986
75.85, 6985
76.10, 6984
76.66, 6983
77.54, 6982
77.59, 6981
78.02, 6980
78.04, 6979
78.14, 6978
78.80, 6977
78.92, 6976
79.10, 6975
79.38, 6974
80.09, 6973
80.34, 6972
81.46, 6971
82.18, 6970
82.30, 6969
84.20, 6968
84.29, 6967
84.64, 6966
84.83, 6965
85.80, 6964
86.56, 6963
86.96, 6962
89.71, 6961
90.26, 6960
90.31, 6959
90.80, 6958
90.97, 6957
91.88, 6956
94.52, 6955
96.38, 6954
97.99, 6953
101.17, 6952
104.82, 6951
104.84, 6950
118.20, 6949
118.56, 6948
118.75, 6947
119.12, 6946
119.17, 6945
120.32, 6944
125.35, 6943
125.63, 6942
126.21, 6941
127.78, 6940
131.74, 6939
133.37, 6938
138.81, 6937
139.34, 6936
153.69, 6935
156.26, 6934
156.36, 6933
156.38, 6932
156.74, 6931
192.93, 6930
193.60, 6929
193.70, 6928
198.02, 6927
208.23, 6926
209.12, 6925
211.52, 6924
230.65, 6923
245.49, 6922
318.39, 6921
319.17, 6920
319.95, 6919
323.55, 6918
333.01, 6917
336.53, 6916
358.26, 6915
361.28, 6914
366.86, 6913
401.98, 6912
402.11, 6911
411.72, 6910
