5.50, 7374
5.52, 7373
5.54, 7372
5.55, 7371
5.56, 7370
5.58, 7369
5.59, 7368
5.60, 7367
5.62, 7366
5.63, 7365
5.64, 7364
5.66, 7363
5.67, 7362
5.68, 7361
5.69, 7360
5.71, 7359
5.72, 7358
5.73, 7357
5.75, 7356
5.76, 7355
5.77, 7354
5.79, 7353
5.80, 7352
5.81, 7351
5.83, 7350
5.84, 7349
5.86, 7348
5.87, 7347
5.88, 7346
9.98, 7345
13.80, 7344
14.39, 7343
14.44, 7342
16.06, 7341
24.38, 7340
26.15, 7339
28.02, 7338
28.06, 7337
28.15, 7336
28.20, 7335
28.30, 7334
28.35, 7333
28.45, 7332
28.50, 7331
28.51, 7330
28.70, 7329
28.74, 7328
28.84, 7327
28.88, 7326
29.02, 7325
29.06, 7324
29.30, 7323
29.34, 7322
29.45, 7321
29.59, 7320
29.64, 7319
29.68, 7318
29.79, 7317
29.83, 7316
29.84, 7315
29.94, 7314
30.08, 7313
30.12, 7312
30.23, 7311
30.27, 7310
30.37, 7309
30.41, 7308
30.42, 7307
30.43, 7306
30.45, 7305
30.59, 7304
30.63, 7303
30.72, 7302
30.76, 7301
30.77, 7300
30.87, 7299
30.91, 7298
31.06, 7297
31.16, 7296
31.20, 7295
31.31, 7294
31.35, 7293
31.37, 7292
31.38, 7291
31.57, 7290
31.70, 7289
31.74, 7288
31.84, 7287
31.92, 7286
32.00, 7285
32.04, 7284
32.06, 7283
32.15, 7282
32.19, 7281
32.29, 7280
32.33, 7279
32.44, 7278
32.48, 7277
32.59, 7276
32.63, 7275
32.64, 7274
32.65, 7273
32.67, 7272
32.68, 7271
32.81, 7270
32.85, 7269
32.96, 7268
33.00, 7267
33.10, 7266
33.15, 7265
33.25, 7264
33.30, 7263
33.31, 7262
33.40, 7261
33.44, 7260
33.55, 7259
33.59, 7258
33.71, 7257
33.75, 7256
33.85, 7255
33.90, 7254
33.91, 7253
33.92, 7252
34.07, 7251
34.11, 7250
34.21, 7249
34.26, 7248
34.36, 7247
34.40, 7246
34.50, 7245
34.54, 7244
34.55, 7243
34.65, 7242
34.72, 7241
34.83, 7240
34.89, 7239
35.03, 7238
35.08, 7237
35.17, 7236
35.22, 7235
35.25, 7234
35.25, 7233
35.28, 7232
35.45, 7231
35.52, 7230
35.69, 7229
35.76, 7228
35.93, 7227
36.01, 7226
36.18, 7225
36.25, 7224
36.27, 7223
36.51, 7222
36.71, 7221
36.79, 7220
36.96, 7219
37.04, 7218
37.28, 7217
37.33, 7216
37.35, 7215
37.37, 7214
37.54, 7213
37.58, 7212
37.69, 7211
37.73, 7210
37.83, 7209
37.88, 7208
37.98, 7207
38.02, 7206
38.04, 7205
38.14, 7204
38.18, 7203
38.28, 7202
38.32, 7201
38.42, 7200
38.47, 7199
38.57, 7198
38.62, 7197
38.63, 7196
38.64, 7195
38.65, 7194
38.67, 7193
38.80, 7192
38.84, 7191
38.99, 7190
39.19, 7189
39.23, 7188
39.33, 7187
39.37, 7186
39.38, 7185
39.48, 7184
39.52, 7183
39.62, 7182
39.67, 7181
39.77, 7180
39.81, 7179
39.92, 7178
39.97, 7177
39.98, 7176
39.99, 7175
40.14, 7174
40.32, 7173
40.37, 7172
40.44, 7171
40.48, 7170
40.52, 7169
40.62, 7168
40.67, 7167
40.68, 7166
40.77, 7165
40.82, 7164
40.92, 7163
40.96, 7162
41.06, 7161
41.19, 7160
41.23, 7159
41.25, 7158
41.27, 7157
41.48, 7156
41.52, 7155
41.62, 7154
41.66, 7153
41.68, 7152
41.77, 7151
41.81, 7150
41.92, 7149
41.97, 7148
42.06, 7147
42.10, 7146
42.20, 7145
42.24, 7144
42.25, 7143
42.27, 7142
42.40, 7141
42.47, 7140
42.64, 7139
42.71, 7138
42.88, 7137
42.95, 7136
43.12, 7135
43.19, 7134
43.21, 7133
43.36, 7132
43.40, 7131
43.50, 7130
43.54, 7129
43.64, 7128
43.69, 7127
43.79, 7126
43.84, 7125
43.85, 7124
43.86, 7123
43.88, 7122
43.89, 7121
44.03, 7120
44.07, 7119
44.17, 7118
44.22, 7117
44.32, 7116
44.36, 7115
44.46, 7114
44.50, 7113
44.51, 7112
44.60, 7111
44.64, 7110
44.81, 7109
44.90, 7108
44.95, 7107
45.05, 7106
45.09, 7105
45.10, 7104
45.11, 7103
45.25, 7102
45.30, 7101
45.39, 7100
45.43, 7099
45.53, 7098
45.57, 7097
45.67, 7096
45.71, 7095
45.72, 7094
45.82, 7093
45.86, 7092
45.95, 7091
45.99, 7090
46.10, 7089
46.14, 7088
46.25, 7087
46.29, 7086
46.30, 7085
46.32, 7084
46.33, 7083
46.47, 7082
46.51, 7081
46.62, 7080
46.66, 7079
46.84, 7078
46.93, 7077
46.97, 7076
46.98, 7075
47.08, 7074
47.12, 7073
47.22, 7072
47.26, 7071
47.36, 7070
47.40, 7069
47.49, 7068
47.53, 7067
47.54, 7066
47.56, 7065
47.69, 7064
47.73, 7063
47.82, 7062
47.86, 7061
47.96, 7060
48.00, 7059
48.09, 7058
48.13, 7057
48.14, 7056
48.24, 7055
48.28, 7054
48.38, 7053
48.42, 7052
48.52, 7051
48.57, 7050
48.67, 7049
48.71, 7048
48.73, 7047
48.75, 7046
48.76, 7045
48.78, 7044
48.79, 7043
48.81, 7042
48.82, 7041
48.83, 7040
48.85, 7039
48.87, 7038
48.88, 7037
48.90, 7036
48.91, 7035
48.93, 7034
48.94, 7033
53.76, 7032
53.79, 7031
53.90, 7030
54.06, 7029
54.26, 7028
55.46, 7027
55.64, 7026
55.71, 7025
55.79, 7024
55.80, 7023
55.85, 7022
56.29, 7021
56.40, 7020
56.53, 7019
57.98, 7018
58.14, 7017
58.17, 7016
58.28, 7015
58.39, 7014
58.73, 7013
58.92, 7012
60.02, 7011
60.61, 7010
60.72, 7009
62.65, 7008
63.07, 7007
63.12, 7006
63.22, 7005
65.34, 7004
68.01, 7003
69.05, 7002
69.21, 7001
70.70, 7000
70.96, 6999
71.18, 6998
71.22, 6997
71.26, 6996
71.44, 6995
71.57, 6994
71.64, 6993
71.82, 6992
71.84, 6991
72.19, 6990
72.21, 6989
72.44, 6988
72.52, 6987
72.56, 6986
72.58, 6985
72.70, 6984
73.25, 6983
73.38, 6982
73.40, 6981
73.61, 6980
73.73, 6979
73.89, 6978
73.91, 6977
73.94, 6976
74.69, 6975
75.96, 6974
75.98, 6973
76.18, 6972
76.61, 6971
76.97, 6970
77.00, 6969
77.97, 6968
78.05, 6967
78.13, 6966
78.17, 6965
78.31, 6964
78.40, 6963
78.56, 6962
79.08, 6961
79.13, 6960
79.76, 6959
80.47, 6958
81.15, 6957
81.39, 6956
82.25, 6955
85.57, 6954
86.03, 6953
89.42, 6952
89.49, 6951
89.50, 6950
93.68, 6949
100.33, 6948
101.31, 6947
102.58, 6946
102.67, 6945
106.39, 6944
115.21, 6943
115.41, 6942
116.57, 6941
116.92, 6940
117.82, 6939
118.75, 6938
122.02, 6937
122.52, 6936
123.07, 6935
123.11, 6934
123.22, 6933
123.49, 6932
126.06, 6931
128.66, 6930
131.37, 6929
131.99, 6928
135.71, 6927
139.30, 6926
142.01, 6925
150.39, 6924
180.04, 6923
186.08, 6922
188.02, 6921
188.50, 6920
225.19, 6919
258.42, 6918
273.12, 6917
273.20, 6916
327.90, 6915
466.50, 6914
507.11, 6913
569.75, 6912
