6.12, 7374
6.15, 7373
6.17, 7372
6.18, 7371
6.19, 7370
6.21, 7369
6.22, 7368
6.24, 7367
6.25, 7366
6.27, 7365
6.28, 7364
6.30, 7363
6.32, 7362
6.34, 7361
6.37, 7360
6.39, 7359
6.40, 7358
6.42, 7357
6.43, 7356
6.45, 7355
6.46, 7354
6.48, 7353
6.49, 7352
6.50, 7351
6.52, 7350
6.53, 7349
6.55, 7348
6.56, 7347
6.58, 7346
10.34, 7345
15.45, 7344
16.16, 7343
16.24, 7342
18.04, 7341
27.74, 7340
29.66, 7339
32.05, 7338
32.12, 7337
32.24, 7336
32.29, 7335
32.40, 7334
32.44, 7333
32.54, 7332
32.58, 7331
32.59, 7330
32.83, 7329
32.90, 7328
33.06, 7327
33.10, 7326
33.31, 7325
33.34, 7324
33.79, 7323
33.84, 7322
33.94, 7321
33.98, 7320
34.11, 7319
34.15, 7318
34.26, 7317
34.30, 7316
34.32, 7315
34.47, 7314
34.72, 7313
34.79, 7312
34.96, 7311
35.00, 7310
35.10, 7309
35.14, 7308
35.15, 7307
35.17, 7306
35.18, 7305
35.33, 7304
35.37, 7303
35.48, 7302
35.53, 7301
35.55, 7300
35.68, 7299
35.72, 7298
35.90, 7297
36.00, 7296
36.04, 7295
36.15, 7294
36.19, 7293
36.20, 7292
36.22, 7291
36.42, 7290
36.61, 7289
36.68, 7288
36.78, 7287
36.95, 7286
36.99, 7285
37.04, 7284
37.05, 7283
37.18, 7282
37.23, 7281
37.38, 7280
37.42, 7279
37.59, 7278
37.67, 7277
37.85, 7276
37.92, 7275
37.94, 7274
37.97, 7273
37.99, 7272
38.01, 7271
38.16, 7270
38.24, 7269
38.42, 7268
38.47, 7267
38.56, 7266
38.60, 7265
38.70, 7264
38.74, 7263
38.76, 7262
38.86, 7261
38.93, 7260
39.07, 7259
39.13, 7258
39.25, 7257
39.33, 7256
39.44, 7255
39.48, 7254
39.50, 7253
39.52, 7252
39.78, 7251
39.82, 7250
39.96, 7249
40.01, 7248
40.11, 7247
40.15, 7246
40.27, 7245
40.32, 7244
40.33, 7243
40.43, 7242
40.47, 7241
40.57, 7240
40.61, 7239
40.71, 7238
40.75, 7237
40.86, 7236
40.90, 7235
40.91, 7234
40.93, 7233
40.94, 7232
41.13, 7231
41.20, 7230
41.30, 7229
41.35, 7228
41.46, 7227
41.50, 7226
41.67, 7225
41.74, 7224
41.76, 7223
41.98, 7222
42.19, 7221
42.26, 7220
42.45, 7219
42.53, 7218
42.67, 7217
42.68, 7216
42.70, 7215
42.75, 7214
42.88, 7213
42.92, 7212
43.03, 7211
43.07, 7210
43.17, 7209
43.21, 7208
43.30, 7207
43.35, 7206
43.36, 7205
43.46, 7204
43.50, 7203
43.61, 7202
43.65, 7201
43.76, 7200
43.80, 7199
43.91, 7198
43.95, 7197
43.96, 7196
43.98, 7195
43.99, 7194
44.01, 7193
44.19, 7192
44.23, 7191
44.51, 7190
44.55, 7189
44.59, 7188
44.74, 7187
44.78, 7186
44.79, 7185
44.94, 7184
44.98, 7183
45.08, 7182
45.13, 7181
45.25, 7180
45.29, 7179
45.49, 7178
45.52, 7177
45.53, 7176
45.61, 7175
45.83, 7174
46.08, 7173
46.15, 7172
46.25, 7171
46.26, 7170
46.30, 7169
46.42, 7168
46.49, 7167
46.52, 7166
46.70, 7165
46.76, 7164
46.92, 7163
46.97, 7162
47.12, 7161
47.23, 7160
47.27, 7159
47.30, 7158
47.32, 7157
47.62, 7156
47.69, 7155
47.79, 7154
47.86, 7153
47.89, 7152
48.00, 7151
48.04, 7150
48.14, 7149
48.18, 7148
48.28, 7147
48.32, 7146
48.42, 7145
48.47, 7144
48.48, 7143
48.49, 7142
48.70, 7141
48.74, 7140
48.85, 7139
48.92, 7138
49.06, 7137
49.11, 7136
49.21, 7135
49.25, 7134
49.27, 7133
49.41, 7132
49.48, 7131
49.61, 7130
49.67, 7129
49.76, 7128
49.80, 7127
49.90, 7126
49.95, 7125
49.96, 7124
49.97, 7123
49.99, 7122
50.00, 7121
50.23, 7120
50.28, 7119
50.42, 7118
50.46, 7117
50.57, 7116
50.61, 7115
50.72, 7114
50.78, 7113
50.80, 7112
50.93, 7111
50.99, 7110
51.17, 7109
51.24, 7108
51.28, 7107
51.42, 7106
51.50, 7105
51.52, 7104
51.54, 7103
51.70, 7102
51.76, 7101
51.87, 7100
51.91, 7099
52.05, 7098
52.10, 7097
52.19, 7096
52.23, 7095
52.25, 7094
52.34, 7093
52.38, 7092
52.52, 7091
52.58, 7090
52.68, 7089
52.72, 7088
52.82, 7087
52.87, 7086
52.89, 7085
52.91, 7084
52.93, 7083
53.09, 7082
53.14, 7081
53.25, 7080
53.29, 7079
53.49, 7078
53.70, 7077
53.74, 7076
53.76, 7075
53.86, 7074
53.92, 7073
54.06, 7072
54.13, 7071
54.26, 7070
54.33, 7069
54.52, 7068
54.60, 7067
54.62, 7066
54.65, 7065
54.83, 7064
54.90, 7063
55.06, 7062
55.10, 7061
55.23, 7060
55.27, 7059
55.36, 7058
55.40, 7057
55.42, 7056
55.55, 7055
55.61, 7054
55.72, 7053
55.76, 7052
55.86, 7051
55.93, 7050
56.07, 7049
56.15, 7048
56.17, 7047
56.20, 7046
56.21, 7045
56.23, 7044
56.25, 7043
56.26, 7042
56.28, 7041
56.29, 7040
56.31, 7039
56.32, 7038
56.34, 7037
56.36, 7036
56.37, 7035
56.39, 7034
56.41, 7033
58.10, 7032
61.16, 7031
63.57, 7030
63.63, 7029
63.84, 7028
64.00, 7027
64.18, 7026
64.92, 7025
64.99, 7024
65.09, 7023
65.26, 7022
65.30, 7021
65.36, 7020
66.29, 7019
66.35, 7018
66.37, 7017
66.40, 7016
67.13, 7015
67.21, 7014
67.45, 7013
67.86, 7012
68.55, 7011
68.65, 7010
68.71, 7009
68.74, 7008
70.35, 7007
71.31, 7006
71.42, 7005
71.45, 7004
74.20, 7003
75.67, 7002
77.27, 7001
77.98, 7000
78.47, 6999
80.35, 6998
80.45, 6997
81.18, 6996
81.26, 6995
81.35, 6994
81.43, 6993
81.54, 6992
81.56, 6991
81.78, 6990
81.81, 6989
82.12, 6988
82.18, 6987
82.19, 6986
82.47, 6985
83.30, 6984
83.39, 6983
83.47, 6982
83.58, 6981
83.73, 6980
83.83, 6979
83.88, 6978
83.89, 6977
84.78, 6976
85.95, 6975
86.01, 6974
86.61, 6973
86.79, 6972
86.81, 6971
87.00, 6970
87.97, 6969
88.00, 6968
88.40, 6967
89.23, 6966
89.43, 6965
89.75, 6964
89.82, 6963
90.31, 6962
91.12, 6961
91.17, 6960
92.08, 6959
92.31, 6958
92.60, 6957
94.88, 6956
95.95, 6955
97.75, 6954
98.83, 6953
98.93, 6952
102.78, 6951
119.36, 6950
124.51, 6949
124.54, 6948
125.13, 6947
125.19, 6946
127.72, 6945
127.84, 6944
131.82, 6943
132.76, 6942
133.59, 6941
135.66, 6940
135.77, 6939
136.12, 6938
137.23, 6937
139.78, 6936
139.83, 6935
139.92, 6934
140.07, 6933
140.09, 6932
140.71, 6931
142.55, 6930
145.46, 6929
150.83, 6928
195.35, 6927
205.22, 6926
213.89, 6925
217.02, 6924
269.18, 6923
300.38, 6922
316.49, 6921
360.62, 6920
361.13, 6919
367.71, 6918
367.87, 6917
423.39, 6916
459.14, 6915
474.07, 6914
