5.79, 7374
5.81, 7373
5.82, 7372
5.84, 7371
5.85, 7370
5.87, 7369
5.88, 7368
5.89, 7367
5.91, 7366
5.92, 7365
5.93, 7364
5.95, 7363
5.96, 7362
5.97, 7361
5.99, 7360
6.00, 7359
6.01, 7358
6.03, 7357
6.04, 7356
6.05, 7355
6.07, 7354
6.08, 7353
6.10, 7352
6.11, 7351
6.12, 7350
6.14, 7349
6.15, 7348
6.16, 7347
6.18, 7346
10.65, 7345
14.59, 7344
15.04, 7343
15.08, 7342
16.45, 7341
24.27, 7340
25.92, 7339
27.73, 7338
27.77, 7337
27.86, 7336
27.90, 7335
27.99, 7334
28.04, 7333
28.13, 7332
28.17, 7331
28.18, 7330
28.37, 7329
28.41, 7328
28.50, 7327
28.54, 7326
28.67, 7325
28.69, 7324
28.97, 7323
29.01, 7322
29.10, 7321
29.22, 7320
29.26, 7319
29.30, 7318
29.39, 7317
29.43, 7316
29.45, 7315
29.54, 7314
29.78, 7313
29.85, 7312
30.01, 7311
30.07, 7310
30.16, 7309
30.20, 7308
30.21, 7307
30.23, 7306
30.24, 7305
30.38, 7304
30.43, 7303
30.53, 7302
30.57, 7301
30.58, 7300
30.68, 7299
30.72, 7298
30.85, 7297
30.94, 7296
30.98, 7295
31.08, 7294
31.12, 7293
31.13, 7292
31.15, 7291
31.32, 7290
31.44, 7289
31.48, 7288
31.58, 7287
31.68, 7286
31.77, 7285
31.81, 7284
31.83, 7283
31.95, 7282
31.99, 7281
32.08, 7280
32.12, 7279
32.22, 7278
32.26, 7277
32.36, 7276
32.40, 7275
32.41, 7274
32.42, 7273
32.44, 7272
32.45, 7271
32.58, 7270
32.62, 7269
32.74, 7268
32.78, 7267
32.88, 7266
32.92, 7265
33.02, 7264
33.06, 7263
33.07, 7262
33.17, 7261
33.21, 7260
33.30, 7259
33.35, 7258
33.45, 7257
33.50, 7256
33.59, 7255
33.63, 7254
33.64, 7253
33.66, 7252
33.79, 7251
33.83, 7250
33.92, 7249
33.96, 7248
34.06, 7247
34.10, 7246
34.19, 7245
34.23, 7244
34.25, 7243
34.35, 7242
34.39, 7241
34.50, 7240
34.55, 7239
34.66, 7238
34.70, 7237
34.81, 7236
34.85, 7235
34.86, 7234
34.88, 7233
34.89, 7232
35.05, 7231
35.09, 7230
35.18, 7229
35.22, 7228
35.33, 7227
35.37, 7226
35.47, 7225
35.52, 7224
35.53, 7223
35.68, 7222
35.81, 7221
35.85, 7220
35.96, 7219
36.00, 7218
36.12, 7217
36.13, 7216
36.15, 7215
36.24, 7214
36.35, 7213
36.39, 7212
36.50, 7211
36.55, 7210
36.65, 7209
36.69, 7208
36.86, 7207
36.91, 7206
36.94, 7205
37.04, 7204
37.09, 7203
37.19, 7202
37.24, 7201
37.33, 7200
37.37, 7199
37.47, 7198
37.51, 7197
37.53, 7196
37.54, 7195
37.55, 7194
37.57, 7193
37.71, 7192
37.78, 7191
38.01, 7190
38.15, 7189
38.19, 7188
38.31, 7187
38.34, 7186
38.36, 7185
38.46, 7184
38.50, 7183
38.61, 7182
38.66, 7181
38.76, 7180
38.81, 7179
38.91, 7178
38.96, 7177
38.97, 7176
38.98, 7175
39.13, 7174
39.27, 7173
39.31, 7172
39.38, 7171
39.43, 7170
39.48, 7169
39.58, 7168
39.62, 7167
39.64, 7166
39.73, 7165
39.78, 7164
39.92, 7163
39.98, 7162
40.09, 7161
40.22, 7160
40.26, 7159
40.29, 7158
40.30, 7157
40.52, 7156
40.57, 7155
40.71, 7154
40.79, 7153
40.82, 7152
40.99, 7151
41.06, 7150
41.24, 7149
41.31, 7148
41.46, 7147
41.51, 7146
41.61, 7145
41.65, 7144
41.66, 7143
41.68, 7142
41.84, 7141
41.88, 7140
42.00, 7139
42.05, 7138
42.16, 7137
42.20, 7136
42.31, 7135
42.36, 7134
42.37, 7133
42.56, 7132
42.64, 7131
42.81, 7130
42.88, 7129
43.03, 7128
43.08, 7127
43.19, 7126
43.27, 7125
43.29, 7124
43.32, 7123
43.33, 7122
43.35, 7121
43.49, 7120
43.54, 7119
43.67, 7118
43.71, 7117
43.81, 7116
43.85, 7115
43.96, 7114
44.00, 7113
44.01, 7112
44.11, 7111
44.15, 7110
44.28, 7109
44.41, 7108
44.47, 7107
44.60, 7106
44.68, 7105
44.70, 7104
44.72, 7103
44.87, 7102
44.92, 7101
45.04, 7100
45.09, 7099
45.21, 7098
45.26, 7097
45.45, 7096
45.53, 7095
45.55, 7094
45.74, 7093
45.80, 7092
45.90, 7091
45.97, 7090
46.16, 7089
46.23, 7088
46.36, 7087
46.40, 7086
46.42, 7085
46.43, 7084
46.45, 7083
46.60, 7082
46.65, 7081
46.77, 7080
46.81, 7079
46.98, 7078
47.16, 7077
47.21, 7076
47.22, 7075
47.32, 7074
47.36, 7073
47.47, 7072
47.51, 7071
47.62, 7070
47.66, 7069
47.77, 7068
47.81, 7067
47.83, 7066
47.84, 7065
48.00, 7064
48.05, 7063
48.16, 7062
48.20, 7061
48.30, 7060
48.34, 7059
48.44, 7058
48.48, 7057
48.50, 7056
48.60, 7055
48.64, 7054
48.73, 7053
48.77, 7052
48.87, 7051
48.91, 7050
49.01, 7049
49.05, 7048
49.07, 7047
49.08, 7046
49.10, 7045
49.11, 7044
49.13, 7043
49.14, 7042
49.16, 7041
49.17, 7040
49.19, 7039
49.21, 7038
49.22, 7037
49.24, 7036
49.26, 7035
49.27, 7034
49.29, 7033
53.53, 7032
54.97, 7031
55.02, 7030
55.06, 7029
55.18, 7028
55.22, 7027
55.53, 7026
55.88, 7025
56.15, 7024
56.21, 7023
56.30, 7022
56.32, 7021
56.38, 7020
56.67, 7019
57.25, 7018
57.31, 7017
57.38, 7016
57.39, 7015
57.99, 7014
58.00, 7013
58.15, 7012
58.36, 7011
58.71, 7010
59.57, 7009
60.10, 7008
60.76, 7007
61.71, 7006
62.57, 7005
62.60, 7004
62.68, 7003
65.43, 7002
66.82, 7001
67.11, 7000
68.02, 6999
68.67, 6998
68.74, 6997
70.67, 6996
71.00, 6995
71.04, 6994
71.09, 6993
71.10, 6992
71.29, 6991
71.43, 6990
71.47, 6989
71.65, 6988
71.67, 6987
72.10, 6986
72.12, 6985
72.33, 6984
72.39, 6983
72.41, 6982
72.98, 6981
74.25, 6980
74.29, 6979
74.31, 6978
74.93, 6977
75.89, 6976
77.05, 6975
77.07, 6974
77.28, 6973
77.71, 6972
78.00, 6971
78.04, 6970
78.19, 6969
78.92, 6968
78.97, 6967
79.03, 6966
79.16, 6965
79.17, 6964
79.59, 6963
79.69, 6962
79.85, 6961
80.82, 6960
80.99, 6959
81.72, 6958
82.12, 6957
82.42, 6956
83.44, 6955
84.46, 6954
84.65, 6953
85.91, 6952
85.97, 6951
87.52, 6950
88.14, 6949
95.23, 6948
95.89, 6947
95.91, 6946
95.98, 6945
97.38, 6944
100.90, 6943
103.61, 6942
104.57, 6941
120.36, 6940
121.17, 6939
121.58, 6938
121.63, 6937
121.73, 6936
122.55, 6935
122.92, 6934
124.44, 6933
134.36, 6932
136.68, 6931
143.01, 6930
145.78, 6929
146.13, 6928
150.96, 6927
156.41, 6926
156.43, 6925
171.97, 6924
192.88, 6923
200.52, 6922
201.31, 6921
215.75, 6920
217.74, 6919
259.22, 6918
263.74, 6917
283.44, 6916
309.17, 6915
435.12, 6914
482.31, 6913
569.64, 6912
