5.43, 7374
5.45, 7373
5.47, 7372
5.48, 7371
5.49, 7370
5.51, 7369
5.52, 7368
5.53, 7367
5.55, 7366
5.56, 7365
5.57, 7364
5.59, 7363
5.60, 7362
5.61, 7361
5.62, 7360
5.64, 7359
5.65, 7358
5.66, 7357
5.68, 7356
5.69, 7355
5.70, 7354
5.72, 7353
5.73, 7352
5.74, 7351
5.75, 7350
5.77, 7349
5.78, 7348
5.80, 7347
5.81, 7346
8.72, 7345
12.60, 7344
13.19, 7343
13.23, 7342
14.69, 7341
22.23, 7340
24.03, 7339
25.94, 7338
25.98, 7337
26.07, 7336
26.11, 7335
26.20, 7334
26.24, 7333
26.34, 7332
26.37, 7331
26.39, 7330
26.57, 7329
26.61, 7328
26.71, 7327
26.75, 7326
26.88, 7325
26.91, 7324
27.16, 7323
27.22, 7322
27.32, 7321
27.43, 7320
27.49, 7319
27.53, 7318
27.62, 7317
27.67, 7316
27.70, 7315
27.80, 7314
27.93, 7313
27.98, 7312
28.07, 7311
28.11, 7310
28.22, 7309
28.27, 7308
28.28, 7307
28.29, 7306
28.31, 7305
28.44, 7304
28.48, 7303
28.59, 7302
28.63, 7301
28.64, 7300
28.74, 7299
28.78, 7298
28.92, 7297
29.02, 7296
29.06, 7295
29.15, 7294
29.19, 7293
29.20, 7292
29.22, 7291
29.41, 7290
29.51, 7289
29.56, 7288
29.66, 7287
29.74, 7286
29.82, 7285
29.86, 7284
29.87, 7283
29.96, 7282
30.00, 7281
30.10, 7280
30.15, 7279
30.25, 7278
30.29, 7277
30.39, 7276
30.43, 7275
30.44, 7274
30.45, 7273
30.46, 7272
30.48, 7271
30.62, 7270
30.66, 7269
30.75, 7268
30.80, 7267
30.90, 7266
30.95, 7265
31.08, 7264
31.12, 7263
31.13, 7262
31.22, 7261
31.26, 7260
31.36, 7259
31.40, 7258
31.50, 7257
31.54, 7256
31.65, 7255
31.69, 7254
31.70, 7253
31.71, 7252
31.84, 7251
31.88, 7250
31.98, 7249
32.02, 7248
32.12, 7247
32.16, 7246
32.25, 7245
32.29, 7244
32.30, 7243
32.39, 7242
32.43, 7241
32.53, 7240
32.57, 7239
32.67, 7238
32.72, 7237
32.82, 7236
32.86, 7235
32.87, 7234
32.88, 7233
32.90, 7232
33.04, 7231
33.08, 7230
33.18, 7229
33.23, 7228
33.33, 7227
33.37, 7226
33.47, 7225
33.52, 7224
33.53, 7223
33.67, 7222
33.80, 7221
33.84, 7220
33.95, 7219
33.99, 7218
34.13, 7217
34.15, 7216
34.16, 7215
34.20, 7214
34.34, 7213
34.38, 7212
34.48, 7211
34.52, 7210
34.61, 7209
34.65, 7208
34.75, 7207
34.80, 7206
34.81, 7205
34.90, 7204
34.94, 7203
35.03, 7202
35.07, 7201
35.17, 7200
35.21, 7199
35.31, 7198
35.35, 7197
35.37, 7196
35.38, 7195
35.39, 7194
35.40, 7193
35.54, 7192
35.58, 7191
35.70, 7190
35.88, 7189
35.92, 7188
36.02, 7187
36.07, 7186
36.08, 7185
36.17, 7184
36.21, 7183
36.32, 7182
36.36, 7181
36.45, 7180
36.49, 7179
36.63, 7178
36.66, 7177
36.67, 7176
36.68, 7175
36.82, 7174
36.97, 7173
37.01, 7172
37.11, 7171
37.12, 7170
37.16, 7169
37.25, 7168
37.30, 7167
37.31, 7166
37.41, 7165
37.45, 7164
37.55, 7163
37.60, 7162
37.70, 7161
37.83, 7160
37.87, 7159
37.90, 7158
37.91, 7157
38.10, 7156
38.15, 7155
38.25, 7154
38.29, 7153
38.31, 7152
38.40, 7151
38.44, 7150
38.54, 7149
38.58, 7148
38.68, 7147
38.73, 7146
38.83, 7145
38.87, 7144
38.89, 7143
38.90, 7142
39.05, 7141
39.09, 7140
39.18, 7139
39.22, 7138
39.31, 7137
39.35, 7136
39.45, 7135
39.49, 7134
39.50, 7133
39.59, 7132
39.63, 7131
39.73, 7130
39.77, 7129
39.87, 7128
39.92, 7127
40.02, 7126
40.06, 7125
40.07, 7124
40.08, 7123
40.10, 7122
40.11, 7121
40.24, 7120
40.28, 7119
40.38, 7118
40.42, 7117
40.52, 7116
40.56, 7115
40.66, 7114
40.70, 7113
40.71, 7112
40.80, 7111
40.86, 7110
41.09, 7109
41.28, 7108
41.32, 7107
41.42, 7106
41.48, 7105
41.50, 7104
41.53, 7103
41.76, 7102
41.83, 7101
41.99, 7100
42.06, 7099
42.23, 7098
42.30, 7097
42.46, 7096
42.53, 7095
42.55, 7094
42.68, 7093
42.72, 7092
42.82, 7091
42.85, 7090
42.95, 7089
42.99, 7088
43.08, 7087
43.12, 7086
43.13, 7085
43.15, 7084
43.16, 7083
43.29, 7082
43.34, 7081
43.44, 7080
43.48, 7079
43.61, 7078
43.74, 7077
43.79, 7076
43.80, 7075
43.89, 7074
43.93, 7073
44.03, 7072
44.08, 7071
44.17, 7070
44.21, 7069
44.30, 7068
44.34, 7067
44.35, 7066
44.36, 7065
44.50, 7064
44.54, 7063
44.63, 7062
44.67, 7061
44.77, 7060
44.81, 7059
44.91, 7058
44.95, 7057
44.96, 7056
45.05, 7055
45.09, 7054
45.19, 7053
45.23, 7052
45.32, 7051
45.37, 7050
45.46, 7049
45.51, 7048
45.52, 7047
45.54, 7046
45.55, 7045
45.56, 7044
45.58, 7043
45.59, 7042
45.61, 7041
45.62, 7040
45.64, 7039
45.65, 7038
45.67, 7037
45.68, 7036
45.70, 7035
45.71, 7034
45.73, 7033
50.32, 7032
50.35, 7031
50.45, 7030
50.55, 7029
50.92, 7028
50.94, 7027
51.26, 7026
51.49, 7025
51.57, 7024
51.65, 7023
51.67, 7022
51.72, 7021
51.90, 7020
52.49, 7019
53.38, 7018
53.53, 7017
53.58, 7016
54.10, 7015
54.35, 7014
54.43, 7013
54.86, 7012
54.99, 7011
55.46, 7010
56.16, 7009
56.56, 7008
56.59, 7007
56.84, 7006
57.00, 7005
59.65, 7004
60.86, 7003
62.16, 7002
63.28, 7001
64.08, 7000
64.39, 6999
64.46, 6998
64.49, 6997
64.59, 6996
64.69, 6995
64.82, 6994
65.10, 6993
65.12, 6992
65.49, 6991
65.51, 6990
66.16, 6989
66.30, 6988
66.33, 6987
66.81, 6986
67.22, 6985
67.45, 6984
67.51, 6983
67.53, 6982
67.67, 6981
67.75, 6980
67.77, 6979
67.89, 6978
68.12, 6977
68.45, 6976
69.38, 6975
69.39, 6974
69.53, 6973
70.17, 6972
70.26, 6971
70.31, 6970
70.46, 6969
71.19, 6968
72.08, 6967
72.73, 6966
72.99, 6965
74.55, 6964
76.06, 6963
80.03, 6962
80.95, 6961
81.40, 6960
81.43, 6959
82.00, 6958
85.19, 6957
88.28, 6956
88.82, 6955
88.93, 6954
89.50, 6953
89.67, 6952
89.70, 6951
89.88, 6950
89.93, 6949
90.35, 6948
90.58, 6947
91.40, 6946
94.95, 6945
95.04, 6944
96.85, 6943
97.74, 6942
101.07, 6941
115.46, 6940
115.85, 6939
116.99, 6938
119.85, 6937
120.55, 6936
120.73, 6935
122.94, 6934
124.95, 6933
126.25, 6932
129.74, 6931
185.51, 6930
187.56, 6929
192.37, 6928
195.45, 6927
197.78, 6926
200.90, 6925
203.33, 6924
228.34, 6923
239.14, 6922
240.30, 6921
277.27, 6920
319.19, 6919
321.29, 6918
329.57, 6917
356.07, 6916
356.13, 6915
451.65, 6914
485.79, 6913
515.96, 6912
