57.38, 4696
57.82, 4695
64.48, 4694
64.75, 4693
64.89, 4692
66.31, 4691
67.58, 4690
69.59, 4689
70.69, 4688
71.23, 4687
71.29, 4686
74.22, 4685
74.45, 4684
74.69, 4683
75.35, 4682
79.72, 4681
80.89, 4680
81.09, 4679
83.54, 4678
84.91, 4677
86.85, 4676
87.50, 4675
88.23, 4674
89.99, 4673
90.21, 4672
91.53, 4671
92.27, 4670
96.58, 4669
97.20, 4668
97.82, 4667
97.99, 4666
98.06, 4665
99.30, 4664
100.35, 4663
102.07, 4662
102.23, 4661
103.33, 4660
104.63, 4659
106.36, 4658
106.65, 4657
107.04, 4656
109.85, 4655
111.00, 4654
111.96, 4653
114.10, 4652
114.81, 4651
116.72, 4650
118.85, 4649
119.35, 4648
119.43, 4647
122.62, 4646
127.47, 4645
128.81, 4644
134.64, 4643
134.97, 4642
139.11, 4641
139.52, 4640
148.59, 4639
148.86, 4638
150.63, 4637
153.54, 4636
153.93, 4635
153.97, 4634
154.76, 4633
156.14, 4632
158.51, 4631
162.94, 4630
165.87, 4629
169.66, 4628
171.57, 4627
175.22, 4626
185.53, 4625
185.89, 4624
187.13, 4623
188.18, 4622
192.73, 4621
193.04, 4620
194.43, 4619
209.75, 4618
214.47, 4617
216.32, 4616
219.92, 4615
222.42, 4614
223.70, 4613
