51.23, 4696
52.12, 4695
54.09, 4694
54.68, 4693
56.77, 4692
57.18, 4691
57.28, 4690
57.76, 4689
59.06, 4688
59.14, 4687
59.97, 4686
61.48, 4685
61.86, 4684
62.45, 4683
63.54, 4682
64.90, 4681
65.57, 4680
66.98, 4679
67.44, 4678
68.42, 4677
68.75, 4676
69.71, 4675
71.34, 4674
72.46, 4673
72.74, 4672
74.16, 4671
75.66, 4670
76.23, 4669
77.15, 4668
77.75, 4667
80.80, 4666
81.38, 4665
83.61, 4664
84.21, 4663
84.31, 4662
84.43, 4661
85.22, 4660
86.21, 4659
88.19, 4658
89.10, 4657
89.13, 4656
89.94, 4655
91.53, 4654
91.67, 4653
92.18, 4652
93.11, 4651
95.65, 4650
98.43, 4649
101.67, 4648
102.75, 4647
105.41, 4646
107.12, 4645
112.11, 4644
113.20, 4643
114.81, 4642
116.55, 4641
117.22, 4640
118.49, 4639
118.86, 4638
121.23, 4637
123.27, 4636
124.07, 4635
127.15, 4634
127.94, 4633
129.45, 4632
131.29, 4631
134.69, 4630
139.09, 4629
146.68, 4628
150.30, 4627
156.40, 4626
156.70, 4625
159.52, 4624
161.97, 4623
167.14, 4622
168.02, 4621
169.44, 4620
169.54, 4619
169.71, 4618
174.01, 4617
174.31, 4616
179.29, 4615
180.05, 4614
182.40, 4613
183.72, 4612
190.33, 4611
191.71, 4610
195.65, 4609
196.45, 4608
200.92, 4607
209.00, 4606
213.85, 4605
221.98, 4604
224.04, 4603
