5.85, 4697
5.89, 4696
5.91, 4695
5.93, 4694
5.96, 4693
5.99, 4692
6.01, 4691
6.04, 4690
6.06, 4689
6.09, 4688
6.11, 4687
6.13, 4686
6.16, 4685
6.18, 4684
6.20, 4683
6.23, 4682
6.25, 4681
6.28, 4680
6.30, 4679
6.33, 4678
6.35, 4677
6.38, 4676
6.40, 4675
6.42, 4674
6.45, 4673
6.47, 4672
6.49, 4671
6.51, 4670
6.54, 4669
6.56, 4668
6.59, 4667
6.63, 4666
6.65, 4665
6.68, 4664
6.70, 4663
6.73, 4662
6.75, 4661
6.77, 4660
6.80, 4659
6.82, 4658
6.84, 4657
6.86, 4656
6.89, 4655
6.91, 4654
6.93, 4653
7.08, 4652
7.19, 4651
7.58, 4650
7.76, 4649
8.31, 4648
8.40, 4647
8.75, 4646
8.95, 4645
9.17, 4644
9.67, 4643
10.03, 4642
10.39, 4641
10.54, 4640
10.57, 4639
10.71, 4638
10.73, 4637
11.67, 4636
11.70, 4635
11.80, 4634
12.09, 4633
12.72, 4632
13.22, 4631
13.99, 4630
14.01, 4629
15.01, 4628
15.68, 4627
15.77, 4626
16.38, 4625
16.62, 4624
17.09, 4623
17.67, 4622
17.83, 4621
17.87, 4620
18.00, 4619
18.45, 4618
18.89, 4617
19.10, 4616
19.19, 4615
19.48, 4614
20.08, 4613
20.89, 4612
21.01, 4611
21.38, 4610
21.50, 4609
21.88, 4608
22.14, 4607
22.26, 4606
22.56, 4605
23.51, 4604
24.25, 4603
24.27, 4602
25.68, 4601
25.93, 4600
26.80, 4599
26.87, 4598
27.06, 4597
27.55, 4596
27.78, 4595
28.75, 4594
30.93, 4593
31.15, 4592
31.27, 4591
33.15, 4590
35.57, 4589
37.12, 4588
37.19, 4587
37.44, 4586
38.09, 4585
38.64, 4584
39.16, 4583
39.90, 4582
40.41, 4581
40.44, 4580
41.40, 4579
41.83, 4578
41.92, 4577
43.72, 4576
43.99, 4575
44.89, 4574
45.85, 4573
46.69, 4572
47.45, 4571
48.07, 4570
48.62, 4569
48.82, 4568
49.37, 4567
54.95, 4566
55.75, 4565
92.55, 4564
108.98, 4563
109.77, 4562
111.27, 4561
111.34, 4560
114.84, 4559
116.83, 4558
117.42, 4557
118.72, 4556
119.08, 4555
119.31, 4554
124.60, 4553
129.09, 4552
131.87, 4551
137.30, 4550
146.11, 4549
149.28, 4548
195.54, 4547
222.86, 4546
227.61, 4545
278.02, 4544
401.05, 4543
516.18, 4542
