6.39, 7374
6.42, 7373
6.44, 7372
6.46, 7371
6.47, 7370
6.49, 7369
6.50, 7368
6.52, 7367
6.53, 7366
6.55, 7365
6.56, 7364
6.58, 7363
6.59, 7362
6.61, 7361
6.62, 7360
6.63, 7359
6.65, 7358
6.66, 7357
6.68, 7356
6.69, 7355
6.71, 7354
6.72, 7353
6.73, 7352
6.75, 7351
6.77, 7350
6.79, 7349
6.80, 7348
6.82, 7347
6.83, 7346
10.04, 7345
14.10, 7344
14.83, 7343
14.87, 7342
16.38, 7341
25.41, 7340
27.82, 7339
30.20, 7338
30.25, 7337
30.38, 7336
30.42, 7335
30.58, 7334
30.62, 7333
30.72, 7332
30.78, 7331
30.80, 7330
31.06, 7329
31.11, 7328
31.24, 7327
31.29, 7326
31.54, 7325
31.56, 7324
31.84, 7323
31.89, 7322
32.05, 7321
32.09, 7320
32.28, 7319
32.34, 7318
32.44, 7317
32.48, 7316
32.50, 7315
32.60, 7314
32.74, 7313
32.80, 7312
32.92, 7311
32.96, 7310
33.05, 7309
33.09, 7308
33.10, 7307
33.12, 7306
33.13, 7305
33.27, 7304
33.31, 7303
33.42, 7302
33.46, 7301
33.47, 7300
33.57, 7299
33.62, 7298
33.77, 7297
33.87, 7296
33.91, 7295
34.02, 7294
34.07, 7293
34.08, 7292
34.09, 7291
34.29, 7290
34.43, 7289
34.47, 7288
34.58, 7287
34.67, 7286
34.74, 7285
34.79, 7284
34.80, 7283
34.90, 7282
34.94, 7281
35.04, 7280
35.08, 7279
35.19, 7278
35.23, 7277
35.38, 7276
35.42, 7275
35.43, 7274
35.45, 7273
35.46, 7272
35.47, 7271
35.65, 7270
35.69, 7269
35.80, 7268
35.84, 7267
35.95, 7266
35.99, 7265
36.10, 7264
36.15, 7263
36.16, 7262
36.28, 7261
36.32, 7260
36.43, 7259
36.47, 7258
36.60, 7257
36.64, 7256
36.74, 7255
36.78, 7254
36.80, 7253
36.81, 7252
36.95, 7251
37.00, 7250
37.10, 7249
37.15, 7248
37.24, 7247
37.28, 7246
37.38, 7245
37.42, 7244
37.43, 7243
37.53, 7242
37.57, 7241
37.69, 7240
37.73, 7239
37.86, 7238
37.90, 7237
38.00, 7236
38.05, 7235
38.06, 7234
38.08, 7233
38.09, 7232
38.27, 7231
38.31, 7230
38.42, 7229
38.46, 7228
38.57, 7227
38.61, 7226
38.72, 7225
38.76, 7224
38.78, 7223
38.96, 7222
39.06, 7221
39.10, 7220
39.20, 7219
39.25, 7218
39.40, 7217
39.41, 7216
39.43, 7215
39.44, 7214
39.59, 7213
39.63, 7212
39.74, 7211
39.78, 7210
39.89, 7209
39.94, 7208
40.04, 7207
40.08, 7206
40.09, 7205
40.19, 7204
40.23, 7203
40.33, 7202
40.38, 7201
40.47, 7200
40.51, 7199
40.62, 7198
40.66, 7197
40.67, 7196
40.69, 7195
40.70, 7194
40.72, 7193
40.85, 7192
40.89, 7191
41.05, 7190
41.22, 7189
41.26, 7188
41.36, 7187
41.41, 7186
41.43, 7185
41.53, 7184
41.58, 7183
41.67, 7182
41.71, 7181
41.81, 7180
41.85, 7179
41.99, 7178
42.02, 7177
42.03, 7176
42.05, 7175
42.20, 7174
42.40, 7173
42.45, 7172
42.53, 7171
42.58, 7170
42.62, 7169
42.73, 7168
42.77, 7167
42.79, 7166
42.89, 7165
42.93, 7164
43.04, 7163
43.09, 7162
43.20, 7161
43.31, 7160
43.36, 7159
43.39, 7158
43.40, 7157
43.61, 7156
43.65, 7155
43.76, 7154
43.80, 7153
43.81, 7152
43.91, 7151
43.95, 7150
44.06, 7149
44.10, 7148
44.21, 7147
44.26, 7146
44.37, 7145
44.41, 7144
44.42, 7143
44.44, 7142
44.58, 7141
44.63, 7140
44.74, 7139
44.78, 7138
44.88, 7137
44.92, 7136
45.02, 7135
45.07, 7134
45.08, 7133
45.19, 7132
45.23, 7131
45.33, 7130
45.38, 7129
45.48, 7128
45.53, 7127
45.63, 7126
45.68, 7125
45.69, 7124
45.71, 7123
45.72, 7122
45.74, 7121
45.87, 7120
45.91, 7119
46.01, 7118
46.05, 7117
46.16, 7116
46.20, 7115
46.30, 7114
46.35, 7113
46.36, 7112
46.46, 7111
46.53, 7110
46.68, 7109
46.80, 7108
46.85, 7107
46.95, 7106
47.00, 7105
47.01, 7104
47.03, 7103
47.18, 7102
47.22, 7101
47.33, 7100
47.37, 7099
47.48, 7098
47.52, 7097
47.62, 7096
47.66, 7095
47.67, 7094
47.78, 7093
47.82, 7092
47.92, 7091
47.96, 7090
48.06, 7089
48.11, 7088
48.21, 7087
48.26, 7086
48.27, 7085
48.29, 7084
48.30, 7083
48.45, 7082
48.49, 7081
48.60, 7080
48.65, 7079
48.79, 7078
48.94, 7077
48.98, 7076
48.99, 7075
49.08, 7074
49.13, 7073
49.23, 7072
49.27, 7071
49.38, 7070
49.42, 7069
49.52, 7068
49.57, 7067
49.58, 7066
49.60, 7065
49.73, 7064
49.77, 7063
49.87, 7062
49.92, 7061
50.02, 7060
50.06, 7059
50.17, 7058
50.21, 7057
50.22, 7056
50.32, 7055
50.36, 7054
50.47, 7053
50.53, 7052
50.63, 7051
50.68, 7050
50.79, 7049
50.84, 7048
50.85, 7047
50.87, 7046
50.88, 7045
50.90, 7044
50.91, 7043
50.93, 7042
50.94, 7041
50.96, 7040
50.98, 7039
50.99, 7038
51.01, 7037
51.02, 7036
51.04, 7035
51.05, 7034
51.07, 7033
52.30, 7032
55.02, 7031
57.12, 7030
57.14, 7029
57.24, 7028
57.33, 7027
57.43, 7026
57.93, 7025
58.03, 7024
58.10, 7023
58.22, 7022
58.23, 7021
58.32, 7020
58.48, 7019
58.87, 7018
58.96, 7017
58.98, 7016
59.00, 7015
59.84, 7014
59.92, 7013
59.99, 7012
60.28, 7011
60.44, 7010
61.08, 7009
61.46, 7008
61.55, 7007
61.57, 7006
62.88, 7005
63.14, 7004
63.31, 7003
63.51, 7002
63.59, 7001
63.71, 7000
66.66, 6999
67.76, 6998
68.51, 6997
68.90, 6996
70.56, 6995
70.87, 6994
71.05, 6993
71.06, 6992
71.10, 6991
71.25, 6990
71.27, 6989
71.32, 6988
71.45, 6987
71.46, 6986
71.82, 6985
71.84, 6984
72.13, 6983
72.23, 6982
72.25, 6981
72.39, 6980
72.45, 6979
73.31, 6978
73.40, 6977
73.41, 6976
74.17, 6975
74.44, 6974
75.15, 6973
75.62, 6972
75.63, 6971
75.86, 6970
76.48, 6969
76.57, 6968
76.62, 6967
76.75, 6966
77.07, 6965
77.19, 6964
77.28, 6963
77.64, 6962
77.95, 6961
78.27, 6960
79.24, 6959
79.80, 6958
80.08, 6957
80.42, 6956
82.94, 6955
83.46, 6954
85.04, 6953
88.25, 6952
92.60, 6951
92.68, 6950
92.88, 6949
93.24, 6948
93.70, 6947
93.72, 6946
94.85, 6945
95.04, 6944
115.19, 6943
115.49, 6942
115.93, 6941
116.04, 6940
121.07, 6939
121.12, 6938
121.60, 6937
121.84, 6936
123.78, 6935
125.04, 6934
125.72, 6933
125.84, 6932
129.89, 6931
130.65, 6930
133.02, 6929
135.82, 6928
136.09, 6927
137.69, 6926
137.84, 6925
171.36, 6924
172.49, 6923
193.19, 6922
195.25, 6921
228.69, 6920
229.54, 6919
256.34, 6918
259.09, 6917
318.52, 6916
347.66, 6915
416.12, 6914
449.98, 6913
