5.41, 7374
5.44, 7373
5.45, 7372
5.46, 7371
5.48, 7370
5.49, 7369
5.50, 7368
5.52, 7367
5.53, 7366
5.54, 7365
5.55, 7364
5.57, 7363
5.58, 7362
5.59, 7361
5.61, 7360
5.62, 7359
5.64, 7358
5.65, 7357
5.66, 7356
5.67, 7355
5.69, 7354
5.70, 7353
5.72, 7352
5.73, 7351
5.74, 7350
5.76, 7349
5.77, 7348
5.78, 7347
5.79, 7346
8.67, 7345
12.59, 7344
13.37, 7343
13.41, 7342
14.82, 7341
24.17, 7340
26.03, 7339
27.95, 7338
27.99, 7337
28.08, 7336
28.12, 7335
28.22, 7334
28.26, 7333
28.35, 7332
28.39, 7331
28.40, 7330
28.59, 7329
28.63, 7328
28.72, 7327
28.76, 7326
28.89, 7325
28.94, 7324
29.29, 7323
29.34, 7322
29.44, 7321
29.49, 7320
29.59, 7319
29.63, 7318
29.74, 7317
29.78, 7316
29.79, 7315
29.89, 7314
30.07, 7313
30.13, 7312
30.30, 7311
30.34, 7310
30.44, 7309
30.49, 7308
30.50, 7307
30.51, 7306
30.52, 7305
30.66, 7304
30.70, 7303
30.80, 7302
30.84, 7301
30.86, 7300
30.95, 7299
30.99, 7298
31.12, 7297
31.22, 7296
31.29, 7295
31.46, 7294
31.53, 7293
31.55, 7292
31.57, 7291
31.88, 7290
32.10, 7289
32.17, 7288
32.33, 7287
32.57, 7286
32.59, 7285
32.66, 7284
32.69, 7283
32.85, 7282
32.92, 7281
33.08, 7280
33.15, 7279
33.32, 7278
33.39, 7277
33.54, 7276
33.58, 7275
33.59, 7274
33.60, 7273
33.62, 7272
33.63, 7271
33.76, 7270
33.80, 7269
33.89, 7268
33.93, 7267
34.05, 7266
34.10, 7265
34.20, 7264
34.24, 7263
34.26, 7262
34.36, 7261
34.40, 7260
34.51, 7259
34.55, 7258
34.65, 7257
34.69, 7256
34.78, 7255
34.82, 7254
34.83, 7253
34.84, 7252
34.98, 7251
35.02, 7250
35.12, 7249
35.16, 7248
35.26, 7247
35.31, 7246
35.41, 7245
35.46, 7244
35.47, 7243
35.56, 7242
35.60, 7241
35.69, 7240
35.74, 7239
35.83, 7238
35.87, 7237
35.97, 7236
36.01, 7235
36.03, 7234
36.04, 7233
36.06, 7232
36.19, 7231
36.23, 7230
36.33, 7229
36.37, 7228
36.48, 7227
36.52, 7226
36.62, 7225
36.67, 7224
36.68, 7223
36.83, 7222
37.01, 7221
37.05, 7220
37.15, 7219
37.19, 7218
37.36, 7217
37.37, 7216
37.39, 7215
37.40, 7214
37.55, 7213
37.59, 7212
37.68, 7211
37.72, 7210
37.81, 7209
37.85, 7208
37.95, 7207
38.00, 7206
38.01, 7205
38.11, 7204
38.15, 7203
38.24, 7202
38.28, 7201
38.37, 7200
38.41, 7199
38.50, 7198
38.54, 7197
38.55, 7196
38.57, 7195
38.58, 7194
38.59, 7193
38.73, 7192
38.77, 7191
38.93, 7190
39.09, 7189
39.13, 7188
39.22, 7187
39.26, 7186
39.27, 7185
39.37, 7184
39.40, 7183
39.50, 7182
39.55, 7181
39.65, 7180
39.69, 7179
39.84, 7178
39.86, 7177
39.87, 7176
39.96, 7175
40.05, 7174
40.20, 7173
40.24, 7172
40.34, 7171
40.36, 7170
40.40, 7169
40.50, 7168
40.55, 7167
40.56, 7166
40.66, 7165
40.70, 7164
40.80, 7163
40.84, 7162
40.94, 7161
41.05, 7160
41.09, 7159
41.12, 7158
41.13, 7157
41.31, 7156
41.34, 7155
41.44, 7154
41.49, 7153
41.50, 7152
41.60, 7151
41.64, 7150
41.74, 7149
41.78, 7148
41.88, 7147
41.93, 7146
42.02, 7145
42.06, 7144
42.08, 7143
42.09, 7142
42.23, 7141
42.28, 7140
42.40, 7139
42.46, 7138
42.56, 7137
42.60, 7136
42.74, 7135
42.79, 7134
42.81, 7133
42.92, 7132
42.96, 7131
43.06, 7130
43.10, 7129
43.20, 7128
43.24, 7127
43.34, 7126
43.38, 7125
43.39, 7124
43.41, 7123
43.42, 7122
43.43, 7121
43.56, 7120
43.60, 7119
43.71, 7118
43.75, 7117
43.85, 7116
43.89, 7115
43.99, 7114
44.03, 7113
44.05, 7112
44.14, 7111
44.19, 7110
44.31, 7109
44.44, 7108
44.48, 7107
44.57, 7106
44.62, 7105
44.63, 7104
44.64, 7103
44.78, 7102
44.82, 7101
44.91, 7100
44.96, 7099
45.06, 7098
45.10, 7097
45.21, 7096
45.25, 7095
45.26, 7094
45.36, 7093
45.40, 7092
45.50, 7091
45.54, 7090
45.64, 7089
45.68, 7088
45.78, 7087
45.82, 7086
45.83, 7085
45.85, 7084
45.86, 7083
46.01, 7082
46.06, 7081
46.17, 7080
46.21, 7079
46.42, 7078
46.51, 7077
46.55, 7076
46.56, 7075
46.66, 7074
46.70, 7073
46.80, 7072
46.84, 7071
46.93, 7070
46.97, 7069
47.07, 7068
47.11, 7067
47.12, 7066
47.14, 7065
47.27, 7064
47.31, 7063
47.41, 7062
47.46, 7061
47.56, 7060
47.60, 7059
47.70, 7058
47.75, 7057
47.76, 7056
47.86, 7055
47.90, 7054
48.00, 7053
48.04, 7052
48.14, 7051
48.19, 7050
48.29, 7049
48.34, 7048
48.35, 7047
48.36, 7046
48.38, 7045
48.39, 7044
48.41, 7043
48.42, 7042
48.44, 7041
48.47, 7040
48.49, 7039
48.52, 7038
48.55, 7037
48.57, 7036
48.60, 7035
48.62, 7034
48.65, 7033
50.40, 7032
53.49, 7031
55.33, 7030
55.36, 7029
55.46, 7028
55.54, 7027
55.60, 7026
55.94, 7025
56.09, 7024
56.12, 7023
56.71, 7022
56.73, 7021
56.78, 7020
57.05, 7019
57.19, 7018
57.21, 7017
57.25, 7016
57.57, 7015
57.97, 7014
58.08, 7013
58.17, 7012
58.25, 7011
58.27, 7010
58.83, 7009
59.07, 7008
59.12, 7007
60.03, 7006
60.22, 7005
60.24, 7004
60.56, 7003
61.02, 7002
61.52, 7001
62.70, 7000
62.76, 6999
66.17, 6998
67.60, 6997
69.25, 6996
70.67, 6995
74.86, 6994
75.31, 6993
75.41, 6992
75.48, 6991
75.64, 6990
75.66, 6989
75.79, 6988
75.80, 6987
76.00, 6986
76.05, 6985
76.06, 6984
76.30, 6983
77.12, 6982
77.39, 6981
77.49, 6980
77.55, 6979
77.57, 6978
78.25, 6977
79.01, 6976
79.25, 6975
79.47, 6974
79.49, 6973
79.65, 6972
80.42, 6971
80.43, 6970
80.71, 6969
81.26, 6968
81.40, 6967
81.42, 6966
81.45, 6965
81.65, 6964
81.67, 6963
81.86, 6962
82.28, 6961
82.42, 6960
82.68, 6959
83.30, 6958
84.30, 6957
84.43, 6956
84.64, 6955
86.53, 6954
86.61, 6953
86.87, 6952
88.81, 6951
88.99, 6950
90.35, 6949
90.65, 6948
93.27, 6947
93.89, 6946
93.97, 6945
96.08, 6944
98.86, 6943
99.03, 6942
99.08, 6941
105.03, 6940
121.43, 6939
121.75, 6938
126.47, 6937
127.96, 6936
128.01, 6935
128.06, 6934
128.21, 6933
128.63, 6932
131.11, 6931
134.08, 6930
137.78, 6929
137.87, 6928
137.98, 6927
139.27, 6926
139.90, 6925
149.60, 6924
177.72, 6923
182.03, 6922
223.78, 6921
234.65, 6920
236.48, 6919
261.23, 6918
304.25, 6917
318.66, 6916
320.04, 6915
386.08, 6914
441.55, 6913
