11.82, 4697
11.89, 4696
11.92, 4695
11.95, 4694
11.99, 4693
12.03, 4692
12.07, 4691
12.10, 4690
12.13, 4689
12.16, 4688
12.21, 4687
12.24, 4686
12.26, 4685
12.29, 4684
12.33, 4683
12.36, 4682
12.39, 4681
12.42, 4680
12.45, 4679
12.49, 4678
12.52, 4677
12.55, 4676
12.59, 4675
12.65, 4674
12.69, 4673
12.73, 4672
12.77, 4671
12.81, 4670
12.84, 4669
12.87, 4668
12.91, 4667
12.96, 4666
12.99, 4665
13.03, 4664
13.07, 4663
13.11, 4662
13.15, 4661
13.19, 4660
13.26, 4659
13.35, 4658
13.41, 4657
13.46, 4656
13.50, 4655
13.53, 4654
13.57, 4653
13.75, 4652
13.96, 4651
14.68, 4650
15.32, 4649
16.14, 4648
16.36, 4647
16.71, 4646
17.23, 4645
17.44, 4644
18.11, 4643
18.63, 4642
19.27, 4641
19.52, 4640
19.57, 4639
19.69, 4638
19.84, 4637
20.99, 4636
21.02, 4635
21.17, 4634
21.38, 4633
22.33, 4632
23.32, 4631
24.48, 4630
24.62, 4629
26.11, 4628
26.98, 4627
27.37, 4626
28.21, 4625
29.28, 4624
29.52, 4623
29.91, 4622
30.40, 4621
30.61, 4620
30.64, 4619
30.77, 4618
31.29, 4617
31.83, 4616
32.04, 4615
32.27, 4614
32.53, 4613
32.97, 4612
34.32, 4611
34.65, 4610
34.89, 4609
35.23, 4608
35.54, 4607
35.57, 4606
35.94, 4605
36.57, 4604
36.85, 4603
37.81, 4602
37.91, 4601
38.87, 4600
39.43, 4599
39.62, 4598
40.29, 4597
40.31, 4596
40.69, 4595
41.20, 4594
41.60, 4593
42.14, 4592
44.38, 4591
44.69, 4590
44.73, 4589
44.86, 4588
45.05, 4587
46.38, 4586
46.62, 4585
46.91, 4584
48.92, 4583
49.13, 4582
50.06, 4581
50.25, 4580
50.38, 4579
50.69, 4578
50.90, 4577
50.99, 4576
51.59, 4575
53.32, 4574
53.61, 4573
55.15, 4572
56.79, 4571
57.19, 4570
58.05, 4569
59.71, 4568
60.26, 4567
61.83, 4566
63.93, 4565
64.41, 4564
64.53, 4563
74.96, 4562
76.05, 4561
85.17, 4560
132.49, 4559
136.09, 4558
138.03, 4557
145.24, 4556
149.43, 4555
153.77, 4554
155.50, 4553
160.83, 4552
162.10, 4551
164.82, 4550
173.81, 4549
260.69, 4548
270.21, 4547
272.34, 4546
293.77, 4545
456.50, 4544
533.76, 4543
