1.01, 2277
1.02, 2276
1.02, 2275
1.02, 2274
1.02, 2273
1.03, 2272
1.03, 2271
1.03, 2270
1.03, 2269
1.04, 2268
1.04, 2267
1.04, 2266
1.04, 2265
1.05, 2264
1.05, 2263
1.05, 2262
1.05, 2261
1.06, 2260
1.06, 2259
1.06, 2258
1.11, 2257
1.11, 2256
1.34, 2255
1.47, 2254
1.69, 2253
1.83, 2252
1.97, 2251
2.01, 2250
2.04, 2249
2.07, 2248
2.24, 2247
2.29, 2246
2.33, 2245
2.36, 2244
2.39, 2243
2.44, 2242
2.72, 2241
2.78, 2240
2.81, 2239
2.87, 2238
2.90, 2237
3.02, 2236
3.05, 2235
3.12, 2234
3.13, 2233
3.35, 2232
3.37, 2231
3.43, 2230
3.44, 2229
3.48, 2228
3.58, 2227
3.82, 2226
3.87, 2225
3.91, 2224
5.78, 2223
5.82, 2222
5.90, 2221
6.08, 2220
6.83, 2219
6.93, 2218
7.13, 2217
7.22, 2216
7.50, 2215
7.52, 2214
7.53, 2213
10.75, 2212
10.84, 2211
10.94, 2210
10.99, 2209
11.00, 2208
11.15, 2207
11.49, 2206
49.82, 2205
81.46, 2204
112.56, 2203
