1.25, 2277
1.26, 2276
1.26, 2275
1.27, 2274
1.27, 2273
1.28, 2272
1.28, 2271
1.28, 2270
1.29, 2269
1.29, 2268
1.30, 2267
1.30, 2266
1.31, 2265
1.31, 2264
1.31, 2263
1.32, 2262
1.32, 2261
1.32, 2260
1.33, 2259
1.33, 2258
1.37, 2257
1.39, 2256
1.61, 2255
1.68, 2254
1.87, 2253
2.02, 2252
2.15, 2251
2.20, 2250
2.24, 2249
2.27, 2248
2.39, 2247
2.42, 2246
2.48, 2245
2.54, 2244
2.57, 2243
2.66, 2242
2.92, 2241
2.96, 2240
3.00, 2239
3.04, 2238
3.07, 2237
3.13, 2236
3.17, 2235
3.30, 2234
3.41, 2233
3.45, 2232
3.62, 2231
3.63, 2230
3.66, 2229
3.73, 2228
3.95, 2227
4.02, 2226
4.17, 2225
5.25, 2224
5.50, 2223
5.77, 2222
6.35, 2221
6.58, 2220
6.68, 2219
6.90, 2218
7.19, 2217
7.22, 2216
7.22, 2215
9.58, 2214
9.91, 2213
10.04, 2212
10.12, 2211
10.13, 2210
10.29, 2209
12.83, 2208
22.04, 2207
28.58, 2206
41.40, 2205
44.48, 2204
180.65, 2203
