1.23, 2277
1.24, 2276
1.24, 2275
1.24, 2274
1.25, 2273
1.25, 2272
1.25, 2271
1.25, 2270
1.26, 2269
1.26, 2268
1.26, 2267
1.27, 2266
1.27, 2265
1.27, 2264
1.27, 2263
1.28, 2262
1.28, 2261
1.28, 2260
1.29, 2259
1.29, 2258
1.34, 2257
1.35, 2256
1.57, 2255
1.67, 2254
1.78, 2253
1.88, 2252
2.01, 2251
2.10, 2250
2.15, 2249
2.20, 2248
2.33, 2247
2.36, 2246
2.41, 2245
2.48, 2244
2.51, 2243
2.64, 2242
3.01, 2241
3.07, 2240
3.12, 2239
3.17, 2238
3.19, 2237
3.28, 2236
3.31, 2235
3.47, 2234
3.54, 2233
3.75, 2232
3.79, 2231
3.80, 2230
3.84, 2229
3.91, 2228
4.15, 2227
4.24, 2226
5.59, 2225
5.61, 2224
5.64, 2223
5.83, 2222
6.57, 2221
6.66, 2220
6.86, 2219
7.17, 2218
9.52, 2217
9.55, 2216
9.60, 2215
9.69, 2214
9.93, 2213
10.08, 2212
10.15, 2211
10.16, 2210
10.40, 2209
13.21, 2208
21.52, 2207
29.68, 2206
42.36, 2205
47.46, 2204
89.07, 2203
