0.97, 2277
0.97, 2276
0.98, 2275
0.98, 2274
0.98, 2273
0.98, 2272
0.99, 2271
0.99, 2270
0.99, 2269
0.99, 2268
1.00, 2267
1.00, 2266
1.00, 2265
1.01, 2264
1.01, 2263
1.01, 2262
1.01, 2261
1.02, 2260
1.02, 2259
1.02, 2258
1.07, 2257
1.07, 2256
1.26, 2255
1.38, 2254
1.50, 2253
1.63, 2252
1.80, 2251
1.86, 2250
1.90, 2249
1.93, 2248
2.07, 2247
2.12, 2246
2.17, 2245
2.22, 2244
2.23, 2243
2.32, 2242
2.63, 2241
2.67, 2240
2.71, 2239
2.79, 2238
2.82, 2237
2.93, 2236
3.01, 2235
3.10, 2234
3.16, 2233
3.41, 2232
3.43, 2231
3.52, 2230
3.60, 2229
3.80, 2228
3.84, 2227
4.62, 2226
5.14, 2225
5.16, 2224
5.24, 2223
5.75, 2222
5.87, 2221
6.03, 2220
6.28, 2219
6.46, 2218
6.48, 2217
6.49, 2216
6.59, 2215
8.43, 2214
8.51, 2213
9.43, 2212
9.57, 2211
9.61, 2210
9.62, 2209
9.82, 2208
11.61, 2207
12.46, 2206
25.47, 2205
135.27, 2204
144.20, 2203
