0.94, 2277
0.94, 2276
0.94, 2275
0.95, 2274
0.95, 2273
0.95, 2272
0.95, 2271
0.96, 2270
0.96, 2269
0.96, 2268
0.96, 2267
0.97, 2266
0.97, 2265
0.97, 2264
0.97, 2263
0.98, 2262
0.98, 2261
0.98, 2260
0.99, 2259
0.99, 2258
1.03, 2257
1.06, 2256
1.27, 2255
1.35, 2254
1.44, 2253
1.53, 2252
1.67, 2251
1.72, 2250
1.74, 2249
1.79, 2248
1.88, 2247
1.91, 2246
1.97, 2245
2.00, 2244
2.02, 2243
2.08, 2242
2.39, 2241
2.42, 2240
2.46, 2239
2.51, 2238
2.56, 2237
2.63, 2236
2.71, 2235
2.78, 2234
2.78, 2233
3.05, 2232
3.07, 2231
3.11, 2230
3.15, 2229
3.42, 2228
3.50, 2227
3.60, 2226
3.65, 2225
3.70, 2224
4.01, 2223
4.96, 2222
5.60, 2221
5.68, 2220
5.70, 2219
6.14, 2218
6.32, 2217
6.33, 2216
6.34, 2215
7.87, 2214
8.51, 2213
8.77, 2212
8.84, 2211
8.88, 2210
8.89, 2209
9.09, 2208
20.66, 2207
23.47, 2206
38.91, 2205
39.84, 2204
57.50, 2203
