1.14, 2277
1.14, 2276
1.14, 2275
1.15, 2274
1.15, 2273
1.15, 2272
1.15, 2271
1.16, 2270
1.16, 2269
1.16, 2268
1.16, 2267
1.17, 2266
1.17, 2265
1.17, 2264
1.18, 2263
1.18, 2262
1.18, 2261
1.18, 2260
1.19, 2259
1.19, 2258
1.23, 2257
1.24, 2256
1.42, 2255
1.50, 2254
1.56, 2253
1.68, 2252
1.90, 2251
1.95, 2250
2.02, 2249
2.05, 2248
2.18, 2247
2.22, 2246
2.30, 2245
2.36, 2244
2.38, 2243
2.44, 2242
2.91, 2241
2.95, 2240
2.98, 2239
3.02, 2238
3.05, 2237
3.18, 2236
3.20, 2235
3.32, 2234
3.83, 2233
3.84, 2232
3.89, 2231
4.18, 2230
4.27, 2229
4.48, 2228
4.57, 2227
6.18, 2226
6.34, 2225
7.05, 2224
7.23, 2223
7.44, 2222
7.58, 2221
9.28, 2220
9.33, 2219
9.93, 2218
9.93, 2217
9.95, 2216
10.03, 2215
10.30, 2214
10.40, 2213
10.46, 2212
10.46, 2211
10.65, 2210
10.88, 2209
13.46, 2208
20.41, 2207
21.63, 2206
60.65, 2205
107.73, 2204
190.24, 2203
