5.93, 4697
5.97, 4696
5.99, 4695
6.01, 4694
6.04, 4693
6.06, 4692
6.09, 4691
6.11, 4690
6.13, 4689
6.16, 4688
6.18, 4687
6.20, 4686
6.23, 4685
6.25, 4684
6.27, 4683
6.30, 4682
6.33, 4681
6.35, 4680
6.38, 4679
6.40, 4678
6.43, 4677
6.47, 4676
6.49, 4675
6.51, 4674
6.54, 4673
6.56, 4672
6.59, 4671
6.61, 4670
6.63, 4669
6.66, 4668
6.68, 4667
6.71, 4666
6.73, 4665
6.75, 4664
6.77, 4663
6.80, 4662
6.82, 4661
6.85, 4660
6.88, 4659
6.90, 4658
6.92, 4657
6.95, 4656
6.97, 4655
7.00, 4654
7.02, 4653
7.13, 4652
7.27, 4651
7.90, 4650
8.00, 4649
8.43, 4648
8.62, 4647
8.97, 4646
9.17, 4645
9.34, 4644
9.81, 4643
10.15, 4642
10.50, 4641
10.71, 4640
10.73, 4639
10.75, 4638
10.87, 4637
11.65, 4636
11.67, 4635
11.76, 4634
11.92, 4633
12.56, 4632
13.16, 4631
13.91, 4630
14.06, 4629
14.85, 4628
15.58, 4627
15.72, 4626
16.41, 4625
16.80, 4624
17.26, 4623
17.81, 4622
17.98, 4621
18.08, 4620
18.11, 4619
18.59, 4618
19.06, 4617
19.37, 4616
19.44, 4615
19.77, 4614
20.27, 4613
21.32, 4612
21.51, 4611
21.74, 4610
21.93, 4609
22.23, 4608
22.49, 4607
22.57, 4606
22.92, 4605
23.96, 4604
24.92, 4603
25.00, 4602
26.29, 4601
26.55, 4600
27.12, 4599
27.14, 4598
27.33, 4597
27.89, 4596
28.15, 4595
28.58, 4594
30.88, 4593
31.17, 4592
31.20, 4591
31.33, 4590
31.49, 4589
32.51, 4588
34.84, 4587
35.02, 4586
35.52, 4585
35.62, 4584
35.71, 4583
35.97, 4582
36.75, 4581
36.77, 4580
37.16, 4579
37.55, 4578
38.60, 4577
39.05, 4576
39.19, 4575
40.34, 4574
40.73, 4573
42.36, 4572
42.95, 4571
43.42, 4570
44.18, 4569
45.02, 4568
45.64, 4567
46.55, 4566
47.49, 4565
48.08, 4564
54.98, 4563
57.68, 4562
58.60, 4561
71.14, 4560
88.29, 4559
101.03, 4558
102.77, 4557
103.65, 4556
104.69, 4555
114.05, 4554
119.85, 4553
138.89, 4552
182.36, 4551
207.92, 4550
209.42, 4549
215.01, 4548
225.42, 4547
272.73, 4546
279.17, 4545
283.34, 4544
387.44, 4543
