5.73, 7374
5.75, 7373
5.77, 7372
5.78, 7371
5.80, 7370
5.81, 7369
5.83, 7368
5.84, 7367
5.86, 7366
5.87, 7365
5.89, 7364
5.90, 7363
5.91, 7362
5.93, 7361
5.95, 7360
5.97, 7359
6.00, 7358
6.01, 7357
6.03, 7356
6.04, 7355
6.06, 7354
6.08, 7353
6.09, 7352
6.11, 7351
6.12, 7350
6.14, 7349
6.16, 7348
6.18, 7347
6.19, 7346
9.41, 7345
13.79, 7344
14.36, 7343
14.40, 7342
16.20, 7341
24.91, 7340
26.76, 7339
28.91, 7338
28.96, 7337
29.06, 7336
29.10, 7335
29.22, 7334
29.26, 7333
29.37, 7332
29.41, 7331
29.43, 7330
29.63, 7329
29.68, 7328
29.78, 7327
29.83, 7326
29.97, 7325
30.01, 7324
30.28, 7323
30.33, 7322
30.44, 7321
30.48, 7320
30.59, 7319
30.64, 7318
30.75, 7317
30.79, 7316
30.81, 7315
30.91, 7314
31.15, 7313
31.21, 7312
31.32, 7311
31.37, 7310
31.50, 7309
31.55, 7308
31.56, 7307
31.57, 7306
31.59, 7305
31.79, 7304
31.86, 7303
31.97, 7302
32.01, 7301
32.03, 7300
32.13, 7299
32.20, 7298
32.39, 7297
32.50, 7296
32.55, 7295
32.67, 7294
32.71, 7293
32.72, 7292
32.74, 7291
33.04, 7290
33.16, 7289
33.21, 7288
33.30, 7287
33.38, 7286
33.53, 7285
33.57, 7284
33.59, 7283
33.70, 7282
33.75, 7281
33.85, 7280
33.90, 7279
34.03, 7278
34.11, 7277
34.21, 7276
34.25, 7275
34.27, 7274
34.28, 7273
34.30, 7272
34.31, 7271
34.46, 7270
34.54, 7269
34.66, 7268
34.74, 7267
34.84, 7266
34.88, 7265
34.98, 7264
35.02, 7263
35.03, 7262
35.18, 7261
35.25, 7260
35.35, 7259
35.40, 7258
35.52, 7257
35.58, 7256
35.70, 7255
35.75, 7254
35.76, 7253
35.78, 7252
35.92, 7251
35.96, 7250
36.05, 7249
36.10, 7248
36.20, 7247
36.28, 7246
36.42, 7245
36.50, 7244
36.52, 7243
36.71, 7242
36.79, 7241
36.92, 7240
36.96, 7239
37.10, 7238
37.15, 7237
37.26, 7236
37.35, 7235
37.36, 7234
37.37, 7233
37.39, 7232
37.57, 7231
37.61, 7230
37.72, 7229
37.76, 7228
37.86, 7227
37.93, 7226
38.07, 7225
38.12, 7224
38.14, 7223
38.40, 7222
38.54, 7221
38.59, 7220
38.69, 7219
38.74, 7218
38.87, 7217
38.88, 7216
38.89, 7215
39.00, 7214
39.08, 7213
39.13, 7212
39.22, 7211
39.27, 7210
39.41, 7209
39.47, 7208
39.57, 7207
39.63, 7206
39.64, 7205
39.75, 7204
39.79, 7203
39.89, 7202
39.93, 7201
40.03, 7200
40.08, 7199
40.20, 7198
40.25, 7197
40.27, 7196
40.28, 7195
40.29, 7194
40.31, 7193
40.49, 7192
40.53, 7191
40.72, 7190
40.84, 7189
40.89, 7188
40.99, 7187
41.03, 7186
41.04, 7185
41.15, 7184
41.20, 7183
41.34, 7182
41.43, 7181
41.55, 7180
41.59, 7179
41.74, 7178
41.78, 7177
41.80, 7176
41.81, 7175
41.99, 7174
42.18, 7173
42.22, 7172
42.31, 7171
42.37, 7170
42.42, 7169
42.61, 7168
42.68, 7167
42.70, 7166
42.84, 7165
42.90, 7164
43.00, 7163
43.04, 7162
43.15, 7161
43.29, 7160
43.33, 7159
43.37, 7158
43.39, 7157
43.57, 7156
43.61, 7155
43.79, 7154
43.88, 7153
43.90, 7152
43.99, 7151
44.03, 7150
44.18, 7149
44.23, 7148
44.33, 7147
44.38, 7146
44.49, 7145
44.57, 7144
44.60, 7143
44.63, 7142
44.80, 7141
44.84, 7140
44.98, 7139
45.03, 7138
45.20, 7137
45.25, 7136
45.36, 7135
45.40, 7134
45.42, 7133
45.52, 7132
45.57, 7131
45.69, 7130
45.73, 7129
45.85, 7128
45.90, 7127
46.02, 7126
46.07, 7125
46.10, 7124
46.12, 7123
46.15, 7122
46.17, 7121
46.34, 7120
46.39, 7119
46.54, 7118
46.62, 7117
46.76, 7116
46.80, 7115
47.00, 7114
47.05, 7113
47.06, 7112
47.17, 7111
47.21, 7110
47.34, 7109
47.47, 7108
47.52, 7107
47.65, 7106
47.72, 7105
47.73, 7104
47.75, 7103
47.89, 7102
47.95, 7101
48.10, 7100
48.14, 7099
48.24, 7098
48.30, 7097
48.40, 7096
48.44, 7095
48.46, 7094
48.56, 7093
48.61, 7092
48.76, 7091
48.81, 7090
48.97, 7089
49.04, 7088
49.14, 7087
49.19, 7086
49.20, 7085
49.22, 7084
49.23, 7083
49.42, 7082
49.47, 7081
49.60, 7080
49.65, 7079
49.93, 7078
50.05, 7077
50.10, 7076
50.11, 7075
50.22, 7074
50.26, 7073
50.36, 7072
50.40, 7071
50.53, 7070
50.57, 7069
50.67, 7068
50.75, 7067
50.76, 7066
50.78, 7065
50.91, 7064
50.95, 7063
51.05, 7062
51.12, 7061
51.28, 7060
51.32, 7059
51.43, 7058
51.49, 7057
51.51, 7056
51.64, 7055
51.68, 7054
51.82, 7053
51.87, 7052
51.98, 7051
52.02, 7050
52.15, 7049
52.21, 7048
52.22, 7047
52.24, 7046
52.26, 7045
52.27, 7044
52.29, 7043
52.31, 7042
52.32, 7041
52.34, 7040
52.36, 7039
52.38, 7038
52.40, 7037
52.42, 7036
52.44, 7035
52.46, 7034
52.47, 7033
58.90, 7032
58.91, 7031
59.20, 7030
59.25, 7029
59.39, 7028
59.80, 7027
60.12, 7026
60.23, 7025
60.37, 7024
60.47, 7023
60.49, 7022
60.54, 7021
60.76, 7020
61.43, 7019
61.50, 7018
61.57, 7017
61.58, 7016
62.38, 7015
62.53, 7014
62.64, 7013
62.90, 7012
63.11, 7011
63.21, 7010
63.92, 7009
63.95, 7008
64.01, 7007
64.02, 7006
64.38, 7005
65.63, 7004
66.63, 7003
66.85, 7002
69.16, 7001
70.63, 7000
71.21, 6999
71.74, 6998
71.97, 6997
72.56, 6996
74.22, 6995
75.28, 6994
75.41, 6993
75.59, 6992
75.92, 6991
76.05, 6990
76.22, 6989
76.24, 6988
76.39, 6987
76.41, 6986
76.72, 6985
76.80, 6984
76.85, 6983
76.87, 6982
77.16, 6981
77.83, 6980
77.91, 6979
77.92, 6978
78.19, 6977
78.28, 6976
78.36, 6975
78.38, 6974
78.39, 6973
78.93, 6972
79.52, 6971
80.66, 6970
80.68, 6969
81.04, 6968
81.64, 6967
81.70, 6966
82.23, 6965
82.39, 6964
82.96, 6963
83.48, 6962
83.55, 6961
85.35, 6960
85.41, 6959
86.15, 6958
86.91, 6957
89.94, 6956
91.21, 6955
91.73, 6954
93.15, 6953
94.53, 6952
96.43, 6951
97.55, 6950
98.78, 6949
101.41, 6948
103.37, 6947
107.01, 6946
111.43, 6945
128.58, 6944
129.59, 6943
133.19, 6942
134.41, 6941
134.89, 6940
135.41, 6939
136.34, 6938
136.41, 6937
136.43, 6936
137.51, 6935
138.51, 6934
138.53, 6933
139.06, 6932
197.60, 6931
213.25, 6930
213.36, 6929
261.52, 6928
263.25, 6927
263.35, 6926
271.67, 6925
300.36, 6924
301.02, 6923
301.09, 6922
354.89, 6921
373.14, 6920
415.97, 6919
