6.56, 4697
6.60, 4696
6.63, 4695
6.65, 4694
6.67, 4693
6.69, 4692
6.72, 4691
6.75, 4690
6.77, 4689
6.80, 4688
6.82, 4687
6.85, 4686
6.88, 4685
6.91, 4684
6.93, 4683
6.96, 4682
6.98, 4681
7.00, 4680
7.02, 4679
7.05, 4678
7.07, 4677
7.09, 4676
7.12, 4675
7.14, 4674
7.18, 4673
7.20, 4672
7.22, 4671
7.24, 4670
7.29, 4669
7.32, 4668
7.34, 4667
7.36, 4666
7.38, 4665
7.41, 4664
7.43, 4663
7.45, 4662
7.47, 4661
7.49, 4660
7.51, 4659
7.54, 4658
7.56, 4657
7.58, 4656
7.60, 4655
7.63, 4654
7.67, 4653
7.90, 4652
8.03, 4651
8.46, 4650
8.79, 4649
9.40, 4648
9.63, 4647
9.90, 4646
10.33, 4645
10.36, 4644
10.98, 4643
11.63, 4642
11.91, 4641
12.16, 4640
12.18, 4639
12.21, 4638
12.41, 4637
13.29, 4636
13.37, 4635
13.48, 4634
13.63, 4633
14.38, 4632
14.89, 4631
15.71, 4630
15.81, 4629
16.89, 4628
17.83, 4627
17.91, 4626
18.75, 4625
18.91, 4624
19.40, 4623
19.96, 4622
20.22, 4621
20.32, 4620
20.35, 4619
20.90, 4618
21.51, 4617
21.88, 4616
21.95, 4615
22.29, 4614
22.89, 4613
24.22, 4612
24.55, 4611
24.82, 4610
25.08, 4609
25.31, 4608
25.89, 4607
26.80, 4606
27.15, 4605
28.12, 4604
28.15, 4603
29.76, 4602
29.95, 4601
30.70, 4600
30.72, 4599
31.02, 4598
31.66, 4597
32.15, 4596
32.82, 4595
35.40, 4594
35.78, 4593
35.80, 4592
35.92, 4591
36.13, 4590
36.22, 4589
37.35, 4588
39.82, 4587
40.06, 4586
40.64, 4585
41.29, 4584
41.31, 4583
41.53, 4582
41.76, 4581
42.14, 4580
43.00, 4579
44.45, 4578
45.30, 4577
45.42, 4576
46.88, 4575
48.66, 4574
49.91, 4573
51.41, 4572
52.35, 4571
52.84, 4570
53.26, 4569
54.08, 4568
62.44, 4567
62.53, 4566
74.55, 4565
76.67, 4564
106.18, 4563
106.43, 4562
108.74, 4561
111.05, 4560
116.13, 4559
119.79, 4558
122.60, 4557
123.01, 4556
123.03, 4555
130.71, 4554
130.83, 4553
132.81, 4552
141.53, 4551
142.83, 4550
144.84, 4549
214.96, 4548
222.46, 4547
235.35, 4546
304.61, 4545
321.40, 4544
