5.40, 7374
5.43, 7373
5.45, 7372
5.46, 7371
5.49, 7370
5.50, 7369
5.52, 7368
5.53, 7367
5.54, 7366
5.56, 7365
5.57, 7364
5.59, 7363
5.60, 7362
5.62, 7361
5.63, 7360
5.65, 7359
5.66, 7358
5.68, 7357
5.69, 7356
5.71, 7355
5.72, 7354
5.74, 7353
5.75, 7352
5.77, 7351
5.79, 7350
5.80, 7349
5.82, 7348
5.83, 7347
5.85, 7346
8.96, 7345
13.02, 7344
13.59, 7343
13.63, 7342
15.12, 7341
23.32, 7340
25.21, 7339
27.16, 7338
27.20, 7337
27.36, 7336
27.41, 7335
27.51, 7334
27.56, 7333
27.69, 7332
27.74, 7331
27.76, 7330
27.96, 7329
28.00, 7328
28.11, 7327
28.16, 7326
28.31, 7325
28.34, 7324
28.62, 7323
28.66, 7322
28.76, 7321
28.80, 7320
28.91, 7319
28.96, 7318
29.06, 7317
29.10, 7316
29.12, 7315
29.22, 7314
29.37, 7313
29.42, 7312
29.55, 7311
29.60, 7310
29.81, 7309
29.85, 7308
29.87, 7307
29.88, 7306
29.89, 7305
30.10, 7304
30.15, 7303
30.25, 7302
30.29, 7301
30.30, 7300
30.41, 7299
30.45, 7298
30.60, 7297
30.70, 7296
30.75, 7295
30.84, 7294
30.90, 7293
30.92, 7292
30.93, 7291
31.11, 7290
31.24, 7289
31.29, 7288
31.39, 7287
31.47, 7286
31.54, 7285
31.59, 7284
31.60, 7283
31.71, 7282
31.75, 7281
31.85, 7280
31.90, 7279
32.04, 7278
32.08, 7277
32.23, 7276
32.27, 7275
32.28, 7274
32.29, 7273
32.30, 7272
32.32, 7271
32.46, 7270
32.51, 7269
32.60, 7268
32.65, 7267
32.74, 7266
32.79, 7265
32.92, 7264
32.96, 7263
32.98, 7262
33.07, 7261
33.12, 7260
33.22, 7259
33.26, 7258
33.35, 7257
33.40, 7256
33.50, 7255
33.54, 7254
33.55, 7253
33.56, 7252
33.71, 7251
33.75, 7250
33.88, 7249
33.92, 7248
34.02, 7247
34.09, 7246
34.19, 7245
34.23, 7244
34.26, 7243
34.36, 7242
34.42, 7241
34.57, 7240
34.63, 7239
34.80, 7238
34.84, 7237
34.95, 7236
34.99, 7235
35.00, 7234
35.02, 7233
35.03, 7232
35.25, 7231
35.29, 7230
35.39, 7229
35.44, 7228
35.57, 7227
35.61, 7226
35.71, 7225
35.75, 7224
35.77, 7223
35.97, 7222
36.08, 7221
36.13, 7220
36.23, 7219
36.27, 7218
36.45, 7217
36.46, 7216
36.47, 7215
36.49, 7214
36.64, 7213
36.68, 7212
36.78, 7211
36.82, 7210
36.92, 7209
36.97, 7208
37.07, 7207
37.11, 7206
37.13, 7205
37.23, 7204
37.27, 7203
37.37, 7202
37.41, 7201
37.51, 7200
37.55, 7199
37.66, 7198
37.70, 7197
37.71, 7196
37.73, 7195
37.74, 7194
37.75, 7193
37.90, 7192
37.95, 7191
38.14, 7190
38.32, 7189
38.36, 7188
38.46, 7187
38.50, 7186
38.51, 7185
38.61, 7184
38.66, 7183
38.76, 7182
38.80, 7181
38.91, 7180
38.95, 7179
39.09, 7178
39.12, 7177
39.13, 7176
39.15, 7175
39.29, 7174
39.49, 7173
39.53, 7172
39.61, 7171
39.67, 7170
39.71, 7169
39.80, 7168
39.84, 7167
39.86, 7166
39.97, 7165
40.03, 7164
40.14, 7163
40.18, 7162
40.28, 7161
40.40, 7160
40.45, 7159
40.47, 7158
40.49, 7157
40.70, 7156
40.74, 7155
40.85, 7154
40.89, 7153
40.90, 7152
41.00, 7151
41.04, 7150
41.14, 7149
41.19, 7148
41.29, 7147
41.34, 7146
41.44, 7145
41.49, 7144
41.50, 7143
41.52, 7142
41.67, 7141
41.71, 7140
41.81, 7139
41.85, 7138
41.95, 7137
41.99, 7136
42.09, 7135
42.15, 7134
42.16, 7133
42.28, 7132
42.33, 7131
42.43, 7130
42.48, 7129
42.58, 7128
42.63, 7127
42.74, 7126
42.79, 7125
42.80, 7124
42.82, 7123
42.83, 7122
42.84, 7121
42.99, 7120
43.04, 7119
43.14, 7118
43.19, 7117
43.29, 7116
43.33, 7115
43.44, 7114
43.49, 7113
43.50, 7112
43.61, 7111
43.65, 7110
43.80, 7109
43.92, 7108
43.96, 7107
44.07, 7106
44.11, 7105
44.13, 7104
44.14, 7103
44.28, 7102
44.32, 7101
44.42, 7100
44.46, 7099
44.56, 7098
44.60, 7097
44.70, 7096
44.75, 7095
44.76, 7094
44.86, 7093
44.90, 7092
45.00, 7091
45.04, 7090
45.14, 7089
45.19, 7088
45.28, 7087
45.32, 7086
45.34, 7085
45.35, 7084
45.36, 7083
45.50, 7082
45.54, 7081
45.64, 7080
45.69, 7079
45.83, 7078
45.97, 7077
46.02, 7076
46.03, 7075
46.14, 7074
46.18, 7073
46.29, 7072
46.36, 7071
46.46, 7070
46.50, 7069
46.63, 7068
46.67, 7067
46.68, 7066
46.70, 7065
46.84, 7064
46.89, 7063
46.99, 7062
47.04, 7061
47.14, 7060
47.19, 7059
47.29, 7058
47.33, 7057
47.35, 7056
47.45, 7055
47.49, 7054
47.58, 7053
47.63, 7052
47.72, 7051
47.77, 7050
47.87, 7049
47.91, 7048
47.93, 7047
47.94, 7046
47.96, 7045
47.97, 7044
47.99, 7043
48.00, 7042
48.02, 7041
48.04, 7040
48.06, 7039
48.09, 7038
48.11, 7037
48.14, 7036
48.16, 7035
48.17, 7034
48.19, 7033
49.41, 7032
52.21, 7031
54.40, 7030
54.41, 7029
54.52, 7028
54.61, 7027
54.72, 7026
55.23, 7025
55.34, 7024
55.40, 7023
55.52, 7022
55.54, 7021
55.62, 7020
55.77, 7019
56.18, 7018
56.29, 7017
56.30, 7016
56.32, 7015
57.12, 7014
57.21, 7013
57.26, 7012
57.53, 7011
57.71, 7010
58.30, 7009
58.69, 7008
58.77, 7007
58.79, 7006
60.12, 7005
60.37, 7004
60.49, 7003
60.71, 7002
60.77, 7001
60.91, 7000
63.72, 6999
64.71, 6998
65.49, 6997
65.89, 6996
67.61, 6995
67.94, 6994
68.13, 6993
68.15, 6992
68.19, 6991
68.36, 6990
68.38, 6989
68.43, 6988
68.56, 6987
68.58, 6986
68.92, 6985
68.94, 6984
69.22, 6983
69.31, 6982
69.33, 6981
69.46, 6980
69.53, 6979
70.39, 6978
70.48, 6977
70.51, 6976
71.34, 6975
71.63, 6974
72.37, 6973
72.86, 6972
72.87, 6971
73.07, 6970
73.76, 6969
73.86, 6968
73.91, 6967
74.05, 6966
74.42, 6965
74.55, 6964
74.67, 6963
75.05, 6962
75.39, 6961
75.74, 6960
76.75, 6959
77.39, 6958
77.73, 6957
78.08, 6956
80.64, 6955
81.14, 6954
82.68, 6953
85.96, 6952
90.23, 6951
90.29, 6950
90.47, 6949
90.86, 6948
91.31, 6947
91.33, 6946
92.45, 6945
92.65, 6944
112.67, 6943
112.95, 6942
113.50, 6941
113.61, 6940
118.60, 6939
118.66, 6938
119.18, 6937
119.39, 6936
121.34, 6935
122.62, 6934
123.29, 6933
123.42, 6932
127.32, 6931
128.11, 6930
130.46, 6929
133.24, 6928
133.50, 6927
135.04, 6926
135.19, 6925
168.84, 6924
169.96, 6923
188.83, 6922
190.90, 6921
224.39, 6920
225.30, 6919
252.50, 6918
255.18, 6917
315.00, 6916
343.72, 6915
412.60, 6914
446.67, 6913
