5.63, 4697
5.67, 4696
5.69, 4695
5.71, 4694
5.73, 4693
5.75, 4692
5.78, 4691
5.80, 4690
5.82, 4689
5.84, 4688
5.86, 4687
5.89, 4686
5.91, 4685
5.93, 4684
5.96, 4683
5.98, 4682
6.00, 4681
6.02, 4680
6.04, 4679
6.07, 4678
6.09, 4677
6.11, 4676
6.13, 4675
6.15, 4674
6.18, 4673
6.20, 4672
6.22, 4671
6.24, 4670
6.26, 4669
6.28, 4668
6.31, 4667
6.33, 4666
6.36, 4665
6.38, 4664
6.40, 4663
6.43, 4662
6.45, 4661
6.47, 4660
6.49, 4659
6.52, 4658
6.54, 4657
6.56, 4656
6.59, 4655
6.61, 4654
6.65, 4653
6.77, 4652
6.89, 4651
7.30, 4650
7.47, 4649
7.93, 4648
8.13, 4647
8.31, 4646
8.54, 4645
8.79, 4644
9.20, 4643
9.61, 4642
10.03, 4641
10.19, 4640
10.21, 4639
10.23, 4638
10.30, 4637
11.10, 4636
11.12, 4635
11.22, 4634
11.38, 4633
12.07, 4632
12.50, 4631
13.32, 4630
13.44, 4629
14.25, 4628
14.78, 4627
15.02, 4626
15.11, 4625
15.75, 4624
15.90, 4623
16.39, 4622
16.91, 4621
17.07, 4620
17.13, 4619
17.20, 4618
17.63, 4617
17.99, 4616
18.19, 4615
18.26, 4614
18.59, 4613
19.14, 4612
19.97, 4611
20.31, 4610
20.43, 4609
20.67, 4608
20.98, 4607
21.00, 4606
21.41, 4605
22.00, 4604
22.49, 4603
23.34, 4602
23.37, 4601
24.54, 4600
24.67, 4599
25.23, 4598
25.38, 4597
25.41, 4596
25.90, 4595
26.08, 4594
26.76, 4593
28.40, 4592
28.79, 4591
28.93, 4590
28.99, 4589
30.42, 4588
32.08, 4587
32.65, 4586
33.25, 4585
33.33, 4584
33.60, 4583
34.25, 4582
34.67, 4581
35.08, 4580
36.21, 4579
37.81, 4578
39.84, 4577
40.58, 4576
41.68, 4575
42.13, 4574
42.63, 4573
42.94, 4572
43.19, 4571
44.45, 4570
45.01, 4569
45.47, 4568
45.74, 4567
49.40, 4566
52.89, 4565
54.49, 4564
88.05, 4563
93.39, 4562
95.27, 4561
95.49, 4560
101.17, 4559
103.42, 4558
109.90, 4557
110.67, 4556
113.63, 4555
115.67, 4554
118.56, 4553
119.16, 4552
123.86, 4551
126.64, 4550
136.59, 4549
138.53, 4548
186.18, 4547
188.54, 4546
188.66, 4545
277.29, 4544
278.24, 4543
333.76, 4542
