6.40, 4697
6.45, 4696
6.47, 4695
6.49, 4694
6.52, 4693
6.54, 4692
6.56, 4691
6.58, 4690
6.60, 4689
6.63, 4688
6.65, 4687
6.67, 4686
6.69, 4685
6.72, 4684
6.74, 4683
6.76, 4682
6.78, 4681
6.81, 4680
6.83, 4679
6.85, 4678
6.88, 4677
6.90, 4676
6.93, 4675
6.95, 4674
6.97, 4673
7.00, 4672
7.02, 4671
7.05, 4670
7.07, 4669
7.09, 4668
7.12, 4667
7.14, 4666
7.18, 4665
7.20, 4664
7.25, 4663
7.29, 4662
7.31, 4661
7.34, 4660
7.38, 4659
7.41, 4658
7.43, 4657
7.46, 4656
7.48, 4655
7.50, 4654
7.53, 4653
7.70, 4652
7.85, 4651
8.23, 4650
8.41, 4649
8.87, 4648
9.11, 4647
9.42, 4646
9.59, 4645
9.83, 4644
10.23, 4643
10.58, 4642
10.95, 4641
11.18, 4640
11.20, 4639
11.22, 4638
11.30, 4637
12.06, 4636
12.14, 4635
12.22, 4634
12.36, 4633
13.01, 4632
13.60, 4631
14.37, 4630
14.44, 4629
15.46, 4628
15.99, 4627
16.35, 4626
16.42, 4625
17.24, 4624
17.35, 4623
17.77, 4622
18.46, 4621
18.60, 4620
18.69, 4619
18.71, 4618
19.35, 4617
19.72, 4616
19.99, 4615
20.08, 4614
20.32, 4613
20.86, 4612
21.69, 4611
22.00, 4610
22.14, 4609
22.40, 4608
22.67, 4607
22.76, 4606
23.08, 4605
23.92, 4604
24.18, 4603
25.04, 4602
25.12, 4601
26.17, 4600
26.53, 4599
26.78, 4598
27.43, 4597
27.50, 4596
27.60, 4595
28.08, 4594
28.59, 4593
31.34, 4592
31.64, 4591
31.79, 4590
31.91, 4589
33.40, 4588
33.47, 4587
35.24, 4586
35.93, 4585
36.77, 4584
36.86, 4583
37.10, 4582
37.47, 4581
37.63, 4580
38.04, 4579
38.54, 4578
39.64, 4577
40.42, 4576
40.91, 4575
41.27, 4574
42.80, 4573
43.11, 4572
44.04, 4571
45.09, 4570
47.07, 4569
48.06, 4568
48.14, 4567
48.38, 4566
58.85, 4565
67.85, 4564
71.07, 4563
71.14, 4562
101.88, 4561
106.78, 4560
107.57, 4559
115.41, 4558
117.53, 4557
123.98, 4556
124.68, 4555
131.63, 4554
132.06, 4553
137.01, 4552
139.55, 4551
148.73, 4550
149.02, 4549
153.56, 4548
194.69, 4547
209.69, 4546
220.17, 4545
300.00, 4544
379.55, 4543
