1.39, 2277
1.40, 2276
1.40, 2275
1.40, 2274
1.40, 2273
1.41, 2272
1.41, 2271
1.41, 2270
1.41, 2269
1.42, 2268
1.42, 2267
1.42, 2266
1.42, 2265
1.43, 2264
1.43, 2263
1.43, 2262
1.43, 2261
1.44, 2260
1.44, 2259
1.44, 2258
1.50, 2257
1.51, 2256
1.84, 2255
2.09, 2254
2.18, 2253
2.33, 2252
2.54, 2251
2.59, 2250
2.63, 2249
2.65, 2248
2.69, 2247
2.73, 2246
2.78, 2245
2.82, 2244
2.92, 2243
2.92, 2242
2.99, 2241
3.31, 2240
3.35, 2239
3.37, 2238
3.42, 2237
3.45, 2236
3.53, 2235
3.58, 2234
3.65, 2233
3.94, 2232
3.98, 2231
4.00, 2230
4.04, 2229
4.09, 2228
4.31, 2227
4.36, 2226
5.82, 2225
5.94, 2224
6.04, 2223
6.83, 2222
7.18, 2221
7.22, 2220
7.36, 2219
7.57, 2218
7.58, 2217
7.59, 2216
7.72, 2215
9.69, 2214
9.77, 2213
9.83, 2212
9.83, 2211
10.10, 2210
10.42, 2209
20.45, 2208
22.57, 2207
31.92, 2206
32.03, 2205
41.68, 2204
117.10, 2203
