1.25, 2277
1.26, 2276
1.26, 2275
1.27, 2274
1.27, 2273
1.27, 2272
1.27, 2271
1.28, 2270
1.28, 2269
1.28, 2268
1.28, 2267
1.28, 2266
1.29, 2265
1.29, 2264
1.29, 2263
1.30, 2262
1.30, 2261
1.30, 2260
1.30, 2259
1.31, 2258
1.36, 2257
1.36, 2256
1.55, 2255
1.67, 2254
1.76, 2253
1.85, 2252
1.99, 2251
2.07, 2250
2.09, 2249
2.15, 2248
2.18, 2247
2.22, 2246
2.24, 2245
2.31, 2244
2.34, 2243
2.36, 2242
2.44, 2241
2.74, 2240
2.77, 2239
2.80, 2238
2.88, 2237
2.90, 2236
3.01, 2235
3.03, 2234
3.17, 2233
3.55, 2232
3.58, 2231
3.63, 2230
3.92, 2229
3.99, 2228
4.14, 2227
5.40, 2226
5.66, 2225
5.82, 2224
6.40, 2223
6.71, 2222
6.78, 2221
6.91, 2220
7.20, 2219
7.20, 2218
7.24, 2217
8.76, 2216
9.22, 2215
9.57, 2214
9.73, 2213
9.81, 2212
9.82, 2211
9.92, 2210
10.13, 2209
20.56, 2208
25.76, 2207
26.10, 2206
30.34, 2205
45.00, 2204
66.39, 2203
