1.03, 2277
1.04, 2276
1.04, 2275
1.04, 2274
1.05, 2273
1.05, 2272
1.05, 2271
1.05, 2270
1.06, 2269
1.06, 2268
1.06, 2267
1.06, 2266
1.07, 2265
1.07, 2264
1.07, 2263
1.07, 2262
1.08, 2261
1.08, 2260
1.08, 2259
1.08, 2258
1.13, 2257
1.14, 2256
1.34, 2255
1.46, 2254
1.59, 2253
1.73, 2252
1.89, 2251
1.95, 2250
2.00, 2249
2.03, 2248
2.13, 2247
2.18, 2246
2.23, 2245
2.26, 2244
2.28, 2243
2.38, 2242
2.77, 2241
2.81, 2240
2.85, 2239
2.90, 2238
2.96, 2237
3.08, 2236
3.14, 2235
3.23, 2234
3.29, 2233
3.58, 2232
3.60, 2231
3.66, 2230
3.73, 2229
3.91, 2228
3.95, 2227
4.69, 2226
5.26, 2225
5.28, 2224
5.39, 2223
6.02, 2222
6.13, 2221
6.29, 2220
6.47, 2219
6.76, 2218
6.79, 2217
6.81, 2216
6.98, 2215
8.68, 2214
8.80, 2213
9.55, 2212
9.69, 2211
9.73, 2210
9.75, 2209
10.06, 2208
12.03, 2207
12.86, 2206
25.02, 2205
135.99, 2204
144.66, 2203
