0.99, 2277
0.99, 2276
1.00, 2275
1.00, 2274
1.00, 2273
1.01, 2272
1.01, 2271
1.01, 2270
1.01, 2269
1.02, 2268
1.02, 2267
1.02, 2266
1.02, 2265
1.03, 2264
1.03, 2263
1.03, 2262
1.03, 2261
1.04, 2260
1.04, 2259
1.04, 2258
1.08, 2257
1.11, 2256
1.28, 2255
1.38, 2254
1.47, 2253
1.56, 2252
1.70, 2251
1.75, 2250
1.77, 2249
1.83, 2248
1.91, 2247
1.95, 2246
2.00, 2245
2.04, 2244
2.07, 2243
2.12, 2242
2.41, 2241
2.44, 2240
2.49, 2239
2.53, 2238
2.59, 2237
2.63, 2236
2.71, 2235
2.78, 2234
2.78, 2233
3.06, 2232
3.07, 2231
3.12, 2230
3.15, 2229
3.38, 2228
3.47, 2227
3.57, 2226
3.62, 2225
3.68, 2224
4.00, 2223
4.99, 2222
5.61, 2221
5.68, 2220
5.71, 2219
6.11, 2218
6.28, 2217
6.29, 2216
6.30, 2215
7.74, 2214
8.29, 2213
8.63, 2212
8.69, 2211
8.74, 2210
8.75, 2209
8.94, 2208
20.49, 2207
23.25, 2206
38.33, 2205
39.28, 2204
56.97, 2203
