0.91, 2277
0.92, 2276
0.92, 2275
0.92, 2274
0.92, 2273
0.93, 2272
0.93, 2271
0.93, 2270
0.93, 2269
0.94, 2268
0.94, 2267
0.94, 2266
0.94, 2265
0.95, 2264
0.95, 2263
0.95, 2262
0.96, 2261
0.96, 2260
0.96, 2259
0.96, 2258
1.01, 2257
1.02, 2256
1.41, 2255
1.52, 2254
1.74, 2253
1.83, 2252
1.96, 2251
2.00, 2250
2.05, 2249
2.08, 2248
2.17, 2247
2.24, 2246
2.28, 2245
2.32, 2244
2.35, 2243
2.41, 2242
2.79, 2241
2.86, 2240
2.91, 2239
2.99, 2238
3.03, 2237
3.11, 2236
3.13, 2235
3.21, 2234
3.22, 2233
3.44, 2232
3.46, 2231
3.52, 2230
3.53, 2229
3.57, 2228
3.66, 2227
3.87, 2226
3.95, 2225
3.98, 2224
5.58, 2223
5.64, 2222
5.71, 2221
5.88, 2220
6.52, 2219
6.62, 2218
6.93, 2217
7.07, 2216
7.24, 2215
7.25, 2214
7.27, 2213
9.39, 2212
9.49, 2211
9.58, 2210
9.65, 2209
9.66, 2208
9.81, 2207
10.14, 2206
50.04, 2205
79.31, 2204
107.44, 2203
