1.30, 2277
1.30, 2276
1.31, 2275
1.31, 2274
1.31, 2273
1.32, 2272
1.32, 2271
1.32, 2270
1.33, 2269
1.33, 2268
1.33, 2267
1.34, 2266
1.34, 2265
1.34, 2264
1.34, 2263
1.35, 2262
1.35, 2261
1.35, 2260
1.36, 2259
1.36, 2258
1.42, 2257
1.43, 2256
1.69, 2255
1.80, 2254
1.95, 2253
2.05, 2252
2.25, 2251
2.30, 2250
2.33, 2249
2.37, 2248
2.48, 2247
2.54, 2246
2.60, 2245
2.65, 2244
2.66, 2243
2.73, 2242
3.06, 2241
3.12, 2240
3.15, 2239
3.21, 2238
3.24, 2237
3.40, 2236
3.41, 2235
3.74, 2234
3.83, 2233
3.84, 2232
3.88, 2231
3.95, 2230
4.19, 2229
4.22, 2228
4.24, 2227
5.12, 2226
5.26, 2225
5.63, 2224
5.75, 2223
5.85, 2222
6.48, 2221
6.58, 2220
6.59, 2219
6.98, 2218
7.13, 2217
7.14, 2216
7.15, 2215
8.68, 2214
8.70, 2213
9.35, 2212
9.47, 2211
9.61, 2210
9.67, 2209
9.67, 2208
9.82, 2207
25.49, 2206
26.20, 2205
37.38, 2204
92.16, 2203
