6.31, 4697
6.35, 4696
6.38, 4695
6.41, 4694
6.43, 4693
6.46, 4692
6.48, 4691
6.50, 4690
6.52, 4689
6.55, 4688
6.57, 4687
6.60, 4686
6.63, 4685
6.66, 4684
6.69, 4683
6.71, 4682
6.74, 4681
6.76, 4680
6.78, 4679
6.81, 4678
6.83, 4677
6.85, 4676
6.88, 4675
6.90, 4674
6.92, 4673
6.95, 4672
6.97, 4671
6.99, 4670
7.02, 4669
7.04, 4668
7.07, 4667
7.09, 4666
7.11, 4665
7.14, 4664
7.16, 4663
7.18, 4662
7.21, 4661
7.23, 4660
7.26, 4659
7.28, 4658
7.31, 4657
7.33, 4656
7.35, 4655
7.38, 4654
7.40, 4653
7.57, 4652
7.70, 4651
8.11, 4650
8.27, 4649
8.72, 4648
8.98, 4647
9.30, 4646
9.47, 4645
9.80, 4644
10.21, 4643
10.56, 4642
10.92, 4641
11.14, 4640
11.16, 4639
11.18, 4638
11.26, 4637
12.04, 4636
12.12, 4635
12.19, 4634
12.35, 4633
12.99, 4632
13.55, 4631
14.32, 4630
14.40, 4629
15.43, 4628
16.02, 4627
16.37, 4626
16.45, 4625
17.30, 4624
17.41, 4623
17.88, 4622
18.56, 4621
18.70, 4620
18.82, 4619
18.84, 4618
19.51, 4617
19.89, 4616
20.17, 4615
20.27, 4614
20.52, 4613
21.13, 4612
21.98, 4611
22.36, 4610
22.51, 4609
22.79, 4608
23.06, 4607
23.16, 4606
23.49, 4605
24.34, 4604
24.56, 4603
25.38, 4602
25.47, 4601
26.46, 4600
26.87, 4599
27.12, 4598
27.81, 4597
27.89, 4596
27.99, 4595
28.47, 4594
28.97, 4593
31.73, 4592
32.03, 4591
32.15, 4590
32.30, 4589
33.87, 4588
33.97, 4587
35.85, 4586
36.57, 4585
37.35, 4584
37.45, 4583
37.66, 4582
38.05, 4581
38.23, 4580
38.63, 4579
39.19, 4578
40.32, 4577
41.05, 4576
41.49, 4575
41.85, 4574
43.47, 4573
43.77, 4572
44.67, 4571
45.65, 4570
47.58, 4569
48.58, 4568
48.65, 4567
48.96, 4566
59.17, 4565
68.51, 4564
71.67, 4563
71.75, 4562
103.47, 4561
108.19, 4560
108.92, 4559
116.94, 4558
119.00, 4557
125.42, 4556
126.08, 4555
133.23, 4554
133.64, 4553
138.82, 4552
141.39, 4551
150.76, 4550
151.07, 4549
155.80, 4548
197.86, 4547
213.33, 4546
224.06, 4545
304.37, 4544
385.31, 4543
