6.53, 4697
6.57, 4696
6.59, 4695
6.63, 4694
6.67, 4693
6.69, 4692
6.71, 4691
6.75, 4690
6.78, 4689
6.82, 4688
6.84, 4687
6.86, 4686
6.89, 4685
6.91, 4684
6.94, 4683
6.97, 4682
7.01, 4681
7.05, 4680
7.09, 4679
7.11, 4678
7.14, 4677
7.17, 4676
7.19, 4675
7.21, 4674
7.23, 4673
7.25, 4672
7.28, 4671
7.30, 4670
7.32, 4669
7.34, 4668
7.36, 4667
7.39, 4666
7.41, 4665
7.45, 4664
7.48, 4663
7.52, 4662
7.56, 4661
7.60, 4660
7.63, 4659
7.67, 4658
7.71, 4657
7.75, 4656
7.78, 4655
7.82, 4654
7.86, 4653
8.13, 4652
8.22, 4651
8.67, 4650
8.86, 4649
9.25, 4648
9.44, 4647
9.71, 4646
9.98, 4645
10.32, 4644
10.83, 4643
11.23, 4642
11.76, 4641
11.92, 4640
11.95, 4639
11.97, 4638
12.09, 4637
13.23, 4636
13.27, 4635
13.43, 4634
13.72, 4633
14.47, 4632
15.05, 4631
15.91, 4630
15.93, 4629
17.00, 4628
17.62, 4627
17.92, 4626
18.68, 4625
18.79, 4624
19.63, 4623
20.25, 4622
20.43, 4621
20.47, 4620
20.67, 4619
20.97, 4618
21.44, 4617
21.60, 4616
21.78, 4615
22.06, 4614
22.57, 4613
23.75, 4612
23.82, 4611
24.02, 4610
24.18, 4609
24.61, 4608
25.07, 4607
25.40, 4606
26.29, 4605
27.51, 4604
27.54, 4603
29.26, 4602
29.42, 4601
30.11, 4600
30.13, 4599
30.27, 4598
30.79, 4597
31.28, 4596
34.70, 4595
34.94, 4594
35.03, 4593
35.12, 4592
35.29, 4591
37.02, 4590
38.79, 4589
39.05, 4588
39.29, 4587
39.31, 4586
39.75, 4585
40.28, 4584
40.49, 4583
40.94, 4582
41.59, 4581
41.61, 4580
42.67, 4579
42.92, 4578
43.75, 4577
44.22, 4576
45.45, 4575
47.00, 4574
48.61, 4573
50.92, 4572
51.17, 4571
52.40, 4570
53.67, 4569
59.09, 4568
61.88, 4567
64.18, 4566
67.92, 4565
76.65, 4564
117.94, 4563
117.97, 4562
121.20, 4561
125.35, 4560
126.70, 4559
126.73, 4558
128.01, 4557
131.25, 4556
140.59, 4555
144.43, 4554
148.24, 4553
151.31, 4552
162.94, 4551
168.38, 4550
168.73, 4549
173.68, 4548
219.99, 4547
226.68, 4546
251.23, 4545
305.03, 4544
313.93, 4543
