6.18, 4697
6.22, 4696
6.25, 4695
6.27, 4694
6.30, 4693
6.32, 4692
6.36, 4691
6.38, 4690
6.40, 4689
6.43, 4688
6.45, 4687
6.48, 4686
6.50, 4685
6.53, 4684
6.55, 4683
6.58, 4682
6.61, 4681
6.63, 4680
6.65, 4679
6.68, 4678
6.70, 4677
6.72, 4676
6.74, 4675
6.77, 4674
6.80, 4673
6.82, 4672
6.85, 4671
6.87, 4670
6.90, 4669
6.92, 4668
6.95, 4667
6.97, 4666
7.00, 4665
7.03, 4664
7.05, 4663
7.08, 4662
7.11, 4661
7.13, 4660
7.16, 4659
7.18, 4658
7.21, 4657
7.24, 4656
7.27, 4655
7.29, 4654
7.31, 4653
7.46, 4652
7.59, 4651
7.99, 4650
8.19, 4649
8.69, 4648
8.87, 4647
9.12, 4646
9.52, 4645
9.55, 4644
9.98, 4643
10.49, 4642
10.75, 4641
11.00, 4640
11.03, 4639
11.05, 4638
11.21, 4637
11.90, 4636
11.98, 4635
12.06, 4634
12.22, 4633
12.88, 4632
13.36, 4631
14.13, 4630
14.20, 4629
15.10, 4628
15.90, 4627
15.98, 4626
16.73, 4625
16.82, 4624
17.33, 4623
17.93, 4622
18.14, 4621
18.24, 4620
18.27, 4619
18.72, 4618
19.17, 4617
19.51, 4616
19.59, 4615
19.95, 4614
20.43, 4613
21.56, 4612
21.87, 4611
22.08, 4610
22.35, 4609
22.57, 4608
23.09, 4607
23.80, 4606
24.19, 4605
25.09, 4604
25.12, 4603
26.64, 4602
26.82, 4601
27.56, 4600
27.59, 4599
27.84, 4598
28.42, 4597
28.79, 4596
29.37, 4595
31.65, 4594
32.05, 4593
32.08, 4592
32.20, 4591
32.42, 4590
32.52, 4589
33.57, 4588
35.80, 4587
36.08, 4586
36.58, 4585
37.22, 4584
37.24, 4583
37.40, 4582
37.57, 4581
37.95, 4580
38.83, 4579
40.01, 4578
40.89, 4577
41.02, 4576
42.40, 4575
44.05, 4574
45.25, 4573
46.55, 4572
47.59, 4571
48.04, 4570
48.45, 4569
49.33, 4568
57.25, 4567
57.34, 4566
68.44, 4565
70.23, 4564
97.59, 4563
97.88, 4562
99.88, 4561
102.14, 4560
106.56, 4559
109.93, 4558
112.41, 4557
112.75, 4556
112.78, 4555
119.60, 4554
119.68, 4553
121.47, 4552
129.62, 4551
130.67, 4550
132.68, 4549
197.27, 4548
204.66, 4547
217.02, 4546
281.88, 4545
297.60, 4544
