6.48, 4697
6.52, 4696
6.55, 4695
6.57, 4694
6.59, 4693
6.61, 4692
6.64, 4691
6.66, 4690
6.69, 4689
6.71, 4688
6.76, 4687
6.80, 4686
6.84, 4685
6.86, 4684
6.89, 4683
6.91, 4682
6.93, 4681
6.96, 4680
6.99, 4679
7.01, 4678
7.03, 4677
7.05, 4676
7.07, 4675
7.11, 4674
7.13, 4673
7.15, 4672
7.17, 4671
7.20, 4670
7.22, 4669
7.24, 4668
7.27, 4667
7.29, 4666
7.32, 4665
7.34, 4664
7.36, 4663
7.39, 4662
7.41, 4661
7.44, 4660
7.46, 4659
7.50, 4658
7.52, 4657
7.54, 4656
7.57, 4655
7.60, 4654
7.62, 4653
7.74, 4652
8.03, 4651
8.40, 4650
8.64, 4649
9.12, 4648
9.34, 4647
9.74, 4646
9.99, 4645
10.18, 4644
10.64, 4643
11.02, 4642
11.41, 4641
11.67, 4640
11.69, 4639
11.71, 4638
11.84, 4637
12.98, 4636
13.10, 4635
13.17, 4634
13.31, 4633
13.94, 4632
14.42, 4631
15.09, 4630
15.15, 4629
16.03, 4628
16.55, 4627
17.02, 4626
17.14, 4625
17.82, 4624
17.99, 4623
18.40, 4622
19.06, 4621
19.23, 4620
19.37, 4619
19.39, 4618
19.95, 4617
20.36, 4616
20.54, 4615
20.64, 4614
20.92, 4613
21.36, 4612
22.61, 4611
23.00, 4610
23.14, 4609
23.62, 4608
23.64, 4607
23.76, 4606
24.23, 4605
25.01, 4604
25.29, 4603
26.25, 4602
26.35, 4601
27.64, 4600
27.80, 4599
28.61, 4598
28.84, 4597
29.00, 4596
29.46, 4595
29.67, 4594
30.15, 4593
32.54, 4592
32.83, 4591
32.94, 4590
34.51, 4589
34.76, 4588
37.09, 4587
37.65, 4586
37.67, 4585
38.06, 4584
38.64, 4583
39.26, 4582
40.01, 4581
40.63, 4580
42.45, 4579
44.06, 4578
44.56, 4577
45.07, 4576
45.66, 4575
47.18, 4574
48.41, 4573
49.87, 4572
50.36, 4571
50.74, 4570
56.66, 4569
59.12, 4568
70.45, 4567
112.71, 4566
113.80, 4565
114.99, 4564
116.71, 4563
126.91, 4562
127.02, 4561
132.62, 4560
135.55, 4559
142.27, 4558
143.51, 4557
145.61, 4556
158.40, 4555
160.32, 4554
203.65, 4553
222.07, 4552
226.71, 4551
233.26, 4550
241.35, 4549
242.80, 4548
301.92, 4547
313.33, 4546
323.15, 4545
359.75, 4544
443.07, 4543
