5.24, 7374
5.26, 7373
5.28, 7372
5.29, 7371
5.31, 7370
5.32, 7369
5.34, 7368
5.35, 7367
5.37, 7366
5.38, 7365
5.39, 7364
5.41, 7363
5.42, 7362
5.45, 7361
5.46, 7360
5.48, 7359
5.50, 7358
5.53, 7357
5.55, 7356
5.57, 7355
5.59, 7354
5.60, 7353
5.62, 7352
5.65, 7351
5.67, 7350
5.69, 7349
5.70, 7348
5.72, 7347
5.73, 7346
8.77, 7345
12.70, 7344
13.32, 7343
13.36, 7342
14.86, 7341
23.12, 7340
24.98, 7339
27.06, 7338
27.10, 7337
27.20, 7336
27.24, 7335
27.36, 7334
27.40, 7333
27.50, 7332
27.57, 7331
27.59, 7330
27.80, 7329
27.84, 7328
27.94, 7327
27.98, 7326
28.12, 7325
28.15, 7324
28.44, 7323
28.48, 7322
28.58, 7321
28.62, 7320
28.72, 7319
28.76, 7318
28.87, 7317
28.91, 7316
28.92, 7315
29.02, 7314
29.17, 7313
29.21, 7312
29.32, 7311
29.37, 7310
29.47, 7309
29.52, 7308
29.53, 7307
29.54, 7306
29.56, 7305
29.71, 7304
29.76, 7303
29.86, 7302
29.90, 7301
29.91, 7300
30.01, 7299
30.06, 7298
30.32, 7297
30.44, 7296
30.48, 7295
30.58, 7294
30.62, 7293
30.63, 7292
30.65, 7291
30.82, 7290
30.95, 7289
30.99, 7288
31.09, 7287
31.19, 7286
31.25, 7285
31.30, 7284
31.31, 7283
31.41, 7282
31.45, 7281
31.55, 7280
31.59, 7279
31.69, 7278
31.74, 7277
31.88, 7276
31.93, 7275
31.94, 7274
31.96, 7273
31.97, 7272
31.98, 7271
32.12, 7270
32.16, 7269
32.26, 7268
32.30, 7267
32.40, 7266
32.44, 7265
32.54, 7264
32.58, 7263
32.59, 7262
32.69, 7261
32.73, 7260
32.83, 7259
32.87, 7258
32.97, 7257
33.04, 7256
33.14, 7255
33.19, 7254
33.26, 7253
33.29, 7252
33.45, 7251
33.53, 7250
33.67, 7249
33.72, 7248
33.82, 7247
33.87, 7246
33.97, 7245
34.02, 7244
34.03, 7243
34.15, 7242
34.19, 7241
34.30, 7240
34.35, 7239
34.46, 7238
34.51, 7237
34.61, 7236
34.65, 7235
34.66, 7234
34.68, 7233
34.69, 7232
34.84, 7231
34.88, 7230
34.98, 7229
35.02, 7228
35.12, 7227
35.16, 7226
35.28, 7225
35.32, 7224
35.34, 7223
35.54, 7222
35.64, 7221
35.68, 7220
35.78, 7219
35.82, 7218
35.97, 7217
35.99, 7216
36.00, 7215
36.02, 7214
36.26, 7213
36.31, 7212
36.41, 7211
36.45, 7210
36.57, 7209
36.62, 7208
36.74, 7207
36.78, 7206
36.80, 7205
36.91, 7204
36.96, 7203
37.08, 7202
37.13, 7201
37.24, 7200
37.28, 7199
37.38, 7198
37.42, 7197
37.43, 7196
37.44, 7195
37.46, 7194
37.47, 7193
37.62, 7192
37.67, 7191
37.83, 7190
37.99, 7189
38.03, 7188
38.13, 7187
38.17, 7186
38.18, 7185
38.28, 7184
38.33, 7183
38.43, 7182
38.48, 7181
38.59, 7180
38.63, 7179
38.77, 7178
38.80, 7177
38.81, 7176
38.82, 7175
38.96, 7174
39.17, 7173
39.21, 7172
39.29, 7171
39.33, 7170
39.38, 7169
39.48, 7168
39.52, 7167
39.54, 7166
39.64, 7165
39.69, 7164
39.80, 7163
39.84, 7162
39.94, 7161
40.06, 7160
40.10, 7159
40.13, 7158
40.14, 7157
40.35, 7156
40.39, 7155
40.51, 7154
40.55, 7153
40.57, 7152
40.67, 7151
40.71, 7150
40.81, 7149
40.86, 7148
40.95, 7147
41.00, 7146
41.09, 7145
41.13, 7144
41.15, 7143
41.16, 7142
41.30, 7141
41.34, 7140
41.44, 7139
41.49, 7138
41.59, 7137
41.63, 7136
41.73, 7135
41.80, 7134
41.81, 7133
41.93, 7132
41.98, 7131
42.08, 7130
42.13, 7129
42.23, 7128
42.27, 7127
42.38, 7126
42.42, 7125
42.44, 7124
42.45, 7123
42.47, 7122
42.49, 7121
42.64, 7120
42.68, 7119
42.79, 7118
42.83, 7117
42.93, 7116
42.97, 7115
43.08, 7114
43.12, 7113
43.13, 7112
43.23, 7111
43.28, 7110
43.43, 7109
43.55, 7108
43.59, 7107
43.69, 7106
43.74, 7105
43.75, 7104
43.76, 7103
43.92, 7102
43.97, 7101
44.06, 7100
44.11, 7099
44.21, 7098
44.26, 7097
44.35, 7096
44.39, 7095
44.41, 7094
44.51, 7093
44.55, 7092
44.65, 7091
44.69, 7090
44.79, 7089
44.84, 7088
44.94, 7087
44.98, 7086
44.99, 7085
45.01, 7084
45.02, 7083
45.16, 7082
45.20, 7081
45.29, 7080
45.34, 7079
45.49, 7078
45.64, 7077
45.68, 7076
45.69, 7075
45.79, 7074
45.83, 7073
45.94, 7072
45.98, 7071
46.11, 7070
46.16, 7069
46.25, 7068
46.29, 7067
46.31, 7066
46.32, 7065
46.46, 7064
46.50, 7063
46.60, 7062
46.64, 7061
46.74, 7060
46.78, 7059
46.88, 7058
46.92, 7057
46.94, 7056
47.05, 7055
47.09, 7054
47.19, 7053
47.24, 7052
47.34, 7051
47.41, 7050
47.51, 7049
47.55, 7048
47.57, 7047
47.58, 7046
47.60, 7045
47.61, 7044
47.63, 7043
47.64, 7042
47.66, 7041
47.67, 7040
47.69, 7039
47.70, 7038
47.72, 7037
47.73, 7036
47.75, 7035
47.76, 7034
47.78, 7033
49.02, 7032
51.72, 7031
53.80, 7030
53.81, 7029
53.92, 7028
54.01, 7027
54.12, 7026
54.62, 7025
54.74, 7024
54.80, 7023
54.92, 7022
54.94, 7021
55.02, 7020
55.17, 7019
55.59, 7018
55.69, 7017
55.71, 7016
55.73, 7015
56.54, 7014
56.63, 7013
56.68, 7012
56.94, 7011
57.11, 7010
57.72, 7009
58.08, 7008
58.19, 7007
58.20, 7006
59.52, 7005
59.76, 7004
59.87, 7003
60.04, 7002
60.09, 7001
60.19, 7000
63.04, 6999
64.10, 6998
64.85, 6997
65.28, 6996
67.05, 6995
67.40, 6994
67.60, 6993
67.61, 6992
67.66, 6991
67.81, 6990
67.83, 6989
67.89, 6988
68.02, 6987
68.04, 6986
68.38, 6985
68.39, 6984
68.68, 6983
68.77, 6982
68.79, 6981
68.91, 6980
68.98, 6979
69.85, 6978
69.93, 6977
69.95, 6976
70.68, 6975
70.95, 6974
71.68, 6973
72.18, 6972
72.20, 6971
72.38, 6970
72.97, 6969
73.07, 6968
73.12, 6967
73.25, 6966
73.59, 6965
73.71, 6964
73.80, 6963
74.14, 6962
74.46, 6961
74.80, 6960
75.78, 6959
76.37, 6958
76.64, 6957
76.98, 6956
79.47, 6955
79.98, 6954
81.55, 6953
84.86, 6952
89.12, 6951
89.17, 6950
89.36, 6949
89.74, 6948
90.23, 6947
90.24, 6946
91.36, 6945
91.57, 6944
111.79, 6943
112.06, 6942
112.53, 6941
112.64, 6940
117.54, 6939
117.59, 6938
118.06, 6937
118.28, 6936
120.24, 6935
121.48, 6934
122.12, 6933
122.24, 6932
126.31, 6931
127.10, 6930
129.37, 6929
132.17, 6928
132.46, 6927
134.05, 6926
134.21, 6925
167.86, 6924
168.97, 6923
188.09, 6922
190.44, 6921
224.64, 6920
225.48, 6919
252.57, 6918
255.28, 6917
314.25, 6916
342.59, 6915
409.26, 6914
442.98, 6913
