5.73, 7374
5.75, 7373
5.77, 7372
5.78, 7371
5.79, 7370
5.81, 7369
5.82, 7368
5.83, 7367
5.85, 7366
5.87, 7365
5.89, 7364
5.90, 7363
5.92, 7362
5.93, 7361
5.94, 7360
5.96, 7359
5.97, 7358
6.00, 7357
6.01, 7356
6.02, 7355
6.04, 7354
6.05, 7353
6.07, 7352
6.08, 7351
6.10, 7350
6.11, 7349
6.12, 7348
6.14, 7347
6.16, 7346
9.25, 7345
13.29, 7344
13.85, 7343
13.92, 7342
15.50, 7341
23.54, 7340
25.32, 7339
27.18, 7338
27.23, 7337
27.33, 7336
27.37, 7335
27.48, 7334
27.52, 7333
27.62, 7332
27.66, 7331
27.68, 7330
27.87, 7329
27.91, 7328
28.01, 7327
28.05, 7326
28.19, 7325
28.21, 7324
28.56, 7323
28.60, 7322
28.70, 7321
28.75, 7320
28.85, 7319
28.89, 7318
29.00, 7317
29.04, 7316
29.06, 7315
29.16, 7314
29.31, 7313
29.35, 7312
29.48, 7311
29.55, 7310
29.65, 7309
29.69, 7308
29.70, 7307
29.71, 7306
29.73, 7305
29.86, 7304
29.90, 7303
30.01, 7302
30.05, 7301
30.07, 7300
30.16, 7299
30.22, 7298
30.35, 7297
30.49, 7296
30.57, 7295
30.66, 7294
30.70, 7293
30.72, 7292
30.73, 7291
30.99, 7290
31.06, 7289
31.11, 7288
31.21, 7287
31.27, 7286
31.36, 7285
31.40, 7284
31.41, 7283
31.52, 7282
31.56, 7281
31.69, 7280
31.74, 7279
31.84, 7278
31.89, 7277
31.98, 7276
32.02, 7275
32.04, 7274
32.05, 7273
32.06, 7272
32.08, 7271
32.21, 7270
32.26, 7269
32.36, 7268
32.40, 7267
32.50, 7266
32.54, 7265
32.65, 7264
32.69, 7263
32.70, 7262
32.80, 7261
32.86, 7260
32.97, 7259
33.01, 7258
33.11, 7257
33.18, 7256
33.32, 7255
33.37, 7254
33.39, 7253
33.41, 7252
33.60, 7251
33.64, 7250
33.75, 7249
33.79, 7248
33.90, 7247
33.96, 7246
34.08, 7245
34.12, 7244
34.13, 7243
34.23, 7242
34.27, 7241
34.37, 7240
34.42, 7239
34.51, 7238
34.55, 7237
34.65, 7236
34.69, 7235
34.70, 7234
34.72, 7233
34.73, 7232
34.86, 7231
34.91, 7230
35.02, 7229
35.07, 7228
35.18, 7227
35.23, 7226
35.33, 7225
35.37, 7224
35.38, 7223
35.56, 7222
35.64, 7221
35.69, 7220
35.79, 7219
35.83, 7218
35.98, 7217
35.99, 7216
36.01, 7215
36.07, 7214
36.19, 7213
36.24, 7212
36.34, 7211
36.38, 7210
36.49, 7209
36.53, 7208
36.64, 7207
36.68, 7206
36.69, 7205
36.79, 7204
36.83, 7203
36.96, 7202
37.00, 7201
37.13, 7200
37.18, 7199
37.28, 7198
37.32, 7197
37.33, 7196
37.35, 7195
37.36, 7194
37.37, 7193
37.51, 7192
37.56, 7191
37.72, 7190
37.97, 7189
38.01, 7188
38.12, 7187
38.16, 7186
38.17, 7185
38.28, 7184
38.32, 7183
38.43, 7182
38.47, 7181
38.57, 7180
38.61, 7179
38.72, 7178
38.76, 7177
38.77, 7176
38.79, 7175
38.92, 7174
39.10, 7173
39.14, 7172
39.22, 7171
39.29, 7170
39.34, 7169
39.44, 7168
39.49, 7167
39.50, 7166
39.60, 7165
39.64, 7164
39.75, 7163
39.79, 7162
39.89, 7161
40.00, 7160
40.05, 7159
40.07, 7158
40.09, 7157
40.30, 7156
40.34, 7155
40.43, 7154
40.47, 7153
40.49, 7152
40.62, 7151
40.66, 7150
40.75, 7149
40.81, 7148
40.92, 7147
40.96, 7146
41.05, 7145
41.11, 7144
41.12, 7143
41.13, 7142
41.32, 7141
41.36, 7140
41.45, 7139
41.50, 7138
41.60, 7137
41.65, 7136
41.79, 7135
41.83, 7134
41.84, 7133
41.98, 7132
42.02, 7131
42.11, 7130
42.15, 7129
42.26, 7128
42.30, 7127
42.40, 7126
42.45, 7125
42.46, 7124
42.47, 7123
42.49, 7122
42.50, 7121
42.64, 7120
42.67, 7119
42.78, 7118
42.82, 7117
42.92, 7116
42.96, 7115
43.07, 7114
43.11, 7113
43.12, 7112
43.22, 7111
43.26, 7110
43.41, 7109
43.58, 7108
43.63, 7107
43.73, 7106
43.78, 7105
43.79, 7104
43.80, 7103
43.97, 7102
44.01, 7101
44.12, 7100
44.16, 7099
44.27, 7098
44.31, 7097
44.40, 7096
44.45, 7095
44.46, 7094
44.55, 7093
44.60, 7092
44.72, 7091
44.76, 7090
44.86, 7089
44.91, 7088
45.00, 7087
45.04, 7086
45.05, 7085
45.07, 7084
45.08, 7083
45.23, 7082
45.27, 7081
45.36, 7080
45.40, 7079
45.54, 7078
45.66, 7077
45.71, 7076
45.72, 7075
45.82, 7074
45.86, 7073
45.96, 7072
46.01, 7071
46.11, 7070
46.15, 7069
46.26, 7068
46.30, 7067
46.32, 7066
46.33, 7065
46.47, 7064
46.51, 7063
46.61, 7062
46.65, 7061
46.75, 7060
46.79, 7059
46.91, 7058
46.96, 7057
46.97, 7056
47.07, 7055
47.11, 7054
47.21, 7053
47.25, 7052
47.37, 7051
47.41, 7050
47.50, 7049
47.55, 7048
47.56, 7047
47.58, 7046
47.59, 7045
47.62, 7044
47.64, 7043
47.66, 7042
47.67, 7041
47.69, 7040
47.70, 7039
47.72, 7038
47.74, 7037
47.75, 7036
47.77, 7035
47.78, 7034
47.80, 7033
50.97, 7032
52.79, 7031
52.82, 7030
53.10, 7029
53.15, 7028
53.43, 7027
53.64, 7026
54.13, 7025
54.28, 7024
54.32, 7023
54.39, 7022
54.40, 7021
54.46, 7020
55.13, 7019
55.79, 7018
56.01, 7017
56.19, 7016
56.73, 7015
58.19, 7014
58.65, 7013
58.67, 7012
58.86, 7011
58.98, 7010
61.18, 7009
62.81, 7008
63.46, 7007
64.09, 7006
66.00, 7005
66.32, 7004
67.11, 7003
67.25, 7002
67.30, 7001
67.36, 7000
67.38, 6999
67.50, 6998
67.55, 6997
67.66, 6996
67.68, 6995
68.01, 6994
68.02, 6993
68.22, 6992
68.34, 6991
68.36, 6990
68.68, 6989
69.23, 6988
69.61, 6987
69.78, 6986
69.80, 6985
70.05, 6984
70.62, 6983
71.56, 6982
71.61, 6981
72.07, 6980
72.08, 6979
72.19, 6978
72.90, 6977
73.02, 6976
73.22, 6975
73.48, 6974
74.13, 6973
74.36, 6972
75.47, 6971
76.17, 6970
76.31, 6969
78.22, 6968
78.31, 6967
78.67, 6966
78.85, 6965
79.86, 6964
80.62, 6963
81.05, 6962
83.79, 6961
84.38, 6960
84.43, 6959
84.94, 6958
85.14, 6957
86.04, 6956
88.69, 6955
90.51, 6954
92.04, 6953
95.23, 6952
99.10, 6951
99.12, 6950
112.78, 6949
113.13, 6948
113.32, 6947
113.69, 6946
113.74, 6945
114.98, 6944
120.23, 6943
120.51, 6942
121.09, 6941
122.82, 6940
126.95, 6939
128.69, 6938
133.94, 6937
134.45, 6936
148.77, 6935
151.33, 6934
151.43, 6933
151.45, 6932
151.82, 6931
189.09, 6930
189.78, 6929
189.88, 6928
194.19, 6927
204.65, 6926
205.58, 6925
208.07, 6924
227.47, 6923
242.62, 6922
317.67, 6921
318.53, 6920
319.35, 6919
323.06, 6918
332.57, 6917
336.20, 6916
358.25, 6915
361.29, 6914
366.91, 6913
402.86, 6912
402.97, 6911
412.50, 6910
