5.72, 7374
5.74, 7373
5.76, 7372
5.78, 7371
5.81, 7370
5.82, 7369
5.84, 7368
5.85, 7367
5.87, 7366
5.89, 7365
5.92, 7364
5.93, 7363
5.95, 7362
5.96, 7361
5.97, 7360
5.99, 7359
6.00, 7358
6.02, 7357
6.03, 7356
6.04, 7355
6.06, 7354
6.07, 7353
6.09, 7352
6.10, 7351
6.12, 7350
6.13, 7349
6.15, 7348
6.16, 7347
6.18, 7346
9.68, 7345
14.44, 7344
15.03, 7343
15.07, 7342
16.48, 7341
25.53, 7340
27.77, 7339
30.10, 7338
30.14, 7337
30.25, 7336
30.32, 7335
30.51, 7334
30.59, 7333
30.77, 7332
30.85, 7331
30.87, 7330
31.09, 7329
31.14, 7328
31.24, 7327
31.32, 7326
31.48, 7325
31.51, 7324
31.78, 7323
31.83, 7322
31.99, 7321
32.07, 7320
32.25, 7319
32.32, 7318
32.42, 7317
32.47, 7316
32.48, 7315
32.58, 7314
32.73, 7313
32.78, 7312
32.88, 7311
32.92, 7310
33.02, 7309
33.22, 7308
33.23, 7307
33.24, 7306
33.27, 7305
33.40, 7304
33.45, 7303
33.56, 7302
33.60, 7301
33.61, 7300
33.71, 7299
33.76, 7298
33.92, 7297
34.03, 7296
34.08, 7295
34.19, 7294
34.25, 7293
34.26, 7292
34.28, 7291
34.46, 7290
34.59, 7289
34.63, 7288
34.73, 7287
34.84, 7286
34.88, 7285
34.92, 7284
34.93, 7283
35.03, 7282
35.07, 7281
35.17, 7280
35.22, 7279
35.32, 7278
35.36, 7277
35.46, 7276
35.50, 7275
35.51, 7274
35.52, 7273
35.54, 7272
35.55, 7271
35.69, 7270
35.74, 7269
35.84, 7268
35.89, 7267
35.99, 7266
36.04, 7265
36.14, 7264
36.18, 7263
36.19, 7262
36.29, 7261
36.35, 7260
36.45, 7259
36.50, 7258
36.60, 7257
36.64, 7256
36.73, 7255
36.77, 7254
36.79, 7253
36.80, 7252
36.94, 7251
36.98, 7250
37.08, 7249
37.12, 7248
37.22, 7247
37.26, 7246
37.36, 7245
37.40, 7244
37.41, 7243
37.52, 7242
37.56, 7241
37.66, 7240
37.70, 7239
37.79, 7238
37.83, 7237
37.95, 7236
37.99, 7235
38.00, 7234
38.03, 7233
38.04, 7232
38.21, 7231
38.27, 7230
38.37, 7229
38.42, 7228
38.54, 7227
38.58, 7226
38.68, 7225
38.72, 7224
38.73, 7223
38.87, 7222
39.02, 7221
39.06, 7220
39.16, 7219
39.20, 7218
39.34, 7217
39.35, 7216
39.37, 7215
39.43, 7214
39.56, 7213
39.60, 7212
39.69, 7211
39.73, 7210
39.83, 7209
39.87, 7208
39.96, 7207
40.01, 7206
40.02, 7205
40.12, 7204
40.16, 7203
40.27, 7202
40.31, 7201
40.41, 7200
40.45, 7199
40.55, 7198
40.60, 7197
40.61, 7196
40.62, 7195
40.63, 7194
40.65, 7193
40.78, 7192
40.82, 7191
41.03, 7190
41.07, 7189
41.11, 7188
41.26, 7187
41.30, 7186
41.31, 7185
41.41, 7184
41.45, 7183
41.55, 7182
41.60, 7181
41.69, 7180
41.73, 7179
41.88, 7178
41.89, 7177
41.90, 7176
41.95, 7175
42.09, 7174
42.24, 7173
42.29, 7172
42.39, 7171
42.40, 7170
42.45, 7169
42.55, 7168
42.59, 7167
42.60, 7166
42.71, 7165
42.75, 7164
42.85, 7163
42.90, 7162
43.01, 7161
43.12, 7160
43.16, 7159
43.19, 7158
43.20, 7157
43.42, 7156
43.46, 7155
43.55, 7154
43.60, 7153
43.61, 7152
43.71, 7151
43.75, 7150
43.85, 7149
43.89, 7148
43.99, 7147
44.03, 7146
44.13, 7145
44.18, 7144
44.19, 7143
44.20, 7142
44.34, 7141
44.39, 7140
44.48, 7139
44.53, 7138
44.66, 7137
44.70, 7136
44.79, 7135
44.83, 7134
44.84, 7133
44.94, 7132
44.98, 7131
45.08, 7130
45.12, 7129
45.22, 7128
45.26, 7127
45.36, 7126
45.40, 7125
45.42, 7124
45.43, 7123
45.45, 7122
45.47, 7121
45.61, 7120
45.66, 7119
45.75, 7118
45.79, 7117
45.89, 7116
45.93, 7115
46.03, 7114
46.07, 7113
46.08, 7112
46.18, 7111
46.22, 7110
46.44, 7109
46.51, 7108
46.55, 7107
46.65, 7106
46.69, 7105
46.70, 7104
46.72, 7103
46.86, 7102
46.90, 7101
47.01, 7100
47.05, 7099
47.15, 7098
47.19, 7097
47.29, 7096
47.33, 7095
47.35, 7094
47.44, 7093
47.48, 7092
47.57, 7091
47.62, 7090
47.71, 7089
47.76, 7088
47.85, 7087
47.89, 7086
47.90, 7085
47.92, 7084
47.93, 7083
48.08, 7082
48.13, 7081
48.23, 7080
48.27, 7079
48.41, 7078
48.57, 7077
48.61, 7076
48.63, 7075
48.73, 7074
48.77, 7073
48.87, 7072
48.91, 7071
49.01, 7070
49.05, 7069
49.15, 7068
49.19, 7067
49.20, 7066
49.22, 7065
49.35, 7064
49.40, 7063
49.49, 7062
49.53, 7061
49.63, 7060
49.67, 7059
49.77, 7058
49.82, 7057
49.83, 7056
49.93, 7055
49.97, 7054
50.07, 7053
50.12, 7052
50.22, 7051
50.26, 7050
50.36, 7049
50.41, 7048
50.42, 7047
50.44, 7046
50.45, 7045
50.47, 7044
50.49, 7043
50.50, 7042
50.52, 7041
50.54, 7040
50.55, 7039
50.57, 7038
50.59, 7037
50.61, 7036
50.63, 7035
50.65, 7034
50.66, 7033
51.84, 7032
54.48, 7031
56.50, 7030
56.53, 7029
56.71, 7028
56.80, 7027
56.93, 7026
57.54, 7025
57.61, 7024
57.68, 7023
57.81, 7022
57.83, 7021
57.88, 7020
58.64, 7019
58.69, 7018
58.71, 7017
58.73, 7016
59.43, 7015
59.51, 7014
59.76, 7013
60.02, 7012
60.51, 7011
60.60, 7010
60.65, 7009
60.67, 7008
62.11, 7007
62.96, 7006
63.06, 7005
63.10, 7004
65.35, 7003
66.55, 7002
67.91, 7001
68.37, 7000
68.85, 6999
70.26, 6998
70.33, 6997
70.76, 6996
70.85, 6995
70.94, 6994
71.01, 6993
71.11, 6992
71.13, 6991
71.31, 6990
71.33, 6989
71.53, 6988
71.58, 6987
71.59, 6986
71.85, 6985
72.54, 6984
72.59, 6983
72.67, 6982
72.75, 6981
72.84, 6980
72.92, 6979
72.97, 6978
72.99, 6977
73.77, 6976
74.85, 6975
74.90, 6974
75.31, 6973
75.47, 6972
75.48, 6971
75.64, 6970
76.36, 6969
76.38, 6968
76.62, 6967
77.28, 6966
77.42, 6965
77.77, 6964
77.84, 6963
78.33, 6962
79.05, 6961
79.10, 6960
79.88, 6959
80.14, 6958
80.36, 6957
82.30, 6956
83.01, 6955
84.49, 6954
85.46, 6953
85.54, 6952
89.36, 6951
104.94, 6950
109.34, 6949
109.36, 6948
109.96, 6947
110.01, 6946
112.09, 6945
112.21, 6944
115.31, 6943
116.04, 6942
116.72, 6941
118.36, 6940
118.43, 6939
118.65, 6938
119.52, 6937
122.09, 6936
122.12, 6935
122.17, 6934
122.25, 6933
122.27, 6932
122.70, 6931
124.22, 6930
126.56, 6929
131.53, 6928
167.57, 6927
176.37, 6926
183.55, 6925
185.91, 6924
228.55, 6923
254.03, 6922
268.06, 6921
307.61, 6920
308.08, 6919
313.00, 6918
313.10, 6917
358.87, 6916
390.09, 6915
403.13, 6914
