5.67, 4697
5.72, 4696
5.74, 4695
5.76, 4694
5.79, 4693
5.81, 4692
5.84, 4691
5.86, 4690
5.90, 4689
5.93, 4688
5.95, 4687
5.98, 4686
6.00, 4685
6.02, 4684
6.05, 4683
6.07, 4682
6.11, 4681
6.13, 4680
6.17, 4679
6.19, 4678
6.21, 4677
6.24, 4676
6.27, 4675
6.29, 4674
6.32, 4673
6.34, 4672
6.36, 4671
6.39, 4670
6.41, 4669
6.43, 4668
6.46, 4667
6.49, 4666
6.52, 4665
6.54, 4664
6.56, 4663
6.59, 4662
6.61, 4661
6.64, 4660
6.67, 4659
6.69, 4658
6.71, 4657
6.74, 4656
6.76, 4655
6.79, 4654
6.81, 4653
6.96, 4652
7.09, 4651
7.53, 4650
7.80, 4649
8.32, 4648
8.42, 4647
8.83, 4646
9.05, 4645
9.28, 4644
9.75, 4643
10.10, 4642
10.50, 4641
10.65, 4640
10.67, 4639
10.80, 4638
10.83, 4637
11.71, 4636
11.73, 4635
11.86, 4634
12.18, 4633
12.73, 4632
13.25, 4631
14.10, 4630
14.12, 4629
15.06, 4628
15.80, 4627
15.94, 4626
16.84, 4625
17.03, 4624
17.59, 4623
18.16, 4622
18.35, 4621
18.39, 4620
18.52, 4619
19.26, 4618
19.87, 4617
20.08, 4616
20.17, 4615
20.44, 4614
21.45, 4613
22.40, 4612
22.47, 4611
22.80, 4610
22.92, 4609
23.29, 4608
23.73, 4607
23.88, 4606
24.36, 4605
25.92, 4604
26.71, 4603
26.73, 4602
28.25, 4601
28.56, 4600
29.76, 4599
29.83, 4598
29.99, 4597
30.43, 4596
30.66, 4595
31.97, 4594
35.33, 4593
35.66, 4592
35.78, 4591
37.30, 4590
39.92, 4589
41.48, 4588
41.60, 4587
41.82, 4586
42.49, 4585
43.07, 4584
43.59, 4583
44.15, 4582
44.91, 4581
44.94, 4580
46.23, 4579
46.95, 4578
47.05, 4577
48.86, 4576
49.20, 4575
50.32, 4574
51.84, 4573
52.72, 4572
53.66, 4571
54.35, 4570
54.84, 4569
55.02, 4568
55.66, 4567
61.41, 4566
62.53, 4565
105.21, 4564
124.85, 4563
125.97, 4562
127.89, 4561
127.96, 4560
131.66, 4559
133.72, 4558
134.28, 4557
135.81, 4556
136.23, 4555
136.41, 4554
143.20, 4553
147.06, 4552
149.66, 4551
155.99, 4550
164.99, 4549
168.00, 4548
217.73, 4547
246.91, 4546
252.62, 4545
312.38, 4544
451.49, 4543
590.47, 4542
