6.18, 4697
6.23, 4696
6.25, 4695
6.27, 4694
6.30, 4693
6.32, 4692
6.34, 4691
6.37, 4690
6.39, 4689
6.41, 4688
6.44, 4687
6.46, 4686
6.49, 4685
6.51, 4684
6.54, 4683
6.56, 4682
6.58, 4681
6.62, 4680
6.64, 4679
6.68, 4678
6.70, 4677
6.73, 4676
6.75, 4675
6.77, 4674
6.80, 4673
6.82, 4672
6.84, 4671
6.87, 4670
6.89, 4669
6.91, 4668
6.93, 4667
6.96, 4666
6.98, 4665
7.00, 4664
7.03, 4663
7.05, 4662
7.08, 4661
7.10, 4660
7.12, 4659
7.15, 4658
7.17, 4657
7.20, 4656
7.22, 4655
7.25, 4654
7.27, 4653
7.38, 4652
7.73, 4651
8.19, 4650
8.33, 4649
8.84, 4648
9.26, 4647
9.35, 4646
9.64, 4645
9.81, 4644
10.25, 4643
10.62, 4642
11.04, 4641
11.33, 4640
11.36, 4639
11.38, 4638
11.45, 4637
12.26, 4636
12.28, 4635
12.37, 4634
12.56, 4633
13.17, 4632
13.69, 4631
14.41, 4630
14.50, 4629
15.42, 4628
16.17, 4627
16.19, 4626
16.97, 4625
17.22, 4624
17.65, 4623
18.42, 4622
18.56, 4621
18.58, 4620
18.65, 4619
19.11, 4618
19.51, 4617
19.77, 4616
19.92, 4615
20.17, 4614
20.72, 4613
21.74, 4612
22.01, 4611
22.23, 4610
22.44, 4609
22.73, 4608
22.76, 4607
23.23, 4606
23.83, 4605
24.13, 4604
25.34, 4603
25.37, 4602
26.77, 4601
26.94, 4600
27.62, 4599
27.64, 4598
28.07, 4597
28.80, 4596
28.88, 4595
29.55, 4594
31.70, 4593
32.21, 4592
32.38, 4591
34.44, 4590
36.61, 4589
37.37, 4588
37.48, 4587
37.94, 4586
38.31, 4585
38.40, 4584
38.82, 4583
39.20, 4582
39.24, 4581
40.05, 4580
40.74, 4579
42.67, 4578
42.74, 4577
44.89, 4576
45.21, 4575
46.02, 4574
47.30, 4573
47.77, 4572
48.36, 4571
48.73, 4570
50.08, 4569
50.58, 4568
51.15, 4567
51.36, 4566
54.49, 4565
55.39, 4564
60.03, 4563
62.16, 4562
70.85, 4561
72.41, 4560
106.40, 4559
119.35, 4558
121.04, 4557
129.91, 4556
133.30, 4555
133.60, 4554
133.65, 4553
133.78, 4552
145.30, 4551
147.24, 4550
153.89, 4549
223.80, 4548
301.20, 4547
307.71, 4546
313.30, 4545
316.58, 4544
363.97, 4543
