6.18, 7374
6.20, 7373
6.22, 7372
6.23, 7371
6.25, 7370
6.26, 7369
6.27, 7368
6.30, 7367
6.33, 7366
6.34, 7365
6.36, 7364
6.37, 7363
6.39, 7362
6.40, 7361
6.42, 7360
6.45, 7359
6.47, 7358
6.48, 7357
6.50, 7356
6.51, 7355
6.53, 7354
6.55, 7353
6.56, 7352
6.57, 7351
6.59, 7350
6.60, 7349
6.62, 7348
6.63, 7347
6.65, 7346
10.49, 7345
15.36, 7344
16.01, 7343
16.06, 7342
17.85, 7341
27.88, 7340
29.97, 7339
32.72, 7338
32.79, 7337
32.93, 7336
32.97, 7335
33.07, 7334
33.11, 7333
33.22, 7332
33.29, 7331
33.30, 7330
33.50, 7329
33.54, 7328
33.68, 7327
33.72, 7326
33.87, 7325
33.90, 7324
34.12, 7323
34.16, 7322
34.26, 7321
34.31, 7320
34.41, 7319
34.45, 7318
34.55, 7317
34.59, 7316
34.60, 7315
34.70, 7314
34.89, 7313
34.94, 7312
35.04, 7311
35.09, 7310
35.20, 7309
35.25, 7308
35.26, 7307
35.27, 7306
35.29, 7305
35.44, 7304
35.50, 7303
35.61, 7302
35.66, 7301
35.69, 7300
35.79, 7299
35.86, 7298
36.02, 7297
36.12, 7296
36.18, 7295
36.29, 7294
36.33, 7293
36.35, 7292
36.36, 7291
36.61, 7290
36.72, 7289
36.76, 7288
36.92, 7287
37.02, 7286
37.14, 7285
37.22, 7284
37.26, 7283
37.36, 7282
37.42, 7281
37.55, 7280
37.59, 7279
37.71, 7278
37.75, 7277
37.86, 7276
37.92, 7275
37.93, 7274
37.95, 7273
37.96, 7272
37.98, 7271
38.13, 7270
38.18, 7269
38.28, 7268
38.32, 7267
38.46, 7266
38.54, 7265
38.69, 7264
38.73, 7263
38.74, 7262
38.86, 7261
38.90, 7260
39.02, 7259
39.11, 7258
39.22, 7257
39.29, 7256
39.39, 7255
39.46, 7254
39.48, 7253
39.51, 7252
39.69, 7251
39.74, 7250
39.86, 7249
39.90, 7248
40.01, 7247
40.06, 7246
40.17, 7245
40.22, 7244
40.23, 7243
40.37, 7242
40.45, 7241
40.56, 7240
40.61, 7239
40.73, 7238
40.79, 7237
40.92, 7236
40.96, 7235
40.97, 7234
40.98, 7233
41.00, 7232
41.24, 7231
41.28, 7230
41.39, 7229
41.45, 7228
41.56, 7227
41.60, 7226
41.73, 7225
41.77, 7224
41.78, 7223
41.97, 7222
42.08, 7221
42.13, 7220
42.24, 7219
42.28, 7218
42.48, 7217
42.50, 7216
42.51, 7215
42.64, 7214
42.79, 7213
42.85, 7212
42.97, 7211
43.01, 7210
43.15, 7209
43.20, 7208
43.31, 7207
43.37, 7206
43.39, 7205
43.49, 7204
43.55, 7203
43.68, 7202
43.72, 7201
43.83, 7200
43.89, 7199
44.00, 7198
44.04, 7197
44.05, 7196
44.07, 7195
44.08, 7194
44.10, 7193
44.32, 7192
44.36, 7191
44.56, 7190
44.66, 7189
44.70, 7188
44.82, 7187
44.89, 7186
44.91, 7185
45.02, 7184
45.06, 7183
45.16, 7182
45.21, 7181
45.33, 7180
45.37, 7179
45.51, 7178
45.56, 7177
45.57, 7176
45.59, 7175
45.75, 7174
45.95, 7173
46.02, 7172
46.10, 7171
46.18, 7170
46.25, 7169
46.36, 7168
46.40, 7167
46.42, 7166
46.51, 7165
46.56, 7164
46.68, 7163
46.73, 7162
46.85, 7161
47.02, 7160
47.10, 7159
47.13, 7158
47.14, 7157
47.41, 7156
47.46, 7155
47.57, 7154
47.61, 7153
47.62, 7152
47.72, 7151
47.79, 7150
47.95, 7149
48.03, 7148
48.18, 7147
48.24, 7146
48.41, 7145
48.47, 7144
48.50, 7143
48.51, 7142
48.65, 7141
48.70, 7140
48.81, 7139
48.85, 7138
48.96, 7137
49.02, 7136
49.12, 7135
49.16, 7134
49.18, 7133
49.28, 7132
49.35, 7131
49.49, 7130
49.54, 7129
49.64, 7128
49.68, 7127
49.80, 7126
49.85, 7125
49.88, 7124
49.89, 7123
49.90, 7122
49.92, 7121
50.07, 7120
50.12, 7119
50.23, 7118
50.28, 7117
50.40, 7116
50.47, 7115
50.57, 7114
50.61, 7113
50.63, 7112
50.74, 7111
50.79, 7110
50.96, 7109
51.09, 7108
51.13, 7107
51.25, 7106
51.30, 7105
51.32, 7104
51.34, 7103
51.58, 7102
51.64, 7101
51.77, 7100
51.85, 7099
51.98, 7098
52.02, 7097
52.13, 7096
52.18, 7095
52.21, 7094
52.32, 7093
52.39, 7092
52.55, 7091
52.60, 7090
52.76, 7089
52.80, 7088
52.95, 7087
52.99, 7086
53.00, 7085
53.02, 7084
53.03, 7083
53.18, 7082
53.22, 7081
53.32, 7080
53.36, 7079
53.65, 7078
53.77, 7077
53.83, 7076
53.85, 7075
53.95, 7074
54.01, 7073
54.12, 7072
54.16, 7071
54.26, 7070
54.30, 7069
54.44, 7068
54.50, 7067
54.52, 7066
54.53, 7065
54.78, 7064
54.83, 7063
54.97, 7062
55.02, 7061
55.14, 7060
55.19, 7059
55.29, 7058
55.34, 7057
55.36, 7056
55.45, 7055
55.55, 7054
55.70, 7053
55.74, 7052
55.90, 7051
55.97, 7050
56.13, 7049
56.18, 7048
56.20, 7047
56.22, 7046
56.23, 7045
56.25, 7044
56.26, 7043
56.28, 7042
56.29, 7041
56.31, 7040
56.32, 7039
56.34, 7038
56.35, 7037
56.37, 7036
56.39, 7035
56.40, 7034
56.42, 7033
63.02, 7032
63.04, 7031
63.35, 7030
63.38, 7029
63.51, 7028
63.95, 7027
64.23, 7026
64.38, 7025
64.54, 7024
64.64, 7023
64.67, 7022
64.73, 7021
64.96, 7020
65.65, 7019
65.71, 7018
65.78, 7017
65.80, 7016
66.55, 7015
66.67, 7014
66.77, 7013
67.07, 7012
67.22, 7011
67.29, 7010
68.10, 7009
68.15, 7008
68.23, 7007
68.26, 7006
68.65, 7005
69.87, 7004
70.96, 7003
71.22, 7002
73.82, 7001
75.44, 7000
75.98, 6999
76.59, 6998
76.84, 6997
77.30, 6996
78.88, 6995
79.90, 6994
80.02, 6993
80.17, 6992
80.53, 6991
80.67, 6990
80.83, 6989
80.85, 6988
80.98, 6987
81.01, 6986
81.42, 6985
81.49, 6984
81.56, 6983
81.58, 6982
81.92, 6981
82.74, 6980
82.81, 6979
82.83, 6978
83.06, 6977
83.11, 6976
83.20, 6975
83.22, 6974
83.25, 6973
83.70, 6972
84.38, 6971
85.57, 6970
85.59, 6969
85.89, 6968
86.57, 6967
86.66, 6966
87.25, 6965
87.37, 6964
87.83, 6963
88.23, 6962
88.31, 6961
90.03, 6960
90.13, 6959
90.88, 6958
91.42, 6957
94.32, 6956
95.69, 6955
96.16, 6954
97.55, 6953
98.90, 6952
100.77, 6951
101.83, 6950
103.17, 6949
105.69, 6948
107.98, 6947
111.55, 6946
116.09, 6945
132.54, 6944
133.50, 6943
137.18, 6942
138.31, 6941
138.71, 6940
139.31, 6939
140.19, 6938
140.25, 6937
140.27, 6936
141.32, 6935
142.39, 6934
142.40, 6933
142.94, 6932
202.73, 6931
217.60, 6930
217.79, 6929
267.07, 6928
268.75, 6927
268.85, 6926
277.05, 6925
305.90, 6924
306.39, 6923
306.46, 6922
361.36, 6921
379.55, 6920
421.90, 6919
