1.02, 2277
1.03, 2276
1.03, 2275
1.03, 2274
1.04, 2273
1.04, 2272
1.04, 2271
1.05, 2270
1.05, 2269
1.05, 2268
1.05, 2267
1.06, 2266
1.06, 2265
1.06, 2264
1.06, 2263
1.07, 2262
1.07, 2261
1.07, 2260
1.07, 2259
1.08, 2258
1.13, 2257
1.13, 2256
1.38, 2255
1.53, 2254
1.75, 2253
1.84, 2252
2.03, 2251
2.08, 2250
2.11, 2249
2.14, 2248
2.24, 2247
2.29, 2246
2.33, 2245
2.36, 2244
2.39, 2243
2.46, 2242
2.81, 2241
2.91, 2240
2.95, 2239
3.01, 2238
3.04, 2237
3.12, 2236
3.16, 2235
3.23, 2234
3.24, 2233
3.47, 2232
3.51, 2231
3.62, 2230
3.62, 2229
3.67, 2228
3.73, 2227
3.94, 2226
4.03, 2225
4.06, 2224
5.65, 2223
5.69, 2222
5.76, 2221
5.91, 2220
6.88, 2219
7.02, 2218
7.32, 2217
7.41, 2216
7.58, 2215
7.59, 2214
7.61, 2213
9.59, 2212
9.75, 2211
9.84, 2210
9.93, 2209
9.94, 2208
10.21, 2207
10.56, 2206
47.95, 2205
77.77, 2204
106.32, 2203
