1.30, 2277
1.31, 2276
1.32, 2275
1.32, 2274
1.33, 2273
1.33, 2272
1.33, 2271
1.33, 2270
1.34, 2269
1.34, 2268
1.34, 2267
1.34, 2266
1.35, 2265
1.35, 2264
1.35, 2263
1.36, 2262
1.36, 2261
1.36, 2260
1.36, 2259
1.37, 2258
1.42, 2257
1.45, 2256
1.68, 2255
1.78, 2254
1.93, 2253
2.02, 2252
2.24, 2251
2.28, 2250
2.31, 2249
2.35, 2248
2.45, 2247
2.52, 2246
2.56, 2245
2.60, 2244
2.61, 2243
2.67, 2242
3.02, 2241
3.07, 2240
3.10, 2239
3.16, 2238
3.19, 2237
3.34, 2236
3.35, 2235
3.83, 2234
3.93, 2233
3.94, 2232
3.99, 2231
4.09, 2230
4.42, 2229
4.46, 2228
4.48, 2227
5.59, 2226
5.80, 2225
6.39, 2224
6.48, 2223
6.59, 2222
7.30, 2221
7.47, 2220
7.48, 2219
7.96, 2218
8.12, 2217
8.13, 2216
8.14, 2215
10.11, 2214
10.12, 2213
11.06, 2212
11.16, 2211
11.37, 2210
11.44, 2209
11.44, 2208
11.68, 2207
29.82, 2206
30.68, 2205
43.46, 2204
109.59, 2203
