0.92, 2277
0.93, 2276
0.93, 2275
0.93, 2274
0.94, 2273
0.94, 2272
0.94, 2271
0.94, 2270
0.95, 2269
0.95, 2268
0.95, 2267
0.95, 2266
0.96, 2265
0.96, 2264
0.96, 2263
0.97, 2262
0.97, 2261
0.97, 2260
0.97, 2259
0.98, 2258
1.02, 2257
1.03, 2256
1.21, 2255
1.34, 2254
1.40, 2253
1.49, 2252
1.65, 2251
1.71, 2250
1.76, 2249
1.79, 2248
1.90, 2247
1.93, 2246
2.02, 2245
2.08, 2244
2.10, 2243
2.21, 2242
2.53, 2241
2.57, 2240
2.63, 2239
2.67, 2238
2.70, 2237
2.86, 2236
2.87, 2235
2.99, 2234
3.29, 2233
3.30, 2232
3.35, 2231
3.56, 2230
3.96, 2229
4.09, 2228
4.19, 2227
5.50, 2226
5.65, 2225
6.24, 2224
6.35, 2223
6.58, 2222
6.76, 2221
8.01, 2220
8.06, 2219
8.51, 2218
8.51, 2217
8.53, 2216
8.61, 2215
8.87, 2214
8.97, 2213
9.03, 2212
9.03, 2211
9.22, 2210
9.47, 2209
11.25, 2208
17.28, 2207
18.37, 2206
51.73, 2205
88.90, 2204
152.28, 2203
