5.75, 7374
5.77, 7373
5.79, 7372
5.80, 7371
5.82, 7370
5.83, 7369
5.85, 7368
5.86, 7367
5.89, 7366
5.91, 7365
5.93, 7364
5.95, 7363
5.97, 7362
5.98, 7361
6.00, 7360
6.01, 7359
6.03, 7358
6.05, 7357
6.06, 7356
6.08, 7355
6.09, 7354
6.11, 7353
6.13, 7352
6.14, 7351
6.16, 7350
6.17, 7349
6.19, 7348
6.21, 7347
6.23, 7346
9.82, 7345
14.23, 7344
14.85, 7343
14.90, 7342
16.54, 7341
26.52, 7340
28.60, 7339
31.10, 7338
31.16, 7337
31.31, 7336
31.37, 7335
31.47, 7334
31.52, 7333
31.63, 7332
31.68, 7331
31.70, 7330
31.91, 7329
31.95, 7328
32.06, 7327
32.10, 7326
32.24, 7325
32.28, 7324
32.62, 7323
32.67, 7322
32.77, 7321
32.84, 7320
32.95, 7319
33.01, 7318
33.11, 7317
33.16, 7316
33.18, 7315
33.30, 7314
33.47, 7313
33.51, 7312
33.61, 7311
33.66, 7310
33.77, 7309
33.82, 7308
33.84, 7307
33.86, 7306
33.87, 7305
34.08, 7304
34.14, 7303
34.26, 7302
34.32, 7301
34.33, 7300
34.48, 7299
34.52, 7298
34.68, 7297
34.81, 7296
34.86, 7295
34.97, 7294
35.04, 7293
35.06, 7292
35.07, 7291
35.28, 7290
35.40, 7289
35.44, 7288
35.58, 7287
35.73, 7286
35.78, 7285
35.82, 7284
35.84, 7283
35.94, 7282
35.99, 7281
36.11, 7280
36.16, 7279
36.27, 7278
36.31, 7277
36.42, 7276
36.46, 7275
36.48, 7274
36.50, 7273
36.52, 7272
36.53, 7271
36.71, 7270
36.76, 7269
36.87, 7268
36.92, 7267
37.03, 7266
37.09, 7265
37.21, 7264
37.27, 7263
37.28, 7262
37.39, 7261
37.44, 7260
37.56, 7259
37.60, 7258
37.73, 7257
37.77, 7256
37.88, 7255
37.92, 7254
37.93, 7253
37.95, 7252
38.10, 7251
38.18, 7250
38.32, 7249
38.39, 7248
38.50, 7247
38.54, 7246
38.66, 7245
38.73, 7244
38.75, 7243
38.85, 7242
38.89, 7241
39.00, 7240
39.05, 7239
39.17, 7238
39.22, 7237
39.33, 7236
39.40, 7235
39.41, 7234
39.43, 7233
39.46, 7232
39.61, 7231
39.65, 7230
39.77, 7229
39.82, 7228
39.93, 7227
39.98, 7226
40.10, 7225
40.15, 7224
40.16, 7223
40.40, 7222
40.48, 7221
40.53, 7220
40.64, 7219
40.69, 7218
40.84, 7217
40.86, 7216
40.87, 7215
40.95, 7214
41.07, 7213
41.11, 7212
41.22, 7211
41.28, 7210
41.39, 7209
41.44, 7208
41.57, 7207
41.63, 7206
41.64, 7205
41.78, 7204
41.83, 7203
41.97, 7202
42.03, 7201
42.15, 7200
42.21, 7199
42.33, 7198
42.39, 7197
42.41, 7196
42.43, 7195
42.45, 7194
42.47, 7193
42.70, 7192
42.76, 7191
43.01, 7190
43.18, 7189
43.25, 7188
43.38, 7187
43.45, 7186
43.47, 7185
43.59, 7184
43.65, 7183
43.80, 7182
43.85, 7181
44.01, 7180
44.06, 7179
44.23, 7178
44.25, 7177
44.26, 7176
44.33, 7175
44.51, 7174
44.70, 7173
44.75, 7172
44.88, 7171
44.92, 7170
44.97, 7169
45.11, 7168
45.16, 7167
45.17, 7166
45.32, 7165
45.38, 7164
45.49, 7163
45.54, 7162
45.70, 7161
45.84, 7160
45.90, 7159
45.93, 7158
45.95, 7157
46.18, 7156
46.25, 7155
46.39, 7154
46.43, 7153
46.44, 7152
46.55, 7151
46.61, 7150
46.76, 7149
46.84, 7148
46.99, 7147
47.04, 7146
47.18, 7145
47.24, 7144
47.26, 7143
47.29, 7142
47.49, 7141
47.55, 7140
47.68, 7139
47.73, 7138
47.88, 7137
47.94, 7136
48.08, 7135
48.14, 7134
48.16, 7133
48.30, 7132
48.36, 7131
48.50, 7130
48.56, 7129
48.70, 7128
48.76, 7127
48.90, 7126
48.95, 7125
48.97, 7124
48.99, 7123
49.02, 7122
49.03, 7121
49.21, 7120
49.26, 7119
49.41, 7118
49.46, 7117
49.60, 7116
49.65, 7115
49.78, 7114
49.84, 7113
49.86, 7112
49.96, 7111
50.00, 7110
50.15, 7109
50.31, 7108
50.36, 7107
50.47, 7106
50.51, 7105
50.52, 7104
50.54, 7103
50.72, 7102
50.77, 7101
50.91, 7100
50.95, 7099
51.06, 7098
51.11, 7097
51.22, 7096
51.27, 7095
51.28, 7094
51.38, 7093
51.43, 7092
51.54, 7091
51.59, 7090
51.70, 7089
51.77, 7088
51.87, 7087
51.94, 7086
51.96, 7085
51.97, 7084
51.99, 7083
52.14, 7082
52.19, 7081
52.30, 7080
52.35, 7079
52.54, 7078
52.61, 7077
52.68, 7076
52.69, 7075
52.82, 7074
52.86, 7073
52.98, 7072
53.02, 7071
53.16, 7070
53.21, 7069
53.32, 7068
53.37, 7067
53.38, 7066
53.40, 7065
53.59, 7064
53.66, 7063
53.80, 7062
53.85, 7061
54.00, 7060
54.05, 7059
54.20, 7058
54.26, 7057
54.27, 7056
54.39, 7055
54.43, 7054
54.57, 7053
54.62, 7052
54.74, 7051
54.78, 7050
54.88, 7049
54.93, 7048
54.95, 7047
54.97, 7046
54.98, 7045
55.00, 7044
55.02, 7043
55.04, 7042
55.06, 7041
55.08, 7040
55.10, 7039
55.13, 7038
55.14, 7037
55.17, 7036
55.18, 7035
55.20, 7034
55.22, 7033
61.13, 7032
61.17, 7031
61.32, 7030
61.47, 7029
61.55, 7028
61.79, 7027
62.22, 7026
62.31, 7025
62.46, 7024
62.59, 7023
62.62, 7022
62.71, 7021
62.79, 7020
62.96, 7019
63.49, 7018
63.64, 7017
64.11, 7016
64.22, 7015
64.23, 7014
64.32, 7013
64.47, 7012
64.86, 7011
65.43, 7010
65.80, 7009
66.35, 7008
67.50, 7007
67.97, 7006
68.02, 7005
68.37, 7004
68.40, 7003
71.29, 7002
73.01, 7001
74.30, 7000
74.94, 6999
75.48, 6998
77.13, 6997
77.34, 6996
77.36, 6995
77.42, 6994
77.44, 6993
77.59, 6992
77.60, 6991
77.74, 6990
77.87, 6989
77.89, 6988
78.14, 6987
78.16, 6986
78.41, 6985
78.66, 6984
78.70, 6983
78.82, 6982
79.47, 6981
80.12, 6980
80.18, 6979
80.19, 6978
81.42, 6977
82.77, 6976
82.79, 6975
82.98, 6974
83.77, 6973
84.35, 6972
84.38, 6971
84.54, 6970
85.20, 6969
85.33, 6968
85.64, 6967
86.80, 6966
87.02, 6965
87.99, 6964
88.40, 6963
88.48, 6962
90.94, 6961
91.06, 6960
92.55, 6959
93.07, 6958
94.24, 6957
104.09, 6956
104.15, 6955
104.76, 6954
104.84, 6953
107.16, 6952
108.64, 6951
109.82, 6950
110.02, 6949
110.80, 6948
111.39, 6947
111.41, 6946
111.45, 6945
111.70, 6944
111.93, 6943
116.56, 6942
139.65, 6941
139.70, 6940
139.72, 6939
145.37, 6938
147.06, 6937
147.12, 6936
147.16, 6935
152.92, 6934
153.28, 6933
153.29, 6932
157.35, 6931
157.79, 6930
161.21, 6929
164.28, 6928
166.43, 6927
235.48, 6926
237.41, 6925
268.43, 6924
268.57, 6923
270.02, 6922
272.89, 6921
317.33, 6920
332.24, 6919
388.49, 6918
414.80, 6917
415.28, 6916
415.30, 6915
486.58, 6914
523.02, 6913
523.18, 6912
589.58, 6911
