5.79, 4697
5.84, 4696
5.86, 4695
5.88, 4694
5.90, 4693
5.92, 4692
5.95, 4691
5.98, 4690
6.00, 4689
6.03, 4688
6.05, 4687
6.08, 4686
6.12, 4685
6.15, 4684
6.17, 4683
6.19, 4682
6.21, 4681
6.24, 4680
6.27, 4679
6.29, 4678
6.32, 4677
6.34, 4676
6.36, 4675
6.38, 4674
6.41, 4673
6.43, 4672
6.45, 4671
6.47, 4670
6.49, 4669
6.52, 4668
6.54, 4667
6.56, 4666
6.58, 4665
6.60, 4664
6.63, 4663
6.65, 4662
6.67, 4661
6.70, 4660
6.72, 4659
6.74, 4658
6.77, 4657
6.79, 4656
6.81, 4655
6.84, 4654
6.86, 4653
7.01, 4652
7.10, 4651
7.59, 4650
7.82, 4649
8.22, 4648
8.40, 4647
8.68, 4646
8.95, 4645
9.21, 4644
9.72, 4643
10.11, 4642
10.52, 4641
10.70, 4640
10.72, 4639
10.74, 4638
10.86, 4637
11.68, 4636
11.70, 4635
11.81, 4634
12.07, 4633
12.67, 4632
13.09, 4631
14.17, 4630
14.19, 4629
15.16, 4628
15.84, 4627
16.04, 4626
16.74, 4625
16.86, 4624
17.41, 4623
17.92, 4622
18.11, 4621
18.13, 4620
18.26, 4619
18.61, 4618
19.08, 4617
19.32, 4616
19.48, 4615
19.69, 4614
20.22, 4613
21.24, 4612
21.31, 4611
21.54, 4610
21.69, 4609
21.96, 4608
22.32, 4607
22.81, 4606
23.66, 4605
24.48, 4604
24.50, 4603
25.63, 4602
25.72, 4601
26.41, 4600
26.43, 4599
26.56, 4598
27.28, 4597
27.67, 4596
30.78, 4595
31.04, 4594
31.13, 4593
31.25, 4592
31.37, 4591
33.12, 4590
34.79, 4589
34.96, 4588
35.24, 4587
35.26, 4586
35.69, 4585
36.24, 4584
36.47, 4583
36.81, 4582
37.59, 4581
37.62, 4580
38.58, 4579
38.84, 4578
39.73, 4577
40.25, 4576
41.39, 4575
42.96, 4574
44.37, 4573
46.18, 4572
46.39, 4571
47.40, 4570
48.89, 4569
53.45, 4568
56.14, 4567
58.38, 4566
62.01, 4565
69.89, 4564
111.73, 4563
111.76, 4562
114.69, 4561
118.63, 4560
119.73, 4559
119.75, 4558
120.90, 4557
123.45, 4556
132.41, 4555
135.62, 4554
138.90, 4553
141.65, 4552
154.07, 4551
159.33, 4550
159.75, 4549
165.22, 4548
210.80, 4547
216.59, 4546
239.45, 4545
287.04, 4544
295.56, 4543
