5.58, 4697
5.64, 4696
5.68, 4695
5.71, 4694
5.74, 4693
5.77, 4692
5.79, 4691
5.81, 4690
5.83, 4689
5.85, 4688
5.87, 4687
5.90, 4686
5.92, 4685
5.94, 4684
5.96, 4683
5.98, 4682
6.00, 4681
6.02, 4680
6.04, 4679
6.07, 4678
6.10, 4677
6.13, 4676
6.17, 4675
6.20, 4674
6.24, 4673
6.28, 4672
6.31, 4671
6.34, 4670
6.36, 4669
6.39, 4668
6.41, 4667
6.43, 4666
6.46, 4665
6.48, 4664
6.50, 4663
6.53, 4662
6.55, 4661
6.57, 4660
6.59, 4659
6.62, 4658
6.64, 4657
6.66, 4656
6.68, 4655
6.71, 4654
6.74, 4653
6.87, 4652
6.99, 4651
7.38, 4650
7.55, 4649
8.02, 4648
8.24, 4647
8.44, 4646
8.73, 4645
8.98, 4644
9.45, 4643
9.84, 4642
10.25, 4641
10.44, 4640
10.47, 4639
10.51, 4638
10.58, 4637
11.44, 4636
11.48, 4635
11.58, 4634
11.74, 4633
12.44, 4632
12.88, 4631
13.59, 4630
13.70, 4629
14.50, 4628
15.07, 4627
15.29, 4626
15.39, 4625
16.02, 4624
16.18, 4623
16.66, 4622
17.14, 4621
17.30, 4620
17.37, 4619
17.43, 4618
17.90, 4617
18.27, 4616
18.47, 4615
18.55, 4614
18.87, 4613
19.43, 4612
20.20, 4611
20.53, 4610
20.63, 4609
20.88, 4608
21.21, 4607
21.24, 4606
21.75, 4605
22.42, 4604
22.97, 4603
23.94, 4602
23.96, 4601
25.15, 4600
25.30, 4599
25.85, 4598
26.05, 4597
26.08, 4596
26.57, 4595
26.77, 4594
27.49, 4593
29.12, 4592
29.52, 4591
29.65, 4590
29.71, 4589
31.12, 4588
32.75, 4587
33.29, 4586
33.88, 4585
33.95, 4584
34.20, 4583
34.79, 4582
35.23, 4581
35.74, 4580
36.88, 4579
38.33, 4578
40.05, 4577
40.74, 4576
41.72, 4575
42.12, 4574
42.55, 4573
42.83, 4572
43.07, 4571
44.18, 4570
44.68, 4569
45.09, 4568
45.29, 4567
48.34, 4566
51.80, 4565
53.55, 4564
87.02, 4563
92.24, 4562
94.12, 4561
94.41, 4560
99.92, 4559
102.10, 4558
109.12, 4557
109.91, 4556
112.87, 4555
114.97, 4554
118.04, 4553
118.66, 4552
123.38, 4551
126.10, 4550
136.02, 4549
137.86, 4548
181.09, 4547
183.30, 4546
183.39, 4545
268.97, 4544
269.94, 4543
324.52, 4542
