6.42, 4697
6.50, 4696
6.53, 4695
6.57, 4694
6.61, 4693
6.65, 4692
6.70, 4691
6.73, 4690
6.78, 4689
6.81, 4688
6.86, 4687
6.88, 4686
6.90, 4685
6.92, 4684
6.95, 4683
6.97, 4682
6.99, 4681
7.01, 4680
7.04, 4679
7.06, 4678
7.09, 4677
7.13, 4676
7.17, 4675
7.20, 4674
7.24, 4673
7.29, 4672
7.33, 4671
7.35, 4670
7.38, 4669
7.40, 4668
7.42, 4667
7.45, 4666
7.48, 4665
7.51, 4664
7.54, 4663
7.57, 4662
7.59, 4661
7.62, 4660
7.64, 4659
7.66, 4658
7.69, 4657
7.71, 4656
7.73, 4655
7.76, 4654
7.78, 4653
8.03, 4652
8.13, 4651
8.73, 4650
9.06, 4649
9.49, 4648
9.73, 4647
10.23, 4646
10.61, 4645
10.83, 4644
11.31, 4643
11.67, 4642
12.05, 4641
12.38, 4640
12.42, 4639
12.46, 4638
12.59, 4637
13.37, 4636
13.39, 4635
13.55, 4634
13.79, 4633
14.50, 4632
15.06, 4631
16.03, 4630
16.10, 4629
16.98, 4628
17.46, 4627
17.75, 4626
18.02, 4625
18.91, 4624
19.21, 4623
19.96, 4622
20.76, 4621
20.78, 4620
20.85, 4619
20.98, 4618
21.88, 4617
22.18, 4616
22.54, 4615
22.65, 4614
23.14, 4613
23.58, 4612
24.53, 4611
24.83, 4610
25.09, 4609
25.31, 4608
25.63, 4607
26.07, 4606
26.62, 4605
26.98, 4604
28.21, 4603
28.28, 4602
29.84, 4601
30.08, 4600
30.91, 4599
30.93, 4598
31.08, 4597
32.03, 4596
32.45, 4595
35.54, 4594
35.89, 4593
36.08, 4592
36.32, 4591
37.81, 4590
39.92, 4589
40.47, 4588
40.90, 4587
41.85, 4586
42.02, 4585
42.30, 4584
42.54, 4583
43.21, 4582
44.17, 4581
44.92, 4580
46.16, 4579
46.45, 4578
46.56, 4577
48.01, 4576
48.10, 4575
50.21, 4574
51.06, 4573
52.00, 4572
52.28, 4571
53.42, 4570
53.64, 4569
53.99, 4568
55.52, 4567
56.09, 4566
56.34, 4565
57.19, 4564
57.52, 4563
60.78, 4562
67.57, 4561
72.58, 4560
79.28, 4559
108.59, 4558
112.38, 4557
126.61, 4556
133.54, 4555
135.16, 4554
207.04, 4553
208.06, 4552
216.52, 4551
230.21, 4550
233.13, 4549
234.82, 4548
243.20, 4547
303.51, 4546
321.60, 4545
408.12, 4544
