5.87, 4697
5.91, 4696
5.93, 4695
5.96, 4694
6.00, 4693
6.02, 4692
6.05, 4691
6.08, 4690
6.10, 4689
6.12, 4688
6.15, 4687
6.17, 4686
6.19, 4685
6.22, 4684
6.24, 4683
6.26, 4682
6.29, 4681
6.31, 4680
6.33, 4679
6.36, 4678
6.38, 4677
6.40, 4676
6.43, 4675
6.45, 4674
6.47, 4673
6.50, 4672
6.52, 4671
6.54, 4670
6.56, 4669
6.59, 4668
6.61, 4667
6.63, 4666
6.65, 4665
6.69, 4664
6.71, 4663
6.73, 4662
6.75, 4661
6.78, 4660
6.81, 4659
6.83, 4658
6.86, 4657
6.88, 4656
6.90, 4655
6.92, 4654
6.95, 4653
7.05, 4652
7.36, 4651
7.70, 4650
7.87, 4649
8.42, 4648
8.86, 4647
8.98, 4646
9.32, 4645
9.46, 4644
9.95, 4643
10.47, 4642
10.96, 4641
11.28, 4640
11.30, 4639
11.33, 4638
11.39, 4637
12.35, 4636
12.37, 4635
12.46, 4634
12.70, 4633
13.34, 4632
13.89, 4631
14.55, 4630
14.62, 4629
15.78, 4628
16.54, 4627
16.57, 4626
17.36, 4625
17.57, 4624
18.08, 4623
18.62, 4622
18.77, 4621
18.79, 4620
18.86, 4619
19.30, 4618
19.67, 4617
19.84, 4616
19.95, 4615
20.22, 4614
20.70, 4613
21.76, 4612
22.04, 4611
22.26, 4610
22.51, 4609
22.79, 4608
22.81, 4607
23.16, 4606
23.74, 4605
23.99, 4604
24.98, 4603
25.01, 4602
26.53, 4601
26.73, 4600
27.57, 4599
27.59, 4598
27.88, 4597
28.56, 4596
28.63, 4595
29.29, 4594
31.57, 4593
32.02, 4592
32.14, 4591
33.89, 4590
35.98, 4589
36.80, 4588
36.90, 4587
37.41, 4586
37.83, 4585
37.96, 4584
38.32, 4583
38.70, 4582
38.72, 4581
39.37, 4580
40.16, 4579
42.14, 4578
42.25, 4577
44.13, 4576
44.34, 4575
45.08, 4574
46.47, 4573
46.92, 4572
47.36, 4571
47.66, 4570
49.09, 4569
49.66, 4568
50.21, 4567
50.38, 4566
53.97, 4565
54.89, 4564
59.49, 4563
61.96, 4562
70.92, 4561
72.55, 4560
106.78, 4559
119.73, 4558
121.12, 4557
129.64, 4556
132.98, 4555
133.26, 4554
133.32, 4553
133.47, 4552
144.84, 4551
146.88, 4550
153.93, 4549
223.65, 4548
300.33, 4547
306.32, 4546
311.95, 4545
315.16, 4544
361.14, 4543
