5.92, 7374
5.95, 7373
5.97, 7372
5.98, 7371
6.00, 7370
6.02, 7369
6.03, 7368
6.05, 7367
6.07, 7366
6.09, 7365
6.10, 7364
6.13, 7363
6.14, 7362
6.16, 7361
6.18, 7360
6.20, 7359
6.21, 7358
6.22, 7357
6.24, 7356
6.25, 7355
6.27, 7354
6.28, 7353
6.29, 7352
6.31, 7351
6.32, 7350
6.33, 7349
6.35, 7348
6.36, 7347
6.37, 7346
9.70, 7345
14.05, 7344
14.67, 7343
14.72, 7342
16.30, 7341
25.14, 7340
27.08, 7339
29.42, 7338
29.48, 7337
29.60, 7336
29.66, 7335
29.78, 7334
29.83, 7333
29.97, 7332
30.03, 7331
30.05, 7330
30.27, 7329
30.33, 7328
30.44, 7327
30.49, 7326
30.65, 7325
30.72, 7324
31.00, 7323
31.04, 7322
31.15, 7321
31.20, 7320
31.32, 7319
31.36, 7318
31.47, 7317
31.53, 7316
31.55, 7315
31.67, 7314
31.83, 7313
31.88, 7312
32.02, 7311
32.07, 7310
32.19, 7309
32.25, 7308
32.26, 7307
32.28, 7306
32.29, 7305
32.47, 7304
32.52, 7303
32.63, 7302
32.68, 7301
32.70, 7300
32.86, 7299
32.90, 7298
33.05, 7297
33.16, 7296
33.21, 7295
33.31, 7294
33.35, 7293
33.37, 7292
33.38, 7291
33.60, 7290
33.72, 7289
33.76, 7288
33.86, 7287
33.98, 7286
34.02, 7285
34.06, 7284
34.08, 7283
34.18, 7282
34.23, 7281
34.33, 7280
34.37, 7279
34.48, 7278
34.54, 7277
34.64, 7276
34.68, 7275
34.70, 7274
34.71, 7273
34.73, 7272
34.75, 7271
34.90, 7270
34.95, 7269
35.06, 7268
35.11, 7267
35.21, 7266
35.25, 7265
35.35, 7264
35.39, 7263
35.40, 7262
35.53, 7261
35.57, 7260
35.67, 7259
35.72, 7258
35.83, 7257
35.87, 7256
35.99, 7255
36.03, 7254
36.04, 7253
36.06, 7252
36.20, 7251
36.24, 7250
36.35, 7249
36.40, 7248
36.51, 7247
36.56, 7246
36.66, 7245
36.72, 7244
36.73, 7243
36.84, 7242
36.89, 7241
36.99, 7240
37.04, 7239
37.14, 7238
37.18, 7237
37.28, 7236
37.33, 7235
37.35, 7234
37.36, 7233
37.38, 7232
37.52, 7231
37.56, 7230
37.68, 7229
37.74, 7228
37.87, 7227
37.92, 7226
38.03, 7225
38.07, 7224
38.08, 7223
38.24, 7222
38.41, 7221
38.46, 7220
38.58, 7219
38.65, 7218
38.78, 7217
38.80, 7216
38.81, 7215
38.90, 7214
39.01, 7213
39.06, 7212
39.18, 7211
39.22, 7210
39.33, 7209
39.37, 7208
39.49, 7207
39.54, 7206
39.55, 7205
39.65, 7204
39.69, 7203
39.80, 7202
39.85, 7201
39.96, 7200
40.01, 7199
40.11, 7198
40.16, 7197
40.17, 7196
40.19, 7195
40.21, 7194
40.22, 7193
40.37, 7192
40.41, 7191
40.67, 7190
40.69, 7189
40.83, 7188
40.93, 7187
40.98, 7186
40.99, 7185
41.10, 7184
41.15, 7183
41.25, 7182
41.30, 7181
41.42, 7180
41.47, 7179
41.57, 7178
41.61, 7177
41.63, 7176
41.64, 7175
41.79, 7174
41.95, 7173
41.99, 7172
42.09, 7171
42.11, 7170
42.16, 7169
42.28, 7168
42.32, 7167
42.33, 7166
42.43, 7165
42.47, 7164
42.60, 7163
42.64, 7162
42.75, 7161
42.88, 7160
42.93, 7159
42.96, 7158
42.97, 7157
43.27, 7156
43.32, 7155
43.42, 7154
43.47, 7153
43.48, 7152
43.61, 7151
43.66, 7150
43.77, 7149
43.82, 7148
43.94, 7147
43.99, 7146
44.08, 7145
44.13, 7144
44.14, 7143
44.15, 7142
44.30, 7141
44.35, 7140
44.44, 7139
44.49, 7138
44.60, 7137
44.64, 7136
44.75, 7135
44.81, 7134
44.82, 7133
44.92, 7132
44.97, 7131
45.09, 7130
45.14, 7129
45.27, 7128
45.32, 7127
45.42, 7126
45.47, 7125
45.48, 7124
45.50, 7123
45.53, 7122
45.54, 7121
45.70, 7120
45.74, 7119
45.84, 7118
45.89, 7117
46.00, 7116
46.04, 7115
46.14, 7114
46.19, 7113
46.21, 7112
46.31, 7111
46.35, 7110
46.50, 7109
46.62, 7108
46.68, 7107
46.78, 7106
46.82, 7105
46.84, 7104
46.85, 7103
47.00, 7102
47.05, 7101
47.15, 7100
47.20, 7099
47.30, 7098
47.34, 7097
47.47, 7096
47.53, 7095
47.54, 7094
47.65, 7093
47.70, 7092
47.80, 7091
47.86, 7090
47.97, 7089
48.02, 7088
48.12, 7087
48.16, 7086
48.18, 7085
48.19, 7084
48.20, 7083
48.35, 7082
48.39, 7081
48.49, 7080
48.54, 7079
48.68, 7078
48.79, 7077
48.83, 7076
48.85, 7075
48.96, 7074
49.00, 7073
49.10, 7072
49.14, 7071
49.24, 7070
49.29, 7069
49.39, 7068
49.43, 7067
49.44, 7066
49.46, 7065
49.60, 7064
49.67, 7063
49.77, 7062
49.82, 7061
49.94, 7060
49.99, 7059
50.11, 7058
50.15, 7057
50.17, 7056
50.28, 7055
50.32, 7054
50.43, 7053
50.47, 7052
50.58, 7051
50.62, 7050
50.72, 7049
50.77, 7048
50.78, 7047
50.80, 7046
50.81, 7045
50.83, 7044
50.84, 7043
50.86, 7042
50.87, 7041
50.89, 7040
50.90, 7039
50.92, 7038
50.93, 7037
50.95, 7036
50.97, 7035
50.98, 7034
51.00, 7033
52.20, 7032
55.28, 7031
57.03, 7030
57.07, 7029
57.34, 7028
57.38, 7027
57.44, 7026
58.00, 7025
58.15, 7024
58.29, 7023
58.30, 7022
58.47, 7021
58.54, 7020
58.89, 7019
59.18, 7018
59.24, 7017
59.68, 7016
60.22, 7015
60.86, 7014
60.96, 7013
62.14, 7012
62.80, 7011
62.84, 7010
63.04, 7009
63.28, 7008
65.27, 7007
66.09, 7006
66.81, 7005
67.84, 7004
68.52, 7003
70.20, 7002
70.39, 7001
70.50, 7000
70.62, 6999
70.70, 6998
70.89, 6997
70.94, 6996
71.12, 6995
71.26, 6994
71.29, 6993
71.49, 6992
71.51, 6991
71.79, 6990
71.90, 6989
71.92, 6988
72.19, 6987
72.36, 6986
73.28, 6985
73.35, 6984
73.45, 6983
74.03, 6982
74.60, 6981
75.14, 6980
75.15, 6979
75.76, 6978
76.72, 6977
76.81, 6976
76.94, 6975
77.03, 6974
77.57, 6973
77.81, 6972
79.17, 6971
79.98, 6970
80.52, 6969
80.67, 6968
82.32, 6967
82.53, 6966
82.77, 6965
83.10, 6964
83.53, 6963
85.43, 6962
88.30, 6961
88.33, 6960
88.69, 6959
92.20, 6958
92.85, 6957
94.17, 6956
101.32, 6955
117.11, 6954
117.33, 6953
122.59, 6952
122.67, 6951
123.57, 6950
124.08, 6949
126.17, 6948
126.25, 6947
126.97, 6946
129.32, 6945
129.41, 6944
129.46, 6943
129.56, 6942
129.64, 6941
142.21, 6940
144.20, 6939
146.59, 6938
163.45, 6937
184.80, 6936
185.27, 6935
187.52, 6934
191.94, 6933
194.13, 6932
196.50, 6931
198.09, 6930
202.08, 6929
202.28, 6928
213.71, 6927
214.20, 6926
241.72, 6925
246.82, 6924
248.95, 6923
292.54, 6922
292.95, 6921
313.42, 6920
314.14, 6919
340.04, 6918
348.53, 6917
