5.50, 7374
5.53, 7373
5.54, 7372
5.56, 7371
5.57, 7370
5.58, 7369
5.60, 7368
5.61, 7367
5.63, 7366
5.64, 7365
5.65, 7364
5.67, 7363
5.68, 7362
5.70, 7361
5.71, 7360
5.73, 7359
5.74, 7358
5.75, 7357
5.77, 7356
5.78, 7355
5.80, 7354
5.81, 7353
5.83, 7352
5.85, 7351
5.86, 7350
5.87, 7349
5.89, 7348
5.90, 7347
5.92, 7346
8.83, 7345
12.73, 7344
13.34, 7343
13.39, 7342
14.89, 7341
22.89, 7340
24.69, 7339
26.69, 7338
26.73, 7337
26.84, 7336
26.88, 7335
27.00, 7334
27.04, 7333
27.15, 7332
27.19, 7331
27.20, 7330
27.40, 7329
27.45, 7328
27.55, 7327
27.59, 7326
27.73, 7325
27.76, 7324
28.02, 7323
28.06, 7322
28.15, 7321
28.19, 7320
28.29, 7319
28.33, 7318
28.44, 7317
28.48, 7316
28.49, 7315
28.59, 7314
28.73, 7313
28.77, 7312
28.87, 7311
28.92, 7310
29.02, 7309
29.06, 7308
29.07, 7307
29.09, 7306
29.10, 7305
29.24, 7304
29.28, 7303
29.40, 7302
29.44, 7301
29.46, 7300
29.56, 7299
29.60, 7298
29.74, 7297
29.84, 7296
29.89, 7295
30.00, 7294
30.05, 7293
30.06, 7292
30.08, 7291
30.27, 7290
30.41, 7289
30.46, 7288
30.56, 7287
30.67, 7286
30.72, 7285
30.76, 7284
30.77, 7283
30.87, 7282
30.92, 7281
31.02, 7280
31.06, 7279
31.19, 7278
31.23, 7277
31.34, 7276
31.39, 7275
31.40, 7274
31.42, 7273
31.43, 7272
31.44, 7271
31.58, 7270
31.62, 7269
31.71, 7268
31.75, 7267
31.86, 7266
31.90, 7265
32.00, 7264
32.04, 7263
32.06, 7262
32.16, 7261
32.20, 7260
32.31, 7259
32.35, 7258
32.45, 7257
32.49, 7256
32.59, 7255
32.64, 7254
32.65, 7253
32.66, 7252
32.83, 7251
32.89, 7250
32.98, 7249
33.02, 7248
33.12, 7247
33.17, 7246
33.27, 7245
33.32, 7244
33.33, 7243
33.47, 7242
33.51, 7241
33.61, 7240
33.67, 7239
33.77, 7238
33.81, 7237
33.91, 7236
33.94, 7235
33.96, 7234
33.97, 7233
33.98, 7232
34.12, 7231
34.16, 7230
34.26, 7229
34.30, 7228
34.39, 7227
34.43, 7226
34.53, 7225
34.58, 7224
34.59, 7223
34.74, 7222
34.89, 7221
34.94, 7220
35.03, 7219
35.07, 7218
35.20, 7217
35.21, 7216
35.22, 7215
35.28, 7214
35.41, 7213
35.45, 7212
35.55, 7211
35.59, 7210
35.69, 7209
35.74, 7208
35.83, 7207
35.88, 7206
35.90, 7205
35.99, 7204
36.03, 7203
36.13, 7202
36.17, 7201
36.26, 7200
36.30, 7199
36.40, 7198
36.44, 7197
36.46, 7196
36.47, 7195
36.49, 7194
36.51, 7193
36.66, 7192
36.70, 7191
36.92, 7190
36.96, 7189
37.00, 7188
37.13, 7187
37.17, 7186
37.19, 7185
37.28, 7184
37.32, 7183
37.44, 7182
37.48, 7181
37.58, 7180
37.62, 7179
37.77, 7178
37.78, 7177
37.79, 7176
37.84, 7175
37.96, 7174
38.09, 7173
38.14, 7172
38.23, 7171
38.24, 7170
38.28, 7169
38.38, 7168
38.42, 7167
38.43, 7166
38.53, 7165
38.57, 7164
38.67, 7163
38.71, 7162
38.82, 7161
38.93, 7160
38.97, 7159
39.00, 7158
39.01, 7157
39.22, 7156
39.26, 7155
39.36, 7154
39.40, 7153
39.41, 7152
39.51, 7151
39.55, 7150
39.65, 7149
39.69, 7148
39.80, 7147
39.84, 7146
39.94, 7145
39.99, 7144
40.01, 7143
40.03, 7142
40.18, 7141
40.22, 7140
40.31, 7139
40.36, 7138
40.45, 7137
40.49, 7136
40.59, 7135
40.63, 7134
40.64, 7133
40.75, 7132
40.79, 7131
40.89, 7130
40.93, 7129
41.03, 7128
41.10, 7127
41.20, 7126
41.24, 7125
41.26, 7124
41.27, 7123
41.28, 7122
41.30, 7121
41.44, 7120
41.48, 7119
41.57, 7118
41.61, 7117
41.73, 7116
41.77, 7115
41.89, 7114
41.92, 7113
41.94, 7112
42.03, 7111
42.08, 7110
42.26, 7109
42.35, 7108
42.39, 7107
42.50, 7106
42.54, 7105
42.55, 7104
42.56, 7103
42.71, 7102
42.75, 7101
42.85, 7100
42.89, 7099
42.98, 7098
43.02, 7097
43.12, 7096
43.17, 7095
43.18, 7094
43.28, 7093
43.32, 7092
43.43, 7091
43.47, 7090
43.57, 7089
43.62, 7088
43.71, 7087
43.75, 7086
43.77, 7085
43.78, 7084
43.79, 7083
43.92, 7082
43.96, 7081
44.06, 7080
44.11, 7079
44.24, 7078
44.40, 7077
44.44, 7076
44.45, 7075
44.55, 7074
44.60, 7073
44.70, 7072
44.74, 7071
44.86, 7070
44.89, 7069
44.99, 7068
45.04, 7067
45.05, 7066
45.06, 7065
45.20, 7064
45.24, 7063
45.34, 7062
45.39, 7061
45.49, 7060
45.53, 7059
45.64, 7058
45.68, 7057
45.69, 7056
45.79, 7055
45.84, 7054
45.95, 7053
46.01, 7052
46.11, 7051
46.15, 7050
46.25, 7049
46.29, 7048
46.31, 7047
46.32, 7046
46.34, 7045
46.36, 7044
46.37, 7043
46.39, 7042
46.40, 7041
46.42, 7040
46.44, 7039
46.45, 7038
46.47, 7037
46.49, 7036
46.50, 7035
46.52, 7034
46.54, 7033
47.83, 7032
50.45, 7031
52.38, 7030
52.41, 7029
52.58, 7028
52.67, 7027
52.78, 7026
53.39, 7025
53.46, 7024
53.52, 7023
53.64, 7022
53.66, 7021
53.71, 7020
54.51, 7019
54.56, 7018
54.58, 7017
54.59, 7016
55.30, 7015
55.38, 7014
55.61, 7013
55.87, 7012
56.33, 7011
56.42, 7010
56.47, 7009
56.49, 7008
57.92, 7007
58.71, 7006
58.81, 7005
58.85, 7004
61.02, 7003
62.21, 7002
63.60, 7001
64.09, 7000
64.56, 6999
65.96, 6998
66.03, 6997
66.44, 6996
66.52, 6995
66.61, 6994
66.68, 6993
66.79, 6992
66.80, 6991
67.01, 6990
67.03, 6989
67.21, 6988
67.27, 6987
67.28, 6986
67.55, 6985
68.25, 6984
68.30, 6983
68.37, 6982
68.45, 6981
68.54, 6980
68.63, 6979
68.68, 6978
68.70, 6977
69.48, 6976
70.58, 6975
70.63, 6974
71.07, 6973
71.24, 6972
71.26, 6971
71.43, 6970
72.14, 6969
72.16, 6968
72.42, 6967
73.11, 6966
73.25, 6965
73.56, 6964
73.63, 6963
74.10, 6962
74.81, 6961
74.87, 6960
75.63, 6959
75.86, 6958
76.08, 6957
77.95, 6956
78.69, 6955
80.05, 6954
80.86, 6953
80.93, 6952
84.31, 6951
98.31, 6950
102.66, 6949
102.68, 6948
103.22, 6947
103.27, 6946
105.22, 6945
105.33, 6944
108.29, 6943
109.09, 6942
109.87, 6941
111.50, 6940
111.56, 6939
111.80, 6938
112.81, 6937
115.46, 6936
115.50, 6935
115.55, 6934
115.63, 6933
115.65, 6932
116.11, 6931
117.61, 6930
119.87, 6929
124.83, 6928
160.52, 6927
169.19, 6926
176.26, 6925
178.55, 6924
220.54, 6923
245.72, 6922
259.85, 6921
299.23, 6920
299.68, 6919
304.54, 6918
304.64, 6917
350.60, 6916
381.10, 6915
393.75, 6914
