6.55, 4697
6.62, 4696
6.65, 4695
6.68, 4694
6.70, 4693
6.73, 4692
6.75, 4691
6.77, 4690
6.79, 4689
6.82, 4688
6.84, 4687
6.86, 4686
6.89, 4685
6.91, 4684
6.93, 4683
6.97, 4682
7.00, 4681
7.03, 4680
7.06, 4679
7.09, 4678
7.12, 4677
7.15, 4676
7.18, 4675
7.21, 4674
7.23, 4673
7.26, 4672
7.28, 4671
7.30, 4670
7.33, 4669
7.36, 4668
7.38, 4667
7.40, 4666
7.43, 4665
7.45, 4664
7.47, 4663
7.51, 4662
7.54, 4661
7.58, 4660
7.60, 4659
7.63, 4658
7.65, 4657
7.68, 4656
7.70, 4655
7.73, 4654
7.75, 4653
7.88, 4652
8.20, 4651
8.56, 4650
8.75, 4649
9.24, 4648
9.50, 4647
9.85, 4646
10.12, 4645
10.30, 4644
10.82, 4643
11.19, 4642
11.64, 4641
11.87, 4640
11.91, 4639
11.94, 4638
12.07, 4637
12.89, 4636
12.97, 4635
13.05, 4634
13.20, 4633
13.96, 4632
14.49, 4631
15.26, 4630
15.33, 4629
16.27, 4628
16.97, 4627
17.30, 4626
17.44, 4625
18.29, 4624
18.42, 4623
18.92, 4622
19.54, 4621
19.67, 4620
19.81, 4619
19.83, 4618
20.43, 4617
20.99, 4616
21.19, 4615
21.28, 4614
21.67, 4613
22.20, 4612
23.30, 4611
23.63, 4610
23.79, 4609
24.31, 4608
24.33, 4607
24.44, 4606
24.91, 4605
25.92, 4604
26.25, 4603
27.08, 4602
27.17, 4601
28.49, 4600
28.63, 4599
29.43, 4598
29.58, 4597
29.72, 4596
30.13, 4595
30.32, 4594
30.94, 4593
33.80, 4592
34.06, 4591
34.17, 4590
35.94, 4589
36.20, 4588
38.92, 4587
39.49, 4586
39.52, 4585
39.98, 4584
40.43, 4583
41.02, 4582
41.76, 4581
42.38, 4580
44.03, 4579
45.46, 4578
45.99, 4577
46.59, 4576
47.18, 4575
48.77, 4574
50.17, 4573
51.89, 4572
52.24, 4571
52.71, 4570
59.60, 4569
62.07, 4568
74.33, 4567
118.03, 4566
119.28, 4565
120.39, 4564
122.25, 4563
133.14, 4562
133.24, 4561
139.69, 4560
142.84, 4559
150.25, 4558
151.39, 4557
153.69, 4556
166.66, 4555
168.60, 4554
219.02, 4553
238.96, 4552
243.86, 4551
250.94, 4550
260.04, 4549
261.45, 4548
325.49, 4547
338.06, 4546
348.72, 4545
391.24, 4544
473.12, 4543
