6.26, 7374
6.30, 7373
6.32, 7372
6.33, 7371
6.35, 7370
6.36, 7369
6.38, 7368
6.40, 7367
6.43, 7366
6.45, 7365
6.48, 7364
6.50, 7363
6.52, 7362
6.55, 7361
6.58, 7360
6.60, 7359
6.63, 7358
6.66, 7357
6.68, 7356
6.70, 7355
6.72, 7354
6.75, 7353
6.77, 7352
6.80, 7351
6.83, 7350
6.85, 7349
6.88, 7348
6.91, 7347
6.92, 7346
10.13, 7345
14.69, 7344
15.39, 7343
15.43, 7342
17.06, 7341
26.87, 7340
29.36, 7339
31.74, 7338
31.80, 7337
31.91, 7336
31.98, 7335
32.10, 7334
32.15, 7333
32.25, 7332
32.33, 7331
32.36, 7330
32.58, 7329
32.85, 7328
32.97, 7327
33.02, 7326
33.20, 7325
33.24, 7324
33.48, 7323
33.52, 7322
33.67, 7321
33.80, 7320
33.85, 7319
33.90, 7318
34.02, 7317
34.06, 7316
34.08, 7315
34.18, 7314
34.37, 7313
34.41, 7312
34.51, 7311
34.55, 7310
34.69, 7309
34.73, 7308
34.74, 7307
34.75, 7306
34.77, 7305
34.92, 7304
34.98, 7303
35.08, 7302
35.12, 7301
35.14, 7300
35.23, 7299
35.29, 7298
35.43, 7297
35.53, 7296
35.57, 7295
35.66, 7294
35.70, 7293
35.72, 7292
35.73, 7291
35.95, 7290
36.05, 7289
36.09, 7288
36.19, 7287
36.27, 7286
36.35, 7285
36.39, 7284
36.40, 7283
36.50, 7282
36.55, 7281
36.65, 7280
36.69, 7279
36.79, 7278
36.83, 7277
36.93, 7276
37.00, 7275
37.02, 7274
37.03, 7273
37.04, 7272
37.06, 7271
37.19, 7270
37.23, 7269
37.34, 7268
37.38, 7267
37.48, 7266
37.52, 7265
37.63, 7264
37.68, 7263
37.69, 7262
37.83, 7261
37.88, 7260
37.98, 7259
38.03, 7258
38.15, 7257
38.19, 7256
38.29, 7255
38.33, 7254
38.35, 7253
38.36, 7252
38.54, 7251
38.59, 7250
38.71, 7249
38.75, 7248
38.85, 7247
38.89, 7246
39.03, 7245
39.07, 7244
39.08, 7243
39.18, 7242
39.22, 7241
39.32, 7240
39.36, 7239
39.46, 7238
39.51, 7237
39.61, 7236
39.65, 7235
39.66, 7234
39.67, 7233
39.69, 7232
39.82, 7231
39.87, 7230
40.00, 7229
40.04, 7228
40.13, 7227
40.18, 7226
40.28, 7225
40.35, 7224
40.37, 7223
40.51, 7222
40.63, 7221
40.69, 7220
40.83, 7219
40.87, 7218
40.99, 7217
41.00, 7216
41.02, 7215
41.17, 7214
41.25, 7213
41.29, 7212
41.40, 7211
41.44, 7210
41.55, 7209
41.59, 7208
41.70, 7207
41.74, 7206
41.75, 7205
41.87, 7204
41.92, 7203
42.02, 7202
42.07, 7201
42.16, 7200
42.20, 7199
42.30, 7198
42.34, 7197
42.36, 7196
42.38, 7195
42.39, 7194
42.40, 7193
42.54, 7192
42.58, 7191
42.87, 7190
42.89, 7189
42.98, 7188
43.12, 7187
43.18, 7186
43.19, 7185
43.31, 7184
43.35, 7183
43.45, 7182
43.49, 7181
43.59, 7180
43.63, 7179
43.73, 7178
43.77, 7177
43.78, 7176
43.79, 7175
43.94, 7174
44.13, 7173
44.17, 7172
44.28, 7171
44.32, 7170
44.36, 7169
44.47, 7168
44.51, 7167
44.52, 7166
44.62, 7165
44.68, 7164
44.78, 7163
44.83, 7162
44.94, 7161
45.07, 7160
45.12, 7159
45.15, 7158
45.16, 7157
45.38, 7156
45.45, 7155
45.55, 7154
45.60, 7153
45.61, 7152
45.71, 7151
45.75, 7150
45.85, 7149
45.89, 7148
45.99, 7147
46.04, 7146
46.16, 7145
46.21, 7144
46.23, 7143
46.24, 7142
46.44, 7141
46.50, 7140
46.60, 7139
46.65, 7138
46.75, 7137
46.79, 7136
46.89, 7135
46.96, 7134
46.97, 7133
47.07, 7132
47.12, 7131
47.21, 7130
47.26, 7129
47.35, 7128
47.39, 7127
47.49, 7126
47.53, 7125
47.54, 7124
47.55, 7123
47.56, 7122
47.58, 7121
47.73, 7120
47.77, 7119
47.86, 7118
47.90, 7117
48.00, 7116
48.04, 7115
48.14, 7114
48.19, 7113
48.20, 7112
48.31, 7111
48.35, 7110
48.50, 7109
48.63, 7108
48.67, 7107
48.77, 7106
48.82, 7105
48.84, 7104
48.86, 7103
48.99, 7102
49.03, 7101
49.13, 7100
49.17, 7099
49.28, 7098
49.32, 7097
49.42, 7096
49.46, 7095
49.48, 7094
49.58, 7093
49.63, 7092
49.73, 7091
49.78, 7090
49.89, 7089
49.96, 7088
50.06, 7087
50.10, 7086
50.12, 7085
50.13, 7084
50.15, 7083
50.33, 7082
50.37, 7081
50.54, 7080
50.58, 7079
50.70, 7078
50.86, 7077
50.90, 7076
50.92, 7075
51.04, 7074
51.09, 7073
51.18, 7072
51.23, 7071
51.33, 7070
51.37, 7069
51.47, 7068
51.51, 7067
51.52, 7066
51.54, 7065
51.68, 7064
51.72, 7063
51.84, 7062
51.88, 7061
51.98, 7060
52.02, 7059
52.13, 7058
52.17, 7057
52.18, 7056
52.28, 7055
52.32, 7054
52.46, 7053
52.50, 7052
52.60, 7051
52.65, 7050
52.74, 7049
52.79, 7048
52.80, 7047
52.82, 7046
52.84, 7045
52.85, 7044
52.87, 7043
52.88, 7042
52.90, 7041
52.91, 7040
52.93, 7039
52.95, 7038
52.96, 7037
52.98, 7036
52.99, 7035
53.01, 7034
53.02, 7033
56.82, 7032
58.86, 7031
59.08, 7030
59.10, 7029
59.42, 7028
59.51, 7027
59.92, 7026
60.21, 7025
60.34, 7024
60.44, 7023
60.66, 7022
60.68, 7021
60.75, 7020
61.09, 7019
61.30, 7018
61.50, 7017
62.75, 7016
62.97, 7015
63.13, 7014
63.22, 7013
63.53, 7012
64.49, 7011
66.18, 7010
67.05, 7009
69.45, 7008
71.35, 7007
72.59, 7006
73.43, 7005
75.74, 7004
75.98, 7003
76.15, 7002
76.22, 7001
76.24, 7000
76.42, 6999
76.43, 6998
76.70, 6997
76.71, 6996
76.94, 6995
77.03, 6994
77.05, 6993
77.24, 6992
77.58, 6991
78.06, 6990
78.19, 6989
78.21, 6988
78.30, 6987
78.38, 6986
78.43, 6985
78.44, 6984
78.76, 6983
79.21, 6982
80.47, 6981
80.49, 6980
80.53, 6979
80.68, 6978
81.40, 6977
81.59, 6976
81.62, 6975
82.07, 6974
82.20, 6973
82.30, 6972
82.32, 6971
83.11, 6970
83.18, 6969
83.77, 6968
84.31, 6967
85.55, 6966
85.91, 6965
85.98, 6964
87.70, 6963
88.87, 6962
90.44, 6961
90.68, 6960
90.70, 6959
90.82, 6958
92.14, 6957
93.55, 6956
93.78, 6955
93.96, 6954
94.03, 6953
94.29, 6952
95.76, 6951
97.14, 6950
97.80, 6949
102.80, 6948
103.72, 6947
105.15, 6946
108.57, 6945
108.66, 6944
109.05, 6943
122.92, 6942
124.63, 6941
124.84, 6940
124.95, 6939
126.51, 6938
130.57, 6937
132.40, 6936
132.42, 6935
132.50, 6934
133.58, 6933
133.92, 6932
135.81, 6931
135.90, 6930
143.90, 6929
151.66, 6928
162.34, 6927
162.43, 6926
163.98, 6925
173.29, 6924
174.51, 6923
174.93, 6922
176.87, 6921
177.53, 6920
201.07, 6919
205.25, 6918
209.00, 6917
252.85, 6916
264.57, 6915
267.92, 6914
316.88, 6913
319.22, 6912
391.05, 6911
554.88, 6910
