6.49, 7374
6.52, 7373
6.55, 7372
6.58, 7371
6.61, 7370
6.63, 7369
6.66, 7368
6.69, 7367
6.75, 7366
6.76, 7365
6.78, 7364
6.79, 7363
6.81, 7362
6.83, 7361
6.85, 7360
6.88, 7359
6.92, 7358
6.93, 7357
6.95, 7356
6.96, 7355
6.98, 7354
7.00, 7353
7.02, 7352
7.03, 7351
7.05, 7350
7.06, 7349
7.08, 7348
7.10, 7347
7.13, 7346
10.96, 7345
15.48, 7344
16.04, 7343
16.10, 7342
17.91, 7341
27.56, 7340
29.71, 7339
32.36, 7338
32.42, 7337
32.57, 7336
32.64, 7335
32.78, 7334
32.82, 7333
32.92, 7332
32.98, 7331
33.00, 7330
33.22, 7329
33.27, 7328
33.42, 7327
33.47, 7326
33.61, 7325
33.66, 7324
33.94, 7323
34.00, 7322
34.10, 7321
34.17, 7320
34.34, 7319
34.39, 7318
34.49, 7317
34.55, 7316
34.57, 7315
34.70, 7314
34.85, 7313
34.89, 7312
35.03, 7311
35.09, 7310
35.19, 7309
35.24, 7308
35.26, 7307
35.28, 7306
35.30, 7305
35.45, 7304
35.50, 7303
35.60, 7302
35.64, 7301
35.65, 7300
35.75, 7299
35.80, 7298
35.96, 7297
36.07, 7296
36.12, 7295
36.25, 7294
36.30, 7293
36.31, 7292
36.33, 7291
36.53, 7290
36.68, 7289
36.73, 7288
36.85, 7287
36.96, 7286
37.05, 7285
37.09, 7284
37.11, 7283
37.26, 7282
37.31, 7281
37.44, 7280
37.58, 7279
37.70, 7278
37.78, 7277
37.91, 7276
37.95, 7275
37.97, 7274
37.98, 7273
38.00, 7272
38.01, 7271
38.15, 7270
38.19, 7269
38.31, 7268
38.35, 7267
38.45, 7266
38.49, 7265
38.59, 7264
38.66, 7263
38.68, 7262
38.81, 7261
38.85, 7260
38.99, 7259
39.05, 7258
39.16, 7257
39.21, 7256
39.32, 7255
39.41, 7254
39.43, 7253
39.45, 7252
39.63, 7251
39.69, 7250
39.82, 7249
39.90, 7248
40.03, 7247
40.09, 7246
40.21, 7245
40.27, 7244
40.28, 7243
40.39, 7242
40.43, 7241
40.54, 7240
40.58, 7239
40.72, 7238
40.78, 7237
40.89, 7236
40.93, 7235
40.95, 7234
40.96, 7233
40.97, 7232
41.11, 7231
41.16, 7230
41.30, 7229
41.34, 7228
41.47, 7227
41.53, 7226
41.66, 7225
41.73, 7224
41.75, 7223
41.95, 7222
42.07, 7221
42.11, 7220
42.25, 7219
42.30, 7218
42.43, 7217
42.45, 7216
42.47, 7215
42.59, 7214
42.73, 7213
42.78, 7212
42.94, 7211
42.99, 7210
43.11, 7209
43.18, 7208
43.33, 7207
43.39, 7206
43.40, 7205
43.50, 7204
43.55, 7203
43.67, 7202
43.72, 7201
43.82, 7200
43.87, 7199
43.97, 7198
44.01, 7197
44.02, 7196
44.04, 7195
44.05, 7194
44.06, 7193
44.24, 7192
44.28, 7191
44.48, 7190
44.61, 7189
44.67, 7188
44.78, 7187
44.84, 7186
44.86, 7185
44.96, 7184
45.01, 7183
45.13, 7182
45.21, 7181
45.33, 7180
45.38, 7179
45.53, 7178
45.59, 7177
45.60, 7176
45.61, 7175
45.76, 7174
46.04, 7173
46.10, 7172
46.22, 7171
46.27, 7170
46.35, 7169
46.49, 7168
46.53, 7167
46.55, 7166
46.65, 7165
46.69, 7164
46.79, 7163
46.83, 7162
47.00, 7161
47.13, 7160
47.17, 7159
47.21, 7158
47.22, 7157
47.42, 7156
47.47, 7155
47.63, 7154
47.67, 7153
47.69, 7152
47.82, 7151
47.87, 7150
47.97, 7149
48.02, 7148
48.19, 7147
48.26, 7146
48.37, 7145
48.42, 7144
48.43, 7143
48.45, 7142
48.60, 7141
48.65, 7140
48.78, 7139
48.83, 7138
48.94, 7137
48.99, 7136
49.11, 7135
49.16, 7134
49.19, 7133
49.35, 7132
49.39, 7131
49.52, 7130
49.56, 7129
49.67, 7128
49.74, 7127
49.85, 7126
49.89, 7125
49.91, 7124
49.93, 7123
49.94, 7122
49.95, 7121
50.16, 7120
50.21, 7119
50.31, 7118
50.36, 7117
50.46, 7116
50.50, 7115
50.60, 7114
50.65, 7113
50.66, 7112
50.76, 7111
50.81, 7110
50.96, 7109
51.14, 7108
51.18, 7107
51.28, 7106
51.32, 7105
51.34, 7104
51.35, 7103
51.53, 7102
51.60, 7101
51.70, 7100
51.74, 7099
51.85, 7098
51.90, 7097
52.00, 7096
52.05, 7095
52.06, 7094
52.17, 7093
52.21, 7092
52.33, 7091
52.38, 7090
52.49, 7089
52.53, 7088
52.65, 7087
52.72, 7086
52.74, 7085
52.76, 7084
52.77, 7083
52.96, 7082
53.02, 7081
53.19, 7080
53.26, 7079
53.47, 7078
53.61, 7077
53.67, 7076
53.68, 7075
53.82, 7074
53.89, 7073
53.99, 7072
54.03, 7071
54.14, 7070
54.19, 7069
54.33, 7068
54.37, 7067
54.38, 7066
54.41, 7065
54.66, 7064
54.70, 7063
54.81, 7062
54.86, 7061
54.98, 7060
55.03, 7059
55.15, 7058
55.20, 7057
55.21, 7056
55.32, 7055
55.38, 7054
55.52, 7053
55.59, 7052
55.72, 7051
55.76, 7050
55.86, 7049
55.92, 7048
55.95, 7047
55.96, 7046
55.98, 7045
55.99, 7044
56.01, 7043
56.02, 7042
56.04, 7041
56.06, 7040
56.09, 7039
56.10, 7038
56.12, 7037
56.13, 7036
56.15, 7035
56.17, 7034
56.19, 7033
63.60, 7032
63.62, 7031
63.91, 7030
63.95, 7029
64.14, 7028
64.56, 7027
64.86, 7026
65.02, 7025
65.21, 7024
65.35, 7023
65.37, 7022
65.42, 7021
65.71, 7020
66.39, 7019
66.44, 7018
66.53, 7017
66.55, 7016
67.34, 7015
67.51, 7014
67.63, 7013
67.94, 7012
68.17, 7011
68.25, 7010
69.04, 7009
69.07, 7008
69.12, 7007
69.14, 7006
69.49, 7005
70.99, 7004
71.94, 7003
72.19, 7002
74.52, 7001
76.09, 7000
76.68, 6999
77.15, 6998
77.39, 6997
77.92, 6996
79.51, 6995
80.41, 6994
80.52, 6993
80.70, 6992
80.99, 6991
81.12, 6990
81.29, 6989
81.31, 6988
81.43, 6987
81.45, 6986
81.78, 6985
81.89, 6984
81.94, 6983
81.96, 6982
82.40, 6981
83.03, 6980
83.13, 6979
83.16, 6978
83.39, 6977
83.44, 6976
83.51, 6975
83.53, 6974
83.55, 6973
84.02, 6972
84.81, 6971
85.93, 6970
85.96, 6969
86.18, 6968
86.84, 6967
86.94, 6966
87.65, 6965
87.81, 6964
88.20, 6963
88.61, 6962
88.69, 6961
90.23, 6960
90.29, 6959
91.13, 6958
91.72, 6957
94.76, 6956
96.09, 6955
96.72, 6954
98.25, 6953
99.82, 6952
101.52, 6951
102.75, 6950
104.07, 6949
106.62, 6948
108.82, 6947
112.47, 6946
116.99, 6945
134.09, 6944
135.07, 6943
138.64, 6942
139.79, 6941
140.35, 6940
140.95, 6939
141.88, 6938
141.94, 6937
141.96, 6936
143.05, 6935
144.04, 6934
144.07, 6933
144.66, 6932
206.30, 6931
221.79, 6930
221.91, 6929
272.91, 6928
274.68, 6927
274.77, 6926
283.02, 6925
312.05, 6924
312.53, 6923
312.65, 6922
369.15, 6921
388.24, 6920
430.18, 6919
