6.43, 4697
6.49, 4696
6.52, 4695
6.55, 4694
6.57, 4693
6.60, 4692
6.62, 4691
6.64, 4690
6.67, 4689
6.69, 4688
6.71, 4687
6.73, 4686
6.76, 4685
6.78, 4684
6.81, 4683
6.83, 4682
6.86, 4681
6.89, 4680
6.91, 4679
6.94, 4678
6.96, 4677
6.99, 4676
7.01, 4675
7.03, 4674
7.06, 4673
7.08, 4672
7.11, 4671
7.13, 4670
7.15, 4669
7.18, 4668
7.22, 4667
7.24, 4666
7.27, 4665
7.29, 4664
7.31, 4663
7.34, 4662
7.36, 4661
7.38, 4660
7.41, 4659
7.43, 4658
7.45, 4657
7.48, 4656
7.50, 4655
7.52, 4654
7.55, 4653
7.71, 4652
7.90, 4651
8.52, 4650
8.70, 4649
9.18, 4648
9.33, 4647
9.62, 4646
9.84, 4645
10.18, 4644
10.65, 4643
10.99, 4642
11.29, 4641
11.47, 4640
11.51, 4639
11.64, 4638
11.66, 4637
12.44, 4636
12.47, 4635
12.57, 4634
12.92, 4633
13.78, 4632
14.38, 4631
15.16, 4630
15.20, 4629
16.12, 4628
17.14, 4627
17.23, 4626
18.12, 4625
18.28, 4624
19.04, 4623
19.62, 4622
19.87, 4621
19.89, 4620
20.01, 4619
20.57, 4618
20.93, 4617
21.27, 4616
21.36, 4615
21.76, 4614
22.73, 4613
24.00, 4612
24.11, 4611
24.33, 4610
24.44, 4609
24.96, 4608
25.38, 4607
25.58, 4606
25.90, 4605
27.39, 4604
28.22, 4603
28.24, 4602
29.85, 4601
30.03, 4600
30.74, 4599
30.86, 4598
31.02, 4597
31.44, 4596
31.66, 4595
32.77, 4594
36.06, 4593
36.29, 4592
36.41, 4591
37.92, 4590
41.08, 4589
42.95, 4588
43.03, 4587
43.30, 4586
43.79, 4585
44.35, 4584
44.86, 4583
45.66, 4582
46.47, 4581
46.49, 4580
47.69, 4579
48.12, 4578
48.25, 4577
50.64, 4576
50.92, 4575
52.11, 4574
53.11, 4573
54.58, 4572
55.72, 4571
56.24, 4570
56.98, 4569
57.29, 4568
58.03, 4567
63.94, 4566
64.62, 4565
106.78, 4564
125.60, 4563
126.63, 4562
127.84, 4561
127.91, 4560
130.95, 4559
133.26, 4558
133.76, 4557
135.41, 4556
135.72, 4555
136.02, 4554
142.95, 4553
147.51, 4552
150.90, 4551
158.17, 4550
168.70, 4549
171.65, 4548
226.84, 4547
256.67, 4546
262.78, 4545
320.26, 4544
458.44, 4543
586.79, 4542
