6.91, 4697
6.96, 4696
6.99, 4695
7.01, 4694
7.04, 4693
7.06, 4692
7.09, 4691
7.12, 4690
7.15, 4689
7.18, 4688
7.21, 4687
7.23, 4686
7.26, 4685
7.28, 4684
7.31, 4683
7.33, 4682
7.36, 4681
7.38, 4680
7.41, 4679
7.43, 4678
7.46, 4677
7.48, 4676
7.52, 4675
7.54, 4674
7.57, 4673
7.60, 4672
7.63, 4671
7.66, 4670
7.69, 4669
7.71, 4668
7.74, 4667
7.78, 4666
7.80, 4665
7.84, 4664
7.86, 4663
7.88, 4662
7.91, 4661
7.95, 4660
7.99, 4659
8.01, 4658
8.04, 4657
8.06, 4656
8.10, 4655
8.12, 4654
8.15, 4653
8.29, 4652
8.42, 4651
8.96, 4650
9.17, 4649
9.85, 4648
10.08, 4647
10.39, 4646
10.83, 4645
10.86, 4644
11.40, 4643
11.96, 4642
12.30, 4641
12.59, 4640
12.62, 4639
12.65, 4638
12.82, 4637
13.65, 4636
13.72, 4635
13.80, 4634
14.03, 4633
14.90, 4632
15.52, 4631
16.39, 4630
16.47, 4629
17.89, 4628
18.76, 4627
18.87, 4626
20.01, 4625
20.15, 4624
20.86, 4623
21.74, 4622
21.95, 4621
22.09, 4620
22.11, 4619
22.59, 4618
23.15, 4617
23.53, 4616
23.61, 4615
23.99, 4614
24.79, 4613
26.21, 4612
26.53, 4611
26.82, 4610
27.10, 4609
27.33, 4608
27.97, 4607
28.85, 4606
29.28, 4605
30.52, 4604
30.54, 4603
32.53, 4602
32.81, 4601
33.72, 4600
33.74, 4599
34.08, 4598
34.71, 4597
35.23, 4596
36.15, 4595
38.92, 4594
39.48, 4593
39.50, 4592
39.63, 4591
39.82, 4590
39.94, 4589
41.21, 4588
43.98, 4587
44.33, 4586
44.97, 4585
45.84, 4584
45.88, 4583
46.06, 4582
46.31, 4581
46.88, 4580
48.04, 4579
49.42, 4578
50.57, 4577
50.70, 4576
52.33, 4575
54.77, 4574
56.33, 4573
58.04, 4572
59.37, 4571
59.92, 4570
60.47, 4569
61.54, 4568
71.75, 4567
71.89, 4566
85.02, 4565
87.16, 4564
120.37, 4563
120.79, 4562
123.36, 4561
126.23, 4560
131.99, 4559
136.32, 4558
139.43, 4557
139.94, 4556
139.96, 4555
148.49, 4554
148.58, 4553
150.56, 4552
160.22, 4551
161.44, 4550
164.13, 4549
244.08, 4548
253.03, 4547
267.87, 4546
345.85, 4545
366.08, 4544
