1.30, 2277
1.31, 2276
1.31, 2275
1.31, 2274
1.31, 2273
1.32, 2272
1.32, 2271
1.32, 2270
1.32, 2269
1.33, 2268
1.33, 2267
1.33, 2266
1.33, 2265
1.34, 2264
1.34, 2263
1.34, 2262
1.34, 2261
1.35, 2260
1.35, 2259
1.36, 2258
1.42, 2257
1.43, 2256
1.63, 2255
1.71, 2254
1.89, 2253
2.01, 2252
2.15, 2251
2.21, 2250
2.24, 2249
2.28, 2248
2.39, 2247
2.43, 2246
2.49, 2245
2.55, 2244
2.57, 2243
2.65, 2242
2.89, 2241
2.92, 2240
2.96, 2239
3.00, 2238
3.03, 2237
3.09, 2236
3.13, 2235
3.30, 2234
3.42, 2233
3.48, 2232
3.64, 2231
3.66, 2230
3.68, 2229
3.75, 2228
3.95, 2227
4.01, 2226
4.16, 2225
5.19, 2224
5.40, 2223
5.60, 2222
6.29, 2221
6.55, 2220
6.64, 2219
6.82, 2218
7.01, 2217
7.02, 2216
7.03, 2215
8.93, 2214
9.23, 2213
9.32, 2212
9.36, 2211
9.37, 2210
9.55, 2209
12.26, 2208
19.93, 2207
26.87, 2206
39.87, 2205
43.25, 2204
175.64, 2203
