1.27, 2277
1.28, 2276
1.28, 2275
1.28, 2274
1.28, 2273
1.29, 2272
1.29, 2271
1.29, 2270
1.30, 2269
1.30, 2268
1.31, 2267
1.31, 2266
1.31, 2265
1.32, 2264
1.32, 2263
1.32, 2262
1.32, 2261
1.33, 2260
1.33, 2259
1.33, 2258
1.39, 2257
1.40, 2256
1.62, 2255
1.70, 2254
1.85, 2253
1.94, 2252
2.10, 2251
2.18, 2250
2.24, 2249
2.27, 2248
2.39, 2247
2.43, 2246
2.47, 2245
2.53, 2244
2.57, 2243
2.73, 2242
3.07, 2241
3.12, 2240
3.19, 2239
3.24, 2238
3.27, 2237
3.40, 2236
3.43, 2235
3.54, 2234
3.61, 2233
3.85, 2232
3.90, 2231
3.93, 2230
3.99, 2229
4.12, 2228
4.32, 2227
4.37, 2226
5.70, 2225
5.72, 2224
5.75, 2223
5.95, 2222
6.62, 2221
6.71, 2220
6.90, 2219
7.19, 2218
9.32, 2217
9.34, 2216
9.38, 2215
9.48, 2214
9.70, 2213
9.83, 2212
9.88, 2211
9.88, 2210
10.09, 2209
12.88, 2208
21.29, 2207
29.70, 2206
42.43, 2205
47.67, 2204
90.60, 2203
