6.04, 4697
6.08, 4696
6.10, 4695
6.13, 4694
6.15, 4693
6.17, 4692
6.20, 4691
6.22, 4690
6.25, 4689
6.27, 4688
6.30, 4687
6.32, 4686
6.34, 4685
6.37, 4684
6.39, 4683
6.42, 4682
6.44, 4681
6.47, 4680
6.49, 4679
6.51, 4678
6.55, 4677
6.58, 4676
6.61, 4675
6.63, 4674
6.65, 4673
6.68, 4672
6.71, 4671
6.74, 4670
6.76, 4669
6.80, 4668
6.82, 4667
6.85, 4666
6.89, 4665
6.91, 4664
6.94, 4663
6.97, 4662
6.99, 4661
7.01, 4660
7.04, 4659
7.06, 4658
7.09, 4657
7.13, 4656
7.15, 4655
7.18, 4654
7.21, 4653
7.33, 4652
7.49, 4651
8.08, 4650
8.18, 4649
8.59, 4648
8.78, 4647
9.17, 4646
9.37, 4645
9.56, 4644
10.06, 4643
10.43, 4642
10.78, 4641
11.03, 4640
11.05, 4639
11.08, 4638
11.23, 4637
11.97, 4636
11.99, 4635
12.09, 4634
12.24, 4633
12.84, 4632
13.47, 4631
14.30, 4630
14.45, 4629
15.22, 4628
15.93, 4627
16.08, 4626
16.79, 4625
17.19, 4624
17.66, 4623
18.24, 4622
18.41, 4621
18.52, 4620
18.54, 4619
19.07, 4618
19.52, 4617
19.84, 4616
19.91, 4615
20.25, 4614
20.78, 4613
21.80, 4612
21.98, 4611
22.26, 4610
22.45, 4609
22.73, 4608
23.01, 4607
23.08, 4606
23.47, 4605
24.51, 4604
25.55, 4603
25.64, 4602
27.02, 4601
27.31, 4600
27.89, 4599
27.91, 4598
28.15, 4597
28.79, 4596
29.06, 4595
29.55, 4594
31.84, 4593
32.11, 4592
32.14, 4591
32.26, 4590
32.42, 4589
33.43, 4588
35.78, 4587
35.99, 4586
36.53, 4585
36.63, 4584
36.73, 4583
37.00, 4582
37.81, 4581
37.83, 4580
38.30, 4579
38.73, 4578
39.75, 4577
40.25, 4576
40.40, 4575
41.60, 4574
42.02, 4573
43.71, 4572
44.33, 4571
44.87, 4570
45.61, 4569
46.50, 4568
47.14, 4567
48.14, 4566
49.14, 4565
49.78, 4564
57.17, 4563
60.08, 4562
61.05, 4561
73.69, 4560
92.11, 4559
106.74, 4558
108.82, 4557
109.88, 4556
111.09, 4555
122.23, 4554
128.94, 4553
153.50, 4552
204.65, 4551
234.29, 4550
235.91, 4549
241.72, 4548
252.83, 4547
299.40, 4546
305.70, 4545
309.84, 4544
412.74, 4543
