5.86, 7374
5.88, 7373
5.90, 7372
5.91, 7371
5.93, 7370
5.94, 7369
5.96, 7368
5.97, 7367
5.99, 7366
6.00, 7365
6.02, 7364
6.03, 7363
6.05, 7362
6.06, 7361
6.08, 7360
6.10, 7359
6.11, 7358
6.13, 7357
6.14, 7356
6.16, 7355
6.17, 7354
6.19, 7353
6.21, 7352
6.22, 7351
6.24, 7350
6.25, 7349
6.27, 7348
6.28, 7347
6.30, 7346
9.62, 7345
13.86, 7344
14.45, 7343
14.50, 7342
16.07, 7341
24.79, 7340
26.67, 7339
28.76, 7338
28.81, 7337
28.91, 7336
28.95, 7335
29.05, 7334
29.10, 7333
29.20, 7332
29.25, 7331
29.26, 7330
29.48, 7329
29.52, 7328
29.62, 7327
29.67, 7326
29.80, 7325
29.84, 7324
30.07, 7323
30.11, 7322
30.22, 7321
30.28, 7320
30.39, 7319
30.44, 7318
30.55, 7317
30.59, 7316
30.61, 7315
30.71, 7314
30.86, 7313
30.90, 7312
31.00, 7311
31.05, 7310
31.15, 7309
31.19, 7308
31.20, 7307
31.22, 7306
31.23, 7305
31.38, 7304
31.43, 7303
31.54, 7302
31.58, 7301
31.60, 7300
31.71, 7299
31.75, 7298
31.88, 7297
32.00, 7296
32.05, 7295
32.15, 7294
32.19, 7293
32.20, 7292
32.22, 7291
32.41, 7290
32.54, 7289
32.59, 7288
32.69, 7287
32.87, 7286
32.88, 7285
32.92, 7284
32.94, 7283
33.05, 7282
33.10, 7281
33.21, 7280
33.26, 7279
33.36, 7278
33.41, 7277
33.53, 7276
33.57, 7275
33.58, 7274
33.60, 7273
33.61, 7272
33.62, 7271
33.77, 7270
33.81, 7269
33.91, 7268
33.97, 7267
34.07, 7266
34.12, 7265
34.22, 7264
34.27, 7263
34.28, 7262
34.41, 7261
34.46, 7260
34.57, 7259
34.61, 7258
34.74, 7257
34.78, 7256
34.91, 7255
34.96, 7254
34.97, 7253
34.99, 7252
35.13, 7251
35.18, 7250
35.28, 7249
35.33, 7248
35.43, 7247
35.48, 7246
35.59, 7245
35.63, 7244
35.65, 7243
35.76, 7242
35.80, 7241
35.92, 7240
35.96, 7239
36.06, 7238
36.12, 7237
36.23, 7236
36.27, 7235
36.29, 7234
36.30, 7233
36.31, 7232
36.45, 7231
36.51, 7230
36.61, 7229
36.65, 7228
36.76, 7227
36.81, 7226
36.91, 7225
36.95, 7224
36.97, 7223
37.13, 7222
37.24, 7221
37.28, 7220
37.39, 7219
37.43, 7218
37.56, 7217
37.58, 7216
37.59, 7215
37.65, 7214
37.80, 7213
37.86, 7212
38.01, 7211
38.05, 7210
38.17, 7209
38.22, 7208
38.33, 7207
38.37, 7206
38.39, 7205
38.49, 7204
38.55, 7203
38.69, 7202
38.73, 7201
38.83, 7200
38.87, 7199
38.97, 7198
39.02, 7197
39.03, 7196
39.04, 7195
39.06, 7194
39.08, 7193
39.23, 7192
39.28, 7191
39.48, 7190
39.53, 7189
39.63, 7188
39.73, 7187
39.77, 7186
39.79, 7185
39.88, 7184
39.94, 7183
40.05, 7182
40.09, 7181
40.20, 7180
40.25, 7179
40.41, 7178
40.42, 7177
40.44, 7176
40.51, 7175
40.61, 7174
40.78, 7173
40.83, 7172
40.91, 7171
40.95, 7170
41.00, 7169
41.10, 7168
41.14, 7167
41.16, 7166
41.26, 7165
41.31, 7164
41.41, 7163
41.46, 7162
41.56, 7161
41.67, 7160
41.71, 7159
41.74, 7158
41.75, 7157
41.98, 7156
42.02, 7155
42.13, 7154
42.17, 7153
42.19, 7152
42.30, 7151
42.35, 7150
42.45, 7149
42.49, 7148
42.59, 7147
42.63, 7146
42.73, 7145
42.79, 7144
42.80, 7143
42.83, 7142
43.01, 7141
43.06, 7140
43.15, 7139
43.20, 7138
43.30, 7137
43.36, 7136
43.47, 7135
43.52, 7134
43.53, 7133
43.63, 7132
43.67, 7131
43.77, 7130
43.82, 7129
43.92, 7128
43.97, 7127
44.08, 7126
44.12, 7125
44.14, 7124
44.15, 7123
44.16, 7122
44.17, 7121
44.33, 7120
44.37, 7119
44.48, 7118
44.55, 7117
44.66, 7116
44.70, 7115
44.80, 7114
44.85, 7113
44.86, 7112
44.96, 7111
45.00, 7110
45.14, 7109
45.27, 7108
45.31, 7107
45.41, 7106
45.47, 7105
45.48, 7104
45.49, 7103
45.64, 7102
45.69, 7101
45.79, 7100
45.83, 7099
45.95, 7098
46.00, 7097
46.09, 7096
46.14, 7095
46.15, 7094
46.25, 7093
46.29, 7092
46.39, 7091
46.43, 7090
46.53, 7089
46.58, 7088
46.68, 7087
46.72, 7086
46.74, 7085
46.75, 7084
46.76, 7083
46.92, 7082
46.96, 7081
47.07, 7080
47.12, 7079
47.33, 7078
47.42, 7077
47.47, 7076
47.49, 7075
47.59, 7074
47.63, 7073
47.74, 7072
47.79, 7071
47.89, 7070
47.94, 7069
48.04, 7068
48.08, 7067
48.10, 7066
48.11, 7065
48.26, 7064
48.30, 7063
48.40, 7062
48.45, 7061
48.55, 7060
48.59, 7059
48.70, 7058
48.76, 7057
48.77, 7056
48.88, 7055
48.92, 7054
49.03, 7053
49.08, 7052
49.19, 7051
49.24, 7050
49.34, 7049
49.39, 7048
49.40, 7047
49.42, 7046
49.43, 7045
49.45, 7044
49.46, 7043
49.48, 7042
49.50, 7041
49.51, 7040
49.53, 7039
49.55, 7038
49.56, 7037
49.58, 7036
49.60, 7035
49.61, 7034
49.63, 7033
53.39, 7032
55.89, 7031
55.96, 7030
55.99, 7029
56.08, 7028
56.13, 7027
56.44, 7026
56.45, 7025
56.70, 7024
56.89, 7023
56.97, 7022
56.99, 7021
57.06, 7020
57.54, 7019
58.32, 7018
58.42, 7017
58.83, 7016
59.46, 7015
60.55, 7014
61.23, 7013
61.30, 7012
61.42, 7011
61.59, 7010
64.80, 7009
65.19, 7008
65.87, 7007
66.38, 7006
68.26, 7005
68.31, 7004
68.59, 7003
68.75, 7002
68.80, 7001
68.94, 7000
69.12, 6999
69.13, 6998
69.37, 6997
69.38, 6996
69.58, 6995
69.63, 6994
69.65, 6993
69.98, 6992
70.42, 6991
70.82, 6990
70.96, 6989
70.98, 6988
71.61, 6987
71.73, 6986
72.20, 6985
72.70, 6984
72.72, 6983
72.86, 6982
73.25, 6981
73.33, 6980
73.41, 6979
73.92, 6978
73.96, 6977
74.07, 6976
74.13, 6975
74.18, 6974
74.21, 6973
74.75, 6972
75.18, 6971
75.29, 6970
75.57, 6969
76.57, 6968
77.73, 6967
77.78, 6966
80.46, 6965
80.66, 6964
81.66, 6963
82.14, 6962
83.50, 6961
86.76, 6960
88.50, 6959
90.47, 6958
91.30, 6957
91.41, 6956
92.39, 6955
93.31, 6954
94.62, 6953
95.35, 6952
96.64, 6951
114.75, 6950
114.86, 6949
114.98, 6948
115.16, 6947
115.27, 6946
115.39, 6945
116.37, 6944
118.51, 6943
120.11, 6942
121.65, 6941
122.07, 6940
123.51, 6939
123.79, 6938
124.27, 6937
130.30, 6936
137.60, 6935
140.02, 6934
140.05, 6933
140.18, 6932
141.45, 6931
141.96, 6930
142.56, 6929
181.11, 6928
181.17, 6927
181.28, 6926
188.35, 6925
191.26, 6924
198.74, 6923
199.16, 6922
199.30, 6921
205.48, 6920
206.01, 6919
236.99, 6918
243.27, 6917
249.04, 6916
252.40, 6915
256.88, 6914
259.08, 6913
285.13, 6912
320.92, 6911
510.04, 6910
