5.32, 7374
5.35, 7373
5.36, 7372
5.38, 7371
5.39, 7370
5.41, 7369
5.42, 7368
5.44, 7367
5.45, 7366
5.47, 7365
5.49, 7364
5.50, 7363
5.52, 7362
5.53, 7361
5.55, 7360
5.56, 7359
5.58, 7358
5.59, 7357
5.60, 7356
5.62, 7355
5.63, 7354
5.65, 7353
5.66, 7352
5.68, 7351
5.69, 7350
5.71, 7349
5.72, 7348
5.74, 7347
5.75, 7346
8.67, 7345
12.91, 7344
13.47, 7343
13.52, 7342
14.94, 7341
23.20, 7340
25.12, 7339
27.32, 7338
27.36, 7337
27.47, 7336
27.51, 7335
27.63, 7334
27.69, 7333
27.79, 7332
27.84, 7331
27.86, 7330
28.12, 7329
28.16, 7328
28.27, 7327
28.32, 7326
28.46, 7325
28.50, 7324
28.78, 7323
28.82, 7322
28.93, 7321
28.97, 7320
29.10, 7319
29.16, 7318
29.28, 7317
29.32, 7316
29.34, 7315
29.44, 7314
29.60, 7313
29.67, 7312
29.77, 7311
29.82, 7310
29.96, 7309
30.01, 7308
30.02, 7307
30.04, 7306
30.06, 7305
30.22, 7304
30.27, 7303
30.38, 7302
30.42, 7301
30.44, 7300
30.54, 7299
30.59, 7298
30.73, 7297
30.85, 7296
30.90, 7295
31.01, 7294
31.05, 7293
31.06, 7292
31.07, 7291
31.26, 7290
31.38, 7289
31.43, 7288
31.52, 7287
31.60, 7286
31.68, 7285
31.72, 7284
31.74, 7283
31.84, 7282
31.88, 7281
31.98, 7280
32.02, 7279
32.12, 7278
32.17, 7277
32.31, 7276
32.35, 7275
32.37, 7274
32.38, 7273
32.39, 7272
32.41, 7271
32.55, 7270
32.60, 7269
32.70, 7268
32.74, 7267
32.89, 7266
32.95, 7265
33.05, 7264
33.10, 7263
33.11, 7262
33.22, 7261
33.27, 7260
33.37, 7259
33.42, 7258
33.53, 7257
33.57, 7256
33.71, 7255
33.79, 7254
33.81, 7253
33.84, 7252
34.03, 7251
34.07, 7250
34.18, 7249
34.23, 7248
34.32, 7247
34.37, 7246
34.49, 7245
34.53, 7244
34.54, 7243
34.65, 7242
34.69, 7241
34.79, 7240
34.83, 7239
34.93, 7238
35.01, 7237
35.16, 7236
35.20, 7235
35.21, 7234
35.22, 7233
35.24, 7232
35.42, 7231
35.48, 7230
35.57, 7229
35.62, 7228
35.72, 7227
35.76, 7226
35.86, 7225
35.90, 7224
35.92, 7223
36.12, 7222
36.22, 7221
36.27, 7220
36.37, 7219
36.41, 7218
36.57, 7217
36.58, 7216
36.59, 7215
36.61, 7214
36.75, 7213
36.80, 7212
36.90, 7211
36.94, 7210
37.04, 7209
37.09, 7208
37.19, 7207
37.24, 7206
37.25, 7205
37.36, 7204
37.40, 7203
37.50, 7202
37.54, 7201
37.64, 7200
37.68, 7199
37.78, 7198
37.82, 7197
37.85, 7196
37.86, 7195
37.87, 7194
37.89, 7193
38.04, 7192
38.08, 7191
38.26, 7190
38.44, 7189
38.48, 7188
38.58, 7187
38.63, 7186
38.64, 7185
38.74, 7184
38.78, 7183
38.88, 7182
38.92, 7181
39.02, 7180
39.06, 7179
39.16, 7178
39.23, 7177
39.25, 7176
39.26, 7175
39.41, 7174
39.62, 7173
39.66, 7172
39.73, 7171
39.77, 7170
39.82, 7169
39.92, 7168
39.96, 7167
39.97, 7166
40.07, 7165
40.11, 7164
40.20, 7163
40.24, 7162
40.34, 7161
40.49, 7160
40.53, 7159
40.57, 7158
40.60, 7157
40.84, 7156
40.89, 7155
40.99, 7154
41.03, 7153
41.05, 7152
41.16, 7151
41.20, 7150
41.31, 7149
41.36, 7148
41.48, 7147
41.53, 7146
41.63, 7145
41.67, 7144
41.69, 7143
41.70, 7142
41.85, 7141
41.90, 7140
42.01, 7139
42.05, 7138
42.16, 7137
42.21, 7136
42.31, 7135
42.36, 7134
42.37, 7133
42.47, 7132
42.52, 7131
42.63, 7130
42.67, 7129
42.76, 7128
42.80, 7127
42.90, 7126
42.95, 7125
42.96, 7124
42.98, 7123
42.99, 7122
43.00, 7121
43.19, 7120
43.23, 7119
43.34, 7118
43.38, 7117
43.50, 7116
43.55, 7115
43.64, 7114
43.68, 7113
43.70, 7112
43.79, 7111
43.83, 7110
44.02, 7109
44.15, 7108
44.19, 7107
44.29, 7106
44.36, 7105
44.38, 7104
44.40, 7103
44.55, 7102
44.59, 7101
44.73, 7100
44.79, 7099
44.89, 7098
44.94, 7097
45.07, 7096
45.13, 7095
45.15, 7094
45.27, 7093
45.31, 7092
45.41, 7091
45.45, 7090
45.56, 7089
45.63, 7088
45.79, 7087
45.86, 7086
45.87, 7085
45.89, 7084
45.90, 7083
46.04, 7082
46.08, 7081
46.19, 7080
46.24, 7079
46.36, 7078
46.48, 7077
46.52, 7076
46.54, 7075
46.65, 7074
46.70, 7073
46.80, 7072
46.85, 7071
46.95, 7070
46.99, 7069
47.10, 7068
47.15, 7067
47.16, 7066
47.17, 7065
47.32, 7064
47.37, 7063
47.47, 7062
47.53, 7061
47.63, 7060
47.68, 7059
47.78, 7058
47.82, 7057
47.85, 7056
47.99, 7055
48.03, 7054
48.13, 7053
48.17, 7052
48.27, 7051
48.32, 7050
48.41, 7049
48.45, 7048
48.47, 7047
48.48, 7046
48.50, 7045
48.52, 7044
48.53, 7043
48.55, 7042
48.57, 7041
48.59, 7040
48.61, 7039
48.62, 7038
48.64, 7037
48.65, 7036
48.67, 7035
48.69, 7034
48.71, 7033
54.74, 7032
54.75, 7031
54.89, 7030
54.99, 7029
55.09, 7028
55.32, 7027
55.59, 7026
55.61, 7025
55.82, 7024
56.23, 7023
56.28, 7022
56.50, 7021
56.52, 7020
56.54, 7019
56.66, 7018
57.72, 7017
57.77, 7016
57.79, 7015
57.89, 7014
58.43, 7013
58.48, 7012
58.62, 7011
58.70, 7010
58.94, 7009
59.11, 7008
59.98, 7007
60.22, 7006
60.92, 7005
61.59, 7004
62.37, 7003
62.39, 7002
62.64, 7001
64.81, 7000
67.85, 6999
69.24, 6998
70.27, 6997
70.52, 6996
70.81, 6995
70.95, 6994
71.17, 6993
71.24, 6992
71.41, 6991
71.43, 6990
71.67, 6989
71.69, 6988
71.84, 6987
72.03, 6986
72.04, 6985
72.13, 6984
72.34, 6983
73.45, 6982
73.54, 6981
73.55, 6980
74.25, 6979
74.78, 6978
75.37, 6977
75.87, 6976
75.89, 6975
75.99, 6974
76.45, 6973
76.56, 6972
76.77, 6971
77.79, 6970
78.98, 6969
79.11, 6968
79.76, 6967
80.23, 6966
80.34, 6965
82.38, 6964
82.77, 6963
82.79, 6962
83.00, 6961
83.12, 6960
83.28, 6959
84.36, 6958
86.65, 6957
92.07, 6956
93.10, 6955
94.05, 6954
94.07, 6953
94.09, 6952
95.86, 6951
95.97, 6950
96.14, 6949
96.20, 6948
96.31, 6947
97.51, 6946
118.61, 6945
118.75, 6944
118.96, 6943
118.98, 6942
120.32, 6941
120.34, 6940
120.88, 6939
121.73, 6938
123.59, 6937
125.92, 6936
129.09, 6935
129.62, 6934
130.71, 6933
132.57, 6932
133.92, 6931
133.98, 6930
138.72, 6929
138.78, 6928
138.80, 6927
138.87, 6926
149.59, 6925
152.87, 6924
183.87, 6923
191.79, 6922
201.76, 6921
236.69, 6920
286.60, 6919
299.11, 6918
383.01, 6917
388.31, 6916
439.28, 6915
468.24, 6914
472.57, 6913
539.32, 6912
