5.44, 7374
5.47, 7373
5.48, 7372
5.50, 7371
5.51, 7370
5.52, 7369
5.54, 7368
5.55, 7367
5.57, 7366
5.58, 7365
5.60, 7364
5.61, 7363
5.63, 7362
5.64, 7361
5.66, 7360
5.67, 7359
5.69, 7358
5.70, 7357
5.72, 7356
5.73, 7355
5.74, 7354
5.76, 7353
5.77, 7352
5.79, 7351
5.80, 7350
5.82, 7349
5.83, 7348
5.84, 7347
5.86, 7346
9.14, 7345
12.98, 7344
13.72, 7343
13.76, 7342
15.59, 7341
24.26, 7340
26.08, 7339
28.05, 7338
28.10, 7337
28.20, 7336
28.24, 7335
28.35, 7334
28.39, 7333
28.50, 7332
28.54, 7331
28.55, 7330
28.78, 7329
28.82, 7328
28.92, 7327
28.97, 7326
29.12, 7325
29.15, 7324
29.42, 7323
29.46, 7322
29.61, 7321
29.65, 7320
29.77, 7319
29.81, 7318
29.91, 7317
29.95, 7316
29.97, 7315
30.07, 7314
30.22, 7313
30.26, 7312
30.37, 7311
30.41, 7310
30.52, 7309
30.56, 7308
30.57, 7307
30.58, 7306
30.60, 7305
30.74, 7304
30.78, 7303
30.89, 7302
30.93, 7301
30.94, 7300
31.04, 7299
31.08, 7298
31.27, 7297
31.37, 7296
31.42, 7295
31.53, 7294
31.57, 7293
31.58, 7292
31.59, 7291
31.87, 7290
32.07, 7289
32.12, 7288
32.22, 7287
32.34, 7286
32.40, 7285
32.45, 7284
32.47, 7283
32.57, 7282
32.61, 7281
32.72, 7280
32.76, 7279
32.90, 7278
32.96, 7277
33.06, 7276
33.12, 7275
33.13, 7274
33.15, 7273
33.16, 7272
33.18, 7271
33.32, 7270
33.36, 7269
33.46, 7268
33.51, 7267
33.60, 7266
33.66, 7265
33.75, 7264
33.82, 7263
33.83, 7262
33.93, 7261
33.97, 7260
34.07, 7259
34.12, 7258
34.21, 7257
34.25, 7256
34.35, 7255
34.39, 7254
34.40, 7253
34.42, 7252
34.58, 7251
34.62, 7250
34.72, 7249
34.76, 7248
34.88, 7247
34.94, 7246
35.03, 7245
35.08, 7244
35.09, 7243
35.19, 7242
35.23, 7241
35.33, 7240
35.37, 7239
35.46, 7238
35.50, 7237
35.60, 7236
35.64, 7235
35.66, 7234
35.67, 7233
35.68, 7232
35.84, 7231
35.88, 7230
35.99, 7229
36.03, 7228
36.16, 7227
36.20, 7226
36.36, 7225
36.41, 7224
36.42, 7223
36.58, 7222
36.72, 7221
36.76, 7220
36.86, 7219
36.91, 7218
37.03, 7217
37.05, 7216
37.06, 7215
37.15, 7214
37.27, 7213
37.33, 7212
37.44, 7211
37.48, 7210
37.58, 7209
37.64, 7208
37.74, 7207
37.78, 7206
37.79, 7205
37.89, 7204
37.96, 7203
38.05, 7202
38.09, 7201
38.19, 7200
38.24, 7199
38.33, 7198
38.37, 7197
38.39, 7196
38.41, 7195
38.42, 7194
38.43, 7193
38.57, 7192
38.62, 7191
38.77, 7190
38.92, 7189
38.96, 7188
39.06, 7187
39.10, 7186
39.12, 7185
39.24, 7184
39.28, 7183
39.38, 7182
39.42, 7181
39.52, 7180
39.56, 7179
39.70, 7178
39.71, 7177
39.72, 7176
39.81, 7175
39.89, 7174
40.03, 7173
40.10, 7172
40.17, 7171
40.21, 7170
40.25, 7169
40.37, 7168
40.41, 7167
40.42, 7166
40.54, 7165
40.58, 7164
40.74, 7163
40.80, 7162
40.91, 7161
41.02, 7160
41.06, 7159
41.11, 7158
41.13, 7157
41.32, 7156
41.36, 7155
41.46, 7154
41.50, 7153
41.51, 7152
41.61, 7151
41.65, 7150
41.75, 7149
41.79, 7148
41.93, 7147
41.98, 7146
42.10, 7145
42.15, 7144
42.16, 7143
42.17, 7142
42.32, 7141
42.36, 7140
42.47, 7139
42.52, 7138
42.64, 7137
42.69, 7136
42.78, 7135
42.85, 7134
42.86, 7133
42.97, 7132
43.03, 7131
43.13, 7130
43.17, 7129
43.26, 7128
43.30, 7127
43.46, 7126
43.50, 7125
43.52, 7124
43.53, 7123
43.55, 7122
43.57, 7121
43.71, 7120
43.75, 7119
43.86, 7118
43.90, 7117
44.00, 7116
44.07, 7115
44.17, 7114
44.21, 7113
44.22, 7112
44.32, 7111
44.36, 7110
44.53, 7109
44.70, 7108
44.78, 7107
44.90, 7106
44.94, 7105
44.95, 7104
44.97, 7103
45.11, 7102
45.15, 7101
45.25, 7100
45.29, 7099
45.40, 7098
45.44, 7097
45.54, 7096
45.58, 7095
45.60, 7094
45.70, 7093
45.74, 7092
45.84, 7091
45.89, 7090
45.99, 7089
46.04, 7088
46.14, 7087
46.19, 7086
46.20, 7085
46.21, 7084
46.23, 7083
46.38, 7082
46.42, 7081
46.53, 7080
46.57, 7079
46.71, 7078
46.82, 7077
46.87, 7076
46.88, 7075
46.98, 7074
47.02, 7073
47.14, 7072
47.21, 7071
47.31, 7070
47.35, 7069
47.46, 7068
47.50, 7067
47.51, 7066
47.52, 7065
47.67, 7064
47.71, 7063
47.82, 7062
47.86, 7061
47.97, 7060
48.01, 7059
48.12, 7058
48.16, 7057
48.18, 7056
48.28, 7055
48.33, 7054
48.43, 7053
48.48, 7052
48.58, 7051
48.63, 7050
48.74, 7049
48.79, 7048
48.80, 7047
48.82, 7046
48.84, 7045
48.85, 7044
48.87, 7043
48.88, 7042
48.90, 7041
48.91, 7040
48.93, 7039
48.95, 7038
48.97, 7037
48.98, 7036
49.00, 7035
49.02, 7034
49.03, 7033
50.35, 7032
52.61, 7031
55.04, 7030
55.07, 7029
55.21, 7028
55.27, 7027
55.42, 7026
56.16, 7025
56.24, 7024
56.40, 7023
56.53, 7022
56.64, 7021
56.66, 7020
56.71, 7019
56.86, 7018
57.25, 7017
57.32, 7016
57.47, 7015
57.48, 7014
57.55, 7013
58.06, 7012
58.18, 7011
58.36, 7010
58.67, 7009
59.18, 7008
59.41, 7007
59.78, 7006
60.29, 7005
60.32, 7004
60.63, 7003
61.48, 7002
62.40, 7001
63.06, 7000
63.13, 6999
63.22, 6998
66.18, 6997
66.99, 6996
67.36, 6995
69.46, 6994
71.60, 6993
71.81, 6992
71.90, 6991
71.99, 6990
72.15, 6989
72.24, 6988
72.25, 6987
72.40, 6986
72.61, 6985
72.63, 6984
72.85, 6983
72.86, 6982
73.08, 6981
73.15, 6980
73.17, 6979
73.49, 6978
74.43, 6977
74.57, 6976
74.64, 6975
74.74, 6974
74.85, 6973
74.87, 6972
74.99, 6971
75.01, 6970
75.37, 6969
75.60, 6968
76.89, 6967
76.97, 6966
76.99, 6965
77.14, 6964
77.90, 6963
78.52, 6962
78.61, 6961
78.85, 6960
78.99, 6959
79.78, 6958
79.86, 6957
81.09, 6956
81.16, 6955
82.37, 6954
82.45, 6953
82.64, 6952
82.79, 6951
85.28, 6950
86.67, 6949
87.06, 6948
88.58, 6947
90.35, 6946
95.59, 6945
96.27, 6944
98.43, 6943
114.05, 6942
118.28, 6941
118.42, 6940
119.04, 6939
124.80, 6938
124.88, 6937
125.04, 6936
125.19, 6935
125.39, 6934
139.61, 6933
139.91, 6932
172.81, 6931
175.27, 6930
177.84, 6929
180.44, 6928
196.51, 6927
197.52, 6926
222.70, 6925
225.17, 6924
226.24, 6923
235.18, 6922
235.33, 6921
235.56, 6920
257.19, 6919
257.32, 6918
261.65, 6917
316.05, 6916
360.12, 6915
362.59, 6914
368.21, 6913
