6.03, 7374
6.06, 7373
6.07, 7372
6.09, 7371
6.10, 7370
6.12, 7369
6.13, 7368
6.15, 7367
6.16, 7366
6.18, 7365
6.20, 7364
6.22, 7363
6.24, 7362
6.26, 7361
6.27, 7360
6.29, 7359
6.30, 7358
6.32, 7357
6.33, 7356
6.34, 7355
6.36, 7354
6.37, 7353
6.39, 7352
6.40, 7351
6.42, 7350
6.44, 7349
6.45, 7348
6.47, 7347
6.48, 7346
9.80, 7345
14.20, 7344
14.87, 7343
14.92, 7342
16.85, 7341
26.09, 7340
28.05, 7339
30.17, 7338
30.21, 7337
30.32, 7336
30.36, 7335
30.48, 7334
30.53, 7333
30.63, 7332
30.68, 7331
30.70, 7330
30.92, 7329
30.97, 7328
31.07, 7327
31.12, 7326
31.26, 7325
31.30, 7324
31.62, 7323
31.66, 7322
31.78, 7321
31.85, 7320
32.00, 7319
32.05, 7318
32.18, 7317
32.22, 7316
32.23, 7315
32.34, 7314
32.49, 7313
32.56, 7312
32.68, 7311
32.73, 7310
32.83, 7309
32.89, 7308
32.91, 7307
32.92, 7306
32.93, 7305
33.10, 7304
33.15, 7303
33.27, 7302
33.31, 7301
33.33, 7300
33.44, 7299
33.50, 7298
33.70, 7297
33.81, 7296
33.87, 7295
33.99, 7294
34.04, 7293
34.05, 7292
34.07, 7291
34.29, 7290
34.43, 7289
34.49, 7288
34.61, 7287
34.73, 7286
34.78, 7285
34.82, 7284
34.83, 7283
34.94, 7282
35.23, 7281
35.34, 7280
35.38, 7279
35.48, 7278
35.52, 7277
35.63, 7276
35.67, 7275
35.68, 7274
35.70, 7273
35.71, 7272
35.73, 7271
35.88, 7270
35.93, 7269
36.04, 7268
36.08, 7267
36.18, 7266
36.23, 7265
36.37, 7264
36.44, 7263
36.46, 7262
36.55, 7261
36.60, 7260
36.69, 7259
36.75, 7258
36.85, 7257
36.89, 7256
37.02, 7255
37.07, 7254
37.08, 7253
37.10, 7252
37.25, 7251
37.30, 7250
37.40, 7249
37.45, 7248
37.55, 7247
37.59, 7246
37.70, 7245
37.75, 7244
37.77, 7243
37.88, 7242
37.93, 7241
38.03, 7240
38.10, 7239
38.23, 7238
38.30, 7237
38.41, 7236
38.45, 7235
38.46, 7234
38.48, 7233
38.50, 7232
38.70, 7231
38.74, 7230
38.84, 7229
38.88, 7228
38.99, 7227
39.04, 7226
39.16, 7225
39.21, 7224
39.22, 7223
39.38, 7222
39.54, 7221
39.60, 7220
39.71, 7219
39.76, 7218
39.90, 7217
39.92, 7216
39.93, 7215
40.04, 7214
40.15, 7213
40.20, 7212
40.32, 7211
40.36, 7210
40.48, 7209
40.54, 7208
40.66, 7207
40.70, 7206
40.71, 7205
40.82, 7204
40.87, 7203
40.97, 7202
41.02, 7201
41.12, 7200
41.16, 7199
41.28, 7198
41.32, 7197
41.33, 7196
41.35, 7195
41.37, 7194
41.39, 7193
41.53, 7192
41.59, 7191
41.81, 7190
41.83, 7189
41.99, 7188
42.11, 7187
42.16, 7186
42.17, 7185
42.27, 7184
42.31, 7183
42.42, 7182
42.46, 7181
42.59, 7180
42.63, 7179
42.74, 7178
42.78, 7177
42.80, 7176
42.81, 7175
42.97, 7174
43.13, 7173
43.18, 7172
43.28, 7171
43.29, 7170
43.33, 7169
43.44, 7168
43.49, 7167
43.50, 7166
43.60, 7165
43.65, 7164
43.75, 7163
43.79, 7162
43.90, 7161
44.02, 7160
44.07, 7159
44.10, 7158
44.11, 7157
44.40, 7156
44.44, 7155
44.56, 7154
44.60, 7153
44.61, 7152
44.71, 7151
44.76, 7150
44.87, 7149
44.91, 7148
45.01, 7147
45.06, 7146
45.21, 7145
45.25, 7144
45.26, 7143
45.28, 7142
45.43, 7141
45.49, 7140
45.59, 7139
45.63, 7138
45.73, 7137
45.78, 7136
45.88, 7135
45.93, 7134
45.94, 7133
46.04, 7132
46.10, 7131
46.23, 7130
46.27, 7129
46.38, 7128
46.42, 7127
46.53, 7126
46.59, 7125
46.60, 7124
46.62, 7123
46.63, 7122
46.65, 7121
46.79, 7120
46.83, 7119
46.93, 7118
46.98, 7117
47.08, 7116
47.14, 7115
47.25, 7114
47.30, 7113
47.31, 7112
47.41, 7111
47.46, 7110
47.63, 7109
47.76, 7108
47.80, 7107
47.90, 7106
47.94, 7105
47.96, 7104
47.97, 7103
48.13, 7102
48.18, 7101
48.28, 7100
48.32, 7099
48.42, 7098
48.46, 7097
48.56, 7096
48.61, 7095
48.62, 7094
48.76, 7093
48.80, 7092
48.94, 7091
48.98, 7090
49.08, 7089
49.13, 7088
49.23, 7087
49.28, 7086
49.29, 7085
49.30, 7084
49.32, 7083
49.46, 7082
49.51, 7081
49.61, 7080
49.66, 7079
49.80, 7078
49.90, 7077
49.95, 7076
49.97, 7075
50.08, 7074
50.13, 7073
50.24, 7072
50.29, 7071
50.41, 7070
50.45, 7069
50.55, 7068
50.60, 7067
50.61, 7066
50.62, 7065
50.78, 7064
50.83, 7063
50.95, 7062
50.99, 7061
51.10, 7060
51.14, 7059
51.24, 7058
51.29, 7057
51.30, 7056
51.40, 7055
51.44, 7054
51.54, 7053
51.58, 7052
51.68, 7051
51.73, 7050
51.83, 7049
51.87, 7048
51.88, 7047
51.90, 7046
51.91, 7045
51.93, 7044
51.95, 7043
51.96, 7042
51.98, 7041
52.00, 7040
52.01, 7039
52.03, 7038
52.04, 7037
52.06, 7036
52.08, 7035
52.09, 7034
52.11, 7033
53.28, 7032
56.41, 7031
58.22, 7030
58.25, 7029
58.53, 7028
58.57, 7027
58.64, 7026
59.21, 7025
59.37, 7024
59.51, 7023
59.53, 7022
59.70, 7021
59.77, 7020
60.11, 7019
60.39, 7018
60.47, 7017
60.91, 7016
61.42, 7015
62.05, 7014
62.14, 7013
63.38, 7012
64.02, 7011
64.06, 7010
64.27, 7009
64.50, 7008
66.26, 7007
67.17, 7006
67.92, 7005
69.00, 7004
69.61, 7003
71.55, 7002
71.78, 7001
71.91, 7000
72.05, 6999
72.13, 6998
72.31, 6997
72.37, 6996
72.54, 6995
72.69, 6994
72.71, 6993
72.90, 6992
72.92, 6991
73.17, 6990
73.28, 6989
73.30, 6988
73.54, 6987
73.71, 6986
74.62, 6985
74.70, 6984
74.79, 6983
75.33, 6982
75.88, 6981
76.40, 6980
76.42, 6979
77.08, 6978
78.07, 6977
78.15, 6976
78.30, 6975
78.37, 6974
78.91, 6973
79.15, 6972
80.57, 6971
81.38, 6970
81.90, 6969
82.05, 6968
83.65, 6967
83.82, 6966
84.06, 6965
84.38, 6964
84.82, 6963
86.79, 6962
89.69, 6961
89.72, 6960
90.08, 6959
93.56, 6958
94.26, 6957
95.46, 6956
102.46, 6955
118.33, 6954
118.54, 6953
123.71, 6952
123.79, 6951
124.59, 6950
125.07, 6949
127.29, 6948
127.35, 6947
127.97, 6946
130.32, 6945
130.40, 6944
130.46, 6943
130.57, 6942
130.66, 6941
142.97, 6940
145.05, 6939
147.41, 6938
164.11, 6937
185.80, 6936
186.27, 6935
188.55, 6934
193.01, 6933
195.22, 6932
197.51, 6931
199.09, 6930
203.10, 6929
203.30, 6928
214.57, 6927
215.08, 6926
242.59, 6925
247.62, 6924
249.71, 6923
293.32, 6922
293.73, 6921
314.76, 6920
315.43, 6919
341.38, 6918
349.70, 6917
