6.66, 4697
6.71, 4696
6.73, 4695
6.75, 4694
6.77, 4693
6.81, 4692
6.85, 4691
6.89, 4690
6.93, 4689
6.97, 4688
7.01, 4687
7.04, 4686
7.08, 4685
7.12, 4684
7.15, 4683
7.18, 4682
7.20, 4681
7.23, 4680
7.25, 4679
7.28, 4678
7.30, 4677
7.32, 4676
7.35, 4675
7.38, 4674
7.40, 4673
7.42, 4672
7.44, 4671
7.48, 4670
7.50, 4669
7.54, 4668
7.58, 4667
7.62, 4666
7.65, 4665
7.69, 4664
7.73, 4663
7.75, 4662
7.78, 4661
7.82, 4660
7.84, 4659
7.87, 4658
7.89, 4657
7.91, 4656
7.94, 4655
7.97, 4654
8.00, 4653
8.17, 4652
8.29, 4651
8.67, 4650
8.86, 4649
9.34, 4648
9.67, 4647
10.12, 4646
10.37, 4645
10.56, 4644
11.15, 4643
11.70, 4642
12.23, 4641
12.41, 4640
12.45, 4639
12.48, 4638
12.59, 4637
13.87, 4636
13.91, 4635
14.01, 4634
14.16, 4633
15.10, 4632
15.81, 4631
16.79, 4630
16.86, 4629
17.84, 4628
18.33, 4627
18.56, 4626
18.97, 4625
19.88, 4624
20.19, 4623
20.86, 4622
21.66, 4621
21.68, 4620
21.77, 4619
21.88, 4618
22.40, 4617
22.74, 4616
23.02, 4615
23.21, 4614
23.61, 4613
24.15, 4612
25.48, 4611
25.86, 4610
26.14, 4609
26.33, 4608
26.63, 4607
27.05, 4606
27.73, 4605
28.07, 4604
29.18, 4603
29.30, 4602
30.41, 4601
30.82, 4600
31.69, 4599
31.71, 4598
31.95, 4597
32.77, 4596
33.12, 4595
36.18, 4594
36.41, 4593
36.61, 4592
36.79, 4591
38.44, 4590
40.26, 4589
40.72, 4588
41.02, 4587
42.03, 4586
42.32, 4585
42.76, 4584
43.01, 4583
43.62, 4582
44.37, 4581
45.06, 4580
46.05, 4579
46.36, 4578
46.45, 4577
48.01, 4576
48.08, 4575
49.87, 4574
51.08, 4573
52.26, 4572
52.44, 4571
53.49, 4570
53.77, 4569
54.16, 4568
55.61, 4567
56.24, 4566
56.49, 4565
57.17, 4564
57.35, 4563
60.57, 4562
67.05, 4561
71.96, 4560
79.77, 4559
108.26, 4558
111.89, 4557
125.24, 4556
132.63, 4555
134.57, 4554
206.68, 4553
207.88, 4552
216.11, 4551
230.23, 4550
233.15, 4549
234.79, 4548
242.39, 4547
301.44, 4546
320.87, 4545
403.23, 4544
