5.82, 4697
5.87, 4696
5.89, 4695
5.91, 4694
5.93, 4693
5.96, 4692
5.98, 4691
6.00, 4690
6.02, 4689
6.04, 4688
6.06, 4687
6.09, 4686
6.12, 4685
6.14, 4684
6.16, 4683
6.18, 4682
6.21, 4681
6.23, 4680
6.25, 4679
6.28, 4678
6.30, 4677
6.32, 4676
6.36, 4675
6.40, 4674
6.43, 4673
6.46, 4672
6.50, 4671
6.52, 4670
6.56, 4669
6.60, 4668
6.63, 4667
6.65, 4666
6.67, 4665
6.70, 4664
6.72, 4663
6.74, 4662
6.76, 4661
6.78, 4660
6.81, 4659
6.83, 4658
6.85, 4657
6.88, 4656
6.90, 4655
6.92, 4654
6.94, 4653
7.07, 4652
7.20, 4651
7.59, 4650
7.75, 4649
8.18, 4648
8.41, 4647
8.59, 4646
8.84, 4645
9.09, 4644
9.50, 4643
9.82, 4642
10.21, 4641
10.37, 4640
10.41, 4639
10.44, 4638
10.52, 4637
11.32, 4636
11.34, 4635
11.43, 4634
11.59, 4633
12.25, 4632
12.66, 4631
13.44, 4630
13.56, 4629
14.35, 4628
14.92, 4627
15.17, 4626
15.25, 4625
15.89, 4624
16.05, 4623
16.50, 4622
16.99, 4621
17.15, 4620
17.21, 4619
17.28, 4618
17.71, 4617
18.06, 4616
18.27, 4615
18.34, 4614
18.65, 4613
19.24, 4612
20.09, 4611
20.41, 4610
20.52, 4609
20.77, 4608
21.10, 4607
21.12, 4606
21.52, 4605
22.10, 4604
22.60, 4603
23.51, 4602
23.53, 4601
24.72, 4600
24.86, 4599
25.39, 4598
25.55, 4597
25.57, 4596
26.01, 4595
26.19, 4594
26.89, 4593
28.53, 4592
28.93, 4591
29.07, 4590
29.14, 4589
30.58, 4588
32.29, 4587
32.85, 4586
33.48, 4585
33.54, 4584
33.81, 4583
34.45, 4582
34.87, 4581
35.28, 4580
36.47, 4579
37.86, 4578
39.62, 4577
40.44, 4576
41.51, 4575
41.96, 4574
42.41, 4573
42.73, 4572
42.99, 4571
44.08, 4570
44.55, 4569
44.97, 4568
45.19, 4567
48.27, 4566
51.61, 4565
53.25, 4564
86.27, 4563
91.27, 4562
93.22, 4561
93.46, 4560
99.13, 4559
101.47, 4558
108.37, 4557
109.23, 4556
112.32, 4555
114.51, 4554
117.60, 4553
118.24, 4552
122.98, 4551
125.77, 4550
135.59, 4549
137.43, 4548
178.84, 4547
180.99, 4546
181.08, 4545
265.48, 4544
266.45, 4543
321.99, 4542
