6.14, 7374
6.17, 7373
6.19, 7372
6.21, 7371
6.24, 7370
6.25, 7369
6.27, 7368
6.28, 7367
6.30, 7366
6.31, 7365
6.33, 7364
6.34, 7363
6.36, 7362
6.39, 7361
6.42, 7360
6.44, 7359
6.47, 7358
6.50, 7357
6.52, 7356
6.55, 7355
6.56, 7354
6.58, 7353
6.60, 7352
6.61, 7351
6.62, 7350
6.64, 7349
6.65, 7348
6.67, 7347
6.68, 7346
10.17, 7345
14.88, 7344
15.49, 7343
15.55, 7342
17.23, 7341
26.24, 7340
28.55, 7339
30.68, 7338
30.74, 7337
30.92, 7336
30.97, 7335
31.08, 7334
31.12, 7333
31.27, 7332
31.32, 7331
31.34, 7330
31.59, 7329
31.65, 7328
31.83, 7327
31.91, 7326
32.13, 7325
32.21, 7324
32.49, 7323
32.54, 7322
32.64, 7321
32.77, 7320
32.85, 7319
32.90, 7318
33.00, 7317
33.05, 7316
33.06, 7315
33.17, 7314
33.31, 7313
33.36, 7312
33.46, 7311
33.51, 7310
33.60, 7309
33.64, 7308
33.66, 7307
33.67, 7306
33.69, 7305
33.91, 7304
33.99, 7303
34.10, 7302
34.17, 7301
34.20, 7300
34.37, 7299
34.44, 7298
34.59, 7297
34.72, 7296
34.77, 7295
34.87, 7294
34.94, 7293
34.96, 7292
34.99, 7291
35.33, 7290
35.44, 7289
35.48, 7288
35.60, 7287
35.70, 7286
35.84, 7285
35.90, 7284
35.91, 7283
36.01, 7282
36.05, 7281
36.16, 7280
36.20, 7279
36.30, 7278
36.35, 7277
36.45, 7276
36.49, 7275
36.50, 7274
36.51, 7273
36.53, 7272
36.54, 7271
36.68, 7270
36.72, 7269
36.82, 7268
36.86, 7267
37.02, 7266
37.10, 7265
37.26, 7264
37.31, 7263
37.32, 7262
37.44, 7261
37.48, 7260
37.66, 7259
37.73, 7258
37.85, 7257
37.89, 7256
38.03, 7255
38.10, 7254
38.12, 7253
38.15, 7252
38.37, 7251
38.42, 7250
38.54, 7249
38.59, 7248
38.69, 7247
38.73, 7246
38.83, 7245
38.87, 7244
38.88, 7243
39.00, 7242
39.04, 7241
39.14, 7240
39.18, 7239
39.29, 7238
39.33, 7237
39.43, 7236
39.49, 7235
39.50, 7234
39.52, 7233
39.53, 7232
39.67, 7231
39.71, 7230
39.87, 7229
39.94, 7228
40.11, 7227
40.19, 7226
40.37, 7225
40.44, 7224
40.47, 7223
40.72, 7222
40.85, 7221
40.89, 7220
41.07, 7219
41.13, 7218
41.38, 7217
41.40, 7216
41.43, 7215
41.63, 7214
41.76, 7213
41.81, 7212
41.98, 7211
42.06, 7210
42.22, 7209
42.26, 7208
42.36, 7207
42.40, 7206
42.41, 7205
42.51, 7204
42.55, 7203
42.65, 7202
42.70, 7201
42.81, 7200
42.86, 7199
42.96, 7198
43.00, 7197
43.01, 7196
43.03, 7195
43.04, 7194
43.05, 7193
43.19, 7192
43.23, 7191
43.46, 7190
43.48, 7189
43.66, 7188
43.83, 7187
43.91, 7186
43.93, 7185
44.07, 7184
44.14, 7183
44.23, 7182
44.30, 7181
44.47, 7180
44.53, 7179
44.64, 7178
44.68, 7177
44.70, 7176
44.71, 7175
44.96, 7174
45.26, 7173
45.34, 7172
45.43, 7171
45.46, 7170
45.50, 7169
45.62, 7168
45.66, 7167
45.67, 7166
45.82, 7165
45.89, 7164
46.04, 7163
46.10, 7162
46.21, 7161
46.41, 7160
46.46, 7159
46.49, 7158
46.50, 7157
46.81, 7156
46.88, 7155
46.99, 7154
47.03, 7153
47.05, 7152
47.15, 7151
47.19, 7150
47.33, 7149
47.37, 7148
47.49, 7147
47.56, 7146
47.66, 7145
47.71, 7144
47.72, 7143
47.73, 7142
47.88, 7141
47.92, 7140
48.02, 7139
48.07, 7138
48.22, 7137
48.27, 7136
48.38, 7135
48.43, 7134
48.45, 7133
48.62, 7132
48.66, 7131
48.78, 7130
48.86, 7129
48.96, 7128
49.00, 7127
49.11, 7126
49.15, 7125
49.16, 7124
49.18, 7123
49.19, 7122
49.21, 7121
49.40, 7120
49.45, 7119
49.54, 7118
49.59, 7117
49.71, 7116
49.75, 7115
49.86, 7114
49.90, 7113
49.92, 7112
50.04, 7111
50.11, 7110
50.34, 7109
50.57, 7108
50.62, 7107
50.73, 7106
50.77, 7105
50.78, 7104
50.80, 7103
50.93, 7102
50.98, 7101
51.08, 7100
51.12, 7099
51.21, 7098
51.26, 7097
51.41, 7096
51.48, 7095
51.51, 7094
51.61, 7093
51.65, 7092
51.75, 7091
51.79, 7090
51.89, 7089
51.94, 7088
52.08, 7087
52.15, 7086
52.17, 7085
52.18, 7084
52.20, 7083
52.37, 7082
52.41, 7081
52.50, 7080
52.54, 7079
52.67, 7078
52.79, 7077
52.83, 7076
52.84, 7075
52.95, 7074
53.00, 7073
53.14, 7072
53.18, 7071
53.30, 7070
53.37, 7069
53.54, 7068
53.61, 7067
53.63, 7066
53.66, 7065
53.85, 7064
53.90, 7063
54.08, 7062
54.15, 7061
54.33, 7060
54.39, 7059
54.49, 7058
54.53, 7057
54.55, 7056
54.70, 7055
54.75, 7054
54.85, 7053
54.90, 7052
55.06, 7051
55.13, 7050
55.30, 7049
55.37, 7048
55.40, 7047
55.42, 7046
55.45, 7045
55.47, 7044
55.50, 7043
55.52, 7042
55.55, 7041
55.58, 7040
55.60, 7039
55.63, 7038
55.66, 7037
55.68, 7036
55.70, 7035
55.72, 7034
55.74, 7033
59.40, 7032
61.38, 7031
61.64, 7030
61.66, 7029
61.89, 7028
61.97, 7027
62.42, 7026
62.74, 7025
62.89, 7024
62.96, 7023
63.11, 7022
63.12, 7021
63.18, 7020
63.54, 7019
63.73, 7018
63.90, 7017
64.94, 7016
65.09, 7015
65.29, 7014
65.37, 7013
65.66, 7012
66.53, 7011
68.05, 7010
68.88, 7009
71.17, 7008
72.89, 7007
73.90, 7006
74.49, 7005
76.56, 7004
76.81, 7003
77.01, 7002
77.08, 7001
77.10, 7000
77.24, 6999
77.25, 6998
77.51, 6997
77.53, 6996
77.74, 6995
77.83, 6994
77.85, 6993
78.04, 6992
78.35, 6991
78.84, 6990
78.98, 6989
79.00, 6988
79.09, 6987
79.16, 6986
79.19, 6985
79.21, 6984
79.57, 6983
79.93, 6982
81.27, 6981
81.29, 6980
81.33, 6979
81.47, 6978
82.06, 6977
82.25, 6976
82.28, 6975
82.67, 6974
82.80, 6973
82.87, 6972
82.89, 6971
83.73, 6970
83.81, 6969
84.40, 6968
84.91, 6967
85.94, 6966
86.26, 6965
86.33, 6964
88.01, 6963
89.03, 6962
90.54, 6961
90.75, 6960
90.76, 6959
90.89, 6958
92.07, 6957
93.33, 6956
93.53, 6955
93.66, 6954
93.74, 6953
93.96, 6952
95.27, 6951
96.36, 6950
96.97, 6949
101.58, 6948
102.38, 6947
103.65, 6946
106.77, 6945
106.83, 6944
107.23, 6943
120.28, 6942
122.06, 6941
122.27, 6940
122.38, 6939
123.78, 6938
128.03, 6937
129.76, 6936
129.78, 6935
129.86, 6934
130.67, 6933
130.97, 6932
132.51, 6931
132.58, 6930
140.07, 6929
147.48, 6928
157.58, 6927
157.68, 6926
159.30, 6925
168.26, 6924
169.33, 6923
169.72, 6922
171.44, 6921
172.05, 6920
194.41, 6919
198.00, 6918
201.56, 6917
240.87, 6916
252.15, 6915
255.34, 6914
301.14, 6913
303.18, 6912
374.34, 6911
530.12, 6910
