6.30, 4697
6.36, 4696
6.38, 4695
6.41, 4694
6.44, 4693
6.47, 4692
6.49, 4691
6.51, 4690
6.54, 4689
6.56, 4688
6.58, 4687
6.61, 4686
6.64, 4685
6.67, 4684
6.69, 4683
6.71, 4682
6.74, 4681
6.76, 4680
6.79, 4679
6.82, 4678
6.84, 4677
6.86, 4676
6.88, 4675
6.92, 4674
6.94, 4673
6.96, 4672
6.99, 4671
7.01, 4670
7.03, 4669
7.06, 4668
7.08, 4667
7.10, 4666
7.12, 4665
7.14, 4664
7.17, 4663
7.19, 4662
7.21, 4661
7.24, 4660
7.27, 4659
7.29, 4658
7.32, 4657
7.35, 4656
7.38, 4655
7.40, 4654
7.44, 4653
7.55, 4652
7.69, 4651
8.29, 4650
8.48, 4649
9.19, 4648
9.45, 4647
9.66, 4646
9.89, 4645
10.10, 4644
10.57, 4643
11.04, 4642
11.38, 4641
11.65, 4640
11.67, 4639
11.77, 4638
11.80, 4637
12.60, 4636
12.62, 4635
12.71, 4634
12.99, 4633
13.81, 4632
14.63, 4631
15.66, 4630
15.69, 4629
16.69, 4628
17.89, 4627
17.96, 4626
19.06, 4625
19.22, 4624
19.65, 4623
20.66, 4622
20.90, 4621
20.99, 4620
21.11, 4619
21.76, 4618
22.12, 4617
22.33, 4616
22.45, 4615
22.95, 4614
23.74, 4613
25.00, 4612
25.19, 4611
25.50, 4610
25.71, 4609
26.06, 4608
26.41, 4607
26.57, 4606
27.24, 4605
28.23, 4604
29.28, 4603
29.46, 4602
30.94, 4601
31.38, 4600
31.47, 4599
32.37, 4598
32.39, 4597
32.69, 4596
33.26, 4595
33.60, 4594
34.36, 4593
36.70, 4592
36.95, 4591
37.11, 4590
37.32, 4589
37.52, 4588
37.75, 4587
39.94, 4586
43.02, 4585
43.91, 4584
44.02, 4583
44.36, 4582
44.71, 4581
45.80, 4580
46.77, 4579
47.31, 4578
48.17, 4577
48.73, 4576
50.43, 4575
51.85, 4574
52.12, 4573
54.51, 4572
57.12, 4571
63.91, 4570
71.64, 4569
72.59, 4568
79.50, 4567
127.71, 4566
137.25, 4565
138.68, 4564
141.77, 4563
141.86, 4562
151.91, 4561
155.94, 4560
156.82, 4559
163.00, 4558
166.90, 4557
182.05, 4556
271.13, 4555
273.99, 4554
274.25, 4553
297.68, 4552
300.03, 4551
301.34, 4550
325.99, 4549
399.03, 4548
436.02, 4547
452.57, 4546
514.66, 4545
530.86, 4544
534.19, 4543
535.67, 4542
