5.61, 7374
5.64, 7373
5.65, 7372
5.68, 7371
5.70, 7370
5.72, 7369
5.75, 7368
5.77, 7367
5.79, 7366
5.81, 7365
5.83, 7364
5.84, 7363
5.85, 7362
5.87, 7361
5.88, 7360
5.89, 7359
5.91, 7358
5.93, 7357
5.94, 7356
5.95, 7355
5.97, 7354
5.98, 7353
6.00, 7352
6.03, 7351
6.04, 7350
6.06, 7349
6.07, 7348
6.10, 7347
6.12, 7346
9.23, 7345
13.32, 7344
13.88, 7343
13.92, 7342
15.33, 7341
23.89, 7340
25.84, 7339
27.72, 7338
27.79, 7337
27.88, 7336
27.96, 7335
28.12, 7334
28.20, 7333
28.33, 7332
28.38, 7331
28.39, 7330
28.65, 7329
28.69, 7328
28.79, 7327
28.86, 7326
29.01, 7325
29.08, 7324
29.47, 7323
29.54, 7322
29.64, 7321
29.68, 7320
29.78, 7319
29.83, 7318
29.93, 7317
29.97, 7316
29.98, 7315
30.09, 7314
30.24, 7313
30.28, 7312
30.38, 7311
30.44, 7310
30.60, 7309
30.64, 7308
30.65, 7307
30.66, 7306
30.68, 7305
30.88, 7304
30.93, 7303
31.09, 7302
31.16, 7301
31.18, 7300
31.28, 7299
31.33, 7298
31.54, 7297
31.70, 7296
31.76, 7295
31.91, 7294
31.95, 7293
31.97, 7292
31.98, 7291
32.17, 7290
32.30, 7289
32.38, 7288
32.47, 7287
32.58, 7286
32.65, 7285
32.72, 7284
32.74, 7283
32.83, 7282
32.91, 7281
33.01, 7280
33.06, 7279
33.17, 7278
33.24, 7277
33.37, 7276
33.41, 7275
33.42, 7274
33.44, 7273
33.45, 7272
33.46, 7271
33.61, 7270
33.65, 7269
33.75, 7268
33.79, 7267
33.90, 7266
33.97, 7265
34.08, 7264
34.15, 7263
34.17, 7262
34.26, 7261
34.32, 7260
34.41, 7259
34.45, 7258
34.56, 7257
34.60, 7256
34.70, 7255
34.75, 7254
34.76, 7253
34.78, 7252
34.91, 7251
34.95, 7250
35.11, 7249
35.16, 7248
35.27, 7247
35.32, 7246
35.47, 7245
35.51, 7244
35.54, 7243
35.70, 7242
35.76, 7241
35.93, 7240
35.97, 7239
36.08, 7238
36.14, 7237
36.26, 7236
36.30, 7235
36.31, 7234
36.34, 7233
36.35, 7232
36.51, 7231
36.57, 7230
36.68, 7229
36.72, 7228
36.82, 7227
36.86, 7226
36.97, 7225
37.01, 7224
37.02, 7223
37.20, 7222
37.28, 7221
37.32, 7220
37.43, 7219
37.47, 7218
37.59, 7217
37.60, 7216
37.62, 7215
37.69, 7214
37.84, 7213
37.91, 7212
38.00, 7211
38.04, 7210
38.14, 7209
38.18, 7208
38.27, 7207
38.33, 7206
38.35, 7205
38.49, 7204
38.55, 7203
38.64, 7202
38.69, 7201
38.82, 7200
38.88, 7199
38.98, 7198
39.01, 7197
39.03, 7196
39.05, 7195
39.07, 7194
39.09, 7193
39.25, 7192
39.29, 7191
39.47, 7190
39.61, 7189
39.65, 7188
39.75, 7187
39.79, 7186
39.80, 7185
39.91, 7184
39.96, 7183
40.06, 7182
40.10, 7181
40.21, 7180
40.25, 7179
40.38, 7178
40.40, 7177
40.41, 7176
40.47, 7175
40.58, 7174
40.75, 7173
40.82, 7172
40.95, 7171
40.99, 7170
41.03, 7169
41.16, 7168
41.20, 7167
41.21, 7166
41.31, 7165
41.35, 7164
41.51, 7163
41.55, 7162
41.65, 7161
41.76, 7160
41.80, 7159
41.84, 7158
41.86, 7157
42.06, 7156
42.10, 7155
42.20, 7154
42.25, 7153
42.26, 7152
42.36, 7151
42.41, 7150
42.50, 7149
42.57, 7148
42.71, 7147
42.78, 7146
42.92, 7145
42.98, 7144
43.00, 7143
43.01, 7142
43.14, 7141
43.19, 7140
43.29, 7139
43.33, 7138
43.43, 7137
43.48, 7136
43.58, 7135
43.62, 7134
43.64, 7133
43.74, 7132
43.80, 7131
43.89, 7130
43.96, 7129
44.06, 7128
44.13, 7127
44.23, 7126
44.29, 7125
44.30, 7124
44.32, 7123
44.33, 7122
44.34, 7121
44.53, 7120
44.60, 7119
44.71, 7118
44.78, 7117
44.93, 7116
44.97, 7115
45.07, 7114
45.11, 7113
45.13, 7112
45.25, 7111
45.29, 7110
45.42, 7109
45.58, 7108
45.65, 7107
45.76, 7106
45.82, 7105
45.84, 7104
45.87, 7103
46.00, 7102
46.04, 7101
46.14, 7100
46.18, 7099
46.29, 7098
46.34, 7097
46.44, 7096
46.48, 7095
46.49, 7094
46.60, 7093
46.67, 7092
46.78, 7091
46.84, 7090
46.94, 7089
47.00, 7088
47.10, 7087
47.15, 7086
47.17, 7085
47.18, 7084
47.19, 7083
47.34, 7082
47.38, 7081
47.48, 7080
47.52, 7079
47.69, 7078
47.80, 7077
47.84, 7076
47.86, 7075
47.98, 7074
48.02, 7073
48.11, 7072
48.18, 7071
48.27, 7070
48.34, 7069
48.44, 7068
48.48, 7067
48.50, 7066
48.52, 7065
48.66, 7064
48.72, 7063
48.86, 7062
48.91, 7061
49.02, 7060
49.09, 7059
49.21, 7058
49.28, 7057
49.30, 7056
49.42, 7055
49.46, 7054
49.56, 7053
49.60, 7052
49.70, 7051
49.74, 7050
49.84, 7049
49.89, 7048
49.92, 7047
49.94, 7046
49.96, 7045
49.99, 7044
50.01, 7043
50.03, 7042
50.05, 7041
50.06, 7040
50.09, 7039
50.11, 7038
50.14, 7037
50.15, 7036
50.17, 7035
50.19, 7034
50.21, 7033
55.61, 7032
55.65, 7031
55.81, 7030
55.94, 7029
56.03, 7028
56.30, 7027
56.71, 7026
56.79, 7025
56.88, 7024
57.00, 7023
57.01, 7022
57.11, 7021
57.20, 7020
57.35, 7019
57.88, 7018
58.04, 7017
58.52, 7016
58.61, 7015
58.63, 7014
58.71, 7013
58.84, 7012
59.20, 7011
59.70, 7010
60.01, 7009
60.47, 7008
61.47, 7007
61.84, 7006
61.89, 7005
62.29, 7004
62.34, 7003
64.95, 7002
66.46, 7001
67.54, 7000
68.09, 6999
68.58, 6998
69.98, 6997
70.17, 6996
70.19, 6995
70.23, 6994
70.25, 6993
70.38, 6992
70.41, 6991
70.59, 6990
70.76, 6989
70.78, 6988
71.00, 6987
71.02, 6986
71.20, 6985
71.40, 6984
71.43, 6983
71.57, 6982
72.07, 6981
72.68, 6980
72.71, 6979
72.73, 6978
73.76, 6977
74.81, 6976
74.83, 6975
74.96, 6974
75.58, 6973
76.09, 6972
76.12, 6971
76.27, 6970
76.76, 6969
76.89, 6968
77.13, 6967
77.94, 6966
78.00, 6965
78.65, 6964
78.93, 6963
78.98, 6962
80.87, 6961
80.98, 6960
82.13, 6959
82.51, 6958
83.42, 6957
92.30, 6956
92.46, 6955
93.14, 6954
93.26, 6953
97.31, 6952
99.57, 6951
100.59, 6950
100.84, 6949
101.49, 6948
102.13, 6947
102.16, 6946
102.21, 6945
102.43, 6944
102.64, 6943
106.41, 6942
126.00, 6941
126.08, 6940
126.10, 6939
131.21, 6938
132.70, 6937
132.78, 6936
132.84, 6935
138.30, 6934
138.61, 6933
138.64, 6932
142.83, 6931
143.19, 6930
146.90, 6929
150.02, 6928
152.75, 6927
224.23, 6926
226.13, 6925
259.23, 6924
259.41, 6923
260.90, 6922
263.59, 6921
301.81, 6920
315.66, 6919
365.81, 6918
386.29, 6917
386.64, 6916
386.66, 6915
446.00, 6914
480.14, 6913
480.35, 6912
542.55, 6911
