1.19, 2277
1.20, 2276
1.20, 2275
1.20, 2274
1.21, 2273
1.21, 2272
1.21, 2271
1.22, 2270
1.22, 2269
1.23, 2268
1.23, 2267
1.23, 2266
1.24, 2265
1.24, 2264
1.24, 2263
1.25, 2262
1.25, 2261
1.26, 2260
1.26, 2259
1.27, 2258
1.32, 2257
1.32, 2256
1.55, 2255
1.67, 2254
1.77, 2253
1.89, 2252
2.12, 2251
2.21, 2250
2.25, 2249
2.33, 2248
2.36, 2247
2.41, 2246
2.43, 2245
2.50, 2244
2.53, 2243
2.55, 2242
2.67, 2241
3.15, 2240
3.20, 2239
3.26, 2238
3.39, 2237
3.42, 2236
3.55, 2235
3.58, 2234
3.81, 2233
4.11, 2232
4.13, 2231
4.16, 2230
4.44, 2229
4.52, 2228
4.71, 2227
6.08, 2226
6.36, 2225
6.48, 2224
7.03, 2223
7.30, 2222
7.37, 2221
7.61, 2220
7.94, 2219
7.95, 2218
7.97, 2217
9.56, 2216
10.15, 2215
10.45, 2214
10.61, 2213
10.69, 2212
10.70, 2211
10.76, 2210
10.95, 2209
21.04, 2208
25.53, 2207
25.84, 2206
30.13, 2205
44.60, 2204
66.63, 2203
