1.00, 2277
1.00, 2276
1.01, 2275
1.01, 2274
1.01, 2273
1.02, 2272
1.02, 2271
1.02, 2270
1.03, 2269
1.03, 2268
1.03, 2267
1.03, 2266
1.04, 2265
1.04, 2264
1.04, 2263
1.05, 2262
1.05, 2261
1.05, 2260
1.05, 2259
1.06, 2258
1.10, 2257
1.11, 2256
1.29, 2255
1.38, 2254
1.43, 2253
1.52, 2252
1.70, 2251
1.76, 2250
1.81, 2249
1.84, 2248
1.99, 2247
2.02, 2246
2.09, 2245
2.15, 2244
2.16, 2243
2.24, 2242
2.70, 2241
2.76, 2240
2.81, 2239
2.84, 2238
2.88, 2237
2.99, 2236
3.01, 2235
3.18, 2234
3.63, 2233
3.65, 2232
3.70, 2231
3.94, 2230
4.01, 2229
4.13, 2228
4.22, 2227
6.31, 2226
6.53, 2225
7.12, 2224
7.23, 2223
7.44, 2222
7.58, 2221
9.29, 2220
9.33, 2219
9.75, 2218
9.75, 2217
9.77, 2216
9.90, 2215
10.27, 2214
10.36, 2213
10.41, 2212
10.41, 2211
10.59, 2210
10.82, 2209
12.86, 2208
20.63, 2207
21.92, 2206
62.99, 2205
110.56, 2204
189.65, 2203
