0.98, 2277
0.99, 2276
0.99, 2275
0.99, 2274
1.00, 2273
1.00, 2272
1.00, 2271
1.01, 2270
1.01, 2269
1.01, 2268
1.01, 2267
1.02, 2266
1.02, 2265
1.02, 2264
1.02, 2263
1.03, 2262
1.03, 2261
1.03, 2260
1.04, 2259
1.04, 2258
1.09, 2257
1.10, 2256
1.33, 2255
1.50, 2254
1.65, 2253
1.76, 2252
1.94, 2251
2.02, 2250
2.06, 2249
2.10, 2248
2.26, 2247
2.31, 2246
2.36, 2245
2.39, 2244
2.40, 2243
2.49, 2242
2.81, 2241
2.86, 2240
2.92, 2239
3.01, 2238
3.04, 2237
3.13, 2236
3.17, 2235
3.25, 2234
3.30, 2233
3.55, 2232
3.57, 2231
3.63, 2230
3.70, 2229
3.88, 2228
3.92, 2227
4.70, 2226
5.19, 2225
5.20, 2224
5.28, 2223
5.78, 2222
5.90, 2221
6.06, 2220
6.30, 2219
6.48, 2218
6.49, 2217
6.51, 2216
6.64, 2215
8.08, 2214
8.15, 2213
9.09, 2212
9.19, 2211
9.23, 2210
9.24, 2209
9.43, 2208
11.20, 2207
11.96, 2206
24.81, 2205
134.78, 2204
143.78, 2203
