1.24, 2277
1.25, 2276
1.25, 2275
1.25, 2274
1.25, 2273
1.26, 2272
1.26, 2271
1.26, 2270
1.27, 2269
1.27, 2268
1.27, 2267
1.28, 2266
1.28, 2265
1.28, 2264
1.28, 2263
1.29, 2262
1.29, 2261
1.29, 2260
1.29, 2259
1.30, 2258
1.35, 2257
1.36, 2256
1.54, 2255
1.61, 2254
1.73, 2253
1.85, 2252
1.98, 2251
2.04, 2250
2.08, 2249
2.12, 2248
2.31, 2247
2.36, 2246
2.45, 2245
2.50, 2244
2.54, 2243
2.65, 2242
2.94, 2241
2.97, 2240
3.02, 2239
3.06, 2238
3.09, 2237
3.15, 2236
3.19, 2235
3.32, 2234
3.43, 2233
3.49, 2232
3.73, 2231
3.75, 2230
3.81, 2229
3.90, 2228
4.09, 2227
4.19, 2226
4.46, 2225
5.61, 2224
5.80, 2223
6.00, 2222
6.72, 2221
7.02, 2220
7.09, 2219
7.31, 2218
7.52, 2217
7.55, 2216
7.55, 2215
9.74, 2214
9.93, 2213
10.00, 2212
10.06, 2211
10.08, 2210
10.26, 2209
12.84, 2208
20.93, 2207
27.39, 2206
40.00, 2205
42.84, 2204
176.13, 2203
