5.50, 4697
5.56, 4696
5.60, 4695
5.62, 4694
5.65, 4693
5.69, 4692
5.71, 4691
5.74, 4690
5.76, 4689
5.80, 4688
5.84, 4687
5.88, 4686
5.92, 4685
5.96, 4684
5.99, 4683
6.02, 4682
6.04, 4681
6.06, 4680
6.09, 4679
6.11, 4678
6.13, 4677
6.16, 4676
6.18, 4675
6.21, 4674
6.24, 4673
6.26, 4672
6.29, 4671
6.31, 4670
6.33, 4669
6.36, 4668
6.38, 4667
6.40, 4666
6.42, 4665
6.45, 4664
6.47, 4663
6.49, 4662
6.51, 4661
6.54, 4660
6.56, 4659
6.59, 4658
6.61, 4657
6.66, 4656
6.68, 4655
6.71, 4654
6.73, 4653
6.88, 4652
6.98, 4651
7.44, 4650
7.63, 4649
8.05, 4648
8.21, 4647
8.48, 4646
8.72, 4645
8.98, 4644
9.54, 4643
9.99, 4642
10.42, 4641
10.61, 4640
10.63, 4639
10.65, 4638
10.86, 4637
11.76, 4636
11.80, 4635
11.97, 4634
12.39, 4633
13.25, 4632
13.63, 4631
14.44, 4630
14.46, 4629
16.00, 4628
16.76, 4627
16.95, 4626
17.77, 4625
17.88, 4624
18.40, 4623
18.88, 4622
19.07, 4621
19.09, 4620
19.20, 4619
19.51, 4618
19.99, 4617
20.17, 4616
20.31, 4615
20.50, 4614
21.02, 4613
22.43, 4612
22.50, 4611
22.72, 4610
22.88, 4609
23.35, 4608
23.83, 4607
24.41, 4606
25.31, 4605
26.35, 4604
26.38, 4603
27.52, 4602
27.63, 4601
28.29, 4600
28.31, 4599
28.45, 4598
28.91, 4597
29.33, 4596
32.16, 4595
32.57, 4594
32.66, 4593
32.77, 4592
32.95, 4591
34.93, 4590
36.62, 4589
36.78, 4588
37.01, 4587
37.03, 4586
37.41, 4585
38.17, 4584
38.43, 4583
38.80, 4582
39.57, 4581
39.61, 4580
40.58, 4579
40.83, 4578
41.57, 4577
42.02, 4576
43.25, 4575
44.90, 4574
46.51, 4573
48.90, 4572
49.08, 4571
50.03, 4570
51.47, 4569
56.27, 4568
58.81, 4567
61.20, 4566
64.80, 4565
72.45, 4564
115.33, 4563
115.35, 4562
118.09, 4561
122.47, 4560
123.52, 4559
123.54, 4558
124.83, 4557
127.52, 4556
136.89, 4555
140.28, 4554
143.57, 4553
146.28, 4552
158.06, 4551
162.68, 4550
163.12, 4549
167.97, 4548
217.47, 4547
224.06, 4546
248.29, 4545
303.31, 4544
311.63, 4543
