5.69, 4697
5.74, 4696
5.76, 4695
5.79, 4694
5.81, 4693
5.83, 4692
5.86, 4691
5.88, 4690
5.91, 4689
5.94, 4688
5.97, 4687
5.99, 4686
6.01, 4685
6.04, 4684
6.06, 4683
6.09, 4682
6.11, 4681
6.13, 4680
6.15, 4679
6.18, 4678
6.20, 4677
6.22, 4676
6.24, 4675
6.27, 4674
6.29, 4673
6.31, 4672
6.33, 4671
6.36, 4670
6.38, 4669
6.40, 4668
6.42, 4667
6.44, 4666
6.47, 4665
6.49, 4664
6.53, 4663
6.55, 4662
6.58, 4661
6.61, 4660
6.64, 4659
6.66, 4658
6.69, 4657
6.71, 4656
6.73, 4655
6.77, 4654
6.80, 4653
6.95, 4652
7.11, 4651
7.59, 4650
7.90, 4649
8.39, 4648
8.48, 4647
8.85, 4646
9.07, 4645
9.35, 4644
10.01, 4643
10.39, 4642
10.85, 4641
11.07, 4640
11.09, 4639
11.22, 4638
11.24, 4637
12.13, 4636
12.15, 4635
12.24, 4634
12.48, 4633
13.02, 4632
13.57, 4631
14.40, 4630
14.43, 4629
15.35, 4628
16.14, 4627
16.23, 4626
16.91, 4625
17.06, 4624
17.55, 4623
18.20, 4622
18.44, 4621
18.46, 4620
18.57, 4619
19.04, 4618
19.46, 4617
19.67, 4616
19.76, 4615
20.08, 4614
20.81, 4613
21.66, 4612
21.72, 4611
21.95, 4610
22.10, 4609
22.49, 4608
22.74, 4607
22.92, 4606
23.20, 4605
24.27, 4604
25.23, 4603
25.25, 4602
26.61, 4601
26.82, 4600
27.64, 4599
27.72, 4598
27.95, 4597
28.61, 4596
28.87, 4595
29.89, 4594
32.26, 4593
32.52, 4592
32.63, 4591
34.20, 4590
36.67, 4589
38.16, 4588
38.24, 4587
38.46, 4586
38.96, 4585
39.55, 4584
40.12, 4583
40.85, 4582
41.48, 4581
41.50, 4580
42.55, 4579
43.15, 4578
43.24, 4577
45.28, 4576
45.55, 4575
46.46, 4574
47.42, 4573
48.57, 4572
49.38, 4571
49.84, 4570
50.36, 4569
50.63, 4568
51.20, 4567
56.70, 4566
57.64, 4565
94.51, 4564
112.60, 4563
113.29, 4562
114.52, 4561
114.60, 4560
117.60, 4559
119.72, 4558
120.47, 4557
121.56, 4556
122.07, 4555
122.26, 4554
128.36, 4553
132.54, 4552
135.57, 4551
142.06, 4550
150.17, 4549
152.96, 4548
202.10, 4547
230.86, 4546
236.59, 4545
290.52, 4544
415.46, 4543
531.58, 4542
