5.92, 7374
5.96, 7373
5.98, 7372
6.00, 7371
6.03, 7370
6.05, 7369
6.08, 7368
6.11, 7367
6.13, 7366
6.16, 7365
6.17, 7364
6.20, 7363
6.21, 7362
6.22, 7361
6.24, 7360
6.25, 7359
6.27, 7358
6.29, 7357
6.30, 7356
6.33, 7355
6.35, 7354
6.37, 7353
6.40, 7352
6.42, 7351
6.43, 7350
6.45, 7349
6.46, 7348
6.48, 7347
6.49, 7346
10.29, 7345
15.30, 7344
15.88, 7343
15.92, 7342
17.78, 7341
27.08, 7340
29.53, 7339
31.78, 7338
31.83, 7337
32.01, 7336
32.09, 7335
32.23, 7334
32.29, 7333
32.42, 7332
32.46, 7331
32.48, 7330
32.77, 7329
32.84, 7328
33.00, 7327
33.07, 7326
33.29, 7325
33.32, 7324
33.67, 7323
33.73, 7322
33.91, 7321
33.99, 7320
34.11, 7319
34.17, 7318
34.30, 7317
34.38, 7316
34.41, 7315
34.61, 7314
34.87, 7313
34.95, 7312
35.08, 7311
35.12, 7310
35.23, 7309
35.27, 7308
35.29, 7307
35.30, 7306
35.32, 7305
35.51, 7304
35.55, 7303
35.67, 7302
35.72, 7301
35.74, 7300
35.89, 7299
35.93, 7298
36.09, 7297
36.19, 7296
36.24, 7295
36.34, 7294
36.38, 7293
36.40, 7292
36.42, 7291
36.75, 7290
36.99, 7289
37.07, 7288
37.21, 7287
37.42, 7286
37.47, 7285
37.51, 7284
37.52, 7283
37.66, 7282
37.71, 7281
37.82, 7280
37.86, 7279
37.99, 7278
38.06, 7277
38.17, 7276
38.22, 7275
38.23, 7274
38.24, 7273
38.26, 7272
38.27, 7271
38.41, 7270
38.46, 7269
38.56, 7268
38.62, 7267
38.80, 7266
38.87, 7265
39.05, 7264
39.12, 7263
39.15, 7262
39.25, 7261
39.29, 7260
39.39, 7259
39.45, 7258
39.59, 7257
39.63, 7256
39.73, 7255
39.77, 7254
39.79, 7253
39.80, 7252
39.95, 7251
39.99, 7250
40.11, 7249
40.18, 7248
40.37, 7247
40.44, 7246
40.62, 7245
40.70, 7244
40.72, 7243
40.87, 7242
40.93, 7241
41.04, 7240
41.09, 7239
41.19, 7238
41.23, 7237
41.33, 7236
41.56, 7235
41.57, 7234
41.59, 7233
41.60, 7232
41.85, 7231
41.89, 7230
41.99, 7229
42.03, 7228
42.20, 7227
42.26, 7226
42.39, 7225
42.43, 7224
42.45, 7223
42.70, 7222
42.91, 7221
42.95, 7220
43.09, 7219
43.15, 7218
43.27, 7217
43.28, 7216
43.30, 7215
43.36, 7214
43.53, 7213
43.60, 7212
43.70, 7211
43.75, 7210
43.85, 7209
43.89, 7208
44.02, 7207
44.08, 7206
44.10, 7205
44.28, 7204
44.35, 7203
44.53, 7202
44.60, 7201
44.71, 7200
44.77, 7199
44.94, 7198
45.02, 7197
45.04, 7196
45.06, 7195
45.08, 7194
45.11, 7193
45.36, 7192
45.44, 7191
45.67, 7190
45.71, 7189
45.76, 7188
46.01, 7187
46.09, 7186
46.11, 7185
46.21, 7184
46.26, 7183
46.36, 7182
46.41, 7181
46.55, 7180
46.62, 7179
46.88, 7178
46.90, 7177
46.91, 7176
46.96, 7175
47.16, 7174
47.31, 7173
47.38, 7172
47.48, 7171
47.50, 7170
47.57, 7169
47.74, 7168
47.79, 7167
47.80, 7166
47.90, 7165
47.98, 7164
48.16, 7163
48.23, 7162
48.38, 7161
48.49, 7160
48.53, 7159
48.56, 7158
48.57, 7157
48.88, 7156
48.93, 7155
49.03, 7154
49.07, 7153
49.09, 7152
49.25, 7151
49.33, 7150
49.51, 7149
49.57, 7148
49.72, 7147
49.78, 7146
49.96, 7145
50.00, 7144
50.02, 7143
50.04, 7142
50.21, 7141
50.26, 7140
50.35, 7139
50.40, 7138
50.51, 7137
50.55, 7136
50.69, 7135
50.74, 7134
50.76, 7133
50.86, 7132
50.90, 7131
51.00, 7130
51.04, 7129
51.17, 7128
51.22, 7127
51.37, 7126
51.41, 7125
51.43, 7124
51.44, 7123
51.45, 7122
51.48, 7121
51.72, 7120
51.79, 7119
51.91, 7118
51.96, 7117
52.06, 7116
52.10, 7115
52.21, 7114
52.25, 7113
52.28, 7112
52.45, 7111
52.53, 7110
52.74, 7109
52.81, 7108
52.86, 7107
52.95, 7106
53.00, 7105
53.01, 7104
53.02, 7103
53.17, 7102
53.21, 7101
53.32, 7100
53.37, 7099
53.54, 7098
53.59, 7097
53.69, 7096
53.76, 7095
53.78, 7094
53.89, 7093
53.94, 7092
54.05, 7091
54.11, 7090
54.23, 7089
54.31, 7088
54.45, 7087
54.53, 7086
54.55, 7085
54.57, 7084
54.59, 7083
54.84, 7082
54.92, 7081
55.10, 7080
55.17, 7079
55.39, 7078
55.59, 7077
55.64, 7076
55.65, 7075
55.75, 7074
55.80, 7073
55.90, 7072
55.94, 7071
56.10, 7070
56.15, 7069
56.25, 7068
56.29, 7067
56.30, 7066
56.31, 7065
56.47, 7064
56.51, 7063
56.68, 7062
56.75, 7061
56.87, 7060
56.92, 7059
57.03, 7058
57.09, 7057
57.10, 7056
57.20, 7055
57.24, 7054
57.39, 7053
57.46, 7052
57.60, 7051
57.64, 7050
57.75, 7049
57.79, 7048
57.81, 7047
57.82, 7046
57.84, 7045
57.85, 7044
57.87, 7043
57.88, 7042
57.90, 7041
57.92, 7040
57.94, 7039
57.95, 7038
57.97, 7037
57.98, 7036
58.00, 7035
58.01, 7034
58.03, 7033
59.21, 7032
61.97, 7031
63.87, 7030
63.90, 7029
64.11, 7028
64.20, 7027
64.31, 7026
64.93, 7025
65.00, 7024
65.07, 7023
65.19, 7022
65.21, 7021
65.26, 7020
66.04, 7019
66.09, 7018
66.11, 7017
66.13, 7016
66.88, 7015
66.96, 7014
67.20, 7013
67.46, 7012
67.96, 7011
68.05, 7010
68.11, 7009
68.12, 7008
69.65, 7007
70.46, 7006
70.56, 7005
70.60, 7004
72.92, 7003
74.20, 7002
75.61, 7001
76.10, 7000
76.59, 6999
78.07, 6998
78.14, 6997
78.61, 6996
78.71, 6995
78.79, 6994
78.86, 6993
78.96, 6992
78.98, 6991
79.18, 6990
79.19, 6989
79.37, 6988
79.42, 6987
79.43, 6986
79.69, 6985
80.39, 6984
80.44, 6983
80.53, 6982
80.62, 6981
80.72, 6980
80.81, 6979
80.86, 6978
80.88, 6977
81.75, 6976
82.84, 6975
82.89, 6974
83.30, 6973
83.46, 6972
83.48, 6971
83.65, 6970
84.32, 6969
84.33, 6968
84.57, 6967
85.28, 6966
85.42, 6965
85.74, 6964
85.82, 6963
86.32, 6962
87.08, 6961
87.14, 6960
87.92, 6959
88.17, 6958
88.43, 6957
90.48, 6956
91.35, 6955
92.74, 6954
93.60, 6953
93.68, 6952
97.14, 6951
111.42, 6950
116.03, 6949
116.04, 6948
116.67, 6947
116.72, 6946
118.71, 6945
118.83, 6944
122.02, 6943
122.85, 6942
123.59, 6941
125.23, 6940
125.31, 6939
125.54, 6938
126.51, 6937
129.15, 6936
129.18, 6935
129.24, 6934
129.33, 6933
129.34, 6932
129.77, 6931
131.23, 6930
133.54, 6929
138.79, 6928
175.74, 6927
184.61, 6926
191.84, 6925
194.15, 6924
237.42, 6923
263.09, 6922
277.53, 6921
317.70, 6920
318.18, 6919
323.16, 6918
323.26, 6917
370.01, 6916
401.54, 6915
414.65, 6914
