5.29, 7374
5.31, 7373
5.33, 7372
5.35, 7371
5.36, 7370
5.38, 7369
5.39, 7368
5.41, 7367
5.42, 7366
5.44, 7365
5.45, 7364
5.46, 7363
5.48, 7362
5.49, 7361
5.51, 7360
5.52, 7359
5.54, 7358
5.55, 7357
5.57, 7356
5.58, 7355
5.60, 7354
5.61, 7353
5.62, 7352
5.64, 7351
5.65, 7350
5.66, 7349
5.68, 7348
5.69, 7347
5.71, 7346
8.74, 7345
12.64, 7344
13.21, 7343
13.26, 7342
14.79, 7341
22.76, 7340
24.60, 7339
26.46, 7338
26.50, 7337
26.60, 7336
26.64, 7335
26.76, 7334
26.80, 7333
26.91, 7332
26.96, 7331
26.97, 7330
27.18, 7329
27.22, 7328
27.32, 7327
27.36, 7326
27.51, 7325
27.53, 7324
27.82, 7323
27.86, 7322
27.96, 7321
28.00, 7320
28.10, 7319
28.14, 7318
28.25, 7317
28.29, 7316
28.30, 7315
28.40, 7314
28.54, 7313
28.59, 7312
28.68, 7311
28.73, 7310
28.83, 7309
28.86, 7308
28.88, 7307
28.89, 7306
28.91, 7305
29.04, 7304
29.08, 7303
29.18, 7302
29.22, 7301
29.24, 7300
29.34, 7299
29.38, 7298
29.54, 7297
29.65, 7296
29.69, 7295
29.79, 7294
29.83, 7293
29.84, 7292
29.86, 7291
30.04, 7290
30.17, 7289
30.21, 7288
30.31, 7287
30.39, 7286
30.46, 7285
30.51, 7284
30.52, 7283
30.62, 7282
30.67, 7281
30.79, 7280
30.83, 7279
30.93, 7278
30.97, 7277
31.07, 7276
31.11, 7275
31.13, 7274
31.14, 7273
31.16, 7272
31.17, 7271
31.31, 7270
31.35, 7269
31.44, 7268
31.49, 7267
31.58, 7266
31.62, 7265
31.72, 7264
31.76, 7263
31.77, 7262
31.86, 7261
31.90, 7260
32.00, 7259
32.04, 7258
32.13, 7257
32.17, 7256
32.27, 7255
32.31, 7254
32.32, 7253
32.34, 7252
32.49, 7251
32.53, 7250
32.62, 7249
32.66, 7248
32.78, 7247
32.82, 7246
32.93, 7245
32.97, 7244
32.98, 7243
33.08, 7242
33.12, 7241
33.22, 7240
33.26, 7239
33.36, 7238
33.41, 7237
33.55, 7236
33.62, 7235
33.63, 7234
33.64, 7233
33.66, 7232
33.80, 7231
33.84, 7230
33.93, 7229
33.97, 7228
34.08, 7227
34.12, 7226
34.22, 7225
34.26, 7224
34.28, 7223
34.45, 7222
34.55, 7221
34.59, 7220
34.70, 7219
34.74, 7218
34.89, 7217
34.90, 7216
34.91, 7215
34.93, 7214
35.06, 7213
35.10, 7212
35.20, 7211
35.23, 7210
35.34, 7209
35.40, 7208
35.50, 7207
35.54, 7206
35.56, 7205
35.65, 7204
35.69, 7203
35.79, 7202
35.83, 7201
35.92, 7200
35.96, 7199
36.06, 7198
36.10, 7197
36.11, 7196
36.12, 7195
36.18, 7194
36.19, 7193
36.33, 7192
36.38, 7191
36.52, 7190
36.68, 7189
36.72, 7188
36.84, 7187
36.88, 7186
36.89, 7185
36.99, 7184
37.03, 7183
37.12, 7182
37.16, 7181
37.26, 7180
37.30, 7179
37.44, 7178
37.47, 7177
37.48, 7176
37.49, 7175
37.64, 7174
37.86, 7173
37.91, 7172
37.98, 7171
38.02, 7170
38.07, 7169
38.16, 7168
38.20, 7167
38.21, 7166
38.32, 7165
38.37, 7164
38.47, 7163
38.51, 7162
38.61, 7161
38.71, 7160
38.76, 7159
38.78, 7158
38.79, 7157
38.98, 7156
39.04, 7155
39.15, 7154
39.20, 7153
39.22, 7152
39.35, 7151
39.40, 7150
39.49, 7149
39.53, 7148
39.63, 7147
39.67, 7146
39.77, 7145
39.82, 7144
39.83, 7143
39.84, 7142
39.99, 7141
40.03, 7140
40.13, 7139
40.17, 7138
40.28, 7137
40.32, 7136
40.42, 7135
40.47, 7134
40.48, 7133
40.58, 7132
40.63, 7131
40.73, 7130
40.77, 7129
40.86, 7128
40.91, 7127
41.02, 7126
41.06, 7125
41.07, 7124
41.08, 7123
41.10, 7122
41.11, 7121
41.25, 7120
41.29, 7119
41.39, 7118
41.43, 7117
41.53, 7116
41.58, 7115
41.68, 7114
41.72, 7113
41.73, 7112
41.84, 7111
41.89, 7110
42.05, 7109
42.17, 7108
42.30, 7107
42.40, 7106
42.44, 7105
42.46, 7104
42.47, 7103
42.61, 7102
42.65, 7101
42.75, 7100
42.80, 7099
42.89, 7098
42.93, 7097
43.03, 7096
43.07, 7095
43.08, 7094
43.18, 7093
43.22, 7092
43.32, 7091
43.37, 7090
43.48, 7089
43.52, 7088
43.62, 7087
43.66, 7086
43.67, 7085
43.69, 7084
43.71, 7083
43.85, 7082
43.89, 7081
43.98, 7080
44.03, 7079
44.16, 7078
44.32, 7077
44.36, 7076
44.38, 7075
44.50, 7074
44.54, 7073
44.63, 7072
44.68, 7071
44.78, 7070
44.82, 7069
44.92, 7068
44.96, 7067
44.98, 7066
44.99, 7065
45.13, 7064
45.17, 7063
45.27, 7062
45.31, 7061
45.41, 7060
45.45, 7059
45.55, 7058
45.59, 7057
45.60, 7056
45.71, 7055
45.75, 7054
45.84, 7053
45.89, 7052
45.98, 7051
46.05, 7050
46.16, 7049
46.21, 7048
46.23, 7047
46.24, 7046
46.25, 7045
46.27, 7044
46.28, 7043
46.30, 7042
46.31, 7041
46.33, 7040
46.34, 7039
46.36, 7038
46.37, 7037
46.39, 7036
46.40, 7035
46.42, 7034
46.44, 7033
47.66, 7032
50.46, 7031
52.45, 7030
52.47, 7029
52.57, 7028
52.65, 7027
52.75, 7026
53.24, 7025
53.33, 7024
53.40, 7023
53.51, 7022
53.52, 7021
53.61, 7020
53.76, 7019
54.15, 7018
54.24, 7017
54.26, 7016
54.28, 7015
55.07, 7014
55.15, 7013
55.20, 7012
55.45, 7011
55.63, 7010
56.20, 7009
56.56, 7008
56.64, 7007
56.65, 7006
57.96, 7005
58.19, 7004
58.31, 7003
58.48, 7002
58.53, 7001
58.66, 7000
61.45, 6999
62.40, 6998
63.17, 6997
63.56, 6996
65.25, 6995
65.56, 6994
65.72, 6993
65.74, 6992
65.78, 6991
65.99, 6990
66.00, 6989
66.05, 6988
66.17, 6987
66.18, 6986
66.51, 6985
66.52, 6984
66.80, 6983
66.89, 6982
66.91, 6981
67.05, 6980
67.12, 6979
67.97, 6978
68.05, 6977
68.07, 6976
68.82, 6975
69.07, 6974
69.78, 6973
70.26, 6972
70.28, 6971
70.48, 6970
71.09, 6969
71.20, 6968
71.26, 6967
71.39, 6966
71.73, 6965
71.85, 6964
71.94, 6963
72.27, 6962
72.61, 6961
72.93, 6960
73.82, 6959
74.40, 6958
74.65, 6957
75.01, 6956
77.51, 6955
78.02, 6954
79.58, 6953
82.75, 6952
87.06, 6951
87.12, 6950
87.31, 6949
87.71, 6948
88.22, 6947
88.24, 6946
89.43, 6945
89.63, 6944
109.51, 6943
109.78, 6942
110.24, 6941
110.34, 6940
115.39, 6939
115.44, 6938
115.92, 6937
116.15, 6936
118.18, 6935
119.42, 6934
120.08, 6933
120.23, 6932
124.09, 6931
124.83, 6930
127.14, 6929
129.93, 6928
130.20, 6927
131.81, 6926
131.96, 6925
165.79, 6924
166.85, 6923
185.62, 6922
187.59, 6921
220.59, 6920
221.41, 6919
248.24, 6918
250.88, 6917
309.28, 6916
337.53, 6915
403.83, 6914
437.31, 6913
