6.42, 7374
6.45, 7373
6.47, 7372
6.49, 7371
6.50, 7370
6.52, 7369
6.53, 7368
6.55, 7367
6.56, 7366
6.58, 7365
6.59, 7364
6.61, 7363
6.64, 7362
6.66, 7361
6.67, 7360
6.70, 7359
6.72, 7358
6.74, 7357
6.76, 7356
6.77, 7355
6.79, 7354
6.80, 7353
6.82, 7352
6.84, 7351
6.86, 7350
6.89, 7349
6.90, 7348
6.92, 7347
6.94, 7346
10.32, 7345
14.80, 7344
15.43, 7343
15.47, 7342
17.09, 7341
26.03, 7340
28.02, 7339
30.15, 7338
30.19, 7337
30.36, 7336
30.43, 7335
30.54, 7334
30.59, 7333
30.70, 7332
30.74, 7331
30.76, 7330
30.98, 7329
31.02, 7328
31.14, 7327
31.20, 7326
31.34, 7325
31.39, 7324
31.63, 7323
31.68, 7322
31.78, 7321
31.82, 7320
31.93, 7319
31.98, 7318
32.09, 7317
32.14, 7316
32.16, 7315
32.25, 7314
32.39, 7313
32.43, 7312
32.54, 7311
32.59, 7310
32.69, 7309
32.74, 7308
32.75, 7307
32.76, 7306
32.78, 7305
32.93, 7304
32.98, 7303
33.08, 7302
33.13, 7301
33.14, 7300
33.24, 7299
33.29, 7298
33.46, 7297
33.56, 7296
33.60, 7295
33.72, 7294
33.77, 7293
33.78, 7292
33.80, 7291
34.00, 7290
34.11, 7289
34.16, 7288
34.27, 7287
34.39, 7286
34.44, 7285
34.50, 7284
34.52, 7283
34.62, 7282
34.66, 7281
34.79, 7280
34.83, 7279
34.93, 7278
34.97, 7277
35.09, 7276
35.13, 7275
35.14, 7274
35.16, 7273
35.17, 7272
35.18, 7271
35.36, 7270
35.41, 7269
35.51, 7268
35.57, 7267
35.68, 7266
35.72, 7265
35.82, 7264
35.86, 7263
35.87, 7262
35.99, 7261
36.04, 7260
36.14, 7259
36.19, 7258
36.29, 7257
36.33, 7256
36.43, 7255
36.47, 7254
36.49, 7253
36.50, 7252
36.68, 7251
36.72, 7250
36.82, 7249
36.88, 7248
36.99, 7247
37.03, 7246
37.13, 7245
37.17, 7244
37.19, 7243
37.32, 7242
37.37, 7241
37.48, 7240
37.53, 7239
37.64, 7238
37.68, 7237
37.78, 7236
37.82, 7235
37.84, 7234
37.86, 7233
37.88, 7232
38.06, 7231
38.11, 7230
38.21, 7229
38.25, 7228
38.36, 7227
38.41, 7226
38.50, 7225
38.55, 7224
38.57, 7223
38.74, 7222
38.90, 7221
38.94, 7220
39.07, 7219
39.11, 7218
39.23, 7217
39.25, 7216
39.26, 7215
39.34, 7214
39.45, 7213
39.50, 7212
39.61, 7211
39.66, 7210
39.78, 7209
39.82, 7208
39.92, 7207
39.97, 7206
39.98, 7205
40.09, 7204
40.13, 7203
40.24, 7202
40.28, 7201
40.38, 7200
40.42, 7199
40.55, 7198
40.59, 7197
40.61, 7196
40.62, 7195
40.63, 7194
40.65, 7193
40.79, 7192
40.84, 7191
41.11, 7190
41.13, 7189
41.28, 7188
41.38, 7187
41.42, 7186
41.44, 7185
41.54, 7184
41.58, 7183
41.70, 7182
41.74, 7181
41.84, 7180
41.89, 7179
42.00, 7178
42.05, 7177
42.06, 7176
42.07, 7175
42.22, 7174
42.39, 7173
42.44, 7172
42.54, 7171
42.55, 7170
42.59, 7169
42.74, 7168
42.80, 7167
42.82, 7166
42.93, 7165
42.98, 7164
43.08, 7163
43.13, 7162
43.25, 7161
43.38, 7160
43.43, 7159
43.46, 7158
43.47, 7157
43.76, 7156
43.81, 7155
43.91, 7154
43.95, 7153
43.96, 7152
44.06, 7151
44.11, 7150
44.21, 7149
44.26, 7148
44.36, 7147
44.40, 7146
44.51, 7145
44.56, 7144
44.58, 7143
44.59, 7142
44.73, 7141
44.77, 7140
44.88, 7139
44.92, 7138
45.02, 7137
45.08, 7136
45.19, 7135
45.24, 7134
45.25, 7133
45.35, 7132
45.40, 7131
45.50, 7130
45.55, 7129
45.66, 7128
45.71, 7127
45.82, 7126
45.86, 7125
45.87, 7124
45.88, 7123
45.90, 7122
45.91, 7121
46.07, 7120
46.11, 7119
46.23, 7118
46.27, 7117
46.40, 7116
46.45, 7115
46.57, 7114
46.62, 7113
46.64, 7112
46.75, 7111
46.79, 7110
46.95, 7109
47.09, 7108
47.13, 7107
47.26, 7106
47.30, 7105
47.31, 7104
47.33, 7103
47.48, 7102
47.52, 7101
47.64, 7100
47.69, 7099
47.80, 7098
47.84, 7097
47.94, 7096
47.99, 7095
48.01, 7094
48.11, 7093
48.15, 7092
48.25, 7091
48.30, 7090
48.40, 7089
48.44, 7088
48.54, 7087
48.58, 7086
48.60, 7085
48.61, 7084
48.62, 7083
48.77, 7082
48.81, 7081
48.92, 7080
48.97, 7079
49.14, 7078
49.25, 7077
49.30, 7076
49.31, 7075
49.42, 7074
49.48, 7073
49.62, 7072
49.67, 7071
49.77, 7070
49.81, 7069
49.91, 7068
49.96, 7067
49.98, 7066
50.00, 7065
50.13, 7064
50.17, 7063
50.28, 7062
50.33, 7061
50.44, 7060
50.48, 7059
50.61, 7058
50.65, 7057
50.67, 7056
50.79, 7055
50.85, 7054
50.96, 7053
51.01, 7052
51.13, 7051
51.17, 7050
51.28, 7049
51.35, 7048
51.37, 7047
51.39, 7046
51.41, 7045
51.42, 7044
51.44, 7043
51.45, 7042
51.47, 7041
51.48, 7040
51.50, 7039
51.52, 7038
51.53, 7037
51.55, 7036
51.57, 7035
51.58, 7034
51.60, 7033
52.68, 7032
55.82, 7031
57.56, 7030
57.60, 7029
57.88, 7028
57.93, 7027
57.99, 7026
58.59, 7025
58.74, 7024
58.89, 7023
58.90, 7022
59.10, 7021
59.17, 7020
59.57, 7019
59.83, 7018
59.90, 7017
60.38, 7016
60.89, 7015
61.52, 7014
61.61, 7013
62.79, 7012
63.40, 7011
63.44, 7010
63.67, 7009
63.92, 7008
65.71, 7007
66.54, 7006
67.34, 7005
68.34, 7004
68.93, 7003
70.75, 7002
70.96, 7001
71.07, 7000
71.17, 6999
71.25, 6998
71.45, 6997
71.51, 6996
71.67, 6995
71.80, 6994
71.82, 6993
72.01, 6992
72.03, 6991
72.28, 6990
72.39, 6989
72.41, 6988
72.65, 6987
72.82, 6986
73.67, 6985
73.74, 6984
73.83, 6983
74.38, 6982
74.93, 6981
75.47, 6980
75.49, 6979
76.10, 6978
77.02, 6977
77.09, 6976
77.22, 6975
77.29, 6974
77.82, 6973
78.08, 6972
79.48, 6971
80.26, 6970
80.84, 6969
81.00, 6968
82.67, 6967
82.84, 6966
83.08, 6965
83.41, 6964
83.87, 6963
85.92, 6962
88.80, 6961
88.84, 6960
89.21, 6959
92.80, 6958
93.45, 6957
94.73, 6956
101.78, 6955
117.92, 6954
118.12, 6953
123.42, 6952
123.49, 6951
124.34, 6950
124.88, 6949
127.02, 6948
127.09, 6947
127.78, 6946
130.12, 6945
130.21, 6944
130.27, 6943
130.39, 6942
130.48, 6941
143.04, 6940
145.02, 6939
147.36, 6938
164.62, 6937
186.21, 6936
186.64, 6935
188.95, 6934
193.50, 6933
195.68, 6932
198.03, 6931
199.55, 6930
203.54, 6929
203.73, 6928
215.10, 6927
215.57, 6926
243.82, 6925
249.08, 6924
251.09, 6923
295.36, 6922
295.75, 6921
317.32, 6920
317.98, 6919
343.79, 6918
352.59, 6917
