5.73, 4697
5.78, 4696
5.80, 4695
5.83, 4694
5.85, 4693
5.88, 4692
5.90, 4691
5.92, 4690
5.96, 4689
5.98, 4688
6.01, 4687
6.03, 4686
6.05, 4685
6.08, 4684
6.10, 4683
6.12, 4682
6.14, 4681
6.18, 4680
6.20, 4679
6.23, 4678
6.25, 4677
6.27, 4676
6.30, 4675
6.32, 4674
6.35, 4673
6.37, 4672
6.39, 4671
6.41, 4670
6.44, 4669
6.46, 4668
6.48, 4667
6.51, 4666
6.53, 4665
6.56, 4664
6.59, 4663
6.61, 4662
6.63, 4661
6.65, 4660
6.68, 4659
6.70, 4658
6.72, 4657
6.74, 4656
6.77, 4655
6.80, 4654
6.82, 4653
6.93, 4652
7.17, 4651
7.61, 4650
7.86, 4649
8.25, 4648
8.41, 4647
8.72, 4646
9.06, 4645
9.25, 4644
9.85, 4643
10.15, 4642
10.76, 4641
11.01, 4640
11.05, 4639
11.07, 4638
11.19, 4637
11.94, 4636
12.01, 4635
12.08, 4634
12.22, 4633
12.91, 4632
13.41, 4631
14.11, 4630
14.19, 4629
15.04, 4628
15.55, 4627
15.89, 4626
16.00, 4625
16.69, 4624
16.90, 4623
17.32, 4622
17.85, 4621
18.07, 4620
18.21, 4619
18.23, 4618
18.59, 4617
19.05, 4616
19.22, 4615
19.29, 4614
19.56, 4613
20.25, 4612
21.55, 4611
21.84, 4610
21.97, 4609
22.48, 4608
22.50, 4607
22.60, 4606
22.98, 4605
23.84, 4604
24.11, 4603
24.92, 4602
25.04, 4601
26.25, 4600
26.42, 4599
27.39, 4598
27.53, 4597
27.67, 4596
28.14, 4595
28.43, 4594
28.91, 4593
31.46, 4592
31.77, 4591
31.88, 4590
33.31, 4589
33.58, 4588
36.00, 4587
36.59, 4586
36.61, 4585
37.04, 4584
37.44, 4583
38.23, 4582
38.97, 4581
39.66, 4580
41.22, 4579
42.96, 4578
43.59, 4577
44.13, 4576
44.73, 4575
46.28, 4574
47.60, 4573
49.33, 4572
49.71, 4571
50.33, 4570
56.78, 4569
59.28, 4568
69.70, 4567
107.60, 4566
108.52, 4565
109.63, 4564
111.43, 4563
120.99, 4562
121.14, 4561
126.75, 4560
129.86, 4559
136.31, 4558
137.41, 4557
139.36, 4556
151.39, 4555
153.42, 4554
201.01, 4553
220.94, 4552
226.60, 4551
233.69, 4550
242.72, 4549
244.39, 4548
311.61, 4547
325.04, 4546
336.32, 4545
374.37, 4544
452.23, 4543
