5.46, 7374
5.49, 7373
5.50, 7372
5.52, 7371
5.53, 7370
5.55, 7369
5.56, 7368
5.58, 7367
5.60, 7366
5.63, 7365
5.65, 7364
5.66, 7363
5.68, 7362
5.69, 7361
5.71, 7360
5.72, 7359
5.74, 7358
5.75, 7357
5.77, 7356
5.78, 7355
5.80, 7354
5.81, 7353
5.83, 7352
5.84, 7351
5.86, 7350
5.87, 7349
5.89, 7348
5.91, 7347
5.92, 7346
9.26, 7345
13.46, 7344
14.03, 7343
14.07, 7342
15.61, 7341
24.00, 7340
25.95, 7339
28.28, 7338
28.33, 7337
28.43, 7336
28.47, 7335
28.58, 7334
28.62, 7333
28.72, 7332
28.77, 7331
28.78, 7330
28.99, 7329
29.04, 7328
29.17, 7327
29.23, 7326
29.37, 7325
29.40, 7324
29.63, 7323
29.68, 7322
29.78, 7321
29.82, 7320
29.95, 7319
30.02, 7318
30.20, 7317
30.24, 7316
30.25, 7315
30.37, 7314
30.52, 7313
30.56, 7312
30.66, 7311
30.70, 7310
30.81, 7309
30.85, 7308
30.86, 7307
30.87, 7306
30.89, 7305
31.04, 7304
31.12, 7303
31.27, 7302
31.31, 7301
31.34, 7300
31.51, 7299
31.55, 7298
31.69, 7297
31.82, 7296
31.87, 7295
31.98, 7294
32.03, 7293
32.04, 7292
32.06, 7291
32.25, 7290
32.39, 7289
32.43, 7288
32.54, 7287
32.76, 7286
32.82, 7285
32.87, 7284
32.89, 7283
33.06, 7282
33.11, 7281
33.24, 7280
33.30, 7279
33.41, 7278
33.46, 7277
33.57, 7276
33.61, 7275
33.62, 7274
33.64, 7273
33.65, 7272
33.67, 7271
33.82, 7270
33.87, 7269
34.01, 7268
34.05, 7267
34.16, 7266
34.20, 7265
34.31, 7264
34.35, 7263
34.37, 7262
34.47, 7261
34.52, 7260
34.62, 7259
34.67, 7258
34.78, 7257
34.83, 7256
34.94, 7255
34.98, 7254
35.00, 7253
35.01, 7252
35.15, 7251
35.20, 7250
35.30, 7249
35.34, 7248
35.50, 7247
35.54, 7246
35.64, 7245
35.68, 7244
35.70, 7243
35.80, 7242
35.86, 7241
36.03, 7240
36.07, 7239
36.17, 7238
36.23, 7237
36.33, 7236
36.37, 7235
36.39, 7234
36.40, 7233
36.42, 7232
36.56, 7231
36.60, 7230
36.71, 7229
36.75, 7228
36.85, 7227
36.89, 7226
36.99, 7225
37.06, 7224
37.07, 7223
37.23, 7222
37.38, 7221
37.43, 7220
37.54, 7219
37.59, 7218
37.81, 7217
37.82, 7216
37.83, 7215
37.92, 7214
38.03, 7213
38.07, 7212
38.17, 7211
38.22, 7210
38.32, 7209
38.36, 7208
38.47, 7207
38.52, 7206
38.54, 7205
38.64, 7204
38.71, 7203
38.81, 7202
38.88, 7201
38.98, 7200
39.02, 7199
39.13, 7198
39.17, 7197
39.18, 7196
39.20, 7195
39.21, 7194
39.23, 7193
39.37, 7192
39.42, 7191
39.58, 7190
39.83, 7189
39.88, 7188
40.05, 7187
40.09, 7186
40.11, 7185
40.21, 7184
40.26, 7183
40.36, 7182
40.40, 7181
40.50, 7180
40.55, 7179
40.79, 7178
40.81, 7177
40.82, 7176
40.91, 7175
41.00, 7174
41.15, 7173
41.20, 7172
41.27, 7171
41.32, 7170
41.37, 7169
41.46, 7168
41.50, 7167
41.52, 7166
41.62, 7165
41.66, 7164
41.77, 7163
41.82, 7162
41.92, 7161
42.05, 7160
42.13, 7159
42.16, 7158
42.17, 7157
42.37, 7156
42.43, 7155
42.54, 7154
42.58, 7153
42.59, 7152
42.70, 7151
42.74, 7150
42.84, 7149
42.91, 7148
43.07, 7147
43.12, 7146
43.22, 7145
43.27, 7144
43.29, 7143
43.30, 7142
43.46, 7141
43.50, 7140
43.66, 7139
43.71, 7138
43.85, 7137
43.89, 7136
43.99, 7135
44.04, 7134
44.05, 7133
44.19, 7132
44.24, 7131
44.34, 7130
44.41, 7129
44.57, 7128
44.62, 7127
44.72, 7126
44.77, 7125
44.78, 7124
44.79, 7123
44.81, 7122
44.82, 7121
44.97, 7120
45.02, 7119
45.13, 7118
45.20, 7117
45.30, 7116
45.35, 7115
45.45, 7114
45.50, 7113
45.51, 7112
45.62, 7111
45.67, 7110
45.81, 7109
45.99, 7108
46.06, 7107
46.17, 7106
46.25, 7105
46.27, 7104
46.28, 7103
46.51, 7102
46.55, 7101
46.72, 7100
46.76, 7099
46.86, 7098
46.91, 7097
47.01, 7096
47.07, 7095
47.09, 7094
47.19, 7093
47.23, 7092
47.34, 7091
47.38, 7090
47.53, 7089
47.57, 7088
47.67, 7087
47.72, 7086
47.73, 7085
47.74, 7084
47.76, 7083
47.93, 7082
47.98, 7081
48.09, 7080
48.13, 7079
48.27, 7078
48.39, 7077
48.44, 7076
48.46, 7075
48.56, 7074
48.61, 7073
48.71, 7072
48.76, 7071
48.86, 7070
48.90, 7069
49.01, 7068
49.05, 7067
49.07, 7066
49.08, 7065
49.23, 7064
49.28, 7063
49.38, 7062
49.42, 7061
49.53, 7060
49.57, 7059
49.67, 7058
49.74, 7057
49.75, 7056
49.86, 7055
49.90, 7054
50.05, 7053
50.15, 7052
50.25, 7051
50.32, 7050
50.42, 7049
50.48, 7048
50.50, 7047
50.52, 7046
50.53, 7045
50.55, 7044
50.57, 7043
50.58, 7042
50.60, 7041
50.62, 7040
50.63, 7039
50.65, 7038
50.67, 7037
50.68, 7036
50.70, 7035
50.72, 7034
50.73, 7033
52.20, 7032
54.95, 7031
58.29, 7030
58.33, 7029
58.48, 7028
58.53, 7027
58.69, 7026
59.68, 7025
59.81, 7024
60.07, 7023
60.16, 7022
60.28, 7021
60.29, 7020
60.34, 7019
60.54, 7018
61.01, 7017
61.11, 7016
61.23, 7015
61.25, 7014
61.32, 7013
61.81, 7012
61.93, 7011
62.10, 7010
62.44, 7009
63.04, 7008
63.28, 7007
63.64, 7006
64.33, 7005
64.35, 7004
64.78, 7003
65.41, 7002
66.18, 7001
66.80, 7000
66.87, 6999
66.96, 6998
70.76, 6997
71.76, 6996
72.14, 6995
74.07, 6994
76.88, 6993
77.05, 6992
77.14, 6991
77.23, 6990
77.39, 6989
77.47, 6988
77.49, 6987
77.61, 6986
77.82, 6985
77.84, 6984
78.07, 6983
78.08, 6982
78.46, 6981
78.51, 6980
78.53, 6979
78.84, 6978
79.83, 6977
79.97, 6976
80.02, 6975
80.17, 6974
80.34, 6973
80.36, 6972
80.52, 6971
80.54, 6970
80.92, 6969
81.15, 6968
82.13, 6967
82.23, 6966
82.24, 6965
82.45, 6964
83.14, 6963
83.82, 6962
83.91, 6961
84.15, 6960
84.29, 6959
85.40, 6958
85.47, 6957
87.08, 6956
87.20, 6955
88.59, 6954
88.65, 6953
88.83, 6952
89.09, 6951
91.84, 6950
93.62, 6949
94.08, 6948
95.97, 6947
98.18, 6946
103.38, 6945
104.10, 6944
106.52, 6943
123.21, 6942
129.07, 6941
129.22, 6940
130.12, 6939
136.74, 6938
136.87, 6937
137.06, 6936
137.22, 6935
137.46, 6934
153.58, 6933
153.87, 6932
191.11, 6931
193.25, 6930
196.46, 6929
199.80, 6928
219.47, 6927
220.95, 6926
249.52, 6925
252.26, 6924
253.46, 6923
265.08, 6922
265.29, 6921
265.49, 6920
290.49, 6919
290.65, 6918
295.35, 6917
358.69, 6916
412.69, 6915
415.92, 6914
422.73, 6913
