6.20, 4697
6.24, 4696
6.27, 4695
6.29, 4694
6.31, 4693
6.34, 4692
6.36, 4691
6.38, 4690
6.41, 4689
6.43, 4688
6.46, 4687
6.49, 4686
6.52, 4685
6.54, 4684
6.56, 4683
6.60, 4682
6.62, 4681
6.65, 4680
6.68, 4679
6.71, 4678
6.73, 4677
6.75, 4676
6.78, 4675
6.81, 4674
6.83, 4673
6.85, 4672
6.88, 4671
6.90, 4670
6.93, 4669
6.96, 4668
6.98, 4667
7.02, 4666
7.04, 4665
7.06, 4664
7.08, 4663
7.11, 4662
7.13, 4661
7.15, 4660
7.17, 4659
7.19, 4658
7.21, 4657
7.23, 4656
7.25, 4655
7.28, 4654
7.30, 4653
7.44, 4652
7.68, 4651
8.05, 4650
8.22, 4649
8.76, 4648
9.08, 4647
9.18, 4646
9.46, 4645
9.61, 4644
10.05, 4643
10.42, 4642
10.82, 4641
11.10, 4640
11.12, 4639
11.14, 4638
11.22, 4637
12.02, 4636
12.04, 4635
12.14, 4634
12.32, 4633
13.02, 4632
13.60, 4631
14.44, 4630
14.53, 4629
15.56, 4628
16.30, 4627
16.32, 4626
17.04, 4625
17.24, 4624
17.69, 4623
18.40, 4622
18.54, 4621
18.57, 4620
18.64, 4619
19.08, 4618
19.57, 4617
19.73, 4616
19.85, 4615
20.13, 4614
20.64, 4613
21.73, 4612
21.98, 4611
22.19, 4610
22.42, 4609
22.68, 4608
22.70, 4607
23.12, 4606
23.71, 4605
23.96, 4604
25.02, 4603
25.04, 4602
26.61, 4601
26.78, 4600
27.45, 4599
27.47, 4598
27.79, 4597
28.49, 4596
28.55, 4595
29.22, 4594
31.61, 4593
32.14, 4592
32.26, 4591
33.90, 4590
36.34, 4589
37.12, 4588
37.21, 4587
37.69, 4586
38.07, 4585
38.20, 4584
38.50, 4583
38.84, 4582
38.86, 4581
39.59, 4580
40.22, 4579
42.43, 4578
42.53, 4577
44.35, 4576
44.61, 4575
45.45, 4574
46.71, 4573
47.19, 4572
47.69, 4571
48.01, 4570
49.33, 4569
49.86, 4568
50.48, 4567
50.69, 4566
53.73, 4565
54.73, 4564
59.20, 4563
61.41, 4562
70.63, 4561
72.28, 4560
105.81, 4559
117.80, 4558
119.17, 4557
127.13, 4556
130.39, 4555
130.67, 4554
130.72, 4553
130.90, 4552
142.40, 4551
144.52, 4550
151.03, 4549
219.24, 4548
295.65, 4547
302.22, 4546
307.65, 4545
310.49, 4544
356.85, 4543
