6.53, 7374
6.56, 7373
6.57, 7372
6.59, 7371
6.60, 7370
6.61, 7369
6.63, 7368
6.64, 7367
6.66, 7366
6.67, 7365
6.69, 7364
6.70, 7363
6.72, 7362
6.73, 7361
6.75, 7360
6.77, 7359
6.79, 7358
6.80, 7357
6.82, 7356
6.83, 7355
6.86, 7354
6.88, 7353
6.91, 7352
6.93, 7351
6.94, 7350
6.96, 7349
6.97, 7348
6.99, 7347
7.00, 7346
10.52, 7345
15.36, 7344
16.17, 7343
16.26, 7342
17.95, 7341
27.60, 7340
29.90, 7339
32.17, 7338
32.22, 7337
32.32, 7336
32.37, 7335
32.48, 7334
32.52, 7333
32.64, 7332
32.68, 7331
32.70, 7330
32.94, 7329
33.00, 7328
33.10, 7327
33.14, 7326
33.26, 7325
33.32, 7324
33.69, 7323
33.75, 7322
33.91, 7321
33.97, 7320
34.08, 7319
34.13, 7318
34.26, 7317
34.34, 7316
34.36, 7315
34.52, 7314
34.68, 7313
34.72, 7312
34.83, 7311
34.89, 7310
34.99, 7309
35.03, 7308
35.05, 7307
35.06, 7306
35.08, 7305
35.22, 7304
35.27, 7303
35.39, 7302
35.44, 7301
35.45, 7300
35.60, 7299
35.64, 7298
35.85, 7297
35.96, 7296
36.01, 7295
36.11, 7294
36.15, 7293
36.16, 7292
36.17, 7291
36.38, 7290
36.61, 7289
36.65, 7288
36.75, 7287
36.90, 7286
36.91, 7285
36.99, 7284
37.01, 7283
37.17, 7282
37.25, 7281
37.37, 7280
37.44, 7279
37.56, 7278
37.63, 7277
37.78, 7276
37.83, 7275
37.85, 7274
37.87, 7273
37.90, 7272
37.91, 7271
38.05, 7270
38.11, 7269
38.27, 7268
38.35, 7267
38.47, 7266
38.52, 7265
38.62, 7264
38.66, 7263
38.67, 7262
38.78, 7261
38.82, 7260
38.92, 7259
38.96, 7258
39.09, 7257
39.14, 7256
39.25, 7255
39.30, 7254
39.31, 7253
39.33, 7252
39.47, 7251
39.52, 7250
39.69, 7249
39.77, 7248
39.88, 7247
39.92, 7246
40.03, 7245
40.07, 7244
40.10, 7243
40.22, 7242
40.26, 7241
40.40, 7240
40.45, 7239
40.55, 7238
40.59, 7237
40.69, 7236
40.73, 7235
40.75, 7234
40.76, 7233
40.78, 7232
40.95, 7231
40.99, 7230
41.12, 7229
41.17, 7228
41.28, 7227
41.33, 7226
41.43, 7225
41.49, 7224
41.51, 7223
41.76, 7222
41.92, 7221
41.98, 7220
42.11, 7219
42.19, 7218
42.33, 7217
42.35, 7216
42.37, 7215
42.47, 7214
42.61, 7213
42.65, 7212
42.80, 7211
42.86, 7210
43.01, 7209
43.09, 7208
43.22, 7207
43.26, 7206
43.28, 7205
43.41, 7204
43.46, 7203
43.57, 7202
43.61, 7201
43.73, 7200
43.77, 7199
43.89, 7198
43.96, 7197
43.98, 7196
44.00, 7195
44.01, 7194
44.03, 7193
44.17, 7192
44.21, 7191
44.44, 7190
44.50, 7189
44.61, 7188
44.78, 7187
44.86, 7186
44.87, 7185
44.97, 7184
45.03, 7183
45.14, 7182
45.18, 7181
45.28, 7180
45.36, 7179
45.59, 7178
45.60, 7177
45.62, 7176
45.70, 7175
45.80, 7174
46.04, 7173
46.08, 7172
46.15, 7171
46.19, 7170
46.24, 7169
46.37, 7168
46.42, 7167
46.43, 7166
46.53, 7165
46.57, 7164
46.74, 7163
46.79, 7162
46.90, 7161
47.01, 7160
47.05, 7159
47.08, 7158
47.10, 7157
47.43, 7156
47.47, 7155
47.57, 7154
47.61, 7153
47.63, 7152
47.73, 7151
47.80, 7150
47.91, 7149
47.96, 7148
48.06, 7147
48.10, 7146
48.20, 7145
48.24, 7144
48.25, 7143
48.27, 7142
48.42, 7141
48.48, 7140
48.58, 7139
48.64, 7138
48.75, 7137
48.82, 7136
48.94, 7135
48.99, 7134
49.01, 7133
49.14, 7132
49.19, 7131
49.30, 7130
49.35, 7129
49.46, 7128
49.52, 7127
49.68, 7126
49.76, 7125
49.78, 7124
49.79, 7123
49.81, 7122
49.83, 7121
50.02, 7120
50.06, 7119
50.19, 7118
50.27, 7117
50.43, 7116
50.49, 7115
50.59, 7114
50.63, 7113
50.64, 7112
50.75, 7111
50.79, 7110
50.92, 7109
51.05, 7108
51.10, 7107
51.19, 7106
51.24, 7105
51.25, 7104
51.26, 7103
51.44, 7102
51.50, 7101
51.65, 7100
51.69, 7099
51.79, 7098
51.84, 7097
51.99, 7096
52.03, 7095
52.05, 7094
52.19, 7093
52.25, 7092
52.36, 7091
52.40, 7090
52.52, 7089
52.57, 7088
52.67, 7087
52.72, 7086
52.75, 7085
52.77, 7084
52.80, 7083
53.00, 7082
53.04, 7081
53.15, 7080
53.19, 7079
53.49, 7078
53.64, 7077
53.70, 7076
53.72, 7075
53.85, 7074
53.90, 7073
54.02, 7072
54.07, 7071
54.16, 7070
54.21, 7069
54.33, 7068
54.40, 7067
54.42, 7066
54.44, 7065
54.59, 7064
54.63, 7063
54.77, 7062
54.82, 7061
54.97, 7060
55.03, 7059
55.13, 7058
55.20, 7057
55.22, 7056
55.38, 7055
55.44, 7054
55.55, 7053
55.59, 7052
55.72, 7051
55.76, 7050
55.87, 7049
55.91, 7048
55.92, 7047
55.94, 7046
55.95, 7045
55.97, 7044
55.98, 7043
56.00, 7042
56.01, 7041
56.03, 7040
56.05, 7039
56.06, 7038
56.08, 7037
56.09, 7036
56.11, 7035
56.13, 7034
56.16, 7033
60.25, 7032
62.85, 7031
62.94, 7030
62.97, 7029
63.13, 7028
63.18, 7027
63.51, 7026
63.53, 7025
63.76, 7024
63.96, 7023
64.06, 7022
64.09, 7021
64.17, 7020
64.70, 7019
65.63, 7018
65.76, 7017
66.15, 7016
66.93, 7015
68.25, 7014
69.18, 7013
69.28, 7012
69.44, 7011
69.62, 7010
73.23, 7009
73.66, 7008
74.37, 7007
74.88, 7006
77.05, 7005
77.08, 7004
77.39, 7003
77.54, 7002
77.64, 7001
77.80, 7000
77.97, 6999
77.99, 6998
78.23, 6997
78.25, 6996
78.43, 6995
78.52, 6994
78.53, 6993
78.92, 6992
79.41, 6991
79.84, 6990
79.97, 6989
79.99, 6988
80.72, 6987
80.87, 6986
81.36, 6985
81.93, 6984
81.95, 6983
82.08, 6982
82.52, 6981
82.59, 6980
82.66, 6979
83.23, 6978
83.26, 6977
83.38, 6976
83.43, 6975
83.52, 6974
83.55, 6973
84.14, 6972
84.58, 6971
84.70, 6970
84.99, 6969
85.98, 6968
87.19, 6967
87.24, 6966
90.20, 6965
90.51, 6964
91.51, 6963
92.08, 6962
93.66, 6961
97.26, 6960
99.43, 6959
101.69, 6958
102.70, 6957
102.80, 6956
103.92, 6955
104.97, 6954
106.29, 6953
107.21, 6952
108.81, 6951
128.84, 6950
128.99, 6949
129.12, 6948
129.39, 6947
129.50, 6946
129.60, 6945
130.75, 6944
132.98, 6943
134.67, 6942
136.26, 6941
136.65, 6940
138.26, 6939
138.53, 6938
139.01, 6937
145.77, 6936
154.43, 6935
156.84, 6934
156.87, 6933
156.99, 6932
158.36, 6931
158.92, 6930
159.60, 6929
201.46, 6928
201.51, 6927
201.61, 6926
209.79, 6925
213.10, 6924
221.50, 6923
222.05, 6922
222.20, 6921
229.13, 6920
229.74, 6919
261.38, 6918
268.02, 6917
274.42, 6916
278.02, 6915
282.57, 6914
285.17, 6913
312.94, 6912
352.15, 6911
551.83, 6910
