6.23, 4697
6.28, 4696
6.30, 4695
6.32, 4694
6.34, 4693
6.37, 4692
6.39, 4691
6.41, 4690
6.44, 4689
6.46, 4688
6.48, 4687
6.51, 4686
6.53, 4685
6.55, 4684
6.59, 4683
6.61, 4682
6.64, 4681
6.66, 4680
6.68, 4679
6.71, 4678
6.73, 4677
6.75, 4676
6.78, 4675
6.80, 4674
6.83, 4673
6.87, 4672
6.91, 4671
6.94, 4670
6.97, 4669
7.01, 4668
7.05, 4667
7.09, 4666
7.13, 4665
7.16, 4664
7.18, 4663
7.21, 4662
7.23, 4661
7.25, 4660
7.27, 4659
7.30, 4658
7.32, 4657
7.34, 4656
7.37, 4655
7.39, 4654
7.41, 4653
7.57, 4652
7.68, 4651
8.07, 4650
8.30, 4649
8.96, 4648
9.23, 4647
9.61, 4646
9.83, 4645
10.01, 4644
10.43, 4643
10.82, 4642
11.21, 4641
11.54, 4640
11.57, 4639
11.60, 4638
11.70, 4637
12.98, 4636
13.01, 4635
13.18, 4634
13.33, 4633
14.14, 4632
14.77, 4631
15.59, 4630
15.67, 4629
16.54, 4628
17.04, 4627
17.42, 4626
17.79, 4625
18.59, 4624
18.78, 4623
19.35, 4622
20.10, 4621
20.12, 4620
20.26, 4619
20.36, 4618
20.85, 4617
21.12, 4616
21.54, 4615
21.68, 4614
22.17, 4613
22.70, 4612
23.63, 4611
24.05, 4610
24.43, 4609
24.64, 4608
24.89, 4607
25.21, 4606
26.08, 4605
26.42, 4604
27.54, 4603
27.62, 4602
29.14, 4601
29.57, 4600
30.64, 4599
30.66, 4598
30.81, 4597
31.64, 4596
31.96, 4595
35.15, 4594
35.38, 4593
35.61, 4592
35.77, 4591
37.57, 4590
39.32, 4589
39.85, 4588
40.23, 4587
41.35, 4586
41.56, 4585
41.82, 4584
42.12, 4583
42.59, 4582
43.27, 4581
43.99, 4580
45.27, 4579
45.72, 4578
45.88, 4577
47.29, 4576
47.41, 4575
49.25, 4574
50.37, 4573
51.19, 4572
51.50, 4571
52.43, 4570
52.61, 4569
52.96, 4568
54.08, 4567
54.57, 4566
54.78, 4565
55.32, 4564
55.63, 4563
59.08, 4562
65.83, 4561
69.89, 4560
77.44, 4559
104.69, 4558
108.75, 4557
123.02, 4556
130.01, 4555
132.21, 4554
205.27, 4553
206.36, 4552
215.18, 4551
229.24, 4550
232.32, 4549
233.52, 4548
241.33, 4547
300.65, 4546
320.32, 4545
406.55, 4544
