6.33, 4697
6.38, 4696
6.41, 4695
6.43, 4694
6.46, 4693
6.48, 4692
6.50, 4691
6.53, 4690
6.56, 4689
6.59, 4688
6.61, 4687
6.75, 4686
6.78, 4685
6.80, 4684
6.83, 4683
6.86, 4682
6.88, 4681
6.91, 4680
6.93, 4679
6.95, 4678
6.98, 4677
7.00, 4676
7.03, 4675
7.06, 4674
7.08, 4673
7.11, 4672
7.13, 4671
7.15, 4670
7.18, 4669
7.20, 4668
7.23, 4667
7.25, 4666
7.28, 4665
7.30, 4664
7.33, 4663
7.35, 4662
7.38, 4661
7.40, 4660
7.43, 4659
7.45, 4658
7.49, 4657
7.51, 4656
7.53, 4655
7.56, 4654
7.58, 4653
7.72, 4652
7.85, 4651
8.26, 4650
8.45, 4649
8.96, 4648
9.13, 4647
9.37, 4646
9.77, 4645
9.80, 4644
10.26, 4643
10.73, 4642
10.99, 4641
11.22, 4640
11.24, 4639
11.26, 4638
11.41, 4637
12.10, 4636
12.18, 4635
12.25, 4634
12.40, 4633
13.07, 4632
13.56, 4631
14.27, 4630
14.34, 4629
15.31, 4628
16.07, 4627
16.15, 4626
16.96, 4625
17.06, 4624
17.54, 4623
18.08, 4622
18.28, 4621
18.36, 4620
18.39, 4619
18.88, 4618
19.32, 4617
19.63, 4616
19.70, 4615
20.03, 4614
20.49, 4613
21.52, 4612
21.83, 4611
22.07, 4610
22.30, 4609
22.52, 4608
23.04, 4607
23.76, 4606
24.15, 4605
25.04, 4604
25.06, 4603
26.57, 4602
26.73, 4601
27.50, 4600
27.53, 4599
27.79, 4598
28.33, 4597
28.73, 4596
29.34, 4595
31.65, 4594
32.04, 4593
32.06, 4592
32.19, 4591
32.35, 4590
32.45, 4589
33.47, 4588
35.69, 4587
35.99, 4586
36.56, 4585
37.19, 4584
37.22, 4583
37.37, 4582
37.55, 4581
37.95, 4580
38.84, 4579
40.04, 4578
40.87, 4577
40.99, 4576
42.41, 4575
44.07, 4574
45.23, 4573
46.56, 4572
47.49, 4571
47.98, 4570
48.37, 4569
49.13, 4568
56.67, 4567
56.77, 4566
67.63, 4565
69.36, 4564
95.88, 4563
96.14, 4562
98.03, 4561
100.39, 4560
104.83, 4559
108.09, 4558
110.55, 4557
110.89, 4556
110.91, 4555
117.71, 4554
117.78, 4553
119.51, 4552
127.49, 4551
128.48, 4550
130.43, 4549
193.38, 4548
200.33, 4547
212.17, 4546
273.90, 4545
289.13, 4544
