6.29, 7374
6.32, 7373
6.33, 7372
6.35, 7371
6.37, 7370
6.38, 7369
6.40, 7368
6.41, 7367
6.43, 7366
6.44, 7365
6.46, 7364
6.47, 7363
6.49, 7362
6.50, 7361
6.51, 7360
6.53, 7359
6.54, 7358
6.56, 7357
6.57, 7356
6.58, 7355
6.60, 7354
6.61, 7353
6.62, 7352
6.64, 7351
6.66, 7350
6.67, 7349
6.68, 7348
6.70, 7347
6.71, 7346
10.45, 7345
15.43, 7344
16.16, 7343
16.22, 7342
18.05, 7341
27.62, 7340
29.78, 7339
32.21, 7338
32.28, 7337
32.39, 7336
32.44, 7335
32.54, 7334
32.58, 7333
32.68, 7332
32.72, 7331
32.73, 7330
32.94, 7329
32.99, 7328
33.12, 7327
33.17, 7326
33.32, 7325
33.35, 7324
33.58, 7323
33.65, 7322
33.76, 7321
33.81, 7320
33.91, 7319
33.96, 7318
34.07, 7317
34.11, 7316
34.12, 7315
34.23, 7314
34.38, 7313
34.43, 7312
34.53, 7311
34.60, 7310
34.72, 7309
34.80, 7308
34.82, 7307
34.83, 7306
34.85, 7305
35.08, 7304
35.12, 7303
35.23, 7302
35.27, 7301
35.28, 7300
35.41, 7299
35.45, 7298
35.60, 7297
35.70, 7296
35.74, 7295
35.84, 7294
35.90, 7293
35.92, 7292
35.94, 7291
36.17, 7290
36.28, 7289
36.32, 7288
36.42, 7287
36.49, 7286
36.58, 7285
36.63, 7284
36.65, 7283
36.77, 7282
36.85, 7281
36.97, 7280
37.02, 7279
37.13, 7278
37.18, 7277
37.28, 7276
37.33, 7275
37.35, 7274
37.37, 7273
37.38, 7272
37.41, 7271
37.60, 7270
37.65, 7269
37.75, 7268
37.79, 7267
37.89, 7266
37.94, 7265
38.05, 7264
38.12, 7263
38.13, 7262
38.24, 7261
38.29, 7260
38.43, 7259
38.47, 7258
38.57, 7257
38.63, 7256
38.73, 7255
38.78, 7254
38.80, 7253
38.81, 7252
38.96, 7251
39.01, 7250
39.13, 7249
39.18, 7248
39.28, 7247
39.33, 7246
39.43, 7245
39.47, 7244
39.48, 7243
39.58, 7242
39.64, 7241
39.74, 7240
39.78, 7239
39.88, 7238
39.93, 7237
40.09, 7236
40.14, 7235
40.15, 7234
40.17, 7233
40.18, 7232
40.41, 7231
40.46, 7230
40.61, 7229
40.66, 7228
40.77, 7227
40.84, 7226
40.98, 7225
41.02, 7224
41.04, 7223
41.28, 7222
41.39, 7221
41.43, 7220
41.53, 7219
41.60, 7218
41.79, 7217
41.81, 7216
41.83, 7215
41.96, 7214
42.05, 7213
42.09, 7212
42.22, 7211
42.27, 7210
42.38, 7209
42.42, 7208
42.52, 7207
42.56, 7206
42.57, 7205
42.67, 7204
42.71, 7203
42.82, 7202
42.86, 7201
42.98, 7200
43.03, 7199
43.14, 7198
43.20, 7197
43.21, 7196
43.22, 7195
43.24, 7194
43.25, 7193
43.51, 7192
43.56, 7191
43.74, 7190
43.84, 7189
43.90, 7188
44.00, 7187
44.06, 7186
44.08, 7185
44.22, 7184
44.26, 7183
44.38, 7182
44.45, 7181
44.56, 7180
44.61, 7179
44.73, 7178
44.77, 7177
44.78, 7176
44.80, 7175
44.97, 7174
45.14, 7173
45.19, 7172
45.26, 7171
45.32, 7170
45.36, 7169
45.49, 7168
45.57, 7167
45.59, 7166
45.68, 7165
45.73, 7164
45.86, 7163
45.91, 7162
46.04, 7161
46.18, 7160
46.23, 7159
46.26, 7158
46.27, 7157
46.52, 7156
46.57, 7155
46.73, 7154
46.78, 7153
46.80, 7152
46.94, 7151
46.99, 7150
47.10, 7149
47.14, 7148
47.25, 7147
47.30, 7146
47.41, 7145
47.45, 7144
47.46, 7143
47.48, 7142
47.62, 7141
47.66, 7140
47.76, 7139
47.82, 7138
47.96, 7137
48.00, 7136
48.13, 7135
48.17, 7134
48.18, 7133
48.36, 7132
48.40, 7131
48.53, 7130
48.57, 7129
48.67, 7128
48.72, 7127
48.82, 7126
48.86, 7125
48.87, 7124
48.88, 7123
48.90, 7122
48.91, 7121
49.06, 7120
49.12, 7119
49.22, 7118
49.27, 7117
49.37, 7116
49.41, 7115
49.51, 7114
49.56, 7113
49.57, 7112
49.68, 7111
49.72, 7110
49.86, 7109
50.02, 7108
50.07, 7107
50.21, 7106
50.29, 7105
50.30, 7104
50.32, 7103
50.48, 7102
50.56, 7101
50.69, 7100
50.73, 7099
50.89, 7098
50.97, 7097
51.13, 7096
51.18, 7095
51.19, 7094
51.29, 7093
51.34, 7092
51.45, 7091
51.49, 7090
51.59, 7089
51.66, 7088
51.83, 7087
51.91, 7086
51.92, 7085
51.93, 7084
51.95, 7083
52.13, 7082
52.17, 7081
52.28, 7080
52.32, 7079
52.55, 7078
52.68, 7077
52.75, 7076
52.77, 7075
52.88, 7074
52.92, 7073
53.03, 7072
53.07, 7071
53.17, 7070
53.22, 7069
53.36, 7068
53.40, 7067
53.43, 7066
53.45, 7065
53.69, 7064
53.73, 7063
53.83, 7062
53.88, 7061
53.98, 7060
54.02, 7059
54.12, 7058
54.18, 7057
54.19, 7056
54.32, 7055
54.37, 7054
54.47, 7053
54.51, 7052
54.61, 7051
54.66, 7050
54.77, 7049
54.84, 7048
54.85, 7047
54.87, 7046
54.88, 7045
54.90, 7044
54.92, 7043
54.93, 7042
54.96, 7041
54.98, 7040
55.00, 7039
55.01, 7038
55.04, 7037
55.06, 7036
55.08, 7035
55.09, 7034
55.11, 7033
61.90, 7032
61.92, 7031
62.15, 7030
62.19, 7029
62.32, 7028
62.68, 7027
62.97, 7026
63.07, 7025
63.26, 7024
63.36, 7023
63.38, 7022
63.44, 7021
63.66, 7020
64.37, 7019
64.43, 7018
64.51, 7017
64.52, 7016
65.23, 7015
65.35, 7014
65.46, 7013
65.69, 7012
65.85, 7011
65.92, 7010
66.59, 7009
66.63, 7008
66.69, 7007
66.70, 7006
67.03, 7005
68.45, 7004
69.33, 7003
69.56, 7002
72.04, 7001
73.61, 7000
74.16, 6999
74.76, 6998
75.05, 6997
75.55, 6996
77.21, 6995
78.08, 6994
78.21, 6993
78.40, 6992
78.64, 6991
78.77, 6990
78.94, 6989
78.95, 6988
79.06, 6987
79.07, 6986
79.49, 6985
79.57, 6984
79.67, 6983
79.70, 6982
80.01, 6981
80.72, 6980
80.83, 6979
80.84, 6978
81.07, 6977
81.12, 6976
81.20, 6975
81.22, 6974
81.23, 6973
81.62, 6972
82.28, 6971
83.37, 6970
83.39, 6969
83.61, 6968
84.24, 6967
84.30, 6966
84.87, 6965
85.01, 6964
85.43, 6963
85.81, 6962
85.89, 6961
87.44, 6960
87.51, 6959
88.36, 6958
89.06, 6957
92.03, 6956
93.57, 6955
94.11, 6954
95.48, 6953
96.92, 6952
98.82, 6951
100.00, 6950
101.42, 6949
103.81, 6948
106.37, 6947
110.02, 6946
114.63, 6945
131.68, 6944
132.66, 6943
136.19, 6942
137.56, 6941
137.96, 6940
138.49, 6939
139.50, 6938
139.55, 6937
139.57, 6936
140.67, 6935
141.71, 6934
141.73, 6933
142.16, 6932
201.56, 6931
217.15, 6930
217.27, 6929
266.11, 6928
267.72, 6927
267.80, 6926
276.00, 6925
304.63, 6924
305.11, 6923
305.19, 6922
359.12, 6921
377.90, 6920
419.28, 6919
