1.37, 2277
1.37, 2276
1.37, 2275
1.38, 2274
1.38, 2273
1.38, 2272
1.39, 2271
1.39, 2270
1.39, 2269
1.39, 2268
1.40, 2267
1.40, 2266
1.40, 2265
1.41, 2264
1.41, 2263
1.41, 2262
1.42, 2261
1.42, 2260
1.42, 2259
1.42, 2258
1.49, 2257
1.50, 2256
1.77, 2255
1.92, 2254
2.01, 2253
2.16, 2252
2.39, 2251
2.46, 2250
2.48, 2249
2.52, 2248
2.70, 2247
2.76, 2246
2.85, 2245
2.93, 2244
2.96, 2243
3.00, 2242
3.42, 2241
3.48, 2240
3.58, 2239
3.64, 2238
3.66, 2237
3.74, 2236
3.76, 2235
4.03, 2234
4.33, 2233
4.35, 2232
4.39, 2231
4.45, 2230
4.87, 2229
4.89, 2228
5.84, 2227
6.45, 2226
6.53, 2225
6.75, 2224
7.50, 2223
7.63, 2222
7.65, 2221
8.16, 2220
10.56, 2219
10.57, 2218
10.58, 2217
10.76, 2216
10.88, 2215
11.04, 2214
11.08, 2213
11.08, 2212
11.27, 2211
13.87, 2210
17.46, 2209
23.38, 2208
23.65, 2207
23.87, 2206
26.66, 2205
47.56, 2204
103.42, 2203
