1.37, 2277
1.38, 2276
1.38, 2275
1.38, 2274
1.39, 2273
1.39, 2272
1.39, 2271
1.39, 2270
1.40, 2269
1.40, 2268
1.40, 2267
1.41, 2266
1.41, 2265
1.41, 2264
1.42, 2263
1.42, 2262
1.42, 2261
1.42, 2260
1.43, 2259
1.43, 2258
1.48, 2257
1.49, 2256
1.71, 2255
1.79, 2254
1.93, 2253
2.03, 2252
2.21, 2251
2.25, 2250
2.28, 2249
2.32, 2248
2.41, 2247
2.46, 2246
2.51, 2245
2.54, 2244
2.55, 2243
2.61, 2242
2.96, 2241
3.01, 2240
3.04, 2239
3.09, 2238
3.13, 2237
3.31, 2236
3.32, 2235
3.70, 2234
3.80, 2233
3.81, 2232
3.86, 2231
3.93, 2230
4.17, 2229
4.20, 2228
4.23, 2227
5.08, 2226
5.21, 2225
5.55, 2224
5.64, 2223
5.76, 2222
6.35, 2221
6.47, 2220
6.48, 2219
6.85, 2218
7.00, 2217
7.01, 2216
7.02, 2215
8.56, 2214
8.57, 2213
9.26, 2212
9.36, 2211
9.49, 2210
9.56, 2209
9.56, 2208
9.74, 2207
25.52, 2206
26.33, 2205
37.17, 2204
90.33, 2203
