1.34, 2277
1.35, 2276
1.35, 2275
1.35, 2274
1.35, 2273
1.36, 2272
1.36, 2271
1.36, 2270
1.36, 2269
1.37, 2268
1.37, 2267
1.37, 2266
1.38, 2265
1.38, 2264
1.38, 2263
1.39, 2262
1.39, 2261
1.40, 2260
1.40, 2259
1.40, 2258
1.47, 2257
1.48, 2256
1.74, 2255
1.90, 2254
1.99, 2253
2.14, 2252
2.47, 2251
2.52, 2250
2.57, 2249
2.61, 2248
2.64, 2247
2.68, 2246
2.73, 2245
2.79, 2244
2.88, 2243
2.88, 2242
2.97, 2241
3.51, 2240
3.55, 2239
3.58, 2238
3.63, 2237
3.66, 2236
3.74, 2235
3.79, 2234
3.86, 2233
4.35, 2232
4.41, 2231
4.42, 2230
4.46, 2229
4.51, 2228
4.75, 2227
4.80, 2226
6.04, 2225
6.11, 2224
6.21, 2223
6.95, 2222
7.29, 2221
7.37, 2220
7.68, 2219
8.03, 2218
8.03, 2217
8.05, 2216
8.20, 2215
10.70, 2214
10.85, 2213
10.93, 2212
10.94, 2211
11.22, 2210
11.50, 2209
21.25, 2208
23.22, 2207
33.00, 2206
33.17, 2205
42.66, 2204
117.67, 2203
