1.31, 2277
1.32, 2276
1.32, 2275
1.32, 2274
1.32, 2273
1.33, 2272
1.33, 2271
1.33, 2270
1.33, 2269
1.34, 2268
1.34, 2267
1.34, 2266
1.34, 2265
1.35, 2264
1.35, 2263
1.35, 2262
1.35, 2261
1.36, 2260
1.36, 2259
1.36, 2258
1.41, 2257
1.41, 2256
1.61, 2255
1.74, 2254
1.83, 2253
1.93, 2252
2.06, 2251
2.14, 2250
2.16, 2249
2.21, 2248
2.24, 2247
2.28, 2246
2.31, 2245
2.40, 2244
2.45, 2243
2.49, 2242
2.57, 2241
2.85, 2240
2.89, 2239
2.95, 2238
3.03, 2237
3.05, 2236
3.16, 2235
3.21, 2234
3.45, 2233
3.79, 2232
3.81, 2231
3.84, 2230
4.20, 2229
4.33, 2228
4.61, 2227
5.61, 2226
6.08, 2225
6.27, 2224
6.86, 2223
7.13, 2222
7.20, 2221
7.38, 2220
7.59, 2219
7.60, 2218
7.62, 2217
9.21, 2216
9.64, 2215
9.84, 2214
9.94, 2213
10.01, 2212
10.01, 2211
10.12, 2210
10.43, 2209
21.97, 2208
26.95, 2207
27.28, 2206
31.51, 2205
47.41, 2204
68.89, 2203
