6.36, 4697
6.40, 4696
6.42, 4695
6.45, 4694
6.48, 4693
6.50, 4692
6.54, 4691
6.56, 4690
6.58, 4689
6.62, 4688
6.66, 4687
6.68, 4686
6.71, 4685
6.73, 4684
6.75, 4683
6.78, 4682
6.81, 4681
6.84, 4680
6.87, 4679
6.90, 4678
6.92, 4677
6.95, 4676
6.98, 4675
7.00, 4674
7.02, 4673
7.05, 4672
7.07, 4671
7.09, 4670
7.12, 4669
7.14, 4668
7.16, 4667
7.19, 4666
7.21, 4665
7.23, 4664
7.26, 4663
7.28, 4662
7.30, 4661
7.33, 4660
7.35, 4659
7.37, 4658
7.41, 4657
7.44, 4656
7.46, 4655
7.48, 4654
7.50, 4653
7.61, 4652
7.87, 4651
8.29, 4650
8.43, 4649
8.84, 4648
9.21, 4647
9.30, 4646
9.63, 4645
9.78, 4644
10.22, 4643
10.59, 4642
10.94, 4641
11.20, 4640
11.22, 4639
11.24, 4638
11.31, 4637
12.17, 4636
12.20, 4635
12.34, 4634
12.56, 4633
13.37, 4632
13.93, 4631
14.80, 4630
14.88, 4629
15.87, 4628
16.59, 4627
16.61, 4626
17.43, 4625
17.69, 4624
18.14, 4623
18.79, 4622
18.92, 4621
18.94, 4620
19.01, 4619
19.41, 4618
19.78, 4617
19.94, 4616
20.06, 4615
20.31, 4614
20.75, 4613
21.92, 4612
22.20, 4611
22.46, 4610
22.70, 4609
23.00, 4608
23.03, 4607
23.40, 4606
24.21, 4605
24.50, 4604
25.60, 4603
25.63, 4602
27.09, 4601
27.24, 4600
28.01, 4599
28.04, 4598
28.31, 4597
28.97, 4596
29.04, 4595
29.88, 4594
32.04, 4593
32.45, 4592
32.57, 4591
34.28, 4590
36.41, 4589
37.09, 4588
37.18, 4587
37.67, 4586
38.03, 4585
38.13, 4584
38.45, 4583
38.82, 4582
38.84, 4581
39.45, 4580
40.06, 4579
42.15, 4578
42.22, 4577
44.03, 4576
44.24, 4575
44.92, 4574
46.31, 4573
46.79, 4572
47.31, 4571
47.61, 4570
49.01, 4569
49.54, 4568
50.03, 4567
50.18, 4566
53.34, 4565
54.19, 4564
58.87, 4563
60.93, 4562
69.85, 4561
71.62, 4560
104.81, 4559
116.92, 4558
118.33, 4557
126.64, 4556
129.90, 4555
130.19, 4554
130.25, 4553
130.38, 4552
141.93, 4551
143.88, 4550
150.01, 4549
218.59, 4548
299.91, 4547
306.32, 4546
312.05, 4545
315.19, 4544
361.00, 4543
