5.66, 7374
5.69, 7373
5.71, 7372
5.72, 7371
5.74, 7370
5.75, 7369
5.77, 7368
5.78, 7367
5.80, 7366
5.81, 7365
5.83, 7364
5.85, 7363
5.86, 7362
5.88, 7361
5.89, 7360
5.92, 7359
5.95, 7358
5.96, 7357
5.98, 7356
6.01, 7355
6.03, 7354
6.06, 7353
6.08, 7352
6.11, 7351
6.14, 7350
6.17, 7349
6.19, 7348
6.22, 7347
6.25, 7346
10.22, 7345
14.63, 7344
15.23, 7343
15.29, 7342
16.97, 7341
25.56, 7340
27.73, 7339
30.16, 7338
30.23, 7337
30.35, 7336
30.39, 7335
30.55, 7334
30.62, 7333
30.73, 7332
30.77, 7331
30.79, 7330
31.05, 7329
31.10, 7328
31.21, 7327
31.26, 7326
31.41, 7325
31.45, 7324
31.69, 7323
31.73, 7322
31.84, 7321
31.96, 7320
32.03, 7319
32.08, 7318
32.21, 7317
32.29, 7316
32.30, 7315
32.41, 7314
32.55, 7313
32.61, 7312
32.75, 7311
32.82, 7310
33.00, 7309
33.04, 7308
33.06, 7307
33.07, 7306
33.08, 7305
33.26, 7304
33.30, 7303
33.41, 7302
33.46, 7301
33.47, 7300
33.57, 7299
33.61, 7298
33.76, 7297
33.86, 7296
33.92, 7295
34.03, 7294
34.07, 7293
34.08, 7292
34.10, 7291
34.31, 7290
34.41, 7289
34.45, 7288
34.60, 7287
34.69, 7286
34.78, 7285
34.82, 7284
34.83, 7283
34.98, 7282
35.03, 7281
35.14, 7280
35.19, 7279
35.30, 7278
35.37, 7277
35.47, 7276
35.51, 7275
35.53, 7274
35.54, 7273
35.55, 7272
35.58, 7271
35.77, 7270
35.83, 7269
35.95, 7268
35.99, 7267
36.10, 7266
36.14, 7265
36.25, 7264
36.29, 7263
36.30, 7262
36.41, 7261
36.46, 7260
36.57, 7259
36.62, 7258
36.75, 7257
36.79, 7256
36.92, 7255
36.96, 7254
36.97, 7253
36.99, 7252
37.13, 7251
37.17, 7250
37.27, 7249
37.32, 7248
37.49, 7247
37.54, 7246
37.64, 7245
37.69, 7244
37.70, 7243
37.83, 7242
37.90, 7241
38.02, 7240
38.07, 7239
38.19, 7238
38.23, 7237
38.33, 7236
38.38, 7235
38.39, 7234
38.41, 7233
38.42, 7232
38.62, 7231
38.66, 7230
38.76, 7229
38.81, 7228
38.91, 7227
38.96, 7226
39.07, 7225
39.11, 7224
39.12, 7223
39.26, 7222
39.43, 7221
39.49, 7220
39.65, 7219
39.72, 7218
39.90, 7217
39.91, 7216
39.92, 7215
40.04, 7214
40.11, 7213
40.17, 7212
40.27, 7211
40.32, 7210
40.44, 7209
40.49, 7208
40.59, 7207
40.64, 7206
40.65, 7205
40.80, 7204
40.87, 7203
41.01, 7202
41.05, 7201
41.15, 7200
41.20, 7199
41.30, 7198
41.37, 7197
41.40, 7196
41.42, 7195
41.43, 7194
41.45, 7193
41.59, 7192
41.64, 7191
41.86, 7190
41.88, 7189
41.98, 7188
42.15, 7187
42.23, 7186
42.25, 7185
42.38, 7184
42.42, 7183
42.56, 7182
42.63, 7181
42.74, 7180
42.81, 7179
42.94, 7178
42.99, 7177
43.00, 7176
43.02, 7175
43.16, 7174
43.36, 7173
43.40, 7172
43.49, 7171
43.52, 7170
43.56, 7169
43.69, 7168
43.73, 7167
43.75, 7166
43.85, 7165
43.90, 7164
44.00, 7163
44.05, 7162
44.15, 7161
44.27, 7160
44.31, 7159
44.34, 7158
44.36, 7157
44.56, 7156
44.61, 7155
44.71, 7154
44.75, 7153
44.77, 7152
44.87, 7151
44.91, 7150
45.01, 7149
45.06, 7148
45.18, 7147
45.25, 7146
45.41, 7145
45.46, 7144
45.48, 7143
45.49, 7142
45.63, 7141
45.68, 7140
45.78, 7139
45.82, 7138
45.93, 7137
46.04, 7136
46.16, 7135
46.21, 7134
46.22, 7133
46.33, 7132
46.37, 7131
46.48, 7130
46.54, 7129
46.65, 7128
46.69, 7127
46.79, 7126
46.83, 7125
46.84, 7124
46.85, 7123
46.87, 7122
46.88, 7121
47.02, 7120
47.07, 7119
47.17, 7118
47.21, 7117
47.33, 7116
47.38, 7115
47.50, 7114
47.55, 7113
47.56, 7112
47.67, 7111
47.71, 7110
47.87, 7109
48.02, 7108
48.06, 7107
48.17, 7106
48.22, 7105
48.23, 7104
48.25, 7103
48.41, 7102
48.45, 7101
48.55, 7100
48.62, 7099
48.72, 7098
48.77, 7097
48.87, 7096
48.91, 7095
48.92, 7094
49.02, 7093
49.06, 7092
49.18, 7091
49.22, 7090
49.32, 7089
49.37, 7088
49.47, 7087
49.51, 7086
49.54, 7085
49.56, 7084
49.57, 7083
49.72, 7082
49.76, 7081
49.87, 7080
49.91, 7079
50.05, 7078
50.17, 7077
50.22, 7076
50.23, 7075
50.33, 7074
50.38, 7073
50.48, 7072
50.53, 7071
50.63, 7070
50.68, 7069
50.78, 7068
50.83, 7067
50.84, 7066
50.86, 7065
51.01, 7064
51.06, 7063
51.16, 7062
51.21, 7061
51.32, 7060
51.36, 7059
51.47, 7058
51.51, 7057
51.53, 7056
51.63, 7055
51.68, 7054
51.78, 7053
51.83, 7052
51.94, 7051
51.98, 7050
52.12, 7049
52.17, 7048
52.18, 7047
52.21, 7046
52.23, 7045
52.25, 7044
52.26, 7043
52.28, 7042
52.29, 7041
52.31, 7040
52.33, 7039
52.35, 7038
52.37, 7037
52.38, 7036
52.41, 7035
52.43, 7034
52.45, 7033
55.98, 7032
58.10, 7031
58.35, 7030
58.36, 7029
58.61, 7028
58.71, 7027
59.15, 7026
59.48, 7025
59.61, 7024
59.68, 7023
59.84, 7022
59.86, 7021
59.91, 7020
60.29, 7019
60.49, 7018
60.66, 7017
61.77, 7016
61.94, 7015
62.12, 7014
62.21, 7013
62.44, 7012
63.30, 7011
64.95, 7010
65.77, 7009
68.06, 7008
69.89, 7007
70.94, 7006
71.54, 7005
73.72, 7004
73.96, 7003
74.17, 7002
74.25, 7001
74.27, 7000
74.45, 6999
74.47, 6998
74.81, 6997
74.82, 6996
75.06, 6995
75.15, 6994
75.17, 6993
75.36, 6992
75.72, 6991
76.25, 6990
76.37, 6989
76.38, 6988
76.48, 6987
76.55, 6986
76.58, 6985
76.60, 6984
76.95, 6983
77.36, 6982
78.72, 6981
78.74, 6980
78.77, 6979
78.93, 6978
79.54, 6977
79.76, 6976
79.79, 6975
80.16, 6974
80.31, 6973
80.38, 6972
80.40, 6971
81.22, 6970
81.30, 6969
81.90, 6968
82.48, 6967
83.53, 6966
83.87, 6965
83.94, 6964
85.71, 6963
86.80, 6962
88.43, 6961
88.69, 6960
88.71, 6959
88.85, 6958
90.09, 6957
91.37, 6956
91.57, 6955
91.71, 6954
91.78, 6953
92.05, 6952
93.45, 6951
94.61, 6950
95.27, 6949
100.18, 6948
101.04, 6947
102.36, 6946
105.54, 6945
105.59, 6944
106.01, 6943
119.82, 6942
121.61, 6941
121.84, 6940
121.98, 6939
123.53, 6938
127.94, 6937
129.64, 6936
129.65, 6935
129.74, 6934
130.55, 6933
130.83, 6932
132.48, 6931
132.55, 6930
140.22, 6929
148.01, 6928
158.67, 6927
158.78, 6926
160.52, 6925
169.85, 6924
170.91, 6923
171.28, 6922
172.96, 6921
173.61, 6920
196.77, 6919
200.60, 6918
204.44, 6917
245.03, 6916
256.56, 6915
259.74, 6914
306.72, 6913
308.94, 6912
378.78, 6911
538.37, 6910
