6.15, 7374
6.18, 7373
6.20, 7372
6.21, 7371
6.23, 7370
6.24, 7369
6.26, 7368
6.27, 7367
6.29, 7366
6.31, 7365
6.34, 7364
6.35, 7363
6.37, 7362
6.39, 7361
6.41, 7360
6.43, 7359
6.44, 7358
6.46, 7357
6.48, 7356
6.50, 7355
6.51, 7354
6.53, 7353
6.57, 7352
6.59, 7351
6.61, 7350
6.64, 7349
6.66, 7348
6.67, 7347
6.69, 7346
10.38, 7345
15.27, 7344
16.07, 7343
16.12, 7342
17.82, 7341
27.83, 7340
29.80, 7339
32.20, 7338
32.24, 7337
32.36, 7336
32.41, 7335
32.55, 7334
32.63, 7333
32.79, 7332
32.86, 7331
32.87, 7330
33.09, 7329
33.14, 7328
33.30, 7327
33.34, 7326
33.49, 7325
33.53, 7324
33.78, 7323
33.82, 7322
33.93, 7321
33.97, 7320
34.08, 7319
34.15, 7318
34.28, 7317
34.33, 7316
34.34, 7315
34.48, 7314
34.63, 7313
34.68, 7312
34.82, 7311
34.90, 7310
35.00, 7309
35.04, 7308
35.06, 7307
35.07, 7306
35.08, 7305
35.22, 7304
35.27, 7303
35.38, 7302
35.44, 7301
35.45, 7300
35.58, 7299
35.62, 7298
35.76, 7297
35.89, 7296
35.94, 7295
36.04, 7294
36.08, 7293
36.09, 7292
36.10, 7291
36.34, 7290
36.51, 7289
36.57, 7288
36.69, 7287
36.90, 7286
36.92, 7285
36.96, 7284
36.97, 7283
37.09, 7282
37.14, 7281
37.28, 7280
37.33, 7279
37.52, 7278
37.57, 7277
37.68, 7276
37.72, 7275
37.74, 7274
37.76, 7273
37.77, 7272
37.79, 7271
37.95, 7270
38.00, 7269
38.20, 7268
38.24, 7267
38.36, 7266
38.44, 7265
38.57, 7264
38.62, 7263
38.64, 7262
38.75, 7261
38.82, 7260
38.94, 7259
39.00, 7258
39.13, 7257
39.19, 7256
39.34, 7255
39.38, 7254
39.40, 7253
39.41, 7252
39.65, 7251
39.69, 7250
39.80, 7249
39.87, 7248
40.05, 7247
40.09, 7246
40.24, 7245
40.32, 7244
40.34, 7243
40.45, 7242
40.50, 7241
40.60, 7240
40.64, 7239
40.74, 7238
40.81, 7237
40.94, 7236
40.98, 7235
41.00, 7234
41.01, 7233
41.03, 7232
41.20, 7231
41.26, 7230
41.36, 7229
41.40, 7228
41.57, 7227
41.63, 7226
41.73, 7225
41.81, 7224
41.84, 7223
42.07, 7222
42.18, 7221
42.23, 7220
42.37, 7219
42.42, 7218
42.64, 7217
42.66, 7216
42.67, 7215
42.74, 7214
42.92, 7213
42.96, 7212
43.07, 7211
43.12, 7210
43.23, 7209
43.29, 7208
43.44, 7207
43.53, 7206
43.55, 7205
43.66, 7204
43.71, 7203
43.83, 7202
43.88, 7201
44.05, 7200
44.11, 7199
44.22, 7198
44.26, 7197
44.28, 7196
44.29, 7195
44.31, 7194
44.32, 7193
44.50, 7192
44.54, 7191
44.82, 7190
44.91, 7189
45.07, 7188
45.18, 7187
45.24, 7186
45.25, 7185
45.37, 7184
45.44, 7183
45.54, 7182
45.59, 7181
45.69, 7180
45.76, 7179
45.92, 7178
45.93, 7177
45.95, 7176
46.05, 7175
46.19, 7174
46.41, 7173
46.46, 7172
46.55, 7171
46.62, 7170
46.66, 7169
46.78, 7168
46.83, 7167
46.84, 7166
46.95, 7165
47.00, 7164
47.19, 7163
47.27, 7162
47.45, 7161
47.60, 7160
47.66, 7159
47.69, 7158
47.70, 7157
47.93, 7156
47.98, 7155
48.09, 7154
48.14, 7153
48.15, 7152
48.26, 7151
48.31, 7150
48.48, 7149
48.53, 7148
48.64, 7147
48.71, 7146
48.82, 7145
48.87, 7144
48.88, 7143
48.90, 7142
49.04, 7141
49.09, 7140
49.19, 7139
49.26, 7138
49.36, 7137
49.44, 7136
49.57, 7135
49.62, 7134
49.64, 7133
49.75, 7132
49.80, 7131
49.95, 7130
49.99, 7129
50.10, 7128
50.17, 7127
50.27, 7126
50.34, 7125
50.36, 7124
50.37, 7123
50.39, 7122
50.41, 7121
50.55, 7120
50.59, 7119
50.73, 7118
50.79, 7117
50.94, 7116
50.98, 7115
51.10, 7114
51.16, 7113
51.18, 7112
51.28, 7111
51.33, 7110
51.48, 7109
51.68, 7108
51.73, 7107
51.86, 7106
51.91, 7105
51.92, 7104
51.94, 7103
52.09, 7102
52.14, 7101
52.24, 7100
52.30, 7099
52.41, 7098
52.47, 7097
52.58, 7096
52.63, 7095
52.65, 7094
52.77, 7093
52.83, 7092
52.93, 7091
53.00, 7090
53.17, 7089
53.21, 7088
53.31, 7087
53.39, 7086
53.40, 7085
53.42, 7084
53.43, 7083
53.58, 7082
53.63, 7081
53.77, 7080
53.81, 7079
54.04, 7078
54.13, 7077
54.17, 7076
54.19, 7075
54.29, 7074
54.35, 7073
54.47, 7072
54.52, 7071
54.68, 7070
54.73, 7069
54.87, 7068
54.92, 7067
54.95, 7066
54.97, 7065
55.16, 7064
55.21, 7063
55.35, 7062
55.42, 7061
55.54, 7060
55.58, 7059
55.69, 7058
55.74, 7057
55.76, 7056
55.90, 7055
55.94, 7054
56.05, 7053
56.12, 7052
56.22, 7051
56.27, 7050
56.37, 7049
56.42, 7048
56.44, 7047
56.45, 7046
56.48, 7045
56.50, 7044
56.51, 7043
56.53, 7042
56.54, 7041
56.56, 7040
56.58, 7039
56.61, 7038
56.64, 7037
56.65, 7036
56.67, 7035
56.68, 7034
56.72, 7033
61.15, 7032
64.00, 7031
64.05, 7030
64.09, 7029
64.18, 7028
64.23, 7027
64.56, 7026
64.58, 7025
64.89, 7024
65.14, 7023
65.22, 7022
65.25, 7021
65.37, 7020
65.90, 7019
66.75, 7018
66.85, 7017
67.40, 7016
68.14, 7015
69.33, 7014
70.20, 7013
70.28, 7012
70.44, 7011
70.62, 7010
74.33, 7009
74.80, 7008
75.46, 7007
75.98, 7006
78.03, 7005
78.07, 7004
78.36, 7003
78.51, 7002
78.56, 7001
78.77, 7000
78.95, 6999
78.97, 6998
79.35, 6997
79.38, 6996
79.58, 6995
79.66, 6994
79.67, 6993
80.12, 6992
80.64, 6991
81.06, 6990
81.21, 6989
81.23, 6988
82.09, 6987
82.22, 6986
82.74, 6985
83.28, 6984
83.30, 6983
83.45, 6982
83.83, 6981
83.92, 6980
84.00, 6979
84.54, 6978
84.57, 6977
84.76, 6976
84.86, 6975
84.91, 6974
84.93, 6973
85.53, 6972
86.03, 6971
86.14, 6970
86.43, 6969
87.60, 6968
88.94, 6967
89.00, 6966
92.03, 6965
92.29, 6964
93.48, 6963
94.00, 6962
95.81, 6961
99.64, 6960
101.65, 6959
103.64, 6958
104.55, 6957
104.64, 6956
105.76, 6955
106.82, 6954
108.43, 6953
109.20, 6952
110.81, 6951
131.18, 6950
131.28, 6949
131.40, 6948
131.57, 6947
131.68, 6946
131.78, 6945
132.89, 6944
135.38, 6943
137.35, 6942
138.88, 6941
139.42, 6940
140.89, 6939
141.17, 6938
141.74, 6937
148.19, 6936
157.47, 6935
160.06, 6934
160.10, 6933
160.22, 6932
161.73, 6931
162.28, 6930
163.01, 6929
205.44, 6928
205.49, 6927
205.59, 6926
213.47, 6925
216.69, 6924
225.34, 6923
225.79, 6922
225.99, 6921
232.96, 6920
233.58, 6919
265.68, 6918
272.76, 6917
279.57, 6916
283.43, 6915
288.50, 6914
290.88, 6913
320.47, 6912
362.15, 6911
580.26, 6910
