6.00, 4697
6.04, 4696
6.06, 4695
6.09, 4694
6.11, 4693
6.13, 4692
6.15, 4691
6.18, 4690
6.20, 4689
6.23, 4688
6.27, 4687
6.29, 4686
6.31, 4685
6.34, 4684
6.36, 4683
6.38, 4682
6.41, 4681
6.43, 4680
6.45, 4679
6.48, 4678
6.50, 4677
6.54, 4676
6.58, 4675
6.62, 4674
6.65, 4673
6.68, 4672
6.70, 4671
6.72, 4670
6.75, 4669
6.77, 4668
6.79, 4667
6.82, 4666
6.84, 4665
6.86, 4664
6.89, 4663
6.92, 4662
6.96, 4661
7.01, 4660
7.03, 4659
7.06, 4658
7.08, 4657
7.11, 4656
7.13, 4655
7.15, 4654
7.17, 4653
7.39, 4652
7.54, 4651
8.17, 4650
8.36, 4649
8.87, 4648
9.06, 4647
9.34, 4646
9.59, 4645
9.84, 4644
10.55, 4643
10.92, 4642
11.41, 4641
11.57, 4640
11.59, 4639
11.61, 4638
11.73, 4637
12.43, 4636
12.46, 4635
12.56, 4634
12.81, 4633
13.48, 4632
13.84, 4631
14.80, 4630
14.84, 4629
15.85, 4628
16.69, 4627
16.92, 4626
17.66, 4625
17.78, 4624
18.28, 4623
18.75, 4622
18.94, 4621
18.97, 4620
19.14, 4619
19.68, 4618
20.27, 4617
20.43, 4616
20.60, 4615
20.86, 4614
21.34, 4613
22.68, 4612
22.78, 4611
23.12, 4610
23.34, 4609
23.78, 4608
24.23, 4607
24.75, 4606
25.61, 4605
26.66, 4604
26.68, 4603
27.67, 4602
27.76, 4601
28.50, 4600
28.52, 4599
28.68, 4598
29.32, 4597
29.66, 4596
32.46, 4595
32.72, 4594
32.82, 4593
32.97, 4592
33.09, 4591
35.26, 4590
36.70, 4589
36.87, 4588
37.11, 4587
37.13, 4586
37.61, 4585
38.31, 4584
38.56, 4583
39.02, 4582
40.00, 4581
40.02, 4580
41.29, 4579
41.59, 4578
42.55, 4577
43.05, 4576
44.28, 4575
46.03, 4574
47.80, 4573
50.03, 4572
50.23, 4571
51.20, 4570
52.59, 4569
57.44, 4568
60.17, 4567
62.87, 4566
66.57, 4565
74.46, 4564
117.41, 4563
117.44, 4562
120.42, 4561
124.73, 4560
126.02, 4559
126.06, 4558
127.48, 4557
129.73, 4556
139.18, 4555
142.20, 4554
146.28, 4553
149.02, 4552
161.07, 4551
166.40, 4550
166.72, 4549
172.24, 4548
218.35, 4547
225.36, 4546
251.26, 4545
305.89, 4544
315.65, 4543
