5.30, 7374
5.32, 7373
5.34, 7372
5.35, 7371
5.37, 7370
5.38, 7369
5.39, 7368
5.41, 7367
5.42, 7366
5.44, 7365
5.45, 7364
5.46, 7363
5.48, 7362
5.49, 7361
5.51, 7360
5.52, 7359
5.54, 7358
5.55, 7357
5.56, 7356
5.58, 7355
5.59, 7354
5.61, 7353
5.62, 7352
5.63, 7351
5.65, 7350
5.66, 7349
5.68, 7348
5.69, 7347
5.70, 7346
8.77, 7345
12.59, 7344
13.16, 7343
13.21, 7342
14.67, 7341
22.67, 7340
24.43, 7339
26.37, 7338
26.42, 7337
26.52, 7336
26.56, 7335
26.67, 7334
26.71, 7333
26.87, 7332
26.91, 7331
26.93, 7330
27.13, 7329
27.17, 7328
27.27, 7327
27.31, 7326
27.45, 7325
27.48, 7324
27.70, 7323
27.75, 7322
27.84, 7321
27.89, 7320
27.98, 7319
28.03, 7318
28.12, 7317
28.16, 7316
28.18, 7315
28.28, 7314
28.42, 7313
28.46, 7312
28.57, 7311
28.61, 7310
28.71, 7309
28.75, 7308
28.77, 7307
28.78, 7306
28.80, 7305
28.93, 7304
28.97, 7303
29.08, 7302
29.13, 7301
29.15, 7300
29.24, 7299
29.29, 7298
29.44, 7297
29.54, 7296
29.58, 7295
29.72, 7294
29.79, 7293
29.80, 7292
29.82, 7291
30.00, 7290
30.12, 7289
30.16, 7288
30.27, 7287
30.37, 7286
30.43, 7285
30.47, 7284
30.49, 7283
30.62, 7282
30.66, 7281
30.77, 7280
30.82, 7279
30.92, 7278
30.96, 7277
31.06, 7276
31.10, 7275
31.11, 7274
31.13, 7273
31.14, 7272
31.17, 7271
31.32, 7270
31.36, 7269
31.46, 7268
31.50, 7267
31.60, 7266
31.64, 7265
31.74, 7264
31.78, 7263
31.79, 7262
31.89, 7261
31.93, 7260
32.02, 7259
32.07, 7258
32.17, 7257
32.21, 7256
32.30, 7255
32.34, 7254
32.36, 7253
32.38, 7252
32.51, 7251
32.55, 7250
32.65, 7249
32.69, 7248
32.80, 7247
32.84, 7246
32.94, 7245
32.99, 7244
33.00, 7243
33.10, 7242
33.14, 7241
33.24, 7240
33.28, 7239
33.37, 7238
33.41, 7237
33.51, 7236
33.55, 7235
33.56, 7234
33.58, 7233
33.59, 7232
33.73, 7231
33.79, 7230
33.90, 7229
33.94, 7228
34.04, 7227
34.08, 7226
34.18, 7225
34.23, 7224
34.24, 7223
34.39, 7222
34.54, 7221
34.58, 7220
34.68, 7219
34.73, 7218
34.86, 7217
34.87, 7216
34.89, 7215
34.98, 7214
35.08, 7213
35.13, 7212
35.23, 7211
35.27, 7210
35.38, 7209
35.42, 7208
35.53, 7207
35.57, 7206
35.59, 7205
35.71, 7204
35.76, 7203
35.86, 7202
35.91, 7201
36.01, 7200
36.05, 7199
36.16, 7198
36.20, 7197
36.21, 7196
36.23, 7195
36.24, 7194
36.26, 7193
36.40, 7192
36.44, 7191
36.59, 7190
36.75, 7189
36.79, 7188
36.89, 7187
36.93, 7186
36.95, 7185
37.05, 7184
37.09, 7183
37.19, 7182
37.23, 7181
37.33, 7180
37.37, 7179
37.58, 7178
37.60, 7177
37.63, 7176
37.74, 7175
37.82, 7174
37.97, 7173
38.02, 7172
38.09, 7171
38.13, 7170
38.18, 7169
38.28, 7168
38.32, 7167
38.34, 7166
38.44, 7165
38.49, 7164
38.60, 7163
38.64, 7162
38.74, 7161
38.85, 7160
38.89, 7159
38.93, 7158
38.95, 7157
39.14, 7156
39.18, 7155
39.28, 7154
39.33, 7153
39.35, 7152
39.44, 7151
39.48, 7150
39.58, 7149
39.62, 7148
39.73, 7147
39.78, 7146
39.87, 7145
39.92, 7144
39.93, 7143
39.95, 7142
40.09, 7141
40.14, 7140
40.24, 7139
40.28, 7138
40.39, 7137
40.43, 7136
40.53, 7135
40.57, 7134
40.59, 7133
40.68, 7132
40.72, 7131
40.82, 7130
40.86, 7129
40.96, 7128
41.00, 7127
41.10, 7126
41.14, 7125
41.15, 7124
41.16, 7123
41.18, 7122
41.19, 7121
41.33, 7120
41.37, 7119
41.50, 7118
41.55, 7117
41.65, 7116
41.70, 7115
41.81, 7114
41.85, 7113
41.87, 7112
41.97, 7111
42.01, 7110
42.15, 7109
42.34, 7108
42.38, 7107
42.48, 7106
42.52, 7105
42.53, 7104
42.55, 7103
42.70, 7102
42.75, 7101
42.84, 7100
42.89, 7099
42.99, 7098
43.03, 7097
43.13, 7096
43.17, 7095
43.19, 7094
43.29, 7093
43.33, 7092
43.43, 7091
43.48, 7090
43.61, 7089
43.65, 7088
43.75, 7087
43.79, 7086
43.81, 7085
43.82, 7084
43.84, 7083
43.98, 7082
44.03, 7081
44.13, 7080
44.18, 7079
44.31, 7078
44.43, 7077
44.47, 7076
44.48, 7075
44.59, 7074
44.63, 7073
44.74, 7072
44.78, 7071
44.89, 7070
44.93, 7069
45.03, 7068
45.10, 7067
45.11, 7066
45.12, 7065
45.28, 7064
45.32, 7063
45.42, 7062
45.46, 7061
45.56, 7060
45.60, 7059
45.71, 7058
45.75, 7057
45.76, 7056
45.86, 7055
45.90, 7054
46.00, 7053
46.04, 7052
46.14, 7051
46.18, 7050
46.28, 7049
46.34, 7048
46.36, 7047
46.37, 7046
46.39, 7045
46.41, 7044
46.42, 7043
46.44, 7042
46.46, 7041
46.48, 7040
46.49, 7039
46.51, 7038
46.53, 7037
46.54, 7036
46.56, 7035
46.58, 7034
46.59, 7033
47.59, 7032
49.68, 7031
52.05, 7030
52.08, 7029
52.26, 7028
52.31, 7027
52.43, 7026
53.20, 7025
53.29, 7024
53.44, 7023
53.54, 7022
53.72, 7021
53.74, 7020
53.80, 7019
53.99, 7018
54.34, 7017
54.41, 7016
54.53, 7015
54.54, 7014
54.61, 7013
55.22, 7012
55.40, 7011
55.58, 7010
55.82, 7009
56.36, 7008
56.57, 7007
56.93, 7006
57.40, 7005
57.41, 7004
57.72, 7003
58.35, 7002
59.08, 7001
59.62, 7000
59.68, 6999
59.77, 6998
62.40, 6997
63.31, 6996
63.69, 6995
65.58, 6994
67.75, 6993
67.93, 6992
68.01, 6991
68.10, 6990
68.29, 6989
68.38, 6988
68.40, 6987
68.52, 6986
68.74, 6985
68.75, 6984
68.99, 6983
69.00, 6982
69.23, 6981
69.29, 6980
69.30, 6979
69.64, 6978
70.62, 6977
70.80, 6976
70.86, 6975
70.96, 6974
71.07, 6973
71.08, 6972
71.21, 6971
71.22, 6970
71.66, 6969
71.93, 6968
73.10, 6967
73.22, 6966
73.25, 6965
73.41, 6964
74.04, 6963
74.62, 6962
74.71, 6961
74.96, 6960
75.10, 6959
75.88, 6958
75.98, 6957
77.09, 6956
77.16, 6955
78.14, 6954
78.19, 6953
78.46, 6952
78.64, 6951
81.05, 6950
82.37, 6949
82.81, 6948
84.25, 6947
85.94, 6946
90.62, 6945
91.17, 6944
93.32, 6943
109.03, 6942
113.28, 6941
113.43, 6940
114.06, 6939
119.27, 6938
119.37, 6937
119.53, 6936
119.65, 6935
119.89, 6934
133.41, 6933
133.70, 6932
165.24, 6931
167.18, 6930
169.54, 6929
172.21, 6928
187.57, 6927
188.88, 6926
213.55, 6925
215.77, 6924
216.86, 6923
225.03, 6922
225.19, 6921
225.38, 6920
247.40, 6919
247.57, 6918
251.38, 6917
303.99, 6916
347.10, 6915
349.28, 6914
355.41, 6913
