5.80, 7374
5.82, 7373
5.84, 7372
5.86, 7371
5.87, 7370
5.89, 7369
5.91, 7368
5.92, 7367
5.94, 7366
5.95, 7365
5.97, 7364
5.98, 7363
6.00, 7362
6.01, 7361
6.03, 7360
6.04, 7359
6.05, 7358
6.07, 7357
6.08, 7356
6.10, 7355
6.11, 7354
6.12, 7353
6.14, 7352
6.15, 7351
6.16, 7350
6.18, 7349
6.19, 7348
6.21, 7347
6.22, 7346
9.40, 7345
13.69, 7344
14.26, 7343
14.31, 7342
15.91, 7341
24.46, 7340
26.40, 7339
28.47, 7338
28.52, 7337
28.62, 7336
28.67, 7335
28.79, 7334
28.83, 7333
28.94, 7332
28.98, 7331
28.99, 7330
29.20, 7329
29.25, 7328
29.35, 7327
29.39, 7326
29.52, 7325
29.57, 7324
29.84, 7323
29.88, 7322
30.00, 7321
30.04, 7320
30.15, 7319
30.20, 7318
30.30, 7317
30.35, 7316
30.37, 7315
30.48, 7314
30.63, 7313
30.68, 7312
30.79, 7311
30.84, 7310
30.94, 7309
30.98, 7308
31.08, 7307
31.10, 7306
31.11, 7305
31.27, 7304
31.32, 7303
31.42, 7302
31.47, 7301
31.48, 7300
31.59, 7299
31.64, 7298
31.81, 7297
31.94, 7296
31.99, 7295
32.12, 7294
32.17, 7293
32.19, 7292
32.20, 7291
32.46, 7290
32.59, 7289
32.63, 7288
32.75, 7287
32.87, 7286
32.94, 7285
32.98, 7284
32.99, 7283
33.09, 7282
33.14, 7281
33.25, 7280
33.29, 7279
33.39, 7278
33.44, 7277
33.55, 7276
33.59, 7275
33.61, 7274
33.62, 7273
33.63, 7272
33.65, 7271
33.81, 7270
33.86, 7269
33.96, 7268
34.00, 7267
34.10, 7266
34.15, 7265
34.25, 7264
34.30, 7263
34.31, 7262
34.41, 7261
34.46, 7260
34.56, 7259
34.60, 7258
34.71, 7257
34.75, 7256
34.86, 7255
34.90, 7254
34.91, 7253
34.93, 7252
35.08, 7251
35.14, 7250
35.25, 7249
35.29, 7248
35.40, 7247
35.45, 7246
35.55, 7245
35.60, 7244
35.62, 7243
35.74, 7242
35.79, 7241
35.90, 7240
35.98, 7239
36.08, 7238
36.12, 7237
36.23, 7236
36.29, 7235
36.30, 7234
36.31, 7233
36.33, 7232
36.49, 7231
36.54, 7230
36.65, 7229
36.71, 7228
36.82, 7227
36.86, 7226
36.97, 7225
37.01, 7224
37.04, 7223
37.19, 7222
37.35, 7221
37.39, 7220
37.50, 7219
37.54, 7218
37.66, 7217
37.67, 7216
37.69, 7215
37.78, 7214
37.88, 7213
37.93, 7212
38.03, 7211
38.08, 7210
38.18, 7209
38.22, 7208
38.33, 7207
38.37, 7206
38.38, 7205
38.48, 7204
38.52, 7203
38.62, 7202
38.66, 7201
38.76, 7200
38.80, 7199
38.90, 7198
38.95, 7197
38.96, 7196
38.97, 7195
38.99, 7194
39.00, 7193
39.14, 7192
39.18, 7191
39.42, 7190
39.44, 7189
39.58, 7188
39.70, 7187
39.75, 7186
39.77, 7185
39.87, 7184
39.91, 7183
40.02, 7182
40.06, 7181
40.16, 7180
40.24, 7179
40.35, 7178
40.40, 7177
40.41, 7176
40.43, 7175
40.59, 7174
40.76, 7173
40.82, 7172
40.92, 7171
40.93, 7170
40.98, 7169
41.07, 7168
41.12, 7167
41.13, 7166
41.28, 7165
41.33, 7164
41.43, 7163
41.48, 7162
41.60, 7161
41.72, 7160
41.76, 7159
41.79, 7158
41.80, 7157
42.07, 7156
42.11, 7155
42.23, 7154
42.28, 7153
42.29, 7152
42.40, 7151
42.45, 7150
42.55, 7149
42.60, 7148
42.70, 7147
42.75, 7146
42.85, 7145
42.92, 7144
42.94, 7143
42.95, 7142
43.10, 7141
43.14, 7140
43.25, 7139
43.29, 7138
43.41, 7137
43.46, 7136
43.57, 7135
43.62, 7134
43.64, 7133
43.75, 7132
43.81, 7131
43.92, 7130
43.96, 7129
44.07, 7128
44.11, 7127
44.23, 7126
44.27, 7125
44.29, 7124
44.30, 7123
44.32, 7122
44.33, 7121
44.49, 7120
44.54, 7119
44.68, 7118
44.72, 7117
44.83, 7116
44.87, 7115
44.99, 7114
45.03, 7113
45.04, 7112
45.14, 7111
45.19, 7110
45.34, 7109
45.48, 7108
45.53, 7107
45.66, 7106
45.71, 7105
45.72, 7104
45.73, 7103
45.90, 7102
45.94, 7101
46.06, 7100
46.10, 7099
46.20, 7098
46.25, 7097
46.36, 7096
46.40, 7095
46.42, 7094
46.52, 7093
46.56, 7092
46.66, 7091
46.70, 7090
46.80, 7089
46.84, 7088
46.94, 7087
46.99, 7086
47.00, 7085
47.01, 7084
47.03, 7083
47.17, 7082
47.22, 7081
47.32, 7080
47.36, 7079
47.51, 7078
47.62, 7077
47.67, 7076
47.68, 7075
47.78, 7074
47.82, 7073
47.94, 7072
47.98, 7071
48.08, 7070
48.13, 7069
48.23, 7068
48.27, 7067
48.29, 7066
48.30, 7065
48.45, 7064
48.50, 7063
48.60, 7062
48.64, 7061
48.74, 7060
48.78, 7059
48.90, 7058
48.96, 7057
48.98, 7056
49.09, 7055
49.13, 7054
49.23, 7053
49.27, 7052
49.38, 7051
49.42, 7050
49.53, 7049
49.58, 7048
49.59, 7047
49.60, 7046
49.62, 7045
49.63, 7044
49.65, 7043
49.67, 7042
49.68, 7041
49.70, 7040
49.71, 7039
49.73, 7038
49.75, 7037
49.78, 7036
49.80, 7035
49.82, 7034
49.83, 7033
50.93, 7032
54.02, 7031
55.77, 7030
55.81, 7029
56.11, 7028
56.14, 7027
56.20, 7026
56.74, 7025
56.89, 7024
57.08, 7023
57.10, 7022
57.34, 7021
57.41, 7020
57.78, 7019
58.05, 7018
58.12, 7017
58.62, 7016
59.13, 7015
59.76, 7014
59.85, 7013
60.99, 7012
61.64, 7011
61.68, 7010
61.89, 7009
62.13, 7008
64.01, 7007
64.83, 7006
65.61, 7005
66.62, 7004
67.23, 7003
68.95, 7002
69.15, 7001
69.26, 7000
69.37, 6999
69.45, 6998
69.62, 6997
69.68, 6996
69.86, 6995
69.99, 6994
70.01, 6993
70.23, 6992
70.25, 6991
70.50, 6990
70.62, 6989
70.64, 6988
70.91, 6987
71.06, 6986
71.92, 6985
71.99, 6984
72.08, 6983
72.67, 6982
73.23, 6981
73.81, 6980
73.83, 6979
74.46, 6978
75.42, 6977
75.49, 6976
75.64, 6975
75.72, 6974
76.26, 6973
76.52, 6972
77.92, 6971
78.74, 6970
79.26, 6969
79.40, 6968
81.07, 6967
81.24, 6966
81.48, 6965
81.81, 6964
82.32, 6963
84.23, 6962
87.20, 6961
87.24, 6960
87.58, 6959
90.96, 6958
91.59, 6957
92.90, 6956
100.09, 6955
115.59, 6954
115.82, 6953
121.12, 6952
121.20, 6951
122.01, 6950
122.48, 6949
124.69, 6948
124.77, 6947
125.47, 6946
127.83, 6945
127.91, 6944
127.97, 6943
128.20, 6942
128.29, 6941
140.93, 6940
143.05, 6939
145.53, 6938
162.58, 6937
184.29, 6936
184.75, 6935
187.11, 6934
191.67, 6933
193.80, 6932
196.28, 6931
197.81, 6930
202.01, 6929
202.23, 6928
213.78, 6927
214.31, 6926
242.34, 6925
247.47, 6924
249.51, 6923
293.47, 6922
293.91, 6921
315.68, 6920
316.35, 6919
342.30, 6918
351.29, 6917
