6.66, 4697
6.70, 4696
6.72, 4695
6.74, 4694
6.77, 4693
6.79, 4692
6.82, 4691
6.86, 4690
6.90, 4689
6.93, 4688
6.96, 4687
7.00, 4686
7.04, 4685
7.08, 4684
7.10, 4683
7.12, 4682
7.15, 4681
7.18, 4680
7.21, 4679
7.25, 4678
7.29, 4677
7.31, 4676
7.33, 4675
7.35, 4674
7.38, 4673
7.40, 4672
7.43, 4671
7.45, 4670
7.47, 4669
7.50, 4668
7.52, 4667
7.55, 4666
7.57, 4665
7.60, 4664
7.62, 4663
7.65, 4662
7.67, 4661
7.69, 4660
7.72, 4659
7.74, 4658
7.76, 4657
7.80, 4656
7.84, 4655
7.88, 4654
7.92, 4653
8.08, 4652
8.18, 4651
8.71, 4650
8.93, 4649
9.36, 4648
9.58, 4647
9.99, 4646
10.23, 4645
10.42, 4644
11.00, 4643
11.43, 4642
11.80, 4641
12.12, 4640
12.16, 4639
12.18, 4638
12.30, 4637
13.35, 4636
13.38, 4635
13.54, 4634
13.74, 4633
14.71, 4632
15.27, 4631
16.32, 4630
16.39, 4629
17.51, 4628
18.00, 4627
18.32, 4626
18.58, 4625
19.57, 4624
19.77, 4623
20.31, 4622
20.94, 4621
20.96, 4620
21.03, 4619
21.15, 4618
21.74, 4617
22.08, 4616
22.52, 4615
22.63, 4614
22.96, 4613
23.51, 4612
24.70, 4611
25.01, 4610
25.25, 4609
25.55, 4608
25.85, 4607
26.17, 4606
26.69, 4605
27.15, 4604
28.35, 4603
28.46, 4602
29.85, 4601
30.24, 4600
30.98, 4599
31.02, 4598
31.17, 4597
31.88, 4596
32.38, 4595
35.78, 4594
36.06, 4593
36.25, 4592
36.42, 4591
38.07, 4590
40.85, 4589
41.21, 4588
41.56, 4587
42.49, 4586
42.72, 4585
43.00, 4584
43.24, 4583
43.85, 4582
44.56, 4581
45.27, 4580
46.28, 4579
46.71, 4578
46.87, 4577
48.56, 4576
48.65, 4575
50.62, 4574
51.58, 4573
52.56, 4572
52.76, 4571
53.92, 4570
54.15, 4569
54.49, 4568
55.69, 4567
56.12, 4566
56.31, 4565
56.88, 4564
57.08, 4563
59.79, 4562
67.12, 4561
71.36, 4560
78.32, 4559
107.06, 4558
110.90, 4557
123.61, 4556
130.62, 4555
132.46, 4554
205.63, 4553
206.54, 4552
214.83, 4551
228.51, 4550
231.39, 4549
233.03, 4548
240.79, 4547
300.77, 4546
318.71, 4545
404.82, 4544
