7.13, 4697
7.19, 4696
7.23, 4695
7.27, 4694
7.32, 4693
7.36, 4692
7.40, 4691
7.43, 4690
7.46, 4689
7.49, 4688
7.51, 4687
7.55, 4686
7.59, 4685
7.62, 4684
7.65, 4683
7.68, 4682
7.71, 4681
7.73, 4680
7.77, 4679
7.79, 4678
7.82, 4677
7.86, 4676
7.89, 4675
7.93, 4674
7.96, 4673
7.99, 4672
8.02, 4671
8.05, 4670
8.07, 4669
8.10, 4668
8.14, 4667
8.16, 4666
8.19, 4665
8.22, 4664
8.24, 4663
8.28, 4662
8.30, 4661
8.33, 4660
8.37, 4659
8.39, 4658
8.42, 4657
8.44, 4656
8.47, 4655
8.49, 4654
8.52, 4653
8.63, 4652
8.97, 4651
9.50, 4650
9.76, 4649
10.42, 4648
10.75, 4647
11.25, 4646
11.49, 4645
11.79, 4644
12.36, 4643
12.73, 4642
13.16, 4641
13.44, 4640
13.46, 4639
13.48, 4638
13.63, 4637
14.46, 4636
14.60, 4635
14.71, 4634
14.92, 4633
15.74, 4632
16.37, 4631
17.16, 4630
17.26, 4629
18.45, 4628
19.08, 4627
19.38, 4626
19.52, 4625
20.39, 4624
20.55, 4623
21.14, 4622
21.76, 4621
21.96, 4620
22.07, 4619
22.10, 4618
22.64, 4617
23.29, 4616
23.53, 4615
23.62, 4614
23.99, 4613
24.47, 4612
25.61, 4611
25.95, 4610
26.13, 4609
26.64, 4608
26.66, 4607
26.76, 4606
27.34, 4605
28.23, 4604
28.56, 4603
29.58, 4602
29.69, 4601
31.24, 4600
31.40, 4599
32.43, 4598
32.58, 4597
32.74, 4596
33.22, 4595
33.41, 4594
34.01, 4593
36.45, 4592
36.73, 4591
36.86, 4590
38.70, 4589
38.99, 4588
41.44, 4587
42.20, 4586
42.24, 4585
42.67, 4584
43.29, 4583
44.06, 4582
44.90, 4581
45.46, 4580
47.09, 4579
48.65, 4578
49.09, 4577
49.53, 4576
50.25, 4575
51.86, 4574
53.38, 4573
55.04, 4572
55.49, 4571
55.89, 4570
63.52, 4569
66.05, 4568
78.71, 4567
121.65, 4566
122.70, 4565
123.88, 4564
125.99, 4563
136.70, 4562
136.85, 4561
142.22, 4560
144.93, 4559
151.04, 4558
152.00, 4557
154.00, 4556
165.91, 4555
167.57, 4554
211.53, 4553
230.97, 4552
236.75, 4551
243.37, 4550
252.00, 4549
253.56, 4548
320.17, 4547
333.81, 4546
344.83, 4545
386.25, 4544
471.21, 4543
