6.01, 7374
6.04, 7373
6.06, 7372
6.08, 7371
6.09, 7370
6.11, 7369
6.12, 7368
6.13, 7367
6.15, 7366
6.16, 7365
6.18, 7364
6.19, 7363
6.21, 7362
6.23, 7361
6.24, 7360
6.26, 7359
6.27, 7358
6.28, 7357
6.30, 7356
6.31, 7355
6.33, 7354
6.36, 7353
6.38, 7352
6.40, 7351
6.41, 7350
6.43, 7349
6.44, 7348
6.47, 7347
6.49, 7346
10.42, 7345
15.19, 7344
15.96, 7343
16.00, 7342
17.65, 7341
26.64, 7340
29.41, 7339
31.60, 7338
31.67, 7337
31.84, 7336
31.89, 7335
31.99, 7334
32.03, 7333
32.13, 7332
32.17, 7331
32.19, 7330
32.39, 7329
32.43, 7328
32.56, 7327
32.61, 7326
32.84, 7325
32.87, 7324
33.19, 7323
33.23, 7322
33.32, 7321
33.40, 7320
33.57, 7319
33.64, 7318
33.77, 7317
33.81, 7316
33.83, 7315
33.93, 7314
34.08, 7313
34.14, 7312
34.29, 7311
34.34, 7310
34.49, 7309
34.53, 7308
34.55, 7307
34.57, 7306
34.59, 7305
34.80, 7304
34.86, 7303
35.03, 7302
35.10, 7301
35.11, 7300
35.22, 7299
35.26, 7298
35.40, 7297
35.51, 7296
35.55, 7295
35.65, 7294
35.70, 7293
35.71, 7292
35.72, 7291
35.91, 7290
36.05, 7289
36.12, 7288
36.30, 7287
36.50, 7286
36.54, 7285
36.58, 7284
36.60, 7283
36.74, 7282
36.82, 7281
36.96, 7280
37.00, 7279
37.14, 7278
37.19, 7277
37.31, 7276
37.38, 7275
37.39, 7274
37.40, 7273
37.42, 7272
37.43, 7271
37.62, 7270
37.67, 7269
37.77, 7268
37.81, 7267
37.95, 7266
38.00, 7265
38.10, 7264
38.17, 7263
38.18, 7262
38.29, 7261
38.33, 7260
38.44, 7259
38.49, 7258
38.70, 7257
38.78, 7256
38.88, 7255
38.93, 7254
38.94, 7253
38.95, 7252
39.10, 7251
39.14, 7250
39.24, 7249
39.28, 7248
39.42, 7247
39.49, 7246
39.67, 7245
39.74, 7244
39.75, 7243
39.86, 7242
39.90, 7241
40.01, 7240
40.08, 7239
40.17, 7238
40.22, 7237
40.32, 7236
40.35, 7235
40.37, 7234
40.38, 7233
40.39, 7232
40.62, 7231
40.69, 7230
40.87, 7229
40.94, 7228
41.07, 7227
41.13, 7226
41.23, 7225
41.28, 7224
41.29, 7223
41.48, 7222
41.63, 7221
41.68, 7220
41.78, 7219
41.82, 7218
42.04, 7217
42.07, 7216
42.09, 7215
42.16, 7214
42.39, 7213
42.46, 7212
42.62, 7211
42.68, 7210
42.79, 7209
42.85, 7208
42.95, 7207
42.99, 7206
43.01, 7205
43.12, 7204
43.18, 7203
43.32, 7202
43.37, 7201
43.54, 7200
43.61, 7199
43.79, 7198
43.86, 7197
43.88, 7196
43.90, 7195
43.93, 7194
43.95, 7193
44.20, 7192
44.24, 7191
44.44, 7190
44.52, 7189
44.59, 7188
44.81, 7187
44.85, 7186
44.87, 7185
44.97, 7184
45.01, 7183
45.11, 7182
45.16, 7181
45.26, 7180
45.30, 7179
45.43, 7178
45.45, 7177
45.46, 7176
45.50, 7175
45.63, 7174
45.84, 7173
45.88, 7172
45.98, 7171
45.99, 7170
46.03, 7169
46.12, 7168
46.16, 7167
46.18, 7166
46.27, 7165
46.31, 7164
46.41, 7163
46.45, 7162
46.56, 7161
46.68, 7160
46.72, 7159
46.75, 7158
46.76, 7157
47.00, 7156
47.04, 7155
47.20, 7154
47.28, 7153
47.30, 7152
47.47, 7151
47.55, 7150
47.65, 7149
47.71, 7148
47.87, 7147
47.94, 7146
48.12, 7145
48.19, 7144
48.21, 7143
48.22, 7142
48.36, 7141
48.40, 7140
48.50, 7139
48.54, 7138
48.66, 7137
48.71, 7136
48.83, 7135
48.88, 7134
48.90, 7133
49.00, 7132
49.04, 7131
49.13, 7130
49.17, 7129
49.34, 7128
49.41, 7127
49.54, 7126
49.58, 7125
49.60, 7124
49.61, 7123
49.62, 7122
49.64, 7121
49.80, 7120
49.84, 7119
49.94, 7118
49.99, 7117
50.13, 7116
50.20, 7115
50.33, 7114
50.40, 7113
50.42, 7112
50.55, 7111
50.62, 7110
50.94, 7109
51.05, 7108
51.10, 7107
51.21, 7106
51.25, 7105
51.27, 7104
51.28, 7103
51.42, 7102
51.46, 7101
51.57, 7100
51.61, 7099
51.76, 7098
51.80, 7097
51.97, 7096
52.05, 7095
52.06, 7094
52.15, 7093
52.19, 7092
52.29, 7091
52.34, 7090
52.44, 7089
52.48, 7088
52.62, 7087
52.66, 7086
52.67, 7085
52.69, 7084
52.70, 7083
52.84, 7082
52.88, 7081
52.98, 7080
53.03, 7079
53.16, 7078
53.42, 7077
53.46, 7076
53.48, 7075
53.58, 7074
53.63, 7073
53.72, 7072
53.79, 7071
53.89, 7070
53.93, 7069
54.03, 7068
54.07, 7067
54.08, 7066
54.09, 7065
54.24, 7064
54.28, 7063
54.38, 7062
54.42, 7061
54.55, 7060
54.62, 7059
54.71, 7058
54.75, 7057
54.77, 7056
54.87, 7055
54.92, 7054
55.09, 7053
55.15, 7052
55.31, 7051
55.39, 7050
55.54, 7049
55.61, 7048
55.63, 7047
55.66, 7046
55.68, 7045
55.69, 7044
55.71, 7043
55.72, 7042
55.75, 7041
55.77, 7040
55.80, 7039
55.83, 7038
55.85, 7037
55.88, 7036
55.91, 7035
55.94, 7034
55.96, 7033
57.59, 7032
60.66, 7031
62.91, 7030
62.95, 7029
63.17, 7028
63.26, 7027
63.41, 7026
64.12, 7025
64.22, 7024
64.32, 7023
64.48, 7022
64.50, 7021
64.55, 7020
65.69, 7019
65.74, 7018
65.76, 7017
65.78, 7016
66.48, 7015
66.56, 7014
66.79, 7013
67.10, 7012
67.68, 7011
67.77, 7010
67.83, 7009
67.85, 7008
69.72, 7007
70.57, 7006
70.67, 7005
70.70, 7004
73.80, 7003
75.46, 7002
77.07, 7001
77.59, 7000
78.22, 6999
80.05, 6998
80.17, 6997
80.73, 6996
80.84, 6995
80.95, 6994
81.02, 6993
81.13, 6992
81.15, 6991
81.34, 6990
81.37, 6989
81.65, 6988
81.74, 6987
81.77, 6986
82.12, 6985
82.91, 6984
82.99, 6983
83.06, 6982
83.17, 6981
83.28, 6980
83.38, 6979
83.43, 6978
83.45, 6977
84.44, 6976
85.70, 6975
85.76, 6974
86.32, 6973
86.53, 6972
86.55, 6971
86.76, 6970
87.47, 6969
87.49, 6968
87.75, 6967
88.50, 6966
88.65, 6965
89.11, 6964
89.23, 6963
89.86, 6962
90.70, 6961
90.76, 6960
91.70, 6959
91.94, 6958
92.23, 6957
94.64, 6956
95.52, 6955
97.26, 6954
98.25, 6953
98.32, 6952
102.00, 6951
119.60, 6950
125.15, 6949
125.17, 6948
125.98, 6947
126.03, 6946
128.33, 6945
128.49, 6944
132.13, 6943
132.87, 6942
133.88, 6941
135.70, 6940
135.76, 6939
135.99, 6938
137.41, 6937
141.01, 6936
141.04, 6935
141.13, 6934
141.25, 6933
141.26, 6932
141.79, 6931
143.49, 6930
146.41, 6929
152.29, 6928
196.70, 6927
206.67, 6926
215.39, 6925
218.51, 6924
266.67, 6923
296.13, 6922
313.05, 6921
360.36, 6920
360.91, 6919
366.81, 6918
366.94, 6917
421.39, 6916
456.91, 6915
473.52, 6914
