5.77, 4697
5.82, 4696
5.84, 4695
5.87, 4694
5.89, 4693
5.92, 4692
5.94, 4691
5.96, 4690
5.98, 4689
6.01, 4688
6.03, 4687
6.05, 4686
6.08, 4685
6.10, 4684
6.12, 4683
6.14, 4682
6.17, 4681
6.19, 4680
6.21, 4679
6.24, 4678
6.26, 4677
6.28, 4676
6.31, 4675
6.33, 4674
6.36, 4673
6.38, 4672
6.41, 4671
6.43, 4670
6.45, 4669
6.48, 4668
6.50, 4667
6.53, 4666
6.55, 4665
6.57, 4664
6.60, 4663
6.62, 4662
6.64, 4661
6.67, 4660
6.69, 4659
6.71, 4658
6.73, 4657
6.76, 4656
6.79, 4655
6.81, 4654
6.83, 4653
7.00, 4652
7.12, 4651
7.59, 4650
7.78, 4649
8.31, 4648
8.47, 4647
8.80, 4646
9.04, 4645
9.25, 4644
9.81, 4643
10.18, 4642
10.54, 4641
10.69, 4640
10.72, 4639
10.84, 4638
10.86, 4637
11.69, 4636
11.72, 4635
11.87, 4634
12.15, 4633
12.72, 4632
13.37, 4631
14.25, 4630
14.27, 4629
15.14, 4628
15.90, 4627
16.00, 4626
16.74, 4625
16.90, 4624
17.34, 4623
17.95, 4622
18.14, 4621
18.16, 4620
18.31, 4619
18.79, 4618
19.16, 4617
19.42, 4616
19.51, 4615
19.81, 4614
20.50, 4613
21.38, 4612
21.46, 4611
21.70, 4610
21.84, 4609
22.37, 4608
22.63, 4607
22.78, 4606
23.08, 4605
24.12, 4604
25.08, 4603
25.10, 4602
26.61, 4601
26.91, 4600
27.64, 4599
27.75, 4598
27.91, 4597
28.45, 4596
28.72, 4595
30.05, 4594
33.14, 4593
33.35, 4592
33.47, 4591
34.95, 4590
37.38, 4589
38.82, 4588
38.90, 4587
39.13, 4586
39.58, 4585
40.20, 4584
40.74, 4583
41.31, 4582
41.90, 4581
41.92, 4580
43.00, 4579
43.48, 4578
43.60, 4577
45.36, 4576
45.65, 4575
46.38, 4574
47.27, 4573
48.35, 4572
49.21, 4571
49.65, 4570
50.13, 4569
50.44, 4568
50.99, 4567
56.49, 4566
57.25, 4565
93.82, 4564
111.71, 4563
112.43, 4562
113.98, 4561
114.07, 4560
117.52, 4559
119.29, 4558
119.82, 4557
121.02, 4556
121.40, 4555
121.66, 4554
127.15, 4553
131.51, 4552
134.51, 4551
140.64, 4550
149.05, 4549
152.10, 4548
198.35, 4547
225.37, 4546
230.49, 4545
281.63, 4544
408.11, 4543
523.76, 4542
