5.48, 7374
5.51, 7373
5.52, 7372
5.53, 7371
5.55, 7370
5.56, 7369
5.57, 7368
5.59, 7367
5.60, 7366
5.61, 7365
5.63, 7364
5.64, 7363
5.65, 7362
5.67, 7361
5.68, 7360
5.70, 7359
5.71, 7358
5.73, 7357
5.75, 7356
5.76, 7355
5.78, 7354
5.81, 7353
5.82, 7352
5.84, 7351
5.85, 7350
5.86, 7349
5.88, 7348
5.89, 7347
5.91, 7346
9.16, 7345
13.43, 7344
14.26, 7343
14.33, 7342
15.85, 7341
25.24, 7340
27.49, 7339
29.75, 7338
29.79, 7337
29.89, 7336
29.93, 7335
30.02, 7334
30.07, 7333
30.17, 7332
30.21, 7331
30.22, 7330
30.43, 7329
30.47, 7328
30.57, 7327
30.61, 7326
30.76, 7325
30.82, 7324
31.14, 7323
31.19, 7322
31.29, 7321
31.33, 7320
31.43, 7319
31.49, 7318
31.65, 7317
31.72, 7316
31.74, 7315
31.86, 7314
32.00, 7313
32.04, 7312
32.16, 7311
32.23, 7310
32.41, 7309
32.48, 7308
32.50, 7307
32.53, 7306
32.54, 7305
32.72, 7304
32.80, 7303
32.89, 7302
32.93, 7301
32.94, 7300
33.11, 7299
33.16, 7298
33.33, 7297
33.43, 7296
33.47, 7295
33.58, 7294
33.64, 7293
33.65, 7292
33.67, 7291
33.88, 7290
34.00, 7289
34.07, 7288
34.24, 7287
34.44, 7286
34.52, 7285
34.57, 7284
34.58, 7283
34.73, 7282
34.77, 7281
34.86, 7280
34.90, 7279
35.00, 7278
35.04, 7277
35.14, 7276
35.18, 7275
35.19, 7274
35.20, 7273
35.22, 7272
35.23, 7271
35.37, 7270
35.41, 7269
35.51, 7268
35.56, 7267
35.67, 7266
35.74, 7265
35.92, 7264
35.96, 7263
35.98, 7262
36.08, 7261
36.12, 7260
36.22, 7259
36.26, 7258
36.36, 7257
36.41, 7256
36.52, 7255
36.59, 7254
36.61, 7253
36.64, 7252
36.78, 7251
36.85, 7250
37.02, 7249
37.06, 7248
37.15, 7247
37.22, 7246
37.33, 7245
37.37, 7244
37.39, 7243
37.48, 7242
37.52, 7241
37.68, 7240
37.76, 7239
37.85, 7238
37.89, 7237
38.00, 7236
38.04, 7235
38.06, 7234
38.07, 7233
38.08, 7232
38.30, 7231
38.35, 7230
38.46, 7229
38.50, 7228
38.60, 7227
38.65, 7226
38.75, 7225
38.82, 7224
38.84, 7223
39.10, 7222
39.22, 7221
39.28, 7220
39.39, 7219
39.43, 7218
39.61, 7217
39.63, 7216
39.65, 7215
39.78, 7214
39.98, 7213
40.05, 7212
40.18, 7211
40.22, 7210
40.35, 7209
40.42, 7208
40.60, 7207
40.67, 7206
40.69, 7205
40.82, 7204
40.86, 7203
41.02, 7202
41.10, 7201
41.27, 7200
41.35, 7199
41.50, 7198
41.56, 7197
41.58, 7196
41.59, 7195
41.61, 7194
41.62, 7193
41.78, 7192
41.83, 7191
42.06, 7190
42.26, 7189
42.30, 7188
42.40, 7187
42.45, 7186
42.46, 7185
42.60, 7184
42.67, 7183
42.85, 7182
42.92, 7181
43.06, 7180
43.11, 7179
43.25, 7178
43.26, 7177
43.28, 7176
43.33, 7175
43.47, 7174
43.63, 7173
43.67, 7172
43.78, 7171
43.82, 7170
43.90, 7169
44.07, 7168
44.12, 7167
44.13, 7166
44.26, 7165
44.30, 7164
44.41, 7163
44.45, 7162
44.57, 7161
44.77, 7160
44.84, 7159
44.89, 7158
44.91, 7157
45.16, 7156
45.20, 7155
45.30, 7154
45.34, 7153
45.35, 7152
45.45, 7151
45.49, 7150
45.59, 7149
45.64, 7148
45.75, 7147
45.80, 7146
45.96, 7145
46.03, 7144
46.06, 7143
46.08, 7142
46.29, 7141
46.34, 7140
46.45, 7139
46.53, 7138
46.62, 7137
46.66, 7136
46.80, 7135
46.85, 7134
46.87, 7133
46.96, 7132
47.02, 7131
47.19, 7130
47.26, 7129
47.40, 7128
47.44, 7127
47.54, 7126
47.58, 7125
47.59, 7124
47.60, 7123
47.61, 7122
47.63, 7121
47.76, 7120
47.83, 7119
48.00, 7118
48.07, 7117
48.17, 7116
48.22, 7115
48.34, 7114
48.39, 7113
48.41, 7112
48.51, 7111
48.55, 7110
48.67, 7109
48.87, 7108
48.92, 7107
49.07, 7106
49.15, 7105
49.16, 7104
49.17, 7103
49.32, 7102
49.36, 7101
49.46, 7100
49.53, 7099
49.69, 7098
49.78, 7097
49.96, 7096
50.03, 7095
50.06, 7094
50.23, 7093
50.30, 7092
50.47, 7091
50.52, 7090
50.62, 7089
50.66, 7088
50.76, 7087
50.81, 7086
50.82, 7085
50.83, 7084
50.85, 7083
50.98, 7082
51.02, 7081
51.12, 7080
51.16, 7079
51.34, 7078
51.42, 7077
51.46, 7076
51.48, 7075
51.60, 7074
51.64, 7073
51.78, 7072
51.84, 7071
52.01, 7070
52.08, 7069
52.18, 7068
52.22, 7067
52.23, 7066
52.25, 7065
52.39, 7064
52.43, 7063
52.53, 7062
52.57, 7061
52.70, 7060
52.76, 7059
52.90, 7058
52.94, 7057
52.95, 7056
53.09, 7055
53.15, 7054
53.25, 7053
53.29, 7052
53.38, 7051
53.42, 7050
53.55, 7049
53.60, 7048
53.61, 7047
53.63, 7046
53.64, 7045
53.66, 7044
53.68, 7043
53.71, 7042
53.73, 7041
53.76, 7040
53.78, 7039
53.81, 7038
53.84, 7037
53.85, 7036
53.87, 7035
53.88, 7034
53.90, 7033
59.33, 7032
59.36, 7031
59.53, 7030
59.69, 7029
59.81, 7028
60.02, 7027
60.58, 7026
60.71, 7025
60.80, 7024
60.94, 7023
60.95, 7022
61.04, 7021
61.11, 7020
61.26, 7019
61.91, 7018
62.09, 7017
62.59, 7016
62.69, 7015
62.70, 7014
62.84, 7013
63.01, 7012
63.40, 7011
64.18, 7010
64.62, 7009
65.18, 7008
66.13, 7007
66.57, 7006
66.62, 7005
66.98, 7004
67.02, 7003
70.21, 7002
72.07, 7001
73.41, 7000
74.06, 6999
74.56, 6998
76.40, 6997
76.65, 6996
76.67, 6995
76.76, 6994
76.79, 6993
76.94, 6992
76.95, 6991
77.08, 6990
77.22, 6989
77.24, 6988
77.63, 6987
77.66, 6986
77.93, 6985
78.10, 6984
78.12, 6983
78.21, 6982
78.70, 6981
79.47, 6980
79.51, 6979
79.52, 6978
80.71, 6977
81.90, 6976
81.92, 6975
82.04, 6974
82.88, 6973
83.34, 6972
83.37, 6971
83.52, 6970
84.18, 6969
84.27, 6968
84.49, 6967
85.32, 6966
85.37, 6965
86.02, 6964
86.35, 6963
86.40, 6962
88.55, 6961
88.69, 6960
89.97, 6959
90.52, 6958
91.45, 6957
100.84, 6956
100.93, 6955
101.76, 6954
101.84, 6953
104.12, 6952
105.88, 6951
106.71, 6950
106.89, 6949
107.45, 6948
108.07, 6947
108.10, 6946
108.14, 6945
108.39, 6944
108.60, 6943
111.87, 6942
130.87, 6941
130.95, 6940
130.98, 6939
135.89, 6938
137.27, 6937
137.32, 6936
137.36, 6935
142.36, 6934
142.79, 6933
142.82, 6932
146.36, 6931
146.84, 6930
150.06, 6929
152.57, 6928
154.32, 6927
220.44, 6926
222.36, 6925
253.00, 6924
253.17, 6923
255.00, 6922
257.86, 6921
296.92, 6920
311.86, 6919
367.06, 6918
390.15, 6917
390.61, 6916
390.63, 6915
456.28, 6914
492.63, 6913
492.87, 6912
559.34, 6911
