5.78, 7374
5.81, 7373
5.82, 7372
5.84, 7371
5.86, 7370
5.87, 7369
5.88, 7368
5.90, 7367
5.91, 7366
5.93, 7365
5.94, 7364
5.96, 7363
5.97, 7362
5.99, 7361
6.01, 7360
6.02, 7359
6.04, 7358
6.05, 7357
6.07, 7356
6.08, 7355
6.10, 7354
6.11, 7353
6.13, 7352
6.14, 7351
6.16, 7350
6.17, 7349
6.18, 7348
6.20, 7347
6.21, 7346
9.53, 7345
13.59, 7344
14.16, 7343
14.20, 7342
15.87, 7341
24.29, 7340
26.28, 7339
28.26, 7338
28.30, 7337
28.41, 7336
28.45, 7335
28.55, 7334
28.59, 7333
28.73, 7332
28.77, 7331
28.78, 7330
28.98, 7329
29.02, 7328
29.13, 7327
29.18, 7326
29.35, 7325
29.37, 7324
29.71, 7323
29.76, 7322
29.86, 7321
29.90, 7320
30.00, 7319
30.05, 7318
30.15, 7317
30.19, 7316
30.20, 7315
30.30, 7314
30.44, 7313
30.48, 7312
30.58, 7311
30.63, 7310
30.73, 7309
30.77, 7308
30.78, 7307
30.80, 7306
30.81, 7305
30.99, 7304
31.04, 7303
31.14, 7302
31.18, 7301
31.19, 7300
31.30, 7299
31.35, 7298
31.48, 7297
31.65, 7296
31.70, 7295
31.81, 7294
31.86, 7293
31.88, 7292
31.90, 7291
32.16, 7290
32.23, 7289
32.28, 7288
32.40, 7287
32.48, 7286
32.57, 7285
32.62, 7284
32.63, 7283
32.75, 7282
32.79, 7281
32.89, 7280
32.93, 7279
33.03, 7278
33.07, 7277
33.18, 7276
33.22, 7275
33.24, 7274
33.25, 7273
33.28, 7272
33.30, 7271
33.46, 7270
33.51, 7269
33.62, 7268
33.66, 7267
33.76, 7266
33.80, 7265
33.90, 7264
33.96, 7263
33.97, 7262
34.07, 7261
34.11, 7260
34.21, 7259
34.25, 7258
34.35, 7257
34.39, 7256
34.50, 7255
34.55, 7254
34.56, 7253
34.57, 7252
34.73, 7251
34.78, 7250
34.89, 7249
34.94, 7248
35.05, 7247
35.09, 7246
35.20, 7245
35.24, 7244
35.26, 7243
35.36, 7242
35.40, 7241
35.50, 7240
35.54, 7239
35.66, 7238
35.72, 7237
35.85, 7236
35.91, 7235
35.92, 7234
35.94, 7233
35.95, 7232
36.11, 7231
36.15, 7230
36.27, 7229
36.32, 7228
36.45, 7227
36.49, 7226
36.59, 7225
36.64, 7224
36.66, 7223
36.83, 7222
36.93, 7221
36.97, 7220
37.08, 7219
37.12, 7218
37.27, 7217
37.28, 7216
37.30, 7215
37.36, 7214
37.53, 7213
37.57, 7212
37.70, 7211
37.74, 7210
37.85, 7209
37.89, 7208
38.03, 7207
38.08, 7206
38.10, 7205
38.19, 7204
38.24, 7203
38.34, 7202
38.39, 7201
38.52, 7200
38.57, 7199
38.67, 7198
38.72, 7197
38.73, 7196
38.75, 7195
38.76, 7194
38.78, 7193
38.92, 7192
38.96, 7191
39.11, 7190
39.36, 7189
39.40, 7188
39.50, 7187
39.54, 7186
39.56, 7185
39.68, 7184
39.72, 7183
39.83, 7182
39.88, 7181
40.01, 7180
40.06, 7179
40.19, 7178
40.23, 7177
40.25, 7176
40.26, 7175
40.40, 7174
40.54, 7173
40.58, 7172
40.66, 7171
40.70, 7170
40.74, 7169
40.84, 7168
40.88, 7167
40.90, 7166
41.01, 7165
41.06, 7164
41.16, 7163
41.21, 7162
41.32, 7161
41.48, 7160
41.54, 7159
41.58, 7158
41.59, 7157
41.81, 7156
41.85, 7155
41.96, 7154
42.00, 7153
42.01, 7152
42.12, 7151
42.17, 7150
42.28, 7149
42.32, 7148
42.44, 7147
42.48, 7146
42.59, 7145
42.65, 7144
42.66, 7143
42.69, 7142
42.85, 7141
42.90, 7140
43.01, 7139
43.06, 7138
43.16, 7137
43.20, 7136
43.30, 7135
43.35, 7134
43.36, 7133
43.46, 7132
43.51, 7131
43.62, 7130
43.66, 7129
43.76, 7128
43.81, 7127
43.97, 7126
44.02, 7125
44.04, 7124
44.05, 7123
44.07, 7122
44.08, 7121
44.24, 7120
44.29, 7119
44.41, 7118
44.45, 7117
44.55, 7116
44.59, 7115
44.70, 7114
44.74, 7113
44.75, 7112
44.85, 7111
44.91, 7110
45.05, 7109
45.20, 7108
45.24, 7107
45.35, 7106
45.41, 7105
45.43, 7104
45.44, 7103
45.60, 7102
45.65, 7101
45.75, 7100
45.80, 7099
45.90, 7098
45.94, 7097
46.04, 7096
46.08, 7095
46.10, 7094
46.21, 7093
46.25, 7092
46.35, 7091
46.39, 7090
46.49, 7089
46.54, 7088
46.67, 7087
46.72, 7086
46.73, 7085
46.75, 7084
46.76, 7083
46.91, 7082
46.96, 7081
47.05, 7080
47.11, 7079
47.23, 7078
47.36, 7077
47.40, 7076
47.42, 7075
47.52, 7074
47.57, 7073
47.68, 7072
47.72, 7071
47.82, 7070
47.86, 7069
47.98, 7068
48.03, 7067
48.04, 7066
48.06, 7065
48.21, 7064
48.26, 7063
48.38, 7062
48.42, 7061
48.57, 7060
48.61, 7059
48.73, 7058
48.77, 7057
48.78, 7056
48.88, 7055
48.92, 7054
49.02, 7053
49.06, 7052
49.16, 7051
49.20, 7050
49.30, 7049
49.34, 7048
49.36, 7047
49.38, 7046
49.40, 7045
49.42, 7044
49.44, 7043
49.45, 7042
49.47, 7041
49.49, 7040
49.51, 7039
49.53, 7038
49.55, 7037
49.57, 7036
49.58, 7035
49.60, 7034
49.62, 7033
52.91, 7032
54.68, 7031
54.72, 7030
54.98, 7029
55.03, 7028
55.32, 7027
55.52, 7026
56.03, 7025
56.19, 7024
56.22, 7023
56.30, 7022
56.32, 7021
56.37, 7020
57.04, 7019
57.69, 7018
57.89, 7017
58.06, 7016
58.61, 7015
60.16, 7014
60.63, 7013
60.65, 7012
60.82, 7011
60.97, 7010
63.13, 7009
64.87, 7008
65.58, 7007
66.23, 7006
68.08, 7005
68.39, 7004
69.18, 7003
69.33, 7002
69.38, 7001
69.44, 7000
69.45, 6999
69.58, 6998
69.63, 6997
69.74, 6996
69.76, 6995
70.03, 6994
70.05, 6993
70.24, 6992
70.39, 6991
70.40, 6990
70.69, 6989
71.26, 6988
71.62, 6987
71.81, 6986
71.84, 6985
72.11, 6984
72.69, 6983
73.66, 6982
73.72, 6981
74.14, 6980
74.16, 6979
74.27, 6978
74.94, 6977
75.06, 6976
75.23, 6975
75.51, 6974
76.18, 6973
76.41, 6972
77.54, 6971
78.29, 6970
78.40, 6969
80.37, 6968
80.47, 6967
80.83, 6966
81.01, 6965
81.99, 6964
82.75, 6963
83.15, 6962
86.06, 6961
86.64, 6960
86.70, 6959
87.19, 6958
87.36, 6957
88.22, 6956
90.82, 6955
92.63, 6954
94.30, 6953
97.51, 6952
101.15, 6951
101.17, 6950
114.49, 6949
114.82, 6948
115.01, 6947
115.47, 6946
115.52, 6945
116.71, 6944
121.99, 6943
122.25, 6942
122.82, 6941
124.44, 6940
128.51, 6939
130.14, 6938
135.52, 6937
136.09, 6936
150.31, 6935
152.97, 6934
153.12, 6933
153.14, 6932
153.60, 6931
191.15, 6930
191.79, 6929
191.91, 6928
196.36, 6927
206.79, 6926
207.59, 6925
209.91, 6924
229.27, 6923
245.25, 6922
321.07, 6921
321.82, 6920
322.65, 6919
326.38, 6918
336.25, 6917
340.06, 6916
361.82, 6915
364.93, 6914
370.40, 6913
405.92, 6912
406.03, 6911
415.59, 6910
