5.25, 7374
5.28, 7373
5.30, 7372
5.31, 7371
5.33, 7370
5.34, 7369
5.35, 7368
5.37, 7367
5.38, 7366
5.40, 7365
5.41, 7364
5.43, 7363
5.44, 7362
5.46, 7361
5.47, 7360
5.49, 7359
5.50, 7358
5.51, 7357
5.53, 7356
5.54, 7355
5.56, 7354
5.57, 7353
5.59, 7352
5.60, 7351
5.61, 7350
5.63, 7349
5.64, 7348
5.66, 7347
5.67, 7346
8.68, 7345
12.50, 7344
13.07, 7343
13.11, 7342
14.50, 7341
22.61, 7340
24.49, 7339
26.43, 7338
26.47, 7337
26.57, 7336
26.61, 7335
26.71, 7334
26.75, 7333
26.86, 7332
26.91, 7331
26.93, 7330
27.12, 7329
27.16, 7328
27.26, 7327
27.30, 7326
27.44, 7325
27.47, 7324
27.70, 7323
27.75, 7322
27.84, 7321
27.88, 7320
28.02, 7319
28.10, 7318
28.20, 7317
28.24, 7316
28.25, 7315
28.36, 7314
28.50, 7313
28.55, 7312
28.65, 7311
28.69, 7310
28.79, 7309
28.83, 7308
28.85, 7307
28.86, 7306
28.88, 7305
29.02, 7304
29.06, 7303
29.15, 7302
29.19, 7301
29.21, 7300
29.30, 7299
29.46, 7298
29.59, 7297
29.70, 7296
29.74, 7295
29.85, 7294
29.89, 7293
29.90, 7292
29.92, 7291
30.11, 7290
30.24, 7289
30.29, 7288
30.40, 7287
30.50, 7286
30.64, 7285
30.69, 7284
30.71, 7283
30.82, 7282
30.89, 7281
31.08, 7280
31.15, 7279
31.33, 7278
31.39, 7277
31.50, 7276
31.54, 7275
31.55, 7274
31.57, 7273
31.59, 7272
31.61, 7271
31.76, 7270
31.81, 7269
31.93, 7268
31.97, 7267
32.12, 7266
32.16, 7265
32.26, 7264
32.30, 7263
32.31, 7262
32.42, 7261
32.49, 7260
32.59, 7259
32.63, 7258
32.74, 7257
32.79, 7256
32.89, 7255
32.94, 7254
32.95, 7253
32.97, 7252
33.15, 7251
33.22, 7250
33.40, 7249
33.48, 7248
33.65, 7247
33.73, 7246
33.91, 7245
33.98, 7244
34.01, 7243
34.19, 7242
34.26, 7241
34.37, 7240
34.41, 7239
34.57, 7238
34.64, 7237
34.82, 7236
34.89, 7235
34.92, 7234
34.94, 7233
34.97, 7232
35.21, 7231
35.25, 7230
35.36, 7229
35.42, 7228
35.52, 7227
35.56, 7226
35.66, 7225
35.70, 7224
35.72, 7223
35.97, 7222
36.12, 7221
36.16, 7220
36.26, 7219
36.30, 7218
36.46, 7217
36.48, 7216
36.50, 7215
36.53, 7214
36.78, 7213
36.85, 7212
36.95, 7211
36.99, 7210
37.14, 7209
37.18, 7208
37.28, 7207
37.32, 7206
37.34, 7205
37.44, 7204
37.49, 7203
37.59, 7202
37.63, 7201
37.73, 7200
37.77, 7199
37.87, 7198
37.94, 7197
37.95, 7196
37.96, 7195
37.98, 7194
37.99, 7193
38.13, 7192
38.17, 7191
38.34, 7190
38.52, 7189
38.58, 7188
38.75, 7187
38.82, 7186
38.84, 7185
38.98, 7184
39.03, 7183
39.13, 7182
39.17, 7181
39.28, 7180
39.32, 7179
39.45, 7178
39.53, 7177
39.54, 7176
39.56, 7175
39.70, 7174
39.96, 7173
40.00, 7172
40.08, 7171
40.13, 7170
40.17, 7169
40.31, 7168
40.36, 7167
40.37, 7166
40.47, 7165
40.52, 7164
40.62, 7163
40.69, 7162
40.82, 7161
40.93, 7160
40.98, 7159
41.01, 7158
41.03, 7157
41.27, 7156
41.34, 7155
41.49, 7154
41.53, 7153
41.55, 7152
41.64, 7151
41.69, 7150
41.79, 7149
41.83, 7148
41.94, 7147
41.98, 7146
42.11, 7145
42.18, 7144
42.21, 7143
42.23, 7142
42.48, 7141
42.52, 7140
42.70, 7139
42.77, 7138
42.95, 7137
42.99, 7136
43.09, 7135
43.13, 7134
43.14, 7133
43.24, 7132
43.28, 7131
43.37, 7130
43.41, 7129
43.51, 7128
43.55, 7127
43.65, 7126
43.70, 7125
43.71, 7124
43.72, 7123
43.74, 7122
43.75, 7121
44.00, 7120
44.08, 7119
44.25, 7118
44.31, 7117
44.50, 7116
44.57, 7115
44.68, 7114
44.72, 7113
44.74, 7112
44.89, 7111
44.93, 7110
45.06, 7109
45.25, 7108
45.32, 7107
45.42, 7106
45.46, 7105
45.48, 7104
45.49, 7103
45.64, 7102
45.68, 7101
45.78, 7100
45.83, 7099
45.93, 7098
45.98, 7097
46.08, 7096
46.15, 7095
46.17, 7094
46.35, 7093
46.41, 7092
46.51, 7091
46.56, 7090
46.67, 7089
46.71, 7088
46.82, 7087
46.86, 7086
46.88, 7085
46.90, 7084
46.91, 7083
47.07, 7082
47.11, 7081
47.21, 7080
47.28, 7079
47.49, 7078
47.62, 7077
47.67, 7076
47.68, 7075
47.78, 7074
47.82, 7073
47.92, 7072
47.97, 7071
48.07, 7070
48.11, 7069
48.22, 7068
48.29, 7067
48.30, 7066
48.31, 7065
48.46, 7064
48.51, 7063
48.64, 7062
48.71, 7061
48.88, 7060
48.92, 7059
49.02, 7058
49.06, 7057
49.08, 7056
49.17, 7055
49.22, 7054
49.32, 7053
49.39, 7052
49.56, 7051
49.63, 7050
49.74, 7049
49.78, 7048
49.80, 7047
49.83, 7046
49.85, 7045
49.87, 7044
49.90, 7043
49.91, 7042
49.93, 7041
49.94, 7040
49.96, 7039
49.97, 7038
49.99, 7037
50.01, 7036
50.02, 7035
50.04, 7034
50.05, 7033
57.70, 7032
57.71, 7031
57.84, 7030
58.01, 7029
58.16, 7028
58.36, 7027
58.59, 7026
58.61, 7025
58.82, 7024
59.22, 7023
59.27, 7022
59.43, 7021
59.45, 7020
59.46, 7019
59.61, 7018
60.95, 7017
61.01, 7016
61.03, 7015
61.13, 7014
61.88, 7013
61.96, 7012
62.12, 7011
62.23, 7010
62.50, 7009
62.65, 7008
63.73, 7007
63.96, 7006
64.77, 7005
65.49, 7004
66.39, 7003
66.41, 7002
66.63, 7001
68.90, 7000
71.90, 6999
73.45, 6998
74.42, 6997
74.77, 6996
75.25, 6995
75.48, 6994
75.78, 6993
75.85, 6992
76.02, 6991
76.04, 6990
76.27, 6989
76.29, 6988
76.44, 6987
76.63, 6986
76.65, 6985
76.79, 6984
77.12, 6983
78.59, 6982
78.74, 6981
78.76, 6980
79.45, 6979
80.17, 6978
80.97, 6977
81.63, 6976
81.66, 6975
81.77, 6974
82.24, 6973
82.35, 6972
82.65, 6971
83.82, 6970
85.10, 6969
85.32, 6968
86.16, 6967
86.60, 6966
86.69, 6965
89.08, 6964
89.51, 6963
89.53, 6962
89.88, 6961
90.09, 6960
90.36, 6959
91.59, 6958
93.76, 6957
100.08, 6956
101.04, 6955
101.99, 6954
102.01, 6953
102.05, 6952
104.25, 6951
104.35, 6950
104.62, 6949
104.67, 6948
104.77, 6947
106.60, 6946
130.29, 6945
130.40, 6944
130.63, 6943
130.64, 6942
132.09, 6941
132.12, 6940
133.08, 6939
134.06, 6938
136.30, 6937
138.79, 6936
142.52, 6935
143.30, 6934
144.53, 6933
146.84, 6932
148.55, 6931
148.64, 6930
153.84, 6929
153.89, 6928
153.91, 6927
153.98, 6926
165.21, 6925
168.58, 6924
203.48, 6923
213.03, 6922
224.17, 6921
261.48, 6920
318.70, 6919
332.78, 6918
419.52, 6917
425.20, 6916
481.92, 6915
513.41, 6914
518.44, 6913
594.70, 6912
