6.15, 4697
6.20, 4696
6.22, 4695
6.25, 4694
6.28, 4693
6.30, 4692
6.34, 4691
6.39, 4690
6.42, 4689
6.44, 4688
6.47, 4687
6.49, 4686
6.51, 4685
6.54, 4684
6.56, 4683
6.59, 4682
6.61, 4681
6.63, 4680
6.66, 4679
6.69, 4678
6.71, 4677
6.74, 4676
6.76, 4675
6.79, 4674
6.82, 4673
6.84, 4672
6.86, 4671
6.88, 4670
6.90, 4669
6.92, 4668
6.95, 4667
6.97, 4666
6.99, 4665
7.01, 4664
7.03, 4663
7.06, 4662
7.08, 4661
7.10, 4660
7.12, 4659
7.14, 4658
7.16, 4657
7.19, 4656
7.21, 4655
7.24, 4654
7.27, 4653
7.37, 4652
7.52, 4651
7.93, 4650
8.12, 4649
8.58, 4648
8.75, 4647
8.96, 4646
9.21, 4645
9.46, 4644
9.88, 4643
10.27, 4642
10.68, 4641
10.86, 4640
10.89, 4639
11.01, 4638
11.03, 4637
11.88, 4636
11.90, 4635
12.01, 4634
12.18, 4633
12.80, 4632
13.33, 4631
14.09, 4630
14.11, 4629
14.93, 4628
15.75, 4627
15.82, 4626
16.50, 4625
16.66, 4624
17.14, 4623
17.76, 4622
17.91, 4621
17.98, 4620
18.11, 4619
18.51, 4618
18.96, 4617
19.17, 4616
19.27, 4615
19.57, 4614
20.11, 4613
21.06, 4612
21.22, 4611
21.47, 4610
21.60, 4609
21.83, 4608
22.07, 4607
22.16, 4606
22.62, 4605
23.39, 4604
24.28, 4603
24.40, 4602
25.44, 4601
25.90, 4600
25.97, 4599
26.65, 4598
26.68, 4597
26.91, 4596
27.51, 4595
27.75, 4594
28.21, 4593
30.46, 4592
30.75, 4591
30.93, 4590
31.09, 4589
31.21, 4588
31.39, 4587
32.91, 4586
34.95, 4585
35.82, 4584
35.89, 4583
36.22, 4582
36.51, 4581
37.46, 4580
38.08, 4579
38.50, 4578
39.16, 4577
39.68, 4576
41.29, 4575
42.30, 4574
42.61, 4573
44.80, 4572
47.05, 4571
52.56, 4570
59.99, 4569
60.90, 4568
66.24, 4567
105.92, 4566
113.64, 4565
114.74, 4564
117.20, 4563
117.29, 4562
125.80, 4561
129.39, 4560
130.27, 4559
135.05, 4558
137.69, 4557
149.91, 4556
222.01, 4555
224.11, 4554
224.41, 4553
243.80, 4552
245.75, 4551
246.82, 4550
266.90, 4549
325.87, 4548
354.70, 4547
367.93, 4546
422.46, 4545
434.67, 4544
437.37, 4543
438.69, 4542
