1.70, 2277
19.92, 2276
20.91, 2275
21.16, 2274
21.76, 2273
23.73, 2272
24.19, 2271
24.43, 2270
24.97, 2269
25.44, 2268
25.46, 2267
26.39, 2266
26.78, 2265
27.03, 2264
27.09, 2263
28.33, 2262
28.35, 2261
29.50, 2260
29.54, 2259
29.95, 2258
33.84, 2257
34.28, 2256
34.58, 2255
35.12, 2254
36.72, 2253
36.77, 2252
38.01, 2251
38.91, 2250
40.93, 2249
41.74, 2248
42.05, 2247
42.98, 2246
45.79, 2245
45.97, 2244
48.01, 2243
49.30, 2242
49.79, 2241
50.98, 2240
51.13, 2239
52.64, 2238
56.74, 2237
57.14, 2236
58.07, 2235
62.66, 2234
66.18, 2233
66.32, 2232
67.62, 2231
69.04, 2230
70.79, 2229
72.95, 2228
75.14, 2227
75.18, 2226
