2.07, 2277
17.31, 2276
17.49, 2275
17.62, 2274
18.70, 2273
19.24, 2272
21.79, 2271
22.87, 2270
25.20, 2269
26.63, 2268
26.72, 2267
27.03, 2266
27.61, 2265
27.93, 2264
28.80, 2263
28.81, 2262
29.49, 2261
29.99, 2260
30.28, 2259
30.83, 2258
32.92, 2257
33.10, 2256
33.30, 2255
33.41, 2254
34.18, 2253
35.39, 2252
35.56, 2251
35.98, 2250
36.08, 2249
38.55, 2248
42.89, 2247
42.92, 2246
43.85, 2245
44.77, 2244
44.98, 2243
48.61, 2242
48.97, 2241
50.69, 2240
51.45, 2239
52.02, 2238
52.56, 2237
54.03, 2236
56.48, 2235
57.04, 2234
62.54, 2233
63.99, 2232
67.43, 2231
70.34, 2230
72.87, 2229
72.99, 2228
79.14, 2227
79.45, 2226
