1.80, 2277
17.98, 2276
17.99, 2275
18.31, 2274
18.34, 2273
19.13, 2272
19.20, 2271
19.35, 2270
20.42, 2269
20.43, 2268
20.60, 2267
21.69, 2266
22.15, 2265
23.00, 2264
23.16, 2263
23.68, 2262
23.78, 2261
25.98, 2260
27.64, 2259
28.07, 2258
28.81, 2257
29.72, 2256
30.33, 2255
30.69, 2254
30.82, 2253
36.85, 2252
37.26, 2251
40.62, 2250
40.96, 2249
41.94, 2248
42.08, 2247
42.69, 2246
43.21, 2245
43.48, 2244
45.45, 2243
49.33, 2242
50.01, 2241
50.90, 2240
53.15, 2239
53.91, 2238
54.02, 2237
55.48, 2236
58.55, 2235
58.76, 2234
65.24, 2233
66.61, 2232
67.15, 2231
71.06, 2230
73.25, 2229
75.22, 2228
75.41, 2227
79.77, 2226
