2.01, 2277
11.52, 2276
14.48, 2275
15.11, 2274
15.23, 2273
15.39, 2272
15.69, 2271
16.04, 2270
17.07, 2269
17.32, 2268
17.48, 2267
18.29, 2266
18.74, 2265
20.86, 2264
23.39, 2263
23.41, 2262
25.06, 2261
28.16, 2260
30.28, 2259
30.69, 2258
31.06, 2257
32.47, 2256
33.18, 2255
33.60, 2254
33.74, 2253
37.44, 2252
38.35, 2251
38.37, 2250
38.55, 2249
39.97, 2248
40.73, 2247
40.76, 2246
41.51, 2245
41.51, 2244
42.83, 2243
44.82, 2242
45.11, 2241
46.93, 2240
47.50, 2239
50.17, 2238
50.64, 2237
51.68, 2236
52.51, 2235
54.97, 2234
56.82, 2233
57.63, 2232
58.58, 2231
60.97, 2230
61.96, 2229
65.12, 2228
67.34, 2227
70.28, 2226
78.33, 2225
80.11, 2224
81.98, 2223
