1.88, 2277
16.99, 2276
18.33, 2275
18.89, 2274
20.11, 2273
20.29, 2272
20.48, 2271
20.57, 2270
20.57, 2269
20.74, 2268
21.79, 2267
23.25, 2266
25.81, 2265
26.33, 2264
30.39, 2263
31.02, 2262
31.11, 2261
31.43, 2260
31.58, 2259
32.18, 2258
33.68, 2257
34.61, 2256
34.82, 2255
34.95, 2254
35.53, 2253
35.87, 2252
36.40, 2251
37.42, 2250
37.45, 2249
38.21, 2248
39.59, 2247
40.05, 2246
40.08, 2245
42.50, 2244
44.89, 2243
45.79, 2242
47.83, 2241
48.26, 2240
48.36, 2239
54.18, 2238
56.43, 2237
57.54, 2236
57.61, 2235
59.10, 2234
60.21, 2233
66.20, 2232
