2.21, 2277
18.45, 2276
18.61, 2275
18.88, 2274
19.08, 2273
19.26, 2272
19.52, 2271
19.72, 2270
20.25, 2269
20.55, 2268
20.76, 2267
20.88, 2266
22.46, 2265
22.66, 2264
23.32, 2263
23.66, 2262
26.10, 2261
26.52, 2260
26.97, 2259
31.78, 2258
33.37, 2257
33.81, 2256
34.21, 2255
35.48, 2254
36.55, 2253
36.74, 2252
36.86, 2251
38.26, 2250
40.51, 2249
42.02, 2248
42.19, 2247
43.66, 2246
44.08, 2245
44.57, 2244
45.37, 2243
45.67, 2242
46.72, 2241
46.79, 2240
48.87, 2239
49.79, 2238
50.67, 2237
53.81, 2236
62.68, 2235
63.40, 2234
64.22, 2233
66.16, 2232
66.77, 2231
68.10, 2230
70.65, 2229
