1.86, 2277
21.93, 2276
22.20, 2275
23.10, 2274
23.20, 2273
24.51, 2272
24.74, 2271
25.06, 2270
25.71, 2269
27.93, 2268
28.87, 2267
29.07, 2266
29.19, 2265
30.84, 2264
33.46, 2263
34.73, 2262
37.37, 2261
38.57, 2260
40.86, 2259
41.03, 2258
41.68, 2257
41.76, 2256
43.49, 2255
44.13, 2254
44.51, 2253
48.10, 2252
49.69, 2251
50.69, 2250
50.71, 2249
53.89, 2248
54.76, 2247
54.81, 2246
57.73, 2245
57.73, 2244
58.18, 2243
58.73, 2242
59.23, 2241
60.92, 2240
63.60, 2239
66.74, 2238
68.58, 2237
69.09, 2236
69.40, 2235
69.53, 2234
72.23, 2233
73.91, 2232
75.43, 2231
75.80, 2230
77.12, 2229
85.04, 2228
85.18, 2227
85.76, 2226
