2.10, 2277
19.17, 2276
20.53, 2275
21.40, 2274
22.23, 2273
22.29, 2272
23.00, 2271
23.62, 2270
24.06, 2269
24.55, 2268
24.57, 2267
25.00, 2266
25.02, 2265
25.58, 2264
26.80, 2263
27.51, 2262
29.36, 2261
29.77, 2260
30.01, 2259
30.68, 2258
31.08, 2257
31.15, 2256
31.81, 2255
31.91, 2254
34.09, 2253
34.68, 2252
35.71, 2251
38.08, 2250
39.40, 2249
40.20, 2248
41.96, 2247
43.55, 2246
44.37, 2245
45.32, 2244
45.51, 2243
47.60, 2242
50.72, 2241
52.32, 2240
55.35, 2239
61.25, 2238
65.32, 2237
65.95, 2236
67.16, 2235
69.46, 2234
70.90, 2233
71.11, 2232
71.13, 2231
73.18, 2230
76.17, 2229
76.88, 2228
79.24, 2227
81.94, 2226
