1.71, 2277
15.12, 2276
15.18, 2275
15.40, 2274
16.28, 2273
16.55, 2272
16.66, 2271
17.01, 2270
17.20, 2269
17.94, 2268
18.01, 2267
18.12, 2266
18.45, 2265
19.27, 2264
20.55, 2263
22.47, 2262
22.50, 2261
23.16, 2260
23.52, 2259
24.15, 2258
25.94, 2257
26.76, 2256
26.88, 2255
27.07, 2254
27.12, 2253
28.79, 2252
29.28, 2251
29.49, 2250
34.25, 2249
34.25, 2248
34.69, 2247
36.40, 2246
36.54, 2245
38.06, 2244
38.55, 2243
42.72, 2242
43.78, 2241
44.13, 2240
44.31, 2239
47.36, 2238
55.47, 2237
56.94, 2236
58.08, 2235
59.41, 2234
60.28, 2233
63.48, 2232
64.59, 2231
64.73, 2230
67.08, 2229
