2.11, 2277
19.48, 2276
19.95, 2275
20.28, 2274
20.97, 2273
21.06, 2272
21.14, 2271
21.62, 2270
23.81, 2269
26.51, 2268
28.28, 2267
29.23, 2266
30.22, 2265
30.39, 2264
32.23, 2263
32.78, 2262
33.11, 2261
33.16, 2260
33.73, 2259
33.77, 2258
33.80, 2257
36.88, 2256
36.98, 2255
37.32, 2254
38.80, 2253
39.20, 2252
40.03, 2251
40.36, 2250
41.65, 2249
42.74, 2248
44.63, 2247
45.20, 2246
47.14, 2245
47.29, 2244
48.49, 2243
49.38, 2242
49.54, 2241
50.75, 2240
50.87, 2239
52.18, 2238
53.47, 2237
53.69, 2236
53.75, 2235
54.56, 2234
61.02, 2233
61.95, 2232
62.77, 2231
66.72, 2230
73.41, 2229
77.67, 2228
79.54, 2227
