1.72, 2277
20.51, 2276
20.75, 2275
20.83, 2274
21.46, 2273
22.78, 2272
23.41, 2271
23.47, 2270
23.61, 2269
23.71, 2268
23.73, 2267
23.83, 2266
24.49, 2265
25.18, 2264
25.32, 2263
25.44, 2262
27.53, 2261
27.68, 2260
27.71, 2259
28.66, 2258
28.75, 2257
29.39, 2256
30.02, 2255
30.90, 2254
30.92, 2253
31.63, 2252
31.73, 2251
33.23, 2250
36.68, 2249
38.02, 2248
39.15, 2247
39.41, 2246
40.27, 2245
41.45, 2244
41.80, 2243
42.38, 2242
43.58, 2241
44.61, 2240
45.55, 2239
46.50, 2238
46.86, 2237
49.92, 2236
50.50, 2235
51.15, 2234
51.26, 2233
55.37, 2232
55.75, 2231
58.19, 2230
59.54, 2229
61.81, 2228
66.88, 2227
67.42, 2226
72.79, 2225
73.35, 2224
75.22, 2223
78.25, 2222
