2.22, 2277
15.04, 2276
15.09, 2275
15.81, 2274
16.62, 2273
17.71, 2272
17.93, 2271
18.57, 2270
20.29, 2269
22.08, 2268
25.21, 2267
25.35, 2266
25.38, 2265
28.44, 2264
29.81, 2263
30.74, 2262
30.88, 2261
31.85, 2260
33.36, 2259
33.94, 2258
34.02, 2257
34.21, 2256
34.36, 2255
35.16, 2254
36.73, 2253
37.23, 2252
38.08, 2251
38.77, 2250
40.40, 2249
40.68, 2248
42.93, 2247
45.75, 2246
47.87, 2245
50.90, 2244
53.52, 2243
53.62, 2242
54.40, 2241
55.63, 2240
58.04, 2239
58.44, 2238
58.61, 2237
59.22, 2236
63.11, 2235
63.13, 2234
64.59, 2233
67.99, 2232
68.40, 2231
68.97, 2230
69.83, 2229
73.74, 2228
74.05, 2227
81.95, 2226
84.85, 2225
85.56, 2224
