1.73, 2277
1.79, 2276
13.17, 2275
13.62, 2274
14.63, 2273
15.17, 2272
15.27, 2271
16.65, 2270
17.55, 2269
18.23, 2268
18.78, 2267
19.25, 2266
19.55, 2265
19.84, 2264
20.44, 2263
21.16, 2262
21.82, 2261
22.75, 2260
24.91, 2259
26.07, 2258
26.46, 2257
27.25, 2256
28.49, 2255
29.24, 2254
29.68, 2253
30.55, 2252
30.63, 2251
30.93, 2250
31.34, 2249
33.19, 2248
35.41, 2247
37.54, 2246
39.65, 2245
40.40, 2244
46.01, 2243
46.77, 2242
47.90, 2241
49.35, 2240
49.75, 2239
55.50, 2238
59.36, 2237
59.84, 2236
60.33, 2235
66.68, 2234
68.93, 2233
75.27, 2232
76.32, 2231
76.55, 2230
