2.04, 2277
20.22, 2276
20.98, 2275
21.54, 2274
22.01, 2273
23.98, 2272
25.63, 2271
26.24, 2270
27.12, 2269
27.30, 2268
27.85, 2267
29.05, 2266
29.22, 2265
29.29, 2264
29.99, 2263
30.27, 2262
30.71, 2261
31.63, 2260
31.79, 2259
31.82, 2258
32.79, 2257
33.17, 2256
34.05, 2255
34.39, 2254
35.62, 2253
36.58, 2252
38.61, 2251
39.49, 2250
40.44, 2249
43.15, 2248
44.39, 2247
44.40, 2246
46.20, 2245
47.34, 2244
47.76, 2243
50.63, 2242
52.39, 2241
52.69, 2240
52.76, 2239
55.38, 2238
57.62, 2237
60.60, 2236
61.25, 2235
61.40, 2234
63.16, 2233
67.94, 2232
69.08, 2231
71.10, 2230
73.75, 2229
74.94, 2228
77.69, 2227
77.96, 2226
81.27, 2225
82.15, 2224
86.41, 2223
