2.07, 2277
19.36, 2276
19.86, 2275
20.02, 2274
20.42, 2273
20.62, 2272
22.14, 2271
22.44, 2270
22.76, 2269
23.50, 2268
23.55, 2267
23.67, 2266
24.96, 2265
25.20, 2264
25.77, 2263
26.27, 2262
26.82, 2261
27.21, 2260
28.73, 2259
30.10, 2258
30.57, 2257
33.73, 2256
34.80, 2255
35.28, 2254
35.35, 2253
38.53, 2252
38.55, 2251
38.61, 2250
40.19, 2249
40.75, 2248
43.49, 2247
44.80, 2246
47.89, 2245
48.10, 2244
48.39, 2243
49.82, 2242
50.41, 2241
53.28, 2240
57.23, 2239
57.47, 2238
58.38, 2237
59.09, 2236
59.54, 2235
60.10, 2234
63.30, 2233
64.35, 2232
65.33, 2231
66.47, 2230
67.58, 2229
70.56, 2228
70.70, 2227
72.11, 2226
