2.15, 2277
15.07, 2276
15.51, 2275
15.55, 2274
15.60, 2273
16.04, 2272
16.55, 2271
19.13, 2270
19.40, 2269
20.30, 2268
21.73, 2267
22.17, 2266
23.21, 2265
23.70, 2264
24.32, 2263
24.94, 2262
25.65, 2261
27.18, 2260
28.71, 2259
28.81, 2258
29.74, 2257
29.75, 2256
29.91, 2255
33.06, 2254
33.69, 2253
35.73, 2252
35.82, 2251
36.79, 2250
38.65, 2249
39.68, 2248
41.46, 2247
44.06, 2246
44.67, 2245
46.23, 2244
46.34, 2243
47.36, 2242
49.63, 2241
50.13, 2240
50.90, 2239
52.62, 2238
55.57, 2237
56.53, 2236
56.55, 2235
60.19, 2234
60.61, 2233
61.82, 2232
62.36, 2231
63.11, 2230
63.16, 2229
67.88, 2228
68.90, 2227
69.07, 2226
73.10, 2225
74.78, 2224
77.54, 2223
