1.66, 2277
21.12, 2276
21.49, 2275
21.64, 2274
21.91, 2273
22.36, 2272
23.71, 2271
24.42, 2270
26.31, 2269
29.21, 2268
32.73, 2267
36.57, 2266
38.11, 2265
39.66, 2264
40.26, 2263
40.51, 2262
41.11, 2261
45.44, 2260
47.22, 2259
47.36, 2258
48.41, 2257
48.60, 2256
49.30, 2255
51.54, 2254
53.03, 2253
54.20, 2252
54.25, 2251
55.18, 2250
55.82, 2249
58.43, 2248
59.29, 2247
59.70, 2246
60.01, 2245
60.42, 2244
62.33, 2243
63.81, 2242
64.17, 2241
64.50, 2240
64.98, 2239
66.52, 2238
68.48, 2237
71.64, 2236
71.96, 2235
