1.78, 2277
14.60, 2276
14.89, 2275
14.92, 2274
15.13, 2273
16.81, 2272
17.27, 2271
17.77, 2270
18.29, 2269
18.88, 2268
19.75, 2267
20.72, 2266
20.84, 2265
21.01, 2264
22.67, 2263
22.93, 2262
22.99, 2261
23.05, 2260
23.50, 2259
23.67, 2258
24.79, 2257
25.38, 2256
25.67, 2255
26.72, 2254
27.16, 2253
27.47, 2252
27.77, 2251
27.97, 2250
28.31, 2249
28.60, 2248
29.13, 2247
29.84, 2246
30.23, 2245
31.21, 2244
32.40, 2243
33.27, 2242
35.39, 2241
35.95, 2240
40.48, 2239
40.61, 2238
41.29, 2237
42.98, 2236
43.17, 2235
43.42, 2234
44.16, 2233
45.55, 2232
46.69, 2231
47.11, 2230
54.08, 2229
57.43, 2228
58.87, 2227
63.87, 2226
66.00, 2225
66.62, 2224
67.99, 2223
74.18, 2222
