1.85, 2277
18.77, 2276
20.65, 2275
21.28, 2274
21.35, 2273
21.50, 2272
21.68, 2271
22.06, 2270
22.55, 2269
23.36, 2268
23.37, 2267
23.40, 2266
24.08, 2265
24.81, 2264
25.92, 2263
26.01, 2262
26.84, 2261
27.31, 2260
28.15, 2259
29.48, 2258
30.60, 2257
31.71, 2256
32.63, 2255
32.78, 2254
33.62, 2253
33.75, 2252
34.04, 2251
34.91, 2250
36.53, 2249
39.16, 2248
43.51, 2247
45.57, 2246
49.50, 2245
50.50, 2244
52.23, 2243
55.37, 2242
56.67, 2241
58.48, 2240
58.61, 2239
59.27, 2238
62.30, 2237
65.35, 2236
66.35, 2235
71.06, 2234
72.26, 2233
72.53, 2232
76.56, 2231
