1.79, 2277
14.66, 2276
15.47, 2275
16.01, 2274
16.70, 2273
16.91, 2272
18.59, 2271
20.23, 2270
21.11, 2269
22.04, 2268
22.60, 2267
23.39, 2266
23.65, 2265
24.10, 2264
24.27, 2263
24.74, 2262
25.24, 2261
25.28, 2260
25.30, 2259
25.94, 2258
26.23, 2257
26.41, 2256
26.63, 2255
28.88, 2254
29.46, 2253
30.51, 2252
32.76, 2251
34.98, 2250
37.64, 2249
38.53, 2248
39.06, 2247
41.66, 2246
42.83, 2245
43.28, 2244
43.87, 2243
45.25, 2242
45.25, 2241
45.87, 2240
47.13, 2239
47.21, 2238
47.40, 2237
47.55, 2236
48.17, 2235
49.56, 2234
50.61, 2233
52.07, 2232
52.69, 2231
54.74, 2230
55.29, 2229
57.65, 2228
61.82, 2227
62.90, 2226
66.73, 2225
67.89, 2224
73.43, 2223
