1.99, 2277
2.04, 2276
18.23, 2275
19.03, 2274
20.17, 2273
20.23, 2272
21.02, 2271
21.49, 2270
21.95, 2269
23.30, 2268
24.79, 2267
26.52, 2266
26.85, 2265
28.24, 2264
28.71, 2263
29.15, 2262
29.52, 2261
31.31, 2260
32.48, 2259
33.26, 2258
33.30, 2257
34.36, 2256
35.25, 2255
36.28, 2254
37.25, 2253
38.25, 2252
39.14, 2251
41.23, 2250
41.60, 2249
41.82, 2248
43.61, 2247
43.70, 2246
43.78, 2245
46.44, 2244
47.05, 2243
48.99, 2242
49.85, 2241
50.26, 2240
50.81, 2239
52.33, 2238
53.71, 2237
57.94, 2236
59.70, 2235
63.30, 2234
65.55, 2233
66.59, 2232
70.79, 2231
72.47, 2230
73.55, 2229
77.90, 2228
78.57, 2227
78.84, 2226
81.03, 2225
81.23, 2224
84.85, 2223
85.92, 2222
