2.21, 2277
14.71, 2276
16.47, 2275
17.47, 2274
19.98, 2273
20.82, 2272
20.85, 2271
20.98, 2270
21.13, 2269
21.43, 2268
22.00, 2267
22.44, 2266
23.67, 2265
23.93, 2264
24.46, 2263
24.85, 2262
25.08, 2261
25.39, 2260
25.44, 2259
25.62, 2258
27.36, 2257
27.55, 2256
27.91, 2255
27.92, 2254
28.01, 2253
28.17, 2252
29.02, 2251
31.94, 2250
32.51, 2249
34.76, 2248
36.86, 2247
37.52, 2246
38.51, 2245
40.24, 2244
42.98, 2243
44.11, 2242
44.46, 2241
44.57, 2240
45.29, 2239
50.24, 2238
51.32, 2237
54.01, 2236
54.50, 2235
54.75, 2234
56.72, 2233
57.26, 2232
57.74, 2231
59.87, 2230
60.67, 2229
61.79, 2228
71.73, 2227
77.32, 2226
77.97, 2225
80.82, 2224
84.78, 2223
85.41, 2222
88.47, 2221
