1.83, 2277
15.38, 2276
15.50, 2275
15.51, 2274
16.22, 2273
16.44, 2272
16.73, 2271
16.83, 2270
17.64, 2269
18.18, 2268
18.19, 2267
18.31, 2266
18.48, 2265
19.40, 2264
19.62, 2263
19.70, 2262
20.10, 2261
20.39, 2260
21.10, 2259
21.36, 2258
22.78, 2257
22.94, 2256
23.01, 2255
23.56, 2254
25.03, 2253
26.37, 2252
27.57, 2251
27.96, 2250
29.72, 2249
30.05, 2248
30.82, 2247
31.13, 2246
31.27, 2245
32.67, 2244
34.15, 2243
34.29, 2242
34.46, 2241
34.98, 2240
35.37, 2239
35.41, 2238
35.92, 2237
38.58, 2236
39.31, 2235
42.45, 2234
42.98, 2233
48.22, 2232
49.21, 2231
49.40, 2230
53.77, 2229
58.30, 2228
59.16, 2227
62.58, 2226
62.88, 2225
65.00, 2224
