2.02, 2277
17.61, 2276
18.27, 2275
18.82, 2274
19.10, 2273
20.19, 2272
20.60, 2271
21.21, 2270
21.81, 2269
22.43, 2268
24.16, 2267
24.28, 2266
25.11, 2265
25.12, 2264
28.63, 2263
28.67, 2262
29.71, 2261
32.01, 2260
33.38, 2259
33.97, 2258
34.53, 2257
36.81, 2256
37.18, 2255
37.48, 2254
40.07, 2253
41.83, 2252
42.48, 2251
43.80, 2250
45.19, 2249
46.48, 2248
46.93, 2247
48.73, 2246
48.76, 2245
49.48, 2244
51.70, 2243
52.56, 2242
53.98, 2241
54.26, 2240
54.96, 2239
55.80, 2238
56.39, 2237
57.11, 2236
59.66, 2235
59.85, 2234
64.66, 2233
66.39, 2232
66.52, 2231
69.49, 2230
69.79, 2229
74.19, 2228
78.23, 2227
81.80, 2226
