1.79, 2277
19.42, 2276
20.87, 2275
21.20, 2274
21.41, 2273
21.69, 2272
21.82, 2271
21.88, 2270
21.88, 2269
23.93, 2268
24.36, 2267
25.36, 2266
25.85, 2265
25.94, 2264
25.96, 2263
26.59, 2262
26.93, 2261
27.49, 2260
27.90, 2259
27.90, 2258
29.02, 2257
30.32, 2256
32.43, 2255
33.31, 2254
33.85, 2253
34.37, 2252
36.90, 2251
36.98, 2250
37.31, 2249
37.81, 2248
38.13, 2247
39.20, 2246
39.59, 2245
39.62, 2244
40.33, 2243
40.37, 2242
43.93, 2241
44.35, 2240
45.60, 2239
48.65, 2238
48.84, 2237
57.08, 2236
58.80, 2235
62.85, 2234
63.10, 2233
64.36, 2232
65.01, 2231
65.37, 2230
66.37, 2229
67.26, 2228
70.22, 2227
70.42, 2226
72.46, 2225
