1.80, 2277
15.95, 2276
16.10, 2275
16.34, 2274
16.45, 2273
18.49, 2272
19.55, 2271
19.56, 2270
19.65, 2269
20.02, 2268
20.15, 2267
20.85, 2266
21.09, 2265
22.34, 2264
22.42, 2263
22.52, 2262
22.75, 2261
23.40, 2260
23.80, 2259
24.29, 2258
25.84, 2257
27.32, 2256
27.57, 2255
29.12, 2254
29.22, 2253
29.35, 2252
30.38, 2251
32.29, 2250
33.83, 2249
35.91, 2248
37.00, 2247
41.11, 2246
42.83, 2245
43.93, 2244
57.40, 2243
58.52, 2242
61.55, 2241
66.05, 2240
69.91, 2239
71.83, 2238
71.96, 2237
74.27, 2236
76.76, 2235
76.90, 2234
79.69, 2233
80.55, 2232
81.51, 2231
82.96, 2230
