12.16, 4697
52.73, 4696
52.92, 4695
54.73, 4694
55.44, 4693
55.55, 4692
55.74, 4691
60.07, 4690
60.87, 4689
61.28, 4688
62.18, 4687
63.74, 4686
63.84, 4685
64.92, 4684
65.47, 4683
65.53, 4682
65.66, 4681
65.77, 4680
66.18, 4679
67.23, 4678
67.36, 4677
67.78, 4676
70.19, 4675
71.19, 4674
71.77, 4673
71.87, 4672
72.66, 4671
73.72, 4670
75.94, 4669
76.35, 4668
80.21, 4667
81.66, 4666
82.08, 4665
86.83, 4664
87.62, 4663
87.64, 4662
88.61, 4661
90.45, 4660
91.37, 4659
91.78, 4658
95.35, 4657
97.07, 4656
98.49, 4655
100.29, 4654
103.13, 4653
103.80, 4652
108.68, 4651
109.89, 4650
110.81, 4649
111.75, 4648
115.09, 4647
115.30, 4646
121.42, 4645
121.54, 4644
122.03, 4643
125.15, 4642
125.23, 4641
125.98, 4640
130.22, 4639
130.42, 4638
134.35, 4637
134.92, 4636
138.76, 4635
142.81, 4634
151.45, 4633
153.08, 4632
162.06, 4631
165.11, 4630
168.93, 4629
