11.71, 4697
52.59, 4696
57.02, 4695
57.84, 4694
58.61, 4693
61.83, 4692
63.07, 4691
63.30, 4690
65.31, 4689
65.50, 4688
68.97, 4687
73.68, 4686
74.64, 4685
76.10, 4684
77.48, 4683
79.53, 4682
81.54, 4681
83.61, 4680
85.07, 4679
85.70, 4678
85.99, 4677
86.45, 4676
87.57, 4675
89.66, 4674
90.82, 4673
93.39, 4672
94.86, 4671
98.48, 4670
100.85, 4669
107.68, 4668
114.34, 4667
117.78, 4666
120.40, 4665
120.45, 4664
121.68, 4663
123.16, 4662
127.74, 4661
128.49, 4660
129.16, 4659
132.36, 4658
133.02, 4657
133.51, 4656
135.31, 4655
135.99, 4654
137.28, 4653
139.31, 4652
142.73, 4651
144.40, 4650
150.78, 4649
151.06, 4648
154.75, 4647
157.41, 4646
159.06, 4645
159.64, 4644
164.96, 4643
165.77, 4642
169.92, 4641
170.42, 4640
174.12, 4639
175.69, 4638
