13.75, 4697
46.93, 4696
47.57, 4695
56.65, 4694
57.95, 4693
62.29, 4692
62.29, 4691
63.90, 4690
63.90, 4689
64.44, 4688
65.30, 4687
65.52, 4686
65.63, 4685
67.29, 4684
67.51, 4683
69.16, 4682
69.86, 4681
73.99, 4680
79.03, 4679
82.94, 4678
85.61, 4677
86.08, 4676
86.82, 4675
87.73, 4674
92.64, 4673
93.54, 4672
94.22, 4671
95.03, 4670
97.82, 4669
97.94, 4668
98.28, 4667
98.31, 4666
100.66, 4665
106.91, 4664
108.67, 4663
111.39, 4662
111.70, 4661
115.56, 4660
116.00, 4659
118.00, 4658
118.89, 4657
119.49, 4656
120.64, 4655
122.45, 4654
123.40, 4653
123.86, 4652
125.24, 4651
126.58, 4650
127.97, 4649
132.10, 4648
135.63, 4647
140.08, 4646
148.24, 4645
149.85, 4644
150.47, 4643
152.18, 4642
154.81, 4641
155.33, 4640
156.03, 4639
158.14, 4638
159.30, 4637
159.77, 4636
160.64, 4635
165.03, 4634
166.18, 4633
169.63, 4632
171.73, 4631
172.05, 4630
174.83, 4629
174.84, 4628
178.50, 4627
183.37, 4626
183.40, 4625
190.10, 4624
194.88, 4623
195.92, 4622
