13.78, 4697
56.81, 4696
56.81, 4695
59.84, 4694
60.71, 4693
62.19, 4692
66.53, 4691
69.74, 4690
70.51, 4689
72.61, 4688
75.83, 4687
77.20, 4686
78.15, 4685
80.46, 4684
80.52, 4683
81.13, 4682
81.62, 4681
82.27, 4680
84.93, 4679
85.63, 4678
85.94, 4677
86.87, 4676
87.11, 4675
88.56, 4674
89.67, 4673
95.58, 4672
96.91, 4671
98.04, 4670
100.70, 4669
102.84, 4668
103.38, 4667
107.27, 4666
109.24, 4665
109.81, 4664
109.84, 4663
110.00, 4662
110.95, 4661
111.20, 4660
113.55, 4659
115.00, 4658
116.10, 4657
116.12, 4656
116.36, 4655
120.39, 4654
123.51, 4653
124.08, 4652
124.30, 4651
124.55, 4650
127.07, 4649
127.56, 4648
127.60, 4647
133.57, 4646
133.62, 4645
136.87, 4644
140.45, 4643
145.11, 4642
145.42, 4641
145.60, 4640
147.74, 4639
148.77, 4638
155.91, 4637
158.99, 4636
159.95, 4635
171.08, 4634
171.83, 4633
172.63, 4632
177.36, 4631
180.97, 4630
183.49, 4629
187.53, 4628
194.20, 4627
195.69, 4626
