14.19, 4697
14.20, 4696
49.61, 4695
54.47, 4694
55.01, 4693
55.03, 4692
55.96, 4691
57.28, 4690
57.35, 4689
60.43, 4688
63.41, 4687
64.04, 4686
65.88, 4685
67.84, 4684
68.09, 4683
68.58, 4682
69.99, 4681
70.21, 4680
71.75, 4679
72.78, 4678
75.40, 4677
76.52, 4676
77.89, 4675
79.73, 4674
80.12, 4673
82.02, 4672
83.87, 4671
84.58, 4670
87.48, 4669
89.48, 4668
92.19, 4667
94.38, 4666
95.75, 4665
97.28, 4664
98.05, 4663
101.21, 4662
103.07, 4661
103.20, 4660
104.58, 4659
115.65, 4658
119.08, 4657
119.71, 4656
121.18, 4655
121.23, 4654
122.57, 4653
122.88, 4652
123.91, 4651
125.58, 4650
129.97, 4649
130.55, 4648
132.69, 4647
133.42, 4646
135.34, 4645
135.59, 4644
140.95, 4643
141.81, 4642
142.64, 4641
144.39, 4640
145.49, 4639
151.16, 4638
156.66, 4637
161.07, 4636
162.26, 4635
162.86, 4634
167.06, 4633
169.98, 4632
173.76, 4631
175.15, 4630
177.41, 4629
180.39, 4628
193.07, 4627
196.39, 4626
