11.54, 4697
56.05, 4696
61.03, 4695
62.82, 4694
66.82, 4693
67.07, 4692
67.41, 4691
69.24, 4690
73.97, 4689
75.67, 4688
76.34, 4687
76.47, 4686
76.88, 4685
78.38, 4684
79.42, 4683
80.58, 4682
83.71, 4681
84.38, 4680
85.97, 4679
91.03, 4678
91.40, 4677
92.04, 4676
95.10, 4675
96.59, 4674
98.01, 4673
101.58, 4672
102.51, 4671
104.09, 4670
104.32, 4669
104.36, 4668
104.66, 4667
107.46, 4666
107.68, 4665
109.35, 4664
110.60, 4663
110.87, 4662
116.01, 4661
116.01, 4660
116.24, 4659
117.44, 4658
117.55, 4657
120.01, 4656
125.02, 4655
125.13, 4654
125.83, 4653
126.57, 4652
133.04, 4651
137.49, 4650
138.19, 4649
138.61, 4648
138.86, 4647
143.36, 4646
145.78, 4645
146.05, 4644
147.85, 4643
150.22, 4642
152.82, 4641
156.79, 4640
157.04, 4639
161.24, 4638
161.91, 4637
162.71, 4636
