14.18, 4697
14.26, 4696
58.46, 4695
67.29, 4694
68.82, 4693
69.86, 4692
72.32, 4691
74.89, 4690
75.97, 4689
76.28, 4688
76.90, 4687
78.53, 4686
80.37, 4685
81.12, 4684
81.41, 4683
85.25, 4682
86.43, 4681
87.02, 4680
87.12, 4679
88.22, 4678
89.51, 4677
89.91, 4676
91.14, 4675
92.53, 4674
94.19, 4673
96.89, 4672
100.30, 4671
103.06, 4670
105.55, 4669
106.56, 4668
108.25, 4667
110.29, 4666
113.17, 4665
114.69, 4664
117.73, 4663
118.00, 4662
120.60, 4661
121.02, 4660
124.04, 4659
124.86, 4658
125.39, 4657
131.44, 4656
134.49, 4655
137.42, 4654
138.04, 4653
139.62, 4652
144.50, 4651
145.72, 4650
145.99, 4649
147.54, 4648
148.20, 4647
149.58, 4646
149.62, 4645
151.19, 4644
154.12, 4643
154.40, 4642
158.46, 4641
160.04, 4640
161.54, 4639
163.65, 4638
164.35, 4637
167.76, 4636
171.19, 4635
173.87, 4634
174.18, 4633
180.35, 4632
181.06, 4631
181.40, 4630
182.83, 4629
184.11, 4628
194.84, 4627
198.92, 4626
200.18, 4625
