11.70, 4697
11.90, 4696
84.00, 4695
85.55, 4694
85.69, 4693
86.48, 4692
86.81, 4691
88.01, 4690
90.35, 4689
90.66, 4688
91.46, 4687
93.21, 4686
95.43, 4685
96.13, 4684
97.77, 4683
99.13, 4682
102.51, 4681
103.36, 4680
108.17, 4679
108.55, 4678
110.06, 4677
110.31, 4676
110.52, 4675
112.60, 4674
113.76, 4673
114.88, 4672
117.21, 4671
117.49, 4670
119.93, 4669
122.83, 4668
125.00, 4667
128.44, 4666
128.51, 4665
129.27, 4664
130.13, 4663
131.36, 4662
137.36, 4661
139.98, 4660
140.43, 4659
140.44, 4658
140.54, 4657
145.57, 4656
146.04, 4655
147.95, 4654
149.49, 4653
149.67, 4652
150.12, 4651
150.37, 4650
151.52, 4649
153.81, 4648
155.99, 4647
156.87, 4646
157.83, 4645
158.36, 4644
159.25, 4643
162.23, 4642
162.36, 4641
167.46, 4640
170.96, 4639
171.72, 4638
175.14, 4637
176.03, 4636
