14.21, 4697
59.26, 4696
60.13, 4695
60.94, 4694
61.55, 4693
63.32, 4692
64.15, 4691
68.42, 4690
70.10, 4689
72.04, 4688
73.25, 4687
75.74, 4686
75.74, 4685
75.92, 4684
77.60, 4683
79.86, 4682
79.93, 4681
80.23, 4680
82.18, 4679
83.88, 4678
85.87, 4677
86.08, 4676
90.42, 4675
90.52, 4674
92.28, 4673
92.40, 4672
92.60, 4671
93.15, 4670
93.80, 4669
94.62, 4668
94.84, 4667
95.66, 4666
96.72, 4665
98.80, 4664
99.92, 4663
102.02, 4662
102.30, 4661
102.42, 4660
103.03, 4659
103.49, 4658
106.24, 4657
106.47, 4656
109.71, 4655
113.67, 4654
117.26, 4653
117.35, 4652
119.64, 4651
120.75, 4650
123.09, 4649
124.70, 4648
127.21, 4647
128.29, 4646
133.64, 4645
134.86, 4644
143.76, 4643
145.26, 4642
147.52, 4641
150.25, 4640
150.72, 4639
155.62, 4638
155.96, 4637
158.05, 4636
158.57, 4635
160.85, 4634
161.41, 4633
162.40, 4632
163.01, 4631
163.71, 4630
163.80, 4629
165.06, 4628
167.00, 4627
167.87, 4626
170.86, 4625
174.64, 4624
176.72, 4623
180.77, 4622
181.11, 4621
182.73, 4620
187.05, 4619
187.75, 4618
190.59, 4617
195.18, 4616
196.44, 4615
