14.37, 4697
14.41, 4696
14.74, 4695
50.78, 4694
52.71, 4693
53.73, 4692
54.55, 4691
54.74, 4690
54.89, 4689
56.45, 4688
57.37, 4687
58.56, 4686
60.63, 4685
60.95, 4684
61.19, 4683
62.50, 4682
64.36, 4681
65.37, 4680
68.18, 4679
68.22, 4678
69.09, 4677
71.58, 4676
72.39, 4675
74.04, 4674
74.27, 4673
76.40, 4672
76.45, 4671
77.81, 4670
79.59, 4669
80.27, 4668
80.79, 4667
87.80, 4666
89.76, 4665
90.70, 4664
90.73, 4663
93.25, 4662
93.83, 4661
94.16, 4660
95.90, 4659
97.70, 4658
98.55, 4657
102.47, 4656
107.24, 4655
113.86, 4654
115.13, 4653
115.76, 4652
117.58, 4651
125.17, 4650
129.16, 4649
130.34, 4648
136.46, 4647
138.80, 4646
139.33, 4645
139.73, 4644
141.50, 4643
142.40, 4642
143.33, 4641
144.36, 4640
151.79, 4639
152.55, 4638
154.58, 4637
161.51, 4636
163.84, 4635
166.01, 4634
168.14, 4633
172.20, 4632
180.02, 4631
180.24, 4630
182.41, 4629
