12.87, 4697
45.09, 4696
45.95, 4695
46.80, 4694
47.44, 4693
49.21, 4692
49.73, 4691
54.58, 4690
57.05, 4689
57.34, 4688
59.62, 4687
59.62, 4686
60.68, 4685
63.39, 4684
63.47, 4683
64.32, 4682
64.97, 4681
65.92, 4680
67.50, 4679
69.21, 4678
72.32, 4677
72.65, 4676
73.17, 4675
73.40, 4674
73.44, 4673
74.59, 4672
74.88, 4671
78.19, 4670
79.52, 4669
81.53, 4668
81.76, 4667
82.04, 4666
83.57, 4665
85.09, 4664
85.87, 4663
88.77, 4662
89.77, 4661
92.18, 4660
92.66, 4659
92.93, 4658
93.91, 4657
94.92, 4656
103.23, 4655
104.27, 4654
107.32, 4653
109.68, 4652
115.04, 4651
115.48, 4650
118.85, 4649
120.48, 4648
123.85, 4647
129.97, 4646
132.94, 4645
132.97, 4644
133.20, 4643
134.98, 4642
136.10, 4641
136.12, 4640
136.88, 4639
137.48, 4638
141.29, 4637
143.56, 4636
144.68, 4635
150.51, 4634
151.65, 4633
152.40, 4632
153.22, 4631
153.24, 4630
153.75, 4629
154.13, 4628
158.97, 4627
165.98, 4626
166.83, 4625
168.19, 4624
168.61, 4623
171.62, 4622
