14.05, 4697
14.28, 4696
15.90, 4695
62.37, 4694
64.08, 4693
64.15, 4692
65.69, 4691
66.04, 4690
66.66, 4689
67.42, 4688
70.02, 4687
73.88, 4686
74.01, 4685
74.29, 4684
74.51, 4683
74.76, 4682
78.16, 4681
79.43, 4680
80.44, 4679
82.20, 4678
82.56, 4677
82.57, 4676
84.24, 4675
84.90, 4674
85.96, 4673
87.99, 4672
90.85, 4671
93.60, 4670
99.85, 4669
102.81, 4668
102.97, 4667
104.54, 4666
104.84, 4665
108.87, 4664
108.98, 4663
114.07, 4662
120.81, 4661
122.16, 4660
125.26, 4659
126.41, 4658
130.51, 4657
134.95, 4656
135.58, 4655
136.56, 4654
137.36, 4653
138.55, 4652
140.30, 4651
143.74, 4650
145.17, 4649
147.56, 4648
147.90, 4647
150.91, 4646
155.25, 4645
156.47, 4644
156.65, 4643
160.02, 4642
160.26, 4641
160.29, 4640
160.63, 4639
162.15, 4638
164.15, 4637
167.63, 4636
168.47, 4635
169.31, 4634
172.25, 4633
172.28, 4632
173.64, 4631
173.65, 4630
181.58, 4629
183.58, 4628
188.62, 4627
190.94, 4626
192.04, 4625
192.50, 4624
193.51, 4623
