11.79, 4697
11.99, 4696
12.52, 4695
59.64, 4694
60.98, 4693
61.12, 4692
61.87, 4691
62.01, 4690
66.88, 4689
67.45, 4688
67.68, 4687
68.30, 4686
68.83, 4685
68.99, 4684
70.14, 4683
70.74, 4682
70.98, 4681
72.38, 4680
77.77, 4679
82.55, 4678
83.02, 4677
86.22, 4676
87.03, 4675
87.31, 4674
90.52, 4673
93.89, 4672
93.99, 4671
94.48, 4670
94.85, 4669
97.65, 4668
99.63, 4667
99.83, 4666
101.79, 4665
103.33, 4664
104.48, 4663
104.68, 4662
105.24, 4661
106.93, 4660
109.04, 4659
111.79, 4658
114.21, 4657
115.26, 4656
118.17, 4655
122.46, 4654
123.01, 4653
123.94, 4652
125.02, 4651
125.52, 4650
125.95, 4649
129.88, 4648
130.78, 4647
130.87, 4646
131.32, 4645
136.48, 4644
138.53, 4643
139.51, 4642
140.35, 4641
142.50, 4640
142.68, 4639
146.38, 4638
147.90, 4637
150.99, 4636
154.61, 4635
158.26, 4634
166.06, 4633
168.16, 4632
168.17, 4631
