12.66, 4697
61.96, 4696
63.63, 4695
64.50, 4694
67.55, 4693
68.79, 4692
70.31, 4691
71.29, 4690
71.84, 4689
74.26, 4688
78.32, 4687
78.68, 4686
80.35, 4685
81.40, 4684
82.03, 4683
83.87, 4682
86.16, 4681
86.48, 4680
87.09, 4679
88.32, 4678
88.52, 4677
88.70, 4676
88.94, 4675
89.01, 4674
89.29, 4673
89.75, 4672
91.38, 4671
93.86, 4670
96.13, 4669
97.33, 4668
97.41, 4667
97.87, 4666
98.89, 4665
99.34, 4664
101.10, 4663
103.09, 4662
103.38, 4661
103.48, 4660
105.29, 4659
106.41, 4658
109.69, 4657
110.95, 4656
111.79, 4655
111.81, 4654
113.19, 4653
113.87, 4652
117.60, 4651
118.01, 4650
118.26, 4649
122.57, 4648
123.06, 4647
123.94, 4646
126.02, 4645
126.13, 4644
126.58, 4643
126.95, 4642
127.20, 4641
130.29, 4640
131.48, 4639
138.19, 4638
145.16, 4637
146.11, 4636
147.55, 4635
155.24, 4634
155.90, 4633
161.27, 4632
163.38, 4631
166.52, 4630
170.35, 4629
172.85, 4628
173.44, 4627
173.98, 4626
