11.04, 4697
51.78, 4696
52.67, 4695
55.38, 4694
55.60, 4693
59.69, 4692
60.15, 4691
61.41, 4690
61.77, 4689
62.08, 4688
62.84, 4687
62.89, 4686
68.78, 4685
69.30, 4684
69.47, 4683
69.70, 4682
70.38, 4681
75.27, 4680
75.44, 4679
76.05, 4678
78.27, 4677
78.89, 4676
80.53, 4675
81.25, 4674
83.80, 4673
83.95, 4672
85.01, 4671
85.82, 4670
86.16, 4669
86.18, 4668
86.91, 4667
87.18, 4666
87.26, 4665
91.43, 4664
91.72, 4663
91.83, 4662
95.20, 4661
99.03, 4660
103.36, 4659
103.83, 4658
106.20, 4657
106.39, 4656
106.69, 4655
108.78, 4654
109.87, 4653
116.96, 4652
117.29, 4651
118.48, 4650
121.80, 4649
130.88, 4648
133.18, 4647
136.20, 4646
140.83, 4645
145.74, 4644
147.04, 4643
150.24, 4642
152.24, 4641
152.57, 4640
156.29, 4639
158.02, 4638
159.20, 4637
160.14, 4636
160.51, 4635
160.56, 4634
162.10, 4633
163.86, 4632
