12.77, 4697
73.84, 4696
74.13, 4695
74.74, 4694
75.38, 4693
77.90, 4692
77.91, 4691
78.14, 4690
79.34, 4689
82.77, 4688
84.42, 4687
85.01, 4686
87.65, 4685
88.11, 4684
90.54, 4683
91.84, 4682
92.71, 4681
93.15, 4680
93.28, 4679
93.84, 4678
94.65, 4677
95.39, 4676
96.96, 4675
97.75, 4674
99.55, 4673
102.29, 4672
102.73, 4671
103.05, 4670
103.43, 4669
104.73, 4668
105.39, 4667
107.14, 4666
107.38, 4665
110.91, 4664
112.30, 4663
113.22, 4662
113.80, 4661
114.36, 4660
119.97, 4659
120.49, 4658
124.39, 4657
125.94, 4656
127.39, 4655
127.94, 4654
128.26, 4653
129.43, 4652
130.56, 4651
131.76, 4650
133.49, 4649
135.56, 4648
139.19, 4647
147.02, 4646
149.18, 4645
151.30, 4644
152.35, 4643
156.88, 4642
158.75, 4641
159.84, 4640
162.96, 4639
163.62, 4638
165.46, 4637
166.96, 4636
167.57, 4635
168.45, 4634
168.73, 4633
170.17, 4632
173.67, 4631
175.19, 4630
