12.39, 4697
54.29, 4696
55.25, 4695
57.25, 4694
58.10, 4693
60.29, 4692
60.71, 4691
60.81, 4690
61.30, 4689
62.65, 4688
62.77, 4687
63.60, 4686
65.05, 4685
65.35, 4684
65.87, 4683
66.80, 4682
67.93, 4681
68.54, 4680
70.14, 4679
70.55, 4678
71.74, 4677
72.14, 4676
73.16, 4675
75.07, 4674
76.13, 4673
76.36, 4672
77.65, 4671
79.30, 4670
79.89, 4669
80.67, 4668
81.21, 4667
84.57, 4666
85.18, 4665
87.44, 4664
88.23, 4663
88.33, 4662
88.47, 4661
89.51, 4660
90.81, 4659
93.30, 4658
94.44, 4657
94.48, 4656
95.70, 4655
97.61, 4654
97.85, 4653
98.55, 4652
99.79, 4651
102.75, 4650
105.83, 4649
109.47, 4648
110.61, 4647
113.18, 4646
115.37, 4645
121.64, 4644
122.79, 4643
124.18, 4642
125.76, 4641
126.38, 4640
127.50, 4639
127.85, 4638
130.03, 4637
132.16, 4636
132.98, 4635
136.83, 4634
137.56, 4633
139.08, 4632
141.08, 4631
144.58, 4630
150.39, 4629
159.45, 4628
163.59, 4627
