12.90, 4697
13.18, 4696
59.08, 4695
60.63, 4694
60.85, 4693
62.71, 4692
64.25, 4691
64.66, 4690
67.03, 4689
68.59, 4688
68.64, 4687
69.06, 4686
69.81, 4685
70.45, 4684
74.26, 4683
74.94, 4682
77.18, 4681
77.29, 4680
79.92, 4679
81.97, 4678
84.29, 4677
84.29, 4676
84.29, 4675
84.47, 4674
88.72, 4673
89.16, 4672
89.96, 4671
91.33, 4670
93.50, 4669
94.59, 4668
96.31, 4667
98.84, 4666
99.81, 4665
100.60, 4664
105.89, 4663
108.27, 4662
108.47, 4661
111.01, 4660
113.62, 4659
114.38, 4658
117.88, 4657
118.76, 4656
121.26, 4655
121.50, 4654
124.39, 4653
124.42, 4652
125.96, 4651
126.30, 4650
127.45, 4649
127.87, 4648
131.15, 4647
133.71, 4646
133.86, 4645
136.96, 4644
139.74, 4643
141.71, 4642
143.98, 4641
152.17, 4640
153.35, 4639
154.01, 4638
156.51, 4637
157.63, 4636
161.25, 4635
161.71, 4634
163.43, 4633
166.06, 4632
170.75, 4631
