11.77, 4697
12.47, 4696
48.09, 4695
48.28, 4694
51.95, 4693
53.04, 4692
53.11, 4691
54.77, 4690
56.81, 4689
60.70, 4688
61.22, 4687
62.78, 4686
63.76, 4685
63.93, 4684
64.37, 4683
64.75, 4682
64.85, 4681
67.07, 4680
74.01, 4679
75.45, 4678
77.14, 4677
78.14, 4676
78.87, 4675
81.16, 4674
86.45, 4673
88.75, 4672
89.08, 4671
89.37, 4670
93.05, 4669
94.96, 4668
95.08, 4667
95.41, 4666
98.87, 4665
99.26, 4664
100.29, 4663
104.76, 4662
104.97, 4661
106.87, 4660
107.80, 4659
110.03, 4658
110.18, 4657
110.64, 4656
110.91, 4655
112.40, 4654
116.82, 4653
117.46, 4652
121.56, 4651
126.23, 4650
126.83, 4649
129.01, 4648
129.47, 4647
130.36, 4646
130.91, 4645
131.84, 4644
132.37, 4643
134.64, 4642
135.35, 4641
139.05, 4640
139.24, 4639
140.70, 4638
145.09, 4637
147.90, 4636
151.58, 4635
155.98, 4634
158.21, 4633
161.78, 4632
163.53, 4631
163.96, 4630
164.98, 4629
170.37, 4628
171.24, 4627
