13.42, 4697
83.37, 4696
86.24, 4695
86.59, 4694
86.91, 4693
87.15, 4692
89.78, 4691
89.86, 4690
90.59, 4689
90.65, 4688
91.29, 4687
94.04, 4686
96.42, 4685
96.76, 4684
96.97, 4683
97.15, 4682
98.64, 4681
100.58, 4680
101.42, 4679
102.46, 4678
103.57, 4677
105.74, 4676
105.77, 4675
107.02, 4674
109.80, 4673
111.72, 4672
113.27, 4671
113.43, 4670
116.13, 4669
117.42, 4668
117.92, 4667
118.57, 4666
122.33, 4665
124.46, 4664
128.05, 4663
128.82, 4662
132.52, 4661
135.69, 4660
139.84, 4659
142.23, 4658
142.47, 4657
142.56, 4656
144.61, 4655
148.05, 4654
150.08, 4653
153.02, 4652
153.26, 4651
153.50, 4650
153.63, 4649
157.68, 4648
159.10, 4647
159.31, 4646
160.46, 4645
160.54, 4644
162.82, 4643
166.27, 4642
167.98, 4641
172.61, 4640
173.06, 4639
173.52, 4638
182.01, 4637
182.84, 4636
184.57, 4635
184.61, 4634
185.31, 4633
187.21, 4632
189.99, 4631
191.19, 4630
192.76, 4629
194.54, 4628
195.04, 4627
197.72, 4626
