14.09, 4697
58.43, 4696
59.44, 4695
59.98, 4694
62.39, 4693
62.40, 4692
62.48, 4691
65.43, 4690
70.56, 4689
72.63, 4688
72.95, 4687
74.43, 4686
76.09, 4685
76.48, 4684
76.58, 4683
77.31, 4682
77.59, 4681
77.91, 4680
79.73, 4679
80.52, 4678
80.68, 4677
80.94, 4676
81.58, 4675
81.98, 4674
88.65, 4673
88.72, 4672
90.71, 4671
95.28, 4670
98.44, 4669
99.94, 4668
100.66, 4667
102.37, 4666
105.96, 4665
108.85, 4664
112.02, 4663
113.29, 4662
116.25, 4661
120.00, 4660
123.29, 4659
124.57, 4658
126.10, 4657
126.32, 4656
130.51, 4655
131.74, 4654
133.96, 4653
134.33, 4652
137.05, 4651
138.41, 4650
142.95, 4649
143.24, 4648
146.04, 4647
150.57, 4646
152.55, 4645
154.05, 4644
155.34, 4643
156.03, 4642
156.82, 4641
162.77, 4640
163.80, 4639
164.79, 4638
165.83, 4637
166.66, 4636
169.86, 4635
171.89, 4634
