14.61, 4697
61.02, 4696
61.12, 4695
61.84, 4694
66.49, 4693
66.67, 4692
70.03, 4691
70.88, 4690
75.06, 4689
75.86, 4688
75.98, 4687
78.08, 4686
78.34, 4685
78.69, 4684
79.11, 4683
79.55, 4682
86.18, 4681
86.19, 4680
86.93, 4679
87.26, 4678
90.92, 4677
91.88, 4676
91.89, 4675
95.00, 4674
95.25, 4673
98.44, 4672
99.27, 4671
100.51, 4670
104.63, 4669
104.96, 4668
105.03, 4667
105.68, 4666
105.77, 4665
106.36, 4664
110.82, 4663
114.02, 4662
117.14, 4661
117.43, 4660
118.54, 4659
118.70, 4658
121.14, 4657
125.93, 4656
126.85, 4655
128.09, 4654
128.31, 4653
129.22, 4652
131.30, 4651
132.71, 4650
133.65, 4649
135.29, 4648
139.21, 4647
139.84, 4646
140.08, 4645
147.35, 4644
152.07, 4643
153.87, 4642
158.28, 4641
159.73, 4640
161.78, 4639
163.02, 4638
163.70, 4637
164.91, 4636
166.14, 4635
168.03, 4634
173.29, 4633
174.36, 4632
181.85, 4631
183.08, 4630
196.46, 4629
