14.55, 4697
55.82, 4696
56.67, 4695
56.67, 4694
56.78, 4693
59.35, 4692
60.94, 4691
66.24, 4690
69.02, 4689
70.84, 4688
73.96, 4687
78.64, 4686
78.92, 4685
81.39, 4684
83.00, 4683
83.72, 4682
84.34, 4681
84.86, 4680
85.40, 4679
86.68, 4678
90.14, 4677
91.04, 4676
91.44, 4675
92.72, 4674
94.16, 4673
94.41, 4672
97.47, 4671
97.79, 4670
101.79, 4669
102.08, 4668
102.82, 4667
103.62, 4666
105.11, 4665
107.76, 4664
108.07, 4663
108.87, 4662
110.50, 4661
111.69, 4660
112.03, 4659
112.58, 4658
112.58, 4657
113.23, 4656
114.38, 4655
114.64, 4654
118.71, 4653
120.62, 4652
124.41, 4651
126.82, 4650
127.89, 4649
127.99, 4648
132.61, 4647
134.75, 4646
136.40, 4645
139.08, 4644
143.62, 4643
146.13, 4642
148.04, 4641
148.56, 4640
154.82, 4639
163.64, 4638
167.11, 4637
167.76, 4636
168.25, 4635
170.71, 4634
183.96, 4633
189.87, 4632
191.91, 4631
192.90, 4630
194.72, 4629
196.74, 4628
197.47, 4627
198.35, 4626
200.63, 4625
202.53, 4624
