11.56, 4697
46.17, 4696
48.26, 4695
49.45, 4694
50.99, 4693
51.69, 4692
55.91, 4691
58.17, 4690
58.98, 4689
59.27, 4688
65.36, 4687
69.14, 4686
69.16, 4685
70.12, 4684
70.54, 4683
73.58, 4682
75.81, 4681
76.41, 4680
77.66, 4679
79.99, 4678
81.75, 4677
81.96, 4676
83.26, 4675
84.81, 4674
88.19, 4673
89.94, 4672
91.51, 4671
93.83, 4670
94.43, 4669
94.67, 4668
96.56, 4667
98.18, 4666
98.61, 4665
99.37, 4664
100.50, 4663
103.63, 4662
104.49, 4661
107.26, 4660
110.17, 4659
111.93, 4658
112.72, 4657
113.89, 4656
117.11, 4655
117.30, 4654
117.42, 4653
121.04, 4652
122.07, 4651
122.22, 4650
122.83, 4649
124.38, 4648
129.23, 4647
130.65, 4646
133.88, 4645
135.39, 4644
136.41, 4643
138.69, 4642
138.91, 4641
141.85, 4640
141.92, 4639
142.41, 4638
149.40, 4637
151.07, 4636
154.86, 4635
155.83, 4634
158.80, 4633
160.54, 4632
167.21, 4631
167.66, 4630
169.12, 4629
169.30, 4628
169.91, 4627
171.18, 4626
