14.11, 4697
66.97, 4696
71.68, 4695
71.78, 4694
72.87, 4693
73.12, 4692
73.34, 4691
74.74, 4690
75.21, 4689
77.46, 4688
78.42, 4687
79.50, 4686
80.37, 4685
84.60, 4684
85.56, 4683
85.83, 4682
90.05, 4681
93.05, 4680
93.09, 4679
96.22, 4678
96.89, 4677
99.06, 4676
100.20, 4675
101.29, 4674
101.33, 4673
104.46, 4672
107.85, 4671
108.51, 4670
109.17, 4669
111.24, 4668
113.31, 4667
117.36, 4666
118.86, 4665
124.14, 4664
124.26, 4663
124.54, 4662
127.26, 4661
127.58, 4660
128.61, 4659
129.59, 4658
134.52, 4657
135.04, 4656
139.28, 4655
140.00, 4654
141.66, 4653
146.82, 4652
148.23, 4651
149.58, 4650
150.49, 4649
150.53, 4648
157.16, 4647
158.89, 4646
166.36, 4645
171.18, 4644
171.18, 4643
172.88, 4642
177.58, 4641
178.10, 4640
182.15, 4639
183.21, 4638
185.70, 4637
190.10, 4636
195.04, 4635
201.23, 4634
202.05, 4633
