12.61, 4697
63.82, 4696
66.87, 4695
67.01, 4694
69.25, 4693
74.65, 4692
74.86, 4691
74.98, 4690
77.76, 4689
78.44, 4688
80.01, 4687
80.95, 4686
81.53, 4685
82.11, 4684
82.83, 4683
83.36, 4682
83.78, 4681
84.87, 4680
85.21, 4679
88.66, 4678
90.56, 4677
94.26, 4676
96.34, 4675
96.98, 4674
97.65, 4673
97.75, 4672
98.70, 4671
101.57, 4670
102.02, 4669
102.03, 4668
104.47, 4667
105.11, 4666
106.19, 4665
108.35, 4664
108.49, 4663
109.40, 4662
109.73, 4661
111.59, 4660
112.43, 4659
114.08, 4658
116.40, 4657
119.87, 4656
122.69, 4655
123.28, 4654
125.54, 4653
127.54, 4652
127.80, 4651
128.16, 4650
131.31, 4649
131.48, 4648
133.42, 4647
137.69, 4646
138.84, 4645
139.13, 4644
139.39, 4643
140.17, 4642
140.58, 4641
140.65, 4640
140.85, 4639
143.18, 4638
143.67, 4637
144.55, 4636
164.68, 4635
165.16, 4634
166.86, 4633
167.50, 4632
167.90, 4631
169.39, 4630
171.05, 4629
172.03, 4628
172.46, 4627
