13.90, 4697
68.85, 4696
69.65, 4695
70.47, 4694
72.60, 4693
74.46, 4692
76.38, 4691
76.62, 4690
77.84, 4689
80.95, 4688
81.06, 4687
81.28, 4686
81.94, 4685
82.06, 4684
82.97, 4683
86.55, 4682
87.17, 4681
87.38, 4680
89.68, 4679
90.16, 4678
91.46, 4677
92.48, 4676
92.94, 4675
93.53, 4674
94.93, 4673
95.43, 4672
101.75, 4671
104.27, 4670
104.29, 4669
105.25, 4668
106.38, 4667
107.49, 4666
111.82, 4665
116.73, 4664
117.17, 4663
117.91, 4662
118.24, 4661
121.40, 4660
123.52, 4659
124.56, 4658
126.05, 4657
129.84, 4656
130.62, 4655
130.62, 4654
132.63, 4653
133.19, 4652
133.54, 4651
143.35, 4650
144.35, 4649
148.65, 4648
149.80, 4647
157.61, 4646
158.92, 4645
159.31, 4644
162.58, 4643
164.43, 4642
166.69, 4641
167.21, 4640
167.34, 4639
167.98, 4638
172.24, 4637
172.67, 4636
174.11, 4635
175.03, 4634
175.03, 4633
175.19, 4632
175.68, 4631
184.62, 4630
186.99, 4629
195.88, 4628
