1.77, 2277
15.23, 2276
15.56, 2275
15.85, 2274
15.91, 2273
16.00, 2272
16.32, 2271
16.69, 2270
16.83, 2269
16.88, 2268
16.98, 2267
17.42, 2266
17.72, 2265
18.55, 2264
22.59, 2263
22.80, 2262
24.09, 2261
25.32, 2260
25.46, 2259
26.84, 2258
27.51, 2257
27.53, 2256
27.73, 2255
27.77, 2254
27.96, 2253
28.28, 2252
28.96, 2251
29.25, 2250
32.82, 2249
35.11, 2248
35.66, 2247
38.52, 2246
40.07, 2245
40.60, 2244
41.29, 2243
41.33, 2242
41.64, 2241
41.77, 2240
42.00, 2239
42.56, 2238
46.32, 2237
49.75, 2236
53.69, 2235
55.00, 2234
55.13, 2233
56.39, 2232
57.58, 2231
58.46, 2230
59.09, 2229
60.58, 2228
62.03, 2227
62.34, 2226
62.73, 2225
65.30, 2224
74.42, 2223
