25.13, 2276
25.14, 2275
25.44, 2274
27.55, 2273
27.62, 2272
27.86, 2271
29.19, 2270
29.64, 2269
30.82, 2268
31.14, 2267
31.48, 2266
32.36, 2265
35.09, 2264
35.23, 2263
36.20, 2262
36.97, 2261
38.52, 2260
38.71, 2259
38.85, 2258
39.10, 2257
39.95, 2256
40.86, 2255
41.31, 2254
41.42, 2253
42.74, 2252
45.31, 2251
47.38, 2250
48.51, 2249
48.69, 2248
52.19, 2247
52.92, 2246
54.12, 2245
54.12, 2244
54.30, 2243
54.31, 2242
56.14, 2241
56.17, 2240
56.93, 2239
60.05, 2238
61.09, 2237
61.78, 2236
62.68, 2235
62.81, 2234
67.01, 2233
67.17, 2232
70.77, 2231
76.92, 2230
81.81, 2229
85.11, 2228
85.31, 2227
85.36, 2226
89.36, 2225
91.41, 2224
94.67, 2223
98.63, 2222
99.70, 2221
101.23, 2220
101.88, 2219
105.49, 2218
