1.74, 2277
17.84, 2276
18.43, 2275
18.80, 2274
20.01, 2273
20.03, 2272
20.52, 2271
20.55, 2270
20.61, 2269
20.71, 2268
22.17, 2267
22.41, 2266
22.69, 2265
22.87, 2264
23.87, 2263
24.21, 2262
24.76, 2261
24.92, 2260
25.59, 2259
26.20, 2258
27.17, 2257
27.36, 2256
27.96, 2255
28.36, 2254
28.75, 2253
28.80, 2252
29.33, 2251
29.44, 2250
29.96, 2249
30.19, 2248
30.36, 2247
31.02, 2246
33.31, 2245
33.40, 2244
35.15, 2243
36.20, 2242
37.02, 2241
38.43, 2240
39.20, 2239
41.50, 2238
41.51, 2237
41.97, 2236
46.06, 2235
47.47, 2234
47.69, 2233
54.23, 2232
55.17, 2231
55.87, 2230
59.00, 2229
60.05, 2228
62.91, 2227
63.91, 2226
68.84, 2225
69.39, 2224
71.87, 2223
72.14, 2222
