1.88, 2277
15.74, 2276
15.90, 2275
16.16, 2274
16.59, 2273
17.03, 2272
17.55, 2271
18.34, 2270
19.73, 2269
22.63, 2268
23.03, 2267
23.20, 2266
23.62, 2265
24.74, 2264
25.14, 2263
25.91, 2262
27.53, 2261
27.56, 2260
29.12, 2259
31.66, 2258
31.87, 2257
35.70, 2256
35.76, 2255
37.67, 2254
37.69, 2253
38.35, 2252
39.87, 2251
40.38, 2250
40.71, 2249
41.18, 2248
42.84, 2247
43.03, 2246
43.49, 2245
47.62, 2244
48.56, 2243
50.11, 2242
52.85, 2241
53.00, 2240
53.31, 2239
58.29, 2238
59.18, 2237
59.79, 2236
62.05, 2235
63.60, 2234
63.91, 2233
76.06, 2232
76.24, 2231
