1.76, 2277
1.78, 2276
19.11, 2275
20.00, 2274
20.79, 2273
20.96, 2272
22.20, 2271
22.23, 2270
22.39, 2269
22.43, 2268
22.60, 2267
23.04, 2266
23.17, 2265
23.65, 2264
24.22, 2263
25.06, 2262
26.43, 2261
26.74, 2260
26.96, 2259
27.60, 2258
28.12, 2257
28.42, 2256
30.49, 2255
31.28, 2254
31.89, 2253
32.32, 2252
33.12, 2251
33.23, 2250
33.35, 2249
33.94, 2248
34.45, 2247
36.34, 2246
36.39, 2245
37.09, 2244
37.97, 2243
38.69, 2242
42.03, 2241
42.25, 2240
43.36, 2239
44.37, 2238
47.77, 2237
48.30, 2236
49.79, 2235
51.64, 2234
51.70, 2233
52.44, 2232
53.65, 2231
61.81, 2230
62.10, 2229
67.22, 2228
