1.70, 2277
11.75, 2276
12.03, 2275
12.19, 2274
12.26, 2273
12.30, 2272
12.64, 2271
13.32, 2270
13.72, 2269
14.74, 2268
15.41, 2267
15.53, 2266
16.57, 2265
17.03, 2264
17.08, 2263
17.33, 2262
17.57, 2261
17.73, 2260
19.06, 2259
19.22, 2258
19.78, 2257
19.81, 2256
20.41, 2255
21.16, 2254
21.45, 2253
21.48, 2252
21.69, 2251
22.94, 2250
23.06, 2249
23.98, 2248
24.62, 2247
25.48, 2246
26.57, 2245
26.77, 2244
28.28, 2243
29.69, 2242
30.85, 2241
30.96, 2240
33.24, 2239
33.48, 2238
35.62, 2237
36.11, 2236
37.82, 2235
37.98, 2234
38.19, 2233
39.33, 2232
40.97, 2231
45.77, 2230
47.93, 2229
49.52, 2228
52.94, 2227
53.07, 2226
58.37, 2225
63.78, 2224
66.50, 2223
69.74, 2222
73.77, 2221
