27.38, 2276
27.49, 2275
27.57, 2274
27.70, 2273
28.58, 2272
29.93, 2271
30.46, 2270
31.41, 2269
31.80, 2268
32.67, 2267
34.09, 2266
34.56, 2265
36.85, 2264
37.26, 2263
37.43, 2262
38.71, 2261
39.05, 2260
40.61, 2259
40.70, 2258
41.12, 2257
42.12, 2256
42.16, 2255
42.50, 2254
42.76, 2253
43.65, 2252
48.83, 2251
50.34, 2250
50.78, 2249
53.61, 2248
54.71, 2247
57.46, 2246
57.76, 2245
58.23, 2244
59.34, 2243
63.26, 2242
64.46, 2241
65.24, 2240
65.33, 2239
66.32, 2238
69.39, 2237
71.58, 2236
72.49, 2235
73.55, 2234
75.06, 2233
75.39, 2232
76.67, 2231
80.08, 2230
82.77, 2229
83.78, 2228
84.73, 2227
88.55, 2226
96.66, 2225
99.25, 2224
99.54, 2223
101.15, 2222
101.85, 2221
104.14, 2220
104.96, 2219
