23.75, 2276
27.38, 2275
27.81, 2274
28.08, 2273
28.19, 2272
29.56, 2271
30.46, 2270
30.76, 2269
30.88, 2268
31.29, 2267
31.54, 2266
32.42, 2265
32.84, 2264
32.91, 2263
33.36, 2262
35.00, 2261
35.19, 2260
35.26, 2259
35.89, 2258
36.72, 2257
37.57, 2256
38.25, 2255
39.65, 2254
41.01, 2253
41.25, 2252
42.91, 2251
43.31, 2250
44.24, 2249
44.78, 2248
46.39, 2247
48.42, 2246
49.42, 2245
50.30, 2244
51.53, 2243
52.42, 2242
52.63, 2241
53.02, 2240
54.10, 2239
54.12, 2238
55.10, 2237
58.66, 2236
59.23, 2235
59.34, 2234
60.81, 2233
69.20, 2232
71.45, 2231
72.27, 2230
73.38, 2229
73.92, 2228
74.21, 2227
77.26, 2226
78.05, 2225
81.28, 2224
83.56, 2223
91.18, 2222
99.54, 2221
99.96, 2220
107.41, 2219
