1.78, 2277
16.51, 2276
17.38, 2275
19.83, 2274
20.11, 2273
20.77, 2272
21.74, 2271
21.93, 2270
22.30, 2269
22.31, 2268
23.01, 2267
24.05, 2266
24.17, 2265
25.94, 2264
27.15, 2263
27.66, 2262
28.18, 2261
28.66, 2260
29.37, 2259
32.18, 2258
35.36, 2257
40.63, 2256
41.91, 2255
42.81, 2254
44.56, 2253
45.08, 2252
46.36, 2251
47.57, 2250
49.87, 2249
50.23, 2248
51.15, 2247
52.28, 2246
52.74, 2245
53.25, 2244
53.61, 2243
57.01, 2242
62.43, 2241
64.32, 2240
66.34, 2239
67.18, 2238
70.30, 2237
71.44, 2236
72.33, 2235
74.27, 2234
75.00, 2233
75.54, 2232
