24.87, 2276
24.97, 2275
25.30, 2274
25.54, 2273
25.60, 2272
25.75, 2271
25.78, 2270
26.10, 2269
26.49, 2268
26.56, 2267
29.24, 2266
29.67, 2265
30.13, 2264
30.54, 2263
30.73, 2262
31.38, 2261
32.02, 2260
32.19, 2259
32.43, 2258
32.58, 2257
32.58, 2256
32.62, 2255
33.66, 2254
33.78, 2253
35.48, 2252
36.24, 2251
36.76, 2250
38.32, 2249
38.33, 2248
38.49, 2247
40.30, 2246
40.59, 2245
41.53, 2244
42.62, 2243
43.08, 2242
43.93, 2241
44.92, 2240
45.83, 2239
45.87, 2238
48.08, 2237
48.48, 2236
49.33, 2235
52.94, 2234
58.77, 2233
59.51, 2232
63.20, 2231
65.44, 2230
68.13, 2229
71.02, 2228
73.50, 2227
73.82, 2226
77.19, 2225
79.07, 2224
86.48, 2223
88.52, 2222
93.02, 2221
96.09, 2220
103.56, 2219
