1.93, 2277
18.63, 2276
18.97, 2275
19.35, 2274
20.74, 2273
22.22, 2272
22.32, 2271
22.65, 2270
22.94, 2269
23.55, 2268
24.87, 2267
24.87, 2266
25.50, 2265
25.59, 2264
27.59, 2263
28.23, 2262
28.92, 2261
29.66, 2260
30.08, 2259
30.22, 2258
31.82, 2257
32.06, 2256
32.06, 2255
32.20, 2254
36.23, 2253
36.26, 2252
37.04, 2251
38.49, 2250
38.93, 2249
41.62, 2248
44.74, 2247
46.21, 2246
47.33, 2245
47.70, 2244
52.19, 2243
57.04, 2242
60.64, 2241
64.45, 2240
65.60, 2239
67.10, 2238
72.25, 2237
74.13, 2236
78.60, 2235
79.20, 2234
79.94, 2233
80.14, 2232
80.77, 2231
80.94, 2230
81.71, 2229
