1.76, 2277
16.69, 2276
17.06, 2275
17.51, 2274
17.51, 2273
18.30, 2272
19.00, 2271
19.86, 2270
20.88, 2269
21.22, 2268
21.91, 2267
22.74, 2266
23.12, 2265
24.34, 2264
25.68, 2263
27.32, 2262
28.68, 2261
30.05, 2260
34.88, 2259
34.94, 2258
35.06, 2257
36.81, 2256
37.13, 2255
37.19, 2254
37.99, 2253
38.68, 2252
39.44, 2251
43.41, 2250
44.85, 2249
45.55, 2248
48.81, 2247
49.36, 2246
50.14, 2245
50.41, 2244
50.79, 2243
53.12, 2242
55.22, 2241
55.81, 2240
56.32, 2239
57.31, 2238
58.40, 2237
61.54, 2236
62.85, 2235
63.19, 2234
63.81, 2233
65.57, 2232
66.84, 2231
68.72, 2230
69.71, 2229
