1.82, 2277
18.96, 2276
19.53, 2275
20.06, 2274
20.66, 2273
20.69, 2272
22.69, 2271
23.92, 2270
24.58, 2269
25.17, 2268
25.77, 2267
25.88, 2266
26.42, 2265
26.82, 2264
27.18, 2263
27.28, 2262
27.80, 2261
29.65, 2260
29.81, 2259
31.21, 2258
32.37, 2257
33.04, 2256
34.00, 2255
35.05, 2254
36.90, 2253
37.43, 2252
37.70, 2251
38.25, 2250
42.40, 2249
44.01, 2248
47.11, 2247
47.26, 2246
48.16, 2245
49.76, 2244
50.61, 2243
54.35, 2242
56.70, 2241
63.13, 2240
63.50, 2239
63.60, 2238
63.67, 2237
64.09, 2236
65.61, 2235
70.29, 2234
75.11, 2233
79.39, 2232
80.47, 2231
