28.18, 2276
28.43, 2275
28.47, 2274
29.19, 2273
29.31, 2272
29.57, 2271
29.93, 2270
30.26, 2269
31.35, 2268
32.78, 2267
33.65, 2266
33.76, 2265
35.16, 2264
36.03, 2263
37.92, 2262
38.63, 2261
38.97, 2260
40.35, 2259
42.85, 2258
43.37, 2257
44.24, 2256
44.47, 2255
46.12, 2254
46.13, 2253
46.29, 2252
46.64, 2251
49.94, 2250
51.14, 2249
51.26, 2248
52.92, 2247
53.15, 2246
53.16, 2245
54.92, 2244
55.69, 2243
57.08, 2242
60.18, 2241
60.74, 2240
60.86, 2239
62.88, 2238
64.56, 2237
64.62, 2236
66.84, 2235
67.24, 2234
78.90, 2233
82.70, 2232
83.54, 2231
84.06, 2230
86.17, 2229
89.27, 2228
90.30, 2227
95.07, 2226
96.74, 2225
99.12, 2224
99.84, 2223
