1.89, 2276
26.69, 2275
26.74, 2274
27.02, 2273
27.48, 2272
28.20, 2271
28.33, 2270
29.25, 2269
29.29, 2268
29.61, 2267
31.18, 2266
32.30, 2265
33.94, 2264
34.65, 2263
35.14, 2262
35.45, 2261
36.17, 2260
38.01, 2259
38.75, 2258
38.98, 2257
39.31, 2256
40.69, 2255
41.14, 2254
42.18, 2253
43.54, 2252
44.88, 2251
45.02, 2250
48.37, 2249
48.83, 2248
49.48, 2247
49.86, 2246
50.36, 2245
50.55, 2244
53.64, 2243
57.02, 2242
57.38, 2241
57.75, 2240
59.58, 2239
65.54, 2238
65.79, 2237
66.60, 2236
67.57, 2235
69.16, 2234
73.57, 2233
75.84, 2232
80.67, 2231
81.17, 2230
82.39, 2229
82.95, 2228
85.96, 2227
85.96, 2226
86.06, 2225
87.50, 2224
91.09, 2223
100.16, 2222
101.90, 2221
