1.91, 2277
14.26, 2276
14.29, 2275
15.02, 2274
16.02, 2273
16.19, 2272
16.24, 2271
18.03, 2270
18.04, 2269
18.13, 2268
20.18, 2267
20.78, 2266
21.44, 2265
21.73, 2264
22.06, 2263
22.31, 2262
23.44, 2261
23.67, 2260
24.91, 2259
26.51, 2258
28.44, 2257
28.45, 2256
28.54, 2255
29.78, 2254
34.16, 2253
35.29, 2252
35.97, 2251
36.36, 2250
36.52, 2249
36.78, 2248
38.85, 2247
40.53, 2246
46.44, 2245
46.75, 2244
48.34, 2243
48.57, 2242
49.12, 2241
49.91, 2240
50.44, 2239
52.34, 2238
55.02, 2237
55.19, 2236
56.55, 2235
56.93, 2234
61.99, 2233
63.59, 2232
65.37, 2231
65.96, 2230
66.36, 2229
68.15, 2228
70.36, 2227
