1.69, 2277
14.66, 2276
16.03, 2275
16.51, 2274
17.67, 2273
18.43, 2272
19.77, 2271
19.97, 2270
20.12, 2269
20.55, 2268
21.37, 2267
22.34, 2266
23.11, 2265
23.32, 2264
24.38, 2263
24.99, 2262
25.66, 2261
27.25, 2260
28.39, 2259
28.88, 2258
28.97, 2257
29.17, 2256
30.90, 2255
31.48, 2254
32.21, 2253
33.80, 2252
35.00, 2251
36.04, 2250
37.64, 2249
38.42, 2248
39.89, 2247
40.00, 2246
44.08, 2245
46.27, 2244
49.25, 2243
52.23, 2242
52.80, 2241
55.15, 2240
59.67, 2239
60.62, 2238
61.49, 2237
63.83, 2236
66.54, 2235
70.14, 2234
70.34, 2233
71.22, 2232
