2.36, 2277
19.98, 2276
20.26, 2275
20.27, 2274
21.27, 2273
23.14, 2272
24.46, 2271
26.00, 2270
26.97, 2269
27.96, 2268
28.43, 2267
29.78, 2266
30.16, 2265
31.02, 2264
31.11, 2263
31.48, 2262
32.65, 2261
33.19, 2260
33.38, 2259
34.37, 2258
35.13, 2257
36.63, 2256
37.48, 2255
38.22, 2254
39.66, 2253
40.59, 2252
40.73, 2251
40.82, 2250
41.37, 2249
43.34, 2248
45.43, 2247
45.49, 2246
46.13, 2245
48.34, 2244
48.77, 2243
49.83, 2242
50.86, 2241
51.73, 2240
53.11, 2239
53.38, 2238
54.43, 2237
56.99, 2236
58.02, 2235
59.93, 2234
60.08, 2233
61.38, 2232
65.31, 2231
66.28, 2230
70.23, 2229
70.32, 2228
72.84, 2227
77.33, 2226
83.67, 2225
