1.81, 2277
17.55, 2276
18.13, 2275
19.40, 2274
19.64, 2273
20.19, 2272
20.39, 2271
20.71, 2270
21.78, 2269
21.90, 2268
22.66, 2267
24.72, 2266
26.15, 2265
27.28, 2264
28.31, 2263
29.90, 2262
31.28, 2261
31.30, 2260
32.68, 2259
32.89, 2258
33.34, 2257
33.77, 2256
35.97, 2255
36.31, 2254
36.83, 2253
37.47, 2252
37.73, 2251
38.68, 2250
39.81, 2249
39.85, 2248
41.27, 2247
42.16, 2246
42.21, 2245
42.65, 2244
44.47, 2243
45.15, 2242
54.42, 2241
57.34, 2240
61.70, 2239
63.60, 2238
65.98, 2237
67.66, 2236
68.57, 2235
71.67, 2234
74.35, 2233
75.03, 2232
75.19, 2231
