23.59, 2276
23.67, 2275
24.21, 2274
24.23, 2273
24.36, 2272
24.90, 2271
25.25, 2270
25.46, 2269
26.18, 2268
27.10, 2267
27.62, 2266
28.35, 2265
28.46, 2264
28.71, 2263
30.22, 2262
30.57, 2261
30.63, 2260
30.70, 2259
30.97, 2258
31.31, 2257
31.36, 2256
32.83, 2255
33.61, 2254
34.16, 2253
35.83, 2252
36.10, 2251
36.92, 2250
37.81, 2249
38.29, 2248
40.12, 2247
40.44, 2246
41.02, 2245
41.40, 2244
41.60, 2243
41.77, 2242
42.39, 2241
44.04, 2240
45.42, 2239
47.06, 2238
48.78, 2237
54.70, 2236
54.93, 2235
55.00, 2234
55.87, 2233
59.28, 2232
64.79, 2231
70.24, 2230
74.76, 2229
75.83, 2228
77.16, 2227
78.37, 2226
79.06, 2225
82.21, 2224
88.76, 2223
90.04, 2222
93.00, 2221
95.08, 2220
99.34, 2219
