2.05, 2277
20.75, 2276
21.22, 2275
21.31, 2274
22.83, 2273
23.02, 2272
23.04, 2271
23.21, 2270
23.53, 2269
23.73, 2268
24.17, 2267
24.51, 2266
24.53, 2265
25.38, 2264
25.43, 2263
25.82, 2262
25.93, 2261
26.34, 2260
26.68, 2259
27.48, 2258
27.70, 2257
28.66, 2256
30.96, 2255
31.41, 2254
33.14, 2253
34.70, 2252
35.41, 2251
35.87, 2250
37.28, 2249
38.29, 2248
38.55, 2247
40.28, 2246
40.35, 2245
45.87, 2244
47.73, 2243
48.73, 2242
49.94, 2241
51.09, 2240
52.46, 2239
53.24, 2238
53.44, 2237
54.98, 2236
55.37, 2235
55.61, 2234
56.39, 2233
57.96, 2232
60.29, 2231
61.49, 2230
63.48, 2229
63.80, 2228
64.53, 2227
66.71, 2226
68.39, 2225
69.81, 2224
71.88, 2223
71.90, 2222
