1.72, 2277
1.84, 2276
16.53, 2275
16.80, 2274
17.83, 2273
18.46, 2272
19.02, 2271
19.59, 2270
20.35, 2269
20.95, 2268
21.27, 2267
21.91, 2266
23.27, 2265
23.79, 2264
23.96, 2263
23.97, 2262
26.21, 2261
26.28, 2260
27.69, 2259
28.49, 2258
28.90, 2257
29.37, 2256
32.45, 2255
32.88, 2254
34.19, 2253
34.19, 2252
36.33, 2251
36.55, 2250
36.73, 2249
38.72, 2248
40.13, 2247
41.03, 2246
41.13, 2245
42.46, 2244
43.55, 2243
44.10, 2242
44.22, 2241
46.02, 2240
46.89, 2239
47.72, 2238
48.16, 2237
49.07, 2236
50.58, 2235
50.73, 2234
51.93, 2233
53.14, 2232
54.94, 2231
55.42, 2230
55.83, 2229
61.12, 2228
62.43, 2227
68.48, 2226
