24.28, 2276
26.26, 2275
26.90, 2274
27.24, 2273
27.49, 2272
29.49, 2271
29.74, 2270
29.89, 2269
30.14, 2268
33.53, 2267
35.10, 2266
36.35, 2265
39.04, 2264
39.13, 2263
39.32, 2262
39.71, 2261
40.31, 2260
40.37, 2259
40.55, 2258
41.45, 2257
41.87, 2256
45.66, 2255
45.85, 2254
47.52, 2253
48.83, 2252
52.44, 2251
54.19, 2250
54.65, 2249
55.96, 2248
56.14, 2247
56.81, 2246
58.23, 2245
59.74, 2244
59.98, 2243
61.20, 2242
63.04, 2241
64.71, 2240
65.32, 2239
69.97, 2238
72.27, 2237
72.58, 2236
74.51, 2235
77.03, 2234
77.28, 2233
79.48, 2232
83.67, 2231
86.99, 2230
88.07, 2229
89.46, 2228
94.46, 2227
102.96, 2226
108.25, 2225
