1.80, 2277
15.71, 2276
17.87, 2275
18.01, 2274
18.06, 2273
18.08, 2272
18.49, 2271
18.60, 2270
20.39, 2269
20.76, 2268
20.76, 2267
20.94, 2266
22.54, 2265
23.10, 2264
23.64, 2263
23.78, 2262
24.67, 2261
24.72, 2260
26.01, 2259
26.10, 2258
27.16, 2257
27.37, 2256
27.79, 2255
28.04, 2254
28.70, 2253
29.22, 2252
29.29, 2251
30.18, 2250
31.54, 2249
32.87, 2248
32.98, 2247
34.62, 2246
34.96, 2245
35.03, 2244
36.18, 2243
36.26, 2242
38.18, 2241
39.72, 2240
42.02, 2239
43.00, 2238
43.79, 2237
45.92, 2236
48.08, 2235
48.26, 2234
50.21, 2233
51.14, 2232
54.28, 2231
62.29, 2230
65.64, 2229
68.60, 2228
73.15, 2227
