29.96, 2276
29.98, 2275
30.71, 2274
30.83, 2273
30.92, 2272
31.01, 2271
31.37, 2270
32.80, 2269
33.32, 2268
33.87, 2267
34.30, 2266
34.56, 2265
34.57, 2264
37.05, 2263
37.89, 2262
38.55, 2261
38.71, 2260
39.13, 2259
39.14, 2258
40.07, 2257
40.75, 2256
43.05, 2255
43.60, 2254
44.07, 2253
44.93, 2252
47.28, 2251
47.74, 2250
48.72, 2249
48.80, 2248
48.92, 2247
50.10, 2246
50.72, 2245
51.49, 2244
52.72, 2243
54.17, 2242
54.94, 2241
57.24, 2240
57.70, 2239
60.59, 2238
61.87, 2237
63.01, 2236
63.08, 2235
63.85, 2234
64.19, 2233
64.53, 2232
66.96, 2231
69.72, 2230
72.83, 2229
73.61, 2228
75.70, 2227
75.83, 2226
84.38, 2225
84.51, 2224
84.90, 2223
89.44, 2222
90.27, 2221
93.42, 2220
93.47, 2219
110.34, 2218
