24.72, 2276
25.20, 2275
25.66, 2274
25.99, 2273
26.08, 2272
26.29, 2271
26.63, 2270
26.83, 2269
27.62, 2268
27.80, 2267
27.87, 2266
28.98, 2265
29.87, 2264
30.20, 2263
30.28, 2262
30.51, 2261
31.26, 2260
31.63, 2259
32.34, 2258
34.12, 2257
34.86, 2256
35.69, 2255
36.06, 2254
37.22, 2253
38.04, 2252
39.59, 2251
40.19, 2250
41.52, 2249
41.81, 2248
45.12, 2247
46.89, 2246
48.43, 2245
48.52, 2244
51.53, 2243
52.37, 2242
52.64, 2241
52.79, 2240
56.54, 2239
57.92, 2238
58.92, 2237
60.19, 2236
60.76, 2235
64.60, 2234
65.18, 2233
66.38, 2232
68.35, 2231
70.91, 2230
71.27, 2229
73.86, 2228
76.06, 2227
76.26, 2226
78.70, 2225
86.60, 2224
89.69, 2223
91.88, 2222
94.45, 2221
98.28, 2220
99.28, 2219
104.39, 2218
