1.75, 2277
1.98, 2276
11.01, 2275
12.15, 2274
12.76, 2273
13.33, 2272
14.02, 2271
14.06, 2270
14.27, 2269
14.74, 2268
14.90, 2267
16.19, 2266
18.05, 2265
20.44, 2264
21.15, 2263
21.28, 2262
22.14, 2261
23.70, 2260
24.16, 2259
24.21, 2258
24.49, 2257
26.74, 2256
26.95, 2255
27.31, 2254
27.33, 2253
27.66, 2252
28.40, 2251
28.51, 2250
30.19, 2249
32.50, 2248
33.15, 2247
33.20, 2246
33.40, 2245
34.38, 2244
36.35, 2243
37.39, 2242
38.22, 2241
38.23, 2240
40.07, 2239
41.94, 2238
43.40, 2237
44.02, 2236
44.61, 2235
47.34, 2234
47.68, 2233
48.94, 2232
50.75, 2231
54.30, 2230
54.73, 2229
55.35, 2228
61.52, 2227
66.95, 2226
68.25, 2225
68.81, 2224
69.02, 2223
77.59, 2222
