1.83, 2277
14.90, 2276
16.85, 2275
17.28, 2274
17.82, 2273
17.83, 2272
17.85, 2271
18.50, 2270
20.92, 2269
21.78, 2268
23.46, 2267
23.49, 2266
24.91, 2265
25.27, 2264
25.53, 2263
25.87, 2262
25.91, 2261
25.94, 2260
26.14, 2259
26.93, 2258
28.00, 2257
28.13, 2256
29.06, 2255
29.06, 2254
29.55, 2253
30.26, 2252
30.32, 2251
31.35, 2250
31.63, 2249
32.58, 2248
34.65, 2247
37.03, 2246
37.50, 2245
37.72, 2244
39.60, 2243
43.18, 2242
43.52, 2241
45.15, 2240
46.29, 2239
47.03, 2238
48.54, 2237
52.16, 2236
52.56, 2235
53.11, 2234
55.66, 2233
58.53, 2232
59.14, 2231
61.18, 2230
63.90, 2229
67.65, 2228
68.97, 2227
80.77, 2226
