1.93, 2277
3.02, 2276
15.89, 2275
16.63, 2274
17.59, 2273
20.67, 2272
20.70, 2271
20.76, 2270
21.12, 2269
21.99, 2268
22.22, 2267
22.46, 2266
23.13, 2265
24.11, 2264
24.35, 2263
25.25, 2262
25.37, 2261
26.45, 2260
27.63, 2259
28.02, 2258
28.47, 2257
28.81, 2256
28.91, 2255
30.13, 2254
31.87, 2253
33.69, 2252
35.28, 2251
35.96, 2250
37.92, 2249
37.93, 2248
38.19, 2247
38.40, 2246
38.55, 2245
39.74, 2244
41.32, 2243
41.41, 2242
43.16, 2241
43.55, 2240
45.16, 2239
46.45, 2238
48.46, 2237
48.70, 2236
52.30, 2235
53.92, 2234
54.31, 2233
55.91, 2232
58.16, 2231
60.59, 2230
61.35, 2229
64.85, 2228
66.07, 2227
66.08, 2226
66.97, 2225
69.45, 2224
73.69, 2223
74.48, 2222
