2.10, 2277
2.17, 2276
2.33, 2275
19.46, 2274
19.56, 2273
19.95, 2272
20.54, 2271
20.72, 2270
21.32, 2269
21.46, 2268
21.46, 2267
22.44, 2266
22.49, 2265
22.69, 2264
23.16, 2263
23.54, 2262
23.80, 2261
24.49, 2260
25.18, 2259
27.95, 2258
28.92, 2257
28.96, 2256
29.01, 2255
29.91, 2254
31.88, 2253
32.55, 2252
32.92, 2251
33.39, 2250
34.09, 2249
37.92, 2248
39.13, 2247
39.49, 2246
42.72, 2245
46.52, 2244
49.09, 2243
51.40, 2242
53.68, 2241
53.71, 2240
53.74, 2239
54.13, 2238
55.44, 2237
65.22, 2236
69.25, 2235
72.35, 2234
76.10, 2233
76.48, 2232
77.65, 2231
80.09, 2230
81.02, 2229
81.53, 2228
82.11, 2227
