1.69, 2277
20.81, 2276
21.66, 2275
23.03, 2274
23.12, 2273
23.86, 2272
24.48, 2271
24.87, 2270
25.30, 2269
25.50, 2268
25.86, 2267
26.27, 2266
26.27, 2265
27.48, 2264
28.78, 2263
28.79, 2262
29.14, 2261
30.16, 2260
30.67, 2259
30.73, 2258
30.99, 2257
31.27, 2256
33.62, 2255
34.57, 2254
35.80, 2253
36.07, 2252
36.82, 2251
39.47, 2250
42.94, 2249
43.47, 2248
44.10, 2247
45.22, 2246
45.88, 2245
45.97, 2244
48.82, 2243
49.48, 2242
50.17, 2241
52.30, 2240
53.21, 2239
54.07, 2238
56.22, 2237
56.50, 2236
57.56, 2235
59.90, 2234
60.65, 2233
60.77, 2232
61.71, 2231
62.22, 2230
63.32, 2229
72.56, 2228
