1.86, 2277
16.95, 2276
17.86, 2275
18.22, 2274
18.87, 2273
18.93, 2272
19.67, 2271
19.88, 2270
20.39, 2269
20.75, 2268
21.14, 2267
21.57, 2266
21.60, 2265
21.60, 2264
21.72, 2263
22.14, 2262
23.49, 2261
25.87, 2260
26.00, 2259
26.35, 2258
27.32, 2257
27.47, 2256
27.74, 2255
29.00, 2254
29.13, 2253
31.80, 2252
33.21, 2251
36.49, 2250
38.66, 2249
40.69, 2248
41.51, 2247
41.87, 2246
41.94, 2245
46.55, 2244
49.14, 2243
49.61, 2242
50.59, 2241
50.69, 2240
52.07, 2239
55.25, 2238
57.09, 2237
60.78, 2236
61.81, 2235
62.61, 2234
62.98, 2233
63.92, 2232
67.61, 2231
70.58, 2230
72.56, 2229
