28.94, 2276
31.21, 2275
31.36, 2274
31.81, 2273
31.81, 2272
32.52, 2271
34.24, 2270
34.74, 2269
34.96, 2268
35.16, 2267
36.36, 2266
36.52, 2265
38.36, 2264
38.42, 2263
38.52, 2262
39.86, 2261
41.42, 2260
42.00, 2259
42.93, 2258
43.20, 2257
43.96, 2256
45.22, 2255
45.40, 2254
45.74, 2253
45.78, 2252
46.02, 2251
46.56, 2250
46.64, 2249
47.80, 2248
47.88, 2247
48.24, 2246
48.58, 2245
49.69, 2244
50.52, 2243
50.62, 2242
50.93, 2241
51.01, 2240
51.79, 2239
55.30, 2238
57.18, 2237
60.03, 2236
60.07, 2235
60.11, 2234
60.25, 2233
61.77, 2232
62.27, 2231
62.99, 2230
63.00, 2229
63.92, 2228
65.57, 2227
67.21, 2226
70.23, 2225
82.22, 2224
82.62, 2223
83.95, 2222
87.37, 2221
88.26, 2220
89.01, 2219
92.34, 2218
92.35, 2217
93.84, 2216
94.09, 2215
96.42, 2214
108.76, 2213
