25.01, 2276
25.50, 2275
25.84, 2274
26.65, 2273
27.18, 2272
27.29, 2271
27.37, 2270
28.55, 2269
29.04, 2268
30.55, 2267
31.90, 2266
32.21, 2265
33.31, 2264
33.83, 2263
34.23, 2262
34.77, 2261
36.11, 2260
36.20, 2259
36.34, 2258
36.38, 2257
37.66, 2256
37.67, 2255
39.34, 2254
40.57, 2253
40.92, 2252
41.61, 2251
43.23, 2250
43.59, 2249
44.78, 2248
45.98, 2247
45.98, 2246
46.35, 2245
46.42, 2244
46.91, 2243
47.48, 2242
48.29, 2241
48.41, 2240
48.70, 2239
51.23, 2238
52.46, 2237
56.23, 2236
57.65, 2235
57.99, 2234
60.37, 2233
60.94, 2232
62.30, 2231
63.64, 2230
67.11, 2229
71.13, 2228
71.83, 2227
72.16, 2226
79.30, 2225
81.36, 2224
82.69, 2223
87.58, 2222
90.53, 2221
91.15, 2220
93.41, 2219
96.10, 2218
100.09, 2217
102.46, 2216
107.46, 2215
