22.42, 2276
23.20, 2275
23.99, 2274
24.14, 2273
26.07, 2272
27.02, 2271
27.50, 2270
27.70, 2269
29.91, 2268
30.00, 2267
31.24, 2266
31.90, 2265
33.23, 2264
33.66, 2263
34.70, 2262
36.55, 2261
38.67, 2260
39.26, 2259
40.17, 2258
40.37, 2257
41.25, 2256
42.37, 2255
43.06, 2254
43.38, 2253
44.26, 2252
47.95, 2251
48.29, 2250
48.55, 2249
49.21, 2248
49.53, 2247
49.77, 2246
50.37, 2245
50.64, 2244
51.56, 2243
51.88, 2242
52.27, 2241
53.71, 2240
53.74, 2239
54.28, 2238
55.15, 2237
55.64, 2236
56.54, 2235
57.24, 2234
58.91, 2233
59.25, 2232
59.91, 2231
64.00, 2230
65.51, 2229
67.17, 2228
68.21, 2227
71.90, 2226
78.36, 2225
79.39, 2224
85.82, 2223
87.86, 2222
89.26, 2221
90.55, 2220
91.38, 2219
104.05, 2218
106.69, 2217
