1.75, 2277
16.25, 2276
17.11, 2275
17.53, 2274
18.45, 2273
19.09, 2272
22.11, 2271
22.77, 2270
23.94, 2269
24.92, 2268
25.96, 2267
26.29, 2266
26.87, 2265
28.16, 2264
28.59, 2263
29.40, 2262
29.43, 2261
29.71, 2260
30.44, 2259
31.58, 2258
31.70, 2257
31.73, 2256
32.83, 2255
32.98, 2254
33.91, 2253
34.60, 2252
35.06, 2251
35.31, 2250
37.96, 2249
39.42, 2248
39.62, 2247
40.54, 2246
41.13, 2245
41.77, 2244
43.20, 2243
44.47, 2242
44.94, 2241
48.46, 2240
51.04, 2239
52.89, 2238
53.60, 2237
54.56, 2236
54.84, 2235
54.93, 2234
56.07, 2233
59.72, 2232
59.75, 2231
59.79, 2230
61.80, 2229
67.05, 2228
69.91, 2227
71.95, 2226
73.02, 2225
74.87, 2224
