1.78, 2277
1.89, 2276
16.81, 2275
18.02, 2274
19.29, 2273
19.58, 2272
19.91, 2271
21.19, 2270
21.35, 2269
21.75, 2268
22.05, 2267
22.05, 2266
22.18, 2265
22.24, 2264
23.08, 2263
23.67, 2262
24.84, 2261
27.00, 2260
28.64, 2259
29.10, 2258
29.98, 2257
31.06, 2256
33.11, 2255
33.20, 2254
34.08, 2253
35.03, 2252
37.44, 2251
37.84, 2250
38.88, 2249
40.75, 2248
41.16, 2247
42.99, 2246
43.78, 2245
47.13, 2244
47.96, 2243
48.27, 2242
48.29, 2241
48.53, 2240
48.57, 2239
49.48, 2238
51.85, 2237
51.99, 2236
52.64, 2235
55.32, 2234
57.67, 2233
60.98, 2232
63.90, 2231
64.57, 2230
64.81, 2229
66.57, 2228
69.38, 2227
