27.02, 2276
27.81, 2275
28.16, 2274
28.17, 2273
28.19, 2272
28.54, 2271
28.58, 2270
28.85, 2269
28.94, 2268
28.97, 2267
29.52, 2266
30.51, 2265
31.70, 2264
33.29, 2263
34.07, 2262
34.69, 2261
36.74, 2260
37.22, 2259
37.79, 2258
39.49, 2257
39.68, 2256
40.21, 2255
41.02, 2254
42.79, 2253
43.71, 2252
45.30, 2251
45.50, 2250
45.76, 2249
45.96, 2248
47.84, 2247
47.93, 2246
48.26, 2245
48.33, 2244
48.45, 2243
48.63, 2242
49.68, 2241
49.73, 2240
53.71, 2239
54.13, 2238
58.24, 2237
59.45, 2236
60.11, 2235
60.51, 2234
61.41, 2233
61.85, 2232
62.07, 2231
64.66, 2230
66.39, 2229
70.68, 2228
70.69, 2227
72.11, 2226
74.57, 2225
76.79, 2224
79.05, 2223
81.08, 2222
87.14, 2221
89.98, 2220
90.39, 2219
98.86, 2218
103.85, 2217
109.57, 2216
