11.25, 4697
44.84, 4696
44.86, 4695
45.45, 4694
45.98, 4693
49.33, 4692
50.53, 4691
50.56, 4690
53.78, 4689
54.45, 4688
55.07, 4687
55.62, 4686
59.19, 4685
59.21, 4684
59.71, 4683
61.11, 4682
65.94, 4681
66.89, 4680
67.03, 4679
72.06, 4678
72.21, 4677
76.23, 4676
76.29, 4675
76.42, 4674
77.47, 4673
78.58, 4672
79.31, 4671
81.96, 4670
82.60, 4669
83.48, 4668
83.86, 4667
83.89, 4666
84.04, 4665
85.85, 4664
88.60, 4663
90.24, 4662
91.08, 4661
92.56, 4660
93.36, 4659
94.06, 4658
94.38, 4657
97.48, 4656
97.54, 4655
97.62, 4654
97.81, 4653
100.85, 4652
101.64, 4651
102.38, 4650
102.57, 4649
104.29, 4648
110.17, 4647
111.60, 4646
115.02, 4645
116.13, 4644
119.17, 4643
120.08, 4642
120.46, 4641
125.48, 4640
126.83, 4639
126.99, 4638
127.45, 4637
132.97, 4636
134.13, 4635
142.50, 4634
144.96, 4633
146.23, 4632
148.01, 4631
157.14, 4630
160.65, 4629
