14.12, 4697
62.40, 4696
65.25, 4695
68.80, 4694
73.10, 4693
74.41, 4692
75.46, 4691
75.84, 4690
76.42, 4689
76.76, 4688
83.72, 4687
84.94, 4686
84.98, 4685
85.16, 4684
85.52, 4683
86.81, 4682
90.45, 4681
90.51, 4680
91.06, 4679
91.34, 4678
93.05, 4677
98.51, 4676
100.44, 4675
101.12, 4674
104.44, 4673
105.07, 4672
105.46, 4671
106.43, 4670
108.24, 4669
109.84, 4668
110.15, 4667
111.20, 4666
111.22, 4665
112.16, 4664
119.66, 4663
119.75, 4662
119.76, 4661
119.80, 4660
119.81, 4659
120.43, 4658
122.68, 4657
123.78, 4656
124.12, 4655
125.61, 4654
125.77, 4653
129.54, 4652
134.82, 4651
140.31, 4650
147.57, 4649
150.14, 4648
151.16, 4647
153.01, 4646
156.45, 4645
156.83, 4644
157.38, 4643
162.91, 4642
163.07, 4641
163.88, 4640
169.42, 4639
170.91, 4638
174.54, 4637
175.37, 4636
175.56, 4635
179.66, 4634
179.88, 4633
182.98, 4632
184.60, 4631
185.67, 4630
