11.22, 4697
51.42, 4696
54.36, 4695
55.87, 4694
55.92, 4693
56.04, 4692
58.56, 4691
60.36, 4690
60.85, 4689
63.98, 4688
66.38, 4687
68.56, 4686
70.84, 4685
71.53, 4684
72.05, 4683
73.88, 4682
76.20, 4681
77.03, 4680
77.23, 4679
78.64, 4678
80.65, 4677
81.05, 4676
81.39, 4675
82.57, 4674
87.10, 4673
89.56, 4672
90.76, 4671
91.43, 4670
92.72, 4669
102.69, 4668
104.75, 4667
105.58, 4666
109.43, 4665
110.28, 4664
111.10, 4663
111.26, 4662
116.02, 4661
118.41, 4660
118.62, 4659
119.78, 4658
130.19, 4657
132.62, 4656
132.72, 4655
134.88, 4654
135.38, 4653
135.45, 4652
136.80, 4651
136.89, 4650
142.86, 4649
145.01, 4648
145.03, 4647
145.35, 4646
149.67, 4645
151.55, 4644
153.80, 4643
155.56, 4642
159.55, 4641
160.20, 4640
164.81, 4639
168.03, 4638
169.67, 4637
170.62, 4636
170.87, 4635
172.59, 4634
179.61, 4633
