38.16, 4696
39.11, 4695
39.28, 4694
39.53, 4693
40.32, 4692
41.13, 4691
43.39, 4690
44.39, 4689
44.41, 4688
44.70, 4687
44.72, 4686
45.63, 4685
47.41, 4684
49.08, 4683
52.72, 4682
52.98, 4681
53.91, 4680
54.48, 4679
55.46, 4678
55.89, 4677
56.47, 4676
56.91, 4675
58.53, 4674
62.72, 4673
68.66, 4672
71.35, 4671
71.38, 4670
73.39, 4669
76.85, 4668
77.35, 4667
78.10, 4666
78.11, 4665
80.08, 4664
80.63, 4663
81.18, 4662
82.22, 4661
82.74, 4660
83.49, 4659
85.32, 4658
85.60, 4657
86.78, 4656
88.15, 4655
89.23, 4654
89.38, 4653
92.46, 4652
93.15, 4651
93.65, 4650
97.05, 4649
98.33, 4648
99.73, 4647
100.65, 4646
101.31, 4645
108.00, 4644
108.50, 4643
110.78, 4642
111.93, 4641
113.10, 4640
113.64, 4639
119.94, 4638
120.19, 4637
122.57, 4636
124.67, 4635
124.91, 4634
125.56, 4633
126.03, 4632
129.31, 4631
130.02, 4630
135.07, 4629
138.87, 4628
143.29, 4627
144.26, 4626
152.83, 4625
156.72, 4624
159.31, 4623
159.56, 4622
162.41, 4621
165.08, 4620
165.16, 4619
177.35, 4618
182.99, 4617
190.21, 4616
191.67, 4615
196.37, 4614
199.41, 4613
199.43, 4612
207.31, 4611
211.55, 4610
219.00, 4609
220.39, 4608
224.81, 4607
