11.52, 4697
56.36, 4696
57.59, 4695
58.22, 4694
61.28, 4693
61.34, 4692
62.19, 4691
62.97, 4690
63.67, 4689
66.63, 4688
67.57, 4687
68.65, 4686
72.61, 4685
73.91, 4684
73.93, 4683
74.62, 4682
74.91, 4681
75.77, 4680
76.33, 4679
77.69, 4678
83.44, 4677
84.80, 4676
84.91, 4675
87.72, 4674
89.85, 4673
90.44, 4672
90.83, 4671
94.81, 4670
100.73, 4669
101.19, 4668
101.30, 4667
103.42, 4666
104.63, 4665
112.71, 4664
113.06, 4663
114.18, 4662
115.95, 4661
116.63, 4660
119.18, 4659
123.13, 4658
123.52, 4657
124.18, 4656
126.46, 4655
130.26, 4654
134.14, 4653
135.16, 4652
139.25, 4651
139.56, 4650
143.60, 4649
144.48, 4648
145.78, 4647
146.59, 4646
152.28, 4645
153.55, 4644
159.13, 4643
163.66, 4642
165.94, 4641
167.95, 4640
168.72, 4639
