12.11, 4697
59.73, 4696
61.36, 4695
62.52, 4694
63.78, 4693
64.27, 4692
64.44, 4691
65.36, 4690
66.95, 4689
67.26, 4688
68.46, 4687
70.85, 4686
71.34, 4685
71.83, 4684
73.54, 4683
74.80, 4682
75.56, 4681
76.66, 4680
78.86, 4679
79.87, 4678
81.99, 4677
84.07, 4676
84.18, 4675
87.40, 4674
87.89, 4673
88.45, 4672
88.99, 4671
89.13, 4670
89.27, 4669
92.61, 4668
95.50, 4667
96.44, 4666
97.20, 4665
99.03, 4664
99.73, 4663
102.00, 4662
103.66, 4661
104.83, 4660
105.70, 4659
108.78, 4658
110.78, 4657
111.94, 4656
116.81, 4655
117.79, 4654
119.51, 4653
121.31, 4652
122.20, 4651
122.22, 4650
127.19, 4649
133.17, 4648
133.45, 4647
140.03, 4646
141.24, 4645
144.08, 4644
147.29, 4643
150.44, 4642
150.63, 4641
152.83, 4640
153.67, 4639
154.15, 4638
158.07, 4637
163.82, 4636
170.54, 4635
171.51, 4634
172.82, 4633
175.28, 4632
175.64, 4631
