10.30, 4697
43.07, 4696
43.27, 4695
43.50, 4694
44.60, 4693
50.22, 4692
53.95, 4691
54.16, 4690
55.20, 4689
60.30, 4688
64.35, 4687
64.72, 4686
64.76, 4685
65.09, 4684
68.08, 4683
68.67, 4682
73.82, 4681
74.73, 4680
77.81, 4679
78.48, 4678
80.30, 4677
81.44, 4676
82.38, 4675
84.48, 4674
87.09, 4673
87.38, 4672
88.37, 4671
91.17, 4670
91.18, 4669
92.54, 4668
92.55, 4667
93.49, 4666
94.01, 4665
95.53, 4664
95.94, 4663
97.22, 4662
97.33, 4661
98.66, 4660
98.98, 4659
102.46, 4658
105.77, 4657
107.83, 4656
109.08, 4655
111.01, 4654
111.45, 4653
111.91, 4652
113.43, 4651
113.75, 4650
114.98, 4649
120.04, 4648
120.71, 4647
123.41, 4646
123.59, 4645
123.99, 4644
125.11, 4643
126.28, 4642
128.82, 4641
129.46, 4640
131.16, 4639
132.09, 4638
144.81, 4637
151.74, 4636
153.98, 4635
155.86, 4634
158.18, 4633
162.50, 4632
