11.67, 4697
11.84, 4696
42.70, 4695
43.12, 4694
43.13, 4693
52.62, 4692
55.19, 4691
55.25, 4690
60.74, 4689
61.17, 4688
62.32, 4687
62.84, 4686
64.11, 4685
67.82, 4684
69.16, 4683
69.96, 4682
73.67, 4681
78.03, 4680
83.96, 4679
86.28, 4678
86.38, 4677
86.62, 4676
86.66, 4675
86.75, 4674
87.58, 4673
89.15, 4672
89.91, 4671
90.54, 4670
93.19, 4669
94.88, 4668
95.75, 4667
100.00, 4666
100.15, 4665
100.19, 4664
100.61, 4663
102.39, 4662
103.01, 4661
105.39, 4660
106.07, 4659
106.64, 4658
108.17, 4657
108.92, 4656
108.97, 4655
110.24, 4654
111.95, 4653
113.90, 4652
116.06, 4651
118.70, 4650
121.43, 4649
123.22, 4648
123.23, 4647
125.86, 4646
127.40, 4645
127.84, 4644
127.94, 4643
129.23, 4642
129.41, 4641
131.17, 4640
133.16, 4639
133.17, 4638
134.48, 4637
139.05, 4636
144.69, 4635
145.54, 4634
146.88, 4633
151.71, 4632
152.71, 4631
153.43, 4630
158.50, 4629
161.33, 4628
164.94, 4627
166.05, 4626
