14.35, 4697
14.57, 4696
58.46, 4695
59.44, 4694
63.43, 4693
64.14, 4692
66.02, 4691
70.40, 4690
71.47, 4689
74.86, 4688
75.82, 4687
77.88, 4686
78.43, 4685
83.34, 4684
83.93, 4683
85.62, 4682
87.78, 4681
88.28, 4680
90.42, 4679
90.88, 4678
92.47, 4677
92.88, 4676
93.21, 4675
94.71, 4674
95.79, 4673
97.75, 4672
100.79, 4671
100.97, 4670
102.81, 4669
102.85, 4668
103.67, 4667
108.80, 4666
110.12, 4665
110.41, 4664
111.37, 4663
112.69, 4662
117.88, 4661
118.83, 4660
119.30, 4659
124.99, 4658
131.17, 4657
133.75, 4656
134.35, 4655
136.54, 4654
141.32, 4653
144.25, 4652
145.46, 4651
146.02, 4650
147.42, 4649
147.67, 4648
148.36, 4647
156.51, 4646
156.78, 4645
159.94, 4644
161.99, 4643
163.95, 4642
165.52, 4641
167.90, 4640
173.57, 4639
178.41, 4638
179.46, 4637
182.43, 4636
183.56, 4635
184.39, 4634
185.63, 4633
186.16, 4632
187.18, 4631
