12.45, 4697
54.54, 4696
55.50, 4695
55.55, 4694
56.01, 4693
56.47, 4692
57.16, 4691
64.42, 4690
66.14, 4689
66.76, 4688
68.87, 4687
68.93, 4686
68.96, 4685
69.09, 4684
70.39, 4683
72.42, 4682
73.14, 4681
77.45, 4680
78.95, 4679
79.98, 4678
80.42, 4677
81.50, 4676
84.53, 4675
87.39, 4674
89.37, 4673
90.23, 4672
90.82, 4671
91.13, 4670
94.10, 4669
94.22, 4668
95.42, 4667
95.47, 4666
96.64, 4665
101.89, 4664
102.25, 4663
104.55, 4662
105.46, 4661
105.56, 4660
106.05, 4659
108.37, 4658
111.21, 4657
113.18, 4656
113.30, 4655
115.12, 4654
115.17, 4653
115.70, 4652
116.01, 4651
118.49, 4650
121.29, 4649
122.91, 4648
124.36, 4647
124.51, 4646
127.74, 4645
133.37, 4644
133.39, 4643
137.21, 4642
137.47, 4641
142.71, 4640
145.09, 4639
145.46, 4638
146.00, 4637
147.32, 4636
147.88, 4635
148.14, 4634
150.67, 4633
160.21, 4632
163.74, 4631
164.09, 4630
168.72, 4629
169.80, 4628
170.10, 4627
170.44, 4626
