10.41, 4696
10.82, 4695
54.78, 4694
55.84, 4693
55.99, 4692
56.77, 4691
56.96, 4690
62.11, 4689
62.72, 4688
62.89, 4687
63.40, 4686
63.97, 4685
64.12, 4684
65.14, 4683
65.74, 4682
65.98, 4681
67.21, 4680
72.21, 4679
76.23, 4678
76.55, 4677
79.43, 4676
80.19, 4675
80.39, 4674
83.30, 4673
86.84, 4672
86.94, 4671
87.35, 4670
87.65, 4669
90.17, 4668
91.94, 4667
92.10, 4666
93.82, 4665
95.26, 4664
96.37, 4663
96.56, 4662
97.06, 4661
98.63, 4660
100.72, 4659
103.03, 4658
105.25, 4657
106.33, 4656
109.03, 4655
112.71, 4654
113.22, 4653
114.11, 4652
115.06, 4651
115.54, 4650
115.99, 4649
119.77, 4648
120.67, 4647
120.76, 4646
121.21, 4645
125.65, 4644
127.46, 4643
128.15, 4642
128.79, 4641
130.66, 4640
130.84, 4639
134.03, 4638
135.37, 4637
138.52, 4636
141.81, 4635
145.59, 4634
153.93, 4633
155.95, 4632
155.96, 4631
159.91, 4630
166.42, 4629
169.78, 4628
172.41, 4627
177.23, 4626
177.62, 4625
179.54, 4624
181.66, 4623
183.07, 4622
187.24, 4621
190.24, 4620
196.00, 4619
196.96, 4618
200.85, 4617
201.62, 4616
203.27, 4615
204.59, 4614
208.43, 4613
210.95, 4612
216.20, 4611
216.29, 4610
216.70, 4609
222.83, 4608
226.46, 4607
