44.66, 4696
44.70, 4695
45.14, 4694
45.55, 4693
48.99, 4692
50.34, 4691
50.36, 4690
54.10, 4689
55.05, 4688
55.75, 4687
56.33, 4686
60.16, 4685
60.18, 4684
60.67, 4683
61.94, 4682
66.72, 4681
67.79, 4680
67.97, 4679
72.83, 4678
72.92, 4677
76.88, 4676
76.94, 4675
77.06, 4674
77.94, 4673
78.99, 4672
79.61, 4671
82.11, 4670
82.67, 4669
83.55, 4668
83.92, 4667
83.93, 4666
84.13, 4665
86.42, 4664
89.18, 4663
90.78, 4662
91.59, 4661
93.04, 4660
93.85, 4659
94.50, 4658
94.80, 4657
98.26, 4656
98.36, 4655
98.45, 4654
98.59, 4653
102.07, 4652
102.91, 4651
103.67, 4650
103.94, 4649
105.56, 4648
112.02, 4647
113.44, 4646
116.60, 4645
117.80, 4644
120.62, 4643
121.48, 4642
121.84, 4641
126.47, 4640
127.66, 4639
127.78, 4638
128.12, 4637
133.20, 4636
134.25, 4635
143.26, 4634
145.71, 4633
146.86, 4632
148.81, 4631
157.35, 4630
160.58, 4629
168.77, 4628
169.37, 4627
171.21, 4626
172.63, 4625
174.56, 4624
176.58, 4623
177.05, 4622
177.99, 4621
184.56, 4620
192.63, 4619
194.30, 4618
197.51, 4617
198.80, 4616
201.34, 4615
203.93, 4614
208.49, 4613
214.68, 4612
215.32, 4611
216.73, 4610
217.24, 4609
218.84, 4608
223.45, 4607
223.91, 4606
230.63, 4605
231.62, 4604
