14.76, 4697
61.72, 4696
62.43, 4695
65.54, 4694
67.08, 4693
71.24, 4692
72.70, 4691
72.72, 4690
84.37, 4689
86.22, 4688
86.72, 4687
88.09, 4686
89.52, 4685
91.06, 4684
92.88, 4683
94.95, 4682
96.18, 4681
96.33, 4680
96.62, 4679
100.17, 4678
101.14, 4677
109.71, 4676
112.15, 4675
112.55, 4674
112.58, 4673
114.58, 4672
118.96, 4671
119.90, 4670
121.61, 4669
121.63, 4668
127.83, 4667
128.75, 4666
129.20, 4665
130.45, 4664
137.29, 4663
139.97, 4662
140.56, 4661
143.69, 4660
143.99, 4659
144.38, 4658
146.09, 4657
147.35, 4656
154.84, 4655
157.76, 4654
157.78, 4653
158.08, 4652
158.09, 4651
159.18, 4650
159.97, 4649
163.30, 4648
165.36, 4647
171.62, 4646
172.83, 4645
173.92, 4644
175.03, 4643
175.05, 4642
182.57, 4641
182.80, 4640
184.73, 4639
190.26, 4638
191.34, 4637
195.59, 4636
196.85, 4635
197.84, 4634
