11.45, 4697
11.70, 4696
58.34, 4695
59.22, 4694
60.69, 4693
61.05, 4692
61.99, 4691
62.95, 4690
63.56, 4689
65.61, 4688
66.76, 4687
67.04, 4686
68.78, 4685
68.84, 4684
69.05, 4683
69.80, 4682
70.10, 4681
70.34, 4680
70.70, 4679
72.75, 4678
72.81, 4677
74.18, 4676
74.76, 4675
75.21, 4674
76.40, 4673
78.46, 4672
78.83, 4671
79.20, 4670
80.01, 4669
80.03, 4668
81.62, 4667
84.03, 4666
85.51, 4665
88.14, 4664
91.46, 4663
93.78, 4662
93.95, 4661
94.37, 4660
94.58, 4659
95.21, 4658
96.51, 4657
98.13, 4656
100.19, 4655
101.22, 4654
106.63, 4653
108.21, 4652
111.84, 4651
112.77, 4650
113.63, 4649
113.74, 4648
117.70, 4647
117.96, 4646
118.67, 4645
118.73, 4644
119.66, 4643
120.74, 4642
121.63, 4641
128.84, 4640
133.80, 4639
140.58, 4638
142.68, 4637
147.96, 4636
150.70, 4635
155.65, 4634
157.35, 4633
163.87, 4632
164.61, 4631
165.79, 4630
167.05, 4629
169.14, 4628
