14.01, 4697
47.46, 4696
48.85, 4695
49.09, 4694
49.42, 4693
50.54, 4692
51.53, 4691
54.15, 4690
55.38, 4689
55.40, 4688
55.72, 4687
55.78, 4686
57.01, 4685
59.37, 4684
61.51, 4683
66.30, 4682
66.68, 4681
68.06, 4680
68.81, 4679
70.09, 4678
70.72, 4677
71.56, 4676
72.16, 4675
74.04, 4674
78.36, 4673
84.63, 4672
87.80, 4671
87.83, 4670
90.34, 4669
94.75, 4668
95.42, 4667
96.38, 4666
96.40, 4665
98.97, 4664
99.61, 4663
100.31, 4662
101.58, 4661
102.30, 4660
103.28, 4659
105.58, 4658
105.92, 4657
107.56, 4656
109.30, 4655
110.67, 4654
110.88, 4653
114.91, 4652
115.86, 4651
116.50, 4650
120.89, 4649
122.62, 4648
124.41, 4647
125.58, 4646
126.47, 4645
135.08, 4644
135.75, 4643
138.76, 4642
140.24, 4641
141.76, 4640
142.43, 4639
150.19, 4638
150.54, 4637
153.69, 4636
155.96, 4635
156.15, 4634
156.93, 4633
157.46, 4632
161.05, 4631
161.77, 4630
167.60, 4629
172.51, 4628
177.52, 4627
178.61, 4626
187.56, 4625
