57.70, 4696
62.47, 4695
64.01, 4694
67.67, 4693
67.95, 4692
68.30, 4691
70.37, 4690
75.13, 4689
76.82, 4688
77.63, 4687
77.78, 4686
78.19, 4685
79.67, 4684
80.47, 4683
81.51, 4682
84.44, 4681
85.05, 4680
86.62, 4679
92.14, 4678
92.63, 4677
93.30, 4676
96.76, 4675
98.66, 4674
100.24, 4673
103.69, 4672
104.31, 4671
105.57, 4670
105.81, 4669
105.85, 4668
106.09, 4667
108.52, 4666
108.73, 4665
110.07, 4664
111.17, 4663
111.37, 4662
115.51, 4661
115.52, 4660
115.72, 4659
116.55, 4658
116.65, 4657
118.96, 4656
123.56, 4655
123.68, 4654
124.42, 4653
125.10, 4652
131.84, 4651
136.12, 4650
136.78, 4649
137.15, 4648
137.40, 4647
141.70, 4646
144.00, 4645
144.31, 4644
146.05, 4643
148.48, 4642
151.22, 4641
155.85, 4640
156.12, 4639
160.78, 4638
161.55, 4637
162.42, 4636
166.80, 4635
167.89, 4634
169.38, 4633
175.38, 4632
175.41, 4631
177.80, 4630
178.63, 4629
183.52, 4628
187.33, 4627
190.39, 4626
190.58, 4625
194.58, 4624
195.31, 4623
195.71, 4622
198.38, 4621
198.87, 4620
201.25, 4619
201.41, 4618
207.08, 4617
207.98, 4616
208.73, 4615
210.23, 4614
213.41, 4613
213.90, 4612
214.91, 4611
217.99, 4610
220.15, 4609
222.04, 4608
222.61, 4607
230.12, 4606
231.63, 4605
231.65, 4604
233.64, 4603
233.96, 4602
234.11, 4601
238.53, 4600
