54.77, 4696
57.13, 4695
57.58, 4694
62.83, 4693
64.79, 4692
69.62, 4691
69.84, 4690
70.74, 4689
71.15, 4688
72.44, 4687
75.71, 4686
78.67, 4685
79.72, 4684
81.60, 4683
82.20, 4682
84.70, 4681
84.85, 4680
86.90, 4679
88.31, 4678
89.52, 4677
89.73, 4676
89.74, 4675
96.21, 4674
96.43, 4673
97.24, 4672
97.67, 4671
99.51, 4670
103.32, 4669
103.34, 4668
104.47, 4667
104.80, 4666
107.88, 4665
109.28, 4664
113.49, 4663
114.76, 4662
118.04, 4661
120.42, 4660
121.99, 4659
122.53, 4658
125.77, 4657
126.52, 4656
127.21, 4655
127.82, 4654
129.67, 4653
133.35, 4652
137.08, 4651
137.84, 4650
140.10, 4649
140.31, 4648
145.35, 4647
146.23, 4646
147.19, 4645
147.77, 4644
150.00, 4643
151.36, 4642
152.40, 4641
152.77, 4640
158.60, 4639
161.50, 4638
161.59, 4637
162.10, 4636
166.69, 4635
167.39, 4634
172.98, 4633
173.08, 4632
177.42, 4631
188.97, 4630
192.93, 4629
197.74, 4628
203.53, 4627
204.40, 4626
207.69, 4625
210.86, 4624
211.58, 4623
212.94, 4622
222.64, 4621
