42.26, 4696
42.49, 4695
42.75, 4694
43.83, 4693
48.71, 4692
52.10, 4691
52.30, 4690
53.23, 4689
57.94, 4688
61.61, 4687
61.96, 4686
61.99, 4685
62.25, 4684
65.02, 4683
65.60, 4682
70.25, 4681
71.01, 4680
74.01, 4679
74.75, 4678
76.55, 4677
77.77, 4676
78.65, 4675
81.26, 4674
84.36, 4673
84.66, 4672
85.81, 4671
88.67, 4670
88.69, 4669
90.03, 4668
90.04, 4667
91.19, 4666
91.88, 4665
93.43, 4664
93.84, 4663
95.36, 4662
95.49, 4661
96.91, 4660
97.32, 4659
101.05, 4658
104.32, 4657
106.15, 4656
107.24, 4655
108.88, 4654
109.29, 4653
109.83, 4652
111.33, 4651
111.60, 4650
112.64, 4649
117.96, 4648
118.66, 4647
121.39, 4646
121.55, 4645
121.89, 4644
123.17, 4643
124.39, 4642
126.94, 4641
127.56, 4640
129.16, 4639
130.01, 4638
142.08, 4637
148.10, 4636
150.04, 4635
151.88, 4634
153.95, 4633
157.61, 4632
160.87, 4631
167.98, 4630
168.12, 4629
175.10, 4628
179.86, 4627
180.81, 4626
180.99, 4625
184.92, 4624
189.84, 4623
192.51, 4622
198.51, 4621
202.09, 4620
207.95, 4619
212.15, 4618
213.42, 4617
217.10, 4616
217.83, 4615
223.12, 4614
226.48, 4613
228.12, 4612
