51.39, 4696
53.56, 4695
53.66, 4694
55.32, 4693
59.41, 4692
59.58, 4691
59.67, 4690
62.17, 4689
62.84, 4688
64.59, 4687
65.69, 4686
66.25, 4685
66.85, 4684
67.58, 4683
68.08, 4682
68.48, 4681
69.47, 4680
69.77, 4679
72.28, 4678
73.82, 4677
77.37, 4676
79.36, 4675
79.86, 4674
80.64, 4673
80.76, 4672
81.75, 4671
84.54, 4670
84.94, 4669
84.94, 4668
87.10, 4667
87.64, 4666
88.66, 4665
90.50, 4664
90.63, 4663
91.45, 4662
91.76, 4661
93.52, 4660
94.34, 4659
95.74, 4658
97.68, 4657
100.86, 4656
103.53, 4655
104.05, 4654
106.01, 4653
107.72, 4652
108.02, 4651
108.27, 4650
110.69, 4649
110.83, 4648
112.52, 4647
116.67, 4646
117.91, 4645
118.15, 4644
118.44, 4643
119.24, 4642
119.65, 4641
119.76, 4640
119.96, 4639
122.57, 4638
123.08, 4637
124.12, 4636
145.10, 4635
145.64, 4634
147.68, 4633
148.41, 4632
148.88, 4631
150.66, 4630
152.63, 4629
153.79, 4628
154.25, 4627
156.05, 4626
156.46, 4625
158.51, 4624
158.67, 4623
160.33, 4622
162.12, 4621
163.04, 4620
163.78, 4619
165.36, 4618
166.86, 4617
167.62, 4616
171.33, 4615
178.51, 4614
184.94, 4613
187.37, 4612
191.55, 4611
197.87, 4610
198.88, 4609
201.31, 4608
202.64, 4607
202.86, 4606
210.12, 4605
212.70, 4604
213.61, 4603
215.36, 4602
217.87, 4601
223.01, 4600
