10.44, 4697
55.84, 4696
57.47, 4695
58.08, 4694
58.61, 4693
59.15, 4692
60.00, 4691
60.34, 4690
61.30, 4689
61.79, 4688
63.39, 4687
63.46, 4686
64.28, 4685
66.49, 4684
67.10, 4683
71.19, 4682
74.48, 4681
74.69, 4680
78.22, 4679
79.19, 4678
79.26, 4677
80.25, 4676
80.57, 4675
81.10, 4674
81.88, 4673
83.08, 4672
83.98, 4671
86.14, 4670
86.38, 4669
87.16, 4668
87.75, 4667
87.84, 4666
89.73, 4665
97.40, 4664
106.09, 4663
106.69, 4662
107.34, 4661
110.58, 4660
111.33, 4659
112.37, 4658
113.35, 4657
114.43, 4656
117.36, 4655
117.84, 4654
119.76, 4653
123.57, 4652
123.82, 4651
124.43, 4650
126.39, 4649
126.44, 4648
126.90, 4647
129.76, 4646
131.48, 4645
132.61, 4644
133.04, 4643
137.64, 4642
138.45, 4641
138.58, 4640
139.41, 4639
141.16, 4638
143.76, 4637
146.48, 4636
147.24, 4635
147.49, 4634
153.86, 4633
158.99, 4632
160.42, 4631
161.01, 4630
161.47, 4629
161.85, 4628
161.88, 4627
163.82, 4626
