37.57, 4696
38.01, 4695
44.40, 4694
45.26, 4693
48.23, 4692
48.23, 4691
49.42, 4690
49.43, 4689
49.87, 4688
50.60, 4687
50.73, 4686
50.79, 4685
52.01, 4684
52.17, 4683
53.28, 4682
53.78, 4681
57.31, 4680
61.38, 4679
64.89, 4678
67.13, 4677
67.44, 4676
67.99, 4675
68.60, 4674
72.30, 4673
72.97, 4672
73.53, 4671
74.08, 4670
76.26, 4669
76.35, 4668
76.64, 4667
76.65, 4666
78.33, 4665
83.22, 4664
84.54, 4663
86.63, 4662
86.86, 4661
89.54, 4660
89.82, 4659
91.30, 4658
91.91, 4657
92.36, 4656
93.17, 4655
94.47, 4654
95.07, 4653
95.43, 4652
96.39, 4651
97.38, 4650
98.34, 4649
101.42, 4648
103.92, 4647
107.41, 4646
113.32, 4645
114.53, 4644
115.03, 4643
116.43, 4642
118.29, 4641
118.70, 4640
119.13, 4639
120.64, 4638
121.69, 4637
122.05, 4636
122.85, 4635
126.27, 4634
127.11, 4633
129.69, 4632
131.05, 4631
131.24, 4630
133.26, 4629
133.28, 4628
135.91, 4627
139.85, 4626
139.87, 4625
144.85, 4624
148.12, 4623
148.83, 4622
155.13, 4621
157.94, 4620
162.49, 4619
164.26, 4618
168.12, 4617
170.70, 4616
171.33, 4615
174.75, 4614
175.70, 4613
179.43, 4612
183.96, 4611
189.60, 4610
193.59, 4609
195.83, 4608
199.39, 4607
199.80, 4606
200.14, 4605
202.29, 4604
204.20, 4603
211.72, 4602
213.11, 4601
215.04, 4600
216.52, 4599
221.92, 4598
225.03, 4597
