10.94, 4697
64.69, 4696
65.56, 4695
65.61, 4694
66.05, 4693
67.82, 4692
69.08, 4691
71.11, 4690
72.07, 4689
74.08, 4688
77.95, 4687
78.88, 4686
78.98, 4685
79.12, 4684
81.46, 4683
83.91, 4682
88.36, 4681
89.05, 4680
90.69, 4679
90.82, 4678
94.25, 4677
95.21, 4676
96.76, 4675
96.87, 4674
97.10, 4673
97.68, 4672
98.25, 4671
101.82, 4670
105.17, 4669
105.95, 4668
110.22, 4667
110.62, 4666
111.39, 4665
113.16, 4664
117.31, 4663
118.20, 4662
119.92, 4661
120.17, 4660
120.66, 4659
122.15, 4658
122.62, 4657
123.62, 4656
123.87, 4655
127.46, 4654
128.37, 4653
130.59, 4652
132.34, 4651
139.32, 4650
140.28, 4649
143.21, 4648
144.23, 4647
144.69, 4646
146.93, 4645
148.05, 4644
152.98, 4643
153.57, 4642
154.59, 4641
155.66, 4640
156.98, 4639
164.26, 4638
166.92, 4637
169.75, 4636
172.66, 4635
