15.15, 4697
70.15, 4696
70.67, 4695
71.43, 4694
72.79, 4693
73.04, 4692
75.23, 4691
75.51, 4690
76.84, 4689
76.94, 4688
78.46, 4687
80.77, 4686
81.59, 4685
84.11, 4684
87.44, 4683
88.15, 4682
89.02, 4681
90.55, 4680
94.23, 4679
96.15, 4678
97.90, 4677
99.44, 4676
100.04, 4675
100.30, 4674
102.53, 4673
104.33, 4672
104.91, 4671
106.75, 4670
107.56, 4669
109.13, 4668
112.91, 4667
112.92, 4666
115.18, 4665
116.52, 4664
118.06, 4663
118.58, 4662
118.95, 4661
122.59, 4660
124.62, 4659
129.70, 4658
134.19, 4657
134.26, 4656
135.29, 4655
136.49, 4654
136.57, 4653
137.02, 4652
138.81, 4651
142.28, 4650
146.25, 4649
154.12, 4648
154.58, 4647
155.62, 4646
160.69, 4645
162.23, 4644
163.77, 4643
164.70, 4642
166.15, 4641
169.97, 4640
174.62, 4639
177.93, 4638
183.35, 4637
183.69, 4636
185.04, 4635
188.38, 4634
194.72, 4633
