11.18, 4696
11.41, 4695
41.80, 4694
43.61, 4693
44.59, 4692
45.32, 4691
45.51, 4690
45.71, 4689
47.22, 4688
48.16, 4687
49.31, 4686
51.33, 4685
51.65, 4684
51.86, 4683
53.10, 4682
54.74, 4681
55.74, 4680
58.39, 4679
58.43, 4678
59.22, 4677
61.52, 4676
62.13, 4675
63.31, 4674
63.49, 4673
65.44, 4672
65.48, 4671
66.73, 4670
68.33, 4669
68.99, 4668
69.49, 4667
75.33, 4666
77.31, 4665
78.23, 4664
78.26, 4663
80.69, 4662
81.25, 4661
81.59, 4660
83.15, 4659
84.96, 4658
85.80, 4657
89.39, 4656
93.28, 4655
98.66, 4654
99.65, 4653
100.22, 4652
101.74, 4651
108.09, 4650
111.40, 4649
112.45, 4648
118.30, 4647
120.45, 4646
121.03, 4645
121.43, 4644
123.07, 4643
123.90, 4642
124.79, 4641
125.81, 4640
132.18, 4639
132.86, 4638
134.55, 4637
139.89, 4636
142.13, 4635
144.21, 4634
146.23, 4633
149.62, 4632
155.68, 4631
155.86, 4630
157.57, 4629
162.87, 4628
166.78, 4627
167.85, 4626
168.91, 4625
169.53, 4624
170.61, 4623
171.14, 4622
171.67, 4621
171.79, 4620
172.10, 4619
173.83, 4618
175.08, 4617
176.65, 4616
180.39, 4615
186.07, 4614
195.05, 4613
201.26, 4612
202.92, 4611
204.92, 4610
207.22, 4609
211.28, 4608
214.04, 4607
218.89, 4606
219.55, 4605
219.71, 4604
221.80, 4603
223.55, 4602
225.37, 4601
228.84, 4600
231.82, 4599
233.30, 4598
