11.88, 4696
40.56, 4695
41.01, 4694
41.01, 4693
51.04, 4692
53.91, 4691
53.96, 4690
59.61, 4689
60.09, 4688
61.33, 4687
61.82, 4686
63.17, 4685
66.84, 4684
68.15, 4683
68.77, 4682
72.75, 4681
77.17, 4680
82.88, 4679
85.23, 4678
85.32, 4677
85.55, 4676
85.59, 4675
85.68, 4674
86.49, 4673
88.18, 4672
88.99, 4671
89.67, 4670
92.57, 4669
94.35, 4668
95.27, 4667
99.87, 4666
100.03, 4665
100.07, 4664
100.52, 4663
102.09, 4662
102.72, 4661
105.20, 4660
105.88, 4659
106.41, 4658
107.85, 4657
108.52, 4656
108.55, 4655
109.54, 4654
111.31, 4653
113.17, 4652
115.22, 4651
117.62, 4650
120.83, 4649
122.53, 4648
122.53, 4647
124.69, 4646
126.00, 4645
126.37, 4644
126.50, 4643
127.54, 4642
127.67, 4641
129.12, 4640
130.66, 4639
130.68, 4638
131.74, 4637
135.81, 4636
140.80, 4635
141.44, 4634
142.68, 4633
147.49, 4632
148.46, 4631
149.07, 4630
153.36, 4629
156.12, 4628
159.39, 4627
160.21, 4626
161.92, 4625
162.18, 4624
164.08, 4623
165.61, 4622
175.16, 4621
176.08, 4620
180.05, 4619
182.45, 4618
186.48, 4617
194.53, 4616
197.49, 4615
198.30, 4614
199.43, 4613
200.54, 4612
204.12, 4611
205.15, 4610
206.90, 4609
209.37, 4608
212.04, 4607
212.79, 4606
219.97, 4605
223.49, 4604
230.69, 4603
230.88, 4602
