14.62, 4697
69.68, 4696
71.00, 4695
72.13, 4694
72.74, 4693
72.87, 4692
73.14, 4691
73.50, 4690
73.60, 4689
75.65, 4688
76.09, 4687
76.64, 4686
77.45, 4685
77.75, 4684
83.52, 4683
83.71, 4682
85.31, 4681
85.76, 4680
93.46, 4679
97.40, 4678
97.62, 4677
99.49, 4676
101.41, 4675
105.50, 4674
106.63, 4673
107.72, 4672
109.02, 4671
114.19, 4670
114.78, 4669
116.54, 4668
119.06, 4667
120.32, 4666
120.52, 4665
121.73, 4664
125.32, 4663
127.75, 4662
130.74, 4661
131.77, 4660
133.73, 4659
136.94, 4658
140.67, 4657
142.50, 4656
146.47, 4655
149.98, 4654
158.72, 4653
163.82, 4652
164.33, 4651
167.84, 4650
167.89, 4649
168.51, 4648
168.65, 4647
168.93, 4646
169.27, 4645
172.32, 4644
173.04, 4643
179.36, 4642
179.97, 4641
183.14, 4640
184.03, 4639
186.71, 4638
191.74, 4637
