11.54, 4697
49.94, 4696
50.59, 4695
51.10, 4694
52.35, 4693
52.86, 4692
57.04, 4691
58.70, 4690
59.59, 4689
60.76, 4688
68.68, 4687
75.25, 4686
76.71, 4685
77.20, 4684
78.10, 4683
79.20, 4682
79.73, 4681
81.01, 4680
85.13, 4679
85.58, 4678
87.58, 4677
90.59, 4676
91.09, 4675
93.24, 4674
94.78, 4673
96.07, 4672
101.51, 4671
104.60, 4670
106.86, 4669
108.99, 4668
109.92, 4667
110.41, 4666
110.59, 4665
111.31, 4664
113.48, 4663
114.38, 4662
114.73, 4661
114.97, 4660
119.11, 4659
120.57, 4658
121.77, 4657
122.60, 4656
123.61, 4655
127.75, 4654
128.57, 4653
131.31, 4652
132.91, 4651
133.48, 4650
134.15, 4649
137.31, 4648
141.48, 4647
142.00, 4646
142.90, 4645
145.10, 4644
145.80, 4643
145.97, 4642
147.54, 4641
148.14, 4640
149.33, 4639
149.34, 4638
161.43, 4637
164.37, 4636
165.63, 4635
165.85, 4634
167.02, 4633
169.48, 4632
171.50, 4631
175.04, 4630
