10.71, 4697
52.43, 4696
52.86, 4695
52.93, 4694
52.98, 4693
55.19, 4692
55.69, 4691
55.86, 4690
56.45, 4689
59.51, 4688
60.92, 4687
61.52, 4686
61.85, 4685
62.46, 4684
63.17, 4683
63.32, 4682
63.53, 4681
64.76, 4680
65.06, 4679
67.60, 4678
68.66, 4677
70.60, 4676
70.77, 4675
71.20, 4674
71.79, 4673
73.49, 4672
76.01, 4671
76.46, 4670
77.43, 4669
84.04, 4668
87.69, 4667
89.94, 4666
92.03, 4665
93.68, 4664
95.23, 4663
96.41, 4662
97.34, 4661
97.91, 4660
101.67, 4659
103.41, 4658
103.96, 4657
104.30, 4656
108.13, 4655
109.23, 4654
110.41, 4653
112.72, 4652
112.72, 4651
113.11, 4650
116.00, 4649
117.22, 4648
118.44, 4647
119.62, 4646
121.08, 4645
122.09, 4644
124.05, 4643
124.58, 4642
125.45, 4641
126.89, 4640
128.50, 4639
129.39, 4638
129.54, 4637
133.21, 4636
134.72, 4635
137.10, 4634
142.22, 4633
143.46, 4632
143.93, 4631
146.84, 4630
150.34, 4629
151.22, 4628
152.52, 4627
153.07, 4626
155.85, 4625
156.43, 4624
