13.99, 4697
69.29, 4696
69.71, 4695
77.07, 4694
77.40, 4693
77.55, 4692
79.41, 4691
81.16, 4690
83.83, 4689
85.16, 4688
85.80, 4687
85.88, 4686
89.57, 4685
89.88, 4684
90.21, 4683
90.99, 4682
96.31, 4681
97.44, 4680
97.67, 4679
100.09, 4678
101.47, 4677
103.62, 4676
104.29, 4675
105.07, 4674
107.19, 4673
107.43, 4672
108.79, 4671
109.63, 4670
115.31, 4669
116.12, 4668
117.02, 4667
117.27, 4666
117.37, 4665
118.92, 4664
120.10, 4663
122.42, 4662
122.65, 4661
124.01, 4660
125.45, 4659
127.18, 4658
127.52, 4657
128.06, 4656
131.44, 4655
133.08, 4654
134.49, 4653
136.92, 4652
137.71, 4651
139.81, 4650
142.30, 4649
142.95, 4648
143.05, 4647
146.60, 4646
151.90, 4645
153.37, 4644
159.41, 4643
159.83, 4642
164.25, 4641
164.70, 4640
176.78, 4639
177.14, 4638
179.24, 4637
183.12, 4636
183.63, 4635
183.68, 4634
184.71, 4633
186.40, 4632
189.29, 4631
