10.33, 4697
53.29, 4696
55.43, 4695
55.83, 4694
61.25, 4693
63.29, 4692
67.77, 4691
67.96, 4690
68.73, 4689
69.08, 4688
70.30, 4687
73.03, 4686
76.11, 4685
77.20, 4684
79.10, 4683
79.63, 4682
82.15, 4681
82.27, 4680
84.61, 4679
86.04, 4678
87.28, 4677
87.56, 4676
87.57, 4675
95.18, 4674
95.42, 4673
96.26, 4672
96.78, 4671
99.00, 4670
103.83, 4669
103.86, 4668
105.39, 4667
105.81, 4666
109.66, 4665
111.13, 4664
115.53, 4663
116.95, 4662
120.64, 4661
123.88, 4660
125.88, 4659
126.65, 4658
130.82, 4657
131.71, 4656
132.57, 4655
133.37, 4654
135.54, 4653
140.45, 4652
145.77, 4651
146.81, 4650
149.71, 4649
149.95, 4648
155.95, 4647
157.12, 4646
158.48, 4645
159.13, 4644
162.24, 4643
164.02, 4642
165.30, 4641
165.76, 4640
