12.11, 4697
65.37, 4696
65.90, 4695
66.01, 4694
68.31, 4693
69.32, 4692
70.15, 4691
70.65, 4690
71.66, 4689
72.76, 4688
74.65, 4687
76.03, 4686
77.11, 4685
78.59, 4684
79.38, 4683
79.66, 4682
80.52, 4681
80.90, 4680
82.31, 4679
83.66, 4678
83.79, 4677
84.30, 4676
87.13, 4675
87.56, 4674
87.98, 4673
88.24, 4672
88.30, 4671
88.88, 4670
89.25, 4669
90.21, 4668
90.23, 4667
90.69, 4666
91.35, 4665
91.83, 4664
93.91, 4663
96.01, 4662
97.91, 4661
100.60, 4660
102.57, 4659
102.68, 4658
103.36, 4657
104.10, 4656
105.35, 4655
111.67, 4654
112.18, 4653
112.74, 4652
113.14, 4651
113.29, 4650
114.98, 4649
116.27, 4648
123.52, 4647
124.57, 4646
124.92, 4645
126.92, 4644
130.03, 4643
133.66, 4642
134.18, 4641
143.09, 4640
143.51, 4639
144.37, 4638
144.97, 4637
145.31, 4636
146.52, 4635
146.81, 4634
147.13, 4633
150.37, 4632
151.87, 4631
153.26, 4630
154.53, 4629
154.92, 4628
155.32, 4627
159.93, 4626
165.45, 4625
165.78, 4624
166.70, 4623
167.57, 4622
