11.33, 4697
57.61, 4696
58.51, 4695
60.03, 4694
60.25, 4693
62.34, 4692
62.95, 4691
65.56, 4690
65.60, 4689
66.56, 4688
66.71, 4687
67.70, 4686
68.38, 4685
69.95, 4684
70.01, 4683
72.00, 4682
73.10, 4681
74.34, 4680
74.35, 4679
74.78, 4678
74.80, 4677
75.23, 4676
77.57, 4675
77.91, 4674
78.40, 4673
79.86, 4672
80.49, 4671
81.51, 4670
82.91, 4669
83.64, 4668
86.99, 4667
88.86, 4666
90.78, 4665
92.67, 4664
93.09, 4663
94.23, 4662
95.24, 4661
96.16, 4660
96.86, 4659
98.30, 4658
99.08, 4657
99.35, 4656
100.55, 4655
101.44, 4654
103.67, 4653
104.01, 4652
107.56, 4651
110.86, 4650
114.52, 4649
115.01, 4648
117.60, 4647
119.13, 4646
119.85, 4645
120.71, 4644
121.81, 4643
122.06, 4642
124.21, 4641
124.94, 4640
125.05, 4639
125.57, 4638
127.79, 4637
131.57, 4636
133.41, 4635
133.63, 4634
135.38, 4633
137.86, 4632
139.10, 4631
140.69, 4630
143.23, 4629
144.99, 4628
152.38, 4627
152.73, 4626
153.53, 4625
156.80, 4624
162.27, 4623
