10.96, 4697
11.49, 4696
44.90, 4695
45.88, 4694
46.08, 4693
48.69, 4692
48.98, 4691
52.48, 4690
54.95, 4689
55.02, 4688
55.12, 4687
55.38, 4686
55.86, 4685
56.13, 4684
57.75, 4683
59.81, 4682
60.26, 4681
60.29, 4680
61.59, 4679
64.54, 4678
65.32, 4677
67.12, 4676
67.57, 4675
67.90, 4674
71.53, 4673
72.46, 4672
73.47, 4671
75.89, 4670
78.00, 4669
79.54, 4668
79.70, 4667
80.04, 4666
80.75, 4665
84.93, 4664
85.80, 4663
87.58, 4662
88.06, 4661
90.19, 4660
90.39, 4659
92.52, 4658
93.89, 4657
96.33, 4656
97.26, 4655
98.43, 4654
99.29, 4653
100.45, 4652
103.34, 4651
103.75, 4650
104.92, 4649
105.40, 4648
109.39, 4647
109.62, 4646
116.12, 4645
117.11, 4644
122.32, 4643
124.97, 4642
127.21, 4641
129.31, 4640
129.90, 4639
135.02, 4638
141.43, 4637
141.84, 4636
145.54, 4635
148.15, 4634
152.95, 4633
153.67, 4632
157.25, 4631
159.66, 4630
162.28, 4629
